[12/05/22 21:23:09:4010286] [INFO ]: Logging started
[12/05/22 21:23:09:4117118] [INFO ]: Starting Spooler receive
[12/05/22 21:23:09:4140204] [INFO ]: Load Balancer server start
[12/05/22 21:23:09:4144415] [INFO ]: Load Balancer Client Accept Thread Start
[12/05/22 21:23:09:4155670] [DEBUG]: Recieving packet from Spooler of len 2
[12/05/22 21:23:09:4156897] [INFO ]: Waiting for client to connect
[12/05/22 21:23:09:4159291] [INFO ]: Recieving servers from spooler
[12/05/22 21:23:09:4160677] [INFO ]: Recieve server done
[12/05/22 21:23:09:4161436] [INFO ]: Replying to spooler
[12/05/22 21:23:09:5837854] [DEBUG]: Recieving packet from Spooler of len 9
[12/05/22 21:23:09:5839888] [INFO ]: Recieving servers from spooler
[12/05/22 21:23:09:5844395] [DEBUG]: Recieved server: 127.0.0.1:10123 - 0
[12/05/22 21:23:09:5845690] [INFO ]: Recieve server done
[12/05/22 21:23:09:5846465] [INFO ]: Replying to spooler
[12/05/22 21:23:09:6446908] [DEBUG]: Recieving packet from Spooler of len 9
[12/05/22 21:23:09:6449617] [INFO ]: Recieving servers from spooler
[12/05/22 21:23:09:6450865] [DEBUG]: Recieved server: 127.0.0.1:10123 - 0
[12/05/22 21:23:09:6451842] [INFO ]: Recieve server done
[12/05/22 21:23:09:6452686] [INFO ]: Replying to spooler
[12/05/22 21:23:09:7058051] [DEBUG]: Recieving packet from Spooler of len 9
[12/05/22 21:23:09:7060381] [INFO ]: Recieving servers from spooler
[12/05/22 21:23:09:7061471] [DEBUG]: Recieved server: 127.0.0.1:10123 - 0
[12/05/22 21:23:09:7062447] [INFO ]: Recieve server done
[12/05/22 21:23:09:7063385] [INFO ]: Replying to spooler
[12/05/22 21:23:09:7675328] [DEBUG]: Recieving packet from Spooler of len 9
[12/05/22 21:23:09:7678420] [INFO ]: Recieving servers from spooler
[12/05/22 21:23:09:7679768] [DEBUG]: Recieved server: 127.0.0.1:10123 - 0
[12/05/22 21:23:09:7680680] [INFO ]: Recieve server done
[12/05/22 21:23:09:7681482] [INFO ]: Replying to spooler
[12/05/22 21:23:09:8296085] [DEBUG]: Recieving packet from Spooler of len 9
[12/05/22 21:23:09:8300608] [INFO ]: Recieving servers from spooler
[12/05/22 21:23:09:8302862] [DEBUG]: Recieved server: 127.0.0.1:10123 - 0
[12/05/22 21:23:09:8305070] [INFO ]: Recieve server done
[12/05/22 21:23:09:8307280] [INFO ]: Replying to spooler
[12/05/22 21:23:09:8911248] [DEBUG]: Recieving packet from Spooler of len 9
[12/05/22 21:23:09:8921908] [INFO ]: Recieving servers from spooler
[12/05/22 21:23:09:8924065] [DEBUG]: Recieved server: 127.0.0.1:10123 - 0
[12/05/22 21:23:09:8926396] [INFO ]: Recieve server done
[12/05/22 21:23:09:8928621] [INFO ]: Replying to spooler
[12/05/22 21:23:09:9525704] [DEBUG]: Recieving packet from Spooler of len 9
[12/05/22 21:23:09:9529706] [INFO ]: Recieving servers from spooler
[12/05/22 21:23:09:9531663] [DEBUG]: Recieved server: 127.0.0.1:10123 - 0
[12/05/22 21:23:09:9533416] [INFO ]: Recieve server done
[12/05/22 21:23:09:9535073] [INFO ]: Replying to spooler
[12/05/22 21:23:10:0136285] [DEBUG]: Recieving packet from Spooler of len 9
[12/05/22 21:23:10:0148241] [INFO ]: Recieving servers from spooler
[12/05/22 21:23:10:0150823] [DEBUG]: Recieved server: 127.0.0.1:10123 - 0
[12/05/22 21:23:10:0152524] [INFO ]: Recieve server done
[12/05/22 21:23:10:0154127] [INFO ]: Replying to spooler
[12/05/22 21:23:10:0751274] [DEBUG]: Recieving packet from Spooler of len 9
[12/05/22 21:23:10:0757009] [INFO ]: Recieving servers from spooler
[12/05/22 21:23:10:0759436] [DEBUG]: Recieved server: 127.0.0.1:10123 - 0
[12/05/22 21:23:10:0761608] [INFO ]: Recieve server done
[12/05/22 21:23:10:0763434] [INFO ]: Replying to spooler
[12/05/22 21:23:10:1367035] [DEBUG]: Recieving packet from Spooler of len 9
[12/05/22 21:23:10:1372924] [INFO ]: Recieving servers from spooler
[12/05/22 21:23:10:1375354] [DEBUG]: Recieved server: 127.0.0.1:10123 - 0
[12/05/22 21:23:10:1377116] [INFO ]: Recieve server done
[12/05/22 21:23:10:1378688] [INFO ]: Replying to spooler
[12/05/22 21:23:10:1986523] [DEBUG]: Recieving packet from Spooler of len 9
[12/05/22 21:23:10:1993173] [INFO ]: Recieving servers from spooler
[12/05/22 21:23:10:1995460] [DEBUG]: Recieved server: 127.0.0.1:10123 - 0
[12/05/22 21:23:10:1997155] [INFO ]: Recieve server done
[12/05/22 21:23:10:1998769] [INFO ]: Replying to spooler
[12/05/22 21:23:10:2602939] [DEBUG]: Recieving packet from Spooler of len 9
[12/05/22 21:23:10:2606487] [INFO ]: Recieving servers from spooler
[12/05/22 21:23:10:2608632] [DEBUG]: Recieved server: 127.0.0.1:10123 - 0
[12/05/22 21:23:10:2610539] [INFO ]: Recieve server done
[12/05/22 21:23:10:2613512] [INFO ]: Replying to spooler
[12/05/22 21:23:10:3223329] [DEBUG]: Recieving packet from Spooler of len 9
[12/05/22 21:23:10:3234858] [INFO ]: Recieving servers from spooler
[12/05/22 21:23:10:3240908] [DEBUG]: Recieved server: 127.0.0.1:10123 - 0
[12/05/22 21:23:10:3243188] [INFO ]: Recieve server done
[12/05/22 21:23:10:3244917] [INFO ]: Replying to spooler
[12/05/22 21:23:10:3840596] [DEBUG]: Recieving packet from Spooler of len 9
[12/05/22 21:23:10:3843817] [INFO ]: Recieving servers from spooler
[12/05/22 21:23:10:3845869] [DEBUG]: Recieved server: 127.0.0.1:10123 - 0
[12/05/22 21:23:10:3847547] [INFO ]: Recieve server done
[12/05/22 21:23:10:3849068] [INFO ]: Replying to spooler
[12/05/22 21:23:10:4456272] [DEBUG]: Recieving packet from Spooler of len 9
[12/05/22 21:23:10:4469446] [INFO ]: Recieving servers from spooler
[12/05/22 21:23:10:4471286] [DEBUG]: Recieved server: 127.0.0.1:10123 - 0
[12/05/22 21:23:10:4472955] [INFO ]: Recieve server done
[12/05/22 21:23:10:4474511] [INFO ]: Replying to spooler
[12/05/22 21:23:10:5077868] [DEBUG]: Recieving packet from Spooler of len 9
[12/05/22 21:23:10:5080957] [INFO ]: Recieving servers from spooler
[12/05/22 21:23:10:5083846] [DEBUG]: Recieved server: 127.0.0.1:10123 - 0
[12/05/22 21:23:10:5085646] [INFO ]: Recieve server done
[12/05/22 21:23:10:5087273] [INFO ]: Replying to spooler
[12/05/22 21:23:10:5693663] [DEBUG]: Recieving packet from Spooler of len 9
[12/05/22 21:23:10:5704543] [INFO ]: Recieving servers from spooler
[12/05/22 21:23:10:5706583] [DEBUG]: Recieved server: 127.0.0.1:10123 - 0
[12/05/22 21:23:10:5708315] [INFO ]: Recieve server done
[12/05/22 21:23:10:5709924] [INFO ]: Replying to spooler
[12/05/22 21:23:10:6311748] [DEBUG]: Recieving packet from Spooler of len 9
[12/05/22 21:23:10:6317916] [INFO ]: Recieving servers from spooler
[12/05/22 21:23:10:6320243] [DEBUG]: Recieved server: 127.0.0.1:10123 - 0
[12/05/22 21:23:10:6322458] [INFO ]: Recieve server done
[12/05/22 21:23:10:6324372] [INFO ]: Replying to spooler
[12/05/22 21:23:10:6930714] [DEBUG]: Recieving packet from Spooler of len 9
[12/05/22 21:23:10:6934410] [INFO ]: Recieving servers from spooler
[12/05/22 21:23:10:6936327] [DEBUG]: Recieved server: 127.0.0.1:10123 - 0
[12/05/22 21:23:10:6938184] [INFO ]: Recieve server done
[12/05/22 21:23:10:6939910] [INFO ]: Replying to spooler
[12/05/22 21:23:10:7548926] [DEBUG]: Recieving packet from Spooler of len 9
[12/05/22 21:23:10:7554984] [INFO ]: Recieving servers from spooler
[12/05/22 21:23:10:7556999] [DEBUG]: Recieved server: 127.0.0.1:10123 - 0
[12/05/22 21:23:10:7558716] [INFO ]: Recieve server done
[12/05/22 21:23:10:7560298] [INFO ]: Replying to spooler
[12/05/22 21:23:10:8169191] [DEBUG]: Recieving packet from Spooler of len 9
[12/05/22 21:23:10:8176106] [INFO ]: Recieving servers from spooler
[12/05/22 21:23:10:8178194] [DEBUG]: Recieved server: 127.0.0.1:10123 - 0
[12/05/22 21:23:10:8180194] [INFO ]: Recieve server done
[12/05/22 21:23:10:8182071] [INFO ]: Replying to spooler
[12/05/22 21:23:10:8785953] [DEBUG]: Recieving packet from Spooler of len 9
[12/05/22 21:23:10:8791900] [INFO ]: Recieving servers from spooler
[12/05/22 21:23:10:8794688] [DEBUG]: Recieved server: 127.0.0.1:10123 - 0
[12/05/22 21:23:10:8797100] [INFO ]: Recieve server done
[12/05/22 21:23:10:8799113] [INFO ]: Replying to spooler
[12/05/22 21:23:10:9404637] [DEBUG]: Recieving packet from Spooler of len 9
[12/05/22 21:23:10:9413348] [INFO ]: Recieving servers from spooler
[12/05/22 21:23:10:9417055] [DEBUG]: Recieved server: 127.0.0.1:10123 - 0
[12/05/22 21:23:10:9420037] [INFO ]: Recieve server done
[12/05/22 21:23:10:9423660] [INFO ]: Replying to spooler
[12/05/22 21:23:11:0022327] [DEBUG]: Recieving packet from Spooler of len 9
[12/05/22 21:23:11:0026624] [INFO ]: Recieving servers from spooler
[12/05/22 21:23:11:0028827] [DEBUG]: Recieved server: 127.0.0.1:10123 - 0
[12/05/22 21:23:11:0032144] [INFO ]: Recieve server done
[12/05/22 21:23:11:0034005] [INFO ]: Replying to spooler
[12/05/22 21:23:11:0641227] [DEBUG]: Recieving packet from Spooler of len 9
[12/05/22 21:23:11:0644741] [INFO ]: Recieving servers from spooler
[12/05/22 21:23:11:0647278] [DEBUG]: Recieved server: 127.0.0.1:10123 - 0
[12/05/22 21:23:11:0649674] [INFO ]: Recieve server done
[12/05/22 21:23:11:0651930] [INFO ]: Replying to spooler
[12/05/22 21:23:11:1259866] [DEBUG]: Recieving packet from Spooler of len 9
[12/05/22 21:23:11:1263662] [INFO ]: Recieving servers from spooler
[12/05/22 21:23:11:1265942] [DEBUG]: Recieved server: 127.0.0.1:10123 - 0
[12/05/22 21:23:11:1267973] [INFO ]: Recieve server done
[12/05/22 21:23:11:1269928] [INFO ]: Replying to spooler
[12/05/22 21:23:11:1880910] [DEBUG]: Recieving packet from Spooler of len 9
[12/05/22 21:23:11:1886192] [INFO ]: Recieving servers from spooler
[12/05/22 21:23:11:1888017] [DEBUG]: Recieved server: 127.0.0.1:10123 - 0
[12/05/22 21:23:11:1890088] [INFO ]: Recieve server done
[12/05/22 21:23:11:1892022] [INFO ]: Replying to spooler
[12/05/22 21:23:11:2501391] [DEBUG]: Recieving packet from Spooler of len 9
[12/05/22 21:23:11:2506266] [INFO ]: Recieving servers from spooler
[12/05/22 21:23:11:2508394] [DEBUG]: Recieved server: 127.0.0.1:10123 - 0
[12/05/22 21:23:11:2510366] [INFO ]: Recieve server done
[12/05/22 21:23:11:2512660] [INFO ]: Replying to spooler
[12/05/22 21:23:11:3116233] [DEBUG]: Recieving packet from Spooler of len 9
[12/05/22 21:23:11:3123067] [INFO ]: Recieving servers from spooler
[12/05/22 21:23:11:3125278] [DEBUG]: Recieved server: 127.0.0.1:10123 - 0
[12/05/22 21:23:11:3127150] [INFO ]: Recieve server done
[12/05/22 21:23:11:3128884] [INFO ]: Replying to spooler
[12/05/22 21:23:11:3737545] [DEBUG]: Recieving packet from Spooler of len 9
[12/05/22 21:23:11:3742409] [INFO ]: Recieving servers from spooler
[12/05/22 21:23:11:3744714] [DEBUG]: Recieved server: 127.0.0.1:10123 - 0
[12/05/22 21:23:11:3746978] [INFO ]: Recieve server done
[12/05/22 21:23:11:3748626] [INFO ]: Replying to spooler
[12/05/22 21:23:11:4357713] [DEBUG]: Recieving packet from Spooler of len 9
[12/05/22 21:23:11:4361275] [INFO ]: Recieving servers from spooler
[12/05/22 21:23:11:4363401] [DEBUG]: Recieved server: 127.0.0.1:10123 - 0
[12/05/22 21:23:11:4365358] [INFO ]: Recieve server done
[12/05/22 21:23:11:4367388] [INFO ]: Replying to spooler
[12/05/22 21:23:11:4975874] [DEBUG]: Recieving packet from Spooler of len 9
[12/05/22 21:23:11:4979808] [INFO ]: Recieving servers from spooler
[12/05/22 21:23:11:4981573] [DEBUG]: Recieved server: 127.0.0.1:10123 - 0
[12/05/22 21:23:11:4983342] [INFO ]: Recieve server done
[12/05/22 21:23:11:4985145] [INFO ]: Replying to spooler
[12/05/22 21:23:11:5593481] [DEBUG]: Recieving packet from Spooler of len 9
[12/05/22 21:23:11:5597178] [INFO ]: Recieving servers from spooler
[12/05/22 21:23:11:5599551] [DEBUG]: Recieved server: 127.0.0.1:10123 - 0
[12/05/22 21:23:11:5601495] [INFO ]: Recieve server done
[12/05/22 21:23:11:5603189] [INFO ]: Replying to spooler
[12/05/22 21:23:11:6210524] [DEBUG]: Recieving packet from Spooler of len 9
[12/05/22 21:23:11:6216990] [INFO ]: Recieving servers from spooler
[12/05/22 21:23:11:6219323] [DEBUG]: Recieved server: 127.0.0.1:10123 - 0
[12/05/22 21:23:11:6221650] [INFO ]: Recieve server done
[12/05/22 21:23:11:6223307] [INFO ]: Replying to spooler
[12/05/22 21:23:11:6830776] [DEBUG]: Recieving packet from Spooler of len 9
[12/05/22 21:23:11:6836220] [INFO ]: Recieving servers from spooler
[12/05/22 21:23:11:6838446] [DEBUG]: Recieved server: 127.0.0.1:10123 - 0
[12/05/22 21:23:11:6840841] [INFO ]: Recieve server done
[12/05/22 21:23:11:6842982] [INFO ]: Replying to spooler
[12/05/22 21:23:11:7446269] [DEBUG]: Recieving packet from Spooler of len 9
[12/05/22 21:23:11:7456446] [INFO ]: Recieving servers from spooler
[12/05/22 21:23:11:7460355] [DEBUG]: Recieved server: 127.0.0.1:10123 - 0
[12/05/22 21:23:11:7462205] [INFO ]: Recieve server done
[12/05/22 21:23:11:7463835] [INFO ]: Replying to spooler
[12/05/22 21:23:11:8058001] [DEBUG]: Recieving packet from Spooler of len 9
[12/05/22 21:23:11:8063391] [INFO ]: Recieving servers from spooler
[12/05/22 21:23:11:8065569] [DEBUG]: Recieved server: 127.0.0.1:10123 - 0
[12/05/22 21:23:11:8067283] [INFO ]: Recieve server done
[12/05/22 21:23:11:8069017] [INFO ]: Replying to spooler
[12/05/22 21:23:11:8678707] [DEBUG]: Recieving packet from Spooler of len 9
[12/05/22 21:23:11:8683293] [INFO ]: Recieving servers from spooler
[12/05/22 21:23:11:8685807] [DEBUG]: Recieved server: 127.0.0.1:10123 - 0
[12/05/22 21:23:11:8687940] [INFO ]: Recieve server done
[12/05/22 21:23:11:8689722] [INFO ]: Replying to spooler
[12/05/22 21:23:11:9299217] [DEBUG]: Recieving packet from Spooler of len 9
[12/05/22 21:23:11:9303840] [INFO ]: Recieving servers from spooler
[12/05/22 21:23:11:9306323] [DEBUG]: Recieved server: 127.0.0.1:10123 - 0
[12/05/22 21:23:11:9308515] [INFO ]: Recieve server done
[12/05/22 21:23:11:9310184] [INFO ]: Replying to spooler
[12/05/22 21:23:11:9914741] [DEBUG]: Recieving packet from Spooler of len 9
[12/05/22 21:23:11:9918784] [INFO ]: Recieving servers from spooler
[12/05/22 21:23:11:9920697] [DEBUG]: Recieved server: 127.0.0.1:10123 - 0
[12/05/22 21:23:11:9922460] [INFO ]: Recieve server done
[12/05/22 21:23:11:9924231] [INFO ]: Replying to spooler
[12/05/22 21:23:12:0531715] [DEBUG]: Recieving packet from Spooler of len 9
[12/05/22 21:23:12:0536928] [INFO ]: Recieving servers from spooler
[12/05/22 21:23:12:0539328] [DEBUG]: Recieved server: 127.0.0.1:10123 - 0
[12/05/22 21:23:12:0542232] [INFO ]: Recieve server done
[12/05/22 21:23:12:0543961] [INFO ]: Replying to spooler
[12/05/22 21:23:12:1149318] [DEBUG]: Recieving packet from Spooler of len 9
[12/05/22 21:23:12:1154758] [INFO ]: Recieving servers from spooler
[12/05/22 21:23:12:1157114] [DEBUG]: Recieved server: 127.0.0.1:10123 - 0
[12/05/22 21:23:12:1159532] [INFO ]: Recieve server done
[12/05/22 21:23:12:1161769] [INFO ]: Replying to spooler
[12/05/22 21:23:12:1770500] [DEBUG]: Recieving packet from Spooler of len 9
[12/05/22 21:23:12:1774473] [INFO ]: Recieving servers from spooler
[12/05/22 21:23:12:1776940] [DEBUG]: Recieved server: 127.0.0.1:10123 - 0
[12/05/22 21:23:12:1779237] [INFO ]: Recieve server done
[12/05/22 21:23:12:1781397] [INFO ]: Replying to spooler
[12/05/22 21:23:12:2389695] [DEBUG]: Recieving packet from Spooler of len 9
[12/05/22 21:23:12:2395131] [INFO ]: Recieving servers from spooler
[12/05/22 21:23:12:2396932] [DEBUG]: Recieved server: 127.0.0.1:10123 - 0
[12/05/22 21:23:12:2398638] [INFO ]: Recieve server done
[12/05/22 21:23:12:2400550] [INFO ]: Replying to spooler
[12/05/22 21:23:12:3006411] [DEBUG]: Recieving packet from Spooler of len 9
[12/05/22 21:23:12:3010692] [INFO ]: Recieving servers from spooler
[12/05/22 21:23:12:3013007] [DEBUG]: Recieved server: 127.0.0.1:10123 - 0
[12/05/22 21:23:12:3015036] [INFO ]: Recieve server done
[12/05/22 21:23:12:3016802] [INFO ]: Replying to spooler
[12/05/22 21:23:12:3626903] [DEBUG]: Recieving packet from Spooler of len 9
[12/05/22 21:23:12:3638433] [INFO ]: Recieving servers from spooler
[12/05/22 21:23:12:3645728] [DEBUG]: Recieved server: 127.0.0.1:10123 - 0
[12/05/22 21:23:12:3650909] [INFO ]: Recieve server done
[12/05/22 21:23:12:3652584] [INFO ]: Replying to spooler
[12/05/22 21:23:12:4241009] [DEBUG]: Recieving packet from Spooler of len 9
[12/05/22 21:23:12:4247038] [INFO ]: Recieving servers from spooler
[12/05/22 21:23:12:4249152] [DEBUG]: Recieved server: 127.0.0.1:10123 - 0
[12/05/22 21:23:12:4251056] [INFO ]: Recieve server done
[12/05/22 21:23:12:4252873] [INFO ]: Replying to spooler
[12/05/22 21:23:12:4859459] [DEBUG]: Recieving packet from Spooler of len 9
[12/05/22 21:23:12:4862484] [INFO ]: Recieving servers from spooler
[12/05/22 21:23:12:4864777] [DEBUG]: Recieved server: 127.0.0.1:10123 - 0
[12/05/22 21:23:12:4866879] [INFO ]: Recieve server done
[12/05/22 21:23:12:4868584] [INFO ]: Replying to spooler
[12/05/22 21:23:12:5480769] [DEBUG]: Recieving packet from Spooler of len 9
[12/05/22 21:23:12:5489558] [INFO ]: Recieving servers from spooler
[12/05/22 21:23:12:5491367] [DEBUG]: Recieved server: 127.0.0.1:10123 - 0
[12/05/22 21:23:12:5493124] [INFO ]: Recieve server done
[12/05/22 21:23:12:5494899] [INFO ]: Replying to spooler
[12/05/22 21:23:12:6096061] [DEBUG]: Recieving packet from Spooler of len 9
[12/05/22 21:23:12:6100019] [INFO ]: Recieving servers from spooler
[12/05/22 21:23:12:6101977] [DEBUG]: Recieved server: 127.0.0.1:10123 - 0
[12/05/22 21:23:12:6103771] [INFO ]: Recieve server done
[12/05/22 21:23:12:6105603] [INFO ]: Replying to spooler
[12/05/22 21:23:12:6711488] [DEBUG]: Recieving packet from Spooler of len 9
[12/05/22 21:23:12:6720400] [INFO ]: Recieving servers from spooler
[12/05/22 21:23:12:6722519] [DEBUG]: Recieved server: 127.0.0.1:10123 - 0
[12/05/22 21:23:12:6724252] [INFO ]: Recieve server done
[12/05/22 21:23:12:6725914] [INFO ]: Replying to spooler
[12/05/22 21:23:12:7332403] [DEBUG]: Recieving packet from Spooler of len 9
[12/05/22 21:23:12:7336561] [INFO ]: Recieving servers from spooler
[12/05/22 21:23:12:7338998] [DEBUG]: Recieved server: 127.0.0.1:10123 - 0
[12/05/22 21:23:12:7341102] [INFO ]: Recieve server done
[12/05/22 21:23:12:7343199] [INFO ]: Replying to spooler
[12/05/22 21:23:12:7949284] [DEBUG]: Recieving packet from Spooler of len 9
[12/05/22 21:23:12:7953695] [INFO ]: Recieving servers from spooler
[12/05/22 21:23:12:7955837] [DEBUG]: Recieved server: 127.0.0.1:10123 - 0
[12/05/22 21:23:12:7957785] [INFO ]: Recieve server done
[12/05/22 21:23:12:7959820] [INFO ]: Replying to spooler
[12/05/22 21:23:12:8567240] [DEBUG]: Recieving packet from Spooler of len 9
[12/05/22 21:23:12:8571660] [INFO ]: Recieving servers from spooler
[12/05/22 21:23:12:8573918] [DEBUG]: Recieved server: 127.0.0.1:10123 - 0
[12/05/22 21:23:12:8575851] [INFO ]: Recieve server done
[12/05/22 21:23:12:8577491] [INFO ]: Replying to spooler
[12/05/22 21:23:12:9187235] [DEBUG]: Recieving packet from Spooler of len 9
[12/05/22 21:23:12:9193405] [INFO ]: Recieving servers from spooler
[12/05/22 21:23:12:9195595] [DEBUG]: Recieved server: 127.0.0.1:10123 - 0
[12/05/22 21:23:12:9197482] [INFO ]: Recieve server done
[12/05/22 21:23:12:9199117] [INFO ]: Replying to spooler
[12/05/22 21:23:12:9808032] [DEBUG]: Recieving packet from Spooler of len 9
[12/05/22 21:23:12:9814962] [INFO ]: Recieving servers from spooler
[12/05/22 21:23:12:9817001] [DEBUG]: Recieved server: 127.0.0.1:10123 - 0
[12/05/22 21:23:12:9818713] [INFO ]: Recieve server done
[12/05/22 21:23:12:9820353] [INFO ]: Replying to spooler
[12/05/22 21:23:13:0429500] [DEBUG]: Recieving packet from Spooler of len 9
[12/05/22 21:23:13:0435333] [INFO ]: Recieving servers from spooler
[12/05/22 21:23:13:0437561] [DEBUG]: Recieved server: 127.0.0.1:10123 - 0
[12/05/22 21:23:13:0439567] [INFO ]: Recieve server done
[12/05/22 21:23:13:0441315] [INFO ]: Replying to spooler
[12/05/22 21:23:13:1049475] [DEBUG]: Recieving packet from Spooler of len 9
[12/05/22 21:23:13:1060978] [INFO ]: Recieving servers from spooler
[12/05/22 21:23:13:1062857] [DEBUG]: Recieved server: 127.0.0.1:10123 - 0
[12/05/22 21:23:13:1064631] [INFO ]: Recieve server done
[12/05/22 21:23:13:1066341] [INFO ]: Replying to spooler
[12/05/22 21:23:13:1666259] [DEBUG]: Recieving packet from Spooler of len 9
[12/05/22 21:23:13:1676313] [INFO ]: Recieving servers from spooler
[12/05/22 21:23:13:1681317] [DEBUG]: Recieved server: 127.0.0.1:10123 - 0
[12/05/22 21:23:13:1683155] [INFO ]: Recieve server done
[12/05/22 21:23:13:1685036] [INFO ]: Replying to spooler
[12/05/22 21:23:13:2283531] [DEBUG]: Recieving packet from Spooler of len 9
[12/05/22 21:23:13:2287547] [INFO ]: Recieving servers from spooler
[12/05/22 21:23:13:2290253] [DEBUG]: Recieved server: 127.0.0.1:10123 - 0
[12/05/22 21:23:13:2292422] [INFO ]: Recieve server done
[12/05/22 21:23:13:2294025] [INFO ]: Replying to spooler
[12/05/22 21:23:13:2899009] [DEBUG]: Recieving packet from Spooler of len 9
[12/05/22 21:23:13:2905328] [INFO ]: Recieving servers from spooler
[12/05/22 21:23:13:2907154] [DEBUG]: Recieved server: 127.0.0.1:10123 - 0
[12/05/22 21:23:13:2908971] [INFO ]: Recieve server done
[12/05/22 21:23:13:2910737] [INFO ]: Replying to spooler
[12/05/22 21:23:13:3516212] [DEBUG]: Recieving packet from Spooler of len 9
[12/05/22 21:23:13:3521256] [INFO ]: Recieving servers from spooler
[12/05/22 21:23:13:3523479] [DEBUG]: Recieved server: 127.0.0.1:10123 - 0
[12/05/22 21:23:13:3525397] [INFO ]: Recieve server done
[12/05/22 21:23:13:3527052] [INFO ]: Replying to spooler
[12/05/22 21:23:13:4131674] [DEBUG]: Recieving packet from Spooler of len 9
[12/05/22 21:23:13:4134723] [INFO ]: Recieving servers from spooler
[12/05/22 21:23:13:4136658] [DEBUG]: Recieved server: 127.0.0.1:10123 - 0
[12/05/22 21:23:13:4138237] [INFO ]: Recieve server done
[12/05/22 21:23:13:4140002] [INFO ]: Replying to spooler
[12/05/22 21:23:13:4751974] [DEBUG]: Recieving packet from Spooler of len 9
[12/05/22 21:23:13:4758609] [INFO ]: Recieving servers from spooler
[12/05/22 21:23:13:4760613] [DEBUG]: Recieved server: 127.0.0.1:10123 - 0
[12/05/22 21:23:13:4762470] [INFO ]: Recieve server done
[12/05/22 21:23:13:4764495] [INFO ]: Replying to spooler
[12/05/22 21:23:13:5371298] [DEBUG]: Recieving packet from Spooler of len 9
[12/05/22 21:23:13:5376524] [INFO ]: Recieving servers from spooler
[12/05/22 21:23:13:5378613] [DEBUG]: Recieved server: 127.0.0.1:10123 - 0
[12/05/22 21:23:13:5380359] [INFO ]: Recieve server done
[12/05/22 21:23:13:5382091] [INFO ]: Replying to spooler
[12/05/22 21:23:13:5991159] [DEBUG]: Recieving packet from Spooler of len 9
[12/05/22 21:23:13:5995424] [INFO ]: Recieving servers from spooler
[12/05/22 21:23:13:5997697] [DEBUG]: Recieved server: 127.0.0.1:10123 - 0
[12/05/22 21:23:13:5999712] [INFO ]: Recieve server done
[12/05/22 21:23:13:6001462] [INFO ]: Replying to spooler
[12/05/22 21:23:13:6606492] [DEBUG]: Recieving packet from Spooler of len 9
[12/05/22 21:23:13:6609673] [INFO ]: Recieving servers from spooler
[12/05/22 21:23:13:6612320] [DEBUG]: Recieved server: 127.0.0.1:10123 - 0
[12/05/22 21:23:13:6614361] [INFO ]: Recieve server done
[12/05/22 21:23:13:6616462] [INFO ]: Replying to spooler
[12/05/22 21:23:13:7225003] [DEBUG]: Recieving packet from Spooler of len 9
[12/05/22 21:23:13:7230314] [INFO ]: Recieving servers from spooler
[12/05/22 21:23:13:7232363] [DEBUG]: Recieved server: 127.0.0.1:10123 - 0
[12/05/22 21:23:13:7234037] [INFO ]: Recieve server done
[12/05/22 21:23:13:7235921] [INFO ]: Replying to spooler
[12/05/22 21:23:13:7841629] [DEBUG]: Recieving packet from Spooler of len 9
[12/05/22 21:23:13:7844789] [INFO ]: Recieving servers from spooler
[12/05/22 21:23:13:7847130] [DEBUG]: Recieved server: 127.0.0.1:10123 - 0
[12/05/22 21:23:13:7849424] [INFO ]: Recieve server done
[12/05/22 21:23:13:7851563] [INFO ]: Replying to spooler
[12/05/22 21:23:13:8460970] [DEBUG]: Recieving packet from Spooler of len 9
[12/05/22 21:23:13:8465724] [INFO ]: Recieving servers from spooler
[12/05/22 21:23:13:8467522] [DEBUG]: Recieved server: 127.0.0.1:10123 - 0
[12/05/22 21:23:13:8469192] [INFO ]: Recieve server done
[12/05/22 21:23:13:8470853] [INFO ]: Replying to spooler
[12/05/22 21:23:13:9076270] [DEBUG]: Recieving packet from Spooler of len 9
[12/05/22 21:23:13:9080142] [INFO ]: Recieving servers from spooler
[12/05/22 21:23:13:9082625] [DEBUG]: Recieved server: 127.0.0.1:10123 - 0
[12/05/22 21:23:13:9084837] [INFO ]: Recieve server done
[12/05/22 21:23:13:9086525] [INFO ]: Replying to spooler
[12/05/22 21:23:13:9697232] [DEBUG]: Recieving packet from Spooler of len 9
[12/05/22 21:23:13:9701366] [INFO ]: Recieving servers from spooler
[12/05/22 21:23:13:9703853] [DEBUG]: Recieved server: 127.0.0.1:10123 - 0
[12/05/22 21:23:13:9705966] [INFO ]: Recieve server done
[12/05/22 21:23:13:9707790] [INFO ]: Replying to spooler
[12/05/22 21:23:14:0318007] [DEBUG]: Recieving packet from Spooler of len 9
[12/05/22 21:23:14:0322443] [INFO ]: Recieving servers from spooler
[12/05/22 21:23:14:0324650] [DEBUG]: Recieved server: 127.0.0.1:10123 - 0
[12/05/22 21:23:14:0326888] [INFO ]: Recieve server done
[12/05/22 21:23:14:0328719] [INFO ]: Replying to spooler
[12/05/22 21:23:14:0939263] [DEBUG]: Recieving packet from Spooler of len 9
[12/05/22 21:23:14:0951013] [INFO ]: Recieving servers from spooler
[12/05/22 21:23:14:0953373] [DEBUG]: Recieved server: 127.0.0.1:10123 - 0
[12/05/22 21:23:14:0955082] [INFO ]: Recieve server done
[12/05/22 21:23:14:0956714] [INFO ]: Replying to spooler
[12/05/22 21:23:14:1553293] [DEBUG]: Recieving packet from Spooler of len 9
[12/05/22 21:23:14:1557777] [INFO ]: Recieving servers from spooler
[12/05/22 21:23:14:1559914] [DEBUG]: Recieved server: 127.0.0.1:10123 - 0
[12/05/22 21:23:14:1561751] [INFO ]: Recieve server done
[12/05/22 21:23:14:1563471] [INFO ]: Replying to spooler
[12/05/22 21:23:14:2171418] [DEBUG]: Recieving packet from Spooler of len 9
[12/05/22 21:23:14:2175850] [INFO ]: Recieving servers from spooler
[12/05/22 21:23:14:2177650] [DEBUG]: Recieved server: 127.0.0.1:10123 - 0
[12/05/22 21:23:14:2180198] [INFO ]: Recieve server done
[12/05/22 21:23:14:2182669] [INFO ]: Replying to spooler
[12/05/22 21:23:14:2791345] [DEBUG]: Recieving packet from Spooler of len 9
[12/05/22 21:23:14:2797927] [INFO ]: Recieving servers from spooler
[12/05/22 21:23:14:2799856] [DEBUG]: Recieved server: 127.0.0.1:10123 - 0
[12/05/22 21:23:14:2801671] [INFO ]: Recieve server done
[12/05/22 21:23:14:2803306] [INFO ]: Replying to spooler
[12/05/22 21:23:14:3410555] [DEBUG]: Recieving packet from Spooler of len 9
[12/05/22 21:23:14:3415115] [INFO ]: Recieving servers from spooler
[12/05/22 21:23:14:3419496] [DEBUG]: Recieved server: 127.0.0.1:10123 - 0
[12/05/22 21:23:14:3421708] [INFO ]: Recieve server done
[12/05/22 21:23:14:3423655] [INFO ]: Replying to spooler
[12/05/22 21:23:14:4030542] [DEBUG]: Recieving packet from Spooler of len 9
[12/05/22 21:23:14:4035090] [INFO ]: Recieving servers from spooler
[12/05/22 21:23:14:4037165] [DEBUG]: Recieved server: 127.0.0.1:10123 - 0
[12/05/22 21:23:14:4039094] [INFO ]: Recieve server done
[12/05/22 21:23:14:4040891] [INFO ]: Replying to spooler
[12/05/22 21:23:14:4650345] [DEBUG]: Recieving packet from Spooler of len 9
[12/05/22 21:23:14:4655825] [INFO ]: Recieving servers from spooler
[12/05/22 21:23:14:4657939] [DEBUG]: Recieved server: 127.0.0.1:10123 - 0
[12/05/22 21:23:14:4659736] [INFO ]: Recieve server done
[12/05/22 21:23:14:4661371] [INFO ]: Replying to spooler
[12/05/22 21:23:14:5270070] [DEBUG]: Recieving packet from Spooler of len 9
[12/05/22 21:23:14:5275097] [INFO ]: Recieving servers from spooler
[12/05/22 21:23:14:5278333] [DEBUG]: Recieved server: 127.0.0.1:10123 - 0
[12/05/22 21:23:14:5282787] [INFO ]: Recieve server done
[12/05/22 21:23:14:5284971] [INFO ]: Replying to spooler
[12/05/22 21:23:14:5890209] [DEBUG]: Recieving packet from Spooler of len 9
[12/05/22 21:23:14:5894387] [INFO ]: Recieving servers from spooler
[12/05/22 21:23:14:5896729] [DEBUG]: Recieved server: 127.0.0.1:10123 - 0
[12/05/22 21:23:14:5898701] [INFO ]: Recieve server done
[12/05/22 21:23:14:5900531] [INFO ]: Replying to spooler
[12/05/22 21:23:14:6509466] [DEBUG]: Recieving packet from Spooler of len 9
[12/05/22 21:23:14:6519519] [INFO ]: Recieving servers from spooler
[12/05/22 21:23:14:6521550] [DEBUG]: Recieved server: 127.0.0.1:10123 - 0
[12/05/22 21:23:14:6523224] [INFO ]: Recieve server done
[12/05/22 21:23:14:6524999] [INFO ]: Replying to spooler
[12/05/22 21:23:14:7132151] [DEBUG]: Recieving packet from Spooler of len 9
[12/05/22 21:23:14:7137442] [INFO ]: Recieving servers from spooler
[12/05/22 21:23:14:7144392] [DEBUG]: Recieved server: 127.0.0.1:10123 - 0
[12/05/22 21:23:14:7146301] [INFO ]: Recieve server done
[12/05/22 21:23:14:7148182] [INFO ]: Replying to spooler
[12/05/22 21:23:14:7746300] [DEBUG]: Recieving packet from Spooler of len 9
[12/05/22 21:23:14:7750308] [INFO ]: Recieving servers from spooler
[12/05/22 21:23:14:7752198] [DEBUG]: Recieved server: 127.0.0.1:10123 - 0
[12/05/22 21:23:14:7753883] [INFO ]: Recieve server done
[12/05/22 21:23:14:7756226] [INFO ]: Replying to spooler
[12/05/22 21:23:14:8366337] [DEBUG]: Recieving packet from Spooler of len 9
[12/05/22 21:23:14:8370426] [INFO ]: Recieving servers from spooler
[12/05/22 21:23:14:8372303] [DEBUG]: Recieved server: 127.0.0.1:10123 - 0
[12/05/22 21:23:14:8374048] [INFO ]: Recieve server done
[12/05/22 21:23:14:8379682] [INFO ]: Replying to spooler
[12/05/22 21:23:14:8986193] [DEBUG]: Recieving packet from Spooler of len 9
[12/05/22 21:23:14:8989357] [INFO ]: Recieving servers from spooler
[12/05/22 21:23:14:8991220] [DEBUG]: Recieved server: 127.0.0.1:10123 - 0
[12/05/22 21:23:14:8992989] [INFO ]: Recieve server done
[12/05/22 21:23:14:8994702] [INFO ]: Replying to spooler
[12/05/22 21:23:14:9606489] [DEBUG]: Recieving packet from Spooler of len 9
[12/05/22 21:23:14:9609686] [INFO ]: Recieving servers from spooler
[12/05/22 21:23:14:9612063] [DEBUG]: Recieved server: 127.0.0.1:10123 - 0
[12/05/22 21:23:14:9614092] [INFO ]: Recieve server done
[12/05/22 21:23:14:9616126] [INFO ]: Replying to spooler
[12/05/22 21:23:15:0224246] [DEBUG]: Recieving packet from Spooler of len 9
[12/05/22 21:23:15:0230031] [INFO ]: Recieving servers from spooler
[12/05/22 21:23:15:0232387] [DEBUG]: Recieved server: 127.0.0.1:10123 - 0
[12/05/22 21:23:15:0234556] [INFO ]: Recieve server done
[12/05/22 21:23:15:0236499] [INFO ]: Replying to spooler
[12/05/22 21:23:15:0844441] [DEBUG]: Recieving packet from Spooler of len 9
[12/05/22 21:23:15:0848899] [INFO ]: Recieving servers from spooler
[12/05/22 21:23:15:0851185] [DEBUG]: Recieved server: 127.0.0.1:10123 - 0
[12/05/22 21:23:15:0853378] [INFO ]: Recieve server done
[12/05/22 21:23:15:0855442] [INFO ]: Replying to spooler
[12/05/22 21:23:15:1466293] [DEBUG]: Recieving packet from Spooler of len 9
[12/05/22 21:23:15:1470300] [INFO ]: Recieving servers from spooler
[12/05/22 21:23:15:1473685] [DEBUG]: Recieved server: 127.0.0.1:10123 - 0
[12/05/22 21:23:15:1476510] [INFO ]: Recieve server done
[12/05/22 21:23:15:1485016] [INFO ]: Replying to spooler
[12/05/22 21:23:15:2082985] [DEBUG]: Recieving packet from Spooler of len 9
[12/05/22 21:23:15:2095804] [INFO ]: Recieving servers from spooler
[12/05/22 21:23:15:2100201] [DEBUG]: Recieved server: 127.0.0.1:10123 - 0
[12/05/22 21:23:15:2105046] [INFO ]: Recieve server done
[12/05/22 21:23:15:2106634] [INFO ]: Replying to spooler
[12/05/22 21:23:15:2702866] [DEBUG]: Recieving packet from Spooler of len 9
[12/05/22 21:23:15:2710320] [INFO ]: Recieving servers from spooler
[12/05/22 21:23:15:2715043] [DEBUG]: Recieved server: 127.0.0.1:10123 - 0
[12/05/22 21:23:15:2717850] [INFO ]: Recieve server done
[12/05/22 21:23:15:2719602] [INFO ]: Replying to spooler
[12/05/22 21:23:15:3323251] [DEBUG]: Recieving packet from Spooler of len 9
[12/05/22 21:23:15:3331934] [INFO ]: Recieving servers from spooler
[12/05/22 21:23:15:3333771] [DEBUG]: Recieved server: 127.0.0.1:10123 - 0
[12/05/22 21:23:15:3335473] [INFO ]: Recieve server done
[12/05/22 21:23:15:3337079] [INFO ]: Replying to spooler
[12/05/22 21:23:15:3943343] [DEBUG]: Recieving packet from Spooler of len 9
[12/05/22 21:23:15:3948380] [INFO ]: Recieving servers from spooler
[12/05/22 21:23:15:3950394] [DEBUG]: Recieved server: 127.0.0.1:10123 - 0
[12/05/22 21:23:15:3952470] [INFO ]: Recieve server done
[12/05/22 21:23:15:3954163] [INFO ]: Replying to spooler
[12/05/22 21:23:15:4562873] [DEBUG]: Recieving packet from Spooler of len 9
[12/05/22 21:23:15:4574953] [INFO ]: Recieving servers from spooler
[12/05/22 21:23:15:4577310] [DEBUG]: Recieved server: 127.0.0.1:10123 - 0
[12/05/22 21:23:15:4579040] [INFO ]: Recieve server done
[12/05/22 21:23:15:4580788] [INFO ]: Replying to spooler
[12/05/22 21:23:15:5183860] [DEBUG]: Recieving packet from Spooler of len 9
[12/05/22 21:23:15:5187866] [INFO ]: Recieving servers from spooler
[12/05/22 21:23:15:5190051] [DEBUG]: Recieved server: 127.0.0.1:10123 - 0
[12/05/22 21:23:15:5192279] [INFO ]: Recieve server done
[12/05/22 21:23:15:5194387] [INFO ]: Replying to spooler
[12/05/22 21:23:15:5803851] [DEBUG]: Recieving packet from Spooler of len 9
[12/05/22 21:23:15:5810843] [INFO ]: Recieving servers from spooler
[12/05/22 21:23:15:5813130] [DEBUG]: Recieved server: 127.0.0.1:10123 - 0
[12/05/22 21:23:15:5815084] [INFO ]: Recieve server done
[12/05/22 21:23:15:5816880] [INFO ]: Replying to spooler
[12/05/22 21:23:15:6423277] [DEBUG]: Recieving packet from Spooler of len 9
[12/05/22 21:23:15:6426545] [INFO ]: Recieving servers from spooler
[12/05/22 21:23:15:6428416] [DEBUG]: Recieved server: 127.0.0.1:10123 - 0
[12/05/22 21:23:15:6430033] [INFO ]: Recieve server done
[12/05/22 21:23:15:6431637] [INFO ]: Replying to spooler
[12/05/22 21:23:15:7043474] [DEBUG]: Recieving packet from Spooler of len 9
[12/05/22 21:23:15:7049768] [INFO ]: Recieving servers from spooler
[12/05/22 21:23:15:7051621] [DEBUG]: Recieved server: 127.0.0.1:10123 - 0
[12/05/22 21:23:15:7053345] [INFO ]: Recieve server done
[12/05/22 21:23:15:7055125] [INFO ]: Replying to spooler
[12/05/22 21:23:15:7664051] [DEBUG]: Recieving packet from Spooler of len 9
[12/05/22 21:23:15:7668137] [INFO ]: Recieving servers from spooler
[12/05/22 21:23:15:7669994] [DEBUG]: Recieved server: 127.0.0.1:10123 - 0
[12/05/22 21:23:15:7671656] [INFO ]: Recieve server done
[12/05/22 21:23:15:7673385] [INFO ]: Replying to spooler
[12/05/22 21:23:15:8283238] [DEBUG]: Recieving packet from Spooler of len 9
[12/05/22 21:23:15:8289709] [INFO ]: Recieving servers from spooler
[12/05/22 21:23:15:8293716] [DEBUG]: Recieved server: 127.0.0.1:10123 - 0
[12/05/22 21:23:15:8295436] [INFO ]: Recieve server done
[12/05/22 21:23:15:8296991] [INFO ]: Replying to spooler
[12/05/22 21:23:15:8903356] [DEBUG]: Recieving packet from Spooler of len 9
[12/05/22 21:23:15:8909573] [INFO ]: Recieving servers from spooler
[12/05/22 21:23:15:8911462] [DEBUG]: Recieved server: 127.0.0.1:10123 - 0
[12/05/22 21:23:15:8913121] [INFO ]: Recieve server done
[12/05/22 21:23:15:8914737] [INFO ]: Replying to spooler
[12/05/22 21:23:15:9519296] [DEBUG]: Recieving packet from Spooler of len 9
[12/05/22 21:23:15:9527953] [INFO ]: Recieving servers from spooler
[12/05/22 21:23:15:9529787] [DEBUG]: Recieved server: 127.0.0.1:10123 - 0
[12/05/22 21:23:15:9531535] [INFO ]: Recieve server done
[12/05/22 21:23:15:9533150] [INFO ]: Replying to spooler
[12/05/22 21:23:16:0134331] [DEBUG]: Recieving packet from Spooler of len 9
[12/05/22 21:23:16:0145600] [INFO ]: Recieving servers from spooler
[12/05/22 21:23:16:0150598] [DEBUG]: Recieved server: 127.0.0.1:10123 - 0
[12/05/22 21:23:16:0152463] [INFO ]: Recieve server done
[12/05/22 21:23:16:0154154] [INFO ]: Replying to spooler
[12/05/22 21:23:16:0751222] [DEBUG]: Recieving packet from Spooler of len 9
[12/05/22 21:23:16:0756460] [INFO ]: Recieving servers from spooler
[12/05/22 21:23:16:0758269] [DEBUG]: Recieved server: 127.0.0.1:10123 - 0
[12/05/22 21:23:16:0759828] [INFO ]: Recieve server done
[12/05/22 21:23:16:0761421] [INFO ]: Replying to spooler
[12/05/22 21:23:16:1371924] [DEBUG]: Recieving packet from Spooler of len 9
[12/05/22 21:23:16:1378478] [INFO ]: Recieving servers from spooler
[12/05/22 21:23:16:1380265] [DEBUG]: Recieved server: 127.0.0.1:10123 - 0
[12/05/22 21:23:16:1381889] [INFO ]: Recieve server done
[12/05/22 21:23:16:1383604] [INFO ]: Replying to spooler
[12/05/22 21:23:16:1993529] [DEBUG]: Recieving packet from Spooler of len 9
[12/05/22 21:23:16:2003513] [INFO ]: Recieving servers from spooler
[12/05/22 21:23:16:2005735] [DEBUG]: Recieved server: 127.0.0.1:10123 - 0
[12/05/22 21:23:16:2007587] [INFO ]: Recieve server done
[12/05/22 21:23:16:2009214] [INFO ]: Replying to spooler
[12/05/22 21:23:16:2608852] [DEBUG]: Recieving packet from Spooler of len 9
[12/05/22 21:23:16:2615645] [INFO ]: Recieving servers from spooler
[12/05/22 21:23:16:2617977] [DEBUG]: Recieved server: 127.0.0.1:10123 - 0
[12/05/22 21:23:16:2619976] [INFO ]: Recieve server done
[12/05/22 21:23:16:2621589] [INFO ]: Replying to spooler
[12/05/22 21:23:16:3222974] [DEBUG]: Recieving packet from Spooler of len 9
[12/05/22 21:23:16:3230612] [INFO ]: Recieving servers from spooler
[12/05/22 21:23:16:3232342] [DEBUG]: Recieved server: 127.0.0.1:10123 - 0
[12/05/22 21:23:16:3234131] [INFO ]: Recieve server done
[12/05/22 21:23:16:3235783] [INFO ]: Replying to spooler
[12/05/22 21:23:16:3841705] [DEBUG]: Recieving packet from Spooler of len 9
[12/05/22 21:23:16:3847776] [INFO ]: Recieving servers from spooler
[12/05/22 21:23:16:3851053] [DEBUG]: Recieved server: 127.0.0.1:10123 - 0
[12/05/22 21:23:16:3852832] [INFO ]: Recieve server done
[12/05/22 21:23:16:3854908] [INFO ]: Replying to spooler
[12/05/22 21:23:16:4462920] [DEBUG]: Recieving packet from Spooler of len 9
[12/05/22 21:23:16:4472634] [INFO ]: Recieving servers from spooler
[12/05/22 21:23:16:4476851] [DEBUG]: Recieved server: 127.0.0.1:10123 - 0
[12/05/22 21:23:16:4478708] [INFO ]: Recieve server done
[12/05/22 21:23:16:4481502] [INFO ]: Replying to spooler
[12/05/22 21:23:16:5081508] [DEBUG]: Recieving packet from Spooler of len 9
[12/05/22 21:23:16:5095786] [INFO ]: Recieving servers from spooler
[12/05/22 21:23:16:5099313] [DEBUG]: Recieved server: 127.0.0.1:10123 - 0
[12/05/22 21:23:16:5101106] [INFO ]: Recieve server done
[12/05/22 21:23:16:5102743] [INFO ]: Replying to spooler
[12/05/22 21:23:16:5702895] [DEBUG]: Recieving packet from Spooler of len 9
[12/05/22 21:23:16:5706296] [INFO ]: Recieving servers from spooler
[12/05/22 21:23:16:5708561] [DEBUG]: Recieved server: 127.0.0.1:10123 - 0
[12/05/22 21:23:16:5710784] [INFO ]: Recieve server done
[12/05/22 21:23:16:5712809] [INFO ]: Replying to spooler
[12/05/22 21:23:16:6323186] [DEBUG]: Recieving packet from Spooler of len 9
[12/05/22 21:23:16:6329014] [INFO ]: Recieving servers from spooler
[12/05/22 21:23:16:6330821] [DEBUG]: Recieved server: 127.0.0.1:10123 - 0
[12/05/22 21:23:16:6332945] [INFO ]: Recieve server done
[12/05/22 21:23:16:6334795] [INFO ]: Replying to spooler
[12/05/22 21:23:16:6943884] [DEBUG]: Recieving packet from Spooler of len 9
[12/05/22 21:23:16:6950454] [INFO ]: Recieving servers from spooler
[12/05/22 21:23:16:6952391] [DEBUG]: Recieved server: 127.0.0.1:10123 - 0
[12/05/22 21:23:16:6954084] [INFO ]: Recieve server done
[12/05/22 21:23:16:6955660] [INFO ]: Replying to spooler
[12/05/22 21:23:16:7553482] [DEBUG]: Recieving packet from Spooler of len 9
[12/05/22 21:23:16:7557180] [INFO ]: Recieving servers from spooler
[12/05/22 21:23:16:7559228] [DEBUG]: Recieved server: 127.0.0.1:10123 - 0
[12/05/22 21:23:16:7560870] [INFO ]: Recieve server done
[12/05/22 21:23:16:7562859] [INFO ]: Replying to spooler
[12/05/22 21:23:16:8164987] [DEBUG]: Recieving packet from Spooler of len 9
[12/05/22 21:23:16:8168780] [INFO ]: Recieving servers from spooler
[12/05/22 21:23:16:8170773] [DEBUG]: Recieved server: 127.0.0.1:10123 - 0
[12/05/22 21:23:16:8172547] [INFO ]: Recieve server done
[12/05/22 21:23:16:8174793] [INFO ]: Replying to spooler
[12/05/22 21:23:16:8785673] [DEBUG]: Recieving packet from Spooler of len 9
[12/05/22 21:23:16:8790903] [INFO ]: Recieving servers from spooler
[12/05/22 21:23:16:8792821] [DEBUG]: Recieved server: 127.0.0.1:10123 - 0
[12/05/22 21:23:16:8794486] [INFO ]: Recieve server done
[12/05/22 21:23:16:8796207] [INFO ]: Replying to spooler
[12/05/22 21:23:16:9398254] [DEBUG]: Recieving packet from Spooler of len 9
[12/05/22 21:23:16:9401249] [INFO ]: Recieving servers from spooler
[12/05/22 21:23:16:9403173] [DEBUG]: Recieved server: 127.0.0.1:10123 - 0
[12/05/22 21:23:16:9405214] [INFO ]: Recieve server done
[12/05/22 21:23:16:9406994] [INFO ]: Replying to spooler
[12/05/22 21:23:17:0018315] [DEBUG]: Recieving packet from Spooler of len 9
[12/05/22 21:23:17:0023610] [INFO ]: Recieving servers from spooler
[12/05/22 21:23:17:0025442] [DEBUG]: Recieved server: 127.0.0.1:10123 - 0
[12/05/22 21:23:17:0027269] [INFO ]: Recieve server done
[12/05/22 21:23:17:0028925] [INFO ]: Replying to spooler
[12/05/22 21:23:17:0639117] [DEBUG]: Recieving packet from Spooler of len 9
[12/05/22 21:23:17:0643158] [INFO ]: Recieving servers from spooler
[12/05/22 21:23:17:0645212] [DEBUG]: Recieved server: 127.0.0.1:10123 - 0
[12/05/22 21:23:17:0646948] [INFO ]: Recieve server done
[12/05/22 21:23:17:0648763] [INFO ]: Replying to spooler
[12/05/22 21:23:17:1251462] [DEBUG]: Recieving packet from Spooler of len 9
[12/05/22 21:23:17:1255755] [INFO ]: Recieving servers from spooler
[12/05/22 21:23:17:1257504] [DEBUG]: Recieved server: 127.0.0.1:10123 - 0
[12/05/22 21:23:17:1259158] [INFO ]: Recieve server done
[12/05/22 21:23:17:1261059] [INFO ]: Replying to spooler
[12/05/22 21:23:17:1872223] [DEBUG]: Recieving packet from Spooler of len 9
[12/05/22 21:23:17:1880862] [INFO ]: Recieving servers from spooler
[12/05/22 21:23:17:1882766] [DEBUG]: Recieved server: 127.0.0.1:10123 - 0
[12/05/22 21:23:17:1884492] [INFO ]: Recieve server done
[12/05/22 21:23:17:1886226] [INFO ]: Replying to spooler
[12/05/22 21:23:17:2491017] [DEBUG]: Recieving packet from Spooler of len 9
[12/05/22 21:23:17:2496141] [INFO ]: Recieving servers from spooler
[12/05/22 21:23:17:2498108] [DEBUG]: Recieved server: 127.0.0.1:10123 - 0
[12/05/22 21:23:17:2499795] [INFO ]: Recieve server done
[12/05/22 21:23:17:2501401] [INFO ]: Replying to spooler
[12/05/22 21:23:17:3106752] [DEBUG]: Recieving packet from Spooler of len 9
[12/05/22 21:23:17:3110925] [INFO ]: Recieving servers from spooler
[12/05/22 21:23:17:3113307] [DEBUG]: Recieved server: 127.0.0.1:10123 - 0
[12/05/22 21:23:17:3115474] [INFO ]: Recieve server done
[12/05/22 21:23:17:3117709] [INFO ]: Replying to spooler
[12/05/22 21:23:17:3725167] [DEBUG]: Recieving packet from Spooler of len 9
[12/05/22 21:23:17:3729934] [INFO ]: Recieving servers from spooler
[12/05/22 21:23:17:3731854] [DEBUG]: Recieved server: 127.0.0.1:10123 - 0
[12/05/22 21:23:17:3733575] [INFO ]: Recieve server done
[12/05/22 21:23:17:3735268] [INFO ]: Replying to spooler
[12/05/22 21:23:17:4346139] [DEBUG]: Recieving packet from Spooler of len 9
[12/05/22 21:23:17:4356247] [INFO ]: Recieving servers from spooler
[12/05/22 21:23:17:4360804] [DEBUG]: Recieved server: 127.0.0.1:10123 - 0
[12/05/22 21:23:17:4362984] [INFO ]: Recieve server done
[12/05/22 21:23:17:4364748] [INFO ]: Replying to spooler
[12/05/22 21:23:17:4963430] [DEBUG]: Recieving packet from Spooler of len 9
[12/05/22 21:23:17:4968555] [INFO ]: Recieving servers from spooler
[12/05/22 21:23:17:4970845] [DEBUG]: Recieved server: 127.0.0.1:10123 - 0
[12/05/22 21:23:17:4972738] [INFO ]: Recieve server done
[12/05/22 21:23:17:4974306] [INFO ]: Replying to spooler
[12/05/22 21:23:17:5581175] [DEBUG]: Recieving packet from Spooler of len 9
[12/05/22 21:23:17:5585540] [INFO ]: Recieving servers from spooler
[12/05/22 21:23:17:5587783] [DEBUG]: Recieved server: 127.0.0.1:10123 - 0
[12/05/22 21:23:17:5589887] [INFO ]: Recieve server done
[12/05/22 21:23:17:5591880] [INFO ]: Replying to spooler
[12/05/22 21:23:17:6201800] [DEBUG]: Recieving packet from Spooler of len 9
[12/05/22 21:23:17:6205365] [INFO ]: Recieving servers from spooler
[12/05/22 21:23:17:6207581] [DEBUG]: Recieved server: 127.0.0.1:10123 - 0
[12/05/22 21:23:17:6209481] [INFO ]: Recieve server done
[12/05/22 21:23:17:6211458] [INFO ]: Replying to spooler
[12/05/22 21:23:17:6821555] [DEBUG]: Recieving packet from Spooler of len 9
[12/05/22 21:23:17:6825010] [INFO ]: Recieving servers from spooler
[12/05/22 21:23:17:6827080] [DEBUG]: Recieved server: 127.0.0.1:10123 - 0
[12/05/22 21:23:17:6828868] [INFO ]: Recieve server done
[12/05/22 21:23:17:6830573] [INFO ]: Replying to spooler
[12/05/22 21:23:17:7441582] [DEBUG]: Recieving packet from Spooler of len 9
[12/05/22 21:23:17:7450059] [INFO ]: Recieving servers from spooler
[12/05/22 21:23:17:7451908] [DEBUG]: Recieved server: 127.0.0.1:10123 - 0
[12/05/22 21:23:17:7453576] [INFO ]: Recieve server done
[12/05/22 21:23:17:7455307] [INFO ]: Replying to spooler
[12/05/22 21:23:17:8060688] [DEBUG]: Recieving packet from Spooler of len 9
[12/05/22 21:23:17:8065887] [INFO ]: Recieving servers from spooler
[12/05/22 21:23:17:8068457] [DEBUG]: Recieved server: 127.0.0.1:10123 - 0
[12/05/22 21:23:17:8070271] [INFO ]: Recieve server done
[12/05/22 21:23:17:8071930] [INFO ]: Replying to spooler
[12/05/22 21:23:17:8673365] [DEBUG]: Recieving packet from Spooler of len 9
[12/05/22 21:23:17:8676916] [INFO ]: Recieving servers from spooler
[12/05/22 21:23:17:8679258] [DEBUG]: Recieved server: 127.0.0.1:10123 - 0
[12/05/22 21:23:17:8681041] [INFO ]: Recieve server done
[12/05/22 21:23:17:8683046] [INFO ]: Replying to spooler
[12/05/22 21:23:17:9293645] [DEBUG]: Recieving packet from Spooler of len 9
[12/05/22 21:23:17:9299743] [INFO ]: Recieving servers from spooler
[12/05/22 21:23:17:9301803] [DEBUG]: Recieved server: 127.0.0.1:10123 - 0
[12/05/22 21:23:17:9303550] [INFO ]: Recieve server done
[12/05/22 21:23:17:9305507] [INFO ]: Replying to spooler
[12/05/22 21:23:17:9913697] [DEBUG]: Recieving packet from Spooler of len 9
[12/05/22 21:23:17:9917299] [INFO ]: Recieving servers from spooler
[12/05/22 21:23:17:9919763] [DEBUG]: Recieved server: 127.0.0.1:10123 - 0
[12/05/22 21:23:17:9923144] [INFO ]: Recieve server done
[12/05/22 21:23:17:9925016] [INFO ]: Replying to spooler
[12/05/22 21:23:18:0526148] [DEBUG]: Recieving packet from Spooler of len 9
[12/05/22 21:23:18:0529393] [INFO ]: Recieving servers from spooler
[12/05/22 21:23:18:0531934] [DEBUG]: Recieved server: 127.0.0.1:10123 - 0
[12/05/22 21:23:18:0533885] [INFO ]: Recieve server done
[12/05/22 21:23:18:0535570] [INFO ]: Replying to spooler
[12/05/22 21:23:18:1146203] [DEBUG]: Recieving packet from Spooler of len 9
[12/05/22 21:23:18:1149263] [INFO ]: Recieving servers from spooler
[12/05/22 21:23:18:1151487] [DEBUG]: Recieved server: 127.0.0.1:10123 - 0
[12/05/22 21:23:18:1153697] [INFO ]: Recieve server done
[12/05/22 21:23:18:1155531] [INFO ]: Replying to spooler
[12/05/22 21:23:18:1767038] [DEBUG]: Recieving packet from Spooler of len 9
[12/05/22 21:23:18:1777303] [INFO ]: Recieving servers from spooler
[12/05/22 21:23:18:1779082] [DEBUG]: Recieved server: 127.0.0.1:10123 - 0
[12/05/22 21:23:18:1780816] [INFO ]: Recieve server done
[12/05/22 21:23:18:1782385] [INFO ]: Replying to spooler
[12/05/22 21:23:18:2387592] [DEBUG]: Recieving packet from Spooler of len 9
[12/05/22 21:23:18:2391439] [INFO ]: Recieving servers from spooler
[12/05/22 21:23:18:2393643] [DEBUG]: Recieved server: 127.0.0.1:10123 - 0
[12/05/22 21:23:18:2395649] [INFO ]: Recieve server done
[12/05/22 21:23:18:2397612] [INFO ]: Replying to spooler
[12/05/22 21:23:18:3003306] [DEBUG]: Recieving packet from Spooler of len 9
[12/05/22 21:23:18:3007883] [INFO ]: Recieving servers from spooler
[12/05/22 21:23:18:3009669] [DEBUG]: Recieved server: 127.0.0.1:10123 - 0
[12/05/22 21:23:18:3011311] [INFO ]: Recieve server done
[12/05/22 21:23:18:3012980] [INFO ]: Replying to spooler
[12/05/22 21:23:18:3622710] [DEBUG]: Recieving packet from Spooler of len 9
[12/05/22 21:23:18:3629382] [INFO ]: Recieving servers from spooler
[12/05/22 21:23:18:3631144] [DEBUG]: Recieved server: 127.0.0.1:10123 - 0
[12/05/22 21:23:18:3632945] [INFO ]: Recieve server done
[12/05/22 21:23:18:3634723] [INFO ]: Replying to spooler
[12/05/22 21:23:18:4235893] [DEBUG]: Recieving packet from Spooler of len 9
[12/05/22 21:23:18:4240748] [INFO ]: Recieving servers from spooler
[12/05/22 21:23:18:4242553] [DEBUG]: Recieved server: 127.0.0.1:10123 - 0
[12/05/22 21:23:18:4244392] [INFO ]: Recieve server done
[12/05/22 21:23:18:4246106] [INFO ]: Replying to spooler
[12/05/22 21:23:18:4854468] [DEBUG]: Recieving packet from Spooler of len 9
[12/05/22 21:23:18:4863632] [INFO ]: Recieving servers from spooler
[12/05/22 21:23:18:4865431] [DEBUG]: Recieved server: 127.0.0.1:10123 - 0
[12/05/22 21:23:18:4867151] [INFO ]: Recieve server done
[12/05/22 21:23:18:4869100] [INFO ]: Replying to spooler
[12/05/22 21:23:18:5474267] [DEBUG]: Recieving packet from Spooler of len 9
[12/05/22 21:23:18:5478531] [INFO ]: Recieving servers from spooler
[12/05/22 21:23:18:5480465] [DEBUG]: Recieved server: 127.0.0.1:10123 - 0
[12/05/22 21:23:18:5484404] [INFO ]: Recieve server done
[12/05/22 21:23:18:5486034] [INFO ]: Replying to spooler
[12/05/22 21:23:18:6089882] [DEBUG]: Recieving packet from Spooler of len 9
[12/05/22 21:23:18:6093851] [INFO ]: Recieving servers from spooler
[12/05/22 21:23:18:6095913] [DEBUG]: Recieved server: 127.0.0.1:10123 - 0
[12/05/22 21:23:18:6097786] [INFO ]: Recieve server done
[12/05/22 21:23:18:6099706] [INFO ]: Replying to spooler
[12/05/22 21:23:18:6706775] [DEBUG]: Recieving packet from Spooler of len 9
[12/05/22 21:23:18:6709720] [INFO ]: Recieving servers from spooler
[12/05/22 21:23:18:6711562] [DEBUG]: Recieved server: 127.0.0.1:10123 - 0
[12/05/22 21:23:18:6713348] [INFO ]: Recieve server done
[12/05/22 21:23:18:6714980] [INFO ]: Replying to spooler
[12/05/22 21:23:18:7322847] [DEBUG]: Recieving packet from Spooler of len 9
[12/05/22 21:23:18:7333193] [INFO ]: Recieving servers from spooler
[12/05/22 21:23:18:7335257] [DEBUG]: Recieved server: 127.0.0.1:10123 - 0
[12/05/22 21:23:18:7337012] [INFO ]: Recieve server done
[12/05/22 21:23:18:7338725] [INFO ]: Replying to spooler
[12/05/22 21:23:18:7940231] [DEBUG]: Recieving packet from Spooler of len 9
[12/05/22 21:23:18:7943584] [INFO ]: Recieving servers from spooler
[12/05/22 21:23:18:7946113] [DEBUG]: Recieved server: 127.0.0.1:10123 - 0
[12/05/22 21:23:18:7948230] [INFO ]: Recieve server done
[12/05/22 21:23:18:7950484] [INFO ]: Replying to spooler
[12/05/22 21:23:18:8554835] [DEBUG]: Recieving packet from Spooler of len 9
[12/05/22 21:23:18:8563623] [INFO ]: Recieving servers from spooler
[12/05/22 21:23:18:8567211] [DEBUG]: Recieved server: 127.0.0.1:10123 - 0
[12/05/22 21:23:18:8569059] [INFO ]: Recieve server done
[12/05/22 21:23:18:8570695] [INFO ]: Replying to spooler
[12/05/22 21:23:18:9170758] [DEBUG]: Recieving packet from Spooler of len 9
[12/05/22 21:23:18:9176716] [INFO ]: Recieving servers from spooler
[12/05/22 21:23:18:9178884] [DEBUG]: Recieved server: 127.0.0.1:10123 - 0
[12/05/22 21:23:18:9180720] [INFO ]: Recieve server done
[12/05/22 21:23:18:9182341] [INFO ]: Replying to spooler
[12/05/22 21:23:18:9785046] [DEBUG]: Recieving packet from Spooler of len 9
[12/05/22 21:23:18:9791498] [INFO ]: Recieving servers from spooler
[12/05/22 21:23:18:9794842] [DEBUG]: Recieved server: 127.0.0.1:10123 - 0
[12/05/22 21:23:18:9796522] [INFO ]: Recieve server done
[12/05/22 21:23:18:9798106] [INFO ]: Replying to spooler
[12/05/22 21:23:19:0401098] [DEBUG]: Recieving packet from Spooler of len 9
[12/05/22 21:23:19:0405669] [INFO ]: Recieving servers from spooler
[12/05/22 21:23:19:0407905] [DEBUG]: Recieved server: 127.0.0.1:10123 - 0
[12/05/22 21:23:19:0410067] [INFO ]: Recieve server done
[12/05/22 21:23:19:0412027] [INFO ]: Replying to spooler
[12/05/22 21:23:19:1019128] [DEBUG]: Recieving packet from Spooler of len 9
[12/05/22 21:23:19:1024876] [INFO ]: Recieving servers from spooler
[12/05/22 21:23:19:1026689] [DEBUG]: Recieved server: 127.0.0.1:10123 - 0
[12/05/22 21:23:19:1028404] [INFO ]: Recieve server done
[12/05/22 21:23:19:1030029] [INFO ]: Replying to spooler
[12/05/22 21:23:19:1639887] [DEBUG]: Recieving packet from Spooler of len 9
[12/05/22 21:23:19:1644169] [INFO ]: Recieving servers from spooler
[12/05/22 21:23:19:1645851] [DEBUG]: Recieved server: 127.0.0.1:10123 - 0
[12/05/22 21:23:19:1647513] [INFO ]: Recieve server done
[12/05/22 21:23:19:1649165] [INFO ]: Replying to spooler
[12/05/22 21:23:19:2257435] [DEBUG]: Recieving packet from Spooler of len 9
[12/05/22 21:23:19:2262265] [INFO ]: Recieving servers from spooler
[12/05/22 21:23:19:2264517] [DEBUG]: Recieved server: 127.0.0.1:10123 - 0
[12/05/22 21:23:19:2266352] [INFO ]: Recieve server done
[12/05/22 21:23:19:2268045] [INFO ]: Replying to spooler
[12/05/22 21:23:19:2875747] [DEBUG]: Recieving packet from Spooler of len 9
[12/05/22 21:23:19:2887920] [INFO ]: Recieving servers from spooler
[12/05/22 21:23:19:2889859] [DEBUG]: Recieved server: 127.0.0.1:10123 - 0
[12/05/22 21:23:19:2891627] [INFO ]: Recieve server done
[12/05/22 21:23:19:2893336] [INFO ]: Replying to spooler
[12/05/22 21:23:19:3493239] [DEBUG]: Recieving packet from Spooler of len 9
[12/05/22 21:23:19:3498374] [INFO ]: Recieving servers from spooler
[12/05/22 21:23:19:3500414] [DEBUG]: Recieved server: 127.0.0.1:10123 - 0
[12/05/22 21:23:19:3502399] [INFO ]: Recieve server done
[12/05/22 21:23:19:3504119] [INFO ]: Replying to spooler
[12/05/22 21:23:19:4112273] [DEBUG]: Recieving packet from Spooler of len 9
[12/05/22 21:23:19:4116226] [INFO ]: Recieving servers from spooler
[12/05/22 21:23:19:4118502] [DEBUG]: Recieved server: 127.0.0.1:10123 - 0
[12/05/22 21:23:19:4120304] [INFO ]: Recieve server done
[12/05/22 21:23:19:4122106] [INFO ]: Replying to spooler
[12/05/22 21:23:19:4732544] [DEBUG]: Recieving packet from Spooler of len 9
[12/05/22 21:23:19:4744222] [INFO ]: Recieving servers from spooler
[12/05/22 21:23:19:4749620] [DEBUG]: Recieved server: 127.0.0.1:10123 - 0
[12/05/22 21:23:19:4758513] [INFO ]: Recieve server done
[12/05/22 21:23:19:4763333] [INFO ]: Replying to spooler
[12/05/22 21:23:19:5351668] [DEBUG]: Recieving packet from Spooler of len 9
[12/05/22 21:23:19:5356193] [INFO ]: Recieving servers from spooler
[12/05/22 21:23:19:5358577] [DEBUG]: Recieved server: 127.0.0.1:10123 - 0
[12/05/22 21:23:19:5360646] [INFO ]: Recieve server done
[12/05/22 21:23:19:5362412] [INFO ]: Replying to spooler
[12/05/22 21:23:19:5970836] [DEBUG]: Recieving packet from Spooler of len 9
[12/05/22 21:23:19:5976517] [INFO ]: Recieving servers from spooler
[12/05/22 21:23:19:5980580] [DEBUG]: Recieved server: 127.0.0.1:10123 - 0
[12/05/22 21:23:19:5982376] [INFO ]: Recieve server done
[12/05/22 21:23:19:5984116] [INFO ]: Replying to spooler
[12/05/22 21:23:19:6591235] [DEBUG]: Recieving packet from Spooler of len 9
[12/05/22 21:23:19:6597426] [INFO ]: Recieving servers from spooler
[12/05/22 21:23:19:6599599] [DEBUG]: Recieved server: 127.0.0.1:10123 - 0
[12/05/22 21:23:19:6601750] [INFO ]: Recieve server done
[12/05/22 21:23:19:6603675] [INFO ]: Replying to spooler
[12/05/22 21:23:19:7208878] [DEBUG]: Recieving packet from Spooler of len 9
[12/05/22 21:23:19:7213118] [INFO ]: Recieving servers from spooler
[12/05/22 21:23:19:7215189] [DEBUG]: Recieved server: 127.0.0.1:10123 - 0
[12/05/22 21:23:19:7216951] [INFO ]: Recieve server done
[12/05/22 21:23:19:7218613] [INFO ]: Replying to spooler
[12/05/22 21:23:19:7827287] [DEBUG]: Recieving packet from Spooler of len 9
[12/05/22 21:23:19:7831776] [INFO ]: Recieving servers from spooler
[12/05/22 21:23:19:7834049] [DEBUG]: Recieved server: 127.0.0.1:10123 - 0
[12/05/22 21:23:19:7836032] [INFO ]: Recieve server done
[12/05/22 21:23:19:7837796] [INFO ]: Replying to spooler
[12/05/22 21:23:19:8443160] [DEBUG]: Recieving packet from Spooler of len 9
[12/05/22 21:23:19:8447531] [INFO ]: Recieving servers from spooler
[12/05/22 21:23:19:8449288] [DEBUG]: Recieved server: 127.0.0.1:10123 - 0
[12/05/22 21:23:19:8451024] [INFO ]: Recieve server done
[12/05/22 21:23:19:8452702] [INFO ]: Replying to spooler
[12/05/22 21:23:19:9057461] [DEBUG]: Recieving packet from Spooler of len 9
[12/05/22 21:23:19:9063521] [INFO ]: Recieving servers from spooler
[12/05/22 21:23:19:9065667] [DEBUG]: Recieved server: 127.0.0.1:10123 - 0
[12/05/22 21:23:19:9067899] [INFO ]: Recieve server done
[12/05/22 21:23:19:9069718] [INFO ]: Replying to spooler
[12/05/22 21:23:19:9675849] [DEBUG]: Recieving packet from Spooler of len 9
[12/05/22 21:23:19:9678894] [INFO ]: Recieving servers from spooler
[12/05/22 21:23:19:9681315] [DEBUG]: Recieved server: 127.0.0.1:10123 - 0
[12/05/22 21:23:19:9683598] [INFO ]: Recieve server done
[12/05/22 21:23:19:9685832] [INFO ]: Replying to spooler
[12/05/22 21:23:20:0291955] [DEBUG]: Recieving packet from Spooler of len 9
[12/05/22 21:23:20:0295156] [INFO ]: Recieving servers from spooler
[12/05/22 21:23:20:0297456] [DEBUG]: Recieved server: 127.0.0.1:10123 - 0
[12/05/22 21:23:20:0299467] [INFO ]: Recieve server done
[12/05/22 21:23:20:0301313] [INFO ]: Replying to spooler
[12/05/22 21:23:20:0906489] [DEBUG]: Recieving packet from Spooler of len 9
[12/05/22 21:23:20:0914849] [INFO ]: Recieving servers from spooler
[12/05/22 21:23:20:0917388] [DEBUG]: Recieved server: 127.0.0.1:10123 - 0
[12/05/22 21:23:20:0919080] [INFO ]: Recieve server done
[12/05/22 21:23:20:0920775] [INFO ]: Replying to spooler
[12/05/22 21:23:20:1527109] [DEBUG]: Recieving packet from Spooler of len 9
[12/05/22 21:23:20:1531061] [INFO ]: Recieving servers from spooler
[12/05/22 21:23:20:1533247] [DEBUG]: Recieved server: 127.0.0.1:10123 - 0
[12/05/22 21:23:20:1535064] [INFO ]: Recieve server done
[12/05/22 21:23:20:1536759] [INFO ]: Replying to spooler
[12/05/22 21:23:20:2146766] [DEBUG]: Recieving packet from Spooler of len 9
[12/05/22 21:23:20:2151597] [INFO ]: Recieving servers from spooler
[12/05/22 21:23:20:2154201] [DEBUG]: Recieved server: 127.0.0.1:10123 - 0
[12/05/22 21:23:20:2156239] [INFO ]: Recieve server done
[12/05/22 21:23:20:2158640] [INFO ]: Replying to spooler
[12/05/22 21:23:20:2764278] [DEBUG]: Recieving packet from Spooler of len 9
[12/05/22 21:23:20:2774463] [INFO ]: Recieving servers from spooler
[12/05/22 21:23:20:2778858] [DEBUG]: Recieved server: 127.0.0.1:10123 - 0
[12/05/22 21:23:20:2780918] [INFO ]: Recieve server done
[12/05/22 21:23:20:2782615] [INFO ]: Replying to spooler
[12/05/22 21:23:20:3383134] [DEBUG]: Recieving packet from Spooler of len 9
[12/05/22 21:23:20:3387052] [INFO ]: Recieving servers from spooler
[12/05/22 21:23:20:3389210] [DEBUG]: Recieved server: 127.0.0.1:10123 - 0
[12/05/22 21:23:20:3391237] [INFO ]: Recieve server done
[12/05/22 21:23:20:3393459] [INFO ]: Replying to spooler
[12/05/22 21:23:20:3999494] [DEBUG]: Recieving packet from Spooler of len 9
[12/05/22 21:23:20:4004920] [INFO ]: Recieving servers from spooler
[12/05/22 21:23:20:4007079] [DEBUG]: Recieved server: 127.0.0.1:10123 - 0
[12/05/22 21:23:20:4008839] [INFO ]: Recieve server done
[12/05/22 21:23:20:4010609] [INFO ]: Replying to spooler
[12/05/22 21:23:20:4615571] [DEBUG]: Recieving packet from Spooler of len 9
[12/05/22 21:23:20:4621257] [INFO ]: Recieving servers from spooler
[12/05/22 21:23:20:4623420] [DEBUG]: Recieved server: 127.0.0.1:10123 - 0
[12/05/22 21:23:20:4625590] [INFO ]: Recieve server done
[12/05/22 21:23:20:4627671] [INFO ]: Replying to spooler
[12/05/22 21:23:20:5229940] [DEBUG]: Recieving packet from Spooler of len 9
[12/05/22 21:23:20:5233892] [INFO ]: Recieving servers from spooler
[12/05/22 21:23:20:5236675] [DEBUG]: Recieved server: 127.0.0.1:10123 - 0
[12/05/22 21:23:20:5238773] [INFO ]: Recieve server done
[12/05/22 21:23:20:5240442] [INFO ]: Replying to spooler
[12/05/22 21:23:20:5843933] [DEBUG]: Recieving packet from Spooler of len 9
[12/05/22 21:23:20:5848506] [INFO ]: Recieving servers from spooler
[12/05/22 21:23:20:5850707] [DEBUG]: Recieved server: 127.0.0.1:10123 - 0
[12/05/22 21:23:20:5852323] [INFO ]: Recieve server done
[12/05/22 21:23:20:5854019] [INFO ]: Replying to spooler
[12/05/22 21:23:20:6460315] [DEBUG]: Recieving packet from Spooler of len 9
[12/05/22 21:23:20:6469737] [INFO ]: Recieving servers from spooler
[12/05/22 21:23:20:6472015] [DEBUG]: Recieved server: 127.0.0.1:10123 - 0
[12/05/22 21:23:20:6474061] [INFO ]: Recieve server done
[12/05/22 21:23:20:6476163] [INFO ]: Replying to spooler
[12/05/22 21:23:20:7076728] [DEBUG]: Recieving packet from Spooler of len 9
[12/05/22 21:23:20:7088180] [INFO ]: Recieving servers from spooler
[12/05/22 21:23:20:7090486] [DEBUG]: Recieved server: 127.0.0.1:10123 - 0
[12/05/22 21:23:20:7092275] [INFO ]: Recieve server done
[12/05/22 21:23:20:7094005] [INFO ]: Replying to spooler
[12/05/22 21:23:20:7689680] [DEBUG]: Recieving packet from Spooler of len 9
[12/05/22 21:23:20:7695790] [INFO ]: Recieving servers from spooler
[12/05/22 21:23:20:7697529] [DEBUG]: Recieved server: 127.0.0.1:10123 - 0
[12/05/22 21:23:20:7699242] [INFO ]: Recieve server done
[12/05/22 21:23:20:7700953] [INFO ]: Replying to spooler
[12/05/22 21:23:20:8306281] [DEBUG]: Recieving packet from Spooler of len 9
[12/05/22 21:23:20:8313087] [INFO ]: Recieving servers from spooler
[12/05/22 21:23:20:8315351] [DEBUG]: Recieved server: 127.0.0.1:10123 - 0
[12/05/22 21:23:20:8317052] [INFO ]: Recieve server done
[12/05/22 21:23:20:8318678] [INFO ]: Replying to spooler
[12/05/22 21:23:20:8922997] [DEBUG]: Recieving packet from Spooler of len 9
[12/05/22 21:23:20:8932369] [INFO ]: Recieving servers from spooler
[12/05/22 21:23:20:8937876] [DEBUG]: Recieved server: 127.0.0.1:10123 - 0
[12/05/22 21:23:20:8939972] [INFO ]: Recieve server done
[12/05/22 21:23:20:8941589] [INFO ]: Replying to spooler
[12/05/22 21:23:20:9534728] [DEBUG]: Recieving packet from Spooler of len 9
[12/05/22 21:23:20:9541755] [INFO ]: Recieving servers from spooler
[12/05/22 21:23:20:9543660] [DEBUG]: Recieved server: 127.0.0.1:10123 - 0
[12/05/22 21:23:20:9545640] [INFO ]: Recieve server done
[12/05/22 21:23:20:9547324] [INFO ]: Replying to spooler
[12/05/22 21:23:21:0149562] [DEBUG]: Recieving packet from Spooler of len 9
[12/05/22 21:23:21:0153794] [INFO ]: Recieving servers from spooler
[12/05/22 21:23:21:0155682] [DEBUG]: Recieved server: 127.0.0.1:10123 - 0
[12/05/22 21:23:21:0157482] [INFO ]: Recieve server done
[12/05/22 21:23:21:0159251] [INFO ]: Replying to spooler
[12/05/22 21:23:21:0765415] [DEBUG]: Recieving packet from Spooler of len 9
[12/05/22 21:23:21:0772035] [INFO ]: Recieving servers from spooler
[12/05/22 21:23:21:0773831] [DEBUG]: Recieved server: 127.0.0.1:10123 - 0
[12/05/22 21:23:21:0775623] [INFO ]: Recieve server done
[12/05/22 21:23:21:0777213] [INFO ]: Replying to spooler
[12/05/22 21:23:21:1384432] [DEBUG]: Recieving packet from Spooler of len 9
[12/05/22 21:23:21:1389603] [INFO ]: Recieving servers from spooler
[12/05/22 21:23:21:1391596] [DEBUG]: Recieved server: 127.0.0.1:10123 - 0
[12/05/22 21:23:21:1393358] [INFO ]: Recieve server done
[12/05/22 21:23:21:1395183] [INFO ]: Replying to spooler
[12/05/22 21:23:21:2005129] [DEBUG]: Recieving packet from Spooler of len 9
[12/05/22 21:23:21:2012430] [INFO ]: Recieving servers from spooler
[12/05/22 21:23:21:2014244] [DEBUG]: Recieved server: 127.0.0.1:10123 - 0
[12/05/22 21:23:21:2015956] [INFO ]: Recieve server done
[12/05/22 21:23:21:2017604] [INFO ]: Replying to spooler
[12/05/22 21:23:21:2621164] [DEBUG]: Recieving packet from Spooler of len 9
[12/05/22 21:23:21:2625294] [INFO ]: Recieving servers from spooler
[12/05/22 21:23:21:2627339] [DEBUG]: Recieved server: 127.0.0.1:10123 - 0
[12/05/22 21:23:21:2629441] [INFO ]: Recieve server done
[12/05/22 21:23:21:2631395] [INFO ]: Replying to spooler
[12/05/22 21:23:21:3236015] [DEBUG]: Recieving packet from Spooler of len 9
[12/05/22 21:23:21:3242591] [INFO ]: Recieving servers from spooler
[12/05/22 21:23:21:3244902] [DEBUG]: Recieved server: 127.0.0.1:10123 - 0
[12/05/22 21:23:21:3246581] [INFO ]: Recieve server done
[12/05/22 21:23:21:3248235] [INFO ]: Replying to spooler
[12/05/22 21:23:21:3852495] [DEBUG]: Recieving packet from Spooler of len 9
[12/05/22 21:23:21:3855768] [INFO ]: Recieving servers from spooler
[12/05/22 21:23:21:3857555] [DEBUG]: Recieved server: 127.0.0.1:10123 - 0
[12/05/22 21:23:21:3859416] [INFO ]: Recieve server done
[12/05/22 21:23:21:3861151] [INFO ]: Replying to spooler
[12/05/22 21:23:21:4470895] [DEBUG]: Recieving packet from Spooler of len 9
[12/05/22 21:23:21:4483708] [INFO ]: Recieving servers from spooler
[12/05/22 21:23:21:4486335] [DEBUG]: Recieved server: 127.0.0.1:10123 - 0
[12/05/22 21:23:21:4488165] [INFO ]: Recieve server done
[12/05/22 21:23:21:4489802] [INFO ]: Replying to spooler
[12/05/22 21:23:21:5081559] [DEBUG]: Recieving packet from Spooler of len 9
[12/05/22 21:23:21:5095066] [INFO ]: Recieving servers from spooler
[12/05/22 21:23:21:5097732] [DEBUG]: Recieved server: 127.0.0.1:10123 - 0
[12/05/22 21:23:21:5099496] [INFO ]: Recieve server done
[12/05/22 21:23:21:5101225] [INFO ]: Replying to spooler
[12/05/22 21:23:21:5700382] [DEBUG]: Recieving packet from Spooler of len 9
[12/05/22 21:23:21:5706518] [INFO ]: Recieving servers from spooler
[12/05/22 21:23:21:5708772] [DEBUG]: Recieved server: 127.0.0.1:10123 - 0
[12/05/22 21:23:21:5710694] [INFO ]: Recieve server done
[12/05/22 21:23:21:5712377] [INFO ]: Replying to spooler
[12/05/22 21:23:21:6317614] [DEBUG]: Recieving packet from Spooler of len 9
[12/05/22 21:23:21:6324600] [INFO ]: Recieving servers from spooler
[12/05/22 21:23:21:6326543] [DEBUG]: Recieved server: 127.0.0.1:10123 - 0
[12/05/22 21:23:21:6328552] [INFO ]: Recieve server done
[12/05/22 21:23:21:6330354] [INFO ]: Replying to spooler
[12/05/22 21:23:21:6937906] [DEBUG]: Recieving packet from Spooler of len 9
[12/05/22 21:23:21:6949619] [INFO ]: Recieving servers from spooler
[12/05/22 21:23:21:6954696] [DEBUG]: Recieved server: 127.0.0.1:10123 - 0
[12/05/22 21:23:21:6956548] [INFO ]: Recieve server done
[12/05/22 21:23:21:6958171] [INFO ]: Replying to spooler
[12/05/22 21:23:21:7554485] [DEBUG]: Recieving packet from Spooler of len 9
[12/05/22 21:23:21:7559454] [INFO ]: Recieving servers from spooler
[12/05/22 21:23:21:7561729] [DEBUG]: Recieved server: 127.0.0.1:10123 - 0
[12/05/22 21:23:21:7563620] [INFO ]: Recieve server done
[12/05/22 21:23:21:7565298] [INFO ]: Replying to spooler
[12/05/22 21:23:21:8171680] [DEBUG]: Recieving packet from Spooler of len 9
[12/05/22 21:23:21:8176379] [INFO ]: Recieving servers from spooler
[12/05/22 21:23:21:8178787] [DEBUG]: Recieved server: 127.0.0.1:10123 - 0
[12/05/22 21:23:21:8181179] [INFO ]: Recieve server done
[12/05/22 21:23:21:8183199] [INFO ]: Replying to spooler
[12/05/22 21:23:21:8789376] [DEBUG]: Recieving packet from Spooler of len 9
[12/05/22 21:23:21:8795251] [INFO ]: Recieving servers from spooler
[12/05/22 21:23:21:8797130] [DEBUG]: Recieved server: 127.0.0.1:10123 - 0
[12/05/22 21:23:21:8798880] [INFO ]: Recieve server done
[12/05/22 21:23:21:8800568] [INFO ]: Replying to spooler
[12/05/22 21:23:21:9406562] [DEBUG]: Recieving packet from Spooler of len 9
[12/05/22 21:23:21:9411725] [INFO ]: Recieving servers from spooler
[12/05/22 21:23:21:9413946] [DEBUG]: Recieved server: 127.0.0.1:10123 - 0
[12/05/22 21:23:21:9416357] [INFO ]: Recieve server done
[12/05/22 21:23:21:9418145] [INFO ]: Replying to spooler
[12/05/22 21:23:22:0014421] [DEBUG]: Recieving packet from Spooler of len 9
[12/05/22 21:23:22:0019896] [INFO ]: Recieving servers from spooler
[12/05/22 21:23:22:0021839] [DEBUG]: Recieved server: 127.0.0.1:10123 - 0
[12/05/22 21:23:22:0024554] [INFO ]: Recieve server done
[12/05/22 21:23:22:0026326] [INFO ]: Replying to spooler
[12/05/22 21:23:22:0632471] [DEBUG]: Recieving packet from Spooler of len 9
[12/05/22 21:23:22:0638375] [INFO ]: Recieving servers from spooler
[12/05/22 21:23:22:0641585] [DEBUG]: Recieved server: 127.0.0.1:10123 - 0
[12/05/22 21:23:22:0644481] [INFO ]: Recieve server done
[12/05/22 21:23:22:0646225] [INFO ]: Replying to spooler
[12/05/22 21:23:22:1250961] [DEBUG]: Recieving packet from Spooler of len 9
[12/05/22 21:23:22:1254611] [INFO ]: Recieving servers from spooler
[12/05/22 21:23:22:1256754] [DEBUG]: Recieved server: 127.0.0.1:10123 - 0
[12/05/22 21:23:22:1258784] [INFO ]: Recieve server done
[12/05/22 21:23:22:1260711] [INFO ]: Replying to spooler
[12/05/22 21:23:22:1869484] [DEBUG]: Recieving packet from Spooler of len 9
[12/05/22 21:23:22:1872587] [INFO ]: Recieving servers from spooler
[12/05/22 21:23:22:1874585] [DEBUG]: Recieved server: 127.0.0.1:10123 - 0
[12/05/22 21:23:22:1876356] [INFO ]: Recieve server done
[12/05/22 21:23:22:1878060] [INFO ]: Replying to spooler
[12/05/22 21:23:22:2491013] [DEBUG]: Recieving packet from Spooler of len 9
[12/05/22 21:23:22:2502263] [INFO ]: Recieving servers from spooler
[12/05/22 21:23:22:2504100] [DEBUG]: Recieved server: 127.0.0.1:10123 - 0
[12/05/22 21:23:22:2505872] [INFO ]: Recieve server done
[12/05/22 21:23:22:2507560] [INFO ]: Replying to spooler
[12/05/22 21:23:22:3107734] [DEBUG]: Recieving packet from Spooler of len 9
[12/05/22 21:23:22:3111026] [INFO ]: Recieving servers from spooler
[12/05/22 21:23:22:3113284] [DEBUG]: Recieved server: 127.0.0.1:10123 - 0
[12/05/22 21:23:22:3115002] [INFO ]: Recieve server done
[12/05/22 21:23:22:3116621] [INFO ]: Replying to spooler
[12/05/22 21:23:22:3729048] [DEBUG]: Recieving packet from Spooler of len 9
[12/05/22 21:23:22:3732916] [INFO ]: Recieving servers from spooler
[12/05/22 21:23:22:3735004] [DEBUG]: Recieved server: 127.0.0.1:10123 - 0
[12/05/22 21:23:22:3736614] [INFO ]: Recieve server done
[12/05/22 21:23:22:3738378] [INFO ]: Replying to spooler
[12/05/22 21:23:22:4348346] [DEBUG]: Recieving packet from Spooler of len 9
[12/05/22 21:23:22:4352060] [INFO ]: Recieving servers from spooler
[12/05/22 21:23:22:4354336] [DEBUG]: Recieved server: 127.0.0.1:10123 - 0
[12/05/22 21:23:22:4356112] [INFO ]: Recieve server done
[12/05/22 21:23:22:4357976] [INFO ]: Replying to spooler
[12/05/22 21:23:22:4963873] [DEBUG]: Recieving packet from Spooler of len 9
[12/05/22 21:23:22:4969146] [INFO ]: Recieving servers from spooler
[12/05/22 21:23:22:4971732] [DEBUG]: Recieved server: 127.0.0.1:10123 - 0
[12/05/22 21:23:22:4973671] [INFO ]: Recieve server done
[12/05/22 21:23:22:4975509] [INFO ]: Replying to spooler
[12/05/22 21:23:22:5040406] [INFO ]: Client connected, queue len: 1
[12/05/22 21:23:22:5043499] [INFO ]: Waiting for client to connect
[12/05/22 21:23:22:5119332] [INFO ]: 1
[12/05/22 21:23:22:5127156] [INFO ]: Player sent to 127.0.0.1:10123
[12/05/22 21:23:22:5133844] [DEBUG]: Client transfer done
[12/05/22 21:23:22:5581153] [DEBUG]: Recieving packet from Spooler of len 9
[12/05/22 21:23:22:5585165] [INFO ]: Recieving servers from spooler
[12/05/22 21:23:22:5587414] [DEBUG]: Recieved server: 127.0.0.1:10123 - 0
[12/05/22 21:23:22:5589288] [INFO ]: Recieve server done
[12/05/22 21:23:22:5591019] [INFO ]: Replying to spooler
[12/05/22 21:23:22:7282783] [DEBUG]: Recieving packet from Spooler of len 16
[12/05/22 21:23:22:7288529] [INFO ]: Recieving servers from spooler
[12/05/22 21:23:22:7290686] [DEBUG]: Recieved server: 127.0.0.1:10123 - 1
[12/05/22 21:23:22:7292370] [DEBUG]: Recieved server: 127.0.0.1:10124 - 0
[12/05/22 21:23:22:7293923] [INFO ]: Recieve server done
[12/05/22 21:23:22:7295472] [INFO ]: Replying to spooler
[12/05/22 21:23:22:7900095] [DEBUG]: Recieving packet from Spooler of len 16
[12/05/22 21:23:22:7904559] [INFO ]: Recieving servers from spooler
[12/05/22 21:23:22:7906730] [DEBUG]: Recieved server: 127.0.0.1:10123 - 1
[12/05/22 21:23:22:7908864] [DEBUG]: Recieved server: 127.0.0.1:10124 - 0
[12/05/22 21:23:22:7912093] [INFO ]: Recieve server done
[12/05/22 21:23:22:7914829] [INFO ]: Replying to spooler
[12/05/22 21:23:22:8517377] [DEBUG]: Recieving packet from Spooler of len 16
[12/05/22 21:23:22:8523694] [INFO ]: Recieving servers from spooler
[12/05/22 21:23:22:8525510] [DEBUG]: Recieved server: 127.0.0.1:10123 - 1
[12/05/22 21:23:22:8527352] [DEBUG]: Recieved server: 127.0.0.1:10124 - 0
[12/05/22 21:23:22:8528968] [INFO ]: Recieve server done
[12/05/22 21:23:22:8530662] [INFO ]: Replying to spooler
[12/05/22 21:23:22:9126291] [DEBUG]: Recieving packet from Spooler of len 16
[12/05/22 21:23:22:9135891] [INFO ]: Recieving servers from spooler
[12/05/22 21:23:22:9141852] [DEBUG]: Recieved server: 127.0.0.1:10123 - 1
[12/05/22 21:23:22:9143875] [DEBUG]: Recieved server: 127.0.0.1:10124 - 0
[12/05/22 21:23:22:9146089] [INFO ]: Recieve server done
[12/05/22 21:23:22:9148132] [INFO ]: Replying to spooler
[12/05/22 21:23:22:9742144] [DEBUG]: Recieving packet from Spooler of len 16
[12/05/22 21:23:22:9745237] [INFO ]: Recieving servers from spooler
[12/05/22 21:23:22:9747243] [DEBUG]: Recieved server: 127.0.0.1:10123 - 1
[12/05/22 21:23:22:9749257] [DEBUG]: Recieved server: 127.0.0.1:10124 - 0
[12/05/22 21:23:22:9751183] [INFO ]: Recieve server done
[12/05/22 21:23:22:9752898] [INFO ]: Replying to spooler
[12/05/22 21:23:23:0362873] [DEBUG]: Recieving packet from Spooler of len 16
[12/05/22 21:23:23:0366521] [INFO ]: Recieving servers from spooler
[12/05/22 21:23:23:0368387] [DEBUG]: Recieved server: 127.0.0.1:10123 - 1
[12/05/22 21:23:23:0370194] [DEBUG]: Recieved server: 127.0.0.1:10124 - 0
[12/05/22 21:23:23:0371895] [INFO ]: Recieve server done
[12/05/22 21:23:23:0373584] [INFO ]: Replying to spooler
[12/05/22 21:23:23:0978301] [DEBUG]: Recieving packet from Spooler of len 16
[12/05/22 21:23:23:0987164] [INFO ]: Recieving servers from spooler
[12/05/22 21:23:23:0989855] [DEBUG]: Recieved server: 127.0.0.1:10123 - 1
[12/05/22 21:23:23:0991630] [DEBUG]: Recieved server: 127.0.0.1:10124 - 0
[12/05/22 21:23:23:0993296] [INFO ]: Recieve server done
[12/05/22 21:23:23:0995088] [INFO ]: Replying to spooler
[12/05/22 21:23:23:1593980] [DEBUG]: Recieving packet from Spooler of len 16
[12/05/22 21:23:23:1596948] [INFO ]: Recieving servers from spooler
[12/05/22 21:23:23:1599238] [DEBUG]: Recieved server: 127.0.0.1:10123 - 1
[12/05/22 21:23:23:1600863] [DEBUG]: Recieved server: 127.0.0.1:10124 - 0
[12/05/22 21:23:23:1602469] [INFO ]: Recieve server done
[12/05/22 21:23:23:1604084] [INFO ]: Replying to spooler
[12/05/22 21:23:23:2210296] [DEBUG]: Recieving packet from Spooler of len 16
[12/05/22 21:23:23:2217994] [INFO ]: Recieving servers from spooler
[12/05/22 21:23:23:2220414] [DEBUG]: Recieved server: 127.0.0.1:10123 - 1
[12/05/22 21:23:23:2222486] [DEBUG]: Recieved server: 127.0.0.1:10124 - 0
[12/05/22 21:23:23:2224756] [INFO ]: Recieve server done
[12/05/22 21:23:23:2226561] [INFO ]: Replying to spooler
[12/05/22 21:23:23:2826089] [DEBUG]: Recieving packet from Spooler of len 16
[12/05/22 21:23:23:2829588] [INFO ]: Recieving servers from spooler
[12/05/22 21:23:23:2831884] [DEBUG]: Recieved server: 127.0.0.1:10123 - 1
[12/05/22 21:23:23:2833718] [DEBUG]: Recieved server: 127.0.0.1:10124 - 0
[12/05/22 21:23:23:2835483] [INFO ]: Recieve server done
[12/05/22 21:23:23:2837248] [INFO ]: Replying to spooler
[12/05/22 21:23:23:3445199] [DEBUG]: Recieving packet from Spooler of len 16
[12/05/22 21:23:23:3451405] [INFO ]: Recieving servers from spooler
[12/05/22 21:23:23:3453478] [DEBUG]: Recieved server: 127.0.0.1:10123 - 1
[12/05/22 21:23:23:3455133] [DEBUG]: Recieved server: 127.0.0.1:10124 - 0
[12/05/22 21:23:23:3456671] [INFO ]: Recieve server done
[12/05/22 21:23:23:3458249] [INFO ]: Replying to spooler
[12/05/22 21:23:23:4061324] [DEBUG]: Recieving packet from Spooler of len 16
[12/05/22 21:23:23:4067190] [INFO ]: Recieving servers from spooler
[12/05/22 21:23:23:4069372] [DEBUG]: Recieved server: 127.0.0.1:10123 - 1
[12/05/22 21:23:23:4071622] [DEBUG]: Recieved server: 127.0.0.1:10124 - 0
[12/05/22 21:23:23:4073492] [INFO ]: Recieve server done
[12/05/22 21:23:23:4075359] [INFO ]: Replying to spooler
[12/05/22 21:23:23:4682183] [DEBUG]: Recieving packet from Spooler of len 16
[12/05/22 21:23:23:4687291] [INFO ]: Recieving servers from spooler
[12/05/22 21:23:23:4689788] [DEBUG]: Recieved server: 127.0.0.1:10123 - 1
[12/05/22 21:23:23:4691727] [DEBUG]: Recieved server: 127.0.0.1:10124 - 0
[12/05/22 21:23:23:4693635] [INFO ]: Recieve server done
[12/05/22 21:23:23:4695294] [INFO ]: Replying to spooler
[12/05/22 21:23:23:5302620] [DEBUG]: Recieving packet from Spooler of len 16
[12/05/22 21:23:23:5313822] [INFO ]: Recieving servers from spooler
[12/05/22 21:23:23:5329483] [DEBUG]: Recieved server: 127.0.0.1:10123 - 1
[12/05/22 21:23:23:5340529] [DEBUG]: Recieved server: 127.0.0.1:10124 - 0
[12/05/22 21:23:23:5342186] [INFO ]: Recieve server done
[12/05/22 21:23:23:5348721] [INFO ]: Replying to spooler
[12/05/22 21:23:23:5919664] [DEBUG]: Recieving packet from Spooler of len 16
[12/05/22 21:23:23:5924422] [INFO ]: Recieving servers from spooler
[12/05/22 21:23:23:5926618] [DEBUG]: Recieved server: 127.0.0.1:10123 - 1
[12/05/22 21:23:23:5928549] [DEBUG]: Recieved server: 127.0.0.1:10124 - 0
[12/05/22 21:23:23:5930274] [INFO ]: Recieve server done
[12/05/22 21:23:23:5931872] [INFO ]: Replying to spooler
[12/05/22 21:23:23:6539640] [DEBUG]: Recieving packet from Spooler of len 16
[12/05/22 21:23:23:6548258] [INFO ]: Recieving servers from spooler
[12/05/22 21:23:23:6550666] [DEBUG]: Recieved server: 127.0.0.1:10123 - 1
[12/05/22 21:23:23:6552627] [DEBUG]: Recieved server: 127.0.0.1:10124 - 0
[12/05/22 21:23:23:6554504] [INFO ]: Recieve server done
[12/05/22 21:23:23:6556361] [INFO ]: Replying to spooler
[12/05/22 21:23:23:7158267] [DEBUG]: Recieving packet from Spooler of len 16
[12/05/22 21:23:23:7162430] [INFO ]: Recieving servers from spooler
[12/05/22 21:23:23:7164695] [DEBUG]: Recieved server: 127.0.0.1:10123 - 1
[12/05/22 21:23:23:7166872] [DEBUG]: Recieved server: 127.0.0.1:10124 - 0
[12/05/22 21:23:23:7169029] [INFO ]: Recieve server done
[12/05/22 21:23:23:7170797] [INFO ]: Replying to spooler
[12/05/22 21:23:23:7771653] [DEBUG]: Recieving packet from Spooler of len 16
[12/05/22 21:23:23:7777842] [INFO ]: Recieving servers from spooler
[12/05/22 21:23:23:7780193] [DEBUG]: Recieved server: 127.0.0.1:10123 - 1
[12/05/22 21:23:23:7782119] [DEBUG]: Recieved server: 127.0.0.1:10124 - 0
[12/05/22 21:23:23:7783768] [INFO ]: Recieve server done
[12/05/22 21:23:23:7785389] [INFO ]: Replying to spooler
[12/05/22 21:23:23:8387155] [DEBUG]: Recieving packet from Spooler of len 16
[12/05/22 21:23:23:8394049] [INFO ]: Recieving servers from spooler
[12/05/22 21:23:23:8396011] [DEBUG]: Recieved server: 127.0.0.1:10123 - 1
[12/05/22 21:23:23:8397950] [DEBUG]: Recieved server: 127.0.0.1:10124 - 0
[12/05/22 21:23:23:8399813] [INFO ]: Recieve server done
[12/05/22 21:23:23:8401580] [INFO ]: Replying to spooler
[12/05/22 21:23:23:9007921] [DEBUG]: Recieving packet from Spooler of len 16
[12/05/22 21:23:23:9011705] [INFO ]: Recieving servers from spooler
[12/05/22 21:23:23:9014110] [DEBUG]: Recieved server: 127.0.0.1:10123 - 1
[12/05/22 21:23:23:9015788] [DEBUG]: Recieved server: 127.0.0.1:10124 - 0
[12/05/22 21:23:23:9017580] [INFO ]: Recieve server done
[12/05/22 21:23:23:9019386] [INFO ]: Replying to spooler
[12/05/22 21:23:23:9627851] [DEBUG]: Recieving packet from Spooler of len 16
[12/05/22 21:23:23:9631349] [INFO ]: Recieving servers from spooler
[12/05/22 21:23:23:9633478] [DEBUG]: Recieved server: 127.0.0.1:10123 - 1
[12/05/22 21:23:23:9635112] [DEBUG]: Recieved server: 127.0.0.1:10124 - 0
[12/05/22 21:23:23:9636701] [INFO ]: Recieve server done
[12/05/22 21:23:23:9638254] [INFO ]: Replying to spooler
[12/05/22 21:23:24:0245935] [DEBUG]: Recieving packet from Spooler of len 16
[12/05/22 21:23:24:0251521] [INFO ]: Recieving servers from spooler
[12/05/22 21:23:24:0254052] [DEBUG]: Recieved server: 127.0.0.1:10123 - 1
[12/05/22 21:23:24:0256069] [DEBUG]: Recieved server: 127.0.0.1:10124 - 0
[12/05/22 21:23:24:0257662] [INFO ]: Recieve server done
[12/05/22 21:23:24:0259250] [INFO ]: Replying to spooler
[12/05/22 21:23:24:0861162] [DEBUG]: Recieving packet from Spooler of len 16
[12/05/22 21:23:24:0867615] [INFO ]: Recieving servers from spooler
[12/05/22 21:23:24:0869369] [DEBUG]: Recieved server: 127.0.0.1:10123 - 1
[12/05/22 21:23:24:0871136] [DEBUG]: Recieved server: 127.0.0.1:10124 - 0
[12/05/22 21:23:24:0872702] [INFO ]: Recieve server done
[12/05/22 21:23:24:0874284] [INFO ]: Replying to spooler
[12/05/22 21:23:24:1479166] [DEBUG]: Recieving packet from Spooler of len 16
[12/05/22 21:23:24:1485396] [INFO ]: Recieving servers from spooler
[12/05/22 21:23:24:1487644] [DEBUG]: Recieved server: 127.0.0.1:10123 - 1
[12/05/22 21:23:24:1489364] [DEBUG]: Recieved server: 127.0.0.1:10124 - 0
[12/05/22 21:23:24:1490991] [INFO ]: Recieve server done
[12/05/22 21:23:24:1492597] [INFO ]: Replying to spooler
[12/05/22 21:23:24:2097048] [DEBUG]: Recieving packet from Spooler of len 16
[12/05/22 21:23:24:2109890] [INFO ]: Recieving servers from spooler
[12/05/22 21:23:24:2111903] [DEBUG]: Recieved server: 127.0.0.1:10123 - 1
[12/05/22 21:23:24:2114008] [DEBUG]: Recieved server: 127.0.0.1:10124 - 0
[12/05/22 21:23:24:2115720] [INFO ]: Recieve server done
[12/05/22 21:23:24:2117584] [INFO ]: Replying to spooler
[12/05/22 21:23:24:2714841] [DEBUG]: Recieving packet from Spooler of len 16
[12/05/22 21:23:24:2718777] [INFO ]: Recieving servers from spooler
[12/05/22 21:23:24:2721087] [DEBUG]: Recieved server: 127.0.0.1:10123 - 1
[12/05/22 21:23:24:2722774] [DEBUG]: Recieved server: 127.0.0.1:10124 - 0
[12/05/22 21:23:24:2724453] [INFO ]: Recieve server done
[12/05/22 21:23:24:2726216] [INFO ]: Replying to spooler
[12/05/22 21:23:24:3336026] [DEBUG]: Recieving packet from Spooler of len 16
[12/05/22 21:23:24:3340192] [INFO ]: Recieving servers from spooler
[12/05/22 21:23:24:3342143] [DEBUG]: Recieved server: 127.0.0.1:10123 - 1
[12/05/22 21:23:24:3343989] [DEBUG]: Recieved server: 127.0.0.1:10124 - 0
[12/05/22 21:23:24:3345810] [INFO ]: Recieve server done
[12/05/22 21:23:24:3347457] [INFO ]: Replying to spooler
[12/05/22 21:23:24:3956047] [DEBUG]: Recieving packet from Spooler of len 16
[12/05/22 21:23:24:3961994] [INFO ]: Recieving servers from spooler
[12/05/22 21:23:24:3963774] [DEBUG]: Recieved server: 127.0.0.1:10123 - 1
[12/05/22 21:23:24:3965823] [DEBUG]: Recieved server: 127.0.0.1:10124 - 0
[12/05/22 21:23:24:3967549] [INFO ]: Recieve server done
[12/05/22 21:23:24:3969358] [INFO ]: Replying to spooler
[12/05/22 21:23:24:4572672] [DEBUG]: Recieving packet from Spooler of len 16
[12/05/22 21:23:24:4576650] [INFO ]: Recieving servers from spooler
[12/05/22 21:23:24:4578870] [DEBUG]: Recieved server: 127.0.0.1:10123 - 1
[12/05/22 21:23:24:4581051] [DEBUG]: Recieved server: 127.0.0.1:10124 - 0
[12/05/22 21:23:24:4583131] [INFO ]: Recieve server done
[12/05/22 21:23:24:4584908] [INFO ]: Replying to spooler
[12/05/22 21:23:24:5193233] [DEBUG]: Recieving packet from Spooler of len 16
[12/05/22 21:23:24:5197785] [INFO ]: Recieving servers from spooler
[12/05/22 21:23:24:5200105] [DEBUG]: Recieved server: 127.0.0.1:10123 - 1
[12/05/22 21:23:24:5202376] [DEBUG]: Recieved server: 127.0.0.1:10124 - 0
[12/05/22 21:23:24:5204781] [INFO ]: Recieve server done
[12/05/22 21:23:24:5207031] [INFO ]: Replying to spooler
[12/05/22 21:23:24:5812718] [DEBUG]: Recieving packet from Spooler of len 16
[12/05/22 21:23:24:5818391] [INFO ]: Recieving servers from spooler
[12/05/22 21:23:24:5820536] [DEBUG]: Recieved server: 127.0.0.1:10123 - 1
[12/05/22 21:23:24:5823197] [DEBUG]: Recieved server: 127.0.0.1:10124 - 0
[12/05/22 21:23:24:5826046] [INFO ]: Recieve server done
[12/05/22 21:23:24:5827908] [INFO ]: Replying to spooler
[12/05/22 21:23:24:6432307] [DEBUG]: Recieving packet from Spooler of len 16
[12/05/22 21:23:24:6443710] [INFO ]: Recieving servers from spooler
[12/05/22 21:23:24:6446059] [DEBUG]: Recieved server: 127.0.0.1:10123 - 1
[12/05/22 21:23:24:6447817] [DEBUG]: Recieved server: 127.0.0.1:10124 - 0
[12/05/22 21:23:24:6449432] [INFO ]: Recieve server done
[12/05/22 21:23:24:6451121] [INFO ]: Replying to spooler
[12/05/22 21:23:24:7052339] [DEBUG]: Recieving packet from Spooler of len 16
[12/05/22 21:23:24:7059463] [INFO ]: Recieving servers from spooler
[12/05/22 21:23:24:7061377] [DEBUG]: Recieved server: 127.0.0.1:10123 - 1
[12/05/22 21:23:24:7063222] [DEBUG]: Recieved server: 127.0.0.1:10124 - 0
[12/05/22 21:23:24:7064888] [INFO ]: Recieve server done
[12/05/22 21:23:24:7066508] [INFO ]: Replying to spooler
[12/05/22 21:23:24:7673064] [DEBUG]: Recieving packet from Spooler of len 16
[12/05/22 21:23:24:7680431] [INFO ]: Recieving servers from spooler
[12/05/22 21:23:24:7682643] [DEBUG]: Recieved server: 127.0.0.1:10123 - 1
[12/05/22 21:23:24:7684414] [DEBUG]: Recieved server: 127.0.0.1:10124 - 0
[12/05/22 21:23:24:7686013] [INFO ]: Recieve server done
[12/05/22 21:23:24:7687605] [