[13/05/22 10:14:35:2298283] [INFO ]: Logging started
[13/05/22 10:14:35:2691192] [INFO ]: Starting Spooler receive
[13/05/22 10:14:35:3251828] [DEBUG]: Recieving packet from Spooler of len 2
[13/05/22 10:14:35:3265219] [INFO ]: Recieving servers from spooler
[13/05/22 10:14:35:3267355] [INFO ]: Recieve server done
[13/05/22 10:14:35:3269055] [INFO ]: Replying to spooler
[13/05/22 10:14:35:3325190] [INFO ]: Load Balancer server start
[13/05/22 10:14:35:3341000] [INFO ]: Load Balancer Client Accept Thread Start
[13/05/22 10:14:35:3425019] [INFO ]: Waiting for client to connect
[13/05/22 10:14:35:8664072] [DEBUG]: Recieving packet from Spooler of len 9
[13/05/22 10:14:35:8669755] [INFO ]: Recieving servers from spooler
[13/05/22 10:14:35:8686550] [DEBUG]: Recieved server: 127.0.0.1:10123 - 0
[13/05/22 10:14:35:8690972] [INFO ]: Recieve server done
[13/05/22 10:14:35:8693103] [INFO ]: Replying to spooler
[13/05/22 10:14:35:9306755] [DEBUG]: Recieving packet from Spooler of len 9
[13/05/22 10:14:35:9313094] [INFO ]: Recieving servers from spooler
[13/05/22 10:14:35:9315682] [DEBUG]: Recieved server: 127.0.0.1:10123 - 0
[13/05/22 10:14:35:9317671] [INFO ]: Recieve server done
[13/05/22 10:14:35:9319550] [INFO ]: Replying to spooler
[13/05/22 10:14:35:9890342] [DEBUG]: Recieving packet from Spooler of len 9
[13/05/22 10:14:35:9904261] [INFO ]: Recieving servers from spooler
[13/05/22 10:14:35:9907548] [DEBUG]: Recieved server: 127.0.0.1:10123 - 0
[13/05/22 10:14:35:9909880] [INFO ]: Recieve server done
[13/05/22 10:14:35:9913815] [INFO ]: Replying to spooler
[13/05/22 10:14:36:0565785] [DEBUG]: Recieving packet from Spooler of len 9
[13/05/22 10:14:36:0577785] [INFO ]: Recieving servers from spooler
[13/05/22 10:14:36:0581226] [DEBUG]: Recieved server: 127.0.0.1:10123 - 0
[13/05/22 10:14:36:0584152] [INFO ]: Recieve server done
[13/05/22 10:14:36:0586863] [INFO ]: Replying to spooler
[13/05/22 10:14:36:1231563] [DEBUG]: Recieving packet from Spooler of len 9
[13/05/22 10:14:36:1253516] [INFO ]: Recieving servers from spooler
[13/05/22 10:14:36:1264465] [DEBUG]: Recieved server: 127.0.0.1:10123 - 0
[13/05/22 10:14:36:1273810] [INFO ]: Recieve server done
[13/05/22 10:14:36:1284476] [INFO ]: Replying to spooler
[13/05/22 10:14:36:1891391] [DEBUG]: Recieving packet from Spooler of len 9
[13/05/22 10:14:36:1923476] [INFO ]: Recieving servers from spooler
[13/05/22 10:14:36:1933819] [DEBUG]: Recieved server: 127.0.0.1:10123 - 0
[13/05/22 10:14:36:1942851] [INFO ]: Recieve server done
[13/05/22 10:14:36:1963233] [INFO ]: Replying to spooler
[13/05/22 10:14:36:2522694] [DEBUG]: Recieving packet from Spooler of len 9
[13/05/22 10:14:36:2549869] [INFO ]: Recieving servers from spooler
[13/05/22 10:14:36:2564672] [DEBUG]: Recieved server: 127.0.0.1:10123 - 0
[13/05/22 10:14:36:2577023] [INFO ]: Recieve server done
[13/05/22 10:14:36:2598064] [INFO ]: Replying to spooler
[13/05/22 10:14:36:3157254] [DEBUG]: Recieving packet from Spooler of len 9
[13/05/22 10:14:36:3200904] [INFO ]: Recieving servers from spooler
[13/05/22 10:14:36:3210348] [DEBUG]: Recieved server: 127.0.0.1:10123 - 0
[13/05/22 10:14:36:3222150] [INFO ]: Recieve server done
[13/05/22 10:14:36:3242532] [INFO ]: Replying to spooler
[13/05/22 10:14:36:3858242] [DEBUG]: Recieving packet from Spooler of len 9
[13/05/22 10:14:36:3875563] [INFO ]: Recieving servers from spooler
[13/05/22 10:14:36:3882086] [DEBUG]: Recieved server: 127.0.0.1:10123 - 0
[13/05/22 10:14:36:3890766] [INFO ]: Recieve server done
[13/05/22 10:14:36:3896371] [INFO ]: Replying to spooler
[13/05/22 10:14:36:4497463] [DEBUG]: Recieving packet from Spooler of len 9
[13/05/22 10:14:36:4512513] [INFO ]: Recieving servers from spooler
[13/05/22 10:14:36:4520146] [DEBUG]: Recieved server: 127.0.0.1:10123 - 0
[13/05/22 10:14:36:4527448] [INFO ]: Recieve server done
[13/05/22 10:14:36:4530007] [INFO ]: Replying to spooler
[13/05/22 10:14:36:5080221] [DEBUG]: Recieving packet from Spooler of len 9
[13/05/22 10:14:36:5102296] [INFO ]: Recieving servers from spooler
[13/05/22 10:14:36:5107386] [DEBUG]: Recieved server: 127.0.0.1:10123 - 0
[13/05/22 10:14:36:5111945] [INFO ]: Recieve server done
[13/05/22 10:14:36:5116464] [INFO ]: Replying to spooler
[13/05/22 10:14:36:5702519] [DEBUG]: Recieving packet from Spooler of len 9
[13/05/22 10:14:36:5709404] [INFO ]: Recieving servers from spooler
[13/05/22 10:14:36:5712774] [DEBUG]: Recieved server: 127.0.0.1:10123 - 0
[13/05/22 10:14:36:5715949] [INFO ]: Recieve server done
[13/05/22 10:14:36:5727130] [INFO ]: Replying to spooler
[13/05/22 10:14:36:6406484] [DEBUG]: Recieving packet from Spooler of len 9
[13/05/22 10:14:36:6417381] [INFO ]: Recieving servers from spooler
[13/05/22 10:14:36:6423186] [DEBUG]: Recieved server: 127.0.0.1:10123 - 0
[13/05/22 10:14:36:6428774] [INFO ]: Recieve server done
[13/05/22 10:14:36:6433466] [INFO ]: Replying to spooler
[13/05/22 10:14:36:7071114] [DEBUG]: Recieving packet from Spooler of len 9
[13/05/22 10:14:36:7081512] [INFO ]: Recieving servers from spooler
[13/05/22 10:14:36:7090215] [DEBUG]: Recieved server: 127.0.0.1:10123 - 0
[13/05/22 10:14:36:7096473] [INFO ]: Recieve server done
[13/05/22 10:14:36:7104236] [INFO ]: Replying to spooler
[13/05/22 10:14:36:7745605] [DEBUG]: Recieving packet from Spooler of len 9
[13/05/22 10:14:36:7808892] [INFO ]: Recieving servers from spooler
[13/05/22 10:14:36:7816306] [DEBUG]: Recieved server: 127.0.0.1:10123 - 0
[13/05/22 10:14:36:7822231] [INFO ]: Recieve server done
[13/05/22 10:14:36:7829574] [INFO ]: Replying to spooler
[13/05/22 10:14:36:8350617] [DEBUG]: Recieving packet from Spooler of len 9
[13/05/22 10:14:36:8358781] [INFO ]: Recieving servers from spooler
[13/05/22 10:14:36:8364094] [DEBUG]: Recieved server: 127.0.0.1:10123 - 0
[13/05/22 10:14:36:8369474] [INFO ]: Recieve server done
[13/05/22 10:14:36:8374789] [INFO ]: Replying to spooler
[13/05/22 10:14:36:8891735] [DEBUG]: Recieving packet from Spooler of len 9
[13/05/22 10:14:36:8904343] [INFO ]: Recieving servers from spooler
[13/05/22 10:14:36:8909548] [DEBUG]: Recieved server: 127.0.0.1:10123 - 0
[13/05/22 10:14:36:8912891] [INFO ]: Recieve server done
[13/05/22 10:14:36:8917301] [INFO ]: Replying to spooler
[13/05/22 10:14:36:9449790] [DEBUG]: Recieving packet from Spooler of len 9
[13/05/22 10:14:36:9816589] [INFO ]: Recieving servers from spooler
[13/05/22 10:14:36:9819906] [DEBUG]: Recieved server: 127.0.0.1:10123 - 0
[13/05/22 10:14:36:9822987] [INFO ]: Recieve server done
[13/05/22 10:14:36:9826123] [INFO ]: Replying to spooler
[13/05/22 10:14:37:0413811] [DEBUG]: Recieving packet from Spooler of len 9
[13/05/22 10:14:37:0524742] [INFO ]: Recieving servers from spooler
[13/05/22 10:14:37:0528009] [DEBUG]: Recieved server: 127.0.0.1:10123 - 0
[13/05/22 10:14:37:0531072] [INFO ]: Recieve server done
[13/05/22 10:14:37:0534375] [INFO ]: Replying to spooler
[13/05/22 10:14:37:1147351] [DEBUG]: Recieving packet from Spooler of len 9
[13/05/22 10:14:37:1152472] [INFO ]: Recieving servers from spooler
[13/05/22 10:14:37:1155267] [DEBUG]: Recieved server: 127.0.0.1:10123 - 0
[13/05/22 10:14:37:1158048] [INFO ]: Recieve server done
[13/05/22 10:14:37:1160654] [INFO ]: Replying to spooler
[13/05/22 10:14:37:1815429] [DEBUG]: Recieving packet from Spooler of len 9
[13/05/22 10:14:37:1825509] [INFO ]: Recieving servers from spooler
[13/05/22 10:14:37:1829143] [DEBUG]: Recieved server: 127.0.0.1:10123 - 0
[13/05/22 10:14:37:1832117] [INFO ]: Recieve server done
[13/05/22 10:14:37:1834995] [INFO ]: Replying to spooler
[13/05/22 10:14:37:2400700] [DEBUG]: Recieving packet from Spooler of len 9
[13/05/22 10:14:37:2406306] [INFO ]: Recieving servers from spooler
[13/05/22 10:14:37:2410054] [DEBUG]: Recieved server: 127.0.0.1:10123 - 0
[13/05/22 10:14:37:2415028] [INFO ]: Recieve server done
[13/05/22 10:14:37:2418210] [INFO ]: Replying to spooler
[13/05/22 10:14:37:2957292] [DEBUG]: Recieving packet from Spooler of len 9
[13/05/22 10:14:37:2966378] [INFO ]: Recieving servers from spooler
[13/05/22 10:14:37:2969902] [DEBUG]: Recieved server: 127.0.0.1:10123 - 0
[13/05/22 10:14:37:2973356] [INFO ]: Recieve server done
[13/05/22 10:14:37:2976502] [INFO ]: Replying to spooler
[13/05/22 10:14:37:3606598] [DEBUG]: Recieving packet from Spooler of len 9
[13/05/22 10:14:37:3619077] [INFO ]: Recieving servers from spooler
[13/05/22 10:14:37:3622953] [DEBUG]: Recieved server: 127.0.0.1:10123 - 0
[13/05/22 10:14:37:3626780] [INFO ]: Recieve server done
[13/05/22 10:14:37:3629961] [INFO ]: Replying to spooler
[13/05/22 10:14:37:4193100] [DEBUG]: Recieving packet from Spooler of len 9
[13/05/22 10:14:37:4199599] [INFO ]: Recieving servers from spooler
[13/05/22 10:14:37:4203037] [DEBUG]: Recieved server: 127.0.0.1:10123 - 0
[13/05/22 10:14:37:4206117] [INFO ]: Recieve server done
[13/05/22 10:14:37:4209459] [INFO ]: Replying to spooler
[13/05/22 10:14:37:4826560] [DEBUG]: Recieving packet from Spooler of len 9
[13/05/22 10:14:37:4831004] [INFO ]: Recieving servers from spooler
[13/05/22 10:14:37:4833702] [DEBUG]: Recieved server: 127.0.0.1:10123 - 0
[13/05/22 10:14:37:4836228] [INFO ]: Recieve server done
[13/05/22 10:14:37:4838890] [INFO ]: Replying to spooler
[13/05/22 10:14:37:5434963] [DEBUG]: Recieving packet from Spooler of len 9
[13/05/22 10:14:37:5455601] [INFO ]: Recieving servers from spooler
[13/05/22 10:14:37:5458884] [DEBUG]: Recieved server: 127.0.0.1:10123 - 0
[13/05/22 10:14:37:5461696] [INFO ]: Recieve server done
[13/05/22 10:14:37:5464363] [INFO ]: Replying to spooler
[13/05/22 10:14:37:6004245] [DEBUG]: Recieving packet from Spooler of len 9
[13/05/22 10:14:37:6011867] [INFO ]: Recieving servers from spooler
[13/05/22 10:14:37:6014691] [DEBUG]: Recieved server: 127.0.0.1:10123 - 0
[13/05/22 10:14:37:6017287] [INFO ]: Recieve server done
[13/05/22 10:14:37:6019742] [INFO ]: Replying to spooler
[13/05/22 10:14:37:6535088] [DEBUG]: Recieving packet from Spooler of len 9
[13/05/22 10:14:37:6543671] [INFO ]: Recieving servers from spooler
[13/05/22 10:14:37:6552426] [DEBUG]: Recieved server: 127.0.0.1:10123 - 0
[13/05/22 10:14:37:6557976] [INFO ]: Recieve server done
[13/05/22 10:14:37:6563520] [INFO ]: Replying to spooler
[13/05/22 10:14:37:7151725] [DEBUG]: Recieving packet from Spooler of len 9
[13/05/22 10:14:37:7160869] [INFO ]: Recieving servers from spooler
[13/05/22 10:14:37:7168253] [DEBUG]: Recieved server: 127.0.0.1:10123 - 0
[13/05/22 10:14:37:7174012] [INFO ]: Recieve server done
[13/05/22 10:14:37:7179879] [INFO ]: Replying to spooler
[13/05/22 10:14:37:7748992] [DEBUG]: Recieving packet from Spooler of len 9
[13/05/22 10:14:37:7768964] [INFO ]: Recieving servers from spooler
[13/05/22 10:14:37:7777317] [DEBUG]: Recieved server: 127.0.0.1:10123 - 0
[13/05/22 10:14:37:7785280] [INFO ]: Recieve server done
[13/05/22 10:14:37:7791670] [INFO ]: Replying to spooler
[13/05/22 10:14:37:8385935] [DEBUG]: Recieving packet from Spooler of len 9
[13/05/22 10:14:37:8412947] [INFO ]: Recieving servers from spooler
[13/05/22 10:14:37:8420947] [DEBUG]: Recieved server: 127.0.0.1:10123 - 0
[13/05/22 10:14:37:8429268] [INFO ]: Recieve server done
[13/05/22 10:14:37:8435657] [INFO ]: Replying to spooler
[13/05/22 10:14:37:9036630] [DEBUG]: Recieving packet from Spooler of len 9
[13/05/22 10:14:37:9046424] [INFO ]: Recieving servers from spooler
[13/05/22 10:14:37:9055562] [DEBUG]: Recieved server: 127.0.0.1:10123 - 0
[13/05/22 10:14:37:9066402] [INFO ]: Recieve server done
[13/05/22 10:14:37:9075296] [INFO ]: Replying to spooler
[13/05/22 10:14:37:9605361] [DEBUG]: Recieving packet from Spooler of len 9
[13/05/22 10:14:37:9677842] [INFO ]: Recieving servers from spooler
[13/05/22 10:14:37:9681664] [DEBUG]: Recieved server: 127.0.0.1:10123 - 0
[13/05/22 10:14:37:9684824] [INFO ]: Recieve server done
[13/05/22 10:14:37:9688629] [INFO ]: Replying to spooler
[13/05/22 10:14:38:0279130] [DEBUG]: Recieving packet from Spooler of len 9
[13/05/22 10:14:38:0287970] [INFO ]: Recieving servers from spooler
[13/05/22 10:14:38:0293690] [DEBUG]: Recieved server: 127.0.0.1:10123 - 0
[13/05/22 10:14:38:0299166] [INFO ]: Recieve server done
[13/05/22 10:14:38:0304392] [INFO ]: Replying to spooler
[13/05/22 10:14:38:0885276] [DEBUG]: Recieving packet from Spooler of len 9
[13/05/22 10:14:38:0892663] [INFO ]: Recieving servers from spooler
[13/05/22 10:14:38:0899519] [DEBUG]: Recieved server: 127.0.0.1:10123 - 0
[13/05/22 10:14:38:0906274] [INFO ]: Recieve server done
[13/05/22 10:14:38:0912098] [INFO ]: Replying to spooler
[13/05/22 10:14:38:1480868] [DEBUG]: Recieving packet from Spooler of len 9
[13/05/22 10:14:38:1495913] [INFO ]: Recieving servers from spooler
[13/05/22 10:14:38:1501986] [DEBUG]: Recieved server: 127.0.0.1:10123 - 0
[13/05/22 10:14:38:1508497] [INFO ]: Recieve server done
[13/05/22 10:14:38:1513713] [INFO ]: Replying to spooler
[13/05/22 10:14:38:2149349] [DEBUG]: Recieving packet from Spooler of len 9
[13/05/22 10:14:38:2161939] [INFO ]: Recieving servers from spooler
[13/05/22 10:14:38:2167795] [DEBUG]: Recieved server: 127.0.0.1:10123 - 0
[13/05/22 10:14:38:2173260] [INFO ]: Recieve server done
[13/05/22 10:14:38:2178447] [INFO ]: Replying to spooler
[13/05/22 10:14:38:2830763] [DEBUG]: Recieving packet from Spooler of len 9
[13/05/22 10:14:38:2842624] [INFO ]: Recieving servers from spooler
[13/05/22 10:14:38:2848347] [DEBUG]: Recieved server: 127.0.0.1:10123 - 0
[13/05/22 10:14:38:2853552] [INFO ]: Recieve server done
[13/05/22 10:14:38:2858941] [INFO ]: Replying to spooler
[13/05/22 10:14:38:3594168] [DEBUG]: Recieving packet from Spooler of len 9
[13/05/22 10:14:38:3601938] [INFO ]: Recieving servers from spooler
[13/05/22 10:14:38:3608050] [DEBUG]: Recieved server: 127.0.0.1:10123 - 0
[13/05/22 10:14:38:3614701] [INFO ]: Recieve server done
[13/05/22 10:14:38:3622367] [INFO ]: Replying to spooler
[13/05/22 10:14:38:4147070] [DEBUG]: Recieving packet from Spooler of len 9
[13/05/22 10:14:38:4156072] [INFO ]: Recieving servers from spooler
[13/05/22 10:14:38:4161957] [DEBUG]: Recieved server: 127.0.0.1:10123 - 0
[13/05/22 10:14:38:4169670] [INFO ]: Recieve server done
[13/05/22 10:14:38:4176979] [INFO ]: Replying to spooler
[13/05/22 10:14:38:4712524] [DEBUG]: Recieving packet from Spooler of len 9
[13/05/22 10:14:38:4719926] [INFO ]: Recieving servers from spooler
[13/05/22 10:14:38:4725681] [DEBUG]: Recieved server: 127.0.0.1:10123 - 0
[13/05/22 10:14:38:4730143] [INFO ]: Recieve server done
[13/05/22 10:14:38:4735829] [INFO ]: Replying to spooler
[13/05/22 10:14:38:5273348] [DEBUG]: Recieving packet from Spooler of len 9
[13/05/22 10:14:38:5285300] [INFO ]: Recieving servers from spooler
[13/05/22 10:14:38:5290999] [DEBUG]: Recieved server: 127.0.0.1:10123 - 0
[13/05/22 10:14:38:5295934] [INFO ]: Recieve server done
[13/05/22 10:14:38:5300548] [INFO ]: Replying to spooler
[13/05/22 10:14:38:5901927] [DEBUG]: Recieving packet from Spooler of len 9
[13/05/22 10:14:38:5918091] [INFO ]: Recieving servers from spooler
[13/05/22 10:14:38:5924487] [DEBUG]: Recieved server: 127.0.0.1:10123 - 0
[13/05/22 10:14:38:5929993] [INFO ]: Recieve server done
[13/05/22 10:14:38:5934937] [INFO ]: Replying to spooler
[13/05/22 10:14:38:6474894] [DEBUG]: Recieving packet from Spooler of len 9
[13/05/22 10:14:38:6491157] [INFO ]: Recieving servers from spooler
[13/05/22 10:14:38:6497112] [DEBUG]: Recieved server: 127.0.0.1:10123 - 0
[13/05/22 10:14:38:6504235] [INFO ]: Recieve server done
[13/05/22 10:14:38:6510436] [INFO ]: Replying to spooler
[13/05/22 10:14:38:7107853] [DEBUG]: Recieving packet from Spooler of len 9
[13/05/22 10:14:38:7131419] [INFO ]: Recieving servers from spooler
[13/05/22 10:14:38:7136997] [DEBUG]: Recieved server: 127.0.0.1:10123 - 0
[13/05/22 10:14:38:7143396] [INFO ]: Recieve server done
[13/05/22 10:14:38:7149020] [INFO ]: Replying to spooler
[13/05/22 10:14:38:7715068] [DEBUG]: Recieving packet from Spooler of len 9
[13/05/22 10:14:38:7725550] [INFO ]: Recieving servers from spooler
[13/05/22 10:14:38:7730627] [DEBUG]: Recieved server: 127.0.0.1:10123 - 0
[13/05/22 10:14:38:7735549] [INFO ]: Recieve server done
[13/05/22 10:14:38:7741035] [INFO ]: Replying to spooler
[13/05/22 10:14:38:8268387] [DEBUG]: Recieving packet from Spooler of len 9
[13/05/22 10:14:38:8275516] [INFO ]: Recieving servers from spooler
[13/05/22 10:14:38:8281735] [DEBUG]: Recieved server: 127.0.0.1:10123 - 0
[13/05/22 10:14:38:8289462] [INFO ]: Recieve server done
[13/05/22 10:14:38:8296014] [INFO ]: Replying to spooler
[13/05/22 10:14:38:8881351] [DEBUG]: Recieving packet from Spooler of len 9
[13/05/22 10:14:38:8898985] [INFO ]: Recieving servers from spooler
[13/05/22 10:14:38:8904849] [DEBUG]: Recieved server: 127.0.0.1:10123 - 0
[13/05/22 10:14:38:8910326] [INFO ]: Recieve server done
[13/05/22 10:14:38:8915660] [INFO ]: Replying to spooler
[13/05/22 10:14:38:9467277] [DEBUG]: Recieving packet from Spooler of len 9
[13/05/22 10:14:38:9480994] [INFO ]: Recieving servers from spooler
[13/05/22 10:14:38:9488894] [DEBUG]: Recieved server: 127.0.0.1:10123 - 0
[13/05/22 10:14:38:9494562] [INFO ]: Recieve server done
[13/05/22 10:14:38:9499908] [INFO ]: Replying to spooler
[13/05/22 10:14:39:0057207] [DEBUG]: Recieving packet from Spooler of len 9
[13/05/22 10:14:39:0100209] [INFO ]: Recieving servers from spooler
[13/05/22 10:14:39:0105948] [DEBUG]: Recieved server: 127.0.0.1:10123 - 0
[13/05/22 10:14:39:0111534] [INFO ]: Recieve server done
[13/05/22 10:14:39:0117691] [INFO ]: Replying to spooler
[13/05/22 10:14:39:0658147] [DEBUG]: Recieving packet from Spooler of len 9
[13/05/22 10:14:39:0675808] [INFO ]: Recieving servers from spooler
[13/05/22 10:14:39:0682219] [DEBUG]: Recieved server: 127.0.0.1:10123 - 0
[13/05/22 10:14:39:0690286] [INFO ]: Recieve server done
[13/05/22 10:14:39:0697668] [INFO ]: Replying to spooler
[13/05/22 10:14:39:1217427] [DEBUG]: Recieving packet from Spooler of len 9
[13/05/22 10:14:39:1234037] [INFO ]: Recieving servers from spooler
[13/05/22 10:14:39:1240073] [DEBUG]: Recieved server: 127.0.0.1:10123 - 0
[13/05/22 10:14:39:1245626] [INFO ]: Recieve server done
[13/05/22 10:14:39:1250916] [INFO ]: Replying to spooler
[13/05/22 10:14:39:1794312] [DEBUG]: Recieving packet from Spooler of len 9
[13/05/22 10:14:39:1803593] [INFO ]: Recieving servers from spooler
[13/05/22 10:14:39:1811947] [DEBUG]: Recieved server: 127.0.0.1:10123 - 0
[13/05/22 10:14:39:1818934] [INFO ]: Recieve server done
[13/05/22 10:14:39:1825215] [INFO ]: Replying to spooler
[13/05/22 10:14:39:2444288] [DEBUG]: Recieving packet from Spooler of len 9
[13/05/22 10:14:39:2453281] [INFO ]: Recieving servers from spooler
[13/05/22 10:14:39:2458823] [DEBUG]: Recieved server: 127.0.0.1:10123 - 0
[13/05/22 10:14:39:2467365] [INFO ]: Recieve server done
[13/05/22 10:14:39:2475563] [INFO ]: Replying to spooler
[13/05/22 10:14:39:3006899] [DEBUG]: Recieving packet from Spooler of len 9
[13/05/22 10:14:39:3858969] [INFO ]: Recieving servers from spooler
[13/05/22 10:14:39:4296402] [DEBUG]: Recieved server: 127.0.0.1:10123 - 0
[13/05/22 10:14:39:4304989] [INFO ]: Recieve server done
[13/05/22 10:14:39:4309451] [INFO ]: Replying to spooler
[13/05/22 10:14:39:4984865] [DEBUG]: Recieving packet from Spooler of len 9
[13/05/22 10:14:39:5072644] [INFO ]: Recieving servers from spooler
[13/05/22 10:14:39:5076020] [DEBUG]: Recieved server: 127.0.0.1:10123 - 0
[13/05/22 10:14:39:5080597] [INFO ]: Recieve server done
[13/05/22 10:14:39:5084028] [INFO ]: Replying to spooler
[13/05/22 10:14:39:5617889] [DEBUG]: Recieving packet from Spooler of len 9
[13/05/22 10:14:39:5630942] [INFO ]: Recieving servers from spooler
[13/05/22 10:14:39:5634264] [DEBUG]: Recieved server: 127.0.0.1:10123 - 0
[13/05/22 10:14:39:5637323] [INFO ]: Recieve server done
[13/05/22 10:14:39:5640241] [INFO ]: Replying to spooler
[13/05/22 10:14:39:6264802] [DEBUG]: Recieving packet from Spooler of len 9
[13/05/22 10:14:39:6337430] [INFO ]: Recieving servers from spooler
[13/05/22 10:14:39:6341027] [DEBUG]: Recieved server: 127.0.0.1:10123 - 0
[13/05/22 10:14:39:6344424] [INFO ]: Recieve server done
[13/05/22 10:14:39:6347675] [INFO ]: Replying to spooler
[13/05/22 10:14:39:6880713] [DEBUG]: Recieving packet from Spooler of len 9
[13/05/22 10:14:39:6891229] [INFO ]: Recieving servers from spooler
[13/05/22 10:14:39:6907158] [DEBUG]: Recieved server: 127.0.0.1:10123 - 0
[13/05/22 10:14:39:6912961] [INFO ]: Recieve server done
[13/05/22 10:14:39:6920017] [INFO ]: Replying to spooler
[13/05/22 10:14:39:7450196] [DEBUG]: Recieving packet from Spooler of len 9
[13/05/22 10:14:39:7462052] [INFO ]: Recieving servers from spooler
[13/05/22 10:14:39:7475434] [DEBUG]: Recieved server: 127.0.0.1:10123 - 0
[13/05/22 10:14:39:7481363] [INFO ]: Recieve server done
[13/05/22 10:14:39:7487888] [INFO ]: Replying to spooler
[13/05/22 10:14:39:8059338] [DEBUG]: Recieving packet from Spooler of len 9
[13/05/22 10:14:39:8070784] [INFO ]: Recieving servers from spooler
[13/05/22 10:14:39:8076130] [DEBUG]: Recieved server: 127.0.0.1:10123 - 0
[13/05/22 10:14:39:8083096] [INFO ]: Recieve server done
[13/05/22 10:14:39:8091004] [INFO ]: Replying to spooler
[13/05/22 10:14:39:8709389] [DEBUG]: Recieving packet from Spooler of len 9
[13/05/22 10:14:39:8725409] [INFO ]: Recieving servers from spooler
[13/05/22 10:14:39:8733439] [DEBUG]: Recieved server: 127.0.0.1:10123 - 0
[13/05/22 10:14:39:8740722] [INFO ]: Recieve server done
[13/05/22 10:14:39:8748603] [INFO ]: Replying to spooler
[13/05/22 10:14:39:9342439] [DEBUG]: Recieving packet from Spooler of len 9
[13/05/22 10:14:39:9352186] [INFO ]: Recieving servers from spooler
[13/05/22 10:14:39:9359752] [DEBUG]: Recieved server: 127.0.0.1:10123 - 0
[13/05/22 10:14:39:9367318] [INFO ]: Recieve server done
[13/05/22 10:14:39:9372829] [INFO ]: Replying to spooler
[13/05/22 10:14:39:9952281] [DEBUG]: Recieving packet from Spooler of len 9
[13/05/22 10:14:39:9959010] [INFO ]: Recieving servers from spooler
[13/05/22 10:14:39:9963123] [DEBUG]: Recieved server: 127.0.0.1:10123 - 0
[13/05/22 10:14:39:9967126] [INFO ]: Recieve server done
[13/05/22 10:14:39:9971439] [INFO ]: Replying to spooler
[13/05/22 10:14:40:0490295] [DEBUG]: Recieving packet from Spooler of len 9
[13/05/22 10:14:40:0499434] [INFO ]: Recieving servers from spooler
[13/05/22 10:14:40:0504792] [DEBUG]: Recieved server: 127.0.0.1:10123 - 0
[13/05/22 10:14:40:0509343] [INFO ]: Recieve server done
[13/05/22 10:14:40:0515550] [INFO ]: Replying to spooler
[13/05/22 10:14:40:1046804] [DEBUG]: Recieving packet from Spooler of len 9
[13/05/22 10:14:40:1063786] [INFO ]: Recieving servers from spooler
[13/05/22 10:14:40:1070498] [DEBUG]: Recieved server: 127.0.0.1:10123 - 0
[13/05/22 10:14:40:1076326] [INFO ]: Recieve server done
[13/05/22 10:14:40:1084531] [INFO ]: Replying to spooler
[13/05/22 10:14:40:1645155] [DEBUG]: Recieving packet from Spooler of len 9
[13/05/22 10:14:40:1655580] [INFO ]: Recieving servers from spooler
[13/05/22 10:14:40:1661068] [DEBUG]: Recieved server: 127.0.0.1:10123 - 0
[13/05/22 10:14:40:1665957] [INFO ]: Recieve server done
[13/05/22 10:14:40:1670857] [INFO ]: Replying to spooler
[13/05/22 10:14:40:2225287] [DEBUG]: Recieving packet from Spooler of len 9
[13/05/22 10:14:40:2240817] [INFO ]: Recieving servers from spooler
[13/05/22 10:14:40:2246832] [DEBUG]: Recieved server: 127.0.0.1:10123 - 0
[13/05/22 10:14:40:2252112] [INFO ]: Recieve server done
[13/05/22 10:14:40:2257378] [INFO ]: Replying to spooler
[13/05/22 10:14:40:2790950] [DEBUG]: Recieving packet from Spooler of len 9
[13/05/22 10:14:40:2805098] [INFO ]: Recieving servers from spooler
[13/05/22 10:14:40:2811402] [DEBUG]: Recieved server: 127.0.0.1:10123 - 0
[13/05/22 10:14:40:2817156] [INFO ]: Recieve server done
[13/05/22 10:14:40:2821700] [INFO ]: Replying to spooler
[13/05/22 10:14:40:3378553] [DEBUG]: Recieving packet from Spooler of len 9
[13/05/22 10:14:40:3395006] [INFO ]: Recieving servers from spooler
[13/05/22 10:14:40:3409892] [DEBUG]: Recieved server: 127.0.0.1:10123 - 0
[13/05/22 10:14:40:3417675] [INFO ]: Recieve server done
[13/05/22 10:14:40:3423372] [INFO ]: Replying to spooler
[13/05/22 10:14:40:3954090] [DEBUG]: Recieving packet from Spooler of len 9
[13/05/22 10:14:40:3964362] [INFO ]: Recieving servers from spooler
[13/05/22 10:14:40:3971076] [DEBUG]: Recieved server: 127.0.0.1:10123 - 0
[13/05/22 10:14:40:3977016] [INFO ]: Recieve server done
[13/05/22 10:14:40:3984697] [INFO ]: Replying to spooler
[13/05/22 10:14:40:4544080] [DEBUG]: Recieving packet from Spooler of len 9
[13/05/22 10:14:40:4552199] [INFO ]: Recieving servers from spooler
[13/05/22 10:14:40:4557325] [DEBUG]: Recieved server: 127.0.0.1:10123 - 0
[13/05/22 10:14:40:4562506] [INFO ]: Recieve server done
[13/05/22 10:14:40:4567743] [INFO ]: Replying to spooler
[13/05/22 10:14:40:5200419] [DEBUG]: Recieving packet from Spooler of len 9
[13/05/22 10:14:40:5211462] [INFO ]: Recieving servers from spooler
[13/05/22 10:14:40:5216840] [DEBUG]: Recieved server: 127.0.0.1:10123 - 0
[13/05/22 10:14:40:5222393] [INFO ]: Recieve server done
[13/05/22 10:14:40:5231909] [INFO ]: Replying to spooler
[13/05/22 10:14:40:5928788] [DEBUG]: Recieving packet from Spooler of len 9
[13/05/22 10:14:40:5965612] [INFO ]: Recieving servers from spooler
[13/05/22 10:14:40:5968890] [DEBUG]: Recieved server: 127.0.0.1:10123 - 0
[13/05/22 10:14:40:5972140] [INFO ]: Recieve server done
[13/05/22 10:14:40:5977698] [INFO ]: Replying to spooler
[13/05/22 10:14:40:6508833] [DEBUG]: Recieving packet from Spooler of len 9
[13/05/22 10:14:40:6516496] [INFO ]: Recieving servers from spooler
[13/05/22 10:14:40:6521371] [DEBUG]: Recieved server: 127.0.0.1:10123 - 0
[13/05/22 10:14:40:6525895] [INFO ]: Recieve server done
[13/05/22 10:14:40:6530584] [INFO ]: Replying to spooler
[13/05/22 10:14:40:7170918] [DEBUG]: Recieving packet from Spooler of len 9
[13/05/22 10:14:40:7178044] [INFO ]: Recieving servers from spooler
[13/05/22 10:14:40:7182954] [DEBUG]: Recieved server: 127.0.0.1:10123 - 0
[13/05/22 10:14:40:7187861] [INFO ]: Recieve server done
[13/05/22 10:14:40:7192486] [INFO ]: Replying to spooler
[13/05/22 10:14:40:7730703] [DEBUG]: Recieving packet from Spooler of len 9
[13/05/22 10:14:40:7738572] [INFO ]: Recieving servers from spooler
[13/05/22 10:14:40:7743444] [DEBUG]: Recieved server: 127.0.0.1:10123 - 0
[13/05/22 10:14:40:7747793] [INFO ]: Recieve server done
[13/05/22 10:14:40:7751409] [INFO ]: Replying to spooler
[13/05/22 10:14:40:8391072] [DEBUG]: Recieving packet from Spooler of len 9
[13/05/22 10:14:40:8399650] [INFO ]: Recieving servers from spooler
[13/05/22 10:14:40:8404522] [DEBUG]: Recieved server: 127.0.0.1:10123 - 0
[13/05/22 10:14:40:8409491] [INFO ]: Recieve server done
[13/05/22 10:14:40:8413331] [INFO ]: Replying to spooler
[13/05/22 10:14:40:9012661] [DEBUG]: Recieving packet from Spooler of len 9
[13/05/22 10:14:40:9032427] [INFO ]: Recieving servers from spooler
[13/05/22 10:14:40:9039868] [DEBUG]: Recieved server: 127.0.0.1:10123 - 0
[13/05/22 10:14:40:9047870] [INFO ]: Recieve server done
[13/05/22 10:14:40:9054226] [INFO ]: Replying to spooler
[13/05/22 10:14:40:9656539] [DEBUG]: Recieving packet from Spooler of len 9
[13/05/22 10:14:40:9668245] [INFO ]: Recieving servers from spooler
[13/05/22 10:14:40:9673367] [DEBUG]: Recieved server: 127.0.0.1:10123 - 0
[13/05/22 10:14:40:9677798] [INFO ]: Recieve server done
[13/05/22 10:14:40:9683168] [INFO ]: Replying to spooler
[13/05/22 10:14:41:0249813] [DEBUG]: Recieving packet from Spooler of len 9
[13/05/22 10:14:41:0256882] [INFO ]: Recieving servers from spooler
[13/05/22 10:14:41:0261409] [DEBUG]: Recieved server: 127.0.0.1:10123 - 0
[13/05/22 10:14:41:0267768] [INFO ]: Recieve server done
[13/05/22 10:14:41:0273621] [INFO ]: Replying to spooler
[13/05/22 10:14:41:0863843] [DEBUG]: Recieving packet from Spooler of len 9
[13/05/22 10:14:41:0873441] [INFO ]: Recieving servers from spooler
[13/05/22 10:14:41:0879794] [DEBUG]: Recieved server: 127.0.0.1:10123 - 0
[13/05/22 10:14:41:0885795] [INFO ]: Recieve server done
[13/05/22 10:14:41:0892370] [INFO ]: Replying to spooler
[13/05/22 10:14:41:1501274] [DEBUG]: Recieving packet from Spooler of len 9
[13/05/22 10:14:41:1519992] [INFO ]: Recieving servers from spooler
[13/05/22 10:14:41:1528843] [DEBUG]: Recieved server: 127.0.0.1:10123 - 0
[13/05/22 10:14:41:1533477] [INFO ]: Recieve server done
[13/05/22 10:14:41:1538143] [INFO ]: Replying to spooler
[13/05/22 10:14:41:2091336] [DEBUG]: Recieving packet from Spooler of len 9
[13/05/22 10:14:41:2101312] [INFO ]: Recieving servers from spooler
[13/05/22 10:14:41:2108517] [DEBUG]: Recieved server: 127.0.0.1:10123 - 0
[13/05/22 10:14:41:2114853] [INFO ]: Recieve server done
[13/05/22 10:14:41:2123045] [INFO ]: Replying to spooler
[13/05/22 10:14:41:2720057] [DEBUG]: Recieving packet from Spooler of len 9
[13/05/22 10:14:41:2734376] [INFO ]: Recieving servers from spooler
[13/05/22 10:14:41:2741694] [DEBUG]: Recieved server: 127.0.0.1:10123 - 0
[13/05/22 10:14:41:2747492] [INFO ]: Recieve server done
[13/05/22 10:14:41:2753391] [INFO ]: Replying to spooler
[13/05/22 10:14:41:3347922] [DEBUG]: Recieving packet from Spooler of len 9
[13/05/22 10:14:41:3356313] [INFO ]: Recieving servers from spooler
[13/05/22 10:14:41:3361059] [DEBUG]: Recieved server: 127.0.0.1:10123 - 0
[13/05/22 10:14:41:3366175] [INFO ]: Recieve server done
[13/05/22 10:14:41:3371363] [INFO ]: Replying to spooler
[13/05/22 10:14:41:4073219] [DEBUG]: Recieving packet from Spooler of len 9
[13/05/22 10:14:41:4082244] [INFO ]: Recieving servers from spooler
[13/05/22 10:14:41:4088946] [DEBUG]: Recieved server: 127.0.0.1:10123 - 0
[13/05/22 10:14:41:4095666] [INFO ]: Recieve server done
[13/05/22 10:14:41:4101559] [INFO ]: Replying to spooler
[13/05/22 10:14:41:4638155] [DEBUG]: Recieving packet from Spooler of len 9
[13/05/22 10:14:41:4647473] [INFO ]: Recieving servers from spooler
[13/05/22 10:14:41:4653183] [DEBUG]: Recieved server: 127.0.0.1:10123 - 0
[13/05/22 10:14:41:4660834] [INFO ]: Recieve server done
[13/05/22 10:14:41:4666262] [INFO ]: Replying to spooler
[13/05/22 10:14:41:5372361] [DEBUG]: Recieving packet from Spooler of len 9
[13/05/22 10:14:41:5382466] [INFO ]: Recieving servers from spooler
[13/05/22 10:14:41:5387735] [DEBUG]: Recieved server: 127.0.0.1:10123 - 0
[13/05/22 10:14:41:5391909] [INFO ]: Recieve server done
[13/05/22 10:14:41:5396796] [INFO ]: Replying to spooler
[13/05/22 10:14:41:6056027] [DEBUG]: Recieving packet from Spooler of len 9
[13/05/22 10:14:41:6062207] [INFO ]: Recieving servers from spooler
[13/05/22 10:14:41:6065530] [DEBUG]: Recieved server: 127.0.0.1:10123 - 0
[13/05/22 10:14:41:6069930] [INFO ]: Recieve server done
[13/05/22 10:14:41:6075424] [INFO ]: Replying to spooler
[13/05/22 10:14:41:6708422] [DEBUG]: Recieving packet from Spooler of len 9
[13/05/22 10:14:41:6715491] [INFO ]: Recieving servers from spooler
[13/05/22 10:14:41:6719861] [DEBUG]: Recieved server: 127.0.0.1:10123 - 0
[13/05/22 10:14:41:6724510] [INFO ]: Recieve server done
[13/05/22 10:14:41:6728623] [INFO ]: Replying to spooler
[13/05/22 10:14:41:7387366] [DEBUG]: Recieving packet from Spooler of len 9
[13/05/22 10:14:41:7398934] [INFO ]: Recieving servers from spooler
[13/05/22 10:14:41:7406367] [DEBUG]: Recieved server: 127.0.0.1:10123 - 0
[13/05/22 10:14:41:7413102] [INFO ]: Recieve server done
[13/05/22 10:14:41:7419703] [INFO ]: Replying to spooler
[13/05/22 10:14:41:7946979] [DEBUG]: Recieving packet from Spooler of len 9
[13/05/22 10:14:41:7957271] [INFO ]: Recieving servers from spooler
[13/05/22 10:14:41:7965005] [DEBUG]: Recieved server: 127.0.0.1:10123 - 0
[13/05/22 10:14:41:7970202] [INFO ]: Recieve server done
[13/05/22 10:14:41:7975484] [INFO ]: Replying to spooler
[13/05/22 10:14:41:8485136] [DEBUG]: Recieving packet from Spooler of len 9
[13/05/22 10:14:41:8496848] [INFO ]: Recieving servers from spooler
[13/05/22 10:14:41:8503730] [DEBUG]: Recieved server: 127.0.0.1:10123 - 0
[13/05/22 10:14:41:8510384] [INFO ]: Recieve server done
[13/05/22 10:14:41:8515834] [INFO ]: Replying to spooler
[13/05/22 10:14:41:9161722] [DEBUG]: Recieving packet from Spooler of len 9
[13/05/22 10:14:41:9169214] [INFO ]: Recieving servers from spooler
[13/05/22 10:14: