[12/05/22 19:37:52:6208449] [INFO ]: Logging started
[12/05/22 19:37:52:6313858] [INFO ]: Starting Spooler receive
[12/05/22 19:37:52:6335792] [INFO ]: Load Balancer server start
[12/05/22 19:37:52:6340488] [INFO ]: Load Balancer Client Accept Thread Start
[12/05/22 19:37:52:6358247] [INFO ]: Waiting for client to connect
[12/05/22 19:37:52:6375338] [DEBUG]: Recieving packet from Spooler of len 2
[12/05/22 19:37:52:6378948] [INFO ]: Recieving servers from spooler
[12/05/22 19:37:52:6379883] [INFO ]: Recieve server done
[12/05/22 19:37:52:6380585] [INFO ]: Replying to spooler
[12/05/22 19:37:52:8051844] [DEBUG]: Recieving packet from Spooler of len 9
[12/05/22 19:37:52:8053917] [INFO ]: Recieving servers from spooler
[12/05/22 19:37:52:8058623] [DEBUG]: Recieved server: 127.0.0.1:10123 - 0
[12/05/22 19:37:52:8059952] [INFO ]: Recieve server done
[12/05/22 19:37:52:8060736] [INFO ]: Replying to spooler
[12/05/22 19:37:52:8662161] [DEBUG]: Recieving packet from Spooler of len 9
[12/05/22 19:37:52:8665137] [INFO ]: Recieving servers from spooler
[12/05/22 19:37:52:8666542] [DEBUG]: Recieved server: 127.0.0.1:10123 - 0
[12/05/22 19:37:52:8667690] [INFO ]: Recieve server done
[12/05/22 19:37:52:8668619] [INFO ]: Replying to spooler
[12/05/22 19:37:52:9277910] [DEBUG]: Recieving packet from Spooler of len 9
[12/05/22 19:37:52:9280015] [INFO ]: Recieving servers from spooler
[12/05/22 19:37:52:9281060] [DEBUG]: Recieved server: 127.0.0.1:10123 - 0
[12/05/22 19:37:52:9281965] [INFO ]: Recieve server done
[12/05/22 19:37:52:9282821] [INFO ]: Replying to spooler
[12/05/22 19:37:52:9888991] [DEBUG]: Recieving packet from Spooler of len 9
[12/05/22 19:37:52:9891777] [INFO ]: Recieving servers from spooler
[12/05/22 19:37:52:9893208] [DEBUG]: Recieved server: 127.0.0.1:10123 - 0
[12/05/22 19:37:52:9894331] [INFO ]: Recieve server done
[12/05/22 19:37:52:9895301] [INFO ]: Replying to spooler
[12/05/22 19:37:53:0507649] [DEBUG]: Recieving packet from Spooler of len 9
[12/05/22 19:37:53:0511954] [INFO ]: Recieving servers from spooler
[12/05/22 19:37:53:0514237] [DEBUG]: Recieved server: 127.0.0.1:10123 - 0
[12/05/22 19:37:53:0516119] [INFO ]: Recieve server done
[12/05/22 19:37:53:0517815] [INFO ]: Replying to spooler
[12/05/22 19:37:53:1128848] [DEBUG]: Recieving packet from Spooler of len 9
[12/05/22 19:37:53:1132474] [INFO ]: Recieving servers from spooler
[12/05/22 19:37:53:1134819] [DEBUG]: Recieved server: 127.0.0.1:10123 - 0
[12/05/22 19:37:53:1137211] [INFO ]: Recieve server done
[12/05/22 19:37:53:1139186] [INFO ]: Replying to spooler
[12/05/22 19:37:53:1743945] [DEBUG]: Recieving packet from Spooler of len 9
[12/05/22 19:37:53:1747505] [INFO ]: Recieving servers from spooler
[12/05/22 19:37:53:1749956] [DEBUG]: Recieved server: 127.0.0.1:10123 - 0
[12/05/22 19:37:53:1751898] [INFO ]: Recieve server done
[12/05/22 19:37:53:1754658] [INFO ]: Replying to spooler
[12/05/22 19:37:53:2353816] [DEBUG]: Recieving packet from Spooler of len 9
[12/05/22 19:37:53:2359556] [INFO ]: Recieving servers from spooler
[12/05/22 19:37:53:2361471] [DEBUG]: Recieved server: 127.0.0.1:10123 - 0
[12/05/22 19:37:53:2363407] [INFO ]: Recieve server done
[12/05/22 19:37:53:2365135] [INFO ]: Replying to spooler
[12/05/22 19:37:53:2965079] [DEBUG]: Recieving packet from Spooler of len 9
[12/05/22 19:37:53:2968406] [INFO ]: Recieving servers from spooler
[12/05/22 19:37:53:2970528] [DEBUG]: Recieved server: 127.0.0.1:10123 - 0
[12/05/22 19:37:53:2972199] [INFO ]: Recieve server done
[12/05/22 19:37:53:2973791] [INFO ]: Replying to spooler
[12/05/22 19:37:53:3585956] [DEBUG]: Recieving packet from Spooler of len 9
[12/05/22 19:37:53:3590475] [INFO ]: Recieving servers from spooler
[12/05/22 19:37:53:3592598] [DEBUG]: Recieved server: 127.0.0.1:10123 - 0
[12/05/22 19:37:53:3594375] [INFO ]: Recieve server done
[12/05/22 19:37:53:3596150] [INFO ]: Replying to spooler
[12/05/22 19:37:53:4202007] [DEBUG]: Recieving packet from Spooler of len 9
[12/05/22 19:37:53:4205881] [INFO ]: Recieving servers from spooler
[12/05/22 19:37:53:4208091] [DEBUG]: Recieved server: 127.0.0.1:10123 - 0
[12/05/22 19:37:53:4211082] [INFO ]: Recieve server done
[12/05/22 19:37:53:4213495] [INFO ]: Replying to spooler
[12/05/22 19:37:53:4819458] [DEBUG]: Recieving packet from Spooler of len 9
[12/05/22 19:37:53:4830084] [INFO ]: Recieving servers from spooler
[12/05/22 19:37:53:4835591] [DEBUG]: Recieved server: 127.0.0.1:10123 - 0
[12/05/22 19:37:53:4837520] [INFO ]: Recieve server done
[12/05/22 19:37:53:4839288] [INFO ]: Replying to spooler
[12/05/22 19:37:53:5433698] [DEBUG]: Recieving packet from Spooler of len 9
[12/05/22 19:37:53:5437265] [INFO ]: Recieving servers from spooler
[12/05/22 19:37:53:5439580] [DEBUG]: Recieved server: 127.0.0.1:10123 - 0
[12/05/22 19:37:53:5441751] [INFO ]: Recieve server done
[12/05/22 19:37:53:5443873] [INFO ]: Replying to spooler
[12/05/22 19:37:53:6049276] [DEBUG]: Recieving packet from Spooler of len 9
[12/05/22 19:37:53:6053240] [INFO ]: Recieving servers from spooler
[12/05/22 19:37:53:6055608] [DEBUG]: Recieved server: 127.0.0.1:10123 - 0
[12/05/22 19:37:53:6057495] [INFO ]: Recieve server done
[12/05/22 19:37:53:6059130] [INFO ]: Replying to spooler
[12/05/22 19:37:53:6668362] [DEBUG]: Recieving packet from Spooler of len 9
[12/05/22 19:37:53:6678298] [INFO ]: Recieving servers from spooler
[12/05/22 19:37:53:6682214] [DEBUG]: Recieved server: 127.0.0.1:10123 - 0
[12/05/22 19:37:53:6684318] [INFO ]: Recieve server done
[12/05/22 19:37:53:6685968] [INFO ]: Replying to spooler
[12/05/22 19:37:53:7284135] [DEBUG]: Recieving packet from Spooler of len 9
[12/05/22 19:37:53:7301892] [INFO ]: Recieving servers from spooler
[12/05/22 19:37:53:7303602] [DEBUG]: Recieved server: 127.0.0.1:10123 - 0
[12/05/22 19:37:53:7321065] [INFO ]: Recieve server done
[12/05/22 19:37:53:7324271] [INFO ]: Replying to spooler
[12/05/22 19:37:53:7902603] [DEBUG]: Recieving packet from Spooler of len 9
[12/05/22 19:37:53:7913052] [INFO ]: Recieving servers from spooler
[12/05/22 19:37:53:7914994] [DEBUG]: Recieved server: 127.0.0.1:10123 - 0
[12/05/22 19:37:53:7916850] [INFO ]: Recieve server done
[12/05/22 19:37:53:7918533] [INFO ]: Replying to spooler
[12/05/22 19:37:53:8517823] [DEBUG]: Recieving packet from Spooler of len 9
[12/05/22 19:37:53:8521731] [INFO ]: Recieving servers from spooler
[12/05/22 19:37:53:8523702] [DEBUG]: Recieved server: 127.0.0.1:10123 - 0
[12/05/22 19:37:53:8525355] [INFO ]: Recieve server done
[12/05/22 19:37:53:8527126] [INFO ]: Replying to spooler
[12/05/22 19:37:53:9136936] [DEBUG]: Recieving packet from Spooler of len 9
[12/05/22 19:37:53:9143154] [INFO ]: Recieving servers from spooler
[12/05/22 19:37:53:9147285] [DEBUG]: Recieved server: 127.0.0.1:10123 - 0
[12/05/22 19:37:53:9149405] [INFO ]: Recieve server done
[12/05/22 19:37:53:9151240] [INFO ]: Replying to spooler
[12/05/22 19:37:53:9757076] [DEBUG]: Recieving packet from Spooler of len 9
[12/05/22 19:37:53:9765534] [INFO ]: Recieving servers from spooler
[12/05/22 19:37:53:9767481] [DEBUG]: Recieved server: 127.0.0.1:10123 - 0
[12/05/22 19:37:53:9769242] [INFO ]: Recieve server done
[12/05/22 19:37:53:9771048] [INFO ]: Replying to spooler
[12/05/22 19:37:54:0377752] [DEBUG]: Recieving packet from Spooler of len 9
[12/05/22 19:37:54:0382900] [INFO ]: Recieving servers from spooler
[12/05/22 19:37:54:0385340] [DEBUG]: Recieved server: 127.0.0.1:10123 - 0
[12/05/22 19:37:54:0387242] [INFO ]: Recieve server done
[12/05/22 19:37:54:0389124] [INFO ]: Replying to spooler
[12/05/22 19:37:54:0996250] [DEBUG]: Recieving packet from Spooler of len 9
[12/05/22 19:37:54:1003496] [INFO ]: Recieving servers from spooler
[12/05/22 19:37:54:1006445] [DEBUG]: Recieved server: 127.0.0.1:10123 - 0
[12/05/22 19:37:54:1008237] [INFO ]: Recieve server done
[12/05/22 19:37:54:1009961] [INFO ]: Replying to spooler
[12/05/22 19:37:54:1615252] [DEBUG]: Recieving packet from Spooler of len 9
[12/05/22 19:37:54:1621685] [INFO ]: Recieving servers from spooler
[12/05/22 19:37:54:1624140] [DEBUG]: Recieved server: 127.0.0.1:10123 - 0
[12/05/22 19:37:54:1626451] [INFO ]: Recieve server done
[12/05/22 19:37:54:1628240] [INFO ]: Replying to spooler
[12/05/22 19:37:54:2235029] [DEBUG]: Recieving packet from Spooler of len 9
[12/05/22 19:37:54:2238714] [INFO ]: Recieving servers from spooler
[12/05/22 19:37:54:2241679] [DEBUG]: Recieved server: 127.0.0.1:10123 - 0
[12/05/22 19:37:54:2243408] [INFO ]: Recieve server done
[12/05/22 19:37:54:2245303] [INFO ]: Replying to spooler
[12/05/22 19:37:54:2846461] [DEBUG]: Recieving packet from Spooler of len 9
[12/05/22 19:37:54:2856328] [INFO ]: Recieving servers from spooler
[12/05/22 19:37:54:2860055] [DEBUG]: Recieved server: 127.0.0.1:10123 - 0
[12/05/22 19:37:54:2862100] [INFO ]: Recieve server done
[12/05/22 19:37:54:2863835] [INFO ]: Replying to spooler
[12/05/22 19:37:54:3466462] [DEBUG]: Recieving packet from Spooler of len 9
[12/05/22 19:37:54:3473409] [INFO ]: Recieving servers from spooler
[12/05/22 19:37:54:3475515] [DEBUG]: Recieved server: 127.0.0.1:10123 - 0
[12/05/22 19:37:54:3477453] [INFO ]: Recieve server done
[12/05/22 19:37:54:3479765] [INFO ]: Replying to spooler
[12/05/22 19:37:54:4082668] [DEBUG]: Recieving packet from Spooler of len 9
[12/05/22 19:37:54:4097165] [INFO ]: Recieving servers from spooler
[12/05/22 19:37:54:4099311] [DEBUG]: Recieved server: 127.0.0.1:10123 - 0
[12/05/22 19:37:54:4101030] [INFO ]: Recieve server done
[12/05/22 19:37:54:4102871] [INFO ]: Replying to spooler
[12/05/22 19:37:54:4701462] [DEBUG]: Recieving packet from Spooler of len 9
[12/05/22 19:37:54:4708287] [INFO ]: Recieving servers from spooler
[12/05/22 19:37:54:4709999] [DEBUG]: Recieved server: 127.0.0.1:10123 - 0
[12/05/22 19:37:54:4714897] [INFO ]: Recieve server done
[12/05/22 19:37:54:4716815] [INFO ]: Replying to spooler
[12/05/22 19:37:54:5320346] [DEBUG]: Recieving packet from Spooler of len 9
[12/05/22 19:37:54:5331267] [INFO ]: Recieving servers from spooler
[12/05/22 19:37:54:5333120] [DEBUG]: Recieved server: 127.0.0.1:10123 - 0
[12/05/22 19:37:54:5334783] [INFO ]: Recieve server done
[12/05/22 19:37:54:5336369] [INFO ]: Replying to spooler
[12/05/22 19:37:54:5935659] [DEBUG]: Recieving packet from Spooler of len 9
[12/05/22 19:37:54:5938841] [INFO ]: Recieving servers from spooler
[12/05/22 19:37:54:5940883] [DEBUG]: Recieved server: 127.0.0.1:10123 - 0
[12/05/22 19:37:54:5942858] [INFO ]: Recieve server done
[12/05/22 19:37:54:5952183] [INFO ]: Replying to spooler
[12/05/22 19:37:54:6554730] [DEBUG]: Recieving packet from Spooler of len 9
[12/05/22 19:37:54:6558642] [INFO ]: Recieving servers from spooler
[12/05/22 19:37:54:6560489] [DEBUG]: Recieved server: 127.0.0.1:10123 - 0
[12/05/22 19:37:54:6562603] [INFO ]: Recieve server done
[12/05/22 19:37:54:6566498] [INFO ]: Replying to spooler
[12/05/22 19:37:54:7171489] [DEBUG]: Recieving packet from Spooler of len 9
[12/05/22 19:37:54:7174867] [INFO ]: Recieving servers from spooler
[12/05/22 19:37:54:7177103] [DEBUG]: Recieved server: 127.0.0.1:10123 - 0
[12/05/22 19:37:54:7178873] [INFO ]: Recieve server done
[12/05/22 19:37:54:7180564] [INFO ]: Replying to spooler
[12/05/22 19:37:54:7789346] [DEBUG]: Recieving packet from Spooler of len 9
[12/05/22 19:37:54:7793540] [INFO ]: Recieving servers from spooler
[12/05/22 19:37:54:7795545] [DEBUG]: Recieved server: 127.0.0.1:10123 - 0
[12/05/22 19:37:54:7797624] [INFO ]: Recieve server done
[12/05/22 19:37:54:7799316] [INFO ]: Replying to spooler
[12/05/22 19:37:54:8404733] [DEBUG]: Recieving packet from Spooler of len 9
[12/05/22 19:37:54:8418683] [INFO ]: Recieving servers from spooler
[12/05/22 19:37:54:8420713] [DEBUG]: Recieved server: 127.0.0.1:10123 - 0
[12/05/22 19:37:54:8422508] [INFO ]: Recieve server done
[12/05/22 19:37:54:8424557] [INFO ]: Replying to spooler
[12/05/22 19:37:54:9024615] [DEBUG]: Recieving packet from Spooler of len 9
[12/05/22 19:37:54:9035330] [INFO ]: Recieving servers from spooler
[12/05/22 19:37:54:9037124] [DEBUG]: Recieved server: 127.0.0.1:10123 - 0
[12/05/22 19:37:54:9038796] [INFO ]: Recieve server done
[12/05/22 19:37:54:9040520] [INFO ]: Replying to spooler
[12/05/22 19:37:54:9633841] [DEBUG]: Recieving packet from Spooler of len 9
[12/05/22 19:37:54:9641651] [INFO ]: Recieving servers from spooler
[12/05/22 19:37:54:9643594] [DEBUG]: Recieved server: 127.0.0.1:10123 - 0
[12/05/22 19:37:54:9645339] [INFO ]: Recieve server done
[12/05/22 19:37:54:9647028] [INFO ]: Replying to spooler
[12/05/22 19:37:55:0246079] [DEBUG]: Recieving packet from Spooler of len 9
[12/05/22 19:37:55:0250852] [INFO ]: Recieving servers from spooler
[12/05/22 19:37:55:0252943] [DEBUG]: Recieved server: 127.0.0.1:10123 - 0
[12/05/22 19:37:55:0254729] [INFO ]: Recieve server done
[12/05/22 19:37:55:0256406] [INFO ]: Replying to spooler
[12/05/22 19:37:55:0865101] [DEBUG]: Recieving packet from Spooler of len 9
[12/05/22 19:37:55:0877112] [INFO ]: Recieving servers from spooler
[12/05/22 19:37:55:0880175] [DEBUG]: Recieved server: 127.0.0.1:10123 - 0
[12/05/22 19:37:55:0882146] [INFO ]: Recieve server done
[12/05/22 19:37:55:0885456] [INFO ]: Replying to spooler
[12/05/22 19:37:55:1482644] [DEBUG]: Recieving packet from Spooler of len 9
[12/05/22 19:37:55:1491061] [INFO ]: Recieving servers from spooler
[12/05/22 19:37:55:1492934] [DEBUG]: Recieved server: 127.0.0.1:10123 - 0
[12/05/22 19:37:55:1494631] [INFO ]: Recieve server done
[12/05/22 19:37:55:1496379] [INFO ]: Replying to spooler
[12/05/22 19:37:55:2093457] [DEBUG]: Recieving packet from Spooler of len 9
[12/05/22 19:37:55:2097337] [INFO ]: Recieving servers from spooler
[12/05/22 19:37:55:2099616] [DEBUG]: Recieved server: 127.0.0.1:10123 - 0
[12/05/22 19:37:55:2102234] [INFO ]: Recieve server done
[12/05/22 19:37:55:2104368] [INFO ]: Replying to spooler
[12/05/22 19:37:55:2708879] [DEBUG]: Recieving packet from Spooler of len 9
[12/05/22 19:37:55:2715420] [INFO ]: Recieving servers from spooler
[12/05/22 19:37:55:2717685] [DEBUG]: Recieved server: 127.0.0.1:10123 - 0
[12/05/22 19:37:55:2719787] [INFO ]: Recieve server done
[12/05/22 19:37:55:2721562] [INFO ]: Replying to spooler
[12/05/22 19:37:55:3325465] [DEBUG]: Recieving packet from Spooler of len 9
[12/05/22 19:37:55:3331453] [INFO ]: Recieving servers from spooler
[12/05/22 19:37:55:3333554] [DEBUG]: Recieved server: 127.0.0.1:10123 - 0
[12/05/22 19:37:55:3335353] [INFO ]: Recieve server done
[12/05/22 19:37:55:3336999] [INFO ]: Replying to spooler
[12/05/22 19:37:55:3941712] [DEBUG]: Recieving packet from Spooler of len 9
[12/05/22 19:37:55:3952723] [INFO ]: Recieving servers from spooler
[12/05/22 19:37:55:3955711] [DEBUG]: Recieved server: 127.0.0.1:10123 - 0
[12/05/22 19:37:55:3958673] [INFO ]: Recieve server done
[12/05/22 19:37:55:3960389] [INFO ]: Replying to spooler
[12/05/22 19:37:55:4559039] [DEBUG]: Recieving packet from Spooler of len 9
[12/05/22 19:37:55:4570066] [INFO ]: Recieving servers from spooler
[12/05/22 19:37:55:4572349] [DEBUG]: Recieved server: 127.0.0.1:10123 - 0
[12/05/22 19:37:55:4574396] [INFO ]: Recieve server done
[12/05/22 19:37:55:4576042] [INFO ]: Replying to spooler
[12/05/22 19:37:55:5177023] [DEBUG]: Recieving packet from Spooler of len 9
[12/05/22 19:37:55:5180856] [INFO ]: Recieving servers from spooler
[12/05/22 19:37:55:5183046] [DEBUG]: Recieved server: 127.0.0.1:10123 - 0
[12/05/22 19:37:55:5184834] [INFO ]: Recieve server done
[12/05/22 19:37:55:5186545] [INFO ]: Replying to spooler
[12/05/22 19:37:55:5791978] [DEBUG]: Recieving packet from Spooler of len 9
[12/05/22 19:37:55:5800445] [INFO ]: Recieving servers from spooler
[12/05/22 19:37:55:5802801] [DEBUG]: Recieved server: 127.0.0.1:10123 - 0
[12/05/22 19:37:55:5804786] [INFO ]: Recieve server done
[12/05/22 19:37:55:5806679] [INFO ]: Replying to spooler
[12/05/22 19:37:55:6411715] [DEBUG]: Recieving packet from Spooler of len 9
[12/05/22 19:37:55:6415416] [INFO ]: Recieving servers from spooler
[12/05/22 19:37:55:6417858] [DEBUG]: Recieved server: 127.0.0.1:10123 - 0
[12/05/22 19:37:55:6419958] [INFO ]: Recieve server done
[12/05/22 19:37:55:6421979] [INFO ]: Replying to spooler
[12/05/22 19:37:55:7023537] [DEBUG]: Recieving packet from Spooler of len 9
[12/05/22 19:37:55:7033973] [INFO ]: Recieving servers from spooler
[12/05/22 19:37:55:7039208] [DEBUG]: Recieved server: 127.0.0.1:10123 - 0
[12/05/22 19:37:55:7041012] [INFO ]: Recieve server done
[12/05/22 19:37:55:7042712] [INFO ]: Replying to spooler
[12/05/22 19:37:55:7639824] [DEBUG]: Recieving packet from Spooler of len 9
[12/05/22 19:37:55:7642897] [INFO ]: Recieving servers from spooler
[12/05/22 19:37:55:7645236] [DEBUG]: Recieved server: 127.0.0.1:10123 - 0
[12/05/22 19:37:55:7647378] [INFO ]: Recieve server done
[12/05/22 19:37:55:7649046] [INFO ]: Replying to spooler
[12/05/22 19:37:55:8260879] [DEBUG]: Recieving packet from Spooler of len 9
[12/05/22 19:37:55:8265905] [INFO ]: Recieving servers from spooler
[12/05/22 19:37:55:8267815] [DEBUG]: Recieved server: 127.0.0.1:10123 - 0
[12/05/22 19:37:55:8270428] [INFO ]: Recieve server done
[12/05/22 19:37:55:8272138] [INFO ]: Replying to spooler
[12/05/22 19:37:55:8872316] [DEBUG]: Recieving packet from Spooler of len 9
[12/05/22 19:37:55:8878936] [INFO ]: Recieving servers from spooler
[12/05/22 19:37:55:8880821] [DEBUG]: Recieved server: 127.0.0.1:10123 - 0
[12/05/22 19:37:55:8882588] [INFO ]: Recieve server done
[12/05/22 19:37:55:8884183] [INFO ]: Replying to spooler
[12/05/22 19:37:55:9486256] [DEBUG]: Recieving packet from Spooler of len 9
[12/05/22 19:37:55:9495279] [INFO ]: Recieving servers from spooler
[12/05/22 19:37:55:9497250] [DEBUG]: Recieved server: 127.0.0.1:10123 - 0
[12/05/22 19:37:55:9498946] [INFO ]: Recieve server done
[12/05/22 19:37:55:9500581] [INFO ]: Replying to spooler
[12/05/22 19:37:56:0099564] [DEBUG]: Recieving packet from Spooler of len 9
[12/05/22 19:37:56:0110488] [INFO ]: Recieving servers from spooler
[12/05/22 19:37:56:0112428] [DEBUG]: Recieved server: 127.0.0.1:10123 - 0
[12/05/22 19:37:56:0114131] [INFO ]: Recieve server done
[12/05/22 19:37:56:0115722] [INFO ]: Replying to spooler
[12/05/22 19:37:56:0716081] [DEBUG]: Recieving packet from Spooler of len 9
[12/05/22 19:37:56:0719782] [INFO ]: Recieving servers from spooler
[12/05/22 19:37:56:0722149] [DEBUG]: Recieved server: 127.0.0.1:10123 - 0
[12/05/22 19:37:56:0724415] [INFO ]: Recieve server done
[12/05/22 19:37:56:0726319] [INFO ]: Replying to spooler
[12/05/22 19:37:56:1337432] [DEBUG]: Recieving packet from Spooler of len 9
[12/05/22 19:37:56:1342380] [INFO ]: Recieving servers from spooler
[12/05/22 19:37:56:1344395] [DEBUG]: Recieved server: 127.0.0.1:10123 - 0
[12/05/22 19:37:56:1346464] [INFO ]: Recieve server done
[12/05/22 19:37:56:1348233] [INFO ]: Replying to spooler
[12/05/22 19:37:56:1956966] [DEBUG]: Recieving packet from Spooler of len 9
[12/05/22 19:37:56:1963030] [INFO ]: Recieving servers from spooler
[12/05/22 19:37:56:1965119] [DEBUG]: Recieved server: 127.0.0.1:10123 - 0
[12/05/22 19:37:56:1967607] [INFO ]: Recieve server done
[12/05/22 19:37:56:1969727] [INFO ]: Replying to spooler
[12/05/22 19:37:56:2576481] [DEBUG]: Recieving packet from Spooler of len 9
[12/05/22 19:37:56:2588082] [INFO ]: Recieving servers from spooler
[12/05/22 19:37:56:2590076] [DEBUG]: Recieved server: 127.0.0.1:10123 - 0
[12/05/22 19:37:56:2591993] [INFO ]: Recieve server done
[12/05/22 19:37:56:2593630] [INFO ]: Replying to spooler
[12/05/22 19:37:56:3194126] [DEBUG]: Recieving packet from Spooler of len 9
[12/05/22 19:37:56:3201892] [INFO ]: Recieving servers from spooler
[12/05/22 19:37:56:3203767] [DEBUG]: Recieved server: 127.0.0.1:10123 - 0
[12/05/22 19:37:56:3205493] [INFO ]: Recieve server done
[12/05/22 19:37:56:3207257] [INFO ]: Replying to spooler
[12/05/22 19:37:56:3814103] [DEBUG]: Recieving packet from Spooler of len 9
[12/05/22 19:37:56:3823691] [INFO ]: Recieving servers from spooler
[12/05/22 19:37:56:3825685] [DEBUG]: Recieved server: 127.0.0.1:10123 - 0
[12/05/22 19:37:56:3827463] [INFO ]: Recieve server done
[12/05/22 19:37:56:3829185] [INFO ]: Replying to spooler
[12/05/22 19:37:56:4434784] [DEBUG]: Recieving packet from Spooler of len 9
[12/05/22 19:37:56:4440266] [INFO ]: Recieving servers from spooler
[12/05/22 19:37:56:4442169] [DEBUG]: Recieved server: 127.0.0.1:10123 - 0
[12/05/22 19:37:56:4443864] [INFO ]: Recieve server done
[12/05/22 19:37:56:4445609] [INFO ]: Replying to spooler
[12/05/22 19:37:56:5049971] [DEBUG]: Recieving packet from Spooler of len 9
[12/05/22 19:37:56:5055296] [INFO ]: Recieving servers from spooler
[12/05/22 19:37:56:5057537] [DEBUG]: Recieved server: 127.0.0.1:10123 - 0
[12/05/22 19:37:56:5059571] [INFO ]: Recieve server done
[12/05/22 19:37:56:5061453] [INFO ]: Replying to spooler
[12/05/22 19:37:56:5669290] [DEBUG]: Recieving packet from Spooler of len 9
[12/05/22 19:37:56:5673733] [INFO ]: Recieving servers from spooler
[12/05/22 19:37:56:5675753] [DEBUG]: Recieved server: 127.0.0.1:10123 - 0
[12/05/22 19:37:56:5677426] [INFO ]: Recieve server done
[12/05/22 19:37:56:5679246] [INFO ]: Replying to spooler
[12/05/22 19:37:56:6285608] [DEBUG]: Recieving packet from Spooler of len 9
[12/05/22 19:37:56:6289933] [INFO ]: Recieving servers from spooler
[12/05/22 19:37:56:6292209] [DEBUG]: Recieved server: 127.0.0.1:10123 - 0
[12/05/22 19:37:56:6294112] [INFO ]: Recieve server done
[12/05/22 19:37:56:6295838] [INFO ]: Replying to spooler
[12/05/22 19:37:56:6901679] [DEBUG]: Recieving packet from Spooler of len 9
[12/05/22 19:37:56:6904825] [INFO ]: Recieving servers from spooler
[12/05/22 19:37:56:6907027] [DEBUG]: Recieved server: 127.0.0.1:10123 - 0
[12/05/22 19:37:56:6909031] [INFO ]: Recieve server done
[12/05/22 19:37:56:6911028] [INFO ]: Replying to spooler
[12/05/22 19:37:56:7521374] [DEBUG]: Recieving packet from Spooler of len 9
[12/05/22 19:37:56:7526982] [INFO ]: Recieving servers from spooler
[12/05/22 19:37:56:7529263] [DEBUG]: Recieved server: 127.0.0.1:10123 - 0
[12/05/22 19:37:56:7531494] [INFO ]: Recieve server done
[12/05/22 19:37:56:7533853] [INFO ]: Replying to spooler
[12/05/22 19:37:56:8112134] [INFO ]: Client connected, queue len: 1
[12/05/22 19:37:56:8115487] [INFO ]: Waiting for client to connect
[12/05/22 19:37:56:8140870] [INFO ]: 1
[12/05/22 19:37:56:8141551] [DEBUG]: Recieving packet from Spooler of len 9
[12/05/22 19:37:56:8146334] [INFO ]: Recieving servers from spooler
[12/05/22 19:37:56:8147465] [INFO ]: Player sent to 127.0.0.1:10123
[12/05/22 19:37:56:8148256] [DEBUG]: Recieved server: 127.0.0.1:10123 - 0
[12/05/22 19:37:56:8151638] [INFO ]: Recieve server done
[12/05/22 19:37:56:8153708] [INFO ]: Replying to spooler
[12/05/22 19:37:56:8155304] [DEBUG]: Client transfer done
[12/05/22 19:37:56:8759276] [DEBUG]: Recieving packet from Spooler of len 9
[12/05/22 19:37:56:8769832] [INFO ]: Recieving servers from spooler
[12/05/22 19:37:56:8771823] [DEBUG]: Recieved server: 127.0.0.1:10123 - 0
[12/05/22 19:37:56:8773725] [INFO ]: Recieve server done
[12/05/22 19:37:56:8775403] [INFO ]: Replying to spooler
[12/05/22 19:37:56:9373954] [DEBUG]: Recieving packet from Spooler of len 9
[12/05/22 19:37:56:9379019] [INFO ]: Recieving servers from spooler
[12/05/22 19:37:56:9380945] [DEBUG]: Recieved server: 127.0.0.1:10123 - 0
[12/05/22 19:37:56:9382598] [INFO ]: Recieve server done
[12/05/22 19:37:56:9384375] [INFO ]: Replying to spooler
[12/05/22 19:37:56:9988034] [DEBUG]: Recieving packet from Spooler of len 9
[12/05/22 19:37:56:9992454] [INFO ]: Recieving servers from spooler
[12/05/22 19:37:56:9994600] [DEBUG]: Recieved server: 127.0.0.1:10123 - 0
[12/05/22 19:37:56:9996834] [INFO ]: Recieve server done
[12/05/22 19:37:56:9998913] [INFO ]: Replying to spooler
[12/05/22 19:37:57:0607243] [DEBUG]: Recieving packet from Spooler of len 9
[12/05/22 19:37:57:0610808] [INFO ]: Recieving servers from spooler
[12/05/22 19:37:57:0613051] [DEBUG]: Recieved server: 127.0.0.1:10123 - 0
[12/05/22 19:37:57:0615147] [INFO ]: Recieve server done
[12/05/22 19:37:57:0617062] [INFO ]: Replying to spooler
[12/05/22 19:37:57:1224255] [DEBUG]: Recieving packet from Spooler of len 9
[12/05/22 19:37:57:1234765] [INFO ]: Recieving servers from spooler
[12/05/22 19:37:57:1238530] [DEBUG]: Recieved server: 127.0.0.1:10123 - 0
[12/05/22 19:37:57:1240609] [INFO ]: Recieve server done
[12/05/22 19:37:57:1242277] [INFO ]: Replying to spooler
[12/05/22 19:37:57:1845389] [DEBUG]: Recieving packet from Spooler of len 9
[12/05/22 19:37:57:1854447] [INFO ]: Recieving servers from spooler
[12/05/22 19:37:57:1856298] [DEBUG]: Recieved server: 127.0.0.1:10123 - 0
[12/05/22 19:37:57:1858021] [INFO ]: Recieve server done
[12/05/22 19:37:57:1859754] [INFO ]: Replying to spooler
[12/05/22 19:37:57:2460727] [DEBUG]: Recieving packet from Spooler of len 9
[12/05/22 19:37:57:2466053] [INFO ]: Recieving servers from spooler
[12/05/22 19:37:57:2468023] [DEBUG]: Recieved server: 127.0.0.1:10123 - 0
[12/05/22 19:37:57:2469779] [INFO ]: Recieve server done
[12/05/22 19:37:57:2471363] [INFO ]: Replying to spooler
[12/05/22 19:37:57:3074939] [DEBUG]: Recieving packet from Spooler of len 9
[12/05/22 19:37:57:3079254] [INFO ]: Recieving servers from spooler
[12/05/22 19:37:57:3081249] [DEBUG]: Recieved server: 127.0.0.1:10123 - 0
[12/05/22 19:37:57:3083257] [INFO ]: Recieve server done
[12/05/22 19:37:57:3090392] [INFO ]: Replying to spooler
[12/05/22 19:37:57:3694904] [DEBUG]: Recieving packet from Spooler of len 9
[12/05/22 19:37:57:3698857] [INFO ]: Recieving servers from spooler
[12/05/22 19:37:57:3700943] [DEBUG]: Recieved server: 127.0.0.1:10123 - 0
[12/05/22 19:37:57:3703012] [INFO ]: Recieve server done
[12/05/22 19:37:57:3710565] [INFO ]: Replying to spooler
[12/05/22 19:37:57:4306917] [DEBUG]: Recieving packet from Spooler of len 9
[12/05/22 19:37:57:4319250] [INFO ]: Recieving servers from spooler
[12/05/22 19:37:57:4321122] [DEBUG]: Recieved server: 127.0.0.1:10123 - 0
[12/05/22 19:37:57:4322976] [INFO ]: Recieve server done
[12/05/22 19:37:57:4332405] [INFO ]: Replying to spooler
[12/05/22 19:37:57:4923772] [DEBUG]: Recieving packet from Spooler of len 9
[12/05/22 19:37:57:4938645] [INFO ]: Recieving servers from spooler
[12/05/22 19:37:57:4941094] [DEBUG]: Recieved server: 127.0.0.1:10123 - 0
[12/05/22 19:37:57:4942871] [INFO ]: Recieve server done
[12/05/22 19:37:57:4951272] [INFO ]: Replying to spooler
[12/05/22 19:37:57:5537903] [DEBUG]: Recieving packet from Spooler of len 9
[12/05/22 19:37:57:5554594] [INFO ]: Recieving servers from spooler
[12/05/22 19:37:57:5557753] [DEBUG]: Recieved server: 127.0.0.1:10123 - 0
[12/05/22 19:37:57:5562105] [INFO ]: Recieve server done
[12/05/22 19:37:57:5569284] [INFO ]: Replying to spooler
[12/05/22 19:37:57:6154521] [DEBUG]: Recieving packet from Spooler of len 9
[12/05/22 19:37:57:6161255] [INFO ]: Recieving servers from spooler
[12/05/22 19:37:57:6163086] [DEBUG]: Recieved server: 127.0.0.1:10123 - 0
[12/05/22 19:37:57:6170592] [INFO ]: Recieve server done
[12/05/22 19:37:57:6172296] [INFO ]: Replying to spooler
[12/05/22 19:37:57:6769719] [DEBUG]: Recieving packet from Spooler of len 9
[12/05/22 19:37:57:6774419] [INFO ]: Recieving servers from spooler
[12/05/22 19:37:57:6776212] [DEBUG]: Recieved server: 127.0.0.1:10123 - 0
[12/05/22 19:37:57:6777830] [INFO ]: Recieve server done
[12/05/22 19:37:57:6779467] [INFO ]: Replying to spooler
[12/05/22 19:37:57:7389620] [DEBUG]: Recieving packet from Spooler of len 9
[12/05/22 19:37:57:7397955] [INFO ]: Recieving servers from spooler
[12/05/22 19:37:57:7402511] [DEBUG]: Recieved server: 127.0.0.1:10123 - 0
[12/05/22 19:37:57:7407050] [INFO ]: Recieve server done
[12/05/22 19:37:57:7409977] [INFO ]: Replying to spooler
[12/05/22 19:37:57:8009626] [DEBUG]: Recieving packet from Spooler of len 9
[12/05/22 19:37:57:8012725] [INFO ]: Recieving servers from spooler
[12/05/22 19:37:57:8014746] [DEBUG]: Recieved server: 127.0.0.1:10123 - 0
[12/05/22 19:37:57:8016675] [INFO ]: Recieve server done
[12/05/22 19:37:57:8018432] [INFO ]: Replying to spooler
[12/05/22 19:37:57:8630173] [DEBUG]: Recieving packet from Spooler of len 9
[12/05/22 19:37:57:8633555] [INFO ]: Recieving servers from spooler
[12/05/22 19:37:57:8636640] [DEBUG]: Recieved server: 127.0.0.1:10123 - 0
[12/05/22 19:37:57:8639575] [INFO ]: Recieve server done
[12/05/22 19:37:57:8641305] [INFO ]: Replying to spooler
[12/05/22 19:37:57:9241805] [DEBUG]: Recieving packet from Spooler of len 9
[12/05/22 19:37:57:9245237] [INFO ]: Recieving servers from spooler
[12/05/22 19:37:57:9247434] [DEBUG]: Recieved server: 127.0.0.1:10123 - 0
[12/05/22 19:37:57:9249256] [INFO ]: Recieve server done
[12/05/22 19:37:57:9250918] [INFO ]: Replying to spooler
[12/05/22 19:37:57:9856537] [DEBUG]: Recieving packet from Spooler of len 9
[12/05/22 19:37:57:9859984] [INFO ]: Recieving servers from spooler
[12/05/22 19:37:57:9862390] [DEBUG]: Recieved server: 127.0.0.1:10123 - 0
[12/05/22 19:37:57:9867997] [INFO ]: Recieve server done
[12/05/22 19:37:57:9872186] [INFO ]: Replying to spooler
[12/05/22 19:37:58:0475038] [DEBUG]: Recieving packet from Spooler of len 9
[12/05/22 19:37:58:0480023] [INFO ]: Recieving servers from spooler
[12/05/22 19:37:58:0481933] [DEBUG]: Recieved server: 127.0.0.1:10123 - 0
[12/05/22 19:37:58:0483590] [INFO ]: Recieve server done
[12/05/22 19:37:58:0490207] [INFO ]: Replying to spooler
[12/05/22 19:37:58:1094974] [DEBUG]: Recieving packet from Spooler of len 9
[12/05/22 19:37:58:1099258] [INFO ]: Recieving servers from spooler
[12/05/22 19:37:58:1101551] [DEBUG]: Recieved server: 127.0.0.1:10123 - 0
[12/05/22 19:37:58:1103310] [INFO ]: Recieve server done
[12/05/22 19:37:58:1108233] [INFO ]: Replying to spooler
[12/05/22 19:37:58:1711749] [DEBUG]: Recieving packet from Spooler of len 9
[12/05/22 19:37:58:1714857] [INFO ]: Recieving servers from spooler
[12/05/22 19:37:58:1717117] [DEBUG]: Recieved server: 127.0.0.1:10123 - 0
[12/05/22 19:37:58:1719154] [INFO ]: Recieve server done
[12/05/22 19:37:58:1721206] [INFO ]: Replying to spooler
[12/05/22 19:37:58:2331279] [DEBUG]: Recieving packet from Spooler of len 9
[12/05/22 19:37:58:2337455] [INFO ]: Recieving servers from spooler
[12/05/22 19:37:58:2339582] [DEBUG]: Recieved server: 127.0.0.1:10123 - 0
[12/05/22 19:37:58:2341823] [INFO ]: Recieve server done
[12/05/22 19:37:58:2343949] [INFO ]: Replying to spooler
[12/05/22 19:37:58:2951250] [DEBUG]: Recieving packet from Spooler of len 9
[12/05/22 19:37:58:2957787] [INFO ]: Recieving servers from spooler
[12/05/22 19:37:58:2959881] [DEBUG]: Recieved server: 127.0.0.1:10123 - 0
[12/05/22 19:37:58:2961723] [INFO ]: Recieve server done
[12/05/22 19:37:58:2963534] [INFO ]: Replying to spooler
[12/05/22 19:37:58:3567956] [DEBUG]: Recieving packet from Spooler of len 9
[12/05/22 19:37:58:3571642] [INFO ]: Recieving servers from spooler
[12/05/22 19:37:58:3573811] [DEBUG]: Recieved server: 127.0.0.1:10123 - 0
[12/05/22 19:37:58:3575862] [INFO ]: Recieve server done
[12/05/22 19:37:58:3577610] [INFO ]: Replying to spooler
[12/05/22 19:37:58:4181998] [DEBUG]: Recieving packet from Spooler of len 9
[12/05/22 19:37:58:4190541] [INFO ]: Recieving servers from spooler
[12/05/22 19:37:58:4194512] [DEBUG]: Recieved server: 127.0.0.1:10123 - 0
[12/05/22 19:37:58:4196248] [INFO ]: Recieve server done
[12/05/22 19:37:58:4197963] [INFO ]: Replying to spooler
[12/05/22 19:37:58:4799241] [DEBUG]: Recieving packet from Spooler of len 9
[12/05/22 19:37:58:4811355] [INFO ]: Recieving servers from spooler
[12/05/22 19:37:58:4814966] [DEBUG]: Recieved server: 127.0.0.1:10123 - 0
[12/05/22 19:37:58:4816702] [INFO ]: Recieve server done
[12/05/22 19:37:58:4818333] [INFO ]: Replying to spooler
[12/05/22 19:37:58:5420425] [DEBUG]: Recieving packet from Spooler of len 9
[12/05/22 19:37:58:5433648] [INFO ]: Recieving servers from spooler
[12/05/22 19:37:58:5449793] [DEBUG]: Recieved server: 127.0.0.1:10123 - 0
[12/05/22 19:37:58:5453085] [INFO ]: Recieve server done
[12/05/22 19:37:58:5471910] [INFO ]: Replying to spooler
[12/05/22 19:37:58:6035790] [DEBUG]: Recieving packet from Spooler of len 9
[12/05/22 19:37:58:6044671] [INFO ]: Recieving servers from spooler
[12/05/22 19:37:58:6046508] [DEBUG]: Recieved server: 127.0.0.1:10123 - 0
[12/05/22 19:37:58:6048281] [INFO ]: Recieve server done
[12/05/22 19:37:58:6050109] [INFO ]: Replying to spooler
[12/05/22 19:37:58:6651181] [DEBUG]: Recieving packet from Spooler of len 9
[12/05/22 19:37:58:6654759] [INFO ]: Recieving servers from spooler
[12/05/22 19:37:58:6656953] [DEBUG]: Recieved server: 127.0.0.1:10123 - 0
[12/05/22 19:37:58:6659232] [INFO ]: Recieve server done
[12/05/22 19:37:58:6661382] [INFO ]: Replying to spooler
[12/05/22 19:37:58:7268376] [DEBUG]: Recieving packet from Spooler of len 9
[12/05/22 19:37:58:7272111] [INFO ]: Recieving servers from spooler
[12/05/22 19:37:58:7274080] [DEBUG]: Recieved server: 127.0.0.1:10123 - 0
[12/05/22 19:37:58:7275999] [INFO ]: Recieve server done
[12/05/22 19:37:58:7277745] [INFO ]: Replying to spooler
[12/05/22 19:37:58:7882760] [DEBUG]: Recieving packet from Spooler of len 9
[12/05/22 19:37:58:7887685] [INFO ]: Recieving servers from spooler
[12/05/22 19:37:58:7889955] [DEBUG]: Recieved server: 127.0.0.1:10123 - 0
[12/05/22 19:37:58:7892153] [INFO ]: Recieve server done
[12/05/22 19:37:58:7894278] [INFO ]: Replying to spooler
[12/05/22 19:37:58:8503654] [DEBUG]: Recieving packet from Spooler of len 9
[12/05/22 19:37:58:8509795] [INFO ]: Recieving servers from spooler
[12/05/22 19:37:58:8512744] [DEBUG]: Recieved server: 127.0.0.1:10123 - 0
[12/05/22 19:37:58:8514703] [INFO ]: Recieve server done
[12/05/22 19:37:58:8516625] [INFO ]: Replying to spooler
[12/05/22 19:37:58:9119677] [DEBUG]: Recieving packet from Spooler of len 9
[12/05/22 19:37:58:9123587] [INFO ]: Recieving servers from spooler
[12/05/22 19:37:58:9125934] [DEBUG]: Recieved server: 127.0.0.1:10123 - 0
[12/05/22 19:37:58:9127882] [INFO ]: Recieve server done
[12/05/22 19:37:58:9129560] [INFO ]: Replying to spooler
[12/05/22 19:37:58:9734881] [DEBUG]: Recieving packet from Spooler of len 9
[12/05/22 19:37:58:9739423] [INFO ]: Recieving servers from spooler
[12/05/22 19:37:58:9741769] [DEBUG]: Recieved server: 127.0.0.1:10123 - 0
[12/05/22 19:37:58:9744021] [INFO ]: Recieve server done
[12/05/22 19:37:58:9746098] [INFO ]: Replying to spooler
[12/05/22 19:37:59:0351236] [DEBUG]: Recieving packet from Spooler of len 9
[12/05/22 19:37:59:0357691] [INFO ]: Recieving servers from spooler
[12/05/22 19:37:59:0359657] [DEBUG]: Recieved server: 127.0.0.1:10123 - 0
[12/05/22 19:37:59:0362715] [INFO ]: Recieve server done
[12/05/22 19:37:59:0367182] [INFO ]: Replying to spooler
[12/05/22 19:37:59:0969585] [DEBUG]: Recieving packet from Spooler of len 9
[12/05/22 19:37:59:0976628] [INFO ]: Recieving servers from spooler
[12/05/22 19:37:59:0979987] [DEBUG]: Recieved server: 127.0.0.1:10123 - 0
[12/05/22 19:37:59:0981771] [INFO ]: Recieve server done
[12/05/22 19:37:59:0983522] [INFO ]: Replying to spooler
[12/05/22 19:37:59:1585373] [DEBUG]: Recieving packet from Spooler of len 9
[12/05/22 19:37:59:1589286] [INFO ]: Recieving servers from spooler
[12/05/22 19:37:59:1591196] [DEBUG]: Recieved server: 127.0.0.1:10123 - 0
[12/05/22 19:37:59:1592967] [INFO ]: Recieve server done
[12/05/22 19:37:59:1594774] [INFO ]: Replying to spooler
[12/05/22 19:37:59:2204330] [DEBUG]: Recieving packet from Spooler of len 9
[12/05/22 19:37:59:2215334] [INFO ]: Recieving servers from spooler
[12/05/22 19:37:59:2217816] [DEBUG]: Recieved server: 127.0.0.1:10123 - 0
[12/05/22 19:37:59:2220159] [INFO ]: Recieve server done
[12/05/22 19:37:59:2222027] [INFO ]: Replying to spooler
[12/05/22 19:37:59:2821723] [DEBUG]: Recieving packet from Spooler of len 9
[12/05/22 19:37:59:2825899] [INFO ]: Recieving servers from spooler
[12/05/22 19:37:59:2828272] [DEBUG]: Recieved server: 127.0.0.1:10123 - 0
[12/05/22 19:37:59:2831020] [INFO ]: Recieve server done
[12/05/22 19:37:59:2833236] [INFO ]: Replying to spooler
[12/05/22 19:37:59:3439564] [DEBUG]: Recieving packet from Spooler of len 9
[12/05/22 19:37:59:3448584] [INFO ]: Recieving servers from spooler
[12/05/22 19:37:59:3450643] [DEBUG]: Recieved server: 127.0.0.1:10123 - 0
[12/05/22 19:37:59:3452479] [INFO ]: Recieve server done
[12/05/22 19:37:59:3454210] [INFO ]: Replying to spooler
[12/05/22 19:37:59:4057024] [DEBUG]: Recieving packet from Spooler of len 9
[12/05/22 19:37:59:4060904] [INFO ]: Recieving servers from spooler
[12/05/22 19:37:59:4063188] [DEBUG]: Recieved server: 127.0.0.1:10123 - 0
[12/05/22 19:37:59:4065481] [INFO ]: Recieve server done
[12/05/22 19:37:59:4067402] [INFO ]: Replying to spooler
[12/05/22 19:37:59:4672922] [DEBUG]: Recieving packet from Spooler of len 9
[12/05/22 19:37:59:4681227] [INFO ]: Recieving servers from spooler
[12/05/22 19:37:59:4683134] [DEBUG]: Recieved server: 127.0.0.1:10123 - 0
[12/05/22 19:37:59:4684863] [INFO ]: Recieve server done
[12/05/22 19:37:59:4686511] [INFO ]: Replying to spooler
[12/05/22 19:37:59:5290154] [DEBUG]: Recieving packet from Spooler of len 9
[12/05/22 19:37:59:5294797] [INFO ]: Recieving servers from spooler
[12/05/22 19:37:59:5297176] [DEBUG]: Recieved server: 127.0.0.1:10123 - 0
[12/05/22 19:37:59:5299459] [INFO ]: Recieve server done
[12/05/22 19:37:59:5301438] [INFO ]: Replying to spooler
[12/05/22 19:37:59:5907879] [DEBUG]: Recieving packet from Spooler of len 9
[12/05/22 19:37:59:5913586] [INFO ]: Recieving servers from spooler
[12/05/22 19:37:59:5916015] [DEBUG]: Recieved server: 127.0.0.1:10123 - 0
[12/05/22 19:37:59:5918145] [INFO ]: Recieve server done
[12/05/22 19:37:59:5919977] [INFO ]: Replying to spooler
[12/05/22 19:37:59:6527724] [DEBUG]: Recieving packet from Spooler of len 9
[12/05/22 19:37:59:6532250] [INFO ]: Recieving servers from spooler
[12/05/22 19:37:59:6534220] [DEBUG]: Recieved server: 127.0.0.1:10123 - 0
[12/05/22 19:37:59:6537154] [INFO ]: Recieve server done
[12/05/22 19:37:59:6538836] [INFO ]: Replying to spooler
[12/05/22 19:37:59:7146032] [DEBUG]: Recieving packet from Spooler of len 9
[12/05/22 19:37:59:7154683] [INFO ]: Recieving servers from spooler
[12/05/22 19:37:59:7157358] [DEBUG]: Recieved server: 127.0.0.1:10123 - 0
[12/05/22 19:37:59:7159130] [INFO ]: Recieve server done
[12/05/22 19:37:59:7160910] [INFO ]: Replying to spooler
[12/05/22 19:37:59:7758767] [DEBUG]: Recieving packet from Spooler of len 9
[12/05/22 19:37:59:7765108] [INFO ]: Recieving servers from spooler
[12/05/22 19:37:59:7766963] [DEBUG]: Recieved server: 127.0.0.1:10123 - 0
[12/05/22 19:37:59:7768783] [INFO ]: Recieve server done
[12/05/22 19:37:59:7770446] [INFO ]: Replying to spooler
[12/05/22 19:37:59:8376425] [DEBUG]: Recieving packet from Spooler of len 9
[12/05/22 19:37:59:8381551] [INFO ]: Recieving servers from spooler
[12/05/22 19:37:59:8383702] [DEBUG]: Recieved server: 127.0.0.1:10123 - 0
[12/05/22 19:37:59:8385414] [INFO ]: Recieve server done
[12/05/22 19:37:59:8387038] [INFO ]: Replying to spooler
[12/05/22 19:37:59:8997649] [DEBUG]: Recieving packet from Spooler of len 9
[12/05/22 19:37:59:9002594] [INFO ]: Recieving servers from spooler
[12/05/22 19:37:59:9004829] [DEBUG]: Recieved server: 127.0.0.1:10123 - 0
[12/05/22 19:37:59:9006610] [INFO ]: Recieve server done
[12/05/22 19:37:59:9008242] [INFO ]: Replying to spooler
[12/05/22 19:37:59:9612117] [DEBUG]: Recieving packet from Spooler of len 9
[12/05/22 19:37:59:9622833] [INFO ]: Recieving servers from spooler
[12/05/22 19:37:59:9626577] [DEBUG]: Recieved server: 127.0.0.1:10123 - 0
[12/05/22 19:37:59:9628761] [INFO ]: Recieve server done
[12/05/22 19:37:59:9630457] [INFO ]: Replying to spooler
[12/05/22 19:38:00:0225771] [DEBUG]: Recieving packet from Spooler of len 9
[12/05/22 19:38:00:0232653] [INFO ]: Recieving servers from spooler
[12/05/22 19:38:00:0235951] [DEBUG]: Recieved server: 127.0.0.1:10123 - 0
[12/05/22 19:38:00:0238075] [INFO ]: Recieve server done
[12/05/22 19:38:00:0239921] [INFO ]: Replying to spooler
[12/05/22 19:38:00:0841447] [DEBUG]: Recieving packet from Spooler of len 9
[12/05/22 19:38:00:0848034] [INFO ]: Recieving servers from spooler
[12/05/22 19:38:00:0849971] [DEBUG]: Recieved server: 127.0.0.1:10123 - 0
[12/05/22 19:38:00:0854420] [INFO ]: Recieve server done
[12/05/22 19:38:00:0856284] [INFO ]: Replying to spooler
[12/05/22 19:38:00:1454578] [DEBUG]: Recieving packet from Spooler of len 9
[12/05/22 19:38:00:1460068] [INFO ]: Recieving servers from spooler
[12/05/22 19:38:00:1461847] [DEBUG]: Recieved server: 127.0.0.1:10123 - 0
[12/05/22 19:38:00:1463582] [INFO ]: Recieve server done
[12/05/22 19:38:00:1465406] [INFO ]: Replying to spooler
[12/05/22 19:38:00:2072307] [DEBUG]: Recieving packet from Spooler of len 9
[12/05/22 19:38:00:2074794] [INFO ]: Recieving servers from spooler
[12/05/22 19:38:00:2076598] [DEBUG]: Recieved server: 127.0.0.1:10123 - 0
[12/05/22 19:38:00:2078676] [INFO ]: Recieve server done
[12/05/22 19:38:00:2080513] [INFO ]: Replying to spooler
[12/05/22 19:38:00:2684576] [DEBUG]: Recieving packet from Spooler of len 9
[12/05/22 19:38:00:2690807] [INFO ]: Recieving servers from spooler
[12/05/22 19:38:00:2692922] [DEBUG]: Recieved server: 127.0.0.1:10123 - 0
[12/05/22 19:38:00:2694662] [INFO ]: Recieve server done
[12/05/22 19:38:00:2696411] [INFO ]: Replying to spooler
[12/05/22 19:38:00:3300080] [DEBUG]: Recieving packet from Spooler of len 9
[12/05/22 19:38:00:3304243] [INFO ]: Recieving servers from spooler
[12/05/22 19:38:00:3305742] [DEBUG]: Recieved server: 127.0.0.1:10123 - 0
[12/05/22 19:38:00:3309688] [INFO ]: Recieve server done
[12/05/22 19:38:00:3311684] [INFO ]: Replying to spooler
[12/05/22 19:38:00:3914717] [DEBUG]: Recieving packet from Spooler of len 9
[12/05/22 19:38:00:3918171] [INFO ]: Recieving servers from spooler
[12/05/22 19:38:00:3920431] [DEBUG]: Recieved server: 127.0.0.1:10123 - 0
[12/05/22 19:38:00:3923857] [INFO ]: Recieve server done
[12/05/22 19:38:00:3925603] [INFO ]: Replying to spooler
[12/05/22 19:38:00:4525186] [DEBUG]: Recieving packet from Spooler of len 9
[12/05/22 19:38:00:4531576] [INFO ]: Recieving servers from spooler
[12/05/22 19:38:00:4535481] [DEBUG]: Recieved server: 127.0.0.1:10123 - 0
[12/05/22 19:38:00:4537168] [INFO ]: Recieve server done
[12/05/22 19:38:00:4538912] [INFO ]: Replying to spooler
[12/05/22 19:38:00:5142085] [DEBUG]: Recieving packet from Spooler of len 9
[12/05/22 19:38:00:5152155] [INFO ]: Recieving servers from spooler
[12/05/22 19:38:00:5153990] [DEBUG]: Recieved server: 127.0.0.1:10123 - 0
[12/05/22 19:38:00:5156727] [INFO ]: Recieve server done
[12/05/22 19:38:00:5158085] [INFO ]: Replying to spooler
[12/05/22 19:38:00:5756302] [DEBUG]: Recieving packet from Spooler of len 9
[12/05/22 19:38:00:5760440] [INFO ]: Recieving servers from spooler
[12/05/22 19:38:00:5762609] [DEBUG]: Recieved server: 127.0.0.1:10123 - 0
[12/05/22 19:38:00:5764617] [INFO ]: Recieve server done
[12/05/22 19:38:00:5767059] [INFO ]: Replying to spooler
[12/05/22 19:38:00:6371423] [DEBUG]: Recieving packet from Spooler of len 9
[12/05/22 19:38:00:6381819] [INFO ]: Recieving servers from spooler
[12/05/22 19:38:00:6383632] [DEBUG]: Recieved server: 127.0.0.1:10123 - 0
[12/05/22 19:38:00:6385424] [INFO ]: Recieve server done
[12/05/22 19:38:00:6387122] [INFO ]: Replying to spooler
[12/05/22 19:38:00:6981040] [DEBUG]: Recieving packet from Spooler of len 9
[12/05/22 19:38:00:6984350] [INFO ]: Recieving servers from spooler
[12/05/22 19:38:00:6986674] [DEBUG]: Recieved server: 127.0.0.1:10123 - 0
[12/05/22 19:38:00:6988676] [INFO ]: Recieve server done
[12/05/22 19:38:00:6990631] [INFO ]: Replying to spooler
[12/05/22 19:38:00:7594893] [DEBUG]: Recieving packet from Spooler of len 9
[12/05/22 19:38:00:7602473] [INFO ]: Recieving servers from spooler
[12/05/22 19:38:00:7604342] [DEBUG]: Recieved server: 127.0.0.1:10123 - 0
[12/05/22 19:38:00:7606392] [INFO ]: Recieve server done
[12/05/22 19:38:00:7608244] [INFO ]: Replying to spooler
[12/05/22 19:38:00:8212774] [DEBUG]: Recieving packet from Spooler of len 9
[12/05/22 19:38:00:8218906] [INFO ]: Recieving servers from spooler
[12/05/22 19:38:00:8222797] [DEBUG]: Recieved server: 127.0.0.1:10123 - 0
[12/05/22 19:38:00:8228350] [INFO ]: Recieve server done
[12/05/22 19:38:00:8235416] [INFO ]: Replying to spooler
[12/05/22 19:38:00:8831028] [DEBUG]: Recieving packet from Spooler of len 9
[12/05/22 19:38:00:8839461] [INFO ]: Recieving servers from spooler
[12/05/22 19:38:00:8843179] [DEBUG]: Recieved server: 127.0.0.1:10123 - 0
[12/05/22 19:38:00:8846508] [INFO ]: Recieve server done
[12/05/22 19:38:00:8849864] [INFO ]: Replying to spooler
[12/05/22 19:38:00:9442003] [DEBUG]: Recieving packet from Spooler of len 9
[12/05/22 19:38:00:9451664] [INFO ]: Recieving servers from spooler
[12/05/22 19:38:00:9456123] [DEBUG]: Recieved server: 127.0.0.1:10123 - 0
[12/05/22 19:38:00:9459305] [INFO ]: Recieve server done
[12/05/22 19:38:00:9462563] [INFO ]: Replying to spooler
[12/05/22 19:38:01:0062134] [DEBUG]: Recieving packet from Spooler of len 9
[12/05/22 19:38:01:0074343] [INFO ]: Recieving servers from spooler
[12/05/22 19:38:01:0078144] [DEBUG]: Recieved server: 127.0.0.1:10123 - 0
[12/05/22 19:38:01:0081584] [INFO ]: Recieve server done
[12/05/22 19:38:01:0084865] [INFO ]: Replying to spooler
[12/05/22 19:38:01:0677170] [DEBUG]: Recieving packet from Spooler of len 9
[12/05/22 19:38:01:0685965] [INFO ]: Recieving servers from spooler
[12/05/22 19:38:01:0689850] [DEBUG]: Recieved server: 127.0.0.1:10123 - 0
[12/05/22 19:38:01:0693154] [INFO ]: Recieve server done
[12/05/22 19:38:01:0696495] [INFO ]: Replying to spooler
[12/05/22 19:38:01:1298009] [DEBUG]: Recieving packet from Spooler of len 9
[12/05/22 19:38:01:1306621] [INFO ]: Recieving servers from spooler
[12/05/22 19:38:01:1310333] [DEBUG]: Recieved server: 127.0.0.1:10123 - 0
[12/05/22 19:38:01:1313912] [INFO ]: Recieve server done
[12/05/22 19:38:01:1317045] [INFO ]: Replying to spooler
[12/05/22 19:38:01:1918324] [DEBUG]: Recieving packet from Spooler of len 9
[12/05/22 19:38:01:1933763] [INFO ]: Recieving servers from spooler
[12/05/22 19:38:01:1937122] [DEBUG]: Recieved server: 127.0.0.1:10123 - 0
[12/05/22 19:38:01:1940317] [INFO ]: Recieve server done
[12/05/22 19:38:01:1943544] [INFO ]: Replying to spooler
[12/05/22 19:38:01:2538272] [DEBUG]: Recieving packet from Spooler of len 9
[12/05/22 19:38:01:2544321] [INFO ]: Recieving servers from spooler
[12/05/22 19:38:01:2548104] [DEBUG]: Recieved server: 127.0.0.1:10123 - 0
[12/05/22 19:38:01:2551468] [INFO ]: Recieve server done
[12/05/22 19:38:01:2554903] [INFO ]: Replying to spooler
[12/05/22 19:38:01:3152179] [DEBUG]: Recieving packet from Spooler of len 9
[12/05/22 19:38:01:3160462] [INFO ]: Recieving servers from spooler
[12/05/22 19:38:01:3164138] [DEBUG]: Recieved server: 127.0.0.1:10123 - 0
[12/05/22 19:38:01:3167265] [INFO ]: Recieve server done
[12/05/22 19:38:01:3170316] [INFO ]: Replying to spooler
[12/05/22 19:38:01:3763479] [DEBUG]: Recieving packet from Spooler of len 9
[12/05/22 19:38:01:3773011] [INFO ]: Recieving servers from spooler
[12/05/22 19:38:01:3777121] [DEBUG]: Recieved server: 127.0.0.1:10123 - 0
[12/05/22 19:38:01:3780295] [INFO ]: Recieve server done
[12/05/22 19:38:01:3783357] [INFO ]: Replying to spooler
[12/05/22 19:38:01:4377607] [DEBUG]: Recieving packet from Spooler of len 9
[12/05/22 19:38:01:4395115] [INFO ]: Recieving servers from spooler
[12/05/22 19:38:01:4401242] [DEBUG]: Recieved server: 127.0.0.1:10123 - 0
[12/05/22 19:38:01:4404324] [INFO ]: Recieve server done
[12/05/22 19:38:01:4407389] [INFO ]: Replying to spooler
[12/05/22 19:38:01:4992815] [DEBUG]: Recieving packet from Spooler of len 9
[12/05/22 19:38:01:5002774] [INFO ]: Recieving servers from spooler
[12/05/22 19:38:01:5006408] [DEBUG]: Recieved server: 127.0.0.1:10123 - 0
[12/05/22 19:38:01:5010089] [INFO ]: Recieve server done
[12/05/22 19:38:01:5013753] [INFO ]: Replying to spooler
[12/05/22 19:38:01:5610765] [DEBUG]: Recieving packet from Spooler of len 9
[12/05/22 19:38:01:5618425] [INFO ]: Recieving servers from spooler
[12/05/22 19:38:01:5620400] [DEBUG]: Recieved server: 127.0.0.1:10123 - 0
[12/05/22 19:38:01:5622131] [INFO ]: Recieve server done
[12/05/22 19:38:01:5623838] [INFO ]: Replying to spooler
[12/05/22 19:38:01:6223993] [DEBUG]: Recieving packet from Spooler of len 9
[12/05/22 19:38:01:6227563] [INFO ]: Recieving servers from spooler
[12/05/22 19:38:01:6229410] [DEBUG]: Recieved server: 127.0.0.1:10123 - 0
[12/05/22 19:38:01:6231285] [INFO ]: Recieve server done
[12/05/22 19:38:01:6232977] [INFO ]: Replying to spooler
[12/05/22 19:38:01:6838141] [DEBUG]: Recieving packet from Spooler of len 9
[12/05/22 19:38:01:6842463] [INFO ]: Recieving servers from spooler
[12/05/22 19:38:01:6844753] [DEBUG]: Recieved server: 127.0.0.1:10123 - 0
[12/05/22 19:38:01:6846857] [INFO ]: Recieve server done
[12/05/22 19:38:01:6848829] [INFO ]: Replying to spooler
[12/05/22 19:38:01:7455756] [DEBUG]: Recieving packet from Spooler of len 9
[12/05/22 19:38:01:7465747] [INFO ]: Recieving servers from spooler
[12/05/22 19:38:01:7469942] [DEBUG]: Recieved server: 127.0.0.1:10123 - 0
[12/05/22 19:38:01:7471718] [INFO ]: Recieve server done
[12/05/22 19:38:01:7473423] [INFO ]: Replying to spooler
[12/05/22 19:38:01:8074618] [DEBUG]: Recieving packet from Spooler of len 9
[12/05/22 19:38:01:8079042] [INFO ]: Recieving servers from spooler
[12/05/22 19:38:01:8081364] [DEBUG]: Recieved server: 127.0.0.1:10123 - 0
[12/05/22 19:38:01:8083234] [INFO ]: Recieve server done
[12/05/22 19:38:01:8085011] [INFO ]: Replying to spooler
[12/05/22 19:38:01:8694489] [DEBUG]: Recieving packet from Spooler of len 9
[12/05/22 19:38:01:8700593] [INFO ]: Recieving servers from spooler
[12/05/22 19:38:01:8703616] [DEBUG]: Recieved server: 127.0.0.1:10123 - 0
[12/05/22 19:38:01:8705380] [INFO ]: Recieve server done
[12/05/22 19:38:01:8707038] [INFO ]: Replying to spooler
[12/05/22 19:38:01:9309038] [DEBUG]: Recieving packet from Spooler of len 9
[12/05/22 19:38:01:9317166] [INFO ]: Recieving servers from spooler
[12/05/22 19:38:01:9318979] [DEBUG]: Recieved server: 127.0.0.1:10123 - 0
[12/05/22 19:38:01:9320752] [INFO ]: Recieve server done
[12/05/22 19:38:01:9322532] [INFO ]: Replying to spooler
[12/05/22 19:38:01:9926078] [DEBUG]: Recieving packet from Spooler of len 9
[12/05/22 19:38:01:9936237] [INFO ]: Recieving servers from spooler
[12/05/22 19:38:01:9940685] [DEBUG]: Recieved server: 127.0.0.1:10123 - 0
[12/05/22 19:38:01:9942608] [INFO ]: Recieve server done
[12/05/22 19:38:01:9944516] [INFO ]: Replying to spooler
[12/05/22 19:38:02:0536703] [DEBUG]: Recieving packet from Spooler of len 9
[12/05/22 19:38:02:0546187] [INFO ]: Recieving servers from spooler
[12/05/22 19:38:02:0547985] [DEBUG]: Recieved server: 127.0.0.1:10123 - 0
[12/05/22 19:38:02:0549719] [INFO ]: Recieve server done
[12/05/22 19:38:02:0551505] [INFO ]: Replying to spooler
[12/05/22 19:38:02:1155141] [DEBUG]: Recieving packet from Spooler of len 9
[12/05/22 19:38:02:1163651] [INFO ]: Recieving servers from spooler
[12/05/22 19:38:02:1166074] [DEBUG]: Recieved server: 127.0.0.1:10123 - 0
[12/05/22 19:38:02:1168054] [INFO ]: Recieve server done
[12/05/22 19:38:02:1169867] [INFO ]: Replying to spooler
[12/05/22 19:38:02:1767478] [DEBUG]: Recieving packet from Spooler of len 9
[12/05/22 19:38:02:1770807] [INFO ]: Recieving servers from spooler
[12/05/22 19:38:02:1772609] [DEBUG]: Recieved server: 127.0.0.1:10123 - 0
[12/05/22 19:38:02:1774621] [INFO ]: Recieve server done
[12/05/22 19:38:02:1776430] [INFO ]: Replying to spooler
[12/05/22 19:38:02:2386484] [DEBUG]: Recieving packet from Spooler of len 9
[12/05/22 19:38:02:2391576] [INFO ]: Recieving servers from spooler
[12/05/22 19:38:02:2393533] [DEBUG]: Recieved server: 127.0.0.1:10123 - 0
[12/05/22 19:38:02:2396205] [INFO ]: Recieve server done
[12/05/22 19:38:02:2398482] [INFO ]: Replying to spooler
[12/05/22 19:38:02:3000025] [DEBUG]: Recieving packet from Spooler of len 9
[12/05/22 19:38:02:3004613] [INFO ]: Recieving servers from spooler
[12/05/22 19:38:02:3006868] [DEBUG]: Recieved server: 127.0.0.1:10123 - 0
[12/05/22 19:38:02:3008876] [INFO ]: Recieve server done
[12/05/22 19:38:02:3010782] [INFO ]: Replying to spooler
[12/05/22 19:38:02:3616872] [DEBUG]: Recieving packet from Spooler of len 9
[12/05/22 19:38:02:3626203] [INFO ]: Recieving servers from spooler
[12/05/22 19:38:02:3628239] [DEBUG]: Recieved server: 127.0.0.1:10123 - 0
[12/05/22 19:38:02:3630031] [INFO ]: Recieve server done
[12/05/22 19:38:02:3631691] [INFO ]: Replying to spooler
[12/05/22 19:38:02:4236038] [DEBUG]: Recieving packet from Spooler of len 9
[12/05/22 19:38:02:4241275] [INFO ]: Recieving servers from spooler
[12/05/22 19:38:02:4244744] [DEBUG]: Recieved server: 127.0.0.1:10123 - 0
[12/05/22 19:38:02:4246850] [INFO ]: Recieve server done
[12/05/22 19:38:02:4248685] [INFO ]: Replying to spooler
[12/05/22 19:38:02:4852605] [DEBUG]: Recieving packet from Spooler of len 9
[12/05/22 19:38:02:4864663] [INFO ]: Recieving servers from spooler
[12/05/22 19:38:02:4867290] [DEBUG]: Recieved server: 127.0.0.1:10123 - 0
[12/05/22 19:38:02:4869219] [INFO ]: Recieve server done
[12/05/22 19:38:02:4872088] [INFO ]: Replying to spooler
[12/05/22 19:38:02:5469869] [DEBUG]: Recieving packet from Spooler of len 9
[12/05/22 19:38:02:5474736] [INFO ]: Recieving servers from spooler
[12/05/22 19:38:02:5476721] [DEBUG]: Recieved server: 127.0.0.1:10123 - 0
[12/05/22 19:38:02:5478519] [INFO ]: Recieve server done
[12/05/22 19:38:02:5480467] [INFO ]: Replying to spooler
[12/05/22 19:38:02:6087151] [DEBUG]: Recieving packet from Spooler of len 9
[12/05/22 19:38:02:6098587] [INFO ]: Recieving servers from spooler
[12/05/22 19:38:02:6101915] [DEBUG]: Recieved server: 127.0.0.1:10123 - 0
[12/05/22 19:38:02:6103847] [INFO ]: Recieve server done
[12/05/22 19:38:02:6112331] [INFO ]: Replying to spooler
[12/05/22 19:38:02:6704684] [DEBUG]: Recieving packet from Spooler of len 9
[12/05/22 19:38:02:6720533] [INFO ]: Recieving servers from spooler
[12/05/22 19:38:02:6726537] [DEBUG]: Recieved server: 127.0.0.1:10123 - 0
[12/05/22 19:38:02:6735362] [INFO ]: Recieve server done
[12/05/22 19:38:02:6737163] [INFO ]: Replying to spooler
[12/05/22 19:38:02:7324333] [DEBUG]: Recieving packet from Spooler of len 9
[12/05/22 19:38:02:7332128] [INFO ]: Recieving servers from spooler
[12/05/22 19:38:02:7334060] [DEBUG]: Recieved server: 127.0.0.1:10123 - 0
[12/05/22 19:38:02:7335859] [INFO ]: Recieve server done
[12/05/22 19:38:02:7337645] [INFO ]: Replying to spooler
[12/05/22 19:38:02:7944530] [DEBUG]: Recieving packet from Spooler of len 9
[12/05/22 19:38:02:7950793] [INFO ]: Recieving servers from spooler
[12/05/22 19:38:02:7952619] [DEBUG]: Recieved server: 127.0.0.1:10123 - 0
[12/05/22 19:38:02:7954366] [INFO ]: Recieve server done
[12/05/22 19:38:02:7956070] [INFO ]: Replying to spooler
[12/05/22 19:38:02:8561094] [DEBUG]: Recieving packet from Spooler of len 9
[12/05/22 19:38:02:8570464] [INFO ]: Recieving servers from spooler
[12/05/22 19:38:02:8572406] [DEBUG]: Recieved server: 127.0.0.1:10123 - 0
[12/05/22 19:38:02:8574078] [INFO ]: Recieve server done
[12/05/22 19:38:02:8575939] [INFO ]: Replying to spooler
[12/05/22 19:38:02:9176289] [DEBUG]: Recieving packet from Spooler of len 9
[12/05/22 19:38:02:9181733] [INFO ]: Recieving servers from spooler
[12/05/22 19:38:02:9183738] [DEBUG]: Recieved server: 127.0.0.1:10123 - 0
[12/05/22 19:38:02:9185274] [INFO ]: Recieve server done
[12/05/22 19:38:02:9192521] [INFO ]: Replying to spooler
[12/05/22 19:38:02:9793978] [DEBUG]: Recieving packet from Spooler of len 9
[12/05/22 19:38:02:9800476] [INFO ]: Recieving servers from spooler
[12/05/22 19:38:02:9802737] [DEBUG]: Recieved server: 127.0.0.1:10123 - 0
[12/05/22 19:38:02:9804631] [INFO ]: Recieve server done
[12/05/22 19:38:02:9806412] [INFO ]: Replying to spooler
[12/05/22 19:38:03:0412042] [DEBUG]: Recieving packet from Spooler of len 9
[12/05/22 19:38:03:0416142] [INFO ]: Recieving servers from spooler
[12/05/22 19:38:03:0418218] [DEBUG]: Recieved server: 127.0.0.1:10123 - 0
[12/05/22 19:38:03:0420371] [INFO ]: Recieve server done
[12/05/22 19:38:03:0422436] [INFO ]: Replying to spooler
[12/05/22 19:38:03:1027380] [DEBUG]: Recieving packet from Spooler of len 9
[12/05/22 19:38:03:1032832] [INFO ]: Recieving servers from spooler
[12/05/22 19:38:03:1035252] [DEBUG]: Recieved server: 127.0.0.1:10123 - 0
[12/05/22 19:38:03:1037167] [INFO ]: Recieve server done
[12/05/22 19:38:03:1039285] [INFO ]: Replying to spooler
[12/05/22 19:38:03:1648491] [DEBUG]: Recieving packet from Spooler of len 9
[12/05/22 19:38:03:1657297] [INFO ]: Recieving servers from spooler
[12/05/22 19:38:03:1659190] [DEBUG]: Recieved server: 127.0.0.1:10123 - 0
[12/05/22 19:38:03:1660856] [INFO ]: Recieve server done
[12/05/22 19:38:03:1662611] [INFO ]: Replying to spooler
[12/05/22 19:38:03:2269191] [DEBUG]: Recieving packet from Spooler of len 9
[12/05/22 19:38:03:2272938] [INFO ]: Recieving servers from spooler
[12/05/22 19:38:03:2274739] [DEBUG]: Recieved server: 127.0.0.1:10123 - 0
[12/05/22 19:38:03:2276614] [INFO ]: Recieve server done
[12/05/22 19:38:03:2278702] [INFO ]: Replying to spooler
[12/05/22 19:38:03:2886025] [DEBUG]: Recieving packet from Spooler of len 9
[12/05/22 19:38:03:2891080] [INFO ]: Recieving servers from spooler
[12/05/22 19:38:03:2893400] [DEBUG]: Recieved server: 127.0.0.1:10123 - 0
[12/05/22 19:38:03:2895679] [INFO ]: Recieve server done
[12/05/22 19:38:03:2897727] [INFO ]: Replying to spooler
[12/05/22 19:38:03:3498136] [DEBUG]: Recieving packet from Spooler of len 9
[12/05/22 19:38:03:3501837] [INFO ]: Recieving servers from spooler
[12/05/22 19:38:03:3504092] [DEBUG]: Recieved server: 127.0.0.1:10123 - 0
[12/05/22 19:38:03:3506209] [INFO ]: Recieve server done
[12/05/22 19:38:03:3508247] [INFO ]: Replying to spooler
[12/05/22 19:38:03:4118049] [DEBUG]: Recieving packet from Spooler of len 9
[12/05/22 19:38:03:4122969] [INFO ]: Recieving servers from spooler
[12/05/22 19:38:03:4125093] [DEBUG]: Recieved server: 127.0.0.1:10123 - 0
[12/05/22 19:38:03:4127048] [INFO ]: Recieve server done
[12/05/22 19:38:03:4129730] [INFO ]: Replying to spooler
[12/05/22 19:38:03:4734904] [DEBUG]: Recieving packet from Spooler of len 9
[12/05/22 19:38:03:4739460] [INFO ]: Recieving servers from spooler
[12/05/22 19:38:03:4741618] [DEBUG]: Recieved server: 127.0.0.1:10123 - 0
[12/05/22 19:38:03:4743633] [INFO ]: Recieve server done
[12/05/22 19:38:03:4745340] [INFO ]: Replying to spooler
[12/05/22 19:38:03:5348265] [DEBUG]: Recieving packet from Spooler of len 9
[12/05/22 19:38:03:5353975] [INFO ]: Recieving servers from spooler
[12/05/22 19:38:03:5355820] [DEBUG]: Recieved server: 127.0.0.1:10123 - 0
[12/05/22 19:38:03:5357583] [INFO ]: Recieve server done
[12/05/22 19:38:03:5359369] [INFO ]: Replying to spooler
[12/05/22 19:38:03:5967418] [DEBUG]: Recieving packet from Spooler of len 9
[12/05/22 19:38:03:5973790] [INFO ]: Recieving servers from spooler
[12/05/22 19:38:03:5977369] [DEBUG]: Recieved server: 127.0.0.1:10123 - 0
[12/05/22 19:38:03:5979160] [INFO ]: Recieve server done
[12/05/22 19:38:03:5980860] [INFO ]: Replying to spooler
[12/05/22 19:38:03:6583629] [DEBUG]: Recieving packet from Spooler of len 9
[12/05/22 19:38:03:6588096] [INFO ]: Recieving servers from spooler
[12/05/22 19:38:03:6589995] [DEBUG]: Recieved server: 127.0.0.1:10123 - 0
[12/05/22 19:38:03:6592009] [INFO ]: Recieve server done
[12/05/22 19:38:03:6593854] [INFO ]: Replying to spooler
[12/05/22 19:38:03:7200326] [DEBUG]: Recieving packet from Spooler of len 9
[12/05/22 19:38:03:7206345] [INFO ]: Recieving servers from spooler
[12/05/22 19:38:03:7208361] [DEBUG]: Recieved server: 127.0.0.1:10123 - 0
[12/05/22 19:38:03:7210320] [INFO ]: Recieve server done
[12/05/22 19:38:03:7212102] [INFO ]: Replying to spooler
[12/05/22 19:38:03:7812447] [DEBUG]: Recieving packet from Spooler of len 9
[12/05/22 19:38:03:7821562] [INFO ]: Recieving servers from spooler
[12/05/22 19:38:03:7823735] [DEBUG]: Recieved server: 127.0.0.1:10123 - 0
[12/05/22 19:38:03:7825520] [INFO ]: Recieve server done
[12/05/22 19:38:03:7827385] [INFO ]: Replying to spooler
[12/05/22 19:38:03:8428224] [DEBUG]: Recieving packet from Spooler of len 9
[12/05/22 19:38:03:8435039] [INFO ]: Recieving servers from spooler
[12/05/22 19:38:03:8437225] [DEBUG]: Recieved server: 127.0.0.1:10123 - 0
[12/05/22 19:38:03:8440577] [INFO ]: Recieve server done
[12/05/22 19:38:03:8443032] [INFO ]: Replying to spooler
[12/05/22 19:38:03:9045062] [DEBUG]: Recieving packet from Spooler of len 9
[12/05/22 19:38:03:9051362] [INFO ]: Recieving servers from spooler
[12/05/22 19:38:03:9053360] [DEBUG]: Recieved server: 127.0.0.1:10123 - 0
[12/05/22 19:38:03:9055264] [INFO ]: Recieve server done
[12/05/22 19:38:03:9056990] [INFO ]: Replying to spooler
[12/05/22 19:38:03:9663949] [DEBUG]: Recieving packet from Spooler of len 9
[12/05/22 19:38:03:9667438] [INFO ]: Recieving servers from spooler
[12/05/22 19:38:03:9669402] [DEBUG]: Recieved server: 127.0.0.1:10123 - 0
[12/05/22 19:38:03:9671387] [INFO ]: Recieve server done
[12/05/22 19:38:03:9673266] [INFO ]: Replying to spooler
[12/05/22 19:38:04:0281391] [DEBUG]: Recieving packet from Spooler of len 9
[12/05/22 19:38:04:0296289] [INFO ]: Recieving servers from spooler
[12/05/22 19:38:04:0302567] [DEBUG]: Recieved server: 127.0.0.1:10123 - 0
[12/05/22 19:38:04:0308130] [INFO ]: Recieve server done
[12/05/22 19:38:04:0309934] [INFO ]: Replying to spooler
[12/05/22 19:38:04:0899005] [DEBUG]: Recieving packet from Spooler of len 9
[12/05/22 19:38:04:0902381] [INFO ]: Recieving servers from spooler
[12/05/22 19:38:04:0904773] [DEBUG]: Recieved server: 127.0.0.1:10123 - 0
[12/05/22 19:38:04:0906786] [INFO ]: Recieve server done
[12/05/22 19:38:04:0908735] [INFO ]: Replying to spooler
[12/05/22 19:38:04:1517146] [DEBUG]: Recieving packet from Spooler of len 9
[12/05/22 19:38:04:1523366] [INFO ]: Recieving servers from spooler
[12/05/22 19:38:04:1525866] [DEBUG]: Recieved server: 127.0.0.1:10123 - 0
[12/05/22 19:38:04:1528070] [INFO ]: Recieve server done
[12/05/22 19:38:04:1530115] [INFO ]: Replying to spooler
[12/05/22 19:38:04:2135504] [DEBUG]: Recieving packet from Spooler of len 9
[12/05/22 19:38:04:2138700] [INFO ]: Recieving servers from spooler
[12/05/22 19:38:04:2141716] [DEBUG]: Recieved server: 127.0.0.1:10123 - 0
[12/05/22 19:38:04:2144166] [INFO ]: Recieve server done
[12/05/22 19:38:04:2146420] [INFO ]: Replying to spooler
[12/05/22 19:38:04:2753004] [DEBUG]: Recieving packet from Spooler of len 9
[12/05/22 19:38:04:2759158] [INFO ]: Recieving servers from spooler
[12/05/22 19:38:04:2761027] [DEBUG]: Recieved server: 127.0.0.1:10123 - 0
[12/05/22 19:38:04:2762869] [INFO ]: Recieve server done
[12/05/22 19:38:04:2764563] [INFO ]: Replying to spooler
[12/05/22 19:38:04:3366932] [DEBUG]: Recieving packet from Spooler of len 9
[12/05/22 19:38:04:3375987] [INFO ]: Recieving servers from spooler
[12/05/22 19:38:04:3380653] [DEBUG]: Recieved server: 127.0.0.1:10123 - 0
[12/05/22 19:38:04:3383351] [INFO ]: Recieve server done
[12/05/22 19:38:04:3385845] [INFO ]: Replying to spooler
[12/05/22 19:38:04:3984692] [DEBUG]: Recieving packet from Spooler of len 9
[12/05/22 19:38:04:3989236] [INFO ]: Recieving servers from spooler
[12/05/22 19:38:04:3991608] [DEBUG]: Recieved server: 127.0.0.1:10123 - 0
[12/05/22 19:38:04:3993557] [INFO ]: Recieve server done
[12/05/22 19:38:04:3995454] [INFO ]: Replying to spooler
[12/05/22 19:38:04:4597473] [DEBUG]: Recieving packet from Spooler of len 9
[12/05/22 19:38:04:4602912] [INFO ]: Recieving servers from spooler
[12/05/22 19:38:04:4604831] [DEBUG]: Recieved server: 127.0.0.1:10123 - 0
[12/05/22 19:38:04:4606635] [INFO ]: Recieve server done
[12/05/22 19:38:04:4608275] [INFO ]: Replying to spooler
[12/05/22 19:38:04:5211861] [DEBUG]: Recieving packet from Spooler of len 9
[12/05/22 19:38:04:5218255] [INFO ]: Recieving servers from spooler
[12/05/22 19:38:04:5220592] [DEBUG]: Recieved server: 127.0.0.1:10123 - 0
[12/05/22 19:38:04:5222647] [INFO ]: Recieve server done
[12/05/22 19:38:04:5224444] [INFO ]: Replying to spooler
[12/05/22 19:38:04:5831480] [DEBUG]: Recieving packet from Spooler of len 9
[12/05/22 19:38:04:5835483] [INFO ]: Recieving servers from spooler
[12/05/22 19:38:04:5837433] [DEBUG]: Recieved server: 127.0.0.1:10123 - 0
[12/05/22 19:38:04:5839538] [INFO ]: Recieve server 