[13/05/22 10:05:30:4881900] [INFO ]: Logging started
[13/05/22 10:05:30:5282079] [INFO ]: Starting Spooler receive
[13/05/22 10:05:30:5748545] [INFO ]: Load Balancer server start
[13/05/22 10:05:30:6076838] [INFO ]: Load Balancer Client Accept Thread Start
[13/05/22 10:05:30:6120102] [INFO ]: Waiting for client to connect
[13/05/22 10:05:30:6398870] [DEBUG]: Recieving packet from Spooler of len 2
[13/05/22 10:05:30:6555914] [INFO ]: Recieving servers from spooler
[13/05/22 10:05:30:6571114] [INFO ]: Recieve server done
[13/05/22 10:05:30:6573022] [INFO ]: Replying to spooler
[13/05/22 10:05:31:3528384] [DEBUG]: Recieving packet from Spooler of len 9
[13/05/22 10:05:31:3532184] [INFO ]: Recieving servers from spooler
[13/05/22 10:05:31:3547376] [DEBUG]: Recieved server: 127.0.0.1:10123 - 0
[13/05/22 10:05:31:3550620] [INFO ]: Recieve server done
[13/05/22 10:05:31:3552039] [INFO ]: Replying to spooler
[13/05/22 10:05:31:4218962] [DEBUG]: Recieving packet from Spooler of len 9
[13/05/22 10:05:31:4314060] [INFO ]: Recieving servers from spooler
[13/05/22 10:05:31:4316168] [DEBUG]: Recieved server: 127.0.0.1:10123 - 0
[13/05/22 10:05:31:4317901] [INFO ]: Recieve server done
[13/05/22 10:05:31:4319521] [INFO ]: Replying to spooler
[13/05/22 10:05:31:5031503] [DEBUG]: Recieving packet from Spooler of len 9
[13/05/22 10:05:31:5038915] [INFO ]: Recieving servers from spooler
[13/05/22 10:05:31:5046938] [DEBUG]: Recieved server: 127.0.0.1:10123 - 0
[13/05/22 10:05:31:5051145] [INFO ]: Recieve server done
[13/05/22 10:05:31:5052476] [INFO ]: Replying to spooler
[13/05/22 10:05:31:5717497] [DEBUG]: Recieving packet from Spooler of len 9
[13/05/22 10:05:31:5754565] [INFO ]: Recieving servers from spooler
[13/05/22 10:05:31:5772113] [DEBUG]: Recieved server: 127.0.0.1:10123 - 0
[13/05/22 10:05:31:5778106] [INFO ]: Recieve server done
[13/05/22 10:05:31:5804144] [INFO ]: Replying to spooler
[13/05/22 10:05:31:6347869] [DEBUG]: Recieving packet from Spooler of len 9
[13/05/22 10:05:31:6360355] [INFO ]: Recieving servers from spooler
[13/05/22 10:05:31:6369529] [DEBUG]: Recieved server: 127.0.0.1:10123 - 0
[13/05/22 10:05:31:6384203] [INFO ]: Recieve server done
[13/05/22 10:05:31:6401036] [INFO ]: Replying to spooler
[13/05/22 10:05:31:6945797] [DEBUG]: Recieving packet from Spooler of len 9
[13/05/22 10:05:31:6954019] [INFO ]: Recieving servers from spooler
[13/05/22 10:05:31:6959292] [DEBUG]: Recieved server: 127.0.0.1:10123 - 0
[13/05/22 10:05:31:6964553] [INFO ]: Recieve server done
[13/05/22 10:05:31:6969560] [INFO ]: Replying to spooler
[13/05/22 10:05:31:7650282] [DEBUG]: Recieving packet from Spooler of len 9
[13/05/22 10:05:31:7660848] [INFO ]: Recieving servers from spooler
[13/05/22 10:05:31:7665388] [DEBUG]: Recieved server: 127.0.0.1:10123 - 0
[13/05/22 10:05:31:7669059] [INFO ]: Recieve server done
[13/05/22 10:05:31:7672000] [INFO ]: Replying to spooler
[13/05/22 10:05:31:8188722] [DEBUG]: Recieving packet from Spooler of len 9
[13/05/22 10:05:31:8205963] [INFO ]: Recieving servers from spooler
[13/05/22 10:05:31:8213818] [DEBUG]: Recieved server: 127.0.0.1:10123 - 0
[13/05/22 10:05:31:8245868] [INFO ]: Recieve server done
[13/05/22 10:05:31:8252978] [INFO ]: Replying to spooler
[13/05/22 10:05:31:9005693] [DEBUG]: Recieving packet from Spooler of len 9
[13/05/22 10:05:31:9063790] [INFO ]: Recieving servers from spooler
[13/05/22 10:05:31:9084139] [DEBUG]: Recieved server: 127.0.0.1:10123 - 0
[13/05/22 10:05:31:9090602] [INFO ]: Recieve server done
[13/05/22 10:05:31:9095628] [INFO ]: Replying to spooler
[13/05/22 10:05:31:9794920] [DEBUG]: Recieving packet from Spooler of len 9
[13/05/22 10:05:31:9804074] [INFO ]: Recieving servers from spooler
[13/05/22 10:05:31:9812217] [DEBUG]: Recieved server: 127.0.0.1:10123 - 0
[13/05/22 10:05:31:9820614] [INFO ]: Recieve server done
[13/05/22 10:05:31:9826841] [INFO ]: Replying to spooler
[13/05/22 10:05:32:0599786] [DEBUG]: Recieving packet from Spooler of len 9
[13/05/22 10:05:32:0614009] [INFO ]: Recieving servers from spooler
[13/05/22 10:05:32:0623240] [DEBUG]: Recieved server: 127.0.0.1:10123 - 0
[13/05/22 10:05:32:0630455] [INFO ]: Recieve server done
[13/05/22 10:05:32:0638160] [INFO ]: Replying to spooler
[13/05/22 10:05:32:1272806] [DEBUG]: Recieving packet from Spooler of len 9
[13/05/22 10:05:32:1283970] [INFO ]: Recieving servers from spooler
[13/05/22 10:05:32:1289588] [DEBUG]: Recieved server: 127.0.0.1:10123 - 0
[13/05/22 10:05:32:1296298] [INFO ]: Recieve server done
[13/05/22 10:05:32:1301650] [INFO ]: Replying to spooler
[13/05/22 10:05:32:1972509] [DEBUG]: Recieving packet from Spooler of len 9
[13/05/22 10:05:32:1984496] [INFO ]: Recieving servers from spooler
[13/05/22 10:05:32:1992677] [DEBUG]: Recieved server: 127.0.0.1:10123 - 0
[13/05/22 10:05:32:1999573] [INFO ]: Recieve server done
[13/05/22 10:05:32:2005599] [INFO ]: Replying to spooler
[13/05/22 10:05:32:2632020] [DEBUG]: Recieving packet from Spooler of len 9
[13/05/22 10:05:32:2652840] [INFO ]: Recieving servers from spooler
[13/05/22 10:05:32:2658184] [DEBUG]: Recieved server: 127.0.0.1:10123 - 0
[13/05/22 10:05:32:2663282] [INFO ]: Recieve server done
[13/05/22 10:05:32:2668490] [INFO ]: Replying to spooler
[13/05/22 10:05:32:3314888] [DEBUG]: Recieving packet from Spooler of len 9
[13/05/22 10:05:32:3327587] [INFO ]: Recieving servers from spooler
[13/05/22 10:05:32:3334424] [DEBUG]: Recieved server: 127.0.0.1:10123 - 0
[13/05/22 10:05:32:3339466] [INFO ]: Recieve server done
[13/05/22 10:05:32:3345003] [INFO ]: Replying to spooler
[13/05/22 10:05:32:3938556] [DEBUG]: Recieving packet from Spooler of len 9
[13/05/22 10:05:32:3948551] [INFO ]: Recieving servers from spooler
[13/05/22 10:05:32:3959659] [DEBUG]: Recieved server: 127.0.0.1:10123 - 0
[13/05/22 10:05:32:3964584] [INFO ]: Recieve server done
[13/05/22 10:05:32:3970437] [INFO ]: Replying to spooler
[13/05/22 10:05:32:4628446] [DEBUG]: Recieving packet from Spooler of len 9
[13/05/22 10:05:32:4637784] [INFO ]: Recieving servers from spooler
[13/05/22 10:05:32:4641988] [DEBUG]: Recieved server: 127.0.0.1:10123 - 0
[13/05/22 10:05:32:4649061] [INFO ]: Recieve server done
[13/05/22 10:05:32:4656073] [INFO ]: Replying to spooler
[13/05/22 10:05:32:5313978] [DEBUG]: Recieving packet from Spooler of len 9
[13/05/22 10:05:32:5322213] [INFO ]: Recieving servers from spooler
[13/05/22 10:05:32:5328049] [DEBUG]: Recieved server: 127.0.0.1:10123 - 0
[13/05/22 10:05:32:5332230] [INFO ]: Recieve server done
[13/05/22 10:05:32:5338165] [INFO ]: Replying to spooler
[13/05/22 10:05:32:5933809] [DEBUG]: Recieving packet from Spooler of len 9
[13/05/22 10:05:32:5945246] [INFO ]: Recieving servers from spooler
[13/05/22 10:05:32:5952331] [DEBUG]: Recieved server: 127.0.0.1:10123 - 0
[13/05/22 10:05:32:5958418] [INFO ]: Recieve server done
[13/05/22 10:05:32:5967241] [INFO ]: Replying to spooler
[13/05/22 10:05:32:6665959] [DEBUG]: Recieving packet from Spooler of len 9
[13/05/22 10:05:32:6725870] [INFO ]: Recieving servers from spooler
[13/05/22 10:05:32:6733586] [DEBUG]: Recieved server: 127.0.0.1:10123 - 0
[13/05/22 10:05:32:6738596] [INFO ]: Recieve server done
[13/05/22 10:05:32:6743582] [INFO ]: Replying to spooler
[13/05/22 10:05:32:7353315] [DEBUG]: Recieving packet from Spooler of len 9
[13/05/22 10:05:32:7379391] [INFO ]: Recieving servers from spooler
[13/05/22 10:05:32:7390376] [DEBUG]: Recieved server: 127.0.0.1:10123 - 0
[13/05/22 10:05:32:7396087] [INFO ]: Recieve server done
[13/05/22 10:05:32:7401332] [INFO ]: Replying to spooler
[13/05/22 10:05:32:8131065] [DEBUG]: Recieving packet from Spooler of len 9
[13/05/22 10:05:32:8154064] [INFO ]: Recieving servers from spooler
[13/05/22 10:05:32:8159736] [DEBUG]: Recieved server: 127.0.0.1:10123 - 0
[13/05/22 10:05:32:8165344] [INFO ]: Recieve server done
[13/05/22 10:05:32:8170554] [INFO ]: Replying to spooler
[13/05/22 10:05:32:8841035] [DEBUG]: Recieving packet from Spooler of len 9
[13/05/22 10:05:32:8860953] [INFO ]: Recieving servers from spooler
[13/05/22 10:05:32:8870182] [DEBUG]: Recieved server: 127.0.0.1:10123 - 0
[13/05/22 10:05:32:8876185] [INFO ]: Recieve server done
[13/05/22 10:05:32:8881418] [INFO ]: Replying to spooler
[13/05/22 10:05:32:9451956] [DEBUG]: Recieving packet from Spooler of len 9
[13/05/22 10:05:32:9461714] [INFO ]: Recieving servers from spooler
[13/05/22 10:05:32:9468603] [DEBUG]: Recieved server: 127.0.0.1:10123 - 0
[13/05/22 10:05:32:9522654] [INFO ]: Recieve server done
[13/05/22 10:05:32:9594815] [INFO ]: Replying to spooler
[13/05/22 10:05:33:0240001] [DEBUG]: Recieving packet from Spooler of len 9
[13/05/22 10:05:33:0267196] [INFO ]: Recieving servers from spooler
[13/05/22 10:05:33:0273321] [DEBUG]: Recieved server: 127.0.0.1:10123 - 0
[13/05/22 10:05:33:0280840] [INFO ]: Recieve server done
[13/05/22 10:05:33:0286201] [INFO ]: Replying to spooler
[13/05/22 10:05:33:0965857] [DEBUG]: Recieving packet from Spooler of len 9
[13/05/22 10:05:33:0991882] [INFO ]: Recieving servers from spooler
[13/05/22 10:05:33:0998793] [DEBUG]: Recieved server: 127.0.0.1:10123 - 0
[13/05/22 10:05:33:1005293] [INFO ]: Recieve server done
[13/05/22 10:05:33:1010520] [INFO ]: Replying to spooler
[13/05/22 10:05:33:1631435] [DEBUG]: Recieving packet from Spooler of len 9
[13/05/22 10:05:33:1640640] [INFO ]: Recieving servers from spooler
[13/05/22 10:05:33:1646153] [DEBUG]: Recieved server: 127.0.0.1:10123 - 0
[13/05/22 10:05:33:1651840] [INFO ]: Recieve server done
[13/05/22 10:05:33:1656726] [INFO ]: Replying to spooler
[13/05/22 10:05:33:2316927] [DEBUG]: Recieving packet from Spooler of len 9
[13/05/22 10:05:33:2328488] [INFO ]: Recieving servers from spooler
[13/05/22 10:05:33:2334996] [DEBUG]: Recieved server: 127.0.0.1:10123 - 0
[13/05/22 10:05:33:2344178] [INFO ]: Recieve server done
[13/05/22 10:05:33:2350107] [INFO ]: Replying to spooler
[13/05/22 10:05:33:2948919] [DEBUG]: Recieving packet from Spooler of len 9
[13/05/22 10:05:33:2967906] [INFO ]: Recieving servers from spooler
[13/05/22 10:05:33:2974635] [DEBUG]: Recieved server: 127.0.0.1:10123 - 0
[13/05/22 10:05:33:2979565] [INFO ]: Recieve server done
[13/05/22 10:05:33:2985092] [INFO ]: Replying to spooler
[13/05/22 10:05:33:3669054] [DEBUG]: Recieving packet from Spooler of len 9
[13/05/22 10:05:33:3680075] [INFO ]: Recieving servers from spooler
[13/05/22 10:05:33:3686447] [DEBUG]: Recieved server: 127.0.0.1:10123 - 0
[13/05/22 10:05:33:3692925] [INFO ]: Recieve server done
[13/05/22 10:05:33:3698233] [INFO ]: Replying to spooler
[13/05/22 10:05:33:4350007] [DEBUG]: Recieving packet from Spooler of len 9
[13/05/22 10:05:33:4378133] [INFO ]: Recieving servers from spooler
[13/05/22 10:05:33:4382570] [DEBUG]: Recieved server: 127.0.0.1:10123 - 0
[13/05/22 10:05:33:4386834] [INFO ]: Recieve server done
[13/05/22 10:05:33:4390790] [INFO ]: Replying to spooler
[13/05/22 10:05:33:4998283] [DEBUG]: Recieving packet from Spooler of len 9
[13/05/22 10:05:33:5011999] [INFO ]: Recieving servers from spooler
[13/05/22 10:05:33:5018299] [DEBUG]: Recieved server: 127.0.0.1:10123 - 0
[13/05/22 10:05:33:5025072] [INFO ]: Recieve server done
[13/05/22 10:05:33:5040616] [INFO ]: Replying to spooler
[13/05/22 10:05:33:5644741] [DEBUG]: Recieving packet from Spooler of len 9
[13/05/22 10:05:33:5654192] [INFO ]: Recieving servers from spooler
[13/05/22 10:05:33:5659974] [DEBUG]: Recieved server: 127.0.0.1:10123 - 0
[13/05/22 10:05:33:5665271] [INFO ]: Recieve server done
[13/05/22 10:05:33:5670350] [INFO ]: Replying to spooler
[13/05/22 10:05:33:6357350] [DEBUG]: Recieving packet from Spooler of len 9
[13/05/22 10:05:33:6390158] [INFO ]: Recieving servers from spooler
[13/05/22 10:05:33:6395477] [DEBUG]: Recieved server: 127.0.0.1:10123 - 0
[13/05/22 10:05:33:6400249] [INFO ]: Recieve server done
[13/05/22 10:05:33:6406111] [INFO ]: Replying to spooler
[13/05/22 10:05:33:7021492] [DEBUG]: Recieving packet from Spooler of len 9
[13/05/22 10:05:33:7031337] [INFO ]: Recieving servers from spooler
[13/05/22 10:05:33:7036466] [DEBUG]: Recieved server: 127.0.0.1:10123 - 0
[13/05/22 10:05:33:7041172] [INFO ]: Recieve server done
[13/05/22 10:05:33:7045625] [INFO ]: Replying to spooler
[13/05/22 10:05:33:7646668] [DEBUG]: Recieving packet from Spooler of len 9
[13/05/22 10:05:33:7673823] [INFO ]: Recieving servers from spooler
[13/05/22 10:05:33:7679181] [DEBUG]: Recieved server: 127.0.0.1:10123 - 0
[13/05/22 10:05:33:7684492] [INFO ]: Recieve server done
[13/05/22 10:05:33:7690976] [INFO ]: Replying to spooler
[13/05/22 10:05:33:8355462] [DEBUG]: Recieving packet from Spooler of len 9
[13/05/22 10:05:33:8380253] [INFO ]: Recieving servers from spooler
[13/05/22 10:05:33:8386534] [DEBUG]: Recieved server: 127.0.0.1:10123 - 0
[13/05/22 10:05:33:8392401] [INFO ]: Recieve server done
[13/05/22 10:05:33:8398372] [INFO ]: Replying to spooler
[13/05/22 10:05:33:9021201] [DEBUG]: Recieving packet from Spooler of len 9
[13/05/22 10:05:33:9049547] [INFO ]: Recieving servers from spooler
[13/05/22 10:05:33:9056659] [DEBUG]: Recieved server: 127.0.0.1:10123 - 0
[13/05/22 10:05:33:9062063] [INFO ]: Recieve server done
[13/05/22 10:05:33:9066845] [INFO ]: Replying to spooler
[13/05/22 10:05:33:9731446] [DEBUG]: Recieving packet from Spooler of len 9
[13/05/22 10:05:33:9743721] [INFO ]: Recieving servers from spooler
[13/05/22 10:05:33:9749554] [DEBUG]: Recieved server: 127.0.0.1:10123 - 0
[13/05/22 10:05:33:9756135] [INFO ]: Recieve server done
[13/05/22 10:05:33:9761322] [INFO ]: Replying to spooler
[13/05/22 10:05:34:0346523] [DEBUG]: Recieving packet from Spooler of len 9
[13/05/22 10:05:34:0378065] [INFO ]: Recieving servers from spooler
[13/05/22 10:05:34:0383897] [DEBUG]: Recieved server: 127.0.0.1:10123 - 0
[13/05/22 10:05:34:0389310] [INFO ]: Recieve server done
[13/05/22 10:05:34:0394584] [INFO ]: Replying to spooler
[13/05/22 10:05:34:0972972] [DEBUG]: Recieving packet from Spooler of len 9
[13/05/22 10:05:34:0982728] [INFO ]: Recieving servers from spooler
[13/05/22 10:05:34:0987441] [DEBUG]: Recieved server: 127.0.0.1:10123 - 0
[13/05/22 10:05:34:0992306] [INFO ]: Recieve server done
[13/05/22 10:05:34:0997591] [INFO ]: Replying to spooler
[13/05/22 10:05:34:1692883] [DEBUG]: Recieving packet from Spooler of len 9
[13/05/22 10:05:34:1717605] [INFO ]: Recieving servers from spooler
[13/05/22 10:05:34:1723401] [DEBUG]: Recieved server: 127.0.0.1:10123 - 0
[13/05/22 10:05:34:1728476] [INFO ]: Recieve server done
[13/05/22 10:05:34:1735669] [INFO ]: Replying to spooler
[13/05/22 10:05:34:2330859] [DEBUG]: Recieving packet from Spooler of len 9
[13/05/22 10:05:34:2360220] [INFO ]: Recieving servers from spooler
[13/05/22 10:05:34:2365700] [DEBUG]: Recieved server: 127.0.0.1:10123 - 0
[13/05/22 10:05:34:2373386] [INFO ]: Recieve server done
[13/05/22 10:05:34:2378347] [INFO ]: Replying to spooler
[13/05/22 10:05:34:2955463] [DEBUG]: Recieving packet from Spooler of len 9
[13/05/22 10:05:34:2962985] [INFO ]: Recieving servers from spooler
[13/05/22 10:05:34:2966271] [DEBUG]: Recieved server: 127.0.0.1:10123 - 0
[13/05/22 10:05:34:2969461] [INFO ]: Recieve server done
[13/05/22 10:05:34:2972891] [INFO ]: Replying to spooler
[13/05/22 10:05:34:3583240] [DEBUG]: Recieving packet from Spooler of len 9
[13/05/22 10:05:34:3593717] [INFO ]: Recieving servers from spooler
[13/05/22 10:05:34:3599046] [DEBUG]: Recieved server: 127.0.0.1:10123 - 0
[13/05/22 10:05:34:3603863] [INFO ]: Recieve server done
[13/05/22 10:05:34:3608245] [INFO ]: Replying to spooler
[13/05/22 10:05:34:4202505] [DEBUG]: Recieving packet from Spooler of len 9
[13/05/22 10:05:34:4220405] [INFO ]: Recieving servers from spooler
[13/05/22 10:05:34:4226188] [DEBUG]: Recieved server: 127.0.0.1:10123 - 0
[13/05/22 10:05:34:4231989] [INFO ]: Recieve server done
[13/05/22 10:05:34:4237118] [INFO ]: Replying to spooler
[13/05/22 10:05:34:4914870] [DEBUG]: Recieving packet from Spooler of len 9
[13/05/22 10:05:34:4932869] [INFO ]: Recieving servers from spooler
[13/05/22 10:05:34:4938244] [DEBUG]: Recieved server: 127.0.0.1:10123 - 0
[13/05/22 10:05:34:4943323] [INFO ]: Recieve server done
[13/05/22 10:05:34:4948690] [INFO ]: Replying to spooler
[13/05/22 10:05:34:5603618] [DEBUG]: Recieving packet from Spooler of len 9
[13/05/22 10:05:34:5670266] [INFO ]: Recieving servers from spooler
[13/05/22 10:05:34:5673698] [DEBUG]: Recieved server: 127.0.0.1:10123 - 0
[13/05/22 10:05:34:5677623] [INFO ]: Recieve server done
[13/05/22 10:05:34:5680983] [INFO ]: Replying to spooler
[13/05/22 10:05:34:6479396] [DEBUG]: Recieving packet from Spooler of len 9
[13/05/22 10:05:34:6520467] [INFO ]: Recieving servers from spooler
[13/05/22 10:05:34:6524829] [DEBUG]: Recieved server: 127.0.0.1:10123 - 0
[13/05/22 10:05:34:6529032] [INFO ]: Recieve server done
[13/05/22 10:05:34:6532709] [INFO ]: Replying to spooler
[13/05/22 10:05:34:7255062] [DEBUG]: Recieving packet from Spooler of len 9
[13/05/22 10:05:34:7293795] [INFO ]: Recieving servers from spooler
[13/05/22 10:05:34:7299736] [DEBUG]: Recieved server: 127.0.0.1:10123 - 0
[13/05/22 10:05:34:7303465] [INFO ]: Recieve server done
[13/05/22 10:05:34:7307181] [INFO ]: Replying to spooler
[13/05/22 10:05:34:8009612] [DEBUG]: Recieving packet from Spooler of len 9
[13/05/22 10:05:34:8020617] [INFO ]: Recieving servers from spooler
[13/05/22 10:05:34:8024750] [DEBUG]: Recieved server: 127.0.0.1:10123 - 0
[13/05/22 10:05:34:8032778] [INFO ]: Recieve server done
[13/05/22 10:05:34:8040424] [INFO ]: Replying to spooler
[13/05/22 10:05:34:8677467] [DEBUG]: Recieving packet from Spooler of len 9
[13/05/22 10:05:34:8683753] [INFO ]: Recieving servers from spooler
[13/05/22 10:05:34:8687250] [DEBUG]: Recieved server: 127.0.0.1:10123 - 0
[13/05/22 10:05:34:8690282] [INFO ]: Recieve server done
[13/05/22 10:05:34:8693306] [INFO ]: Replying to spooler
[13/05/22 10:05:34:9279821] [DEBUG]: Recieving packet from Spooler of len 9
[13/05/22 10:05:34:9291346] [INFO ]: Recieving servers from spooler
[13/05/22 10:05:34:9295456] [DEBUG]: Recieved server: 127.0.0.1:10123 - 0
[13/05/22 10:05:34:9299634] [INFO ]: Recieve server done
[13/05/22 10:05:34:9303627] [INFO ]: Replying to spooler
[13/05/22 10:05:34:9975522] [DEBUG]: Recieving packet from Spooler of len 9
[13/05/22 10:05:34:9988613] [INFO ]: Recieving servers from spooler
[13/05/22 10:05:34:9992503] [DEBUG]: Recieved server: 127.0.0.1:10123 - 0
[13/05/22 10:05:34:9995865] [INFO ]: Recieve server done
[13/05/22 10:05:34:9999098] [INFO ]: Replying to spooler
[13/05/22 10:05:35:0600703] [DEBUG]: Recieving packet from Spooler of len 9
[13/05/22 10:05:35:0608074] [INFO ]: Recieving servers from spooler
[13/05/22 10:05:35:0611804] [DEBUG]: Recieved server: 127.0.0.1:10123 - 0
[13/05/22 10:05:35:0615581] [INFO ]: Recieve server done
[13/05/22 10:05:35:0619051] [INFO ]: Replying to spooler
[13/05/22 10:05:35:1332125] [DEBUG]: Recieving packet from Spooler of len 9
[13/05/22 10:05:35:1345224] [INFO ]: Recieving servers from spooler
[13/05/22 10:05:35:1348861] [DEBUG]: Recieved server: 127.0.0.1:10123 - 0
[13/05/22 10:05:35:1353219] [INFO ]: Recieve server done
[13/05/22 10:05:35:1356865] [INFO ]: Replying to spooler
[13/05/22 10:05:35:1943090] [DEBUG]: Recieving packet from Spooler of len 9
[13/05/22 10:05:35:1951379] [INFO ]: Recieving servers from spooler
[13/05/22 10:05:35:1955756] [DEBUG]: Recieved server: 127.0.0.1:10123 - 0
[13/05/22 10:05:35:1959498] [INFO ]: Recieve server done
[13/05/22 10:05:35:1963040] [INFO ]: Replying to spooler
[13/05/22 10:05:35:2602202] [DEBUG]: Recieving packet from Spooler of len 9
[13/05/22 10:05:35:2616263] [INFO ]: Recieving servers from spooler
[13/05/22 10:05:35:2619647] [DEBUG]: Recieved server: 127.0.0.1:10123 - 0
[13/05/22 10:05:35:2623078] [INFO ]: Recieve server done
[13/05/22 10:05:35:2628894] [INFO ]: Replying to spooler
[13/05/22 10:05:35:3355925] [DEBUG]: Recieving packet from Spooler of len 9
[13/05/22 10:05:35:3365395] [INFO ]: Recieving servers from spooler
[13/05/22 10:05:35:3368617] [DEBUG]: Recieved server: 127.0.0.1:10123 - 0
[13/05/22 10:05:35:3371612] [INFO ]: Recieve server done
[13/05/22 10:05:35:3374808] [INFO ]: Replying to spooler
[13/05/22 10:05:35:4042175] [DEBUG]: Recieving packet from Spooler of len 9
[13/05/22 10:05:35:4050485] [INFO ]: Recieving servers from spooler
[13/05/22 10:05:35:4053625] [DEBUG]: Recieved server: 127.0.0.1:10123 - 0
[13/05/22 10:05:35:4058452] [INFO ]: Recieve server done
[13/05/22 10:05:35:4061489] [INFO ]: Replying to spooler
[13/05/22 10:05:35:4675538] [DEBUG]: Recieving packet from Spooler of len 9
[13/05/22 10:05:35:4682762] [INFO ]: Recieving servers from spooler
[13/05/22 10:05:35:4686444] [DEBUG]: Recieved server: 127.0.0.1:10123 - 0
[13/05/22 10:05:35:4689969] [INFO ]: Recieve server done
[13/05/22 10:05:35:4693316] [INFO ]: Replying to spooler
[13/05/22 10:05:35:5323870] [DEBUG]: Recieving packet from Spooler of len 9
[13/05/22 10:05:35:5332177] [INFO ]: Recieving servers from spooler
[13/05/22 10:05:35:5335177] [DEBUG]: Recieved server: 127.0.0.1:10123 - 0
[13/05/22 10:05:35:5337701] [INFO ]: Recieve server done
[13/05/22 10:05:35:5341151] [INFO ]: Replying to spooler
[13/05/22 10:05:35:6028811] [DEBUG]: Recieving packet from Spooler of len 9
[13/05/22 10:05:35:6035922] [INFO ]: Recieving servers from spooler
[13/05/22 10:05:35:6038758] [DEBUG]: Recieved server: 127.0.0.1:10123 - 0
[13/05/22 10:05:35:6041266] [INFO ]: Recieve server done
[13/05/22 10:05:35:6043801] [INFO ]: Replying to spooler
[13/05/22 10:05:35:6630639] [DEBUG]: Recieving packet from Spooler of len 9
[13/05/22 10:05:35:6646517] [INFO ]: Recieving servers from spooler
[13/05/22 10:05:35:6651051] [DEBUG]: Recieved server: 127.0.0.1:10123 - 0
[13/05/22 10:05:35:6653967] [INFO ]: Recieve server done
[13/05/22 10:05:35:6656875] [INFO ]: Replying to spooler
[13/05/22 10:05:35:7312920] [DEBUG]: Recieving packet from Spooler of len 9
[13/05/22 10:05:35:7352135] [INFO ]: Recieving servers from spooler
[13/05/22 10:05:35:7356502] [DEBUG]: Recieved server: 127.0.0.1:10123 - 0
[13/05/22 10:05:35:7360068] [INFO ]: Recieve server done
[13/05/22 10:05:35:7363276] [INFO ]: Replying to spooler
[13/05/22 10:05:35:7932617] [DEBUG]: Recieving packet from Spooler of len 9
[13/05/22 10:05:35:7939575] [INFO ]: Recieving servers from spooler
[13/05/22 10:05:35:7942690] [DEBUG]: Recieved server: 127.0.0.1:10123 - 0
[13/05/22 10:05:35:7945731] [INFO ]: Recieve server done
[13/05/22 10:05:35:7948636] [INFO ]: Replying to spooler
[13/05/22 10:05:35:8619892] [DEBUG]: Recieving packet from Spooler of len 9
[13/05/22 10:05:35:8626236] [INFO ]: Recieving servers from spooler
[13/05/22 10:05:35:8631085] [DEBUG]: Recieved server: 127.0.0.1:10123 - 0
[13/05/22 10:05:35:8634882] [INFO ]: Recieve server done
[13/05/22 10:05:35:8638373] [INFO ]: Replying to spooler
[13/05/22 10:05:35:9260210] [DEBUG]: Recieving packet from Spooler of len 9
[13/05/22 10:05:35:9314683] [INFO ]: Recieving servers from spooler
[13/05/22 10:05:35:9318401] [DEBUG]: Recieved server: 127.0.0.1:10123 - 0
[13/05/22 10:05:35:9321688] [INFO ]: Recieve server done
[13/05/22 10:05:35:9324870] [INFO ]: Replying to spooler
[13/05/22 10:05:35:9964203] [DEBUG]: Recieving packet from Spooler of len 9
[13/05/22 10:05:36:0034972] [INFO ]: Recieving servers from spooler
[13/05/22 10:05:36:0051014] [DEBUG]: Recieved server: 127.0.0.1:10123 - 0
[13/05/22 10:05:36:0054360] [INFO ]: Recieve server done
[13/05/22 10:05:36:0057601] [INFO ]: Replying to spooler
[13/05/22 10:05:36:0735416] [DEBUG]: Recieving packet from Spooler of len 9
[13/05/22 10:05:36:0745603] [INFO ]: Recieving servers from spooler
[13/05/22 10:05:36:0748867] [DEBUG]: Recieved server: 127.0.0.1:10123 - 0
[13/05/22 10:05:36:0756540] [INFO ]: Recieve server done
[13/05/22 10:05:36:0759767] [INFO ]: Replying to spooler
[13/05/22 10:05:36:1429246] [DEBUG]: Recieving packet from Spooler of len 9
[13/05/22 10:05:36:1435295] [INFO ]: Recieving servers from spooler
[13/05/22 10:05:36:1441175] [DEBUG]: Recieved server: 127.0.0.1:10123 - 0
[13/05/22 10:05:36:1444447] [INFO ]: Recieve server done
[13/05/22 10:05:36:1451712] [INFO ]: Replying to spooler
[13/05/22 10:05:36:2054941] [DEBUG]: Recieving packet from Spooler of len 9
[13/05/22 10:05:36:2071774] [INFO ]: Recieving servers from spooler
[13/05/22 10:05:36:2076526] [DEBUG]: Recieved server: 127.0.0.1:10123 - 0
[13/05/22 10:05:36:2079803] [INFO ]: Recieve server done
[13/05/22 10:05:36:2085876] [INFO ]: Replying to spooler
[13/05/22 10:05:36:2706165] [DEBUG]: Recieving packet from Spooler of len 9
[13/05/22 10:05:36:2731924] [INFO ]: Recieving servers from spooler
[13/05/22 10:05:36:2739712] [DEBUG]: Recieved server: 127.0.0.1:10123 - 0
[13/05/22 10:05:36:2745192] [INFO ]: Recieve server done
[13/05/22 10:05:36:2751151] [INFO ]: Replying to spooler
[13/05/22 10:05:36:3335902] [DEBUG]: Recieving packet from Spooler of len 9
[13/05/22 10:05:36:3350309] [INFO ]: Recieving servers from spooler
[13/05/22 10:05:36:3353919] [DEBUG]: Recieved server: 127.0.0.1:10123 - 0
[13/05/22 10:05:36:3357694] [INFO ]: Recieve server done
[13/05/22 10:05:36:3361196] [INFO ]: Replying to spooler
[13/05/22 10:05:36:3958586] [DEBUG]: Recieving packet from Spooler of len 9
[13/05/22 10:05:36:4007486] [INFO ]: Recieving servers from spooler
[13/05/22 10:05:36:4011819] [DEBUG]: Recieved server: 127.0.0.1:10123 - 0
[13/05/22 10:05:36:4015189] [INFO ]: Recieve server done
[13/05/22 10:05:36:4020840] [INFO ]: Replying to spooler
[13/05/22 10:05:36:4668654] [DEBUG]: Recieving packet from Spooler of len 9
[13/05/22 10:05:36:4681245] [INFO ]: Recieving servers from spooler
[13/05/22 10:05:36:4683613] [DEBUG]: Recieved server: 127.0.0.1:10123 - 0
[13/05/22 10:05:36:4696864] [INFO ]: Recieve server done
[13/05/22 10:05:36:4700462] [INFO ]: Replying to spooler
[13/05/22 10:05:36:5291611] [DEBUG]: Recieving packet from Spooler of len 9
[13/05/22 10:05:36:5302880] [INFO ]: Recieving servers from spooler
[13/05/22 10:05:36:5309369] [DEBUG]: Recieved server: 127.0.0.1:10123 - 0
[13/05/22 10:05:36:5313157] [INFO ]: Recieve server done
[13/05/22 10:05:36:5316827] [INFO ]: Replying to spooler
[13/05/22 10:05:36:6030406] [DEBUG]: Recieving packet from Spooler of len 9
[13/05/22 10:05:36:6042711] [INFO ]: Recieving servers from spooler
[13/05/22 10:05:36:6048401] [DEBUG]: Recieved server: 127.0.0.1:10123 - 0
[13/05/22 10:05:36:6054450] [INFO ]: Recieve server done
[13/05/22 10:05:36:6064466] [INFO ]: Replying to spooler
[13/05/22 10:05:36:6643080] [DEBUG]: Recieving packet from Spooler of len 9
[13/05/22 10:05:36:6659349] [INFO ]: Recieving servers from spooler
[13/05/22 10:05:36:6666480] [DEBUG]: Recieved server: 127.0.0.1:10123 - 0
[13/05/22 10:05:36:6679552] [INFO ]: Recieve server done
[13/05/22 10:05:36:6684628] [INFO ]: Replying to spooler
[13/05/22 10:05:36:7324957] [DEBUG]: Recieving packet from Spooler of len 9
[13/05/22 10:05:36:7471327] [INFO ]: Recieving servers from spooler
[13/05/22 10:05:36:7475328] [DEBUG]: Recieved server: 127.0.0.1:10123 - 0
[13/05/22 10:05:36:7478656] [INFO ]: Recieve server done
[13/05/22 10:05:36:7484019] [INFO ]: Replying to spooler
[13/05/22 10:05:36:8175382] [DEBUG]: Recieving packet from Spooler of len 9
[13/05/22 10:05:36:8221412] [INFO ]: Recieving servers from spooler
[13/05/22 10:05:36:8232625] [DEBUG]: Recieved server: 127.0.0.1:10123 - 0
[13/05/22 10:05:36:8239235] [INFO ]: Recieve server done
[13/05/22 10:05:36:8245072] [INFO ]: Replying to spooler
[13/05/22 10:05:36:9006303] [DEBUG]: Recieving packet from Spooler of len 9
[13/05/22 10:05:36:9018630] [INFO ]: Recieving servers from spooler
[13/05/22 10:05:36:9022816] [DEBUG]: Recieved server: 127.0.0.1:10123 - 0
[13/05/22 10:05:36:9026368] [INFO ]: Recieve server done
[13/05/22 10:05:36:9031533] [INFO ]: Replying to spooler
[13/05/22 10:05:36:9587348] [DEBUG]: Recieving packet from Spooler of len 9
[13/05/22 10:05:36:9596697] [INFO ]: Recieving servers from spooler
[13/05/22 10:05:36:9600033] [DEBUG]: Recieved server: 127.0.0.1:10123 - 0
[13/05/22 10:05:36:9602958] [INFO ]: Recieve server done
[13/05/22 10:05:36:9605871] [INFO ]: Replying to spooler
[13/05/22 10:05:37:0292492] [DEBUG]: Recieving packet from Spooler of len 9
[13/05/22 10:05:37:0297824] [INFO ]: Recieving servers from spooler
[13/05/22 10:05:37:0302298] [DEBUG]: Recieved server: 127.0.0.1:10123 - 0
[13/05/22 10:05:37:0305354] [INFO ]: Recieve server done
[13/05/22 10:05:37:0310356] [INFO ]: Replying to spooler
[13/05/22 10:05:37:0998311] [DEBUG]: Recieving packet from Spooler of len 9
[13/05/22 10:05:37:1007166] [INFO ]: Recieving servers from spooler
[13/05/22 10:05:37:1012280] [DEBUG]: Recieved server: 127.0.0.1:10123 - 0
[13/05/22 10:05:37:1015185] [INFO ]: Recieve server done
[13/05/22 10:05:37:1017713] [INFO ]: Replying to spooler
[13/05/22 10:05:37:1694727] [DEBUG]: Recieving packet from Spooler of len 9
[13/05/22 10:05:37:1716994] [INFO ]: Recieving servers from spooler
[13/05/22 10:05:37:1720022] [DEBUG]: Recieved server: 127.0.0.1:10123 - 0
[13/05/22 10:05:37:1723016] [INFO ]: Recieve server done
[13/05/22 10:05:37:1725982] [INFO ]: Replying to spooler
[13/05/22 10:05:37:2284196] [DEBUG]: Recieving packet from Spooler of len 9
[13/05/22 10:05:37:2293789] [INFO ]: Recieving servers from spooler
[13/05/22 10:05:37:2296988] [DEBUG]: Recieved server: 127.0.0.1:10123 - 0
[13/05/22 10:05:37:2302085] [INFO ]: Recieve server done
[13/05/22 10:05:37:2304985] [INFO ]: Replying to spooler
[13/05/22 10:05:37:2998842] [DEBUG]: Recieving packet from Spooler of len 9
[13/05/22 10:05:37:3025874] [INFO ]: Recieving servers from spooler
[13/05/22 10:05:37:3032759] [DEBUG]: Recieved server: 127.0.0.1:10123 - 0
[13/05/22 10:05:37:3035806] [INFO ]: Recieve server done
[13/05/22 10:05:37:3038758] [INFO ]: Replying to spooler
[13/05/22 10:05:37:3705346] [DEBUG]: Recieving packet from Spooler of len 9
[13/05/22 10:05:37:3712643] [INFO ]: Recieving servers from spooler
[13/05/22 10:05:37:3715875] [DEBUG]: Recieved server: 127.0.0.1:10123 - 0
[13/05/22 10:05:37:3718979] [INFO ]: Recieve server done
[13/05/22 10:05:37:3723423] [INFO ]: Replying to spooler
[13/05/22 10:05:37:4422854] [DEBUG]: Recieving packet from Spooler of len 9
[13/05/22 10:05:37:4432181] [INFO ]: Recieving servers from spooler
[13/05/22 10:05:37:4435598] [DEBUG]: Recieved server: 127.0.0.1:10123 - 0
[13/05/22 10:05:37:4439309] [INFO ]: Recieve server done
[13/05/22 10:05:37:4442441] [INFO ]: Replying to spooler
[13/05/22 10:05:37:5052380] [DEBUG]: Recieving packet from Spooler of len 9
[13/05/22 10:05:37:5136722] [INFO ]: Recieving servers from spooler
[13/05/22 10:05:37:5143439] [DEBUG]: Recieved server: 127.0.0.1:10123 - 0
[13/05/22 10:05:37:5146733] [INFO ]: Recieve server done
[13/05/22 10:05:37:5151613] [INFO ]: Replying to spooler
[13/05/22 10:05:37:5902989] [DEBUG]: Recieving packet from Spooler of len 9
[13/05/22 10:05:37:5914787] [INFO ]: Recieving servers from spooler
[13/05/22 10:05:37:5920699] [DEBUG]: Recieved server: 127.0.0.1:10123 - 0
[13/05/22 10:05:37:5924173] [INFO ]: Recieve server done
[13/05/22 10:05:37:5927306] [INFO ]: Replying to spooler
[13/05/22 10:05:37:6521557] [DEBUG]: Recieving packet from Spooler of len 9
[13/05/22 10:05:37:6535888] [INFO ]: Recieving servers from spooler
[13/05/22 10:05:37:6539372] [DEBUG]: Recieved server: 127.0.0.1:10123 - 0
[13/05/22 10:05:37:6545234] [INFO ]: Recieve server done
[13/05/22 10:05:37:6548950] [INFO ]: Replying to spooler
[13/05/22 10:05:37:7170279] [DEBUG]: Recieving packet from Spooler of len 9
[13/05/22 10:05:37:7217485] [INFO ]: Recieving servers from spooler
[13/05/22 10:05:37:7220689] [DEBUG]: Recieved server: 127.0.0.1:10123 - 0
[13/05/22 10:05:37:7223673] [INFO ]: Recieve server done
[13/05/22 10:05:37:7227796] [INFO ]: Replying to spooler
[13/05/22 10:05:37:7872574] [DEBUG]: Recieving packet from Spooler of len 9
[13/05/22 10:05:37:7902711] [INFO ]: Recieving servers from spooler
[13/05/22 10:05:37:7909613] [DEBUG]: Recieved server: 127.0.0.1:10123 - 0
[13/05/22 10:05:37:7916964] [INFO ]: Recieve server done
[13/05/22 10:05:37:7924345] [INFO ]: Replying to spooler
[13/05/22 10:05:37:8587470] [DEBUG]: Recieving packet from Spooler of len 9
[13/05/22 10:05:37:8601318] [INFO ]: Recieving servers from spooler
[13/05/22 10:05:37:8609710] [DEBUG]: Recieved server: 127.0.0.1:10123 - 0
[13/05/22 10:05:37:8617186] [INFO ]: Recieve server done
[13/05/22 10:05:37:8624692] [INFO ]: Replying to spooler
[13/05/22 10:05:37:9217498] [DEBUG]: Recieving packet from Spooler of len 9
[13/05/22 10:05:37:9231585] [INFO ]: Recieving servers from spooler
[13/05/22 10:05:37:9237703] [DEBUG]: Recieved server: 127.0.0.1:10123 - 0
[13/05/22 10:05:37:9242155] [INFO ]: Recieve server done
[13/05/22 10:05:37:9247763] [INFO ]: Replying to spooler
[13/05/22 10:05:37:9931124] [DEBUG]: Recieving packet from Spooler of len 9
[13/05/22 10:05:37:9942882] [INFO ]: Recieving servers from spooler
[13/05/22 10:05:37:9948592] [DEBUG]: Recieved server: 127.0.0.1:10123 - 0
[13/05/22 10:05:37:9955522] [INFO ]: Recieve server done
[13/05/22 10:05:37:9959798] [INFO ]: Replying to spooler
[13/05/22 10:05:38:0534306] [DEBUG]: Recieving packet from Spooler of len 9
[13/05/22 10:05:38:0544695] [INFO ]: Recieving servers from spooler
[13/05/22 10:05:38:0548752] [DEBUG]: Recieved server: 127.0.0.1:10123 - 0
[13/05/22 10:05:38:0553088] [INFO ]: Recieve server done
[13/05/22 10:05:38:0557628] [INFO ]: Replying to spooler
[13/05/22 10:05:38:1126393] [DEBUG]: Recieving packet from Spooler of len 9
[13/05/22 10:05:38:1135042] [INFO ]: Recieving servers from spooler
[13/05/22 10:05:38:1140145] [DEBUG]: Recieved server: 127.0.0.1:10123 - 0
[13/05/22 10:05:38:1143564] [INFO ]: Recieve server done
[13/05/22 10:05:38:1147014] [INFO ]: Replying to spooler
[13/05/22 10:05:38:1716523] [DEBUG]: Recieving packet from Spooler of len 9
[13/05/22 10:05:38:1724288] [INFO ]: Recieving servers from spooler
[13/05/22 10:05:38:1728454] [DEBUG]: Recieved server: 127.0.0.1:10123 - 0
[13/05/22 10:05:38:1733102] [INFO ]: Recieve server done
[13/05/22 10:05:38:1737608] [INFO ]: Replying to spooler
[13/05/22 10:05:38:2342017] [DEBUG]: Recieving packet from Spooler of len 9
[13/05/22 10:05:38:2349240] [INFO ]: Recieving servers from spooler
[13/05/22 10:05:38:2355563] [DEBUG]: Recieved server: 127.0.0.1:10123 - 0
[13/05/22 10:05:38:2359817] [INFO ]: Recieve server done
[13/05/22 10:05:38:2364627] [INFO ]: Replying to spooler
[13/05/22 10:05:38:3003370] [DEBUG]: Recieving packet from Spooler of len 9
[13/05/22 10:05:38:3009734] [INFO ]: Recieving servers from spooler
[13/05/22 10:05:38:3013250] [DEBUG]: Recieved server: 127.0.0.1:10123 - 0
[13/05/22 10:05:38:3022988] [INFO ]: Recieve server done
[13/05/22 10:05:38:3030186] [INFO ]: Replying to spooler
[13/05/22 10:05:38:3674897] [DEBUG]: Recieving packet from Spooler of len 9
[13/05/22 10:05:38:3701455] [INFO ]: Recieving servers from spooler
[13/05/22 10:05:38:3705247] [DEBUG]: Recieved server: 127.0.0.1:10123 - 0
[13/05/22 10:05:38:3709812] [INFO ]: Recieve server done
[13/05/22 10:05:38:3713083] [INFO ]: Replying to spooler
[13/05/22 10:05:38:4323052] [DEBUG]: Recieving packet from Spooler of len 9
[13/05/22 10:05:38:4331267] [INFO ]: Recieving servers from spooler
[13/05/22 10:05:38:4336774] [DEBUG]: Recieved server: 127.0.0.1:10123 - 0
[13/05/22 10:05:38:4342303] [INFO ]: Recieve server done
[13/05/22 10:05:38:4346023] [INFO ]: Replying to spooler
[13/05/22 10:05:38:4926706] [DEBUG]: Recieving packet from Spooler of len 9
[13/05/22 10:05:38:4932827] [INFO ]: Recieving servers from spooler
[13/05/22 10:05:38:4936683] [DEBUG]: Recieved server: 127.0.0.1:10123 - 0
[13/05/22 10:05:38:4940100] [INFO ]: Recieve server done
[13/05/22 10:05:38:4943383] [INFO ]: Replying to spooler
[13/05/22 10:05:38:5561124] [DEBUG]: Recieving packet from Spooler of len 9
[13/05/22 10:05:38:5568540] [INFO ]: Recieving servers from spooler
[13/05/22 10:05:38:5572137] [DEBUG]: Recieved server: 127.0.0.1:10123 - 0
[13/05/22 10:05:38:5575282] [INFO ]: Recieve server done
[13/05/22 10:05:38:5582685] [INFO ]: Replying to spooler
[13/05/22 10:05:38:6206429] [DEBUG]: Recieving packet from Spooler of len 9
[13/05/22 10:05:38:6213130] [INFO ]: Recieving servers from spooler
[13/05/22 10:05:38:6216935] [DEBUG]: Recieved server: 127.0.0.1:10123 - 0
[13/05/22 10:05:38:6220151] [INFO ]: Recieve server done
[13/05/22 10:05:38:6223189] [INFO ]: Replying to spooler
[13/05/22 10:05:38:6779766] [DEBUG]: Recieving packet from Spooler of len 9
[13/05/22 10:05:38:6787862] [INFO ]: Recieving servers from spooler
[13/05/22 10:05:38:6791154] [DEBUG]: Recieved server: 127.0.0.1:10123 - 0
[13/05/22 10:05:38:6794339] [INFO ]: Recieve server done
[13/05/22 10:05:38:6797398] [INFO ]: Replying to spooler
[13/05/22 10:05:38:7450798] [DEBUG]: Recieving packet from Spooler of len 9
[13/05/22 10:05:38:7565126] [INFO ]: Recieving servers from spooler
[13/05/22 10:05:38:7569170] [DEBUG]: Recieved server: 127.0.0.1:10123 - 0
[13/05/22 10:05:38:7572425] [INFO ]: Recieve server done
[13/05/22 10:05:38:7575571] [INFO ]: Replying to spooler
[13/05/22 10:05:38:8136543] [DEBUG]: Recieving packet from Spooler of len 9
[13/05/22 10:05:38:8142871] [INFO ]: Recieving servers from spooler
[13/05/22 10:05:38:8146166] [DEBUG]: Recieved server: 127.0.0.1:10123 - 0
[13/05/22 10:05:38:8149970] [INFO ]: Recieve server done
[13/05/22 10:05:38:8153028] [INFO ]: Replying to spooler
[13/05/22 10:05:38:8790436] [DEBUG]: Recieving packet from Spooler of len 9
[13/05/22 10:05:38:8796368] [INFO ]: Recieving servers from spooler
[13/05/22 10:05:38:8800541] [DEBUG]: Recieved server: 127.0.0.1:10123 - 0
[13/05/22 10:05:38:8803565] [INFO ]: Recieve server done
[13/05/22 10:05:38:8806842] [INFO ]: Replying to spooler
[13/05/22 10:05:38:9381754] [DEBUG]: Recieving packet from Spooler of len 9
[13/05/22 10:05:38:9410056] [INFO ]: Recieving servers from spooler
[13/05/22 10:05:38:9420787] [DEBUG]: Recieved server: 127.0.0.1:10123 - 0
[13/05/22 10:05:38:9428187] [INFO ]: Recieve server done
[13/05/22 10:05:38:9432229] [INFO ]: Replying to spooler
[13/05/22 10:05:38:9974366] [DEBUG]: Recieving packet from Spooler of len 9
[13/05/22 10:05:38:9989897] [INFO ]: Recieving servers from spooler
[13/05/22 10:05:38:9993609] [DEBUG]: Recieved server: 127.0.0.1:10123 - 0
[13/05/22 10:05:38:9997197] [INFO ]: Recieve server done
[13/05/22 10:05:38:9998779] [INFO ]: Replying to spooler
[13/05/22 10:05:39:0604919] [DEBUG]: Recieving packet from Spooler of len 9
[13/05/22 10:05:39:0618447] [INFO ]: Recieving servers from spooler
[13/05/22 10:05:39:0624457] [DEBUG]: Recieved server: 127.0.0.1:10123 - 0
[13/05/22 10:05:39:0628723] [INFO ]: Recieve server done
[13/05/22 10:05:39:0632514] [INFO ]: Replying to spooler
[13/05/22 10:05:39:1254000] [DEBUG]: Recieving packet from Spooler of len 9
[13/05/22 10:05:39:1282459] [INFO ]: Recieving servers from spooler
[13/05/22 10:05:39:1286265] [DEBUG]: Recieved server: 127.0.0.1:10123 - 0
[13/05/22 10:05:39:1289787] [INFO ]: Recieve server done
[13/05/22 10:05:39:1293526] [INFO ]: Replying to spooler
[13/05/22 10:05:39:1867740] [DEBUG]: Recieving packet from Spooler of len 9
[13/05/22 10:05:39:1932218] [INFO ]: Recieving servers from spooler
[13/05/22 10:05:39:1936204] [DEBUG]: Recieved server: 127.0.0.1:10123 - 0
[13/05/22 10:05:39:1940824] [INFO ]: Recieve server done
[13/05/22 10:05:39:1944135] [INFO ]: Replying to spooler
[13/05/22 10:05:40:3322407] [DEBUG]: Recieving packet from Spooler of len 9
[13/05/22 10:05:40:3339566] [INFO ]: Recieving servers from spooler
[13/05/22 10:05:40:3342852] [DEBUG]: Recieved server: 127.0.0.1:10123 - 0
[13/05/22 10:05:40:3345901] [INFO ]: Recieve server done
[13/05/22 10:05:40:3349160] [INFO ]: Replying to spooler
[13/05/22 10:05:40:3944526] [DEBUG]: Recieving packet from Spooler of len 9
[13/05/22 10:05:40:3957899] [INFO ]: Recieving servers from spooler
[13/05/22 10:05:40:3962737] [DEBUG]: Recieved server: 127.0.0.1:10123 - 0
[13/05/22 10:05:40:3967381] [INFO ]: Recieve server done
[13/05/22 10:05:40:3973311] [INFO ]: Replying to spooler
[13/05/22 10:05:40:4604609] [DEBUG]: Recieving packet from Spooler of len 9
[13/05/22 10:05:40:4616866] [INFO ]: Recieving servers from spooler
[13/05/22 10:05:40:4622558] [DEBUG]: Recieved server: 127.0.0.1:10123 - 0
[13/05/22 10:05:40:4627067] [INFO ]: Recieve 