[13/05/22 10:42:36:2515011] [INFO ]: Logging started
[13/05/22 10:42:36:2968665] [INFO ]: Starting Spooler receive
[13/05/22 10:42:36:3023939] [INFO ]: Load Balancer server start
[13/05/22 10:42:36:3033333] [INFO ]: Load Balancer Client Accept Thread Start
[13/05/22 10:42:36:3114980] [INFO ]: Waiting for client to connect
[13/05/22 10:42:36:3150147] [DEBUG]: Recieving packet from Spooler of len 2
[13/05/22 10:42:36:3158490] [INFO ]: Recieving servers from spooler
[13/05/22 10:42:36:3159888] [INFO ]: Recieve server done
[13/05/22 10:42:36:3161045] [INFO ]: Replying to spooler
[13/05/22 10:42:36:6348778] [DEBUG]: Recieving packet from Spooler of len 9
[13/05/22 10:42:36:6352624] [INFO ]: Recieving servers from spooler
[13/05/22 10:42:36:6365380] [DEBUG]: Recieved server: 127.0.0.1:10123 - 0
[13/05/22 10:42:36:6368509] [INFO ]: Recieve server done
[13/05/22 10:42:36:6369798] [INFO ]: Replying to spooler
[13/05/22 10:42:36:6980685] [DEBUG]: Recieving packet from Spooler of len 9
[13/05/22 10:42:36:6988238] [INFO ]: Recieving servers from spooler
[13/05/22 10:42:36:6992993] [DEBUG]: Recieved server: 127.0.0.1:10123 - 0
[13/05/22 10:42:36:6997132] [INFO ]: Recieve server done
[13/05/22 10:42:36:7001294] [INFO ]: Replying to spooler
[13/05/22 10:42:36:7696624] [DEBUG]: Recieving packet from Spooler of len 9
[13/05/22 10:42:36:7706680] [INFO ]: Recieving servers from spooler
[13/05/22 10:42:36:7716599] [DEBUG]: Recieved server: 127.0.0.1:10123 - 0
[13/05/22 10:42:36:7725005] [INFO ]: Recieve server done
[13/05/22 10:42:36:7732775] [INFO ]: Replying to spooler
[13/05/22 10:42:36:8359579] [DEBUG]: Recieving packet from Spooler of len 9
[13/05/22 10:42:36:8368584] [INFO ]: Recieving servers from spooler
[13/05/22 10:42:36:8372524] [DEBUG]: Recieved server: 127.0.0.1:10123 - 0
[13/05/22 10:42:36:8375743] [INFO ]: Recieve server done
[13/05/22 10:42:36:8378835] [INFO ]: Replying to spooler
[13/05/22 10:42:36:8968032] [DEBUG]: Recieving packet from Spooler of len 9
[13/05/22 10:42:36:9003069] [INFO ]: Recieving servers from spooler
[13/05/22 10:42:36:9017233] [DEBUG]: Recieved server: 127.0.0.1:10123 - 0
[13/05/22 10:42:36:9030433] [INFO ]: Recieve server done
[13/05/22 10:42:36:9069568] [INFO ]: Replying to spooler
[13/05/22 10:42:36:9638119] [DEBUG]: Recieving packet from Spooler of len 9
[13/05/22 10:42:36:9705322] [INFO ]: Recieving servers from spooler
[13/05/22 10:42:36:9727260] [DEBUG]: Recieved server: 127.0.0.1:10123 - 0
[13/05/22 10:42:36:9751921] [INFO ]: Recieve server done
[13/05/22 10:42:36:9765193] [INFO ]: Replying to spooler
[13/05/22 10:42:37:0333300] [DEBUG]: Recieving packet from Spooler of len 9
[13/05/22 10:42:37:0348669] [INFO ]: Recieving servers from spooler
[13/05/22 10:42:37:0357129] [DEBUG]: Recieved server: 127.0.0.1:10123 - 0
[13/05/22 10:42:37:0369209] [INFO ]: Recieve server done
[13/05/22 10:42:37:0379500] [INFO ]: Replying to spooler
[13/05/22 10:42:37:0990632] [DEBUG]: Recieving packet from Spooler of len 9
[13/05/22 10:42:37:1008463] [INFO ]: Recieving servers from spooler
[13/05/22 10:42:37:1018511] [DEBUG]: Recieved server: 127.0.0.1:10123 - 0
[13/05/22 10:42:37:1027342] [INFO ]: Recieve server done
[13/05/22 10:42:37:1036709] [INFO ]: Replying to spooler
[13/05/22 10:42:37:1657740] [DEBUG]: Recieving packet from Spooler of len 9
[13/05/22 10:42:37:1674600] [INFO ]: Recieving servers from spooler
[13/05/22 10:42:37:1687662] [DEBUG]: Recieved server: 127.0.0.1:10123 - 0
[13/05/22 10:42:37:1701452] [INFO ]: Recieve server done
[13/05/22 10:42:37:1716572] [INFO ]: Replying to spooler
[13/05/22 10:42:37:2326227] [DEBUG]: Recieving packet from Spooler of len 9
[13/05/22 10:42:37:2350985] [INFO ]: Recieving servers from spooler
[13/05/22 10:42:37:2363285] [DEBUG]: Recieved server: 127.0.0.1:10123 - 0
[13/05/22 10:42:37:2372584] [INFO ]: Recieve server done
[13/05/22 10:42:37:2390396] [INFO ]: Replying to spooler
[13/05/22 10:42:37:3018053] [DEBUG]: Recieving packet from Spooler of len 9
[13/05/22 10:42:37:3037672] [INFO ]: Recieving servers from spooler
[13/05/22 10:42:37:3049763] [DEBUG]: Recieved server: 127.0.0.1:10123 - 0
[13/05/22 10:42:37:3067040] [INFO ]: Recieve server done
[13/05/22 10:42:37:3079205] [INFO ]: Replying to spooler
[13/05/22 10:42:37:3677014] [DEBUG]: Recieving packet from Spooler of len 9
[13/05/22 10:42:37:3683378] [INFO ]: Recieving servers from spooler
[13/05/22 10:42:37:3687492] [DEBUG]: Recieved server: 127.0.0.1:10123 - 0
[13/05/22 10:42:37:3691314] [INFO ]: Recieve server done
[13/05/22 10:42:37:3695230] [INFO ]: Replying to spooler
[13/05/22 10:42:37:4289522] [DEBUG]: Recieving packet from Spooler of len 9
[13/05/22 10:42:37:4297873] [INFO ]: Recieving servers from spooler
[13/05/22 10:42:37:4302213] [DEBUG]: Recieved server: 127.0.0.1:10123 - 0
[13/05/22 10:42:37:4305690] [INFO ]: Recieve server done
[13/05/22 10:42:37:4309083] [INFO ]: Replying to spooler
[13/05/22 10:42:37:4856003] [DEBUG]: Recieving packet from Spooler of len 9
[13/05/22 10:42:37:4867551] [INFO ]: Recieving servers from spooler
[13/05/22 10:42:37:4874333] [DEBUG]: Recieved server: 127.0.0.1:10123 - 0
[13/05/22 10:42:37:4883496] [INFO ]: Recieve server done
[13/05/22 10:42:37:4893188] [INFO ]: Replying to spooler
[13/05/22 10:42:37:5496232] [DEBUG]: Recieving packet from Spooler of len 9
[13/05/22 10:42:37:5508607] [INFO ]: Recieving servers from spooler
[13/05/22 10:42:37:5517189] [DEBUG]: Recieved server: 127.0.0.1:10123 - 0
[13/05/22 10:42:37:5524481] [INFO ]: Recieve server done
[13/05/22 10:42:37:5529863] [INFO ]: Replying to spooler
[13/05/22 10:42:37:6075760] [DEBUG]: Recieving packet from Spooler of len 9
[13/05/22 10:42:37:6090387] [INFO ]: Recieving servers from spooler
[13/05/22 10:42:37:6095345] [DEBUG]: Recieved server: 127.0.0.1:10123 - 0
[13/05/22 10:42:37:6100666] [INFO ]: Recieve server done
[13/05/22 10:42:37:6107749] [INFO ]: Replying to spooler
[13/05/22 10:42:37:6731983] [DEBUG]: Recieving packet from Spooler of len 9
[13/05/22 10:42:37:6751997] [INFO ]: Recieving servers from spooler
[13/05/22 10:42:37:6766111] [DEBUG]: Recieved server: 127.0.0.1:10123 - 0
[13/05/22 10:42:37:6790405] [INFO ]: Recieve server done
[13/05/22 10:42:37:6801795] [INFO ]: Replying to spooler
[13/05/22 10:42:37:7358016] [DEBUG]: Recieving packet from Spooler of len 9
[13/05/22 10:42:37:7403323] [INFO ]: Recieving servers from spooler
[13/05/22 10:42:37:7410526] [DEBUG]: Recieved server: 127.0.0.1:10123 - 0
[13/05/22 10:42:37:7448516] [INFO ]: Recieve server done
[13/05/22 10:42:37:7601473] [INFO ]: Replying to spooler
[13/05/22 10:42:37:8183761] [DEBUG]: Recieving packet from Spooler of len 9
[13/05/22 10:42:37:8224610] [INFO ]: Recieving servers from spooler
[13/05/22 10:42:37:8236042] [DEBUG]: Recieved server: 127.0.0.1:10123 - 0
[13/05/22 10:42:37:8253459] [INFO ]: Recieve server done
[13/05/22 10:42:37:8277190] [INFO ]: Replying to spooler
[13/05/22 10:42:37:8831874] [DEBUG]: Recieving packet from Spooler of len 9
[13/05/22 10:42:37:8863083] [INFO ]: Recieving servers from spooler
[13/05/22 10:42:37:8875378] [DEBUG]: Recieved server: 127.0.0.1:10123 - 0
[13/05/22 10:42:37:8888697] [INFO ]: Recieve server done
[13/05/22 10:42:37:8911931] [INFO ]: Replying to spooler
[13/05/22 10:42:37:9555418] [DEBUG]: Recieving packet from Spooler of len 9
[13/05/22 10:42:37:9582901] [INFO ]: Recieving servers from spooler
[13/05/22 10:42:37:9594628] [DEBUG]: Recieved server: 127.0.0.1:10123 - 0
[13/05/22 10:42:37:9606240] [INFO ]: Recieve server done
[13/05/22 10:42:37:9628508] [INFO ]: Replying to spooler
[13/05/22 10:42:38:0196363] [DEBUG]: Recieving packet from Spooler of len 9
[13/05/22 10:42:38:0219530] [INFO ]: Recieving servers from spooler
[13/05/22 10:42:38:0248609] [DEBUG]: Recieved server: 127.0.0.1:10123 - 0
[13/05/22 10:42:38:0278386] [INFO ]: Recieve server done
[13/05/22 10:42:38:0292312] [INFO ]: Replying to spooler
[13/05/22 10:42:38:0906443] [DEBUG]: Recieving packet from Spooler of len 9
[13/05/22 10:42:38:0938063] [INFO ]: Recieving servers from spooler
[13/05/22 10:42:38:0952109] [DEBUG]: Recieved server: 127.0.0.1:10123 - 0
[13/05/22 10:42:38:0984474] [INFO ]: Recieve server done
[13/05/22 10:42:38:0997607] [INFO ]: Replying to spooler
[13/05/22 10:42:38:1550506] [DEBUG]: Recieving packet from Spooler of len 9
[13/05/22 10:42:38:1599784] [INFO ]: Recieving servers from spooler
[13/05/22 10:42:38:1625286] [DEBUG]: Recieved server: 127.0.0.1:10123 - 0
[13/05/22 10:42:38:1638579] [INFO ]: Recieve server done
[13/05/22 10:42:38:1648711] [INFO ]: Replying to spooler
[13/05/22 10:42:38:2182515] [DEBUG]: Recieving packet from Spooler of len 9
[13/05/22 10:42:38:2203958] [INFO ]: Recieving servers from spooler
[13/05/22 10:42:38:2221489] [DEBUG]: Recieved server: 127.0.0.1:10123 - 0
[13/05/22 10:42:38:2256837] [INFO ]: Recieve server done
[13/05/22 10:42:38:2271042] [INFO ]: Replying to spooler
[13/05/22 10:42:38:2877661] [DEBUG]: Recieving packet from Spooler of len 9
[13/05/22 10:42:38:2922216] [INFO ]: Recieving servers from spooler
[13/05/22 10:42:38:2933491] [DEBUG]: Recieved server: 127.0.0.1:10123 - 0
[13/05/22 10:42:38:2941777] [INFO ]: Recieve server done
[13/05/22 10:42:38:2962674] [INFO ]: Replying to spooler
[13/05/22 10:42:38:3591231] [DEBUG]: Recieving packet from Spooler of len 9
[13/05/22 10:42:38:3616987] [INFO ]: Recieving servers from spooler
[13/05/22 10:42:38:3634735] [DEBUG]: Recieved server: 127.0.0.1:10123 - 0
[13/05/22 10:42:38:3645395] [INFO ]: Recieve server done
[13/05/22 10:42:38:3659253] [INFO ]: Replying to spooler
[13/05/22 10:42:38:4358322] [DEBUG]: Recieving packet from Spooler of len 9
[13/05/22 10:42:38:4390253] [INFO ]: Recieving servers from spooler
[13/05/22 10:42:38:4406009] [DEBUG]: Recieved server: 127.0.0.1:10123 - 0
[13/05/22 10:42:38:4422517] [INFO ]: Recieve server done
[13/05/22 10:42:38:4439869] [INFO ]: Replying to spooler
[13/05/22 10:42:38:4999417] [DEBUG]: Recieving packet from Spooler of len 9
[13/05/22 10:42:38:5010862] [INFO ]: Recieving servers from spooler
[13/05/22 10:42:38:5015890] [DEBUG]: Recieved server: 127.0.0.1:10123 - 0
[13/05/22 10:42:38:5019939] [INFO ]: Recieve server done
[13/05/22 10:42:38:5023619] [INFO ]: Replying to spooler
[13/05/22 10:42:38:5588238] [DEBUG]: Recieving packet from Spooler of len 9
[13/05/22 10:42:38:5593842] [INFO ]: Recieving servers from spooler
[13/05/22 10:42:38:5597620] [DEBUG]: Recieved server: 127.0.0.1:10123 - 0
[13/05/22 10:42:38:5601709] [INFO ]: Recieve server done
[13/05/22 10:42:38:5605555] [INFO ]: Replying to spooler
[13/05/22 10:42:38:6205765] [DEBUG]: Recieving packet from Spooler of len 9
[13/05/22 10:42:38:6237712] [INFO ]: Recieving servers from spooler
[13/05/22 10:42:38:6243666] [DEBUG]: Recieved server: 127.0.0.1:10123 - 0
[13/05/22 10:42:38:6248665] [INFO ]: Recieve server done
[13/05/22 10:42:38:6254402] [INFO ]: Replying to spooler
[13/05/22 10:42:38:6841720] [DEBUG]: Recieving packet from Spooler of len 9
[13/05/22 10:42:38:6863079] [INFO ]: Recieving servers from spooler
[13/05/22 10:42:38:6875654] [DEBUG]: Recieved server: 127.0.0.1:10123 - 0
[13/05/22 10:42:38:6890403] [INFO ]: Recieve server done
[13/05/22 10:42:38:6926657] [INFO ]: Replying to spooler
[13/05/22 10:42:38:7497966] [DEBUG]: Recieving packet from Spooler of len 9
[13/05/22 10:42:38:7514503] [INFO ]: Recieving servers from spooler
[13/05/22 10:42:38:7529034] [DEBUG]: Recieved server: 127.0.0.1:10123 - 0
[13/05/22 10:42:38:7544972] [INFO ]: Recieve server done
[13/05/22 10:42:38:7559020] [INFO ]: Replying to spooler
[13/05/22 10:42:38:8220584] [DEBUG]: Recieving packet from Spooler of len 9
[13/05/22 10:42:38:8241500] [INFO ]: Recieving servers from spooler
[13/05/22 10:42:38:8250931] [DEBUG]: Recieved server: 127.0.0.1:10123 - 0
[13/05/22 10:42:38:8262922] [INFO ]: Recieve server done
[13/05/22 10:42:38:8274864] [INFO ]: Replying to spooler
[13/05/22 10:42:38:8885879] [DEBUG]: Recieving packet from Spooler of len 9
[13/05/22 10:42:38:8906054] [INFO ]: Recieving servers from spooler
[13/05/22 10:42:38:8917796] [DEBUG]: Recieved server: 127.0.0.1:10123 - 0
[13/05/22 10:42:38