[09/05/22 16:12:10:5495855] [INFO   ]: Logging started
[09/05/22 16:12:10:5616213] [INFO   ]: Starting Spooler receive
[09/05/22 16:12:11:1412926] [DEBUG  ]: Recieving packet from Spooler of len 2
[09/05/22 16:12:11:1416806] [INFO   ]: Spooler requested update
[09/05/22 16:12:11:2223246] [DEBUG  ]: Recieving packet from Spooler of len 2
[09/05/22 16:12:11:2225183] [INFO   ]: Spooler requested update
[09/05/22 16:12:11:3009111] [DEBUG  ]: Recieving packet from Spooler of len 2
[09/05/22 16:12:11:3011280] [INFO   ]: Spooler requested update
[09/05/22 16:12:11:3783299] [DEBUG  ]: Recieving packet from Spooler of len 2
[09/05/22 16:12:11:3785215] [INFO   ]: Spooler requested update
[09/05/22 16:12:11:4553494] [DEBUG  ]: Recieving packet from Spooler of len 2
[09/05/22 16:12:11:4555553] [INFO   ]: Spooler requested update
[09/05/22 16:12:11:5334797] [DEBUG  ]: Recieving packet from Spooler of len 2
[09/05/22 16:12:11:5336849] [INFO   ]: Spooler requested update
[09/05/22 16:12:11:6097809] [DEBUG  ]: Recieving packet from Spooler of len 2
[09/05/22 16:12:11:6099677] [INFO   ]: Spooler requested update
[09/05/22 16:12:11:6866608] [DEBUG  ]: Recieving packet from Spooler of len 2
[09/05/22 16:12:11:6868588] [INFO   ]: Spooler requested update
[09/05/22 16:12:11:7635273] [DEBUG  ]: Recieving packet from Spooler of len 2
[09/05/22 16:12:11:7637179] [INFO   ]: Spooler requested update
[09/05/22 16:12:11:8434570] [DEBUG  ]: Recieving packet from Spooler of len 2
[09/05/22 16:12:11:8436489] [INFO   ]: Spooler requested update
[09/05/22 16:12:11:9183348] [DEBUG  ]: Recieving packet from Spooler of len 2
[09/05/22 16:12:11:9185676] [INFO   ]: Spooler requested update
[09/05/22 16:12:11:9957643] [DEBUG  ]: Recieving packet from Spooler of len 2
[09/05/22 16:12:11:9959487] [INFO   ]: Spooler requested update
[09/05/22 16:12:12:0736680] [DEBUG  ]: Recieving packet from Spooler of len 2
[09/05/22 16:12:12:0738771] [INFO   ]: Spooler requested update
[09/05/22 16:12:12:1531034] [DEBUG  ]: Recieving packet from Spooler of len 2
[09/05/22 16:12:12:1538272] [INFO   ]: Spooler requested update
[09/05/22 16:12:12:2305283] [DEBUG  ]: Recieving packet from Spooler of len 2
[09/05/22 16:12:12:2312304] [INFO   ]: Spooler requested update
[09/05/22 16:12:12:3234803] [DEBUG  ]: Recieving packet from Spooler of len 2
[09/05/22 16:12:12:3243494] [INFO   ]: Spooler requested update
[09/05/22 16:12:12:4160711] [DEBUG  ]: Recieving packet from Spooler of len 2
[09/05/22 16:12:12:4169310] [INFO   ]: Spooler requested update
[09/05/22 16:12:12:4940620] [DEBUG  ]: Recieving packet from Spooler of len 2
[09/05/22 16:12:12:4947834] [INFO   ]: Spooler requested update
[09/05/22 16:12:12:5858593] [DEBUG  ]: Recieving packet from Spooler of len 2
[09/05/22 16:12:12:5865459] [INFO   ]: Spooler requested update
[09/05/22 16:12:12:6629476] [DEBUG  ]: Recieving packet from Spooler of len 2
[09/05/22 16:12:12:6636928] [INFO   ]: Spooler requested update
[09/05/22 16:12:12:7553980] [DEBUG  ]: Recieving packet from Spooler of len 2
[09/05/22 16:12:12:7561184] [INFO   ]: Spooler requested update
[09/05/22 16:12:12:8486785] [DEBUG  ]: Recieving packet from Spooler of len 2
[09/05/22 16:12:12:8493865] [INFO   ]: Spooler requested update
[09/05/22 16:12:12:9262034] [DEBUG  ]: Recieving packet from Spooler of len 2
[09/05/22 16:12:12:9269270] [INFO   ]: Spooler requested update
[09/05/22 16:12:13:0189586] [DEBUG  ]: Recieving packet from Spooler of len 2
[09/05/22 16:12:13:0197432] [INFO   ]: Spooler requested update
[09/05/22 16:12:13:0964913] [DEBUG  ]: Recieving packet from Spooler of len 2
[09/05/22 16:12:13:0972512] [INFO   ]: Spooler requested update
[09/05/22 16:12:13:1741575] [DEBUG  ]: Recieving packet from Spooler of len 2
[09/05/22 16:12:13:1748895] [INFO   ]: Spooler requested update
[09/05/22 16:12:13:2510098] [DEBUG  ]: Recieving packet from Spooler of len 2
[09/05/22 16:12:13:2517394] [INFO   ]: Spooler requested update
[09/05/22 16:12:13:3279151] [DEBUG  ]: Recieving packet from Spooler of len 2
[09/05/22 16:12:13:3286279] [INFO   ]: Spooler requested update
[09/05/22 16:12:13:4060435] [DEBUG  ]: Recieving packet from Spooler of len 2
[09/05/22 16:12:13:4067637] [INFO   ]: Spooler requested update
[09/05/22 16:12:13:4990403] [DEBUG  ]: Recieving packet from Spooler of len 2
[09/05/22 16:12:13:4997917] [INFO   ]: Spooler requested update
[09/05/22 16:12:13:5913564] [DEBUG  ]: Recieving packet from Spooler of len 2
[09/05/22 16:12:13:5920563] [INFO   ]: Spooler requested update
[09/05/22 16:12:13:6845408] [DEBUG  ]: Recieving packet from Spooler of len 2
[09/05/22 16:12:13:6852465] [INFO   ]: Spooler requested update
[09/05/22 16:12:13:7795888] [DEBUG  ]: Recieving packet from Spooler of len 2
[09/05/22 16:12:13:7803911] [INFO   ]: Spooler requested update
[09/05/22 16:12:13:8702789] [DEBUG  ]: Recieving packet from Spooler of len 2
[09/05/22 16:12:13:8714031] [INFO   ]: Spooler requested update
[09/05/22 16:12:13:9638008] [DEBUG  ]: Recieving packet from Spooler of len 2
[09/05/22 16:12:13:9644866] [INFO   ]: Spooler requested update
[09/05/22 16:12:14:0402419] [DEBUG  ]: Recieving packet from Spooler of len 2
[09/05/22 16:12:14:0409277] [INFO   ]: Spooler requested update
[09/05/22 16:12:14:1166288] [DEBUG  ]: Recieving packet from Spooler of len 2
[09/05/22 16:12:14:1173515] [INFO   ]: Spooler requested update
[09/05/22 16:12:14:2223025] [DEBUG  ]: Recieving packet from Spooler of len 2
[09/05/22 16:12:14:2322208] [INFO   ]: Spooler requested update
[09/05/22 16:12:14:3192200] [DEBUG  ]: Recieving packet from Spooler of len 2
[09/05/22 16:12:14:3199379] [INFO   ]: Spooler requested update
[09/05/22 16:12:14:4107602] [DEBUG  ]: Recieving packet from Spooler of len 2
[09/05/22 16:12:14:4114654] [INFO   ]: Spooler requested update
[09/05/22 16:12:14:4889794] [DEBUG  ]: Recieving packet from Spooler of len 2
[09/05/22 16:12:14:4898091] [INFO   ]: Spooler requested update
[09/05/22 16:12:14:5801823] [DEBUG  ]: Recieving packet from Spooler of len 2
[09/05/22 16:12:14:5808984] [INFO   ]: Spooler requested update
[09/05/22 16:12:14:6576091] [DEBUG  ]: Recieving packet from Spooler of len 2
[09/05/22 16:12:14:6582907] [INFO   ]: Spooler requested update
[09/05/22 16:12:14:7378924] [DEBUG  ]: Recieving packet from Spooler of len 2
[09/05/22 16:12:14:7387301] [INFO   ]: Spooler requested update
[09/05/22 16:12:14:8286695] [DEBUG  ]: Recieving packet from Spooler of len 2
[09/05/22 16:12:14:8294063] [INFO   ]: Spooler requested update
[09/05/22 16:12:14:9051560] [DEBUG  ]: Recieving packet from Spooler of len 2
[09/05/22 16:12:14:9058466] [INFO   ]: Spooler requested update
[09/05/22 16:12:14:9827929] [DEBUG  ]: Recieving packet from Spooler of len 2
[09/05/22 16:12:14:9835657] [INFO   ]: Spooler requested update
[09/05/22 16:12:15:0606166] [DEBUG  ]: Recieving packet from Spooler of len 2
[09/05/22 16:12:15:0613010] [INFO   ]: Spooler requested update
[09/05/22 16:12:15:1373421] [DEBUG  ]: Recieving packet from Spooler of len 2
[09/05/22 16:12:15:1380169] [INFO   ]: Spooler requested update
[09/05/22 16:12:15:2146936] [DEBUG  ]: Recieving packet from Spooler of len 2
[09/05/22 16:12:15:2154012] [INFO   ]: Spooler requested update
[09/05/22 16:12:15:2925983] [DEBUG  ]: Recieving packet from Spooler of len 2
[09/05/22 16:12:15:2932811] [INFO   ]: Spooler requested update
[09/05/22 16:12:15:3688882] [DEBUG  ]: Recieving packet from Spooler of len 2
[09/05/22 16:12:15:3696312] [INFO   ]: Spooler requested update
[09/05/22 16:12:15:4457951] [DEBUG  ]: Recieving packet from Spooler of len 2
[09/05/22 16:12:15:4464992] [INFO   ]: Spooler requested update
[09/05/22 16:12:15:5234003] [DEBUG  ]: Recieving packet from Spooler of len 2
[09/05/22 16:12:15:5243787] [INFO   ]: Spooler requested update
[09/05/22 16:12:15:6002857] [DEBUG  ]: Recieving packet from Spooler of len 2
[09/05/22 16:12:15:6013458] [INFO   ]: Spooler requested update
[09/05/22 16:12:15:6779093] [DEBUG  ]: Recieving packet from Spooler of len 2
[09/05/22 16:12:15:6790751] [INFO   ]: Spooler requested update
[09/05/22 16:12:15:7548103] [DEBUG  ]: Recieving packet from Spooler of len 2
[09/05/22 16:12:15:7555431] [INFO   ]: Spooler requested update
[09/05/22 16:12:15:8325648] [DEBUG  ]: Recieving packet from Spooler of len 2
[09/05/22 16:12:15:8333552] [INFO   ]: Spooler requested update
[09/05/22 16:12:15:9089922] [DEBUG  ]: Recieving packet from Spooler of len 2
[09/05/22 16:12:15:9096733] [INFO   ]: Spooler requested update
[09/05/22 16:12:15:9864942] [DEBUG  ]: Recieving packet from Spooler of len 2
[09/05/22 16:12:15:9871838] [INFO   ]: Spooler requested update
[09/05/22 16:12:16:0638245] [DEBUG  ]: Recieving packet from Spooler of len 2
[09/05/22 16:12:16:0645336] [INFO   ]: Spooler requested update
[09/05/22 16:12:16:1412283] [DEBUG  ]: Recieving packet from Spooler of len 2
[09/05/22 16:12:16:1423143] [INFO   ]: Spooler requested update
[09/05/22 16:12:16:2194044] [DEBUG  ]: Recieving packet from Spooler of len 2
[09/05/22 16:12:16:2205169] [INFO   ]: Spooler requested update
[09/05/22 16:12:16:2971964] [DEBUG  ]: Recieving packet from Spooler of len 2
[09/05/22 16:12:16:2983187] [INFO   ]: Spooler requested update
[09/05/22 16:12:16:3891363] [DEBUG  ]: Recieving packet from Spooler of len 2
[09/05/22 16:12:16:3902594] [INFO   ]: Spooler requested update
[09/05/22 16:12:16:4834930] [DEBUG  ]: Recieving packet from Spooler of len 2
[09/05/22 16:12:16:4845323] [INFO   ]: Spooler requested update
[09/05/22 16:12:16:5742157] [DEBUG  ]: Recieving packet from Spooler of len 2
[09/05/22 16:12:16:5749125] [INFO   ]: Spooler requested update
[09/05/22 16:12:16:6506941] [DEBUG  ]: Recieving packet from Spooler of len 2
[09/05/22 16:12:16:6514318] [INFO   ]: Spooler requested update
[09/05/22 16:12:16:7283661] [DEBUG  ]: Recieving packet from Spooler of len 2
[09/05/22 16:12:16:7291032] [INFO   ]: Spooler requested update
[09/05/22 16:12:16:8192169] [DEBUG  ]: Recieving packet from Spooler of len 2
[09/05/22 16:12:16:8199111] [INFO   ]: Spooler requested update
[09/05/22 16:12:16:9121060] [DEBUG  ]: Recieving packet from Spooler of len 2
[09/05/22 16:12:16:9128106] [INFO   ]: Spooler requested update
[09/05/22 16:12:17:0047459] [DEBUG  ]: Recieving packet from Spooler of len 2
[09/05/22 16:12:17:0054864] [INFO   ]: Spooler requested update
[09/05/22 16:12:17:0972750] [DEBUG  ]: Recieving packet from Spooler of len 2
[09/05/22 16:12:17:0979462] [INFO   ]: Spooler requested update
[09/05/22 16:12:17:1739938] [DEBUG  ]: Recieving packet from Spooler of len 2
[09/05/22 16:12:17:1746997] [INFO   ]: Spooler requested update
[09/05/22 16:12:17:2541703] [DEBUG  ]: Recieving packet from Spooler of len 2
[09/05/22 16:12:17:2549438] [INFO   ]: Spooler requested update
[09/05/22 16:12:17:3456894] [DEBUG  ]: Recieving packet from Spooler of len 2
[09/05/22 16:12:17:3464627] [INFO   ]: Spooler requested update
[09/05/22 16:12:17:4384642] [DEBUG  ]: Recieving packet from Spooler of len 2
[09/05/22 16:12:17:4392051] [INFO   ]: Spooler requested update
[09/05/22 16:12:17:5322768] [DEBUG  ]: Recieving packet from Spooler of len 2
[09/05/22 16:12:17:5330984] [INFO   ]: Spooler requested update
[09/05/22 16:12:17:6079653] [DEBUG  ]: Recieving packet from Spooler of len 2
[09/05/22 16:12:17:6086803] [INFO   ]: Spooler requested update
[09/05/22 16:12:17:6852272] [DEBUG  ]: Recieving packet from Spooler of len 2
[09/05/22 16:12:17:6860466] [INFO   ]: Spooler requested update
[09/05/22 16:12:17:7629601] [DEBUG  ]: Recieving packet from Spooler of len 2
[09/05/22 16:12:17:7636728] [INFO   ]: Spooler requested update
[09/05/22 16:12:17:8397972] [DEBUG  ]: Recieving packet from Spooler of len 2
[09/05/22 16:12:17:8404827] [INFO   ]: Spooler requested update
[09/05/22 16:12:17:9176820] [DEBUG  ]: Recieving packet from Spooler of len 2
[09/05/22 16:12:17:9183459] [INFO   ]: Spooler requested update
[09/05/22 16:12:17:9946518] [DEBUG  ]: Recieving packet from Spooler of len 2
[09/05/22 16:12:17:9953362] [INFO   ]: Spooler requested update
[09/05/22 16:12:18:0719153] [DEBUG  ]: Recieving packet from Spooler of len 2
[09/05/22 16:12:18:0725809] [INFO   ]: Spooler requested update
[09/05/22 16:12:18:1491408] [DEBUG  ]: Recieving packet from Spooler of len 2
[09/05/22 16:12:18:1498350] [INFO   ]: Spooler requested update
[09/05/22 16:12:18:2428438] [DEBUG  ]: Recieving packet from Spooler of len 2
[09/05/22 16:12:18:2437422] [INFO   ]: Spooler requested update
[09/05/22 16:12:18:3209242] [DEBUG  ]: Recieving packet from Spooler of len 2
[09/05/22 16:12:18:3220439] [INFO   ]: Spooler requested update
[09/05/22 16:12:18:4126335] [DEBUG  ]: Recieving packet from Spooler of len 2
[09/05/22 16:12:18:4134201] [INFO   ]: Spooler requested update
[09/05/22 16:12:18:5048967] [DEBUG  ]: Recieving packet from Spooler of len 2
[09/05/22 16:12:18:5055725] [INFO   ]: Spooler requested update
[09/05/22 16:12:18:5981443] [DEBUG  ]: Recieving packet from Spooler of len 2
[09/05/22 16:12:18:5988559] [INFO   ]: Spooler requested update
[09/05/22 16:12:18:6762075] [DEBUG  ]: Recieving packet from Spooler of len 2
[09/05/22 16:12:18:6769122] [INFO   ]: Spooler requested update
[09/05/22 16:12:18:7693282] [DEBUG  ]: Recieving packet from Spooler of len 2
[09/05/22 16:12:18:7705459] [INFO   ]: Spooler requested update
[09/05/22 16:12:18:8615206] [DEBUG  ]: Recieving packet from Spooler of len 2
[09/05/22 16:12:18:8625222] [INFO   ]: Spooler requested update
[09/05/22 16:12:18:9535562] [DEBUG  ]: Recieving packet from Spooler of len 2
[09/05/22 16:12:18:9545376] [INFO   ]: Spooler requested update
[09/05/22 16:12:19:0460385] [DEBUG  ]: Recieving packet from Spooler of len 2
[09/05/22 16:12:19:0467457] [INFO   ]: Spooler requested update
[09/05/22 16:12:19:1387986] [DEBUG  ]: Recieving packet from Spooler of len 2
[09/05/22 16:12:19:1395810] [INFO   ]: Spooler requested update
[09/05/22 16:12:19:2312740] [DEBUG  ]: Recieving packet from Spooler of len 2
[09/05/22 16:12:19:2319708] [INFO   ]: Spooler requested update
[09/05/22 16:12:19:3232565] [DEBUG  ]: Recieving packet from Spooler of len 2
[09/05/22 16:12:19:3239256] [INFO   ]: Spooler requested update
[09/05/22 16:12:19:3992901] [DEBUG  ]: Recieving packet from Spooler of len 2
[09/05/22 16:12:19:3999594] [INFO   ]: Spooler requested update
[09/05/22 16:12:19:4922798] [DEBUG  ]: Recieving packet from Spooler of len 2
[09/05/22 16:12:19:4929642] [INFO   ]: Spooler requested update
[09/05/22 16:12:19:5865011] [DEBUG  ]: Recieving packet from Spooler of len 2
[09/05/22 16:12:19:5871692] [INFO   ]: Spooler requested update
[09/05/22 16:12:19:6793297] [DEBUG  ]: Recieving packet from Spooler of len 2
[09/05/22 16:12:19:6804804] [INFO   ]: Spooler requested update
[09/05/22 16:12:19:7710150] [DEBUG  ]: Recieving packet from Spooler of len 2
[09/05/22 16:12:19:7722786] [INFO   ]: Spooler requested update
[09/05/22 16:12:19:8488436] [DEBUG  ]: Recieving packet from Spooler of len 2
[09/05/22 16:12:19:8495321] [INFO   ]: Spooler requested update
[09/05/22 16:12:19:9405986] [DEBUG  ]: Recieving packet from Spooler of len 2
[09/05/22 16:12:19:9412797] [INFO   ]: Spooler requested update
[09/05/22 16:12:20:0342459] [DEBUG  ]: Recieving packet from Spooler of len 2
[09/05/22 16:12:20:0349604] [INFO   ]: Spooler requested update
[09/05/22 16:12:20:1271771] [DEBUG  ]: Recieving packet from Spooler of len 2
[09/05/22 16:12:20:1283331] [INFO   ]: Spooler requested update
[09/05/22 16:12:20:2210705] [DEBUG  ]: Recieving packet from Spooler of len 2
[09/05/22 16:12:20:2222821] [INFO   ]: Spooler requested update
[09/05/22 16:12:20:3114323] [DEBUG  ]: Recieving packet from Spooler of len 2
[09/05/22 16:12:20:3121819] [INFO   ]: Spooler requested update
[09/05/22 16:12:20:4053906] [DEBUG  ]: Recieving packet from Spooler of len 2
[09/05/22 16:12:20:4064595] [INFO   ]: Spooler requested update
[09/05/22 16:12:20:4828647] [DEBUG  ]: Recieving packet from Spooler of len 2
[09/05/22 16:12:20:4835492] [INFO   ]: Spooler requested update
[09/05/22 16:12:20:5594535] [DEBUG  ]: Recieving packet from Spooler of len 2
[09/05/22 16:12:20:5601489] [INFO   ]: Spooler requested update
[09/05/22 16:12:20:6515828] [DEBUG  ]: Recieving packet from Spooler of len 2
[09/05/22 16:12:20:6523285] [INFO   ]: Spooler requested update
[09/05/22 16:12:20:7290705] [DEBUG  ]: Recieving packet from Spooler of len 2
[09/05/22 16:12:20:7297666] [INFO   ]: Spooler requested update
[09/05/22 16:12:20:8078449] [DEBUG  ]: Recieving packet from Spooler of len 2
[09/05/22 16:12:20:8085332] [INFO   ]: Spooler requested update
[09/05/22 16:12:20:9006375] [DEBUG  ]: Recieving packet from Spooler of len 2
[09/05/22 16:12:20:9013917] [INFO   ]: Spooler requested update
[09/05/22 16:12:20:9930460] [DEBUG  ]: Recieving packet from Spooler of len 2
[09/05/22 16:12:20:9938496] [INFO   ]: Spooler requested update
[09/05/22 16:12:21:0860035] [DEBUG  ]: Recieving packet from Spooler of len 2
[09/05/22 16:12:21:0867108] [INFO   ]: Spooler requested update
[09/05/22 16:12:21:1787635] [DEBUG  ]: Recieving packet from Spooler of len 2
[09/05/22 16:12:21:1794532] [INFO   ]: Spooler requested update
[09/05/22 16:12:21:2706428] [DEBUG  ]: Recieving packet from Spooler of len 2
[09/05/22 16:12:21:2713218] [INFO   ]: Spooler requested update
[09/05/22 16:12:21:3632450] [DEBUG  ]: Recieving packet from Spooler of len 2
[09/05/22 16:12:21:3639406] [INFO   ]: Spooler requested update
[09/05/22 16:12:21:4568755] [DEBUG  ]: Recieving packet from Spooler of len 2
[09/05/22 16:12:21:4575771] [INFO   ]: Spooler requested update
[09/05/22 16:12:21:5332893] [DEBUG  ]: Recieving packet from Spooler of len 2
[09/05/22 16:12:21:5340710] [INFO   ]: Spooler requested update
[09/05/22 16:12:21:6282519] [DEBUG  ]: Recieving packet from Spooler of len 2
[09/05/22 16:12:21:6289457] [INFO   ]: Spooler requested update
[09/05/22 16:12:21:7207986] [DEBUG  ]: Recieving packet from Spooler of len 2
[09/05/22 16:12:21:7215287] [INFO   ]: Spooler requested update
[09/05/22 16:12:21:8171024] [DEBUG  ]: Recieving packet from Spooler of len 2
[09/05/22 16:12:21:8187259] [INFO   ]: Spooler requested update
[09/05/22 16:12:21:9066225] [DEBUG  ]: Recieving packet from Spooler of len 2
[09/05/22 16:12:21:9073242] [INFO   ]: Spooler requested update
[09/05/22 16:12:21:9993152] [DEBUG  ]: Recieving packet from Spooler of len 2
[09/05/22 16:12:22:0005039] [INFO   ]: Spooler requested update
[09/05/22 16:12:22:0918748] [DEBUG  ]: Recieving packet from Spooler of len 2
[09/05/22 16:12:22:0926929] [INFO   ]: Spooler requested update
[09/05/22 16:12:22:1831600] [DEBUG  ]: Recieving packet from Spooler of len 2
[09/05/22 16:12:22:1838412] [INFO   ]: Spooler requested update
[09/05/22 16:12:22:2602985] [DEBUG  ]: Recieving packet from Spooler of len 2
[09/05/22 16:12:22:2609725] [INFO   ]: Spooler requested update
[09/05/22 16:12:22:3527668] [DEBUG  ]: Recieving packet from Spooler of len 2
[09/05/22 16:12:22:3534482] [INFO   ]: Spooler requested update
[09/05/22 16:12:22:4299118] [DEBUG  ]: Recieving packet from Spooler of len 2
[09/05/22 16:12:22:4310876] [INFO   ]: Spooler requested update
[09/05/22 16:12:22:5071986] [DEBUG  ]: Recieving packet from Spooler of len 2
[09/05/22 16:12:22:5078969] [INFO   ]: Spooler requested update
[09/05/22 16:12:22:5991095] [DEBUG  ]: Recieving packet from Spooler of len 2
[09/05/22 16:12:22:5998512] [INFO   ]: Spooler requested update
[09/05/22 16:12:22:6918398] [DEBUG  ]: Recieving packet from Spooler of len 2
[09/05/22 16:12:22:6926531] [INFO   ]: Spooler requested update
[09/05/22 16:12:22:7686261] [DEBUG  ]: Recieving packet from Spooler of len 2
[09/05/22 16:12:22:7693102] [INFO   ]: Spooler requested update
[09/05/22 16:12:22:8458310] [DEBUG  ]: Recieving packet from Spooler of len 2
[09/05/22 16:12:22:8464960] [INFO   ]: Spooler requested update
[09/05/22 16:12:22:9227821] [DEBUG  ]: Recieving packet from Spooler of len 2
[09/05/22 16:12:22:9234369] [INFO   ]: Spooler requested update
[09/05/22 16:12:23:0196534] [DEBUG  ]: Recieving packet from Spooler of len 2
[09/05/22 16:12:23:0208295] [INFO   ]: Spooler requested update
[09/05/22 16:12:23:1090394] [DEBUG  ]: Recieving packet from Spooler of len 2
[09/05/22 16:12:23:1098502] [INFO   ]: Spooler requested update
[09/05/22 16:12:23:2019233] [DEBUG  ]: Recieving packet from Spooler of len 2
[09/05/22 16:12:23:2026006] [INFO   ]: Spooler requested update
[09/05/22 16:12:23:2786948] [DEBUG  ]: Recieving packet from Spooler of len 2
[09/05/22 16:12:23:2794744] [INFO   ]: Spooler requested update
[09/05/22 16:12:23:3714325] [DEBUG  ]: Recieving packet from Spooler of len 2
[09/05/22 16:12:23:3721577] [INFO   ]: Spooler requested update
[09/05/22 16:12:23:4492583] [DEBUG  ]: Recieving packet from Spooler of len 2
[09/05/22 16:12:23:4499627] [INFO   ]: Spooler requested update
[09/05/22 16:12:23:5262960] [DEBUG  ]: Recieving packet from Spooler of len 2
[09/05/22 16:12:23:5269717] [INFO   ]: Spooler requested update
[09/05/22 16:12:23:6035947] [DEBUG  ]: Recieving packet from Spooler of len 2
[09/05/22 16:12:23:6047389] [INFO   ]: Spooler requested update
[09/05/22 16:12:23:6967501] [DEBUG  ]: Recieving packet from Spooler of len 2
[09/05/22 16:12:23:6974608] [INFO   ]: Spooler requested update
[09/05/22 16:12:23:7890114] [DEBUG  ]: Recieving packet from Spooler of len 2
[09/05/22 16:12:23:7896985] [INFO   ]: Spooler requested update
[09/05/22 16:12:23:8662586] [DEBUG  ]: Recieving packet from Spooler of len 2
[09/05/22 16:12:23:8669423] [INFO   ]: Spooler requested update
[09/05/22 16:12:23:9584462] [DEBUG  ]: Recieving packet from Spooler of len 2
[09/05/22 16:12:23:9592214] [INFO   ]: Spooler requested update
[09/05/22 16:12:24:0356917] [DEBUG  ]: Recieving packet from Spooler of len 2
[09/05/22 16:12:24:0364078] [INFO   ]: Spooler requested update
[09/05/22 16:12:24:1126913] [DEBUG  ]: Recieving packet from Spooler of len 2
[09/05/22 16:12:24:1134532] [INFO   ]: Spooler requested update
[09/05/22 16:12:24:2048040] [DEBUG  ]: Recieving packet from Spooler of len 2
[09/05/22 16:12:24:2054871] [INFO   ]: Spooler requested update
[09/05/22 16:12:24:2829289] [DEBUG  ]: Recieving packet from Spooler of len 2
[09/05/22 16:12:24:2836854] [INFO   ]: Spooler requested update
[09/05/22 16:12:24:3754151] [DEBUG  ]: Recieving packet from Spooler of len 2
[09/05/22 16:12:24:3761272] [INFO   ]: Spooler requested update
[09/05/22 16:12:24:4519571] [DEBUG  ]: Recieving packet from Spooler of len 2
[09/05/22 16:12:24:4526482] [INFO   ]: Spooler requested update
[09/05/22 16:12:24:5317083] [DEBUG  ]: Recieving packet from Spooler of len 2
[09/05/22 16:12:24:5324133] [INFO   ]: Spooler requested update
[09/05/22 16:12:24:6229029] [DEBUG  ]: Recieving packet from Spooler of len 2
[09/05/22 16:12:24:6236170] [INFO   ]: Spooler requested update
[09/05/22 16:12:24:7002281] [DEBUG  ]: Recieving packet from Spooler of len 2
[09/05/22 16:12:24:7009257] [INFO   ]: Spooler requested update
[09/05/22 16:12:24:7776955] [DEBUG  ]: Recieving packet from Spooler of len 2
[09/05/22 16:12:24:7783715] [INFO   ]: Spooler requested update
[09/05/22 16:12:24:8541983] [DEBUG  ]: Recieving packet from Spooler of len 2
[09/05/22 16:12:24:8549414] [INFO   ]: Spooler requested update
[09/05/22 16:12:24:9318668] [DEBUG  ]: Recieving packet from Spooler of len 2
[09/05/22 16:12:24:9325721] [INFO   ]: Spooler requested update
[09/05/22 16:12:25:0092698] [DEBUG  ]: Recieving packet from Spooler of len 2
[09/05/22 16:12:25:0100314] [INFO   ]: Spooler requested update
[09/05/22 16:12:25:0892238] [DEBUG  ]: Recieving packet from Spooler of len 2
[09/05/22 16:12:25:0903394] [INFO   ]: Spooler requested update
[09/05/22 16:12:25:1792725] [DEBUG  ]: Recieving packet from Spooler of len 2
[09/05/22 16:12:25:1799460] [INFO   ]: Spooler requested update
[09/05/22 16:12:25:2568355] [DEBUG  ]: Recieving packet from Spooler of len 2
[09/05/22 16:12:25:2575115] [INFO   ]: Spooler requested update
[09/05/22 16:12:25:3504409] [DEBUG  ]: Recieving packet from Spooler of len 2
[09/05/22 16:12:25:3511505] [INFO   ]: Spooler requested update
[09/05/22 16:12:25:4274676] [DEBUG  ]: Recieving packet from Spooler of len 2
[09/05/22 16:12:25:4282101] [INFO   ]: Spooler requested update
[09/05/22 16:12:25:5206628] [DEBUG  ]: Recieving packet from Spooler of len 2
[09/05/22 16:12:25:5213919] [INFO   ]: Spooler requested update
[09/05/22 16:12:25:5979526] [DEBUG  ]: Recieving packet from Spooler of len 2
[09/05/22 16:12:25:5986306] [INFO   ]: Spooler requested update
[09/05/22 16:12:25:6934019] [DEBUG  ]: Recieving packet from Spooler of len 2
[09/05/22 16:12:25:6943629] [INFO   ]: Spooler requested update
[09/05/22 16:12:25:7858114] [DEBUG  ]: Recieving packet from Spooler of len 2
[09/05/22 16:12:25:7867210] [INFO   ]: Spooler requested update
[09/05/22 16:12:25:8783296] [DEBUG  ]: Recieving packet from Spooler of len 2
[09/05/22 16:12:25:8790193] [INFO   ]: Spooler requested update
[09/05/22 16:12:25:9709381] [DEBUG  ]: Recieving packet from Spooler of len 2
[09/05/22 16:12:25:9722654] [INFO   ]: Spooler requested update
[09/05/22 16:12:26:0619445] [DEBUG  ]: Recieving packet from Spooler of len 2
[09/05/22 16:12:26:0626614] [INFO   ]: Spooler requested update
[09/05/22 16:12:26:1572664] [DEBUG  ]: Recieving packet from Spooler of len 2
[09/05/22 16:12:26:1584095] [INFO   ]: Spooler requested update
[09/05/22 16:12:26:2476247] [DEBUG  ]: Recieving packet from Spooler of len 2
[09/05/22 16:12:26:2483648] [INFO   ]: Spooler requested update
[09/05/22 16:12:26:3396182] [DEBUG  ]: Recieving packet from Spooler of len 2
[09/05/22 16:12:26:3403163] [INFO   ]: Spooler requested update
[09/05/22 16:12:26:4336199] [DEBUG  ]: Recieving packet from Spooler of len 2
[09/05/22 16:12:26:4344550] [INFO   ]: Spooler requested update
[09/05/22 16:12:26:5250701] [DEBUG  ]: Recieving packet from Spooler of len 2
[09/05/22 16:12:26:5258065] [INFO   ]: Spooler requested update
[09/05/22 16:12:26:6172293] [DEBUG  ]: Recieving packet from Spooler of len 2
[09/05/22 16:12:26:6179679] [INFO   ]: Spooler requested update
[09/05/22 16:12:26:6974802] [DEBUG  ]: Recieving packet from Spooler of len 2
[09/05/22 16:12:26:6984581] [INFO   ]: Spooler requested update
[09/05/22 16:12:26:7895042] [DEBUG  ]: Recieving packet from Spooler of len 2
[09/05/22 16:12:26:7903756] [INFO   ]: Spooler requested update
[09/05/22 16:12:26:8826038] [DEBUG  ]: Recieving packet from Spooler of len 2
[09/05/22 16:12:26:8833163] [INFO   ]: Spooler requested update
[09/05/22 16:12:26:9733121] [DEBUG  ]: Recieving packet from Spooler of len 2
[09/05/22 16:12:26:9745025] [INFO   ]: Spooler requested update
[09/05/22 16:12:27:0668242] [DEBUG  ]: Recieving packet from Spooler of len 2
[09/05/22 16:12:27:0679666] [INFO   ]: Spooler requested update
[09/05/22 16:12:27:1588180] [DEBUG  ]: Recieving packet from Spooler of len 2
[09/05/22 16:12:27:1596123] [INFO   ]: Spooler requested update
[09/05/22 16:12:27:2352205] [DEBUG  ]: Recieving packet from Spooler of len 2
[09/05/22 16:12:27:2359618] [INFO   ]: Spooler requested update
[09/05/22 16:12:27:3125003] [DEBUG  ]: Recieving packet from Spooler of len 2
[09/05/22 16:12:27:3131592] [INFO   ]: Spooler requested update
[09/05/22 16:12:27:3905627] [DEBUG  ]: Recieving packet from Spooler of len 2
[09/05/22 16:12:27:3912439] [INFO   ]: Spooler requested update
[09/05/22 16:12:27:4681873] [DEBUG  ]: Recieving packet from Spooler of len 2
[09/05/22 16:12:27:4689210] [INFO   ]: Spooler requested update
[09/05/22 16:12:27:5454336] [DEBUG  ]: Recieving packet from Spooler of len 2
[09/05/22 16:12:27:5461172] [INFO   ]: Spooler requested update
[09/05/22 16:12:27:6225145] [DEBUG  ]: Recieving packet from Spooler of len 2
[09/05/22 16:12:27:6232352] [INFO   ]: Spooler requested update
[09/05/22 16:12:27:7146024] [DEBUG  ]: Recieving packet from Spooler of len 2
[09/05/22 16:12:27:7153028] [INFO   ]: Spooler requested update
[09/05/22 16:12:27:8066880] [DEBUG  ]: Recieving packet from Spooler of len 2
[09/05/22 16:12:27:8074390] [INFO   ]: Spooler requested update
[09/05/22 16:12:27:8836472] [DEBUG  ]: Recieving packet from Spooler of len 2
[09/05/22 16:12:27:8843285] [INFO   ]: Spooler requested update
[09/05/22 16:12:27:9607187] [DEBUG  ]: 