[12/05/22 18:19:28:3696886] [INFO ]: Logging started
[12/05/22 18:19:28:3825387] [INFO ]: Starting Spooler receive
[12/05/22 18:19:28:4029723] [DEBUG]: Recieving packet from Spooler of len 2
[12/05/22 18:19:28:4032595] [INFO ]: Spooler requested update
[12/05/22 18:19:28:4707284] [DEBUG]: Recieving packet from Spooler of len 2
[12/05/22 18:19:28:4709109] [INFO ]: Spooler requested update
[12/05/22 18:19:28:5333338] [DEBUG]: Recieving packet from Spooler of len 2
[12/05/22 18:19:28:5335140] [INFO ]: Spooler requested update
[12/05/22 18:19:28:5956420] [DEBUG]: Recieving packet from Spooler of len 2
[12/05/22 18:19:28:5958540] [INFO ]: Spooler requested update
[12/05/22 18:19:28:6568277] [DEBUG]: Recieving packet from Spooler of len 2
[12/05/22 18:19:28:6570188] [INFO ]: Spooler requested update
[12/05/22 18:19:28:7186197] [DEBUG]: Recieving packet from Spooler of len 2
[12/05/22 18:19:28:7187837] [INFO ]: Spooler requested update
[12/05/22 18:19:28:7808851] [DEBUG]: Recieving packet from Spooler of len 2
[12/05/22 18:19:28:7810683] [INFO ]: Spooler requested update
[12/05/22 18:19:28:8417860] [DEBUG]: Recieving packet from Spooler of len 2
[12/05/22 18:19:28:8420085] [INFO ]: Spooler requested update
[12/05/22 18:19:28:9034928] [DEBUG]: Recieving packet from Spooler of len 2
[12/05/22 18:19:28:9036819] [INFO ]: Spooler requested update
[12/05/22 18:19:28:9654562] [DEBUG]: Recieving packet from Spooler of len 2
[12/05/22 18:19:28:9656250] [INFO ]: Spooler requested update
[12/05/22 18:19:29:0260649] [DEBUG]: Recieving packet from Spooler of len 2
[12/05/22 18:19:29:0263410] [INFO ]: Spooler requested update
[12/05/22 18:19:29:0870555] [DEBUG]: Recieving packet from Spooler of len 2
[12/05/22 18:19:29:0872709] [INFO ]: Spooler requested update
[12/05/22 18:19:29:1504657] [DEBUG]: Recieving packet from Spooler of len 2
[12/05/22 18:19:29:1506644] [INFO ]: Spooler requested update
[12/05/22 18:19:29:2145682] [DEBUG]: Recieving packet from Spooler of len 2
[12/05/22 18:19:29:2152520] [INFO ]: Spooler requested update
[12/05/22 18:19:29:2759343] [DEBUG]: Recieving packet from Spooler of len 2
[12/05/22 18:19:29:2771148] [INFO ]: Spooler requested update
[12/05/22 18:19:29:3378796] [DEBUG]: Recieving packet from Spooler of len 2
[12/05/22 18:19:29:3389694] [INFO ]: Spooler requested update
[12/05/22 18:19:29:4010069] [DEBUG]: Recieving packet from Spooler of len 2
[12/05/22 18:19:29:4018674] [INFO ]: Spooler requested update
[12/05/22 18:19:29:4614700] [DEBUG]: Recieving packet from Spooler of len 2
[12/05/22 18:19:29:4622884] [INFO ]: Spooler requested update
[12/05/22 18:19:29:5237695] [DEBUG]: Recieving packet from Spooler of len 2
[12/05/22 18:19:29:5250308] [INFO ]: Spooler requested update
[12/05/22 18:19:29:5842204] [DEBUG]: Recieving packet from Spooler of len 2
[12/05/22 18:19:29:5849728] [INFO ]: Spooler requested update
[12/05/22 18:19:29:6452328] [DEBUG]: Recieving packet from Spooler of len 2
[12/05/22 18:19:29:6458792] [INFO ]: Spooler requested update
[12/05/22 18:19:29:7069771] [DEBUG]: Recieving packet from Spooler of len 2
[12/05/22 18:19:29:7076396] [INFO ]: Spooler requested update
[12/05/22 18:19:29:7692791] [DEBUG]: Recieving packet from Spooler of len 2
[12/05/22 18:19:29:7699108] [INFO ]: Spooler requested update
[12/05/22 18:19:29:8333267] [DEBUG]: Recieving packet from Spooler of len 2
[12/05/22 18:19:29:8339856] [INFO ]: Spooler requested update
[12/05/22 18:19:29:8950141] [DEBUG]: Recieving packet from Spooler of len 2
[12/05/22 18:19:29:8956681] [INFO ]: Spooler requested update
[12/05/22 18:19:29:9716621] [DEBUG]: Recieving packet from Spooler of len 2
[12/05/22 18:19:29:9723431] [INFO ]: Spooler requested update
[12/05/22 18:19:30:0343294] [DEBUG]: Recieving packet from Spooler of len 2
[12/05/22 18:19:30:0358710] [INFO ]: Spooler requested update
[12/05/22 18:19:30:0942676] [DEBUG]: Recieving packet from Spooler of len 2
[12/05/22 18:19:30:0954642] [INFO ]: Spooler requested update
[12/05/22 18:19:30:1552212] [DEBUG]: Recieving packet from 