[10/05/22 13:14:33:3253732] [INFO   ]: Logging started
[10/05/22 13:14:33:3768019] [INFO   ]: Starting Spooler receive
[10/05/22 13:14:34:7470195] [DEBUG  ]: Recieving packet from Spooler of len 2
[10/05/22 13:14:34:7483466] [INFO   ]: Spooler requested update
[10/05/22 13:14:34:8744388] [DEBUG  ]: Recieving packet from Spooler of len 2
[10/05/22 13:14:34:8750045] [INFO   ]: Spooler requested update
[10/05/22 13:14:34:9460467] [DEBUG  ]: Recieving packet from Spooler of len 2
[10/05/22 13:14:34:9469419] [INFO   ]: Spooler requested update
[10/05/22 13:14:35:0286241] [DEBUG  ]: Recieving packet from Spooler of len 2
[10/05/22 13:14:35:0369730] [INFO   ]: Spooler requested update
[10/05/22 13:14:35:1350980] [DEBUG  ]: Recieving packet from Spooler of len 2
[10/05/22 13:14:35:1358326] [INFO   ]: Spooler requested update
[10/05/22 13:14:35:2242207] [DEBUG  ]: Recieving packet from Spooler of len 2
[10/05/22 13:14:35:2251687] [INFO   ]: Spooler requested update
[10/05/22 13:14:35:3216078] [DEBUG  ]: Recieving packet from Spooler of len 2
[10/05/22 13:14:35:3225460] [INFO   ]: Spooler requested update
[10/05/22 13:14:35:4243020] [DEBUG  ]: Recieving packet from Spooler of len 2
[10/05/22 13:14:35:4254516] [INFO   ]: Spooler requested update
[10/05/22 13:14:35:5181338] [DEBUG  ]: Recieving packet from Spooler of len 2
[10/05/22 13:14:35:5204976] [INFO   ]: Spooler requested update
[10/05/22 13:14:35:6232785] [DEBUG  ]: Recieving packet from Spooler of len 2
[10/05/22 13:14:35:6245110] [INFO   ]: Spooler requested update
[10/05/22 13:14:35:7246978] [DEBUG  ]: Recieving packet from Spooler of len 2
[10/05/22 13:14:35:7257390] [INFO   ]: Spooler requested update
[10/05/22 13:14:35:8242818] [DEBUG  ]: Recieving packet from Spooler of len 2
[10/05/22 13:14:35:8255845] [INFO   ]: Spooler requested update
[10/05/22 13:14:35:9242086] [DEBUG  ]: Recieving packet from Spooler of len 2
[10/05/22 13:14:35:9253650] [INFO   ]: Spooler requested update
[10/05/22 13:14:36:0243434] [DEBUG  ]: Recieving packet from Spooler of len 2
[10/05/22 13:14:36:0276120] [INFO   ]: Spooler requested update
[10/05/22 13:14:36:1554285] [DEBUG  ]: Recieving packet from Spooler of len 2
[10/05/22 13:14:36:1583198] [INFO   ]: Spooler requested update
[10/05/22 13:14:36:3129215] [DEBUG  ]: Recieving packet from Spooler of len 2
[10/05/22 13:14:36:3569118] [INFO   ]: Spooler requested update
[10/05/22 13:14:36:4770928] [DEBUG  ]: Recieving packet from Spooler of len 2
[10/05/22 13:14:36:4845453] [INFO   ]: Spooler requested update
[10/05/22 13:14:36:5850423] [DEBUG  ]: Recieving packet from Spooler of len 2
[10/05/22 13:14:36:5870863] [INFO   ]: Spooler requested update
[10/05/22 13:14:36:7134399] [DEBUG  ]: Recieving packet from Spooler of len 2
[10/05/22 13:14:36:7183599] [INFO   ]: Spooler requested update
[10/05/22 13:14:36:8591990] [DEBUG  ]: Recieving packet from Spooler of len 2
[10/05/22 13:14:36:8689030] [INFO   ]: Spooler requested update
[10/05/22 13:14:37:0026800] [DEBUG  ]: Recieving packet from Spooler of len 2
[10/05/22 13:14:37:0058226] [INFO   ]: Spooler requested update
[10/05/22 13:14:37:1374372] [DEBUG  ]: Recieving packet from Spooler of len 2
[10/05/22 13:14:37:1410732] [INFO   ]: Spooler requested update
[10/05/22 13:14:37:2693099] [DEBUG  ]: Recieving packet from Spooler of len 2
[10/05/22 13:14:37:2760164] [INFO   ]: Spooler requested update
[10/05/22 13:14:37:4019808] [DEBUG  ]: Recieving packet from Spooler of len 2
[10/05/22 13:14:37:4050758] [INFO   ]: Spooler requested update
[10/05/22 13:14:37:5079242] [DEBUG  ]: Recieving packet from Spooler of len 2
[10/05/22 13:14:37:5096401] [INFO   ]: Spooler requested update
[10/05/22 13:14:37:6115249] [DEBUG  ]: Recieving packet from Spooler of len 2
[10/05/22 13:14:37:6156942] [INFO   ]: Spooler requested update
[10/05/22 13:14:37:7137337] [DEBUG  ]: Recieving packet from Spooler of len 2
[10/05/22 13:14:37:7156221] [INFO   ]: Spooler requested update
[10/05/22 13:14:37:8375020] [DEBUG  ]: Recieving packet from Spooler of len 2
[10/05/22 13:14:37:8438249] [INFO   ]: Spooler requested update
[10/05/22 13:14:37:9765665] [DEBUG  ]: Recieving packet from Spooler of len 2
[10/05/22 13:14:37:9805202] [INFO   ]: Spooler requested update
[10/05/22 13:14:38:1035623] [DEBUG  ]: Recieving packet from Spooler of len 2
[10/05/22 13:14:38:1079295] [INFO   ]: Spooler requested update
[10/05/22 13:14:38:2726737] [DEBUG  ]: Recieving packet from Spooler of len 2
[10/05/22 13:14:38:2743495] [INFO   ]: Spooler requested update
[10/05/22 13:14:38:3932359] [DEBUG  ]: Recieving packet from Spooler of len 2
[10/05/22 13:14:38:3959354] [INFO   ]: Spooler requested update
[10/05/22 13:14:38:5032482] [DEBUG  ]: Recieving packet from Spooler of len 2
[10/05/22 13:14:38:5060013] [INFO   ]: Spooler requested update
[10/05/22 13:14:38:6259163] [DEBUG  ]: Recieving packet from Spooler of len 2
[10/05/22 13:14:38:6279211] [INFO   ]: Spooler requested update
[10/05/22 13:14:38:7440621] [DEBUG  ]: Recieving packet from Spooler of len 2
[10/05/22 13:14:38:7513880] [INFO   ]: Spooler requested update
[10/05/22 13:14:38:8736169] [DEBUG  ]: Recieving packet from Spooler of len 2
[10/05/22 13:14:38:8770215] [INFO   ]: Spooler requested update
[10/05/22 13:14:38:9982143] [DEBUG  ]: Recieving packet from Spooler of len 2
[10/05/22 13:14:39:0025836] [INFO   ]: Spooler requested update
[10/05/22 13:14:39:1290332] [DEBUG  ]: Recieving packet from Spooler of len 2
[10/05/22 13:14:39:1320112] [INFO   ]: Spooler requested update
[10/05/22 13:14:39:2678150] [DEBUG  ]: Recieving packet from Spooler of len 2
[10/05/22 13:14:39:2728849] [INFO   ]: Spooler requested update
[10/05/22 13:14:39:3909396] [DEBUG  ]: Recieving packet from Spooler of len 2
[10/05/22 13:14:39:3934668] [INFO   ]: Spooler requested update
[10/05/22 13:14:39:5034834] [DEBUG  ]: Recieving packet from Spooler of len 2
[10/05/22 13:14:39:5080920] [INFO   ]: Spooler requested update
[10/05/22 13:14:39:6416958] [DEBUG  ]: Recieving packet from Spooler of len 2
[10/05/22 13:14:39:6499450] [INFO   ]: Spooler requested update
[10/05/22 13:14:39:7694699] [DEBUG  ]: Recieving packet from Spooler of len 2
[10/05/22 13:14:39:7768786] [INFO   ]: Spooler requested update
[10/05/22 13:14:39:8988884] [DEBUG  ]: Recieving packet from Spooler of len 2
[10/05/22 13:14:39:9586119] [INFO   ]: Spooler requested update
[10/05/22 13:14:40:1206634] [DEBUG  ]: Recieving packet from Spooler of len 2
[10/05/22 13:14:40:1232096] [INFO   ]: Spooler requested update
[10/05/22 13:14:40:2501695] [DEBUG  ]: Recieving packet from Spooler of len 2
[10/05/22 13:14:40:2534991] [INFO   ]: Spooler requested update
[10/05/22 13:14:40:3924127] [DEBUG  ]: Recieving packet from Spooler of len 2
[10/05/22 13:14:40:3996133] [INFO   ]: Spooler requested update
[10/05/22 13:14:40:5205151] [DEBUG  ]: Recieving packet from Spooler of len 2
[10/05/22 13:14:40:5226506] [INFO   ]: Spooler requested update
[10/05/22 13:14:40:6411536] [DEBUG  ]: Recieving packet from Spooler of len 2
[10/05/22 13:14:40:6464248] [INFO   ]: Spooler requested update
[10/05/22 13:14:40:8022458] [DEBUG  ]: Recieving packet from Spooler of len 2
[10/05/22 13:14:40:8058523] [INFO   ]: Spooler requested update
[10/05/22 13:14:40:9450311] [DEBUG  ]: Recieving packet from Spooler of len 2
[10/05/22 13:14:40:9525982] [INFO   ]: Spooler requested update
[10/05/22 13:14:41:1042620] [DEBUG  ]: Recieving packet from Spooler of len 2
[10/05/22 13:14:41:1087673] [INFO   ]: Spooler requested update
[10/05/22 13:14:41:2513882] [DEBUG  ]: Recieving packet from Spooler of len 2
[10/05/22 13:14:41:2544695] [INFO   ]: Spooler requested update
[10/05/22 13:14:41:3879874] [DEBUG  ]: Recieving packet from Spooler of len 2
[10/05/22 13:14:41:3911996] [INFO   ]: Spooler requested update
[10/05/22 13:14:41:5255428] [DEBUG  ]: Recieving packet from Spooler of len 2
[10/05/22 13:14:41:5320393] [INFO   ]: Spooler requested update
[10/05/22 13:14:41:6549170] [DEBUG  ]: Recieving packet from Spooler of len 2
[10/05/22 13:14:41:6591422] [INFO   ]: Spooler requested update
[10/05/22 13:14:41:7968032] [DEBUG  ]: Recieving packet from Spooler of len 2
[10/05/22 13:14:41:8003254] [INFO   ]: Spooler requested update
[10/05/22 13:14:41:9194020] [DEBUG  ]: Recieving packet from Spooler of len 2
[10/05/22 13:14:41:9221866] [INFO   ]: Spooler requested update
[10/05/22 13:14:42:0440971] [DEBUG  ]: Recieving packet from Spooler of len 2
[10/05/22 13:14:42:0492108] [INFO   ]: Spooler requested update
[10/05/22 13:14:42:1785491] [DEBUG  ]: Recieving packet from Spooler of len 2
[10/05/22 13:14:42:1815486] [INFO   ]: Spooler requested update
[10/05/22 13:14:42:3103083] [DEBUG  ]: Recieving packet from Spooler of len 2
[10/05/22 13:14:42:3157714] [INFO   ]: Spooler requested update
[10/05/22 13:14:42:4351024] [DEBUG  ]: Recieving packet from Spooler of len 2
[10/05/22 13:14:42:4385095] [INFO   ]: Spooler requested update
[10/05/22 13:14:42:5715205] [DEBUG  ]: Recieving packet from Spooler of len 2
[10/05/22 13:14:42:5754490] [INFO   ]: Spooler requested update
[10/05/22 13:14:42:7010796] [DEBUG  ]: Recieving packet from Spooler of len 2
[10/05/22 13:14:42:7041289] [INFO   ]: Spooler requested update
[10/05/22 13:14:42:8341734] [DEBUG  ]: Recieving packet from Spooler of len 2
[10/05/22 13:14:42:8373545] [INFO   ]: Spooler requested update
[10/05/22 13:14:42:9521077] [DEBUG  ]: Recieving packet from Spooler of len 2
[10/05/22 13:14:42:9562281] [INFO   ]: Spooler requested update
[10/05/22 13:14:43:0903945] [DEBUG  ]: Recieving packet from Spooler of len 2
[10/05/22 13:14:43:0931918] [INFO   ]: Spooler requested update
[10/05/22 13:14:43:2144726] [DEBUG  ]: Recieving packet from Spooler of len 2
[10/05/22 13:14:43:2172875] [INFO   ]: Spooler requested update
[10/05/22 13:14:43:3398660] [DEBUG  ]: Recieving packet from Spooler of len 2
[10/05/22 13:14:43:3436492] [INFO   ]: Spooler requested update
[10/05/22 13:14:43:4704286] [DEBUG  ]: Recieving packet from Spooler of len 2
[10/05/22 13:14:43:4745825] [INFO   ]: Spooler requested update
[10/05/22 13:14:43:6019496] [DEBUG  ]: Recieving packet from Spooler of len 2
[10/05/22 13:14:43:6046309] [INFO   ]: Spooler requested update
[10/05/22 13:14:43:7032827] [DEBUG  ]: Recieving packet from Spooler of len 2
[10/05/22 13:14:43:7053165] [INFO   ]: Spooler requested update
[10/05/22 13:14:43:8066782] [DEBUG  ]: Recieving packet from Spooler of len 2
[10/05/22 13:14:43:8104344] [INFO   ]: Spooler requested update
[10/05/22 13:14:43:9331847] [DEBUG  ]: Recieving packet from Spooler of len 2
[10/05/22 13:14:43:9363807] [INFO   ]: Spooler requested update
[10/05/22 13:14:44:0619155] [DEBUG  ]: Recieving packet from Spooler of len 2
[10/05/22 13:14:44:0648420] [INFO   ]: Spooler requested update
[10/05/22 13:14:44:2002533] [DEBUG  ]: Recieving packet from Spooler of len 2
[10/05/22 13:14:44:2042016] [INFO   ]: Spooler requested update
[10/05/22 13:14:44:3189752] [DEBUG  ]: Recieving packet from Spooler of len 2
[10/05/22 13:14:44:3234491] [INFO   ]: Spooler requested update
[10/05/22 13:14:44:4562619] [DEBUG  ]: Recieving packet from Spooler of len 2
[10/05/22 13:14:44:4600930] [INFO   ]: Spooler requested update
[10/05/22 13:14:44:5900677] [DEBUG  ]: Recieving packet from Spooler of len 2
[10/05/22 13:14:44:5938910] [INFO   ]: Spooler requested update
[10/05/22 13:14:44:7233914] [DEBUG  ]: Recieving packet from Spooler of len 2
[10/05/22 13:14:44:7270617] [INFO   ]: Spooler requested update
[10/05/22 13:14:44:8389832] [DEBUG  ]: Recieving packet from Spooler of len 2
[10/05/22 13:14:44:8419839] [INFO   ]: Spooler requested update
[10/05/22 13:14:44:9682819] [DEBUG  ]: Recieving packet from Spooler of len 2
[10/05/22 13:14:44:9710488] [INFO   ]: Spooler requested update
[10/05/22 13:14:45:1062581] [DEBUG  ]: Recieving packet from Spooler of len 2
[10/05/22 13:14:45:1096245] [INFO   ]: Spooler requested update
[10/05/22 13:14:45:2334402] [DEBUG  ]: Recieving packet from Spooler of len 2
[10/05/22 13:14:45:2375360] [INFO   ]: Spooler requested update
[10/05/22 13:14:45:3889309] [DEBUG  ]: Recieving packet from Spooler of len 2
[10/05/22 13:14:45:3926801] [INFO   ]: Spooler requested update
[10/05/22 13:14:45:5296753] [DEBUG  ]: Recieving packet from Spooler of len 2
[10/05/22 13:14:45:5329077] [INFO   ]: Spooler requested update
[10/05/22 13:14:45:6429631] [DEBUG  ]: Recieving packet from Spooler of len 2
[10/05/22 13:14:45:6492512] [INFO   ]: Spooler requested update
[10/05/22 13:14:45:7496214] [DEBUG  ]: Recieving packet from Spooler of len 2
[10/05/22 13:14:45:7526726] [INFO   ]: Spooler requested update
[10/05/22 13:14:45:8788357] [DEBUG  ]: Recieving packet from Spooler of len 2
[10/05/22 13:14:45:8824550] [INFO   ]: Spooler requested update
[10/05/22 13:14:46:0062450] [DEBUG  ]: Recieving packet from Spooler of len 2
[10/05/22 13:14:46:0120520] [INFO   ]: Spooler requested update
[10/05/22 13:14:46:1351081] [DEBUG  ]: Recieving packet from Spooler of len 2
[10/05/22 13:14:46:1389109] [INFO   ]: Spooler requested update
[10/05/22 13:14:46:2687646] [DEBUG  ]: Recieving packet from Spooler of len 2
[10/05/22 13:14:46:2724904] [INFO   ]: Spooler requested update
[10/05/22 13:14:46:4008546] [DEBUG  ]: Recieving packet from Spooler of len 2
[10/05/22 13:14:46:4043897] [INFO   ]: Spooler requested update
[10/05/22 13:14:46:5205076] [DEBUG  ]: Recieving packet from Spooler of len 2
[10/05/22 13:14:46:5240273] [INFO   ]: Spooler requested update
[10/05/22 13:14:46:6308551] [DEBUG  ]: Recieving packet from Spooler of len 2
[10/05/22 13:14:46:6345981] [INFO   ]: Spooler requested update
[10/05/22 13:14:46:7497160] [DEBUG  ]: Recieving packet from Spooler of len 2
[10/05/22 13:14:46:7534873] [INFO   ]: Spooler requested update
[10/05/22 13:14:46:8648137] [DEBUG  ]: Recieving packet from Spooler of len 2
[10/05/22 13:14:46:8675649] [INFO   ]: Spooler requested update
[10/05/22 13:14:47:0093395] [DEBUG  ]: Recieving packet from Spooler of len 2
[10/05/22 13:14:47:0141368] [INFO   ]: Spooler requested update
[10/05/22 13:14:47:1342160] [DEBUG  ]: Recieving packet from Spooler of len 2
[10/05/22 13:14:47:1370972] [INFO   ]: Spooler requested update
[10/05/22 13:14:47:2695939] [DEBUG  ]: Recieving packet from Spooler of len 2
[10/05/22 13:14:47:2738712] [INFO   ]: Spooler requested update
[10/05/22 13:14:47:4034817] [DEBUG  ]: Recieving packet from Spooler of len 2
[10/05/22 13:14:47:4065750] [INFO   ]: Spooler requested update
[10/05/22 13:14:47:5371549] [DEBUG  ]: Recieving packet from Spooler of len 2
[10/05/22 13:14:47:5407721] [INFO   ]: Spooler requested update
[10/05/22 13:14:47:6534373] [DEBUG  ]: Recieving packet from Spooler of len 2
[10/05/22 13:14:47:6586345] [INFO   ]: Spooler requested update
[10/05/22 13:14:47:7860726] [DEBUG  ]: Recieving packet from Spooler of len 2
[10/05/22 13:14:47:7892695] [INFO   ]: Spooler requested update
[10/05/22 13:14:47:9199038] [DEBUG  ]: Recieving packet from Spooler of len 2
[10/05/22 13:14:47:9227701] [INFO   ]: Spooler requested update
[10/05/22 13:14:48:0472714] [DEBUG  ]: Recieving packet from Spooler of len 2
[10/05/22 13:14:48:0528622] [INFO   ]: Spooler requested update
[10/05/22 13:14:48:1769578] [DEBUG  ]: Recieving packet from Spooler of len 2
[10/05/22 13:14:48:1803432] [INFO   ]: Spooler requested update
[10/05/22 13:14:48:4511115] [DEBUG  ]: Recieving packet from Spooler of len 2
[10/05/22 13:14:48:4530934] [INFO   ]: Spooler requested update
[10/05/22 13:14:48:5639871] [DEBUG  ]: Recieving packet from Spooler of len 2
[10/05/22 13:14:48:5664602] [INFO   ]: Spooler requested update
[10/05/22 13:14:48:6900242] [DEBUG  ]: Recieving packet from Spooler of len 2
[10/05/22 13:14:48:6982468] [INFO   ]: Spooler requested update
[10/05/22 13:14:48:8361854] [DEBUG  ]: Recieving packet from Spooler of len 2
[10/05/22 13:14:48:8421443] [INFO   ]: Spooler requested update
[10/05/22 13:14:48:9737762] [DEBUG  ]: Recieving packet from Spooler of len 2
[10/05/22 13:14:48:9806518] [INFO   ]: Spooler requested update
[10/05/22 13:14:49:1473722] [DEBUG  ]: Recieving packet from Spooler of len 2
[10/05/22 13:14:49:1656795] [INFO   ]: Spooler requested update
[10/05/22 13:14:49:2861930] [DEBUG  ]: Recieving packet from Spooler of len 2
[10/05/22 13:14:49:2904269] [INFO   ]: Spooler requested update
[10/05/22 13:14:49:4298913] [DEBUG  ]: Recieving packet from Spooler of len 2
[10/05/22 13:14:49:4358616] [INFO   ]: Spooler requested update
[10/05/22 13:14:49:5690778] [DEBUG  ]: Recieving packet from Spooler of len 2
[10/05/22 13:14:49:5724021] [INFO   ]: Spooler requested update
[10/05/22 13:14:49:7085259] [DEBUG  ]: Recieving packet from Spooler of len 2
[10/05/22 13:14:49:7137173] [INFO   ]: Spooler requested update
[10/05/22 13:14:49:8703281] [DEBUG  ]: Recieving packet from Spooler of len 2
[10/05/22 13:14:49:9077233] [INFO   ]: Spooler requested update
[10/05/22 13:14:50:0544244] [DEBUG  ]: Recieving packet from Spooler of len 2
[10/05/22 13:14:50:0644423] [INFO   ]: Spooler requested update
[10/05/22 13:14:50:2049726] [DEBUG  ]: Recieving packet from Spooler of len 2
[10/05/22 13:14:50:2066819] [INFO   ]: Spooler requested update
[10/05/22 13:14:50:3957604] [DEBUG  ]: Recieving packet from Spooler of len 2
[10/05/22 13:14:50:4003375] [INFO   ]: Spooler requested update
[10/05/22 13:14:50:5303653] [DEBUG  ]: Recieving packet from Spooler of len 2
[10/05/22 13:14:50:5349267] [INFO   ]: Spooler requested update
[10/05/22 13:14:50:6666553] [DEBUG  ]: Recieving packet from Spooler of len 2
[10/05/22 13:14:50:6717141] [INFO   ]: Spooler requested update
[10/05/22 13:14:50:8389182] [DEBUG  ]: Recieving packet from Spooler of len 2
[10/05/22 13:14:50:8424243] [INFO   ]: Spooler requested update
[10/05/22 13:14:51:0145936] [DEBUG  ]: Recieving packet from Spooler of len 2
[10/05/22 13:14:51:0173976] [INFO   ]: Spooler requested update
[10/05/22 13:14:51:1555985] [DEBUG  ]: Recieving packet from Spooler of len 2
[10/05/22 13:14:51:1588113] [INFO   ]: Spooler requested update
[10/05/22 13:14:51:2805561] [DEBUG  ]: Recieving packet from Spooler of len 2
[10/05/22 13:14:51:2833749] [INFO   ]: Spooler requested update
[10/05/22 13:14:51:3996891] [DEBUG  ]: Recieving packet from Spooler of len 2
[10/05/22 13:14:51:4050896] [INFO   ]: Spooler requested update
[10/05/22 13:14:51:5304193] [DEBUG  ]: Recieving packet from Spooler of len 2
[10/05/22 13:14:51:5343405] [INFO   ]: Spooler requested update
[10/05/22 13:14:51:7210752] [DEBUG  ]: Recieving packet from Spooler of len 2
[10/05/22 13:14:51:7294072] [INFO   ]: Spooler requested update
[10/05/22 13:14:51:8704290] [DEBUG  ]: Recieving packet from Spooler of len 2
[10/05/22 13:14:51:8741039] [INFO   ]: Spooler requested update
[10/05/22 13:14:52:0023398] [DEBUG  ]: Recieving packet from Spooler of len 2
[10/05/22 13:14:52:0066449] [INFO   ]: Spooler requested update
[10/05/22 13:14:52:1281864] [DEBUG  ]: Recieving packet from Spooler of len 2
[10/05/22 13:14:52:1303146] [INFO   ]: Spooler requested update
[10/05/22 13:14:52:2284188] [DEBUG  ]: Recieving packet from Spooler of len 2
[10/05/22 13:14:52:2300795] [INFO   ]: Spooler requested update
[10/05/22 13:14:52:3408409] [DEBUG  ]: Recieving packet from Spooler of len 2
[10/05/22 13:14:52:3467429] [INFO   ]: Spooler requested update
[10/05/22 13:14:52:4748475] [DEBUG  ]: Recieving packet from Spooler of len 2
[10/05/22 13:14:52:4797791] [INFO   ]: Spooler requested update
[10/05/22 13:14:52:6045340] [DEBUG  ]: Recieving packet from Spooler of len 2
[10/05/22 13:14:52:6107762] [INFO   ]: Spooler requested update
[10/05/22 13:14:52:7359943] [DEBUG  ]: Recieving packet from Spooler of len 2
[10/05/22 13:14:52:7398514] [INFO   ]: Spooler requested update
[10/05/22 13:14:52:8692846] [DEBUG  ]: Recieving packet from Spooler of len 2
[10/05/22 13:14:52:8739212] [INFO   ]: Spooler requested update
[10/05/22 13:14:53:0019311] [DEBUG  ]: Recieving packet from Spooler of len 2
[10/05/22 13:14:53:0051295] [INFO   ]: Spooler requested update
[10/05/22 13:14:53:1393581] [DEBUG  ]: Recieving packet from Spooler of len 2
[10/05/22 13:14:53:1457746] [INFO   ]: Spooler requested update
[10/05/22 13:14:53:2721956] [DEBUG  ]: Recieving packet from Spooler of len 2
[10/05/22 13:14:53:2760595] [INFO   ]: Spooler requested update
[10/05/22 13:14:53:4072490] [DEBUG  ]: Recieving packet from Spooler of len 2
[10/05/22 13:14:53:4132011] [INFO   ]: Spooler requested update
[10/05/22 13:14:53:5406076] [DEBUG  ]: Recieving packet from Spooler of len 2
[10/05/22 13:14:53:5482189] [INFO   ]: Spooler requested update
[10/05/22 13:14:53:6794988] [DEBUG  ]: Recieving packet from Spooler of len 2
[10/05/22 13:14:53:6846806] [INFO   ]: Spooler requested update
[10/05/22 13:14:53:8053536] [DEBUG  ]: Recieving packet from Spooler of len 2
[10/05/22 13:14:53:8089942] [INFO   ]: Spooler requested update
[10/05/22 13:14:53:9326940] [DEBUG  ]: Recieving packet from Spooler of len 2
[10/05/22 13:14:53:9367015] [INFO   ]: Spooler requested update
[10/05/22 13:14:54:0679361] [DEBUG  ]: Recieving packet from Spooler of len 2
[10/05/22 13:14:54:0720354] [INFO   ]: Spooler requested update
[10/05/22 13:14:54:2054791] [DEBUG  ]: Recieving packet from Spooler of len 2
[10/05/22 13:14:54:2074906] [INFO   ]: Spooler requested update
[10/05/22 13:14:54:3353395] [DEBUG  ]: Recieving packet from Spooler of len 2
[10/05/22 13:14:54:3402436] [INFO   ]: Spooler requested update
[10/05/22 13:14:54:4798394] [DEBUG  ]: Recieving packet from Spooler of len 2
[10/05/22 13:14:54:4837744] [INFO   ]: Spooler requested update
[10/05/22 13:14:54:6196148] [DEBUG  ]: Recieving packet from Spooler of len 2
[10/05/22 13:14:54:6227713] [INFO   ]: Spooler requested update
[10/05/22 13:14:54:7605944] [DEBUG  ]: Recieving packet from Spooler of len 2
[10/05/22 13:14:54:7650555] [INFO   ]: Spooler requested update
[10/05/22 13:14:54:9169893] [DEBUG  ]: Recieving packet from Spooler of len 2
[10/05/22 13:14:54:9219508] [INFO   ]: Spooler requested update
[10/05/22 13:14:55:0626628] [DEBUG  ]: Recieving packet from Spooler of len 2
[10/05/22 13:14:55:0854930] [INFO   ]: Spooler requested update
[10/05/22 13:14:55:2508099] [DEBUG  ]: Recieving packet from Spooler of len 2
[10/05/22 13:14:55:2662007] [INFO   ]: Spooler requested update
[10/05/22 13:14:55:3709788] [DEBUG  ]: Recieving packet from Spooler of len 2
[10/05/22 13:14:55:3728108] [INFO   ]: Spooler requested update
[10/05/22 13:14:55:4991646] [DEBUG  ]: Recieving packet from Spooler of len 2
[10/05/22 13:14:55:5009067] [INFO   ]: Spooler requested update
[10/05/22 13:14:55:6074506] [DEBUG  ]: Recieving packet from Spooler of len 2
[10/05/22 13:14:55:6133253] [INFO   ]: Spooler requested update
[10/05/22 13:14:55:7130291] [DEBUG  ]: Recieving packet from Spooler of len 2
[10/05/22 13:14:55:7158839] [INFO   ]: Spooler requested update
[10/05/22 13:14:55:8391180] [DEBUG  ]: Recieving packet from Spooler of len 2
[10/05/22 13:14:55:8454481] [INFO   ]: Spooler requested update
[10/05/22 13:14:55:9684425] [DEBUG  ]: Recieving packet from Spooler of len 2
[10/05/22 13:14:55:9714826] [INFO   ]: Spooler requested update
[10/05/22 13:14:56:0797719] [DEBUG  ]: Recieving packet from Spooler of len 2
[10/05/22 13:14:56:0826164] [INFO   ]: Spooler requested update
[10/05/22 13:14:56:1961876] [DEBUG  ]: Recieving packet from Spooler of len 2
[10/05/22 13:14:56:1990531] [INFO   ]: Spooler requested update
[10/05/22 13:14:56:3120219] [DEBUG  ]: Recieving packet from Spooler of len 2
[10/05/22 13:14:56:3148801] [INFO   ]: Spooler requested update
[10/05/22 13:14:56:4329245] [DEBUG  ]: Recieving packet from Spooler of len 2
[10/05/22 13:14:56:4365083] [INFO   ]: Spooler requested update
[10/05/22 13:14:56:5492801] [DEBUG  ]: Recieving packet from Spooler of len 2
[10/05/22 13:14:56:5530954] [INFO   ]: Spooler requested update
[10/05/22 13:14:56:6756230] [DEBUG  ]: Recieving packet from Spooler of len 2
[10/05/22 13:14:56:6824719] [INFO   ]: Spooler requested update
[10/05/22 13:14:56:7946323] [DEBUG  ]: Recieving packet from Spooler of len 2
[10/05/22 13:14:56:7965773] [INFO   ]: Spooler requested update
[10/05/22 13:14:56:9198425] [DEBUG  ]: Recieving packet from Spooler of len 2
[10/05/22 13:14:56:9260706] [INFO   ]: S