[12/05/22 17:55:24:0871431] [INFO ]: Logging started
[12/05/22 17:55:24:0990126] [INFO ]: Starting Spooler receive
[12/05/22 17:55:24:2054681] [DEBUG]: Recieving packet from Spooler of len 2
[12/05/22 17:55:24:2057574] [INFO ]: Spooler requested update
[12/05/22 17:55:24:2749850] [DEBUG]: Recieving packet from Spooler of len 2
[12/05/22 17:55:24:2751242] [INFO ]: Spooler requested update
[12/05/22 17:55:24:3374876] [DEBUG]: Recieving packet from Spooler of len 2
[12/05/22 17:55:24:3376275] [INFO ]: Spooler requested update
[12/05/22 17:55:24:3991521] [DEBUG]: Recieving packet from Spooler of len 2
[12/05/22 17:55:24:3992870] [INFO ]: Spooler requested update
[12/05/22 17:55:24:4600801] [DEBUG]: Recieving packet from Spooler of len 2
[12/05/22 17:55:24:4602175] [INFO ]: Spooler requested update
[12/05/22 17:55:24:5218240] [DEBUG]: Recieving packet from Spooler of len 2
[12/05/22 17:55:24:5219376] [INFO ]: Spooler requested update
[12/05/22 17:55:24:5837342] [DEBUG]: Recieving packet from Spooler of len 2
[12/05/22 17:55:24:5838694] [INFO ]: Spooler requested update
[12/05/22 17:55:24:6466185] [DEBUG]: Recieving packet from Spooler of len 2
[12/05/22 17:55:24:6467369] [INFO ]: Spooler requested update
[12/05/22 17:55:24:7086436] [DEBUG]: Recieving packet from Spooler of len 2
[12/05/22 17:55:24:7087929] [INFO ]: Spooler requested update
[12/05/22 17:55:24:7688493] [DEBUG]: Recieving packet from Spooler of len 2
[12/05/22 17:55:24:7689790] [INFO ]: Spooler requested update
[12/05/22 17:55:24:8295212] [DEBUG]: Recieving packet from Spooler of len 2
[12/05/22 17:55:24:8296538] [INFO ]: Spooler requested update
[12/05/22 17:55:24:8904621] [DEBUG]: Recieving packet from Spooler of len 2
[12/05/22 17:55:24:8905834] [INFO ]: Spooler requested update
[12/05/22 17:55:24:9536247] [DEBUG]: Recieving packet from Spooler of len 2
[12/05/22 17:55:24:9537566] [INFO ]: Spooler requested update
[12/05/22 17:55:25:0157876] [DEBUG]: Recieving packet from Spooler of len 2
[12/05/22 17:55:25:0161048] [INFO ]: Spooler requested update
[12/05/22 17:55:25:0751895] [DEBUG]: Recieving packet from Spooler of len 2
[12/05/22 17:55:25:0755269] [INFO ]: Spooler requested update
[12/05/22 17:55:25:1363576] [DEBUG]: Recieving packet from Spooler of len 2
[12/05/22 17:55:25:1366553] [INFO ]: Spooler requested update
[12/05/22 17:55:25:1979018] [DEBUG]: Recieving packet from Spooler of len 2
[12/05/22 17:55:25:1981814] [INFO ]: Spooler requested update
[12/05/22 17:55:25:2611016] [DEBUG]: Recieving packet from Spooler of len 2
[12/05/22 17:55:25:2614374] [INFO ]: Spooler requested update
[12/05/22 17:55:25:3225482] [DEBUG]: Recieving packet from Spooler of len 2
[12/05/22 17:55:25:3228647] [INFO ]: Spooler requested update
[12/05/22 17:55:25:3855297] [DEBUG]: Recieving packet from Spooler of len 2
[12/05/22 17:55:25:3859084] [INFO ]: Spooler requested update
[12/05/22 17:55:25:4460148] [DEBUG]: Recieving packet from Spooler of len 2
[12/05/22 17:55:25:4463064] [INFO ]: Spooler requested update
[12/05/22 17:55:25:5083406] [DEBUG]: Recieving packet from Spooler of len 2
[12/05/22 17:55:25:5086287] [INFO ]: Spooler requested update
[12/05/22 17:55:25:5705446] [DEBUG]: Recieving packet from Spooler of len 2
[12/05/22 17:55:25:5708435] [INFO ]: Spooler requested update
[12/05/22 17:55:25:6315563] [DEBUG]: Recieving packet from Spooler of len 2
[12/05/22 17:55:25:6318302] [INFO ]: Spooler requested update
[12/05/22 17:55:25:6938366] [DEBUG]: Recieving packet from Spooler of len 2
[12/05/22 17:55:25:6940874] [INFO ]: Spooler requested update
[12/05/22 17:55:25:7565635] [DEBUG]: Recieving packet from Spooler of len 2
[12/05/22 17:55:25:7568636] [INFO ]: Spooler requested update
[12/05/22 17:55:25:8185706] [DEBUG]: Recieving packet from Spooler of len 2
[12/05/22 17:55:25:8188714] [INFO ]: Spooler requested update
[12/05/22 17:55:25:8806419] [DEBUG]: Recieving packet from Spooler of len 2
[12/05/22 17:55:25:8809547] [INFO ]: Spooler requested update
[12/05/22 17:55:25:9426725] [DEBUG]: Recieving packet from Spooler of len 2
[12/05/22 17:55:25:9429626] [INFO ]: Spooler requested update
[12/05/22 17:55:26:0043206] [DEBUG]: Recieving packet from Spooler of len 2
[12/05/22 17:55:26:0046400] [INFO ]: Spooler requested update
[12/05/22 17:55:26:0658826] [DEBUG]: Recieving packet from Spooler of len 2
[12/05/22 17:55:26:0662317] [INFO ]: Spooler requested update
[12/05/22 17:55:26:1276118] [DEBUG]: Recieving packet from Spooler of len 2
[12/05/22 17:55:26:1278882] [INFO ]: Spooler requested update
[12/05/22 17:55:26:1893317] [DEBUG]: Recieving packet from Spooler of len 2
[12/05/22 17:55:26:1896215] [INFO ]: Spooler requested update
[12/05/22 17:55:26:2520826] [DEBUG]: Recieving packet from Spooler of len 2
[12/05/22 17:55:26:2523906] [INFO ]: Spooler requested update
[12/05/22 17:55:26:3132417] [DEBUG]: Recieving packet from Spooler of len 2
[12/05/22 17:55:26:3135454] [INFO ]: Spooler requested update
[12/05/22 17:55:26:3757692] [DEBUG]: Recieving packet from Spooler of len 2
[12/05/22 17:55:26:3760636] [INFO ]: Spooler requested update
[12/05/22 17:55:26:4372042] [DEBUG]: Recieving packet from Spooler of len 2
[12/05/22 17:55:26:4374688] [INFO ]: Spooler requested update
[12/05/22 17:55:26:4978347] [DEBUG]: Recieving packet from Spooler of len 2
[12/05/22 17:55:26:4981070] [INFO ]: Spooler requested update
[12/05/22 17:55:26:5589480] [DEBUG]: Recieving packet from Spooler of len 2
[12/05/22 17:55:26:5592163] [INFO ]: Spooler requested update
[12/05/22 17:55:26:6206857] [DEBUG]: Recieving packet from Spooler of len 2
[12/05/22 17:55:26:6209395] [INFO ]: Spooler requested update
[12/05/22 17:55:26:6823353] [DEBUG]: Recieving packet from Spooler of len 2
[12/05/22 17:55:26:6826691] [INFO ]: Spooler requested update
[12/05/22 17:55:26:7434604] [DEBUG]: Recieving packet from Spooler of len 2
[12/05/22 17:55:26:7437334] [INFO ]: Spooler requested update
[12/05/22 17:55:26:8049863] [DEBUG]: Recieving packet from Spooler of len 2
[12/05/22 17:55:26:8052594] [INFO ]: Spooler requested update
[12/05/22 17:55:26:8664677] [DEBUG]: Recieving packet from Spooler of len 2
[12/05/22 17:55:26:8667818] [INFO ]: Spooler requested update
[12/05/22 17:55:26:9277612] [DEBUG]: Recieving packet from Spooler of len 2
[12/05/22 17:55:26:9280188] [INFO ]: Spooler requested update
[12/05/22 17:55:26:9899496] [DEBUG]: Recieving packet from Spooler of len 2
[12/05/22 17:55:26:9902149] [INFO ]: Spooler requested update
[12/05/22 17:55:27:0511628] [DEBUG]: Recieving packet from Spooler of len 2
[12/05/22 17:55:27:0514246] [INFO ]: Spooler requested update
[12/05/22 17:55:27:1133249] [DEBUG]: Recieving packet from Spooler of len 2
[12/05/22 17:55:27:1135807] [INFO ]: Spooler requested update
[12/05/22 17:55:27:1749350] [DEBUG]: Recieving packet from Spooler of len 2
[12/05/22 17:55:27:1752060] [INFO ]: Spooler requested update
[12/05/22 17:55:27:2366937] [DEBUG]: Recieving packet from Spooler of len 2
[12/05/22 17:55:27:2369582] [INFO ]: Spooler requested update
[12/05/22 17:55:27:2975513] [DEBUG]: Recieving packet from Spooler of len 2
[12/05/22 17:55:27:2978064] [INFO ]: Spooler requested update
[12/05/22 17:55:27:3598151] [DEBUG]: Recieving packet from Spooler of len 2
[12/05/22 17:55:27:3602374] [INFO ]: Spooler requested update
[12/05/22 17:55:27:4210915] [DEBUG]: Recieving packet from Spooler of len 2
[12/05/22 17:55:27:4213776] [INFO ]: Spooler requested update
[12/05/22 17:55:27:4818796] [DEBUG]: Recieving packet from Spooler of len 2
[12/05/22 17:55:27:4821301] [INFO ]: Spooler requested update
[12/05/22 17:55:27:5434879] [DEBUG]: Recieving packet from Spooler of len 2
[12/05/22 17:55:27:5437413] [INFO ]: Spooler requested update
[12/05/22 17:55:27:6054134] [DEBUG]: Recieving packet from Spooler of len 2
[12/05/22 17:55:27:6056834] [INFO ]: Spooler requested update
[12/05/22 17:55:27:6665495] [DEBUG]: Recieving packet from Spooler of len 2
[12/05/22 17:55:27:6668013] [INFO ]: Spooler requested update
[12/05/22 17:55:27:7287106] [DEBUG]: Recieving packet from Spooler of len 2
[12/05/22 17:55:27