[12/05/22 18:19:28:1416987] [INFO ]: Logging started
[12/05/22 18:19:28:1635054] [INFO ]: Starting Spooler receive
[12/05/22 18:19:28:3987435] [DEBUG]: Recieving packet from Spooler of len 2
[12/05/22 18:19:28:3991093] [INFO ]: Spooler requested update
[12/05/22 18:19:28:4699581] [DEBUG]: Recieving packet from Spooler of len 2
[12/05/22 18:19:28:4701470] [INFO ]: Spooler requested update
[12/05/22 18:19:28:5326883] [DEBUG]: Recieving packet from Spooler of len 2
[12/05/22 18:19:28:5328850] [INFO ]: Spooler requested update
[12/05/22 18:19:28:5949385] [DEBUG]: Recieving packet from Spooler of len 2
[12/05/22 18:19:28:5951427] [INFO ]: Spooler requested update
[12/05/22 18:19:28:6561361] [DEBUG]: Recieving packet from Spooler of len 2
[12/05/22 18:19:28:6563228] [INFO ]: Spooler requested update
[12/05/22 18:19:28:7180371] [DEBUG]: Recieving packet from Spooler of len 2
[12/05/22 18:19:28:7181843] [INFO ]: Spooler requested update
[12/05/22 18:19:28:7800430] [DEBUG]: Recieving packet from Spooler of len 2
[12/05/22 18:19:28:7803513] [INFO ]: Spooler requested update
[12/05/22 18:19:28:8410102] [DEBUG]: Recieving packet from Spooler of len 2
[12/05/22 18:19:28:8412161] [INFO ]: Spooler requested update
[12/05/22 18:19:28:9028003] [DEBUG]: Recieving packet from Spooler of len 2
[12/05/22 18:19:28:9029963] [INFO ]: Spooler requested update
[12/05/22 18:19:28:9648358] [DEBUG]: Recieving packet from Spooler of len 2
[12/05/22 18:19:28:9650189] [INFO ]: Spooler requested update
[12/05/22 18:19:29:0254490] [DEBUG]: Recieving packet from Spooler of len 2
[12/05/22 18:19:29:0256214] [INFO ]: Spooler requested update
[12/05/22 18:19:29:0862284] [DEBUG]: Recieving packet from Spooler of len 2
[12/05/22 18:19:29:0864090] [INFO ]: Spooler requested update
[12/05/22 18:19:29:1496619] [DEBUG]: Recieving packet from Spooler of len 2
[12/05/22 18:19:29:1498477] [INFO ]: Spooler requested update
[12/05/22 18:19:29:2124099] [DEBUG]: Recieving packet from Spooler of len 2
[12/05/22 18:19:29:2131013] [INFO ]: Spooler requested update
[12/05/22 18:19:29:2734910] [DEBUG]: Recieving packet from Spooler of len 2
[12/05/22 18:19:29:2743653] [INFO ]: Spooler requested update
[12/05/22 18:19:29:3354862] [DEBUG]: Recieving packet from Spooler of len 2
[12/05/22 18:19:29:3363827] [INFO ]: Spooler requested update
[12/05/22 18:19:29:3978526] [DEBUG]: Recieving packet from Spooler of len 2
[12/05/22 18:19:29:3989384] [INFO ]: Spooler requested update
[12/05/22 18:19:29:4583516] [DEBUG]: Recieving packet from Spooler of len 2
[12/05/22 18:19:29:4594563] [INFO ]: Spooler requested update
[12/05/22 18:19:29:5206764] [DEBUG]: Recieving packet from Spooler of len 2
[12/05/22 18:19:29:5215478] [INFO ]: Spooler requested update
[12/05/22 18:19:29:5821463] [DEBUG]: Recieving packet from Spooler of len 2
[12/05/22 18:19:29:5827682] [INFO ]: Spooler requested update
[12/05/22 18:19:29:6431203] [DEBUG]: Recieving packet from Spooler of len 2
[12/05/22 18:19:29:6437927] [INFO ]: Spooler requested update
[12/05/22 18:19:29:7047816] [DEBUG]: Recieving packet from Spooler of len 2
[12/05/22 18:19:29:7054666] [INFO ]: Spooler requested update
[12/05/22 18:19:29:7669232] [DEBUG]: Recieving packet from Spooler of len 2
[12/05/22 18:19:29:7677311] [INFO ]: Spooler requested update
[12/05/22 18:19:29:8307340] [DEBUG]: Recieving packet from Spooler of len 2
[12/05/22 18:19:29:8313707] [INFO ]: Spooler requested update
[12/05/22 18:19:29:8918496] [DEBUG]: Recieving packet from Spooler of len 2
[12/05/22 18:19:29:8929742] [INFO ]: Spooler requested update
[12/05/22 18:19:29:9687278] [DEBUG]: Recieving packet from Spooler of len 2
[12/05/22 18:19:29:9694608] [INFO ]: Spooler requested update
[12/05/22 18:19:30:0318277] [DEBUG]: Recieving packet from Spooler of len 2
[12/05/22 18:19:30:0329625] [INFO ]: Spooler requested update
[12/05/22 18:19:30:0922561] [DEBUG]: Recieving packet from Spooler of len 2
[12/05/22 18:19:30:0929824] [INFO ]: Spooler requested update
[12/05/22 18:19:30:1527064] [DEBUG]: Recieving packet from 