[10/05/22 13:08:41:9966440] [INFO   ]: Logging started
[10/05/22 13:08:42:0288947] [INFO   ]: Starting Spooler receive
[10/05/22 13:08:43:5087565] [DEBUG  ]: Recieving packet from Spooler of len 2
[10/05/22 13:08:43:5102801] [INFO   ]: Spooler requested update
[10/05/22 13:08:43:6488864] [DEBUG  ]: Recieving packet from Spooler of len 2
[10/05/22 13:08:43:6510879] [INFO   ]: Spooler requested update
[10/05/22 13:08:43:7620437] [DEBUG  ]: Recieving packet from Spooler of len 2
[10/05/22 13:08:43:7848582] [INFO   ]: Spooler requested update
[10/05/22 13:08:43:8944636] [DEBUG  ]: Recieving packet from Spooler of len 2
[10/05/22 13:08:43:8997907] [INFO   ]: Spooler requested update
[10/05/22 13:08:43:9790008] [DEBUG  ]: Recieving packet from Spooler of len 2
[10/05/22 13:08:43:9795259] [INFO   ]: Spooler requested update
[10/05/22 13:08:44:0631261] [DEBUG  ]: Recieving packet from Spooler of len 2
[10/05/22 13:08:44:0671921] [INFO   ]: Spooler requested update
[10/05/22 13:08:44:1591123] [DEBUG  ]: Recieving packet from Spooler of len 2
[10/05/22 13:08:44:1598185] [INFO   ]: Spooler requested update
[10/05/22 13:08:44:2553170] [DEBUG  ]: Recieving packet from Spooler of len 2
[10/05/22 13:08:44:2574616] [INFO   ]: Spooler requested update
[10/05/22 13:08:44:3633594] [DEBUG  ]: Recieving packet from Spooler of len 2
[10/05/22 13:08:44:3926026] [INFO   ]: Spooler requested update
[10/05/22 13:08:44:5061547] [DEBUG  ]: Recieving packet from Spooler of len 2
[10/05/22 13:08:44:5099032] [INFO   ]: Spooler requested update
[10/05/22 13:08:44:6023922] [DEBUG  ]: Recieving packet from Spooler of len 2
[10/05/22 13:08:44:6052642] [INFO   ]: Spooler requested update
[10/05/22 13:08:44:7052915] [DEBUG  ]: Recieving packet from Spooler of len 2
[10/05/22 13:08:44:7065107] [INFO   ]: Spooler requested update
[10/05/22 13:08:44:8106140] [DEBUG  ]: Recieving packet from Spooler of len 2
[10/05/22 13:08:44:8117562] [INFO   ]: Spooler requested update
[10/05/22 13:08:44:9030069] [DEBUG  ]: Recieving packet from Spooler of len 2
[10/05/22 13:08:44:9070843] [INFO   ]: Spooler requested update
[10/05/22 13:08:45:0485950] [DEBUG  ]: Recieving packet from Spooler of len 2
[10/05/22 13:08:45:0577201] [INFO   ]: Spooler requested update
[10/05/22 13:08:45:2294139] [DEBUG  ]: Recieving packet from Spooler of len 2
[10/05/22 13:08:45:2782421] [INFO   ]: Spooler requested update
[10/05/22 13:08:45:4112202] [DEBUG  ]: Recieving packet from Spooler of len 2
[10/05/22 13:08:45:4202484] [INFO   ]: Spooler requested update
[10/05/22 13:08:45:5650949] [DEBUG  ]: Recieving packet from Spooler of len 2
[10/05/22 13:08:45:5690516] [INFO   ]: Spooler requested update
[10/05/22 13:08:45:7477558] [DEBUG  ]: Recieving packet from Spooler of len 2
[10/05/22 13:08:45:7566479] [INFO   ]: Spooler requested update
[10/05/22 13:08:45:8688681] [DEBUG  ]: Recieving packet from Spooler of len 2
[10/05/22 13:08:45:8709014] [INFO   ]: Spooler requested update
[10/05/22 13:08:45:9934734] [DEBUG  ]: Recieving packet from Spooler of len 2
[10/05/22 13:08:45:9952176] [INFO   ]: Spooler requested update
[10/05/22 13:08:46:1072458] [DEBUG  ]: Recieving packet from Spooler of len 2
[10/05/22 13:08:46:1222218] [INFO   ]: Spooler requested update
[10/05/22 13:08:46:2427786] [DEBUG  ]: Recieving packet from Spooler of len 2
[10/05/22 13:08:46:2460660] [INFO   ]: Spooler requested update
[10/05/22 13:08:46:3835006] [DEBUG  ]: Recieving packet from Spooler of len 2
[10/05/22 13:08:46:3890192] [INFO   ]: Spooler requested update
[10/05/22 13:08:46:4927532] [DEBUG  ]: Recieving packet from Spooler of len 2
[10/05/22 13:08:46:4956533] [INFO   ]: Spooler requested update
[10/05/22 13:08:46:6186204] [DEBUG  ]: Recieving packet from Spooler of len 2
[10/05/22 13:08:46:6222644] [INFO   ]: Spooler requested update
[10/05/22 13:08:46:7243071] [DEBUG  ]: Recieving packet from Spooler of len 2
[10/05/22 13:08:46:7263861] [INFO   ]: Spooler requested update
[10/05/22 13:08:46:8256597] [DEBUG  ]: Recieving packet from Spooler of len 2
[10/05/22 13:08:46:8275178] [INFO   ]: Spooler requested update
[10/05/22 13:08:46:9374457] [DEBUG  ]: Recieving packet from Spooler of len 2
[10/05/22 13:08:46:9396609] [INFO   ]: Spooler requested update
[10/05/22 13:08:47:0714686] [DEBUG  ]: Recieving packet from Spooler of len 2
[10/05/22 13:08:47:0856654] [INFO   ]: Spooler requested update
[10/05/22 13:08:47:2569766] [DEBUG  ]: Recieving packet from Spooler of len 2
[10/05/22 13:08:47:2587373] [INFO   ]: Spooler requested update
[10/05/22 13:08:47:3893487] [DEBUG  ]: Recieving packet from Spooler of len 2
[10/05/22 13:08:47:4024852] [INFO   ]: Spooler requested update
[10/05/22 13:08:47:5705093] [DEBUG  ]: Recieving packet from Spooler of len 2
[10/05/22 13:08:47:5759239] [INFO   ]: Spooler requested update
[10/05/22 13:08:47:7173693] [DEBUG  ]: Recieving packet from Spooler of len 2
[10/05/22 13:08:47:7234906] [INFO   ]: Spooler requested update
[10/05/22 13:08:47:8512629] [DEBUG  ]: Recieving packet from Spooler of len 2
[10/05/22 13:08:47:8538220] [INFO   ]: Spooler requested update
[10/05/22 13:08:47:9673003] [DEBUG  ]: Recieving packet from Spooler of len 2
[10/05/22 13:08:47:9707519] [INFO   ]: Spooler requested update
[10/05/22 13:08:48:0753982] [DEBUG  ]: Recieving packet from Spooler of len 2
[10/05/22 13:08:48:0772944] [INFO   ]: Spooler requested update
[10/05/22 13:08:48:2291000] [DEBUG  ]: Recieving packet from Spooler of len 2
[10/05/22 13:08:48:2370674] [INFO   ]: Spooler requested update
[10/05/22 13:08:48:3827427] [DEBUG  ]: Recieving packet from Spooler of len 2
[10/05/22 13:08:48:4032853] [INFO   ]: Spooler requested update
[10/05/22 13:08:48:5362616] [DEBUG  ]: Recieving packet from Spooler of len 2
[10/05/22 13:08:48:5435122] [INFO   ]: Spooler requested update
[10/05/22 13:08:48:7257908] [DEBUG  ]: Recieving packet from Spooler of len 2
[10/05/22 13:08:48:7419552] [INFO   ]: Spooler requested update
[10/05/22 13:08:48:8859845] [DEBUG  ]: Recieving packet from Spooler of len 2
[10/05/22 13:08:48:8937081] [INFO   ]: Spooler requested update
[10/05/22 13:08:49:0488593] [DEBUG  ]: Recieving packet from Spooler of len 2
[10/05/22 13:08:49:0553833] [INFO   ]: Spooler requested update
[10/05/22 13:08:49:1931568] [DEBUG  ]: Recieving packet from Spooler of len 2
[10/05/22 13:08:49:1948874] [INFO   ]: Spooler requested update
[10/05/22 13:08:49:3411960] [DEBUG  ]: Recieving packet from Spooler of len 2
[10/05/22 13:08:49:3463682] [INFO   ]: Spooler requested update
[10/05/22 13:08:49:4884445] [DEBUG  ]: Recieving packet from Spooler of len 2
[10/05/22 13:08:49:4941694] [INFO   ]: Spooler requested update
[10/05/22 13:08:49:6434902] [DEBUG  ]: Recieving packet from Spooler of len 2
[10/05/22 13:08:49:6517302] [INFO   ]: Spooler requested update
[10/05/22 13:08:49:8005107] [DEBUG  ]: Recieving packet from Spooler of len 2
[10/05/22 13:08:49:8058648] [INFO   ]: Spooler requested update
[10/05/22 13:08:49:9375828] [DEBUG  ]: Recieving packet from Spooler of len 2
[10/05/22 13:08:49:9416985] [INFO   ]: Spooler requested update
[10/05/22 13:08:50:0644229] [DEBUG  ]: Recieving packet from Spooler of len 2
[10/05/22 13:08:50:0693008] [INFO   ]: Spooler requested update
[10/05/22 13:08:50:2155724] [DEBUG  ]: Recieving packet from Spooler of len 2
[10/05/22 13:08:50:2273240] [INFO   ]: Spooler requested update
[10/05/22 13:08:50:3440602] [DEBUG  ]: Recieving packet from Spooler of len 2
[10/05/22 13:08:50:3508084] [INFO   ]: Spooler requested update
[10/05/22 13:08:50:4539252] [DEBUG  ]: Recieving packet from Spooler of len 2
[10/05/22 13:08:50:4556595] [INFO   ]: Spooler requested update
[10/05/22 13:08:50:5570330] [DEBUG  ]: Recieving packet from Spooler of len 2
[10/05/22 13:08:50:5590820] [INFO   ]: Spooler requested update
[10/05/22 13:08:50:6673794] [DEBUG  ]: Recieving packet from Spooler of len 2
[10/05/22 13:08:50:6700373] [INFO   ]: Spooler requested update
[10/05/22 13:08:50:7979822] [DEBUG  ]: Recieving packet from Spooler of len 2
[10/05/22 13:08:50:8026425] [INFO   ]: Spooler requested update
[10/05/