[12/05/22 17:55:23:7817367] [INFO ]: Logging started
[12/05/22 17:55:23:7932694] [INFO ]: Starting Spooler receive
[12/05/22 17:55:24:1988914] [DEBUG]: Recieving packet from Spooler of len 2
[12/05/22 17:55:24:1992357] [INFO ]: Spooler requested update
[12/05/22 17:55:24:2739416] [DEBUG]: Recieving packet from Spooler of len 2
[12/05/22 17:55:24:2740933] [INFO ]: Spooler requested update
[12/05/22 17:55:24:3365661] [DEBUG]: Recieving packet from Spooler of len 2
[12/05/22 17:55:24:3367114] [INFO ]: Spooler requested update
[12/05/22 17:55:24:3981906] [DEBUG]: Recieving packet from Spooler of len 2
[12/05/22 17:55:24:3983322] [INFO ]: Spooler requested update
[12/05/22 17:55:24:4592155] [DEBUG]: Recieving packet from Spooler of len 2
[12/05/22 17:55:24:4593625] [INFO ]: Spooler requested update
[12/05/22 17:55:24:5210589] [DEBUG]: Recieving packet from Spooler of len 2
[12/05/22 17:55:24:5211760] [INFO ]: Spooler requested update
[12/05/22 17:55:24:5827001] [DEBUG]: Recieving packet from Spooler of len 2
[12/05/22 17:55:24:5828444] [INFO ]: Spooler requested update
[12/05/22 17:55:24:6457892] [DEBUG]: Recieving packet from Spooler of len 2
[12/05/22 17:55:24:6459195] [INFO ]: Spooler requested update
[12/05/22 17:55:24:7077419] [DEBUG]: Recieving packet from Spooler of len 2
[12/05/22 17:55:24:7078908] [INFO ]: Spooler requested update
[12/05/22 17:55:24:7679946] [DEBUG]: Recieving packet from Spooler of len 2
[12/05/22 17:55:24:7681409] [INFO ]: Spooler requested update
[12/05/22 17:55:24:8287290] [DEBUG]: Recieving packet from Spooler of len 2
[12/05/22 17:55:24:8288683] [INFO ]: Spooler requested update
[12/05/22 17:55:24:8896719] [DEBUG]: Recieving packet from Spooler of len 2
[12/05/22 17:55:24:8897988] [INFO ]: Spooler requested update
[12/05/22 17:55:24:9526292] [DEBUG]: Recieving packet from Spooler of len 2
[12/05/22 17:55:24:9527661] [INFO ]: Spooler requested update
[12/05/22 17:55:25:0132074] [DEBUG]: Recieving packet from Spooler of len 2
[12/05/22 17:55:25:0138506] [INFO ]: Spooler requested update
[12/05/22 17:55:25:0728604] [DEBUG]: Recieving packet from Spooler of len 2
[12/05/22 17:55:25:0737573] [INFO ]: Spooler requested update
[12/05/22 17:55:25:1347854] [DEBUG]: Recieving packet from Spooler of len 2
[12/05/22 17:55:25:1350781] [INFO ]: Spooler requested update
[12/05/22 17:55:25:1964640] [DEBUG]: Recieving packet from Spooler of len 2
[12/05/22 17:55:25:1967082] [INFO ]: Spooler requested update
[12/05/22 17:55:25:2593053] [DEBUG]: Recieving packet from Spooler of len 2
[12/05/22 17:55:25:2596814] [INFO ]: Spooler requested update
[12/05/22 17:55:25:3208082] [DEBUG]: Recieving packet from Spooler of len 2
[12/05/22 17:55:25:3210998] [INFO ]: Spooler requested update
[12/05/22 17:55:25:3833655] [DEBUG]: Recieving packet from Spooler of len 2
[12/05/22 17:55:25:3837134] [INFO ]: Spooler requested update
[12/05/22 17:55:25:4444329] [DEBUG]: Recieving packet from Spooler of len 2
[12/05/22 17:55:25:4447031] [INFO ]: Spooler requested update
[12/05/22 17:55:25:5067873] [DEBUG]: Recieving packet from Spooler of len 2
[12/05/22 17:55:25:5070688] [INFO ]: Spooler requested update
[12/05/22 17:55:25:5688775] [DEBUG]: Recieving packet from Spooler of len 2
[12/05/22 17:55:25:5691986] [INFO ]: Spooler requested update
[12/05/22 17:55:25:6301072] [DEBUG]: Recieving packet from Spooler of len 2
[12/05/22 17:55:25:6303552] [INFO ]: Spooler requested update
[12/05/22 17:55:25:6922463] [DEBUG]: Recieving packet from Spooler of len 2
[12/05/22 17:55:25:6924931] [INFO ]: Spooler requested update
[12/05/22 17:55:25:7544978] [DEBUG]: Recieving packet from Spooler of len 2
[12/05/22 17:55:25:7547844] [INFO ]: Spooler requested update
[12/05/22 17:55:25:8166365] [DEBUG]: Recieving packet from Spooler of len 2
[12/05/22 17:55:25:8169305] [INFO ]: Spooler requested update
[12/05/22 17:55:25:8784307] [DEBUG]: Recieving packet from Spooler of len 2
[12/05/22 17:55:25:8787393] [INFO ]: Spooler requested update
[12/05/22 17:55:25:9403052] [DEBUG]: Recieving packet from Spooler of len 2
[12/05/22 17:55:25:9406085] [INFO ]: Spooler requested update
[12/05/22 17:55:26:0025196] [DEBUG]: Recieving packet from Spooler of len 2
[12/05/22 17:55:26:0028329] [INFO ]: Spooler requested update
[12/05/22 17:55:26:0643396] [DEBUG]: Recieving packet from Spooler of len 2
[12/05/22 17:55:26:0646115] [INFO ]: Spooler requested update
[12/05/22 17:55:26:1260506] [DEBUG]: Recieving packet from Spooler of len 2
[12/05/22 17:55:26:1263129] [INFO ]: Spooler requested update
[12/05/22 17:55:26:1877825] [DEBUG]: Recieving packet from Spooler of len 2
[12/05/22 17:55:26:1880552] [INFO ]: Spooler requested update
[12/05/22 17:55:26:2503983] [DEBUG]: Recieving packet from Spooler of len 2
[12/05/22 17:55:26:2506767] [INFO ]: Spooler requested update
[12/05/22 17:55:26:3116636] [DEBUG]: Recieving packet from Spooler of len 2
[12/05/22 17:55:26:3119466] [INFO ]: Spooler requested update
[12/05/22 17:55:26:3742351] [DEBUG]: Recieving packet from Spooler of len 2
[12/05/22 17:55:26:3745076] [INFO ]: Spooler requested update
[12/05/22 17:55:26:4357811] [DEBUG]: Recieving packet from Spooler of len 2
[12/05/22 17:55:26:4360334] [INFO ]: Spooler requested update
[12/05/22 17:55:26:4964324] [DEBUG]: Recieving packet from Spooler of len 2
[12/05/22 17:55:26:4966951] [INFO ]: Spooler requested update
[12/05/22 17:55:26:5575745] [DEBUG]: Recieving packet from Spooler of len 2
[12/05/22 17:55:26:5578262] [INFO ]: Spooler requested update
[12/05/22 17:55:26:6192866] [DEBUG]: Recieving packet from Spooler of len 2
[12/05/22 17:55:26:6195623] [INFO ]: Spooler requested update
[12/05/22 17:55:26:6803157] [DEBUG]: Recieving packet from Spooler of len 2
[12/05/22 17:55:26:6805806] [INFO ]: Spooler requested update
[12/05/22 17:55:26:7420821] [DEBUG]: Recieving packet from Spooler of len 2
[12/05/22 17:55:26:7423169] [INFO ]: Spooler requested update
[12/05/22 17:55:26:8034880] [DEBUG]: Recieving packet from Spooler of len 2
[12/05/22 17:55:26:8037809] [INFO ]: Spooler requested update
[12/05/22 17:55:26:8648040] [DEBUG]: Recieving packet from Spooler of len 2
[12/05/22 17:55:26:8650925] [INFO ]: Spooler requested update
[12/05/22 17:55:26:9263249] [DEBUG]: Recieving packet from Spooler of len 2
[12/05/22 17:55:26:9265749] [INFO ]: Spooler requested update
[12/05/22 17:55:26:9886087] [DEBUG]: Recieving packet from Spooler of len 2
[12/05/22 17:55:26:9888383] [INFO ]: Spooler requested update
[12/05/22 17:55:27:0497962] [DEBUG]: Recieving packet from Spooler of len 2
[12/05/22 17:55:27:0500477] [INFO ]: Spooler requested update
[12/05/22 17:55:27:1119374] [DEBUG]: Recieving packet from Spooler of len 2
[12/05/22 17:55:27:1121862] [INFO ]: Spooler requested update
[12/05/22 17:55:27:1735342] [DEBUG]: Recieving packet from Spooler of len 2
[12/05/22 17:55:27:1737854] [INFO ]: Spooler requested update
[12/05/22 17:55:27:2349175] [DEBUG]: Recieving packet from Spooler of len 2
[12/05/22 17:55:27:2354415] [INFO ]: Spooler requested update
[12/05/22 17:55:27:2961753] [DEBUG]: Recieving packet from Spooler of len 2
[12/05/22 17:55:27:2964179] [INFO ]: Spooler requested update
[12/05/22 17:55:27:3581978] [DEBUG]: Recieving packet from Spooler of len 2
[12/05/22 17:55:27:3585037] [INFO ]: Spooler requested update
[12/05/22 17:55:27:4196147] [DEBUG]: Recieving packet from Spooler of len 2
[12/05/22 17:55:27:4198807] [INFO ]: Spooler requested update
[12/05/22 17:55:27:4805002] [DEBUG]: Recieving packet from Spooler of len 2
[12/05/22 17:55:27:4807549] [INFO ]: Spooler requested update
[12/05/22 17:55:27:5421184] [DEBUG]: Recieving packet from Spooler of len 2
[12/05/22 17:55:27:5423611] [INFO ]: Spooler requested update
[12/05/22 17:55:27:6039984] [DEBUG]: Recieving packet from Spooler of len 2
[12/05/22 17:55:27:6042441] [INFO ]: Spooler requested update
[12/05/22 17:55:27:6651617] [DEBUG]: Recieving packet from Spooler of len 2
[12/05/22 17:55:27:6654077] [INFO ]: Spooler requested update
[12/05/22 17:55:27:7273615] [DEBUG]: Recieving packet from Spooler of len 2
[12/05/22 17:55:27