[27/05/22 14:01:19:1050623] [INFO ]: Logging started
[27/05/22 14:01:19:1487425] [INFO ]: Starting Spooler receive
[27/05/22 14:01:19:1594843] [INFO ]: Lobby Server start
[27/05/22 14:01:19:1673091] [INFO ]: Lobby Server Client Accept Thread start
[27/05/22 14:01:19:1796153] [INFO ]: Waiting for client to connect
[27/05/22 14:01:24:0114231] [ERROR]: FATAL UNHANDLED EXCEPTION
[27/05/22 14:01:24:0622215] [ERROR]: System.Exception: An existing connection was forcibly closed by the remote host.
   at Shared.SpoolerInterface.<>c.<.ctor>b__4_0(String msg) in C:\Users\rober\Documents\Projects\Scalable-Game-Servers\Shared\SpoolerInterface.cs:line 18
   at Shared.SpoolerInterface.ReadCallback(IAsyncResult ar) in C:\Users\rober\Documents\Projects\Scalable-Game-Servers\Shared\SpoolerInterface.cs:line 40
   at System.Threading.Tasks.TaskToApm.TaskAsyncResult.InvokeCallback()
   at System.Threading.Tasks.AwaitTaskContinuation.<>c.<.cctor>b__17_0(Object state)
   at System.Threading.ExecutionContext.RunInternal(ExecutionContext executionContext, ContextCallback callback, Object state)
--- End of stack trace from previous location ---
   at System.Threading.ExecutionContext.RunInternal(ExecutionContext executionContext, ContextCallback callback, Object state)
   at System.Threading.Tasks.AwaitTaskContinuation.RunCallback(ContextCallback callback, Object state, Task& currentTask)
--- End of stack trace from previous location ---
   at System.Threading.Tasks.Task.<>c.<ThrowAsync>b__128_1(Object state)
   at System.Threading.QueueUserWorkItemCallbackDefaultContext.Execute()
   at System.Threading.ThreadPoolWorkQueue.Dispatch()
   at System.Threading.PortableThreadPool.WorkerThread.WorkerThreadStart()
   at System.Threading.Thread.StartCallback()
