[12/05/22 18:19:28:2598314] [INFO ]: Logging started
[12/05/22 18:19:28:2715001] [INFO ]: Starting Spooler receive
[12/05/22 18:19:28:4008911] [DEBUG]: Recieving packet from Spooler of len 2
[12/05/22 18:19:28:4012379] [INFO ]: Spooler requested update
[12/05/22 18:19:28:4703523] [DEBUG]: Recieving packet from Spooler of len 2
[12/05/22 18:19:28:4705426] [INFO ]: Spooler requested update
[12/05/22 18:19:28:5330235] [DEBUG]: Recieving packet from Spooler of len 2
[12/05/22 18:19:28:5331990] [INFO ]: Spooler requested update
[12/05/22 18:19:28:5952971] [DEBUG]: Recieving packet from Spooler of len 2
[12/05/22 18:19:28:5954851] [INFO ]: Spooler requested update
[12/05/22 18:19:28:6564644] [DEBUG]: Recieving packet from Spooler of len 2
[12/05/22 18:19:28:6566732] [INFO ]: Spooler requested update
[12/05/22 18:19:28:7183320] [DEBUG]: Recieving packet from Spooler of len 2
[12/05/22 18:19:28:7184896] [INFO ]: Spooler requested update
[12/05/22 18:19:28:7805353] [DEBUG]: Recieving packet from Spooler of len 2
[12/05/22 18:19:28:7807318] [INFO ]: Spooler requested update
[12/05/22 18:19:28:8413936] [DEBUG]: Recieving packet from Spooler of len 2
[12/05/22 18:19:28:8416039] [INFO ]: Spooler requested update
[12/05/22 18:19:28:9031405] [DEBUG]: Recieving packet from Spooler of len 2
[12/05/22 18:19:28:9033373] [INFO ]: Spooler requested update
[12/05/22 18:19:28:9651571] [DEBUG]: Recieving packet from Spooler of len 2
[12/05/22 18:19:28:9653288] [INFO ]: Spooler requested update
[12/05/22 18:19:29:0257586] [DEBUG]: Recieving packet from Spooler of len 2
[12/05/22 18:19:29:0259296] [INFO ]: Spooler requested update
[12/05/22 18:19:29:0867352] [DEBUG]: Recieving packet from Spooler of len 2
[12/05/22 18:19:29:0869179] [INFO ]: Spooler requested update
[12/05/22 18:19:29:1499997] [DEBUG]: Recieving packet from Spooler of len 2
[12/05/22 18:19:29:1502994] [INFO ]: Spooler requested update
[12/05/22 18:19:29:2135104] [DEBUG]: Recieving packet from Spooler of len 2
[12/05/22 18:19:29:2141800] [INFO ]: Spooler requested update
[12/05/22 18:19:29:2746756] [DEBUG]: Recieving packet from Spooler of len 2
[12/05/22 18:19:29:2755165] [INFO ]: Spooler requested update
[12/05/22 18:19:29:3366184] [DEBUG]: Recieving packet from Spooler of len 2
[12/05/22 18:19:29:3374756] [INFO ]: Spooler requested update
[12/05/22 18:19:29:3993396] [DEBUG]: Recieving packet from Spooler of len 2
[12/05/22 18:19:29:4000226] [INFO ]: Spooler requested update
[12/05/22 18:19:29:4598521] [DEBUG]: Recieving packet from Spooler of len 2
[12/05/22 18:19:29:4609993] [INFO ]: Spooler requested update
[12/05/22 18:19:29:5219444] [DEBUG]: Recieving packet from Spooler of len 2
[12/05/22 18:19:29:5231096] [INFO ]: Spooler requested update
[12/05/22 18:19:29:5831421] [DEBUG]: Recieving packet from Spooler of len 2
[12/05/22 18:19:29:5837942] [INFO ]: Spooler requested update
[12/05/22 18:19:29:6441770] [DEBUG]: Recieving packet from Spooler of len 2
[12/05/22 18:19:29:6448300] [INFO ]: Spooler requested update
[12/05/22 18:19:29:7059072] [DEBUG]: Recieving packet from Spooler of len 2
[12/05/22 18:19:29:7065654] [INFO ]: Spooler requested update
[12/05/22 18:19:29:7681253] [DEBUG]: Recieving packet from Spooler of len 2
[12/05/22 18:19:29:7688954] [INFO ]: Spooler requested update
[12/05/22 18:19:29:8317562] [DEBUG]: Recieving packet from Spooler of len 2
[12/05/22 18:19:29:8329187] [INFO ]: Spooler requested update
[12/05/22 18:19:29:8933716] [DEBUG]: Recieving packet from Spooler of len 2
[12/05/22 18:19:29:8940137] [INFO ]: Spooler requested update
[12/05/22 18:19:29:9698776] [DEBUG]: Recieving packet from Spooler of len 2
[12/05/22 18:19:29:9711992] [INFO ]: Spooler requested update
[12/05/22 18:19:30:0333568] [DEBUG]: Recieving packet from Spooler of len 2
[12/05/22 18:19:30:0340793] [INFO ]: Spooler requested update
[12/05/22 18:19:30:0933712] [DEBUG]: Recieving packet from Spooler of len 2
[12/05/22 18:19:30:0940425] [INFO ]: Spooler requested update
[12/05/22 18:19:30:1538390] [DEBUG]: Recieving packet from 