[11/05/22 09:36:43:2118238] [INFO ]: Logging started
[11/05/22 09:36:43:2520918] [INFO ]: Starting Spooler receive
[11/05/22 09:36:43:4333388] [DEBUG]: Recieving packet from Spooler of len 2
[11/05/22 09:36:43:4351648] [INFO ]: Spooler requested update
[11/05/22 09:36:43:4996279] [DEBUG]: Recieving packet from Spooler of len 2
[11/05/22 09:36:43:4999363] [INFO ]: Spooler requested update
[11/05/22 09:36:43:5761146] [DEBUG]: Recieving packet from Spooler of len 2
[11/05/22 09:36:43:5770483] [INFO ]: Spooler requested update
[11/05/22 09:36:43:6661779] [DEBUG]: Recieving packet from Spooler of len 2
[11/05/22 09:36:43:6697762] [INFO ]: Spooler requested update
[11/05/22 09:36:43:7490908] [DEBUG]: Recieving packet from Spooler of len 2
[11/05/22 09:36:43:7495799] [INFO ]: Spooler requested update
[11/05/22 09:36:43:8230700] [DEBUG]: Recieving packet from Spooler of len 2
[11/05/22 09:36:43:8238342] [INFO ]: Spooler requested update
[11/05/22 09:36:43:9085210] [DEBUG]: Recieving packet from Spooler of len 2
[11/05/22 09:36:43:9094194] [INFO ]: Spooler requested update
[11/05/22 09:36:43:9896091] [DEBUG]: Recieving packet from Spooler of len 2
[11/05/22 09:36:43:9902582] [INFO ]: Spooler requested update
[11/05/22 09:36:44:0827017] [DEBUG]: Recieving packet from Spooler of len 2
[11/05/22 09:36:44:0852448] [INFO ]: Spooler requested update
[11/05/22 09:36:44:2224449] [DEBUG]: Recieving packet from Spooler of len 2
[11/05/22 09:36:44:2235543] [INFO ]: Spooler requested update
[11/05/22 09:36:44:2933876] [DEBUG]: Recieving packet from Spooler of len 2
[11/05/22 09:36:44:2938675] [INFO ]: Spooler requested update
[11/05/22 09:36:44:3602749] [DEBUG]: Recieving packet from Spooler of len 2
[11/05/22 09:36:44:3607538] [INFO ]: Spooler requested update
[11/05/22 09:36:44:4474860] [DEBUG]: Recieving packet from Spooler of len 2
[11/05/22 09:36:44:4479361] [INFO ]: Spooler requested update
[11/05/22 09:36:44:5596022] [DEBUG]: Recieving packet from Spooler of len 2
[11/05/22 09:36:44:5687308] [INFO ]: Spooler requested update
[11/05/22 09:36:44:6981797] [DEBUG]: Recieving packet from Spooler of len 2
[11/05/22 09:36:44:7294205] [INFO ]: Spooler requested update
[11/05/22 09:36:44:8707672] [DEBUG]: Recieving packet from Spooler of len 2
[11/05/22 09:36:44:8727496] [INFO ]: Spooler requested update
[11/05/22 09:36:44:9719174] [DEBUG]: Recieving packet from Spooler of len 2
[11/05/22 09:36:44:9743514] [INFO ]: Spooler requested update
[11/05/22 09:36:45:0722879] [DEBUG]: Recieving packet from Spooler of len 2
[11/05/22 09:36:45:0744678] [INFO ]: Spooler requested update
[11/05/22 09:36:45:2039830] [DEBUG]: Recieving packet from Spooler of len 2
[11/05/22 09:36:45:2101179] [INFO ]: Spooler requested update
[11/05/22 09:36:45:3432098] [DEBUG]: Recieving packet from Spooler of len 2
[11/05/22 09:36:45:3469136] [INFO ]: Spooler requested update
[11/05/22 09:36:45:4910243] [DEBUG]: Recieving packet from Spooler of len 2
[11/05/22 09:36:45:4948148] [INFO ]: Spooler requested update
[11/05/22 09:36:45:6336243] [DEBUG]: Recieving packet from Spooler of len 2
[11/05/22 09:36:45:6379454] [INFO ]: Spooler requested update
[11/05/22 09:36:45:7704179] [DEBUG]: Recieving packet from Spooler of len 2
[11/05/22 09:36:45:7748065] [INFO ]: Spooler requested update
[11/05/22 09:36:45:9009794] [DEBUG]: Recieving packet from Spooler of len 2
[11/05/22 09:36:45:9051911] [INFO ]: Spooler requested update
[11/05/22 09:36:46:0227636] [DEBUG]: Recieving packet from Spooler of len 2
[11/05/22 09:36:46:0267015] [INFO ]: Spooler requested update
[11/05/22 09:36:46:1509249] [DEBUG]: Recieving packet from Spooler of len 2
[11/05/22 09:36:46:1548086] [INFO ]: Spooler requested update
[11/05/22 09:36:46:2745493] [DEBUG]: Recieving packet from Spooler of len 2
[11/05/22 09:36:46:2766095] [INFO ]: Spooler requested update
[11/05/22 09:36:46:4119114] [DEBUG]: Recieving packet from Spooler of len 2
[11/05/22 09:36:46:4157766] [INFO ]: Spooler requested update
[11/05/22 09:36:46:5440137] [DEBUG]: Recieving packet from Spooler of len 2
[11/05/22 09:36:46:5474313] [INFO ]: Spooler requested update
[11/05/22 09:36:46:7126752] [DEBUG]: Recieving packet from Spooler of len 2
[11/05/22 09:36:46:7245067] [INFO ]: Spooler requested update
[11/05/22 09:36:46:8390857] [DEBUG]: Recieving packet from Spooler of len 2
[11/05/22 09:36:46:8413263] [INFO ]: Spooler requested update
[11/05/22 09:36:46:9584447] [DEBUG]: Recieving packet from Spooler of len 2
[11/05/22 09:36:46:9615805] [INFO ]: Spooler requested update
[11/05/22 09:36:47:0801117] [DEBUG]: Recieving packet from Spooler of len 2
[11/05/22 09:36:47:0890743] [INFO ]: Spooler requested update
[11/05/22 09:36:47:2126828] [DEBUG]: Recieving packet from Spooler of len 2
[11/05/22 09:36:47:2226213] [INFO ]: Spooler requested update
[11/05/22 09:36:47:3536353] [DEBUG]: Recieving packet from Spooler of len 2
[11/05/22 09:36:47:3584918] [INFO ]: Spooler requested update
[11/05/22 09:36:47:5027661] [DEBUG]: Recieving packet from Spooler of len 2
[11/05/22 09:36:47:5061983] [INFO ]: Spooler requested update
[11/05/22 09:36:47:6872712] [DEBUG]: Recieving packet from Spooler of len 2
[11/05/22 09:36:47:6922672] [INFO ]: Spooler requested update
[11/05/22 09:36:47:7956860] [DEBUG]: Recieving packet from Spooler of len 2
[11/05/22 09:36:47:7993536] [INFO ]: Spooler requested update
[11/05/22 09:36:47:9099596] [DEBUG]: Recieving packet from Spooler of len 2
[11/05/22 09:36:47:9120660] [INFO ]: Spooler requested update
[11/05/22 09:36:48:0082789] [DEBUG]: Recieving packet from Spooler of len 2
[11/05/22 09:36:48:0103481] [INFO ]: Spooler requested update
[11/05/22 09:36:48:1218074] [DEBUG]: Recieving packet from Spooler of len 2
[11/05/22 09:36:48:1247652] [INFO ]: Spooler requested update
[11/05/22 09:36:48:2364277] [DEBUG]: Recieving packet from Spooler of len 2
[11/05/22 09:36:48:2385917] [INFO ]: Spooler requested update
[11/05/22 09:36:48:3522991] [DEBUG]: Recieving packet from Spooler of len 2
[11/05/22 09:36:48:3555787] [INFO ]: Spooler requested update
[11/05/22 09:36:48:4702969] [DEBUG]: Recieving packet from Spooler of len 2
[11/05/22 09:36:48:4737065] [INFO ]: Spooler requested update
[11/05/22 09:36:48:6057887] [DEBUG]: Recieving packet from Spooler of len 2
[11/05/22 09:36:48:6103236] [INFO ]: Spooler requested update
[11/05/22 09:36:48:7437709] [DEBUG]: Recieving packet from Spooler of len 2
[11/05/22 09:36:48:7478846] [INFO ]: Spooler requested update
[11/05/22 09:36:48:8750906] [DEBUG]: Recieving packet from Spooler of len 2
[11/05/22 09:36:48:8787067] [INFO ]: Spooler requested update
[11/05/22 09:36:49:0174796] [DEBUG]: Recieving packet from Spooler of len 2
[11/05/22 09:36:49:0213705] [INFO ]: Spooler requested update
[11/05/22 09:36:49:1571225] [DEBUG]: Recieving packet from Spooler of len 2
[11/05/22 09:36:49:1607246] [INFO ]: Spooler requested update
[11/05/22 09:36:49:3047384] [DEBUG]: Recieving packet from Spooler of len 2
[11/05/22 09:36:49:3093271] [INFO ]: Spooler requested update
[11/05/22 09:36:49:4438646] [DEBUG]: Recieving packet from Spooler of len 2
[11/05/22 09:36:49:4563675] [INFO ]: Spooler requested update
[11/05/22 09:36:49:5968199] [DEBUG]: Recieving packet from Spooler of len 2
[11/05/22 09:36:49:6049650] [INFO ]: Spooler requested update
[11/05/22 09:36:49:7431438] [DEBUG]: Recieving packet from Spooler of len 2
[11/05/22 09:36:49:7484839] [INFO ]: Spooler requested update
[11/05/22 09:36:49:8719854] [DEBUG]: Recieving packet from Spooler of len 2
[11/05/22 09:36:49:8757212] [INFO ]: Spooler requested update
[11/05/22 09:36:50:0047247] [DEBUG]: Recieving packet from Spooler of len 2
[11/05/22 09:36:50:0128215] [INFO ]: Spooler requested update
[11/05/22 09:36:50:1351825] [DEBUG]: Recieving packet from Spooler of len 2
[11/05/22 09:36:50:1390031] [INFO ]: Spooler requested update
[11/05/22 09:36:50:2591669] [DEBUG]: Recieving packet from Spooler of len 2
[11/05/22 09:36:50:2625944] [INFO ]: Spooler requested update
[11/05/22 09:36:50:3742045] [DEBUG]: Recieving packet from Spooler of len 2
[11/05/22 09:36:50:3873425] [INFO ]: Spooler requested update
[11/05/22 09:36:50:5157132] [DEBUG]: Recieving packet from Spooler of len 2
[11/05/22 09:36:50:5212338] [INFO ]: Spooler requested update
[11/05/22 09:36:50:6443320] [DEBUG]: Recieving packet from Spooler of len 2
[11/05/22 09:36:50:6568336] [INFO ]: Spooler requested update
[11/05/22 09:36:50:7932181] [DEBUG]: Recieving packet from Spooler of len 2
[11/05/22 09:36:50:7974012] [INFO ]: Spooler requested update
[11/05/22 09:36:50:9287394] [DEBUG]: Recieving packet from Spooler of len 2
[11/05/22 09:36:50:9321970] [INFO ]: Spooler requested update
[11/05/22 09:36:51:0583305] [DEBUG]: Recieving packet from Spooler of len 2
[11/05/22 09:36:51:0617594] [INFO ]: Spooler requested update
[11/05/22 09:36:51:1773715] [DEBUG]: Recieving packet from Spooler of len 2
[11/05/22 09:36:51:1877643] [INFO ]: Spooler requested update
[11/05/22 09:36:51:3262602] [DEBUG]: Recieving packet from Spooler of len 2
[11/05/22 09:36:51:3312249] [INFO ]: Spooler requested update
[11/05/22 09:36:51:4711892] [DEBUG]: Recieving packet from Spooler of len 2
[11/05/22 09:36:51:4744506] [INFO ]: Spooler requested update
[11/05/22 09:36:51:5955881] [DEBUG]: Recieving packet from Spooler of len 2
[11/05/22 09:36:51:6042218] [INFO ]: Spooler requested update
[11/05/22 09:36:51:7276724] [DEBUG]: Recieving packet from Spooler of len 2
[11/05/22 09:36:51:7399624] [INFO ]: Spooler requested update
[11/05/22 09:36:51:8908551] [DEBUG]: Recieving packet from Spooler of len 2
[11/05/22 09:36:51:8962501] [INFO ]: Spooler requested update
[11/05/22 09:36:52:0241844] [DEBUG]: Recieving packet from Spooler of len 2
[11/05/22 09:36:52:0274383] [INFO ]: Spooler requested update
[11/05/22 09:36:52:1585550] [DEBUG]: Recieving packet from Spooler of len 2
[11/05/22 09:36:52:1639556] [INFO ]: Spooler requested update
[11/05/22 09:36:52:2956086] [DEBUG]: Recieving packet from Spooler of len 2
[11/05/22 09:36:52:3015533] [INFO ]: Spooler requested update
[11/05/22 09:36:52:4281921] [DEBUG]: Recieving packet from Spooler of len 2
[11/05/22 09:36:52:4315901] [INFO ]: Spooler requested update
[11/05/22 09:36:52:5505991] [DEBUG]: Recieving packet from Spooler of len 2
[11/05/22 09:36:52:5539340] [INFO ]: Spooler requested update
[11/05/22 09:36:52:6815927] [DEBUG]: Recieving packet from Spooler of len 2
[11/05/22 09:36:52:6865659] [INFO ]: Spooler requested update
[11/05/22 09:36:52:8159741] [DEBUG]: Recieving packet from Spooler of len 2
[11/05/22 09:36:52:8213221] [INFO ]: Spooler requested update
[11/05/22 09:36:52:9486320] [DEBUG]: Recieving packet from Spooler of len 2
[11/05/22 09:36:52:9536763] [INFO ]: Spooler requested update
[11/05/22 09:36:53:0674185] [DEBUG]: Recieving packet from Spooler of len 2
[11/05/22 09:36:53:0725082] [INFO ]: Spooler requested update
[11/05/22 09:36:53:1921963] [DEBUG]: Recieving packet from Spooler of len 2
[11/05/22 09:36:53:1956882] [INFO ]: Spooler requested update
[11/05/22 09:36:53:3113755] [DEBUG]: Recieving packet from Spooler of len 2
[11/05/22 09:36:53:3205596] [INFO ]: Spooler requested update
[11/05/22 09:36:53:4465978] [DEBUG]: Recieving packet from Spooler of len 2
[11/05/22 09:36:53:4525000] [INFO ]: Spooler requested update
[11/05/22 09:36:53:5849736] [DEBUG]: Recieving packet from Spooler of len 2
[11/05/22 09:36:53:5882868] [INFO ]: Spooler requested update
[11/05/22 09:36:53:7164594] [DEBUG]: Recieving packet from Spooler of len 2
[11/05/22 09:36:53:7209974] [INFO ]: Spooler requested update
[11/05/22 09:36:53:8415327] [DEBUG]: Recieving packet from Spooler of len 2
[11/05/22 09:36:53:8448686] [INFO ]: Spooler requested update
[11/05/22 09:36:54:0060614] [DEBUG]: Recieving packet from Spooler of len 2
[11/05/22 09:36:54:0098085] [INFO ]: Spooler requested update
[11/05/22 09:36:54:1300990] [DEBUG]: Recieving packet from Spooler of len 2
[11/05/22 09:36:54:1341110] [INFO ]: Spooler requested update
[11/05/22 09:36:54:2631542] [DEBUG]: Recieving packet from Spooler of len 2
[11/05/22 09:36:54:2719253] [INFO ]: Spooler requested