[09/05/22 16:12:10:8303398] [INFO   ]: Logging started
[09/05/22 16:12:10:8413377] [INFO   ]: Starting Spooler receive
[09/05/22 16:12:11:1477767] [DEBUG  ]: Recieving packet from Spooler of len 2
[09/05/22 16:12:11:1481194] [INFO   ]: Spooler requested update
[09/05/22 16:12:11:2235142] [DEBUG  ]: Recieving packet from Spooler of len 2
[09/05/22 16:12:11:2237310] [INFO   ]: Spooler requested update
[09/05/22 16:12:11:3020072] [DEBUG  ]: Recieving packet from Spooler of len 2
[09/05/22 16:12:11:3021936] [INFO   ]: Spooler requested update
[09/05/22 16:12:11:3793671] [DEBUG  ]: Recieving packet from Spooler of len 2
[09/05/22 16:12:11:3795543] [INFO   ]: Spooler requested update
[09/05/22 16:12:11:4564839] [DEBUG  ]: Recieving packet from Spooler of len 2
[09/05/22 16:12:11:4566873] [INFO   ]: Spooler requested update
[09/05/22 16:12:11:5345808] [DEBUG  ]: Recieving packet from Spooler of len 2
[09/05/22 16:12:11:5347837] [INFO   ]: Spooler requested update
[09/05/22 16:12:11:6107817] [DEBUG  ]: Recieving packet from Spooler of len 2
[09/05/22 16:12:11:6109685] [INFO   ]: Spooler requested update
[09/05/22 16:12:11:6876854] [DEBUG  ]: Recieving packet from Spooler of len 2
[09/05/22 16:12:11:6878980] [INFO   ]: Spooler requested update
[09/05/22 16:12:11:7645326] [DEBUG  ]: Recieving packet from Spooler of len 2
[09/05/22 16:12:11:7647223] [INFO   ]: Spooler requested update
[09/05/22 16:12:11:8444632] [DEBUG  ]: Recieving packet from Spooler of len 2
[09/05/22 16:12:11:8446485] [INFO   ]: Spooler requested update
[09/05/22 16:12:11:9195530] [DEBUG  ]: Recieving packet from Spooler of len 2
[09/05/22 16:12:11:9197475] [INFO   ]: Spooler requested update
[09/05/22 16:12:11:9967461] [DEBUG  ]: Recieving packet from Spooler of len 2
[09/05/22 16:12:11:9969224] [INFO   ]: Spooler requested update
[09/05/22 16:12:12:0747777] [DEBUG  ]: Recieving packet from Spooler of len 2
[09/05/22 16:12:12:0749760] [INFO   ]: Spooler requested update
[09/05/22 16:12:12:1566742] [DEBUG  ]: Recieving packet from Spooler of len 2
[09/05/22 16:12:12:1574144] [INFO   ]: Spooler requested update
[09/05/22 16:12:12:2342683] [DEBUG  ]: Recieving packet from Spooler of len 2
[09/05/22 16:12:12:2352351] [INFO   ]: Spooler requested update
[09/05/22 16:12:12:3271357] [DEBUG  ]: Recieving packet from Spooler of len 2
[09/05/22 16:12:12:3278323] [INFO   ]: Spooler requested update
[09/05/22 16:12:12:4195064] [DEBUG  ]: Recieving packet from Spooler of len 2
[09/05/22 16:12:12:4202229] [INFO   ]: Spooler requested update
[09/05/22 16:12:12:4975283] [DEBUG  ]: Recieving packet from Spooler of len 2
[09/05/22 16:12:12:4982167] [INFO   ]: Spooler requested update
[09/05/22 16:12:12:5893170] [DEBUG  ]: Recieving packet from Spooler of len 2
[09/05/22 16:12:12:5900243] [INFO   ]: Spooler requested update
[09/05/22 16:12:12:6692099] [DEBUG  ]: Recieving packet from Spooler of len 2
[09/05/22 16:12:12:6720261] [INFO   ]: Spooler requested update
[09/05/22 16:12:12:7616589] [DEBUG  ]: Recieving packet from Spooler of len 2
[09/05/22 16:12:12:7631696] [INFO   ]: Spooler requested update
[09/05/22 16:12:12:8535841] [DEBUG  ]: Recieving packet from Spooler of len 2
[09/05/22 16:12:12:8546434] [INFO   ]: Spooler requested update
[09/05/22 16:12:12:9307564] [DEBUG  ]: Recieving packet from Spooler of len 2
[09/05/22 16:12:12:9315418] [INFO   ]: Spooler requested update
[09/05/22 16:12:13:0224594] [DEBUG  ]: Recieving packet from Spooler of len 2
[09/05/22 16:12:13:0231869] [INFO   ]: Spooler requested update
[09/05/22 16:12:13:0999599] [DEBUG  ]: Recieving packet from Spooler of len 2
[09/05/22 16:12:13:1006550] [INFO   ]: Spooler requested update
[09/05/22 16:12:13:1775386] [DEBUG  ]: Recieving packet from Spooler of len 2
[09/05/22 16:12:13:1782339] [INFO   ]: Spooler requested update
[09/05/22 16:12:13:2568085] [DEBUG  ]: Recieving packet from Spooler of len 2
[09/05/22 16:12:13:2587144] [INFO   ]: Spooler requested update
[09/05/22 16:12:13:3313792] [DEBUG  ]: Recieving packet from Spooler of len 2
[09/05/22 16:12:13:3321146] [INFO   ]: Spooler requested update
[09/05/22 16:12:13:4095309] [DEBUG  ]: Recieving packet from Spooler of len 2
[09/05/22 16:12:13:4105635] [INFO   ]: Spooler requested update
[09/05/22 16:12:13:5033097] [DEBUG  ]: Recieving packet from Spooler of len 2
[09/05/22 16:12:13:5044893] [INFO   ]: Spooler requested update
[09/05/22 16:12:13:5947316] [DEBUG  ]: Recieving packet from Spooler of len 2
[09/05/22 16:12:13:5956359] [INFO   ]: Spooler requested update
[09/05/22 16:12:13:6879845] [DEBUG  ]: Recieving packet from Spooler of len 2
[09/05/22 16:12:13:6888699] [INFO   ]: Spooler requested update
[09/05/22 16:12:13:7855234] [DEBUG  ]: Recieving packet from Spooler of len 2
[09/05/22 16:12:13:7865267] [INFO   ]: Spooler requested update
[09/05/22 16:12:13:8747268] [DEBUG  ]: Recieving packet from Spooler of len 2
[09/05/22 16:12:13:8754428] [INFO   ]: Spooler requested update
[09/05/22 16:12:13:9673739] [DEBUG  ]: Recieving packet from Spooler of len 2
[09/05/22 16:12:13:9689467] [INFO   ]: Spooler requested update
[09/05/22 16:12:14:0436703] [DEBUG  ]: Recieving packet from Spooler of len 2
[09/05/22 16:12:14:0443467] [INFO   ]: Spooler requested update
[09/05/22 16:12:14:1234734] [DEBUG  ]: Recieving packet from Spooler of len 2
[09/05/22 16:12:14:1241940] [INFO   ]: Spooler requested update
[09/05/22 16:12:14:2354612] [DEBUG  ]: Recieving packet from Spooler of len 2
[09/05/22 16:12:14:2364241] [INFO   ]: Spooler requested update
[09/05/22 16:12:14:3280696] [DEBUG  ]: Recieving packet from Spooler of len 2
[09/05/22 16:12:14:3288939] [INFO   ]: Spooler requested update
[09/05/22 16:12:14:4141285] [DEBUG  ]: Recieving packet from Spooler of len 2
[09/05/22 16:12:14:4179514] [INFO   ]: Spooler requested update
[09/05/22 16:12:14:4925475] [DEBUG  ]: Recieving packet from Spooler of len 2
[09/05/22 16:12:14:4932564] [INFO   ]: Spooler requested update
[09/05/22 16:12:14:5842440] [DEBUG  ]: Recieving packet from Spooler of len 2
[09/05/22 16:12:14:5850903] [INFO   ]: Spooler requested update
[09/05/22 16:12:14:6608474] [DEBUG  ]: Recieving packet from Spooler of len 2
[09/05/22 16:12:14:6616023] [INFO   ]: Spooler requested update
[09/05/22 16:12:14:7424113] [DEBUG  ]: Recieving packet from Spooler of len 2
[09/05/22 16:12:14:7434946] [INFO   ]: Spooler requested update
[09/05/22 16:12:14:8320902] [DEBUG  ]: Recieving packet from Spooler of len 2
[09/05/22 16:12:14:8328115] [INFO   ]: Spooler requested update
[09/05/22 16:12:14:9088703] [DEBUG  ]: Recieving packet from Spooler of len 2
[09/05/22 16:12:14:9096103] [INFO   ]: Spooler requested update
[09/05/22 16:12:14:9863017] [DEBUG  ]: Recieving packet from Spooler of len 2
[09/05/22 16:12:14:9870061] [INFO   ]: Spooler requested update
[09/05/22 16:12:15:0638805] [DEBUG  ]: Recieving packet from Spooler of len 2
[09/05/22 16:12:15:0646435] [INFO   ]: Spooler requested update
[09/05/22 16:12:15:1406255] [DEBUG  ]: Recieving packet from Spooler of len 2
[09/05/22 16:12:15:1413472] [INFO   ]: Spooler requested update
[09/05/22 16:12:15:2179410] [DEBUG  ]: Recieving packet from Spooler of len 2
[09/05/22 16:12:15:2186674] [INFO   ]: Spooler requested update
[09/05/22 16:12:15:2966891] [DEBUG  ]: Recieving packet from Spooler of len 2
[09/05/22 16:12:15:2973820] [INFO   ]: Spooler requested update
[09/05/22 16:12:15:3724047] [DEBUG  ]: Recieving packet from Spooler of len 2
[09/05/22 16:12:15:3730785] [INFO   ]: Spooler requested update
[09/05/22 16:12:15:4490725] [DEBUG  ]: Recieving packet from Spooler of len 2
[09/05/22 16:12:15:4498350] [INFO   ]: Spooler requested update
[09/05/22 16:12:15:5269232] [DEBUG  ]: Recieving packet from Spooler of len 2
[09/05/22 16:12:15:5276702] [INFO   ]: Spooler requested update
[09/05/22 16:12:15:6038837] [DEBUG  ]: Recieving packet from Spooler of len 2
[09/05/22 16:12:15:6046650] [INFO   ]: Spooler requested update
[09/05/22 16:12:15:6820080] [DEBUG  ]: Recieving packet from Spooler of len 2
[09/05/22 16:12:15:6827564] [INFO   ]: Spooler requested update
[09/05/22 16:12:15:7583529] [DEBUG  ]: Recieving packet from Spooler of len 2
[09/05/22 16:12:15:7591669] [INFO   ]: Spooler requested update
[09/05/22 16:12:15:8359713] [DEBUG  ]: Recieving packet from Spooler of len 2
[09/05/22 16:12:15:8367100] [INFO   ]: Spooler requested update
[09/05/22 16:12:15:9122958] [DEBUG  ]: Recieving packet from Spooler of len 2
[09/05/22 16:12:15:9136291] [INFO   ]: Spooler requested update
[09/05/22 16:12:15:9897508] [DEBUG  ]: Recieving packet from Spooler of len 2
[09/05/22 16:12:15:9904490] [INFO   ]: Spooler requested update
[09/05/22 16:12:16:0671385] [DEBUG  ]: Recieving packet from Spooler of len 2
[09/05/22 16:12:16:0678249] [INFO   ]: Spooler requested update
[09/05/22 16:12:16:1451667] [DEBUG  ]: Recieving packet from Spooler of len 2
[09/05/22 16:12:16:1462564] [INFO   ]: Spooler requested update
[09/05/22 16:12:16:2233759] [DEBUG  ]: Recieving packet from Spooler of len 2
[09/05/22 16:12:16:2248055] [INFO   ]: Spooler requested update
[09/05/22 16:12:16:3010020] [DEBUG  ]: Recieving packet from Spooler of len 2
[09/05/22 16:12:16:3025799] [INFO   ]: Spooler requested update
[09/05/22 16:12:16:3933893] [DEBUG  ]: Recieving packet from Spooler of len 2
[09/05/22 16:12:16:3944649] [INFO   ]: Spooler requested update
[09/05/22 16:12:16:4879385] [DEBUG  ]: Recieving packet from Spooler of len 2
[09/05/22 16:12:16:4888646] [INFO   ]: Spooler requested update
[09/05/22 16:12:16:5788703] [DEBUG  ]: Recieving packet from Spooler of len 2
[09/05/22 16:12:16:5805268] [INFO   ]: Spooler requested update
[09/05/22 16:12:16:6546892] [DEBUG  ]: Recieving packet from Spooler of len 2
[09/05/22 16:12:16:6554220] [INFO   ]: Spooler requested update
[09/05/22 16:12:16:7319869] [DEBUG  ]: Recieving packet from Spooler of len 2
[09/05/22 16:12:16:7327250] [INFO   ]: Spooler requested update
[09/05/22 16:12:16:8228803] [DEBUG  ]: Recieving packet from Spooler of len 2
[09/05/22 16:12:16:8237157] [INFO   ]: Spooler requested update
[09/05/22 16:12:16:9154472] [DEBUG  ]: Recieving packet from Spooler of len 2
[09/05/22 16:12:16:9161252] [INFO   ]: Spooler requested update
[09/05/22 16:12:17:0080530] [DEBUG  ]: Recieving packet from Spooler of len 2
[09/05/22 16:12:17:0087679] [INFO   ]: Spooler requested update
[09/05/22 16:12:17:1004861] [DEBUG  ]: Recieving packet from Spooler of len 2
[09/05/22 16:12:17:1011636] [INFO   ]: Spooler requested update
[09/05/22 16:12:17:1773192] [DEBUG  ]: Recieving packet from Spooler of len 2
[09/05/22 16:12:17:1781321] [INFO   ]: Spooler requested update
[09/05/22 16:12:17:2575243] [DEBUG  ]: Recieving packet from Spooler of len 2
[09/05/22 16:12:17:2590600] [INFO   ]: Spooler requested update
[09/05/22 16:12:17:3535262] [DEBUG  ]: Recieving packet from Spooler of len 2
[09/05/22 16:12:17:3544097] [INFO   ]: Spooler requested update
[09/05/22 16:12:17:4458541] [DEBUG  ]: Recieving packet from Spooler of len 2
[09/05/22 16:12:17:4466190] [INFO   ]: Spooler requested update
[09/05/22 16:12:17:5385868] [DEBUG  ]: Recieving packet from Spooler of len 2
[09/05/22 16:12:17:5396888] [INFO   ]: Spooler requested update
[09/05/22 16:12:17:6113686] [DEBUG  ]: Recieving packet from Spooler of len 2
[09/05/22 16:12:17:6121333] [INFO   ]: Spooler requested update
[09/05/22 16:12:17:6885703] [DEBUG  ]: Recieving packet from Spooler of len 2
[09/05/22 16:12:17:6892420] [INFO   ]: Spooler requested update
[09/05/22 16:12:17:7662427] [DEBUG  ]: Recieving packet from Spooler of len 2
[09/05/22 16:12:17:7669418] [INFO   ]: Spooler requested update
[09/05/22 16:12:17:8443978] [DEBUG  ]: Recieving packet from Spooler of len 2
[09/05/22 16:12:17:8450795] [INFO   ]: Spooler requested update
[09/05/22 16:12:17:9208880] [DEBUG  ]: Recieving packet from Spooler of len 2
[09/05/22 16:12:17:9215683] [INFO   ]: Spooler requested update
[09/05/22 16:12:17:9980105] [DEBUG  ]: Recieving packet from Spooler of len 2
[09/05/22 16:12:17:9987735] [INFO   ]: Spooler requested update
[09/05/22 16:12:18:0751660] [DEBUG  ]: Recieving packet from Spooler of len 2
[09/05/22 16:12:18:0758492] [INFO   ]: Spooler requested update
[09/05/22 16:12:18:1528455] [DEBUG  ]: Recieving packet from Spooler of len 2
[09/05/22 16:12:18:1535207] [INFO   ]: Spooler requested update
[09/05/22 16:12:18:2468574] [DEBUG  ]: Recieving packet from Spooler of len 2
[09/05/22 16:12:18:2480154] [INFO   ]: Spooler requested update
[09/05/22 16:12:18:3276603] [DEBUG  ]: Recieving packet from Spooler of len 2
[09/05/22 16:12:18:3283505] [INFO   ]: Spooler requested update
[09/05/22 16:12:18:4196440] [DEBUG  ]: Recieving packet from Spooler of len 2
[09/05/22 16:12:18:4203242] [INFO   ]: Spooler requested update
[09/05/22 16:12:18:5114767] [DEBUG  ]: Recieving packet from Spooler of len 2
[09/05/22 16:12:18:5137567] [INFO   ]: Spooler requested update
[09/05/22 16:12:18:6026891] [DEBUG  ]: Recieving packet from Spooler of len 2
[09/05/22 16:12:18:6033969] [INFO   ]: Spooler requested update
[09/05/22 16:12:18:6803721] [DEBUG  ]: Recieving packet from Spooler of len 2
[09/05/22 16:12:18:6839694] [INFO   ]: Spooler requested update
[09/05/22 16:12:18:7751176] [DEBUG  ]: Recieving packet from Spooler of len 2
[09/05/22 16:12:18:7761953] [INFO   ]: Spooler requested update
[09/05/22 16:12:18:8656179] [DEBUG  ]: Recieving packet from Spooler of len 2
[09/05/22 16:12:18:8671518] [INFO   ]: Spooler requested update
[09/05/22 16:12:18:9574363] [DEBUG  ]: Recieving packet from Spooler of len 2
[09/05/22 16:12:18:9582466] [INFO   ]: Spooler requested update
[09/05/22 16:12:19:0493471] [DEBUG  ]: Recieving packet from Spooler of len 2
[09/05/22 16:12:19:0500298] [INFO   ]: Spooler requested update
[09/05/22 16:12:19:1426947] [DEBUG  ]: Recieving packet from Spooler of len 2
[09/05/22 16:12:19:1434356] [INFO   ]: Spooler requested update
[09/05/22 16:12:19:2345222] [DEBUG  ]: Recieving packet from Spooler of len 2
[09/05/22 16:12:19:2352016] [INFO   ]: Spooler requested update
[09/05/22 16:12:19:3264510] [DEBUG  ]: Recieving packet from Spooler of len 2
[09/05/22 16:12:19:3271242] [INFO   ]: Spooler requested update
[09/05/22 16:12:19:4056439] [DEBUG  ]: Recieving packet from Spooler of len 2
[09/05/22 16:12:19:4072173] [INFO   ]: Spooler requested update
[09/05/22 16:12:19:4983515] [DEBUG  ]: Recieving packet from Spooler of len 2
[09/05/22 16:12:19:4998083] [INFO   ]: Spooler requested update
[09/05/22 16:12:19:5927481] [DEBUG  ]: Recieving packet from Spooler of len 2
[09/05/22 16:12:19:5934053] [INFO   ]: Spooler requested update
[09/05/22 16:12:19:6877504] [DEBUG  ]: Recieving packet from Spooler of len 2
[09/05/22 16:12:19:6885647] [INFO   ]: Spooler requested update
[09/05/22 16:12:19:7774531] [DEBUG  ]: Recieving packet from Spooler of len 2
[09/05/22 16:12:19:7781789] [INFO   ]: Spooler requested update
[09/05/22 16:12:19:8526679] [DEBUG  ]: Recieving packet from Spooler of len 2
[09/05/22 16:12:19:8541504] [INFO   ]: Spooler requested update
[09/05/22 16:12:19:9443565] [DEBUG  ]: Recieving packet from Spooler of len 2
[09/05/22 16:12:19:9450748] [INFO   ]: Spooler requested update
[09/05/22 16:12:20:0380509] [DEBUG  ]: Recieving packet from Spooler of len 2
[09/05/22 16:12:20:0393780] [INFO   ]: Spooler requested update
[09/05/22 16:12:20:1307719] [DEBUG  ]: Recieving packet from Spooler of len 2
[09/05/22 16:12:20:1316388] [INFO   ]: Spooler requested update
[09/05/22 16:12:20:2253620] [DEBUG  ]: Recieving packet from Spooler of len 2
[09/05/22 16:12:20:2261910] [INFO   ]: Spooler requested update
[09/05/22 16:12:20:3150333] [DEBUG  ]: Recieving packet from Spooler of len 2
[09/05/22 16:12:20:3157134] [INFO   ]: Spooler requested update
[09/05/22 16:12:20:4090947] [DEBUG  ]: Recieving packet from Spooler of len 2
[09/05/22 16:12:20:4098167] [INFO   ]: Spooler requested update
[09/05/22 16:12:20:4861478] [DEBUG  ]: Recieving packet from Spooler of len 2
[09/05/22 16:12:20:4868691] [INFO   ]: Spooler requested update
[09/05/22 16:12:20:5659513] [DEBUG  ]: Recieving packet from Spooler of len 2
[09/05/22 16:12:20:5666268] [INFO   ]: Spooler requested update
[09/05/22 16:12:20:6548979] [DEBUG  ]: Recieving packet from Spooler of len 2
[09/05/22 16:12:20:6555679] [INFO   ]: Spooler requested update
[09/05/22 16:12:20:7327308] [DEBUG  ]: Recieving packet from Spooler of len 2
[09/05/22 16:12:20:7334866] [INFO   ]: Spooler requested update
[09/05/22 16:12:20:8111511] [DEBUG  ]: Recieving packet from Spooler of len 2
[09/05/22 16:12:20:8119206] [INFO   ]: Spooler requested update
[09/05/22 16:12:20:9040520] [DEBUG  ]: Recieving packet from Spooler of len 2
[09/05/22 16:12:20:9048206] [INFO   ]: Spooler requested update
[09/05/22 16:12:20:9967779] [DEBUG  ]: Recieving packet from Spooler of len 2
[09/05/22 16:12:20:9974937] [INFO   ]: Spooler requested update
[09/05/22 16:12:21:0893944] [DEBUG  ]: Recieving packet from Spooler of len 2
[09/05/22 16:12:21:0904462] [INFO   ]: Spooler requested update
[09/05/22 16:12:21:1822933] [DEBUG  ]: Recieving packet from Spooler of len 2
[09/05/22 16:12:21:1829903] [INFO   ]: Spooler requested update
[09/05/22 16:12:21:2742685] [DEBUG  ]: Recieving packet from Spooler of len 2
[09/05/22 16:12:21:2749651] [INFO   ]: Spooler requested update
[09/05/22 16:12:21:3668764] [DEBUG  ]: Recieving packet from Spooler of len 2
[09/05/22 16:12:21:3675696] [INFO   ]: Spooler requested update
[09/05/22 16:12:21:4602521] [DEBUG  ]: Recieving packet from Spooler of len 2
[09/05/22 16:12:21:4614345] [INFO   ]: Spooler requested update
[09/05/22 16:12:21:5402396] [DEBUG  ]: Recieving packet from Spooler of len 2
[09/05/22 16:12:21:5423995] [INFO   ]: Spooler requested update
[09/05/22 16:12:21:6352087] [DEBUG  ]: Recieving packet from Spooler of len 2
[09/05/22 16:12:21:6363725] [INFO   ]: Spooler requested update
[09/05/22 16:12:21:7273204] [DEBUG  ]: Recieving packet from Spooler of len 2
[09/05/22 16:12:21:7284338] [INFO   ]: Spooler requested update
[09/05/22 16:12:21:8232506] [DEBUG  ]: Recieving packet from Spooler of len 2
[09/05/22 16:12:21:8245097] [INFO   ]: Spooler requested update
[09/05/22 16:12:21:9127675] [DEBUG  ]: Recieving packet from Spooler of len 2
[09/05/22 16:12:21:9136299] [INFO   ]: Spooler requested update
[09/05/22 16:12:22:0054898] [DEBUG  ]: Recieving packet from Spooler of len 2
[09/05/22 16:12:22:0067437] [INFO   ]: Spooler requested update
[09/05/22 16:12:22:0968761] [DEBUG  ]: Recieving packet from Spooler of len 2
[09/05/22 16:12:22:0980125] [INFO   ]: Spooler requested update
[09/05/22 16:12:22:1864853] [DEBUG  ]: Recieving packet from Spooler of len 2
[09/05/22 16:12:22:1872032] [INFO   ]: Spooler requested update
[09/05/22 16:12:22:2635132] [DEBUG  ]: Recieving packet from Spooler of len 2
[09/05/22 16:12:22:2642224] [INFO   ]: Spooler requested update
[09/05/22 16:12:22:3559728] [DEBUG  ]: Recieving packet from Spooler of len 2
[09/05/22 16:12:22:3566646] [INFO   ]: Spooler requested update
[09/05/22 16:12:22:4336207] [DEBUG  ]: Recieving packet from Spooler of len 2
[09/05/22 16:12:22:4343028] [INFO   ]: Spooler requested update
[09/05/22 16:12:22:5129049] [DEBUG  ]: Recieving packet from Spooler of len 2
[09/05/22 16:12:22:5143168] [INFO   ]: Spooler requested update
[09/05/22 16:12:22:6065322] [DEBUG  ]: Recieving packet from Spooler of len 2
[09/05/22 16:12:22:6073176] [INFO   ]: Spooler requested update
[09/05/22 16:12:22:6969829] [DEBUG  ]: Recieving packet from Spooler of len 2
[09/05/22 16:12:22:6977069] [INFO   ]: Spooler requested update
[09/05/22 16:12:22:7718260] [DEBUG  ]: Recieving packet from Spooler of len 2
[09/05/22 16:12:22:7725482] [INFO   ]: Spooler requested update
[09/05/22 16:12:22:8490460] [DEBUG  ]: Recieving packet from Spooler of len 2
[09/05/22 16:12:22:8497136] [INFO   ]: Spooler requested update
[09/05/22 16:12:22:9286494] [DEBUG  ]: Recieving packet from Spooler of len 2
[09/05/22 16:12:22:9303343] [INFO   ]: Spooler requested update
[09/05/22 16:12:23:0247976] [DEBUG  ]: Recieving packet from Spooler of len 2
[09/05/22 16:12:23:0255603] [INFO   ]: Spooler requested update
[09/05/22 16:12:23:1150931] [DEBUG  ]: Recieving packet from Spooler of len 2
[09/05/22 16:12:23:1165821] [INFO   ]: Spooler requested update
[09/05/22 16:12:23:2064009] [DEBUG  ]: Recieving packet from Spooler of len 2
[09/05/22 16:12:23:2071363] [INFO   ]: Spooler requested update
[09/05/22 16:12:23:2850186] [DEBUG  ]: Recieving packet from Spooler of len 2
[09/05/22 16:12:23:2865073] [INFO   ]: Spooler requested update
[09/05/22 16:12:23:3747708] [DEBUG  ]: Recieving packet from Spooler of len 2
[09/05/22 16:12:23:3754573] [INFO   ]: Spooler requested update
[09/05/22 16:12:23:4525226] [DEBUG  ]: Recieving packet from Spooler of len 2
[09/05/22 16:12:23:4532803] [INFO   ]: Spooler requested update
[09/05/22 16:12:23:5295181] [DEBUG  ]: Recieving packet from Spooler of len 2
[09/05/22 16:12:23:5302409] [INFO   ]: Spooler requested update
[09/05/22 16:12:23:6094521] [DEBUG  ]: Recieving packet from Spooler of len 2
[09/05/22 16:12:23:6109839] [INFO   ]: Spooler requested update
[09/05/22 16:12:23:7000547] [DEBUG  ]: Recieving packet from Spooler of len 2
[09/05/22 16:12:23:7007338] [INFO   ]: Spooler requested update
[09/05/22 16:12:23:7922672] [DEBUG  ]: Recieving packet from Spooler of len 2
[09/05/22 16:12:23:7929467] [INFO   ]: Spooler requested update
[09/05/22 16:12:23:8723972] [DEBUG  ]: Recieving packet from Spooler of len 2
[09/05/22 16:12:23:8739675] [INFO   ]: Spooler requested update
[09/05/22 16:12:23:9620355] [DEBUG  ]: Recieving packet from Spooler of len 2
[09/05/22 16:12:23:9627116] [INFO   ]: Spooler requested update
[09/05/22 16:12:24:0393675] [DEBUG  ]: Recieving packet from Spooler of len 2
[09/05/22 16:12:24:0401142] [INFO   ]: Spooler requested update
[09/05/22 16:12:24:1160764] [DEBUG  ]: Recieving packet from Spooler of len 2
[09/05/22 16:12:24:1167692] [INFO   ]: Spooler requested update
[09/05/22 16:12:24:2081058] [DEBUG  ]: Recieving packet from Spooler of len 2
[09/05/22 16:12:24:2087750] [INFO   ]: Spooler requested update
[09/05/22 16:12:24:2898877] [DEBUG  ]: Recieving packet from Spooler of len 2
[09/05/22 16:12:24:2908182] [INFO   ]: Spooler requested update
[09/05/22 16:12:24:3787838] [DEBUG  ]: Recieving packet from Spooler of len 2
[09/05/22 16:12:24:3795267] [INFO   ]: Spooler requested update
[09/05/22 16:12:24:4552165] [DEBUG  ]: Recieving packet from Spooler of len 2
[09/05/22 16:12:24:4558942] [INFO   ]: Spooler requested update
[09/05/22 16:12:24:5351991] [DEBUG  ]: Recieving packet from Spooler of len 2
[09/05/22 16:12:24:5358882] [INFO   ]: Spooler requested update
[09/05/22 16:12:24:6262662] [DEBUG  ]: Recieving packet from Spooler of len 2
[09/05/22 16:12:24:6270304] [INFO   ]: Spooler requested update
[09/05/22 16:12:24:7035159] [DEBUG  ]: Recieving packet from Spooler of len 2
[09/05/22 16:12:24:7041962] [INFO   ]: Spooler requested update
[09/05/22 16:12:24:7809735] [DEBUG  ]: Recieving packet from Spooler of len 2
[09/05/22 16:12:24:7816547] [INFO   ]: Spooler requested update
[09/05/22 16:12:24:8601256] [DEBUG  ]: Recieving packet from Spooler of len 2
[09/05/22 16:12:24:8615761] [INFO   ]: Spooler requested update
[09/05/22 16:12:24:9352482] [DEBUG  ]: Recieving packet from Spooler of len 2
[09/05/22 16:12:24:9359275] [INFO   ]: Spooler requested update
[09/05/22 16:12:25:0129336] [DEBUG  ]: Recieving packet from Spooler of len 2
[09/05/22 16:12:25:0136287] [INFO   ]: Spooler requested update
[09/05/22 16:12:25:0938252] [DEBUG  ]: Recieving packet from Spooler of len 2
[09/05/22 16:12:25:0952452] [INFO   ]: Spooler requested update
[09/05/22 16:12:25:1825237] [DEBUG  ]: Recieving packet from Spooler of len 2
[09/05/22 16:12:25:1832133] [INFO   ]: Spooler requested update
[09/05/22 16:12:25:2625784] [DEBUG  ]: Recieving packet from Spooler of len 2
[09/05/22 16:12:25:2633345] [INFO   ]: Spooler requested update
[09/05/22 16:12:25:3544210] [DEBUG  ]: Recieving packet from Spooler of len 2
[09/05/22 16:12:25:3551246] [INFO   ]: Spooler requested update
[09/05/22 16:12:25:4336057] [DEBUG  ]: Recieving packet from Spooler of len 2
[09/05/22 16:12:25:4351554] [INFO   ]: Spooler requested update
[09/05/22 16:12:25:5248097] [DEBUG  ]: Recieving packet from Spooler of len 2
[09/05/22 16:12:25:5255262] [INFO   ]: Spooler requested update
[09/05/22 16:12:25:6040659] [DEBUG  ]: Recieving packet from Spooler of len 2
[09/05/22 16:12:25:6056149] [INFO   ]: Spooler requested update
[09/05/22 16:12:25:6999881] [DEBUG  ]: Recieving packet from Spooler of len 2
[09/05/22 16:12:25:7007442] [INFO   ]: Spooler requested update
[09/05/22 16:12:25:7929166] [DEBUG  ]: Recieving packet from Spooler of len 2
[09/05/22 16:12:25:7941826] [INFO   ]: Spooler requested update
[09/05/22 16:12:25:8832335] [DEBUG  ]: Recieving packet from Spooler of len 2
[09/05/22 16:12:25:8863949] [INFO   ]: Spooler requested update
[09/05/22 16:12:25:9752443] [DEBUG  ]: Recieving packet from Spooler of len 2
[09/05/22 16:12:25:9799144] [INFO   ]: Spooler requested update
[09/05/22 16:12:26:0652177] [DEBUG  ]: Recieving packet from Spooler of len 2
[09/05/22 16:12:26:0659005] [INFO   ]: Spooler requested update
[09/05/22 16:12:26:1630854] [DEBUG  ]: Recieving packet from Spooler of len 2
[09/05/22 16:12:26:1643844] [INFO   ]: Spooler requested update
[09/05/22 16:12:26:2509217] [DEBUG  ]: Recieving packet from Spooler of len 2
[09/05/22 16:12:26:2520400] [INFO   ]: Spooler requested update
[09/05/22 16:12:26:3428201] [DEBUG  ]: Recieving packet from Spooler of len 2
[09/05/22 16:12:26:3435085] [INFO   ]: Spooler requested update
[09/05/22 16:12:26:4374234] [DEBUG  ]: Recieving packet from Spooler of len 2
[09/05/22 16:12:26:4390050] [INFO   ]: Spooler requested update
[09/05/22 16:12:26:5285282] [DEBUG  ]: Recieving packet from Spooler of len 2
[09/05/22 16:12:26:5292144] [INFO   ]: Spooler requested update
[09/05/22 16:12:26:6205907] [DEBUG  ]: Recieving packet from Spooler of len 2
[09/05/22 16:12:26:6212802] [INFO   ]: Spooler requested update
[09/05/22 16:12:26:7015221] [DEBUG  ]: Recieving packet from Spooler of len 2
[09/05/22 16:12:26:7024752] [INFO   ]: Spooler requested update
[09/05/22 16:12:26:7966701] [DEBUG  ]: Recieving packet from Spooler of len 2
[09/05/22 16:12:26:7973820] [INFO   ]: Spooler requested update
[09/05/22 16:12:26:8893949] [DEBUG  ]: Recieving packet from Spooler of len 2
[09/05/22 16:12:26:8904865] [INFO   ]: Spooler requested update
[09/05/22 16:12:26:9784569] [DEBUG  ]: Recieving packet from Spooler of len 2
[09/05/22 16:12:26:9807135] [INFO   ]: Spooler requested update
[09/05/22 16:12:27:0727462] [DEBUG  ]: Recieving packet from Spooler of len 2
[09/05/22 16:12:27:0734477] [INFO   ]: Spooler requested update
[09/05/22 16:12:27:1623685] [DEBUG  ]: Recieving packet from Spooler of len 2
[09/05/22 16:12:27:1630663] [INFO   ]: Spooler requested update
[09/05/22 16:12:27:2385480] [DEBUG  ]: Recieving packet from Spooler of len 2
[09/05/22 16:12:27:2392460] [INFO   ]: Spooler requested update
[09/05/22 16:12:27:3156833] [DEBUG  ]: Recieving packet from Spooler of len 2
[09/05/22 16:12:27:3163727] [INFO   ]: Spooler requested update
[09/05/22 16:12:27:3938829] [DEBUG  ]: Recieving packet from Spooler of len 2
[09/05/22 16:12:27:3945871] [INFO   ]: Spooler requested update
[09/05/22 16:12:27:4716045] [DEBUG  ]: Recieving packet from Spooler of len 2
[09/05/22 16:12:27:4722894] [INFO   ]: Spooler requested update
[09/05/22 16:12:27:5489171] [DEBUG  ]: Recieving packet from Spooler of len 2
[09/05/22 16:12:27:5496438] [INFO   ]: Spooler requested update
[09/05/22 16:12:27:6259508] [DEBUG  ]: Recieving packet from Spooler of len 2
[09/05/22 16:12:27:6266750] [INFO   ]: Spooler requested update
[09/05/22 16:12:27:7184521] [DEBUG  ]: Recieving packet from Spooler of len 2
[09/05/22 16:12:27:7191323] [INFO   ]: Spooler requested update
[09/05/22 16:12:27:8100230] [DEBUG  ]: Recieving packet from Spooler of len 2
[09/05/22 16:12:27:8106971] [INFO   ]: Spooler requested update
[09/05/22 16:12:27:8882511] [DEBUG  ]: Recieving packet from Spooler of len 2
[09/05/22 16:12:27:8889597] [INFO   ]: Spooler requested update
[09/05/22 16:12:27:9641576] [DEBUG  ]: 