[09/05/22 16:12:11:1095449] [INFO   ]: Logging started
[09/05/22 16:12:11:1202143] [INFO   ]: Starting Spooler receive
[09/05/22 16:12:11:1538146] [DEBUG  ]: Recieving packet from Spooler of len 2
[09/05/22 16:12:11:1541815] [INFO   ]: Spooler requested update
[09/05/22 16:12:11:2247961] [DEBUG  ]: Recieving packet from Spooler of len 2
[09/05/22 16:12:11:2250270] [INFO   ]: Spooler requested update
[09/05/22 16:12:11:3032306] [DEBUG  ]: Recieving packet from Spooler of len 2
[09/05/22 16:12:11:3034548] [INFO   ]: Spooler requested update
[09/05/22 16:12:11:3804281] [DEBUG  ]: Recieving packet from Spooler of len 2
[09/05/22 16:12:11:3806496] [INFO   ]: Spooler requested update
[09/05/22 16:12:11:4576034] [DEBUG  ]: Recieving packet from Spooler of len 2
[09/05/22 16:12:11:4578394] [INFO   ]: Spooler requested update
[09/05/22 16:12:11:5356664] [DEBUG  ]: Recieving packet from Spooler of len 2
[09/05/22 16:12:11:5359061] [INFO   ]: Spooler requested update
[09/05/22 16:12:11:6118878] [DEBUG  ]: Recieving packet from Spooler of len 2
[09/05/22 16:12:11:6121126] [INFO   ]: Spooler requested update
[09/05/22 16:12:11:6887909] [DEBUG  ]: Recieving packet from Spooler of len 2
[09/05/22 16:12:11:6890155] [INFO   ]: Spooler requested update
[09/05/22 16:12:11:7655595] [DEBUG  ]: Recieving packet from Spooler of len 2
[09/05/22 16:12:11:7657723] [INFO   ]: Spooler requested update
[09/05/22 16:12:11:8454552] [DEBUG  ]: Recieving packet from Spooler of len 2
[09/05/22 16:12:11:8456903] [INFO   ]: Spooler requested update
[09/05/22 16:12:11:9206750] [DEBUG  ]: Recieving packet from Spooler of len 2
[09/05/22 16:12:11:9209738] [INFO   ]: Spooler requested update
[09/05/22 16:12:11:9976666] [DEBUG  ]: Recieving packet from Spooler of len 2
[09/05/22 16:12:11:9978736] [INFO   ]: Spooler requested update
[09/05/22 16:12:12:0758684] [DEBUG  ]: Recieving packet from Spooler of len 2
[09/05/22 16:12:12:0760919] [INFO   ]: Spooler requested update
[09/05/22 16:12:12:1617795] [DEBUG  ]: Recieving packet from Spooler of len 2
[09/05/22 16:12:12:1626926] [INFO   ]: Spooler requested update
[09/05/22 16:12:12:2398500] [DEBUG  ]: Recieving packet from Spooler of len 2
[09/05/22 16:12:12:2408209] [INFO   ]: Spooler requested update
[09/05/22 16:12:12:3357707] [DEBUG  ]: Recieving packet from Spooler of len 2
[09/05/22 16:12:12:3370039] [INFO   ]: Spooler requested update
[09/05/22 16:12:12:4236733] [DEBUG  ]: Recieving packet from Spooler of len 2
[09/05/22 16:12:12:4244461] [INFO   ]: Spooler requested update
[09/05/22 16:12:12:5025735] [DEBUG  ]: Recieving packet from Spooler of len 2
[09/05/22 16:12:12:5034890] [INFO   ]: Spooler requested update
[09/05/22 16:12:12:5932818] [DEBUG  ]: Recieving packet from Spooler of len 2
[09/05/22 16:12:12:5951792] [INFO   ]: Spooler requested update
[09/05/22 16:12:12:6749348] [DEBUG  ]: Recieving packet from Spooler of len 2
[09/05/22 16:12:12:6756862] [INFO   ]: Spooler requested update
[09/05/22 16:12:12:7677368] [DEBUG  ]: Recieving packet from Spooler of len 2
[09/05/22 16:12:12:7686202] [INFO   ]: Spooler requested update
[09/05/22 16:12:12:8580079] [DEBUG  ]: Recieving packet from Spooler of len 2
[09/05/22 16:12:12:8587213] [INFO   ]: Spooler requested update
[09/05/22 16:12:12:9381461] [DEBUG  ]: Recieving packet from Spooler of len 2
[09/05/22 16:12:12:9389802] [INFO   ]: Spooler requested update
[09/05/22 16:12:13:0258014] [DEBUG  ]: Recieving packet from Spooler of len 2
[09/05/22 16:12:13:0301382] [INFO   ]: Spooler requested update
[09/05/22 16:12:13:1040583] [DEBUG  ]: Recieving packet from Spooler of len 2
[09/05/22 16:12:13:1047958] [INFO   ]: Spooler requested update
[09/05/22 16:12:13:1835386] [DEBUG  ]: Recieving packet from Spooler of len 2
[09/05/22 16:12:13:1846119] [INFO   ]: Spooler requested update
[09/05/22 16:12:13:2613817] [DEBUG  ]: Recieving packet from Spooler of len 2
[09/05/22 16:12:13:2621497] [INFO   ]: Spooler requested update
[09/05/22 16:12:13:3364763] [DEBUG  ]: Recieving packet from Spooler of len 2
[09/05/22 16:12:13:3371831] [INFO   ]: Spooler requested update
[09/05/22 16:12:13:4168781] [DEBUG  ]: Recieving packet from Spooler of len 2
[09/05/22 16:12:13:4176030] [INFO   ]: Spooler requested update
[09/05/22 16:12:13:5112551] [DEBUG  ]: Recieving packet from Spooler of len 2
[09/05/22 16:12:13:5119867] [INFO   ]: Spooler requested update
[09/05/22 16:12:13:6041728] [DEBUG  ]: Recieving packet from Spooler of len 2
[09/05/22 16:12:13:6049077] [INFO   ]: Spooler requested update
[09/05/22 16:12:13:6927057] [DEBUG  ]: Recieving packet from Spooler of len 2
[09/05/22 16:12:13:6933992] [INFO   ]: Spooler requested update
[09/05/22 16:12:13:7917871] [DEBUG  ]: Recieving packet from Spooler of len 2
[09/05/22 16:12:13:7926805] [INFO   ]: Spooler requested update
[09/05/22 16:12:13:8790822] [DEBUG  ]: Recieving packet from Spooler of len 2
[09/05/22 16:12:13:8797972] [INFO   ]: Spooler requested update
[09/05/22 16:12:13:9718588] [DEBUG  ]: Recieving packet from Spooler of len 2
[09/05/22 16:12:13:9725646] [INFO   ]: Spooler requested update
[09/05/22 16:12:14:0483407] [DEBUG  ]: Recieving packet from Spooler of len 2
[09/05/22 16:12:14:0490733] [INFO   ]: Spooler requested update
[09/05/22 16:12:14:1285817] [DEBUG  ]: Recieving packet from Spooler of len 2
[09/05/22 16:12:14:1294123] [INFO   ]: Spooler requested update
[09/05/22 16:12:14:2409344] [DEBUG  ]: Recieving packet from Spooler of len 2
[09/05/22 16:12:14:2418579] [INFO   ]: Spooler requested update
[09/05/22 16:12:14:3320011] [DEBUG  ]: Recieving packet from Spooler of len 2
[09/05/22 16:12:14:3327531] [INFO   ]: Spooler requested update
[09/05/22 16:12:14:4208260] [DEBUG  ]: Recieving packet from Spooler of len 2
[09/05/22 16:12:14:4216693] [INFO   ]: Spooler requested update
[09/05/22 16:12:14:4989300] [DEBUG  ]: Recieving packet from Spooler of len 2
[09/05/22 16:12:14:4996657] [INFO   ]: Spooler requested update
[09/05/22 16:12:14:5888679] [DEBUG  ]: Recieving packet from Spooler of len 2
[09/05/22 16:12:14:5895859] [INFO   ]: Spooler requested update
[09/05/22 16:12:14:6656633] [DEBUG  ]: Recieving packet from Spooler of len 2
[09/05/22 16:12:14:6663722] [INFO   ]: Spooler requested update
[09/05/22 16:12:14:7474167] [DEBUG  ]: Recieving packet from Spooler of len 2
[09/05/22 16:12:14:7482485] [INFO   ]: Spooler requested update
[09/05/22 16:12:14:8360002] [DEBUG  ]: Recieving packet from Spooler of len 2
[09/05/22 16:12:14:8367093] [INFO   ]: Spooler requested update
[09/05/22 16:12:14:9129947] [DEBUG  ]: Recieving packet from Spooler of len 2
[09/05/22 16:12:14:9136580] [INFO   ]: Spooler requested update
[09/05/22 16:12:14:9922828] [DEBUG  ]: Recieving packet from Spooler of len 2
[09/05/22 16:12:14:9932679] [INFO   ]: Spooler requested update
[09/05/22 16:12:15:0679911] [DEBUG  ]: Recieving packet from Spooler of len 2
[09/05/22 16:12:15:0687748] [INFO   ]: Spooler requested update
[09/05/22 16:12:15:1449203] [DEBUG  ]: Recieving packet from Spooler of len 2
[09/05/22 16:12:15:1456536] [INFO   ]: Spooler requested update
[09/05/22 16:12:15:2217922] [DEBUG  ]: Recieving packet from Spooler of len 2
[09/05/22 16:12:15:2225005] [INFO   ]: Spooler requested update
[09/05/22 16:12:15:3005242] [DEBUG  ]: Recieving packet from Spooler of len 2
[09/05/22 16:12:15:3012251] [INFO   ]: Spooler requested update
[09/05/22 16:12:15:3763550] [DEBUG  ]: Recieving packet from Spooler of len 2
[09/05/22 16:12:15:3770313] [INFO   ]: Spooler requested update
[09/05/22 16:12:15:4533077] [DEBUG  ]: Recieving packet from Spooler of len 2
[09/05/22 16:12:15:4540471] [INFO   ]: Spooler requested update
[09/05/22 16:12:15:5308585] [DEBUG  ]: Recieving packet from Spooler of len 2
[09/05/22 16:12:15:5315608] [INFO   ]: Spooler requested update
[09/05/22 16:12:15:6080937] [DEBUG  ]: Recieving packet from Spooler of len 2
[09/05/22 16:12:15:6087852] [INFO   ]: Spooler requested update
[09/05/22 16:12:15:6863408] [DEBUG  ]: Recieving packet from Spooler of len 2
[09/05/22 16:12:15:6870850] [INFO   ]: Spooler requested update
[09/05/22 16:12:15:7626554] [DEBUG  ]: Recieving packet from Spooler of len 2
[09/05/22 16:12:15:7633455] [INFO   ]: Spooler requested update
[09/05/22 16:12:15:8404971] [DEBUG  ]: Recieving packet from Spooler of len 2
[09/05/22 16:12:15:8411705] [INFO   ]: Spooler requested update
[09/05/22 16:12:15:9176082] [DEBUG  ]: Recieving packet from Spooler of len 2
[09/05/22 16:12:15:9183616] [INFO   ]: Spooler requested update
[09/05/22 16:12:15:9941166] [DEBUG  ]: Recieving packet from Spooler of len 2
[09/05/22 16:12:15:9948639] [INFO   ]: Spooler requested update
[09/05/22 16:12:16:0712543] [DEBUG  ]: Recieving packet from Spooler of len 2
[09/05/22 16:12:16:0719975] [INFO   ]: Spooler requested update
[09/05/22 16:12:16:1494713] [DEBUG  ]: Recieving packet from Spooler of len 2
[09/05/22 16:12:16:1504231] [INFO   ]: Spooler requested update
[09/05/22 16:12:16:2282837] [DEBUG  ]: Recieving packet from Spooler of len 2
[09/05/22 16:12:16:2290407] [INFO   ]: Spooler requested update
[09/05/22 16:12:16:3057527] [DEBUG  ]: Recieving packet from Spooler of len 2
[09/05/22 16:12:16:3066009] [INFO   ]: Spooler requested update
[09/05/22 16:12:16:3973526] [DEBUG  ]: Recieving packet from Spooler of len 2
[09/05/22 16:12:16:3989972] [INFO   ]: Spooler requested update
[09/05/22 16:12:16:4970620] [DEBUG  ]: Recieving packet from Spooler of len 2
[09/05/22 16:12:16:4983011] [INFO   ]: Spooler requested update
[09/05/22 16:12:16:5830905] [DEBUG  ]: Recieving packet from Spooler of len 2
[09/05/22 16:12:16:5838684] [INFO   ]: Spooler requested update
[09/05/22 16:12:16:6604986] [DEBUG  ]: Recieving packet from Spooler of len 2
[09/05/22 16:12:16:6612554] [INFO   ]: Spooler requested update
[09/05/22 16:12:16:7390759] [DEBUG  ]: Recieving packet from Spooler of len 2
[09/05/22 16:12:16:7397954] [INFO   ]: Spooler requested update
[09/05/22 16:12:16:8306415] [DEBUG  ]: Recieving packet from Spooler of len 2
[09/05/22 16:12:16:8313884] [INFO   ]: Spooler requested update
[09/05/22 16:12:16:9195171] [DEBUG  ]: Recieving packet from Spooler of len 2
[09/05/22 16:12:16:9201946] [INFO   ]: Spooler requested update
[09/05/22 16:12:17:0124967] [DEBUG  ]: Recieving packet from Spooler of len 2
[09/05/22 16:12:17:0132035] [INFO   ]: Spooler requested update
[09/05/22 16:12:17:1048282] [DEBUG  ]: Recieving packet from Spooler of len 2
[09/05/22 16:12:17:1055787] [INFO   ]: Spooler requested update
[09/05/22 16:12:17:1808373] [DEBUG  ]: Recieving packet from Spooler of len 2
[09/05/22 16:12:17:1821829] [INFO   ]: Spooler requested update
[09/05/22 16:12:17:2631283] [DEBUG  ]: Recieving packet from Spooler of len 2
[09/05/22 16:12:17:2638996] [INFO   ]: Spooler requested update
[09/05/22 16:12:17:3571806] [DEBUG  ]: Recieving packet from Spooler of len 2
[09/05/22 16:12:17:3579397] [INFO   ]: Spooler requested update
[09/05/22 16:12:17:4516861] [DEBUG  ]: Recieving packet from Spooler of len 2
[09/05/22 16:12:17:4524738] [INFO   ]: Spooler requested update
[09/05/22 16:12:17:5422567] [DEBUG  ]: Recieving packet from Spooler of len 2
[09/05/22 16:12:17:5429324] [INFO   ]: Spooler requested update
[09/05/22 16:12:17:6166826] [DEBUG  ]: Recieving packet from Spooler of len 2
[09/05/22 16:12:17:6173480] [INFO   ]: Spooler requested update
[09/05/22 16:12:17:6929302] [DEBUG  ]: Recieving packet from Spooler of len 2
[09/05/22 16:12:17:6972368] [INFO   ]: Spooler requested update
[09/05/22 16:12:17:7694031] [DEBUG  ]: Recieving packet from Spooler of len 2
[09/05/22 16:12:17:7712665] [INFO   ]: Spooler requested update
[09/05/22 16:12:17:8503901] [DEBUG  ]: Recieving packet from Spooler of len 2
[09/05/22 16:12:17:8514096] [INFO   ]: Spooler requested update
[09/05/22 16:12:17:9258694] [DEBUG  ]: Recieving packet from Spooler of len 2
[09/05/22 16:12:17:9265365] [INFO   ]: Spooler requested update
[09/05/22 16:12:18:0037129] [DEBUG  ]: Recieving packet from Spooler of len 2
[09/05/22 16:12:18:0043902] [INFO   ]: Spooler requested update
[09/05/22 16:12:18:0791388] [DEBUG  ]: Recieving packet from Spooler of len 2
[09/05/22 16:12:18:0799097] [INFO   ]: Spooler requested update
[09/05/22 16:12:18:1570400] [DEBUG  ]: Recieving packet from Spooler of len 2
[09/05/22 16:12:18:1577436] [INFO   ]: Spooler requested update
[09/05/22 16:12:18:2519537] [DEBUG  ]: Recieving packet from Spooler of len 2
[09/05/22 16:12:18:2526346] [INFO   ]: Spooler requested update
[09/05/22 16:12:18:3310786] [DEBUG  ]: Recieving packet from Spooler of len 2
[09/05/22 16:12:18:3318534] [INFO   ]: Spooler requested update
[09/05/22 16:12:18:4249653] [DEBUG  ]: Recieving packet from Spooler of len 2
[09/05/22 16:12:18:4263153] [INFO   ]: Spooler requested update
[09/05/22 16:12:18:5163987] [DEBUG  ]: Recieving packet from Spooler of len 2
[09/05/22 16:12:18:5170968] [INFO   ]: Spooler requested update
[09/05/22 16:12:18:6068230] [DEBUG  ]: Recieving packet from Spooler of len 2
[09/05/22 16:12:18:6076265] [INFO   ]: Spooler requested update
[09/05/22 16:12:18:6869814] [DEBUG  ]: Recieving packet from Spooler of len 2
[09/05/22 16:12:18:6878781] [INFO   ]: Spooler requested update
[09/05/22 16:12:18:7797563] [DEBUG  ]: Recieving packet from Spooler of len 2
[09/05/22 16:12:18:7805626] [INFO   ]: Spooler requested update
[09/05/22 16:12:18:8726261] [DEBUG  ]: Recieving packet from Spooler of len 2
[09/05/22 16:12:18:8733551] [INFO   ]: Spooler requested update
[09/05/22 16:12:18:9619422] [DEBUG  ]: Recieving packet from Spooler of len 2
[09/05/22 16:12:18:9626682] [INFO   ]: Spooler requested update
[09/05/22 16:12:19:0575158] [DEBUG  ]: Recieving packet from Spooler of len 2
[09/05/22 16:12:19:0582609] [INFO   ]: Spooler requested update
[09/05/22 16:12:19:1472544] [DEBUG  ]: Recieving packet from Spooler of len 2
[09/05/22 16:12:19:1479439] [INFO   ]: Spooler requested update
[09/05/22 16:12:19:2426829] [DEBUG  ]: Recieving packet from Spooler of len 2
[09/05/22 16:12:19:2434009] [INFO   ]: Spooler requested update
[09/05/22 16:12:19:3306775] [DEBUG  ]: Recieving packet from Spooler of len 2
[09/05/22 16:12:19:3314423] [INFO   ]: Spooler requested update
[09/05/22 16:12:19:4116757] [DEBUG  ]: Recieving packet from Spooler of len 2
[09/05/22 16:12:19:4124494] [INFO   ]: Spooler requested update
[09/05/22 16:12:19:5041539] [DEBUG  ]: Recieving packet from Spooler of len 2
[09/05/22 16:12:19:5049765] [INFO   ]: Spooler requested update
[09/05/22 16:12:19:5973480] [DEBUG  ]: Recieving packet from Spooler of len 2
[09/05/22 16:12:19:5982164] [INFO   ]: Spooler requested update
[09/05/22 16:12:19:6927292] [DEBUG  ]: Recieving packet from Spooler of len 2
[09/05/22 16:12:19:6934294] [INFO   ]: Spooler requested update
[09/05/22 16:12:19:7808580] [DEBUG  ]: Recieving packet from Spooler of len 2
[09/05/22 16:12:19:7816026] [INFO   ]: Spooler requested update
[09/05/22 16:12:19:8601250] [DEBUG  ]: Recieving packet from Spooler of len 2
[09/05/22 16:12:19:8608323] [INFO   ]: Spooler requested update
[09/05/22 16:12:19:9487971] [DEBUG  ]: Recieving packet from Spooler of len 2
[09/05/22 16:12:19:9498695] [INFO   ]: Spooler requested update
[09/05/22 16:12:20:0453447] [DEBUG  ]: Recieving packet from Spooler of len 2
[09/05/22 16:12:20:0465209] [INFO   ]: Spooler requested update
[09/05/22 16:12:20:1382558] [DEBUG  ]: Recieving packet from Spooler of len 2
[09/05/22 16:12:20:1389812] [INFO   ]: Spooler requested update
[09/05/22 16:12:20:2341465] [DEBUG  ]: Recieving packet from Spooler of len 2
[09/05/22 16:12:20:2348632] [INFO   ]: Spooler requested update
[09/05/22 16:12:20:3240624] [DEBUG  ]: Recieving packet from Spooler of len 2
[09/05/22 16:12:20:3247981] [INFO   ]: Spooler requested update
[09/05/22 16:12:20:4127649] [DEBUG  ]: Recieving packet from Spooler of len 2
[09/05/22 16:12:20:4138503] [INFO   ]: Spooler requested update
[09/05/22 16:12:20:4918836] [DEBUG  ]: Recieving packet from Spooler of len 2
[09/05/22 16:12:20:4925799] [INFO   ]: Spooler requested update
[09/05/22 16:12:20:5710507] [DEBUG  ]: Recieving packet from Spooler of len 2
[09/05/22 16:12:20:5717592] [INFO   ]: Spooler requested update
[09/05/22 16:12:20:6596984] [DEBUG  ]: Recieving packet from Spooler of len 2
[09/05/22 16:12:20:6604053] [INFO   ]: Spooler requested update
[09/05/22 16:12:20:7380152] [DEBUG  ]: Recieving packet from Spooler of len 2
[09/05/22 16:12:20:7387039] [INFO   ]: Spooler requested update
[09/05/22 16:12:20:8197986] [DEBUG  ]: Recieving packet from Spooler of len 2
[09/05/22 16:12:20:8206146] [INFO   ]: Spooler requested update
[09/05/22 16:12:20:9131137] [DEBUG  ]: Recieving packet from Spooler of len 2
[09/05/22 16:12:20:9143613] [INFO   ]: Spooler requested update
[09/05/22 16:12:21:0017654] [DEBUG  ]: Recieving packet from Spooler of len 2
[09/05/22 16:12:21:0026015] [INFO   ]: Spooler requested update
[09/05/22 16:12:21:0991047] [DEBUG  ]: Recieving packet from Spooler of len 2
[09/05/22 16:12:21:0998538] [INFO   ]: Spooler requested update
[09/05/22 16:12:21:1868917] [DEBUG  ]: Recieving packet from Spooler of len 2
[09/05/22 16:12:21:1882713] [INFO   ]: Spooler requested update
[09/05/22 16:12:21:2783846] [DEBUG  ]: Recieving packet from Spooler of len 2
[09/05/22 16:12:21:2790799] [INFO   ]: Spooler requested update
[09/05/22 16:12:21:3709298] [DEBUG  ]: Recieving packet from Spooler of len 2
[09/05/22 16:12:21:3716409] [INFO   ]: Spooler requested update
[09/05/22 16:12:21:4666603] [DEBUG  ]: Recieving packet from Spooler of len 2
[09/05/22 16:12:21:4674185] [INFO   ]: Spooler requested update
[09/05/22 16:12:21:5450753] [DEBUG  ]: Recieving packet from Spooler of len 2
[09/05/22 16:12:21:5457754] [INFO   ]: Spooler requested update
[09/05/22 16:12:21:6411440] [DEBUG  ]: Recieving packet from Spooler of len 2
[09/05/22 16:12:21:6422341] [INFO   ]: Spooler requested update
[09/05/22 16:12:21:7312314] [DEBUG  ]: Recieving packet from Spooler of len 2
[09/05/22 16:12:21:7320330] [INFO   ]: Spooler requested update
[09/05/22 16:12:21:8288808] [DEBUG  ]: Recieving packet from Spooler of len 2
[09/05/22 16:12:21:8303986] [INFO   ]: Spooler requested update
[09/05/22 16:12:21:9187117] [DEBUG  ]: Recieving packet from Spooler of len 2
[09/05/22 16:12:21:9195761] [INFO   ]: Spooler requested update
[09/05/22 16:12:22:0103405] [DEBUG  ]: Recieving packet from Spooler of len 2
[09/05/22 16:12:22:0110171] [INFO   ]: Spooler requested update
[09/05/22 16:12:22:1028113] [DEBUG  ]: Recieving packet from Spooler of len 2
[09/05/22 16:12:22:1036701] [INFO   ]: Spooler requested update
[09/05/22 16:12:22:1920748] [DEBUG  ]: Recieving packet from Spooler of len 2
[09/05/22 16:12:22:1927745] [INFO   ]: Spooler requested update
[09/05/22 16:12:22:2673965] [DEBUG  ]: Recieving packet from Spooler of len 2
[09/05/22 16:12:22:2680745] [INFO   ]: Spooler requested update
[09/05/22 16:12:22:3591892] [DEBUG  ]: Recieving packet from Spooler of len 2
[09/05/22 16:12:22:3605872] [INFO   ]: Spooler requested update
[09/05/22 16:12:22:4373640] [DEBUG  ]: Recieving packet from Spooler of len 2
[09/05/22 16:12:22:4380297] [INFO   ]: Spooler requested update
[09/05/22 16:12:22:5189044] [DEBUG  ]: Recieving packet from Spooler of len 2
[09/05/22 16:12:22:5196396] [INFO   ]: Spooler requested update
[09/05/22 16:12:22:6115543] [DEBUG  ]: Recieving packet from Spooler of len 2
[09/05/22 16:12:22:6123710] [INFO   ]: Spooler requested update
[09/05/22 16:12:22:7009057] [DEBUG  ]: Recieving packet from Spooler of len 2
[09/05/22 16:12:22:7016207] [INFO   ]: Spooler requested update
[09/05/22 16:12:22:7786455] [DEBUG  ]: Recieving packet from Spooler of len 2
[09/05/22 16:12:22:7793144] [INFO   ]: Spooler requested update
[09/05/22 16:12:22:8522314] [DEBUG  ]: Recieving packet from Spooler of len 2
[09/05/22 16:12:22:8533843] [INFO   ]: Spooler requested update
[09/05/22 16:12:22:9381576] [DEBUG  ]: Recieving packet from Spooler of len 2
[09/05/22 16:12:22:9388427] [INFO   ]: Spooler requested update
[09/05/22 16:12:23:0284379] [DEBUG  ]: Recieving packet from Spooler of len 2
[09/05/22 16:12:23:0291779] [INFO   ]: Spooler requested update
[09/05/22 16:12:23:1209840] [DEBUG  ]: Recieving packet from Spooler of len 2
[09/05/22 16:12:23:1216697] [INFO   ]: Spooler requested update
[09/05/22 16:12:23:2117956] [DEBUG  ]: Recieving packet from Spooler of len 2
[09/05/22 16:12:23:2125901] [INFO   ]: Spooler requested update
[09/05/22 16:12:23:2907941] [DEBUG  ]: Recieving packet from Spooler of len 2
[09/05/22 16:12:23:2915076] [INFO   ]: Spooler requested update
[09/05/22 16:12:23:3798726] [DEBUG  ]: Recieving packet from Spooler of len 2
[09/05/22 16:12:23:3806017] [INFO   ]: Spooler requested update
[09/05/22 16:12:23:4598991] [DEBUG  ]: Recieving packet from Spooler of len 2
[09/05/22 16:12:23:4606854] [INFO   ]: Spooler requested update
[09/05/22 16:12:23:5335551] [DEBUG  ]: Recieving packet from Spooler of len 2
[09/05/22 16:12:23:5343201] [INFO   ]: Spooler requested update
[09/05/22 16:12:23:6188567] [DEBUG  ]: Recieving packet from Spooler of len 2
[09/05/22 16:12:23:6195419] [INFO   ]: Spooler requested update
[09/05/22 16:12:23:7042471] [DEBUG  ]: Recieving packet from Spooler of len 2
[09/05/22 16:12:23:7050076] [INFO   ]: Spooler requested update
[09/05/22 16:12:23:7961628] [DEBUG  ]: Recieving packet from Spooler of len 2
[09/05/22 16:12:23:7969387] [INFO   ]: Spooler requested update
[09/05/22 16:12:23:8780452] [DEBUG  ]: Recieving packet from Spooler of len 2
[09/05/22 16:12:23:8787230] [INFO   ]: Spooler requested update
[09/05/22 16:12:23:9669710] [DEBUG  ]: Recieving packet from Spooler of len 2
[09/05/22 16:12:23:9676599] [INFO   ]: Spooler requested update
[09/05/22 16:12:24:0461674] [DEBUG  ]: Recieving packet from Spooler of len 2
[09/05/22 16:12:24:0469099] [INFO   ]: Spooler requested update
[09/05/22 16:12:24:1200569] [DEBUG  ]: Recieving packet from Spooler of len 2
[09/05/22 16:12:24:1207744] [INFO   ]: Spooler requested update
[09/05/22 16:12:24:2134342] [DEBUG  ]: Recieving packet from Spooler of len 2
[09/05/22 16:12:24:2141057] [INFO   ]: Spooler requested update
[09/05/22 16:12:24:2940298] [DEBUG  ]: Recieving packet from Spooler of len 2
[09/05/22 16:12:24:2949227] [INFO   ]: Spooler requested update
[09/05/22 16:12:24:3835746] [DEBUG  ]: Recieving packet from Spooler of len 2
[09/05/22 16:12:24:3842502] [INFO   ]: Spooler requested update
[09/05/22 16:12:24:4606747] [DEBUG  ]: Recieving packet from Spooler of len 2
[09/05/22 16:12:24:4613635] [INFO   ]: Spooler requested update
[09/05/22 16:12:24:5414115] [DEBUG  ]: Recieving packet from Spooler of len 2
[09/05/22 16:12:24:5420758] [INFO   ]: Spooler requested update
[09/05/22 16:12:24:6332107] [DEBUG  ]: Recieving packet from Spooler of len 2
[09/05/22 16:12:24:6347954] [INFO   ]: Spooler requested update
[09/05/22 16:12:24:7071150] [DEBUG  ]: Recieving packet from Spooler of len 2
[09/05/22 16:12:24:7082446] [INFO   ]: Spooler requested update
[09/05/22 16:12:24:7840988] [DEBUG  ]: Recieving packet from Spooler of len 2
[09/05/22 16:12:24:7853224] [INFO   ]: Spooler requested update
[09/05/22 16:12:24:8654961] [DEBUG  ]: Recieving packet from Spooler of len 2
[09/05/22 16:12:24:8663321] [INFO   ]: Spooler requested update
[09/05/22 16:12:24:9403327] [DEBUG  ]: Recieving packet from Spooler of len 2
[09/05/22 16:12:24:9410009] [INFO   ]: Spooler requested update
[09/05/22 16:12:25:0201072] [DEBUG  ]: Recieving packet from Spooler of len 2
[09/05/22 16:12:25:0208053] [INFO   ]: Spooler requested update
[09/05/22 16:12:25:1010608] [DEBUG  ]: Recieving packet from Spooler of len 2
[09/05/22 16:12:25:1022145] [INFO   ]: Spooler requested update
[09/05/22 16:12:25:1857792] [DEBUG  ]: Recieving packet from Spooler of len 2
[09/05/22 16:12:25:1873425] [INFO   ]: Spooler requested update
[09/05/22 16:12:25:2714725] [DEBUG  ]: Recieving packet from Spooler of len 2
[09/05/22 16:12:25:2721805] [INFO   ]: Spooler requested update
[09/05/22 16:12:25:3599414] [DEBUG  ]: Recieving packet from Spooler of len 2
[09/05/22 16:12:25:3606915] [INFO   ]: Spooler requested update
[09/05/22 16:12:25:4394283] [DEBUG  ]: Recieving packet from Spooler of len 2
[09/05/22 16:12:25:4401761] [INFO   ]: Spooler requested update
[09/05/22 16:12:25:5288259] [DEBUG  ]: Recieving packet from Spooler of len 2
[09/05/22 16:12:25:5295239] [INFO   ]: Spooler requested update
[09/05/22 16:12:25:6097434] [DEBUG  ]: Recieving packet from Spooler of len 2
[09/05/22 16:12:25:6104271] [INFO   ]: Spooler requested update
[09/05/22 16:12:25:7042902] [DEBUG  ]: Recieving packet from Spooler of len 2
[09/05/22 16:12:25:7049821] [INFO   ]: Spooler requested update
[09/05/22 16:12:25:7972675] [DEBUG  ]: Recieving packet from Spooler of len 2
[09/05/22 16:12:25:7983600] [INFO   ]: Spooler requested update
[09/05/22 16:12:25:8903140] [DEBUG  ]: Recieving packet from Spooler of len 2
[09/05/22 16:12:25:8910028] [INFO   ]: Spooler requested update
[09/05/22 16:12:25:9829297] [DEBUG  ]: Recieving packet from Spooler of len 2
[09/05/22 16:12:25:9840475] [INFO   ]: Spooler requested update
[09/05/22 16:12:26:0692477] [DEBUG  ]: Recieving packet from Spooler of len 2
[09/05/22 16:12:26:0699117] [INFO   ]: Spooler requested update
[09/05/22 16:12:26:1692894] [DEBUG  ]: Recieving packet from Spooler of len 2
[09/05/22 16:12:26:1705444] [INFO   ]: Spooler requested update
[09/05/22 16:12:26:2600691] [DEBUG  ]: Recieving packet from Spooler of len 2
[09/05/22 16:12:26:2609101] [INFO   ]: Spooler requested update
[09/05/22 16:12:26:3465929] [DEBUG  ]: Recieving packet from Spooler of len 2
[09/05/22 16:12:26:3472892] [INFO   ]: Spooler requested update
[09/05/22 16:12:26:4464596] [DEBUG  ]: Recieving packet from Spooler of len 2
[09/05/22 16:12:26:4471979] [INFO   ]: Spooler requested update
[09/05/22 16:12:26:5324062] [DEBUG  ]: Recieving packet from Spooler of len 2
[09/05/22 16:12:26:5330916] [INFO   ]: Spooler requested update
[09/05/22 16:12:26:6247078] [DEBUG  ]: Recieving packet from Spooler of len 2
[09/05/22 16:12:26:6254120] [INFO   ]: Spooler requested update
[09/05/22 16:12:26:7051099] [DEBUG  ]: Recieving packet from Spooler of len 2
[09/05/22 16:12:26:7062097] [INFO   ]: Spooler requested update
[09/05/22 16:12:26:8009470] [DEBUG  ]: Recieving packet from Spooler of len 2
[09/05/22 16:12:26:8022432] [INFO   ]: Spooler requested update
[09/05/22 16:12:26:8931124] [DEBUG  ]: Recieving packet from Spooler of len 2
[09/05/22 16:12:26:8938365] [INFO   ]: Spooler requested update
[09/05/22 16:12:26:9842863] [DEBUG  ]: Recieving packet from Spooler of len 2
[09/05/22 16:12:26:9850392] [INFO   ]: Spooler requested update
[09/05/22 16:12:27:0765862] [DEBUG  ]: Recieving packet from Spooler of len 2
[09/05/22 16:12:27:0773457] [INFO   ]: Spooler requested update
[09/05/22 16:12:27:1674337] [DEBUG  ]: Recieving packet from Spooler of len 2
[09/05/22 16:12:27:1681067] [INFO   ]: Spooler requested update
[09/05/22 16:12:27:2430243] [DEBUG  ]: Recieving packet from Spooler of len 2
[09/05/22 16:12:27:2443955] [INFO   ]: Spooler requested update
[09/05/22 16:12:27:3188816] [DEBUG  ]: Recieving packet from Spooler of len 2
[09/05/22 16:12:27:3204433] [INFO   ]: Spooler requested update
[09/05/22 16:12:27:3988513] [DEBUG  ]: Recieving packet from Spooler of len 2
[09/05/22 16:12:27:3995660] [INFO   ]: Spooler requested update
[09/05/22 16:12:27:4779215] [DEBUG  ]: Recieving packet from Spooler of len 2
[09/05/22 16:12:27:4786290] [INFO   ]: Spooler requested update
[09/05/22 16:12:27:5547615] [DEBUG  ]: Recieving packet from Spooler of len 2
[09/05/22 16:12:27:5554527] [INFO   ]: Spooler requested update
[09/05/22 16:12:27:6345639] [DEBUG  ]: Recieving packet from Spooler of len 2
[09/05/22 16:12:27:6353825] [INFO   ]: Spooler requested update
[09/05/22 16:12:27:7278682] [DEBUG  ]: Recieving packet from Spooler of len 2
[09/05/22 16:12:27:7286798] [INFO   ]: Spooler requested update
[09/05/22 16:12:27:8140283] [DEBUG  ]: Recieving packet from Spooler of len 2
[09/05/22 16:12:27:8147971] [INFO   ]: Spooler requested update
[09/05/22 16:12:27:8946411] [DEBUG  ]: Recieving packet from Spooler of len 2
[09/05/22 16:12:27:8954012] [INFO   ]: Spooler requested update
[09/05/22 16:12:27:9692163] [DEBUG  ]: 