[09/05/22 16:12:10:6429508] [INFO   ]: Logging started
[09/05/22 16:12:10:6548655] [INFO   ]: Starting Spooler receive
[09/05/22 16:12:11:1436283] [DEBUG  ]: Recieving packet from Spooler of len 2
[09/05/22 16:12:11:1439689] [INFO   ]: Spooler requested update
[09/05/22 16:12:11:2227198] [DEBUG  ]: Recieving packet from Spooler of len 2
[09/05/22 16:12:11:2229160] [INFO   ]: Spooler requested update
[09/05/22 16:12:11:3012947] [DEBUG  ]: Recieving packet from Spooler of len 2
[09/05/22 16:12:11:3014929] [INFO   ]: Spooler requested update
[09/05/22 16:12:11:3786705] [DEBUG  ]: Recieving packet from Spooler of len 2
[09/05/22 16:12:11:3788673] [INFO   ]: Spooler requested update
[09/05/22 16:12:11:4557334] [DEBUG  ]: Recieving packet from Spooler of len 2
[09/05/22 16:12:11:4559445] [INFO   ]: Spooler requested update
[09/05/22 16:12:11:5338424] [DEBUG  ]: Recieving packet from Spooler of len 2
[09/05/22 16:12:11:5340539] [INFO   ]: Spooler requested update
[09/05/22 16:12:11:6101215] [DEBUG  ]: Recieving packet from Spooler of len 2
[09/05/22 16:12:11:6103242] [INFO   ]: Spooler requested update
[09/05/22 16:12:11:6870148] [DEBUG  ]: Recieving packet from Spooler of len 2
[09/05/22 16:12:11:6872019] [INFO   ]: Spooler requested update
[09/05/22 16:12:11:7638583] [DEBUG  ]: Recieving packet from Spooler of len 2
[09/05/22 16:12:11:7640536] [INFO   ]: Spooler requested update
[09/05/22 16:12:11:8437976] [DEBUG  ]: Recieving packet from Spooler of len 2
[09/05/22 16:12:11:8439779] [INFO   ]: Spooler requested update
[09/05/22 16:12:11:9187716] [DEBUG  ]: Recieving packet from Spooler of len 2
[09/05/22 16:12:11:9189953] [INFO   ]: Spooler requested update
[09/05/22 16:12:11:9960891] [DEBUG  ]: Recieving packet from Spooler of len 2
[09/05/22 16:12:11:9962821] [INFO   ]: Spooler requested update
[09/05/22 16:12:12:0740394] [DEBUG  ]: Recieving packet from Spooler of len 2
[09/05/22 16:12:12:0742358] [INFO   ]: Spooler requested update
[09/05/22 16:12:12:1542516] [DEBUG  ]: Recieving packet from Spooler of len 2
[09/05/22 16:12:12:1550490] [INFO   ]: Spooler requested update
[09/05/22 16:12:12:2316995] [DEBUG  ]: Recieving packet from Spooler of len 2
[09/05/22 16:12:12:2325155] [INFO   ]: Spooler requested update
[09/05/22 16:12:12:3249569] [DEBUG  ]: Recieving packet from Spooler of len 2
[09/05/22 16:12:12:3256484] [INFO   ]: Spooler requested update
[09/05/22 16:12:12:4173618] [DEBUG  ]: Recieving packet from Spooler of len 2
[09/05/22 16:12:12:4180446] [INFO   ]: Spooler requested update
[09/05/22 16:12:12:4951978] [DEBUG  ]: Recieving packet from Spooler of len 2
[09/05/22 16:12:12:4958770] [INFO   ]: Spooler requested update
[09/05/22 16:12:12:5869565] [DEBUG  ]: Recieving packet from Spooler of len 2
[09/05/22 16:12:12:5878048] [INFO   ]: Spooler requested update
[09/05/22 16:12:12:6668890] [DEBUG  ]: Recieving packet from Spooler of len 2
[09/05/22 16:12:12:6676086] [INFO   ]: Spooler requested update
[09/05/22 16:12:12:7593582] [DEBUG  ]: Recieving packet from Spooler of len 2
[09/05/22 16:12:12:7601050] [INFO   ]: Spooler requested update
[09/05/22 16:12:12:8497897] [DEBUG  ]: Recieving packet from Spooler of len 2
[09/05/22 16:12:12:8504729] [INFO   ]: Spooler requested update
[09/05/22 16:12:12:9275044] [DEBUG  ]: Recieving packet from Spooler of len 2
[09/05/22 16:12:12:9286395] [INFO   ]: Spooler requested update
[09/05/22 16:12:13:0201631] [DEBUG  ]: Recieving packet from Spooler of len 2
[09/05/22 16:12:13:0208929] [INFO   ]: Spooler requested update
[09/05/22 16:12:13:0976591] [DEBUG  ]: Recieving packet from Spooler of len 2
[09/05/22 16:12:13:0984116] [INFO   ]: Spooler requested update
[09/05/22 16:12:13:1752898] [DEBUG  ]: Recieving packet from Spooler of len 2
[09/05/22 16:12:13:1759826] [INFO   ]: Spooler requested update
[09/05/22 16:12:13:2544853] [DEBUG  ]: Recieving packet from Spooler of len 2
[09/05/22 16:12:13:2552857] [INFO   ]: Spooler requested update
[09/05/22 16:12:13:3291037] [DEBUG  ]: Recieving packet from Spooler of len 2
[09/05/22 16:12:13:3298347] [INFO   ]: Spooler requested update
[09/05/22 16:12:13:4071582] [DEBUG  ]: Recieving packet from Spooler of len 2
[09/05/22 16:12:13:4078352] [INFO   ]: Spooler requested update
[09/05/22 16:12:13:5002628] [DEBUG  ]: Recieving packet from Spooler of len 2
[09/05/22 16:12:13:5012091] [INFO   ]: Spooler requested update
[09/05/22 16:12:13:5924651] [DEBUG  ]: Recieving packet from Spooler of len 2
[09/05/22 16:12:13:5931741] [INFO   ]: Spooler requested update
[09/05/22 16:12:13:6857028] [DEBUG  ]: Recieving packet from Spooler of len 2
[09/05/22 16:12:13:6864047] [INFO   ]: Spooler requested update
[09/05/22 16:12:13:7808555] [DEBUG  ]: Recieving packet from Spooler of len 2
[09/05/22 16:12:13:7817336] [INFO   ]: Spooler requested update
[09/05/22 16:12:13:8719779] [DEBUG  ]: Recieving packet from Spooler of len 2
[09/05/22 16:12:13:8726781] [INFO   ]: Spooler requested update
[09/05/22 16:12:13:9648785] [DEBUG  ]: Recieving packet from Spooler of len 2
[09/05/22 16:12:13:9658675] [INFO   ]: Spooler requested update
[09/05/22 16:12:14:0413697] [DEBUG  ]: Recieving packet from Spooler of len 2
[09/05/22 16:12:14:0422234] [INFO   ]: Spooler requested update
[09/05/22 16:12:14:1204843] [DEBUG  ]: Recieving packet from Spooler of len 2
[09/05/22 16:12:14:1212128] [INFO   ]: Spooler requested update
[09/05/22 16:12:14:2329526] [DEBUG  ]: Recieving packet from Spooler of len 2
[09/05/22 16:12:14:2336910] [INFO   ]: Spooler requested update
[09/05/22 16:12:14:3253959] [DEBUG  ]: Recieving packet from Spooler of len 2
[09/05/22 16:12:14:3264720] [INFO   ]: Spooler requested update
[09/05/22 16:12:14:4118537] [DEBUG  ]: Recieving packet from Spooler of len 2
[09/05/22 16:12:14:4126022] [INFO   ]: Spooler requested update
[09/05/22 16:12:14:4902160] [DEBUG  ]: Recieving packet from Spooler of len 2
[09/05/22 16:12:14:4909423] [INFO   ]: Spooler requested update
[09/05/22 16:12:14:5813334] [DEBUG  ]: Recieving packet from Spooler of len 2
[09/05/22 16:12:14:5822290] [INFO   ]: Spooler requested update
[09/05/22 16:12:14:6586884] [DEBUG  ]: Recieving packet from Spooler of len 2
[09/05/22 16:12:14:6594066] [INFO   ]: Spooler requested update
[09/05/22 16:12:14:7392037] [DEBUG  ]: Recieving packet from Spooler of len 2
[09/05/22 16:12:14:7400944] [INFO   ]: Spooler requested update
[09/05/22 16:12:14:8298856] [DEBUG  ]: Recieving packet from Spooler of len 2
[09/05/22 16:12:14:8306039] [INFO   ]: Spooler requested update
[09/05/22 16:12:14:9062372] [DEBUG  ]: Recieving packet from Spooler of len 2
[09/05/22 16:12:14:9069516] [INFO   ]: Spooler requested update
[09/05/22 16:12:14:9840136] [DEBUG  ]: Recieving packet from Spooler of len 2
[09/05/22 16:12:14:9847635] [INFO   ]: Spooler requested update
[09/05/22 16:12:15:0616845] [DEBUG  ]: Recieving packet from Spooler of len 2
[09/05/22 16:12:15:0623819] [INFO   ]: Spooler requested update
[09/05/22 16:12:15:1384345] [DEBUG  ]: Recieving packet from Spooler of len 2
[09/05/22 16:12:15:1391442] [INFO   ]: Spooler requested update
[09/05/22 16:12:15:2157857] [DEBUG  ]: Recieving packet from Spooler of len 2
[09/05/22 16:12:15:2164948] [INFO   ]: Spooler requested update
[09/05/22 16:12:15:2936981] [DEBUG  ]: Recieving packet from Spooler of len 2
[09/05/22 16:12:15:2944714] [INFO   ]: Spooler requested update
[09/05/22 16:12:15:3700907] [DEBUG  ]: Recieving packet from Spooler of len 2
[09/05/22 16:12:15:3707935] [INFO   ]: Spooler requested update
[09/05/22 16:12:15:4468853] [DEBUG  ]: Recieving packet from Spooler of len 2
[09/05/22 16:12:15:4475779] [INFO   ]: Spooler requested update
[09/05/22 16:12:15:5247594] [DEBUG  ]: Recieving packet from Spooler of len 2
[09/05/22 16:12:15:5254837] [INFO   ]: Spooler requested update
[09/05/22 16:12:15:6017337] [DEBUG  ]: Recieving packet from Spooler of len 2
[09/05/22 16:12:15:6024144] [INFO   ]: Spooler requested update
[09/05/22 16:12:15:6795018] [DEBUG  ]: Recieving packet from Spooler of len 2
[09/05/22 16:12:15:6805125] [INFO   ]: Spooler requested update
[09/05/22 16:12:15:7559966] [DEBUG  ]: Recieving packet from Spooler of len 2
[09/05/22 16:12:15:7567922] [INFO   ]: Spooler requested update
[09/05/22 16:12:15:8337478] [DEBUG  ]: Recieving packet from Spooler of len 2
[09/05/22 16:12:15:8344383] [INFO   ]: Spooler requested update
[09/05/22 16:12:15:9100670] [DEBUG  ]: Recieving packet from Spooler of len 2
[09/05/22 16:12:15:9107762] [INFO   ]: Spooler requested update
[09/05/22 16:12:15:9875559] [DEBUG  ]: Recieving packet from Spooler of len 2
[09/05/22 16:12:15:9882805] [INFO   ]: Spooler requested update
[09/05/22 16:12:16:0649471] [DEBUG  ]: Recieving packet from Spooler of len 2
[09/05/22 16:12:16:0656783] [INFO   ]: Spooler requested update
[09/05/22 16:12:16:1426987] [DEBUG  ]: Recieving packet from Spooler of len 2
[09/05/22 16:12:16:1436289] [INFO   ]: Spooler requested update
[09/05/22 16:12:16:2209173] [DEBUG  ]: Recieving packet from Spooler of len 2
[09/05/22 16:12:16:2218655] [INFO   ]: Spooler requested update
[09/05/22 16:12:16:2987181] [DEBUG  ]: Recieving packet from Spooler of len 2
[09/05/22 16:12:16:2994159] [INFO   ]: Spooler requested update
[09/05/22 16:12:16:3906292] [DEBUG  ]: Recieving packet from Spooler of len 2
[09/05/22 16:12:16:3913587] [INFO   ]: Spooler requested update
[09/05/22 16:12:16:4849133] [DEBUG  ]: Recieving packet from Spooler of len 2
[09/05/22 16:12:16:4859904] [INFO   ]: Spooler requested update
[09/05/22 16:12:16:5766584] [DEBUG  ]: Recieving packet from Spooler of len 2
[09/05/22 16:12:16:5773880] [INFO   ]: Spooler requested update
[09/05/22 16:12:16:6518313] [DEBUG  ]: Recieving packet from Spooler of len 2
[09/05/22 16:12:16:6525598] [INFO   ]: Spooler requested update
[09/05/22 16:12:16:7294909] [DEBUG  ]: Recieving packet from Spooler of len 2
[09/05/22 16:12:16:7303331] [INFO   ]: Spooler requested update
[09/05/22 16:12:16:8202957] [DEBUG  ]: Recieving packet from Spooler of len 2
[09/05/22 16:12:16:8209736] [INFO   ]: Spooler requested update
[09/05/22 16:12:16:9132559] [DEBUG  ]: Recieving packet from Spooler of len 2
[09/05/22 16:12:16:9139789] [INFO   ]: Spooler requested update
[09/05/22 16:12:17:0058783] [DEBUG  ]: Recieving packet from Spooler of len 2
[09/05/22 16:12:17:0065667] [INFO   ]: Spooler requested update
[09/05/22 16:12:17:0983391] [DEBUG  ]: Recieving packet from Spooler of len 2
[09/05/22 16:12:17:0990228] [INFO   ]: Spooler requested update
[09/05/22 16:12:17:1750905] [DEBUG  ]: Recieving packet from Spooler of len 2
[09/05/22 16:12:17:1757945] [INFO   ]: Spooler requested update
[09/05/22 16:12:17:2553330] [DEBUG  ]: Recieving packet from Spooler of len 2
[09/05/22 16:12:17:2560521] [INFO   ]: Spooler requested update
[09/05/22 16:12:17:3496797] [DEBUG  ]: Recieving packet from Spooler of len 2
[09/05/22 16:12:17:3506950] [INFO   ]: Spooler requested update
[09/05/22 16:12:17:4425903] [DEBUG  ]: Recieving packet from Spooler of len 2
[09/05/22 16:12:17:4435598] [INFO   ]: Spooler requested update
[09/05/22 16:12:17:5335388] [DEBUG  ]: Recieving packet from Spooler of len 2
[09/05/22 16:12:17:5343136] [INFO   ]: Spooler requested update
[09/05/22 16:12:17:6090687] [DEBUG  ]: Recieving packet from Spooler of len 2
[09/05/22 16:12:17:6097487] [INFO   ]: Spooler requested update
[09/05/22 16:12:17:6864538] [DEBUG  ]: Recieving packet from Spooler of len 2
[09/05/22 16:12:17:6871336] [INFO   ]: Spooler requested update
[09/05/22 16:12:17:7640822] [DEBUG  ]: Recieving packet from Spooler of len 2
[09/05/22 16:12:17:7647769] [INFO   ]: Spooler requested update
[09/05/22 16:12:17:8421120] [DEBUG  ]: Recieving packet from Spooler of len 2
[09/05/22 16:12:17:8429081] [INFO   ]: Spooler requested update
[09/05/22 16:12:17:9187275] [DEBUG  ]: Recieving packet from Spooler of len 2
[09/05/22 16:12:17:9194564] [INFO   ]: Spooler requested update
[09/05/22 16:12:17:9957251] [DEBUG  ]: Recieving packet from Spooler of len 2
[09/05/22 16:12:17:9964094] [INFO   ]: Spooler requested update
[09/05/22 16:12:18:0729637] [DEBUG  ]: Recieving packet from Spooler of len 2
[09/05/22 16:12:18:0737279] [INFO   ]: Spooler requested update
[09/05/22 16:12:18:1506976] [DEBUG  ]: Recieving packet from Spooler of len 2
[09/05/22 16:12:18:1514017] [INFO   ]: Spooler requested update
[09/05/22 16:12:18:2440033] [DEBUG  ]: Recieving packet from Spooler of len 2
[09/05/22 16:12:18:2453828] [INFO   ]: Spooler requested update
[09/05/22 16:12:18:3247817] [DEBUG  ]: Recieving packet from Spooler of len 2
[09/05/22 16:12:18:3256753] [INFO   ]: Spooler requested update
[09/05/22 16:12:18:4166670] [DEBUG  ]: Recieving packet from Spooler of len 2
[09/05/22 16:12:18:4173700] [INFO   ]: Spooler requested update
[09/05/22 16:12:18:5085526] [DEBUG  ]: Recieving packet from Spooler of len 2
[09/05/22 16:12:18:5093018] [INFO   ]: Spooler requested update
[09/05/22 16:12:18:5992366] [DEBUG  ]: Recieving packet from Spooler of len 2
[09/05/22 16:12:18:6004188] [INFO   ]: Spooler requested update
[09/05/22 16:12:18:6773431] [DEBUG  ]: Recieving packet from Spooler of len 2
[09/05/22 16:12:18:6782754] [INFO   ]: Spooler requested update
[09/05/22 16:12:18:7710044] [DEBUG  ]: Recieving packet from Spooler of len 2
[09/05/22 16:12:18:7722896] [INFO   ]: Spooler requested update
[09/05/22 16:12:18:8630267] [DEBUG  ]: Recieving packet from Spooler of len 2
[09/05/22 16:12:18:8642976] [INFO   ]: Spooler requested update
[09/05/22 16:12:18:9549222] [DEBUG  ]: Recieving packet from Spooler of len 2
[09/05/22 16:12:18:9559463] [INFO   ]: Spooler requested update
[09/05/22 16:12:19:0471345] [DEBUG  ]: Recieving packet from Spooler of len 2
[09/05/22 16:12:19:0478320] [INFO   ]: Spooler requested update
[09/05/22 16:12:19:1403577] [DEBUG  ]: Recieving packet from Spooler of len 2
[09/05/22 16:12:19:1410450] [INFO   ]: Spooler requested update
[09/05/22 16:12:19:2323507] [DEBUG  ]: Recieving packet from Spooler of len 2
[09/05/22 16:12:19:2330561] [INFO   ]: Spooler requested update
[09/05/22 16:12:19:3242980] [DEBUG  ]: Recieving packet from Spooler of len 2
[09/05/22 16:12:19:3249830] [INFO   ]: Spooler requested update
[09/05/22 16:12:19:4034173] [DEBUG  ]: Recieving packet from Spooler of len 2
[09/05/22 16:12:19:4041734] [INFO   ]: Spooler requested update
[09/05/22 16:12:19:4959719] [DEBUG  ]: Recieving packet from Spooler of len 2
[09/05/22 16:12:19:4967948] [INFO   ]: Spooler requested update
[09/05/22 16:12:19:5895216] [DEBUG  ]: Recieving packet from Spooler of len 2
[09/05/22 16:12:19:5905816] [INFO   ]: Spooler requested update
[09/05/22 16:12:19:6830129] [DEBUG  ]: Recieving packet from Spooler of len 2
[09/05/22 16:12:19:6848134] [INFO   ]: Spooler requested update
[09/05/22 16:12:19:7726957] [DEBUG  ]: Recieving packet from Spooler of len 2
[09/05/22 16:12:19:7733839] [INFO   ]: Spooler requested update
[09/05/22 16:12:19:8499376] [DEBUG  ]: Recieving packet from Spooler of len 2
[09/05/22 16:12:19:8506509] [INFO   ]: Spooler requested update
[09/05/22 16:12:19:9419363] [DEBUG  ]: Recieving packet from Spooler of len 2
[09/05/22 16:12:19:9426297] [INFO   ]: Spooler requested update
[09/05/22 16:12:20:0353433] [DEBUG  ]: Recieving packet from Spooler of len 2
[09/05/22 16:12:20:0364827] [INFO   ]: Spooler requested update
[09/05/22 16:12:20:1287161] [DEBUG  ]: Recieving packet from Spooler of len 2
[09/05/22 16:12:20:1294175] [INFO   ]: Spooler requested update
[09/05/22 16:12:20:2226938] [DEBUG  ]: Recieving packet from Spooler of len 2
[09/05/22 16:12:20:2234065] [INFO   ]: Spooler requested update
[09/05/22 16:12:20:3127392] [DEBUG  ]: Recieving packet from Spooler of len 2
[09/05/22 16:12:20:3135492] [INFO   ]: Spooler requested update
[09/05/22 16:12:20:4068537] [DEBUG  ]: Recieving packet from Spooler of len 2
[09/05/22 16:12:20:4076830] [INFO   ]: Spooler requested update
[09/05/22 16:12:20:4839586] [DEBUG  ]: Recieving packet from Spooler of len 2
[09/05/22 16:12:20:4846618] [INFO   ]: Spooler requested update
[09/05/22 16:12:20:5630533] [DEBUG  ]: Recieving packet from Spooler of len 2
[09/05/22 16:12:20:5638577] [INFO   ]: Spooler requested update
[09/05/22 16:12:20:6527226] [DEBUG  ]: Recieving packet from Spooler of len 2
[09/05/22 16:12:20:6534580] [INFO   ]: Spooler requested update
[09/05/22 16:12:20:7301614] [DEBUG  ]: Recieving packet from Spooler of len 2
[09/05/22 16:12:20:7308705] [INFO   ]: Spooler requested update
[09/05/22 16:12:20:8089251] [DEBUG  ]: Recieving packet from Spooler of len 2
[09/05/22 16:12:20:8096644] [INFO   ]: Spooler requested update
[09/05/22 16:12:20:9017815] [DEBUG  ]: Recieving packet from Spooler of len 2
[09/05/22 16:12:20:9024781] [INFO   ]: Spooler requested update
[09/05/22 16:12:20:9942475] [DEBUG  ]: Recieving packet from Spooler of len 2
[09/05/22 16:12:20:9952824] [INFO   ]: Spooler requested update
[09/05/22 16:12:21:0872280] [DEBUG  ]: Recieving packet from Spooler of len 2
[09/05/22 16:12:21:0879137] [INFO   ]: Spooler requested update
[09/05/22 16:12:21:1798452] [DEBUG  ]: Recieving packet from Spooler of len 2
[09/05/22 16:12:21:1805560] [INFO   ]: Spooler requested update
[09/05/22 16:12:21:2717060] [DEBUG  ]: Recieving packet from Spooler of len 2
[09/05/22 16:12:21:2723789] [INFO   ]: Spooler requested update
[09/05/22 16:12:21:3643374] [DEBUG  ]: Recieving packet from Spooler of len 2
[09/05/22 16:12:21:3650286] [INFO   ]: Spooler requested update
[09/05/22 16:12:21:4579744] [DEBUG  ]: Recieving packet from Spooler of len 2
[09/05/22 16:12:21:4587064] [INFO   ]: Spooler requested update
[09/05/22 16:12:21:5372160] [DEBUG  ]: Recieving packet from Spooler of len 2
[09/05/22 16:12:21:5380357] [INFO   ]: Spooler requested update
[09/05/22 16:12:21:6318671] [DEBUG  ]: Recieving packet from Spooler of len 2
[09/05/22 16:12:21:6337270] [INFO   ]: Spooler requested update
[09/05/22 16:12:21:7241792] [DEBUG  ]: Recieving packet from Spooler of len 2
[09/05/22 16:12:21:7250734] [INFO   ]: Spooler requested update
[09/05/22 16:12:21:8192708] [DEBUG  ]: Recieving packet from Spooler of len 2
[09/05/22 16:12:21:8207519] [INFO   ]: Spooler requested update
[09/05/22 16:12:21:9097928] [DEBUG  ]: Recieving packet from Spooler of len 2
[09/05/22 16:12:21:9109701] [INFO   ]: Spooler requested update
[09/05/22 16:12:22:0008978] [DEBUG  ]: Recieving packet from Spooler of len 2
[09/05/22 16:12:22:0019818] [INFO   ]: Spooler requested update
[09/05/22 16:12:22:0930917] [DEBUG  ]: Recieving packet from Spooler of len 2
[09/05/22 16:12:22:0943460] [INFO   ]: Spooler requested update
[09/05/22 16:12:22:1842250] [DEBUG  ]: Recieving packet from Spooler of len 2
[09/05/22 16:12:22:1849261] [INFO   ]: Spooler requested update
[09/05/22 16:12:22:2613475] [DEBUG  ]: Recieving packet from Spooler of len 2
[09/05/22 16:12:22:2620381] [INFO   ]: Spooler requested update
[09/05/22 16:12:22:3538406] [DEBUG  ]: Recieving packet from Spooler of len 2
[09/05/22 16:12:22:3545293] [INFO   ]: Spooler requested update
[09/05/22 16:12:22:4314883] [DEBUG  ]: Recieving packet from Spooler of len 2
[09/05/22 16:12:22:4321711] [INFO   ]: Spooler requested update
[09/05/22 16:12:22:5087511] [DEBUG  ]: Recieving packet from Spooler of len 2
[09/05/22 16:12:22:5094145] [INFO   ]: Spooler requested update
[09/05/22 16:12:22:6032144] [DEBUG  ]: Recieving packet from Spooler of len 2
[09/05/22 16:12:22:6043315] [INFO   ]: Spooler requested update
[09/05/22 16:12:22:6930611] [DEBUG  ]: Recieving packet from Spooler of len 2
[09/05/22 16:12:22:6937687] [INFO   ]: Spooler requested update
[09/05/22 16:12:22:7696923] [DEBUG  ]: Recieving packet from Spooler of len 2
[09/05/22 16:12:22:7703669] [INFO   ]: Spooler requested update
[09/05/22 16:12:22:8468741] [DEBUG  ]: Recieving packet from Spooler of len 2
[09/05/22 16:12:22:8475926] [INFO   ]: Spooler requested update
[09/05/22 16:12:22:9238847] [DEBUG  ]: Recieving packet from Spooler of len 2
[09/05/22 16:12:22:9246026] [INFO   ]: Spooler requested update
[09/05/22 16:12:23:0213107] [DEBUG  ]: Recieving packet from Spooler of len 2
[09/05/22 16:12:23:0226974] [INFO   ]: Spooler requested update
[09/05/22 16:12:23:1102491] [DEBUG  ]: Recieving packet from Spooler of len 2
[09/05/22 16:12:23:1109775] [INFO   ]: Spooler requested update
[09/05/22 16:12:23:2042642] [DEBUG  ]: Recieving packet from Spooler of len 2
[09/05/22 16:12:23:2049776] [INFO   ]: Spooler requested update
[09/05/22 16:12:23:2798723] [DEBUG  ]: Recieving packet from Spooler of len 2
[09/05/22 16:12:23:2806111] [INFO   ]: Spooler requested update
[09/05/22 16:12:23:3725517] [DEBUG  ]: Recieving packet from Spooler of len 2
[09/05/22 16:12:23:3732621] [INFO   ]: Spooler requested update
[09/05/22 16:12:23:4503481] [DEBUG  ]: Recieving packet from Spooler of len 2
[09/05/22 16:12:23:4510285] [INFO   ]: Spooler requested update
[09/05/22 16:12:23:5273685] [DEBUG  ]: Recieving packet from Spooler of len 2
[09/05/22 16:12:23:5280542] [INFO   ]: Spooler requested update
[09/05/22 16:12:23:6051256] [DEBUG  ]: Recieving packet from Spooler of len 2
[09/05/22 16:12:23:6058081] [INFO   ]: Spooler requested update
[09/05/22 16:12:23:6978462] [DEBUG  ]: Recieving packet from Spooler of len 2
[09/05/22 16:12:23:6985755] [INFO   ]: Spooler requested update
[09/05/22 16:12:23:7900860] [DEBUG  ]: Recieving packet from Spooler of len 2
[09/05/22 16:12:23:7907554] [INFO   ]: Spooler requested update
[09/05/22 16:12:23:8673335] [DEBUG  ]: Recieving packet from Spooler of len 2
[09/05/22 16:12:23:8680336] [INFO   ]: Spooler requested update
[09/05/22 16:12:23:9596591] [DEBUG  ]: Recieving packet from Spooler of len 2
[09/05/22 16:12:23:9603760] [INFO   ]: Spooler requested update
[09/05/22 16:12:24:0368006] [DEBUG  ]: Recieving packet from Spooler of len 2
[09/05/22 16:12:24:0375173] [INFO   ]: Spooler requested update
[09/05/22 16:12:24:1138941] [DEBUG  ]: Recieving packet from Spooler of len 2
[09/05/22 16:12:24:1145848] [INFO   ]: Spooler requested update
[09/05/22 16:12:24:2059313] [DEBUG  ]: Recieving packet from Spooler of len 2
[09/05/22 16:12:24:2066567] [INFO   ]: Spooler requested update
[09/05/22 16:12:24:2841296] [DEBUG  ]: Recieving packet from Spooler of len 2
[09/05/22 16:12:24:2851752] [INFO   ]: Spooler requested update
[09/05/22 16:12:24:3765839] [DEBUG  ]: Recieving packet from Spooler of len 2
[09/05/22 16:12:24:3773136] [INFO   ]: Spooler requested update
[09/05/22 16:12:24:4531000] [DEBUG  ]: Recieving packet from Spooler of len 2
[09/05/22 16:12:24:4537990] [INFO   ]: Spooler requested update
[09/05/22 16:12:24:5328708] [DEBUG  ]: Recieving packet from Spooler of len 2
[09/05/22 16:12:24:5336234] [INFO   ]: Spooler requested update
[09/05/22 16:12:24:6240067] [DEBUG  ]: Recieving packet from Spooler of len 2
[09/05/22 16:12:24:6247002] [INFO   ]: Spooler requested update
[09/05/22 16:12:24:7013718] [DEBUG  ]: Recieving packet from Spooler of len 2
[09/05/22 16:12:24:7020708] [INFO   ]: Spooler requested update
[09/05/22 16:12:24:7787629] [DEBUG  ]: Recieving packet from Spooler of len 2
[09/05/22 16:12:24:7794856] [INFO   ]: Spooler requested update
[09/05/22 16:12:24:8578863] [DEBUG  ]: Recieving packet from Spooler of len 2
[09/05/22 16:12:24:8586176] [INFO   ]: Spooler requested update
[09/05/22 16:12:24:9329639] [DEBUG  ]: Recieving packet from Spooler of len 2
[09/05/22 16:12:24:9337194] [INFO   ]: Spooler requested update
[09/05/22 16:12:25:0104204] [DEBUG  ]: Recieving packet from Spooler of len 2
[09/05/22 16:12:25:0114382] [INFO   ]: Spooler requested update
[09/05/22 16:12:25:0907218] [DEBUG  ]: Recieving packet from Spooler of len 2
[09/05/22 16:12:25:0914037] [INFO   ]: Spooler requested update
[09/05/22 16:12:25:1803338] [DEBUG  ]: Recieving packet from Spooler of len 2
[09/05/22 16:12:25:1810225] [INFO   ]: Spooler requested update
[09/05/22 16:12:25:2579539] [DEBUG  ]: Recieving packet from Spooler of len 2
[09/05/22 16:12:25:2586388] [INFO   ]: Spooler requested update
[09/05/22 16:12:25:3515428] [DEBUG  ]: Recieving packet from Spooler of len 2
[09/05/22 16:12:25:3529354] [INFO   ]: Spooler requested update
[09/05/22 16:12:25:4290694] [DEBUG  ]: Recieving packet from Spooler of len 2
[09/05/22 16:12:25:4297348] [INFO   ]: Spooler requested update
[09/05/22 16:12:25:5217908] [DEBUG  ]: Recieving packet from Spooler of len 2
[09/05/22 16:12:25:5225119] [INFO   ]: Spooler requested update
[09/05/22 16:12:25:5990125] [DEBUG  ]: Recieving packet from Spooler of len 2
[09/05/22 16:12:25:5997375] [INFO   ]: Spooler requested update
[09/05/22 16:12:25:6947646] [DEBUG  ]: Recieving packet from Spooler of len 2
[09/05/22 16:12:25:6954912] [INFO   ]: Spooler requested update
[09/05/22 16:12:25:7871362] [DEBUG  ]: Recieving packet from Spooler of len 2
[09/05/22 16:12:25:7884378] [INFO   ]: Spooler requested update
[09/05/22 16:12:25:8793905] [DEBUG  ]: Recieving packet from Spooler of len 2
[09/05/22 16:12:25:8804847] [INFO   ]: Spooler requested update
[09/05/22 16:12:25:9726657] [DEBUG  ]: Recieving packet from Spooler of len 2
[09/05/22 16:12:25:9734152] [INFO   ]: Spooler requested update
[09/05/22 16:12:26:0630643] [DEBUG  ]: Recieving packet from Spooler of len 2
[09/05/22 16:12:26:0637559] [INFO   ]: Spooler requested update
[09/05/22 16:12:26:1588823] [DEBUG  ]: Recieving packet from Spooler of len 2
[09/05/22 16:12:26:1598456] [INFO   ]: Spooler requested update
[09/05/22 16:12:26:2487653] [DEBUG  ]: Recieving packet from Spooler of len 2
[09/05/22 16:12:26:2494581] [INFO   ]: Spooler requested update
[09/05/22 16:12:26:3406950] [DEBUG  ]: Recieving packet from Spooler of len 2
[09/05/22 16:12:26:3413728] [INFO   ]: Spooler requested update
[09/05/22 16:12:26:4348743] [DEBUG  ]: Recieving packet from Spooler of len 2
[09/05/22 16:12:26:4357094] [INFO   ]: Spooler requested update
[09/05/22 16:12:26:5262769] [DEBUG  ]: Recieving packet from Spooler of len 2
[09/05/22 16:12:26:5270278] [INFO   ]: Spooler requested update
[09/05/22 16:12:26:6183590] [DEBUG  ]: Recieving packet from Spooler of len 2
[09/05/22 16:12:26:6190576] [INFO   ]: Spooler requested update
[09/05/22 16:12:26:6988406] [DEBUG  ]: Recieving packet from Spooler of len 2
[09/05/22 16:12:26:6996859] [INFO   ]: Spooler requested update
[09/05/22 16:12:26:7931664] [DEBUG  ]: Recieving packet from Spooler of len 2
[09/05/22 16:12:26:7945733] [INFO   ]: Spooler requested update
[09/05/22 16:12:26:8865808] [DEBUG  ]: Recieving packet from Spooler of len 2
[09/05/22 16:12:26:8873493] [INFO   ]: Spooler requested update
[09/05/22 16:12:26:9749281] [DEBUG  ]: Recieving packet from Spooler of len 2
[09/05/22 16:12:26:9762235] [INFO   ]: Spooler requested update
[09/05/22 16:12:27:0683902] [DEBUG  ]: Recieving packet from Spooler of len 2
[09/05/22 16:12:27:0691402] [INFO   ]: Spooler requested update
[09/05/22 16:12:27:1600118] [DEBUG  ]: Recieving packet from Spooler of len 2
[09/05/22 16:12:27:1607393] [INFO   ]: Spooler requested update
[09/05/22 16:12:27:2363480] [DEBUG  ]: Recieving packet from Spooler of len 2
[09/05/22 16:12:27:2370660] [INFO   ]: Spooler requested update
[09/05/22 16:12:27:3135403] [DEBUG  ]: Recieving packet from Spooler of len 2
[09/05/22 16:12:27:3142203] [INFO   ]: Spooler requested update
[09/05/22 16:12:27:3916393] [DEBUG  ]: Recieving packet from Spooler of len 2
[09/05/22 16:12:27:3923835] [INFO   ]: Spooler requested update
[09/05/22 16:12:27:4693400] [DEBUG  ]: Recieving packet from Spooler of len 2
[09/05/22 16:12:27:4701029] [INFO   ]: Spooler requested update
[09/05/22 16:12:27:5465634] [DEBUG  ]: Recieving packet from Spooler of len 2
[09/05/22 16:12:27:5472918] [INFO   ]: Spooler requested update
[09/05/22 16:12:27:6236273] [DEBUG  ]: Recieving packet from Spooler of len 2
[09/05/22 16:12:27:6244648] [INFO   ]: Spooler requested update
[09/05/22 16:12:27:7157390] [DEBUG  ]: Recieving packet from Spooler of len 2
[09/05/22 16:12:27:7164330] [INFO   ]: Spooler requested update
[09/05/22 16:12:27:8078203] [DEBUG  ]: Recieving packet from Spooler of len 2
[09/05/22 16:12:27:8085222] [INFO   ]: Spooler requested update
[09/05/22 16:12:27:8859341] [DEBUG  ]: Recieving packet from Spooler of len 2
[09/05/22 16:12:27:8867710] [INFO   ]: Spooler requested update
[09/05/22 16:12:27:9619692] [DEBUG  ]: 