[12/05/22 17:55:23:9930679] [INFO ]: Logging started
[12/05/22 17:55:24:0048230] [INFO ]: Starting Spooler receive
[12/05/22 17:55:24:2033943] [DEBUG]: Recieving packet from Spooler of len 2
[12/05/22 17:55:24:2037126] [INFO ]: Spooler requested update
[12/05/22 17:55:24:2746489] [DEBUG]: Recieving packet from Spooler of len 2
[12/05/22 17:55:24:2747889] [INFO ]: Spooler requested update
[12/05/22 17:55:24:3371706] [DEBUG]: Recieving packet from Spooler of len 2
[12/05/22 17:55:24:3373225] [INFO ]: Spooler requested update
[12/05/22 17:55:24:3987642] [DEBUG]: Recieving packet from Spooler of len 2
[12/05/22 17:55:24:3990073] [INFO ]: Spooler requested update
[12/05/22 17:55:24:4598022] [DEBUG]: Recieving packet from Spooler of len 2
[12/05/22 17:55:24:4599372] [INFO ]: Spooler requested update
[12/05/22 17:55:24:5215657] [DEBUG]: Recieving packet from Spooler of len 2
[12/05/22 17:55:24:5216774] [INFO ]: Spooler requested update
[12/05/22 17:55:24:5834212] [DEBUG]: Recieving packet from Spooler of len 2
[12/05/22 17:55:24:5835747] [INFO ]: Spooler requested update
[12/05/22 17:55:24:6463292] [DEBUG]: Recieving packet from Spooler of len 2
[12/05/22 17:55:24:6464698] [INFO ]: Spooler requested update
[12/05/22 17:55:24:7083377] [DEBUG]: Recieving packet from Spooler of len 2
[12/05/22 17:55:24:7084854] [INFO ]: Spooler requested update
[12/05/22 17:55:24:7685648] [DEBUG]: Recieving packet from Spooler of len 2
[12/05/22 17:55:24:7687030] [INFO ]: Spooler requested update
[12/05/22 17:55:24:8292681] [DEBUG]: Recieving packet from Spooler of len 2
[12/05/22 17:55:24:8293920] [INFO ]: Spooler requested update
[12/05/22 17:55:24:8902007] [DEBUG]: Recieving packet from Spooler of len 2
[12/05/22 17:55:24:8903282] [INFO ]: Spooler requested update
[12/05/22 17:55:24:9532107] [DEBUG]: Recieving packet from Spooler of len 2
[12/05/22 17:55:24:9534525] [INFO ]: Spooler requested update
[12/05/22 17:55:25:0146541] [DEBUG]: Recieving packet from Spooler of len 2
[12/05/22 17:55:25:0149612] [INFO ]: Spooler requested update
[12/05/22 17:55:25:0746080] [DEBUG]: Recieving packet from Spooler of len 2
[12/05/22 17:55:25:0749108] [INFO ]: Spooler requested update
[12/05/22 17:55:25:1358452] [DEBUG]: Recieving packet from Spooler of len 2
[12/05/22 17:55:25:1361250] [INFO ]: Spooler requested update
[12/05/22 17:55:25:1974155] [DEBUG]: Recieving packet from Spooler of len 2
[12/05/22 17:55:25:1976752] [INFO ]: Spooler requested update
[12/05/22 17:55:25:2605168] [DEBUG]: Recieving packet from Spooler of len 2
[12/05/22 17:55:25:2608422] [INFO ]: Spooler requested update
[12/05/22 17:55:25:3219723] [DEBUG]: Recieving packet from Spooler of len 2
[12/05/22 17:55:25:3222898] [INFO ]: Spooler requested update
[12/05/22 17:55:25:3846545] [DEBUG]: Recieving packet from Spooler of len 2
[12/05/22 17:55:25:3852516] [INFO ]: Spooler requested update
[12/05/22 17:55:25:4454753] [DEBUG]: Recieving packet from Spooler of len 2
[12/05/22 17:55:25:4457760] [INFO ]: Spooler requested update
[12/05/22 17:55:25:5078153] [DEBUG]: Recieving packet from Spooler of len 2
[12/05/22 17:55:25:5081051] [INFO ]: Spooler requested update
[12/05/22 17:55:25:5699915] [DEBUG]: Recieving packet from Spooler of len 2
[12/05/22 17:55:25:5703001] [INFO ]: Spooler requested update
[12/05/22 17:55:25:6310699] [DEBUG]: Recieving packet from Spooler of len 2
[12/05/22 17:55:25:6313383] [INFO ]: Spooler requested update
[12/05/22 17:55:25:6933751] [DEBUG]: Recieving packet from Spooler of len 2
[12/05/22 17:55:25:6936241] [INFO ]: Spooler requested update
[12/05/22 17:55:25:7560172] [DEBUG]: Recieving packet from Spooler of len 2
[12/05/22 17:55:25:7563234] [INFO ]: Spooler requested update
[12/05/22 17:55:25:8180209] [DEBUG]: Recieving packet from Spooler of len 2
[12/05/22 17:55:25:8183312] [INFO ]: Spooler requested update
[12/05/22 17:55:25:8799337] [DEBUG]: Recieving packet from Spooler of len 2
[12/05/22 17:55:25:8802942] [INFO ]: Spooler requested update
[12/05/22 17:55:25:9421212] [DEBUG]: Recieving packet from Spooler of len 2
[12/05/22 17:55:25:9424319] [INFO ]: Spooler requested update
[12/05/22 17:55:26:0037086] [DEBUG]: Recieving packet from Spooler of len 2
[12/05/22 17:55:26:0040684] [INFO ]: Spooler requested update
[12/05/22 17:55:26:0653545] [DEBUG]: Recieving packet from Spooler of len 2
[12/05/22 17:55:26:0656461] [INFO ]: Spooler requested update
[12/05/22 17:55:26:1270757] [DEBUG]: Recieving packet from Spooler of len 2
[12/05/22 17:55:26:1273665] [INFO ]: Spooler requested update
[12/05/22 17:55:26:1887821] [DEBUG]: Recieving packet from Spooler of len 2
[12/05/22 17:55:26:1890584] [INFO ]: Spooler requested update
[12/05/22 17:55:26:2515241] [DEBUG]: Recieving packet from Spooler of len 2
[12/05/22 17:55:26:2518384] [INFO ]: Spooler requested update
[12/05/22 17:55:26:3126861] [DEBUG]: Recieving packet from Spooler of len 2
[12/05/22 17:55:26:3130084] [INFO ]: Spooler requested update
[12/05/22 17:55:26:3752515] [DEBUG]: Recieving packet from Spooler of len 2
[12/05/22 17:55:26:3755505] [INFO ]: Spooler requested update
[12/05/22 17:55:26:4367272] [DEBUG]: Recieving packet from Spooler of len 2
[12/05/22 17:55:26:4369902] [INFO ]: Spooler requested update
[12/05/22 17:55:26:4973550] [DEBUG]: Recieving packet from Spooler of len 2
[12/05/22 17:55:26:4976194] [INFO ]: Spooler requested update
[12/05/22 17:55:26:5584819] [DEBUG]: Recieving packet from Spooler of len 2
[12/05/22 17:55:26:5587474] [INFO ]: Spooler requested update
[12/05/22 17:55:26:6202270] [DEBUG]: Recieving packet from Spooler of len 2
[12/05/22 17:55:26:6204793] [INFO ]: Spooler requested update
[12/05/22 17:55:26:6812267] [DEBUG]: Recieving packet from Spooler of len 2
[12/05/22 17:55:26:6821137] [INFO ]: Spooler requested update
[12/05/22 17:55:26:7429771] [DEBUG]: Recieving packet from Spooler of len 2
[12/05/22 17:55:26:7432501] [INFO ]: Spooler requested update
[12/05/22 17:55:26:8044824] [DEBUG]: Recieving packet from Spooler of len 2
[12/05/22 17:55:26:8047740] [INFO ]: Spooler requested update
[12/05/22 17:55:26:8658402] [DEBUG]: Recieving packet from Spooler of len 2
[12/05/22 17:55:26:8661327] [INFO ]: Spooler requested update
[12/05/22 17:55:26:9272881] [DEBUG]: Recieving packet from Spooler of len 2
[12/05/22 17:55:26:9275467] [INFO ]: Spooler requested update
[12/05/22 17:55:26:9894930] [DEBUG]: Recieving packet from Spooler of len 2
[12/05/22 17:55:26:9897399] [INFO ]: Spooler requested update
[12/05/22 17:55:27:0507043] [DEBUG]: Recieving packet from Spooler of len 2
[12/05/22 17:55:27:0509605] [INFO ]: Spooler requested update
[12/05/22 17:55:27:1128512] [DEBUG]: Recieving packet from Spooler of len 2
[12/05/22 17:55:27:1131134] [INFO ]: Spooler requested update
[12/05/22 17:55:27:1744557] [DEBUG]: Recieving packet from Spooler of len 2
[12/05/22 17:55:27:1747257] [INFO ]: Spooler requested update
[12/05/22 17:55:27:2362112] [DEBUG]: Recieving packet from Spooler of len 2
[12/05/22 17:55:27:2364838] [INFO ]: Spooler requested update
[12/05/22 17:55:27:2970913] [DEBUG]: Recieving packet from Spooler of len 2
[12/05/22 17:55:27:2973431] [INFO ]: Spooler requested update
[12/05/22 17:55:27:3592842] [DEBUG]: Recieving packet from Spooler of len 2
[12/05/22 17:55:27:3595933] [INFO ]: Spooler requested update
[12/05/22 17:55:27:4205974] [DEBUG]: Recieving packet from Spooler of len 2
[12/05/22 17:55:27:4208829] [INFO ]: Spooler requested update
[12/05/22 17:55:27:4814063] [DEBUG]: Recieving packet from Spooler of len 2
[12/05/22 17:55:27:4816707] [INFO ]: Spooler requested update
[12/05/22 17:55:27:5430128] [DEBUG]: Recieving packet from Spooler of len 2
[12/05/22 17:55:27:5432776] [INFO ]: Spooler requested update
[12/05/22 17:55:27:6049309] [DEBUG]: Recieving packet from Spooler of len 2
[12/05/22 17:55:27:6051894] [INFO ]: Spooler requested update
[12/05/22 17:55:27:6660832] [DEBUG]: Recieving packet from Spooler of len 2
[12/05/22 17:55:27:6663452] [INFO ]: Spooler requested update
[12/05/22 17:55:27:7282488] [DEBUG]: Recieving packet from Spooler of len 2
[12/05/22 17:55:27