[10/05/22 13:14:33:6297387] [INFO   ]: Logging started
[10/05/22 13:14:33:6736393] [INFO   ]: Starting Spooler receive
[10/05/22 13:14:34:7596024] [DEBUG  ]: Recieving packet from Spooler of len 2
[10/05/22 13:14:34:7618266] [INFO   ]: Spooler requested update
[10/05/22 13:14:34:8754766] [DEBUG  ]: Recieving packet from Spooler of len 2
[10/05/22 13:14:34:8761537] [INFO   ]: Spooler requested update
[10/05/22 13:14:34:9476747] [DEBUG  ]: Recieving packet from Spooler of len 2
[10/05/22 13:14:34:9492628] [INFO   ]: Spooler requested update
[10/05/22 13:14:35:0373300] [DEBUG  ]: Recieving packet from Spooler of len 2
[10/05/22 13:14:35:0423932] [INFO   ]: Spooler requested update
[10/05/22 13:14:35:1366040] [DEBUG  ]: Recieving packet from Spooler of len 2
[10/05/22 13:14:35:1376068] [INFO   ]: Spooler requested update
[10/05/22 13:14:35:2262619] [DEBUG  ]: Recieving packet from Spooler of len 2
[10/05/22 13:14:35:2272157] [INFO   ]: Spooler requested update
[10/05/22 13:14:35:3235497] [DEBUG  ]: Recieving packet from Spooler of len 2
[10/05/22 13:14:35:3247377] [INFO   ]: Spooler requested update
[10/05/22 13:14:35:4264235] [DEBUG  ]: Recieving packet from Spooler of len 2
[10/05/22 13:14:35:4275404] [INFO   ]: Spooler requested update
[10/05/22 13:14:35:5211313] [DEBUG  ]: Recieving packet from Spooler of len 2
[10/05/22 13:14:35:5228176] [INFO   ]: Spooler requested update
[10/05/22 13:14:35:6255718] [DEBUG  ]: Recieving packet from Spooler of len 2
[10/05/22 13:14:35:6266884] [INFO   ]: Spooler requested update
[10/05/22 13:14:35:7268734] [DEBUG  ]: Recieving packet from Spooler of len 2
[10/05/22 13:14:35:7279947] [INFO   ]: Spooler requested update
[10/05/22 13:14:35:8267159] [DEBUG  ]: Recieving packet from Spooler of len 2
[10/05/22 13:14:35:8278826] [INFO   ]: Spooler requested update
[10/05/22 13:14:35:9265230] [DEBUG  ]: Recieving packet from Spooler of len 2
[10/05/22 13:14:35:9274474] [INFO   ]: Spooler requested update
[10/05/22 13:14:36:0322384] [DEBUG  ]: Recieving packet from Spooler of len 2
[10/05/22 13:14:36:0367891] [INFO   ]: Spooler requested update
[10/05/22 13:14:36:1618329] [DEBUG  ]: Recieving packet from Spooler of len 2
[10/05/22 13:14:36:1670001] [INFO   ]: Spooler requested update
[10/05/22 13:14:36:3602438] [DEBUG  ]: Recieving packet from Spooler of len 2
[10/05/22 13:14:36:3736744] [INFO   ]: Spooler requested update
[10/05/22 13:14:36:4857889] [DEBUG  ]: Recieving packet from Spooler of len 2
[10/05/22 13:14:36:4894890] [INFO   ]: Spooler requested update
[10/05/22 13:14:36:5902662] [DEBUG  ]: Recieving packet from Spooler of len 2
[10/05/22 13:14:36:5931197] [INFO   ]: Spooler requested update
[10/05/22 13:14:36:7244919] [DEBUG  ]: Recieving packet from Spooler of len 2
[10/05/22 13:14:36:7350263] [INFO   ]: Spooler requested update
[10/05/22 13:14:36:8709729] [DEBUG  ]: Recieving packet from Spooler of len 2
[10/05/22 13:14:36:8742249] [INFO   ]: Spooler requested update
[10/05/22 13:14:37:0093012] [DEBUG  ]: Recieving packet from Spooler of len 2
[10/05/22 13:14:37:0187337] [INFO   ]: Spooler requested update
[10/05/22 13:14:37:1454840] [DEBUG  ]: Recieving packet from Spooler of len 2
[10/05/22 13:14:37:1512529] [INFO   ]: Spooler requested update
[10/05/22 13:14:37:2817642] [DEBUG  ]: Recieving packet from Spooler of len 2
[10/05/22 13:14:37:2906150] [INFO   ]: Spooler requested update
[10/05/22 13:14:37:4085423] [DEBUG  ]: Recieving packet from Spooler of len 2
[10/05/22 13:14:37:4112463] [INFO   ]: Spooler requested update
[10/05/22 13:14:37:5129761] [DEBUG  ]: Recieving packet from Spooler of len 2
[10/05/22 13:14:37:5159865] [INFO   ]: Spooler requested update
[10/05/22 13:14:37:6183982] [DEBUG  ]: Recieving packet from Spooler of len 2
[10/05/22 13:14:37:6203365] [INFO   ]: Spooler requested update
[10/05/22 13:14:37:7210146] [DEBUG  ]: Recieving packet from Spooler of len 2
[10/05/22 13:14:37:7298175] [INFO   ]: Spooler requested update
[10/05/22 13:14:37:8507500] [DEBUG  ]: Recieving packet from Spooler of len 2
[10/05/22 13:14:37:8543177] [INFO   ]: Spooler requested update
[10/05/22 13:14:37:9820256] [DEBUG  ]: Recieving packet from Spooler of len 2
[10/05/22 13:14:37:9885681] [INFO   ]: Spooler requested update
[10/05/22 13:14:38:1116920] [DEBUG  ]: Recieving packet from Spooler of len 2
[10/05/22 13:14:38:1221481] [INFO   ]: Spooler requested update
[10/05/22 13:14:38:2775015] [DEBUG  ]: Recieving packet from Spooler of len 2
[10/05/22 13:14:38:2854681] [INFO   ]: Spooler requested update
[10/05/22 13:14:38:4003228] [DEBUG  ]: Recieving packet from Spooler of len 2
[10/05/22 13:14:38:4026012] [INFO   ]: Spooler requested update
[10/05/22 13:14:38:5092095] [DEBUG  ]: Recieving packet from Spooler of len 2
[10/05/22 13:14:38:5111844] [INFO   ]: Spooler requested update
[10/05/22 13:14:38:6343365] [DEBUG  ]: Recieving packet from Spooler of len 2
[10/05/22 13:14:38:6364976] [INFO   ]: Spooler requested update
[10/05/22 13:14:38:7534361] [DEBUG  ]: Recieving packet from Spooler of len 2
[10/05/22 13:14:38:7567108] [INFO   ]: Spooler requested update
[10/05/22 13:14:38:8831092] [DEBUG  ]: Recieving packet from Spooler of len 2
[10/05/22 13:14:38:8869141] [INFO   ]: Spooler requested update
[10/05/22 13:14:39:0035655] [DEBUG  ]: Recieving packet from Spooler of len 2
[10/05/22 13:14:39:0139985] [INFO   ]: Spooler requested update
[10/05/22 13:14:39:1355402] [DEBUG  ]: Recieving packet from Spooler of len 2
[10/05/22 13:14:39:1393315] [INFO   ]: Spooler requested update
[10/05/22 13:14:39:2786029] [DEBUG  ]: Recieving packet from Spooler of len 2
[10/05/22 13:14:39:2851036] [INFO   ]: Spooler requested update
[10/05/22 13:14:39:3987781] [DEBUG  ]: Recieving packet from Spooler of len 2
[10/05/22 13:14:39:4009958] [INFO   ]: Spooler requested update
[10/05/22 13:14:39:5090138] [DEBUG  ]: Recieving packet from Spooler of len 2
[10/05/22 13:14:39:5123738] [INFO   ]: Spooler requested update
[10/05/22 13:14:39:6534271] [DEBUG  ]: Recieving packet from Spooler of len 2
[10/05/22 13:14:39:6557739] [INFO   ]: Spooler requested update
[10/05/22 13:14:39:7784615] [DEBUG  ]: Recieving packet from Spooler of len 2
[10/05/22 13:14:39:7901097] [INFO   ]: Spooler requested update
[10/05/22 13:14:39:9637758] [DEBUG  ]: Recieving packet from Spooler of len 2
[10/05/22 13:14:40:0163694] [INFO   ]: Spooler requested update
[10/05/22 13:14:40:1280572] [DEBUG  ]: Recieving packet from Spooler of len 2
[10/05/22 13:14:40:1353327] [INFO   ]: Spooler requested update
[10/05/22 13:14:40:2582476] [DEBUG  ]: Recieving packet from Spooler of len 2
[10/05/22 13:14:40:2658643] [INFO   ]: Spooler requested update
[10/05/22 13:14:40:4016903] [DEBUG  ]: Recieving packet from Spooler of len 2
[10/05/22 13:14:40:4074701] [INFO   ]: Spooler requested update
[10/05/22 13:14:40:5260685] [DEBUG  ]: Recieving packet from Spooler of len 2
[10/05/22 13:14:40:5289241] [INFO   ]: Spooler requested update
[10/05/22 13:14:40:6507742] [DEBUG  ]: Recieving packet from Spooler of len 2
[10/05/22 13:14:40:6706275] [INFO   ]: Spooler requested update
[10/05/22 13:14:40:8095675] [DEBUG  ]: Recieving packet from Spooler of len 2
[10/05/22 13:14:40:8171824] [INFO   ]: Spooler requested update
[10/05/22 13:14:40:9584023] [DEBUG  ]: Recieving packet from Spooler of len 2
[10/05/22 13:14:40:9626675] [INFO   ]: Spooler requested update
[10/05/22 13:14:41:1153229] [DEBUG  ]: Recieving packet from Spooler of len 2
[10/05/22 13:14:41:1225308] [INFO   ]: Spooler requested update
[10/05/22 13:14:41:2581616] [DEBUG  ]: Recieving packet from Spooler of len 2
[10/05/22 13:14:41:2622330] [INFO   ]: Spooler requested update
[10/05/22 13:14:41:3961012] [DEBUG  ]: Recieving packet from Spooler of len 2
[10/05/22 13:14:41:4007146] [INFO   ]: Spooler requested update
[10/05/22 13:14:41:5340056] [DEBUG  ]: Recieving packet from Spooler of len 2
[10/05/22 13:14:41:5382276] [INFO   ]: Spooler requested update
[10/05/22 13:14:41:6629330] [DEBUG  ]: Recieving packet from Spooler of len 2
[10/05/22 13:14:41:6695929] [INFO   ]: Spooler requested update
[10/05/22 13:14:41:8064546] [DEBUG  ]: Recieving packet from Spooler of len 2
[10/05/22 13:14:41:8097131] [INFO   ]: Spooler requested update
[10/05/22 13:14:41:9284152] [DEBUG  ]: Recieving packet from Spooler of len 2
[10/05/22 13:14:41:9325066] [INFO   ]: Spooler requested update
[10/05/22 13:14:42:0508649] [DEBUG  ]: Recieving packet from Spooler of len 2
[10/05/22 13:14:42:0540483] [INFO   ]: Spooler requested update
[10/05/22 13:14:42:1850607] [DEBUG  ]: Recieving packet from Spooler of len 2
[10/05/22 13:14:42:1893459] [INFO   ]: Spooler requested update
[10/05/22 13:14:42:3192896] [DEBUG  ]: Recieving packet from Spooler of len 2
[10/05/22 13:14:42:3229383] [INFO   ]: Spooler requested update
[10/05/22 13:14:42:4420000] [DEBUG  ]: Recieving packet from Spooler of len 2
[10/05/22 13:14:42:4507557] [INFO   ]: Spooler requested update
[10/05/22 13:14:42:5799317] [DEBUG  ]: Recieving packet from Spooler of len 2
[10/05/22 13:14:42:5832232] [INFO   ]: Spooler requested update
[10/05/22 13:14:42:7076163] [DEBUG  ]: Recieving packet from Spooler of len 2
[10/05/22 13:14:42:7107069] [INFO   ]: Spooler requested update
[10/05/22 13:14:42:8408268] [DEBUG  ]: Recieving packet from Spooler of len 2
[10/05/22 13:14:42:8440713] [INFO   ]: Spooler requested update
[10/05/22 13:14:42:9599601] [DEBUG  ]: Recieving packet from Spooler of len 2
[10/05/22 13:14:42:9670780] [INFO   ]: Spooler requested update
[10/05/22 13:14:43:0968059] [DEBUG  ]: Recieving packet from Spooler of len 2
[10/05/22 13:14:43:1011467] [INFO   ]: Spooler requested update
[10/05/22 13:14:43:2210250] [DEBUG  ]: Recieving packet from Spooler of len 2
[10/05/22 13:14:43:2243317] [INFO   ]: Spooler requested update
[10/05/22 13:14:43:3476720] [DEBUG  ]: Recieving packet from Spooler of len 2
[10/05/22 13:14:43:3509167] [INFO   ]: Spooler requested update
[10/05/22 13:14:43:4783919] [DEBUG  ]: Recieving packet from Spooler of len 2
[10/05/22 13:14:43:4824464] [INFO   ]: Spooler requested update
[10/05/22 13:14:43:6079478] [DEBUG  ]: Recieving packet from Spooler of len 2
[10/05/22 13:14:43:6102875] [INFO   ]: Spooler requested update
[10/05/22 13:14:43:7093344] [DEBUG  ]: Recieving packet from Spooler of len 2
[10/05/22 13:14:43:7162974] [INFO   ]: Spooler requested update
[10/05/22 13:14:43:8141104] [DEBUG  ]: Recieving packet from Spooler of len 2
[10/05/22 13:14:43:8188481] [INFO   ]: Spooler requested update
[10/05/22 13:14:43:9404532] [DEBUG  ]: Recieving packet from Spooler of len 2
[10/05/22 13:14:43:9436817] [INFO   ]: Spooler requested update
[10/05/22 13:14:44:0682719] [DEBUG  ]: Recieving packet from Spooler of len 2
[10/05/22 13:14:44:0722678] [INFO   ]: Spooler requested update
[10/05/22 13:14:44:2077239] [DEBUG  ]: Recieving packet from Spooler of len 2
[10/05/22 13:14:44:2174463] [INFO   ]: Spooler requested update
[10/05/22 13:14:44:3271046] [DEBUG  ]: Recieving packet from Spooler of len 2
[10/05/22 13:14:44:3332143] [INFO   ]: Spooler requested update
[10/05/22 13:14:44:4651606] [DEBUG  ]: Recieving packet from Spooler of len 2
[10/05/22 13:14:44:4686639] [INFO   ]: Spooler requested update
[10/05/22 13:14:44:5976014] [DEBUG  ]: Recieving packet from Spooler of len 2
[10/05/22 13:14:44:6006098] [INFO   ]: Spooler requested update
[10/05/22 13:14:44:7305103] [DEBUG  ]: Recieving packet from Spooler of len 2
[10/05/22 13:14:44:7337094] [INFO   ]: Spooler requested update
[10/05/22 13:14:44:8480451] [DEBUG  ]: Recieving packet from Spooler of len 2
[10/05/22 13:14:44:8513274] [INFO   ]: Spooler requested update
[10/05/22 13:14:44:9770090] [DEBUG  ]: Recieving packet from Spooler of len 2
[10/05/22 13:14:44:9811013] [INFO   ]: Spooler requested update
[10/05/22 13:14:45:1133587] [DEBUG  ]: Recieving packet from Spooler of len 2
[10/05/22 13:14:45:1178150] [INFO   ]: Spooler requested update
[10/05/22 13:14:45:2411268] [DEBUG  ]: Recieving packet from Spooler of len 2
[10/05/22 13:14:45:2504516] [INFO   ]: Spooler requested update
[10/05/22 13:14:45:3961177] [DEBUG  ]: Recieving packet from Spooler of len 2
[10/05/22 13:14:45:4001981] [INFO   ]: Spooler requested update
[10/05/22 13:14:45:5382109] [DEBUG  ]: Recieving packet from Spooler of len 2
[10/05/22 13:14:45:5407977] [INFO   ]: Spooler requested update
[10/05/22 13:14:45:6503084] [DEBUG  ]: Recieving packet from Spooler of len 2
[10/05/22 13:14:45:6526930] [INFO   ]: Spooler requested update
[10/05/22 13:14:45:7582740] [DEBUG  ]: Recieving packet from Spooler of len 2
[10/05/22 13:14:45:7667817] [INFO   ]: Spooler requested update
[10/05/22 13:14:45:8861048] [DEBUG  ]: Recieving packet from Spooler of len 2
[10/05/22 13:14:45:8918236] [INFO   ]: Spooler requested update
[10/05/22 13:14:46:0163477] [DEBUG  ]: Recieving packet from Spooler of len 2
[10/05/22 13:14:46:0200530] [INFO   ]: Spooler requested update
[10/05/22 13:14:46:1425483] [DEBUG  ]: Recieving packet from Spooler of len 2
[10/05/22 13:14:46:1478269] [INFO   ]: Spooler requested update
[10/05/22 13:14:46:2764497] [DEBUG  ]: Recieving packet from Spooler of len 2
[10/05/22 13:14:46:2807861] [INFO   ]: Spooler requested update
[10/05/22 13:14:46:4081310] [DEBUG  ]: Recieving packet from Spooler of len 2
[10/05/22 13:14:46:4190622] [INFO   ]: Spooler requested update
[10/05/22 13:14:46:5277329] [DEBUG  ]: Recieving packet from Spooler of len 2
[10/05/22 13:14:46:5322570] [INFO   ]: Spooler requested update
[10/05/22 13:14:46:6384934] [DEBUG  ]: Recieving packet from Spooler of len 2
[10/05/22 13:14:46:6419624] [INFO   ]: Spooler requested update
[10/05/22 13:14:46:7569893] [DEBUG  ]: Recieving packet from Spooler of len 2
[10/05/22 13:14:46:7608924] [INFO   ]: Spooler requested update
[10/05/22 13:14:46:8738107] [DEBUG  ]: Recieving packet from Spooler of len 2
[10/05/22 13:14:46:8776932] [INFO   ]: Spooler requested update
[10/05/22 13:14:47:0159842] [DEBUG  ]: Recieving packet from Spooler of len 2
[10/05/22 13:14:47:0198141] [INFO   ]: Spooler requested update
[10/05/22 13:14:47:1432399] [DEBUG  ]: Recieving packet from Spooler of len 2
[10/05/22 13:14:47:1481836] [INFO   ]: Spooler requested update
[10/05/22 13:14:47:2782752] [DEBUG  ]: Recieving packet from Spooler of len 2
[10/05/22 13:14:47:2816608] [INFO   ]: Spooler requested update
[10/05/22 13:14:47:4110726] [DEBUG  ]: Recieving packet from Spooler of len 2
[10/05/22 13:14:47:4150284] [INFO   ]: Spooler requested update
[10/05/22 13:14:47:5451382] [DEBUG  ]: Recieving packet from Spooler of len 2
[10/05/22 13:14:47:5490169] [INFO   ]: Spooler requested update
[10/05/22 13:14:47:6636784] [DEBUG  ]: Recieving packet from Spooler of len 2
[10/05/22 13:14:47:6676495] [INFO   ]: Spooler requested update
[10/05/22 13:14:47:7929577] [DEBUG  ]: Recieving packet from Spooler of len 2
[10/05/22 13:14:47:7989678] [INFO   ]: Spooler requested update
[10/05/22 13:14:47:9264991] [DEBUG  ]: Recieving packet from Spooler of len 2
[10/05/22 13:14:47:9306851] [INFO   ]: Spooler requested update
[10/05/22 13:14:48:0579409] [DEBUG  ]: Recieving packet from Spooler of len 2
[10/05/22 13:14:48:0627175] [INFO   ]: Spooler requested update
[10/05/22 13:14:48:1837610] [DEBUG  ]: Recieving packet from Spooler of len 2
[10/05/22 13:14:48:1870192] [INFO   ]: Spooler requested update
[10/05/22 13:14:48:4564555] [DEBUG  ]: Recieving packet from Spooler of len 2
[10/05/22 13:14:48:4588658] [INFO   ]: Spooler requested update
[10/05/22 13:14:48:5684893] [DEBUG  ]: Recieving packet from Spooler of len 2
[10/05/22 13:14:48:5714337] [INFO   ]: Spooler requested update
[10/05/22 13:14:48:7004671] [DEBUG  ]: Recieving packet from Spooler of len 2
[10/05/22 13:14:48:7073971] [INFO   ]: Spooler requested update
[10/05/22 13:14:48:8484055] [DEBUG  ]: Recieving packet from Spooler of len 2
[10/05/22 13:14:48:8529250] [INFO   ]: Spooler requested update
[10/05/22 13:14:48:9828820] [DEBUG  ]: Recieving packet from Spooler of len 2
[10/05/22 13:14:48:9889380] [INFO   ]: Spooler requested update
[10/05/22 13:14:49:1689157] [DEBUG  ]: Recieving packet from Spooler of len 2
[10/05/22 13:14:49:1720227] [INFO   ]: Spooler requested update
[10/05/22 13:14:49:2968145] [DEBUG  ]: Recieving packet from Spooler of len 2
[10/05/22 13:14:49:3001229] [INFO   ]: Spooler requested update
[10/05/22 13:14:49:4420869] [DEBUG  ]: Recieving packet from Spooler of len 2
[10/05/22 13:14:49:4480263] [INFO   ]: Spooler requested update
[10/05/22 13:14:49:5801730] [DEBUG  ]: Recieving packet from Spooler of len 2
[10/05/22 13:14:49:5879858] [INFO   ]: Spooler requested update
[10/05/22 13:14:49:7167718] [DEBUG  ]: Recieving packet from Spooler of len 2
[10/05/22 13:14:49:7214993] [INFO   ]: Spooler requested update
[10/05/22 13:14:49:9099787] [DEBUG  ]: Recieving packet from Spooler of len 2
[10/05/22 13:14:49:9200629] [INFO   ]: Spooler requested update
[10/05/22 13:14:50:0692625] [DEBUG  ]: Recieving packet from Spooler of len 2
[10/05/22 13:14:50:0723663] [INFO   ]: Spooler requested update
[10/05/22 13:14:50:2114975] [DEBUG  ]: Recieving packet from Spooler of len 2
[10/05/22 13:14:50:2155350] [INFO   ]: Spooler requested update
[10/05/22 13:14:50:4076075] [DEBUG  ]: Recieving packet from Spooler of len 2
[10/05/22 13:14:50:4123983] [INFO   ]: Spooler requested update
[10/05/22 13:14:50:5402223] [DEBUG  ]: Recieving packet from Spooler of len 2
[10/05/22 13:14:50:5476212] [INFO   ]: Spooler requested update
[10/05/22 13:14:50:6733315] [DEBUG  ]: Recieving packet from Spooler of len 2
[10/05/22 13:14:50:6784689] [INFO   ]: Spooler requested update
[10/05/22 13:14:50:8462544] [DEBUG  ]: Recieving packet from Spooler of len 2
[10/05/22 13:14:50:8555833] [INFO   ]: Spooler requested update
[10/05/22 13:14:51:0233492] [DEBUG  ]: Recieving packet from Spooler of len 2
[10/05/22 13:14:51:0303078] [INFO   ]: Spooler requested update
[10/05/22 13:14:51:1625238] [DEBUG  ]: Recieving packet from Spooler of len 2
[10/05/22 13:14:51:1675167] [INFO   ]: Spooler requested update
[10/05/22 13:14:51:2868419] [DEBUG  ]: Recieving packet from Spooler of len 2
[10/05/22 13:14:51:2901206] [INFO   ]: Spooler requested update
[10/05/22 13:14:51:4108212] [DEBUG  ]: Recieving packet from Spooler of len 2
[10/05/22 13:14:51:4154035] [INFO   ]: Spooler requested update
[10/05/22 13:14:51:5382388] [DEBUG  ]: Recieving packet from Spooler of len 2
[10/05/22 13:14:51:5417921] [INFO   ]: Spooler requested update
[10/05/22 13:14:51:7344155] [DEBUG  ]: Recieving packet from Spooler of len 2
[10/05/22 13:14:51:7397763] [INFO   ]: Spooler requested update
[10/05/22 13:14:51:8798501] [DEBUG  ]: Recieving packet from Spooler of len 2
[10/05/22 13:14:51:8834547] [INFO   ]: Spooler requested update
[10/05/22 13:14:52:0127309] [DEBUG  ]: Recieving packet from Spooler of len 2
[10/05/22 13:14:52:0170787] [INFO   ]: Spooler requested update
[10/05/22 13:14:52:1336960] [DEBUG  ]: Recieving packet from Spooler of len 2
[10/05/22 13:14:52:1356698] [INFO   ]: Spooler requested update
[10/05/22 13:14:52:2333870] [DEBUG  ]: Recieving packet from Spooler of len 2
[10/05/22 13:14:52:2354489] [INFO   ]: Spooler requested update
[10/05/22 13:14:52:3502485] [DEBUG  ]: Recieving packet from Spooler of len 2
[10/05/22 13:14:52:3541876] [INFO   ]: Spooler requested update
[10/05/22 13:14:52:4832841] [DEBUG  ]: Recieving packet from Spooler of len 2
[10/05/22 13:14:52:4901805] [INFO   ]: Spooler requested update
[10/05/22 13:14:52:6132881] [DEBUG  ]: Recieving packet from Spooler of len 2
[10/05/22 13:14:52:6182654] [INFO   ]: Spooler requested update
[10/05/22 13:14:52:7444766] [DEBUG  ]: Recieving packet from Spooler of len 2
[10/05/22 13:14:52:7483273] [INFO   ]: Spooler requested update
[10/05/22 13:14:52:8797595] [DEBUG  ]: Recieving packet from Spooler of len 2
[10/05/22 13:14:52:8834739] [INFO   ]: Spooler requested update
[10/05/22 13:14:53:0088574] [DEBUG  ]: Recieving packet from Spooler of len 2
[10/05/22 13:14:53:0136658] [INFO   ]: Spooler requested update
[10/05/22 13:14:53:1477857] [DEBUG  ]: Recieving packet from Spooler of len 2
[10/05/22 13:14:53:1518173] [INFO   ]: Spooler requested update
[10/05/22 13:14:53:2800852] [DEBUG  ]: Recieving packet from Spooler of len 2
[10/05/22 13:14:53:2840850] [INFO   ]: Spooler requested update
[10/05/22 13:14:53:4169269] [DEBUG  ]: Recieving packet from Spooler of len 2
[10/05/22 13:14:53:4207133] [INFO   ]: Spooler requested update
[10/05/22 13:14:53:5505762] [DEBUG  ]: Recieving packet from Spooler of len 2
[10/05/22 13:14:53:5546176] [INFO   ]: Spooler requested update
[10/05/22 13:14:53:6907127] [DEBUG  ]: Recieving packet from Spooler of len 2
[10/05/22 13:14:53:6957142] [INFO   ]: Spooler requested update
[10/05/22 13:14:53:8131510] [DEBUG  ]: Recieving packet from Spooler of len 2
[10/05/22 13:14:53:8181857] [INFO   ]: Spooler requested update
[10/05/22 13:14:53:9403377] [DEBUG  ]: Recieving packet from Spooler of len 2
[10/05/22 13:14:53:9484436] [INFO   ]: Spooler requested update
[10/05/22 13:14:54:0757645] [DEBUG  ]: Recieving packet from Spooler of len 2
[10/05/22 13:14:54:0801572] [INFO   ]: Spooler requested update
[10/05/22 13:14:54:2135378] [DEBUG  ]: Recieving packet from Spooler of len 2
[10/05/22 13:14:54:2161391] [INFO   ]: Spooler requested update
[10/05/22 13:14:54:3439470] [DEBUG  ]: Recieving packet from Spooler of len 2
[10/05/22 13:14:54:3488030] [INFO   ]: Spooler requested update
[10/05/22 13:14:54:4880261] [DEBUG  ]: Recieving packet from Spooler of len 2
[10/05/22 13:14:54:4934694] [INFO   ]: Spooler requested update
[10/05/22 13:14:54:6276206] [DEBUG  ]: Recieving packet from Spooler of len 2
[10/05/22 13:14:54:6325557] [INFO   ]: Spooler requested update
[10/05/22 13:14:54:7704700] [DEBUG  ]: Recieving packet from Spooler of len 2
[10/05/22 13:14:54:7811073] [INFO   ]: Spooler requested update
[10/05/22 13:14:54:9243757] [DEBUG  ]: Recieving packet from Spooler of len 2
[10/05/22 13:14:54:9290811] [INFO   ]: Spooler requested update
[10/05/22 13:14:55:0913951] [DEBUG  ]: Recieving packet from Spooler of len 2
[10/05/22 13:14:55:0967537] [INFO   ]: Spooler requested update
[10/05/22 13:14:55:2699011] [DEBUG  ]: Recieving packet from Spooler of len 2
[10/05/22 13:14:55:2728867] [INFO   ]: Spooler requested update
[10/05/22 13:14:55:3761502] [DEBUG  ]: Recieving packet from Spooler of len 2
[10/05/22 13:14:55:3787446] [INFO   ]: Spooler requested update
[10/05/22 13:14:55:5040500] [DEBUG  ]: Recieving packet from Spooler of len 2
[10/05/22 13:14:55:5066190] [INFO   ]: Spooler requested update
[10/05/22 13:14:55:6148958] [DEBUG  ]: Recieving packet from Spooler of len 2
[10/05/22 13:14:55:6170585] [INFO   ]: Spooler requested update
[10/05/22 13:14:55:7221581] [DEBUG  ]: Recieving packet from Spooler of len 2
[10/05/22 13:14:55:7310442] [INFO   ]: Spooler requested update
[10/05/22 13:14:55:8470692] [DEBUG  ]: Recieving packet from Spooler of len 2
[10/05/22 13:14:55:8513639] [INFO   ]: Spooler requested update
[10/05/22 13:14:55:9751430] [DEBUG  ]: Recieving packet from Spooler of len 2
[10/05/22 13:14:55:9797575] [INFO   ]: Spooler requested update
[10/05/22 13:14:56:0882538] [DEBUG  ]: Recieving packet from Spooler of len 2
[10/05/22 13:14:56:0977501] [INFO   ]: Spooler requested update
[10/05/22 13:14:56:2051965] [DEBUG  ]: Recieving packet from Spooler of len 2
[10/05/22 13:14:56:2142446] [INFO   ]: Spooler requested update
[10/05/22 13:14:56:3208844] [DEBUG  ]: Recieving packet from Spooler of len 2
[10/05/22 13:14:56:3251498] [INFO   ]: Spooler requested update
[10/05/22 13:14:56:4411326] [DEBUG  ]: Recieving packet from Spooler of len 2
[10/05/22 13:14:56:4456689] [INFO   ]: Spooler requested update
[10/05/22 13:14:56:5572691] [DEBUG  ]: Recieving packet from Spooler of len 2
[10/05/22 13:14:56:5622223] [INFO   ]: Spooler requested update
[10/05/22 13:14:56:6884063] [DEBUG  ]: Recieving packet from Spooler of len 2
[10/05/22 13:14:56:6918572] [INFO   ]: Spooler requested update
[10/05/22 13:14:56:7997342] [DEBUG  ]: Recieving packet from Spooler of len 2
[10/05/22 13:14:56:8016585] [INFO   ]: Spooler requested update
[10/05/22 13:14:56:9299989] [DEBUG  ]: Recieving packet from Spooler of len 2
[10/05/22 13:14:56:9370572] [INFO   ]: S