[12/05/22 17:55:23:8915867] [INFO ]: Logging started
[12/05/22 17:55:23:9032596] [INFO ]: Starting Spooler receive
[12/05/22 17:55:24:2012886] [DEBUG]: Recieving packet from Spooler of len 2
[12/05/22 17:55:24:2016195] [INFO ]: Spooler requested update
[12/05/22 17:55:24:2743051] [DEBUG]: Recieving packet from Spooler of len 2
[12/05/22 17:55:24:2744510] [INFO ]: Spooler requested update
[12/05/22 17:55:24:3368786] [DEBUG]: Recieving packet from Spooler of len 2
[12/05/22 17:55:24:3370248] [INFO ]: Spooler requested update
[12/05/22 17:55:24:3984854] [DEBUG]: Recieving packet from Spooler of len 2
[12/05/22 17:55:24:3986209] [INFO ]: Spooler requested update
[12/05/22 17:55:24:4595136] [DEBUG]: Recieving packet from Spooler of len 2
[12/05/22 17:55:24:4596502] [INFO ]: Spooler requested update
[12/05/22 17:55:24:5213137] [DEBUG]: Recieving packet from Spooler of len 2
[12/05/22 17:55:24:5214238] [INFO ]: Spooler requested update
[12/05/22 17:55:24:5829972] [DEBUG]: Recieving packet from Spooler of len 2
[12/05/22 17:55:24:5832329] [INFO ]: Spooler requested update
[12/05/22 17:55:24:6460516] [DEBUG]: Recieving packet from Spooler of len 2
[12/05/22 17:55:24:6461979] [INFO ]: Spooler requested update
[12/05/22 17:55:24:7080442] [DEBUG]: Recieving packet from Spooler of len 2
[12/05/22 17:55:24:7081931] [INFO ]: Spooler requested update
[12/05/22 17:55:24:7683010] [DEBUG]: Recieving packet from Spooler of len 2
[12/05/22 17:55:24:7684304] [INFO ]: Spooler requested update
[12/05/22 17:55:24:8290085] [DEBUG]: Recieving packet from Spooler of len 2
[12/05/22 17:55:24:8291357] [INFO ]: Spooler requested update
[12/05/22 17:55:24:8899335] [DEBUG]: Recieving packet from Spooler of len 2
[12/05/22 17:55:24:8900610] [INFO ]: Spooler requested update
[12/05/22 17:55:24:9528991] [DEBUG]: Recieving packet from Spooler of len 2
[12/05/22 17:55:24:9530409] [INFO ]: Spooler requested update
[12/05/22 17:55:25:0140988] [DEBUG]: Recieving packet from Spooler of len 2
[12/05/22 17:55:25:0144033] [INFO ]: Spooler requested update
[12/05/22 17:55:25:0740487] [DEBUG]: Recieving packet from Spooler of len 2
[12/05/22 17:55:25:0743300] [INFO ]: Spooler requested update
[12/05/22 17:55:25:1353097] [DEBUG]: Recieving packet from Spooler of len 2
[12/05/22 17:55:25:1356084] [INFO ]: Spooler requested update
[12/05/22 17:55:25:1969216] [DEBUG]: Recieving packet from Spooler of len 2
[12/05/22 17:55:25:1971864] [INFO ]: Spooler requested update
[12/05/22 17:55:25:2599581] [DEBUG]: Recieving packet from Spooler of len 2
[12/05/22 17:55:25:2602595] [INFO ]: Spooler requested update
[12/05/22 17:55:25:3213810] [DEBUG]: Recieving packet from Spooler of len 2
[12/05/22 17:55:25:3217145] [INFO ]: Spooler requested update
[12/05/22 17:55:25:3839951] [DEBUG]: Recieving packet from Spooler of len 2
[12/05/22 17:55:25:3843556] [INFO ]: Spooler requested update
[12/05/22 17:55:25:4449413] [DEBUG]: Recieving packet from Spooler of len 2
[12/05/22 17:55:25:4452309] [INFO ]: Spooler requested update
[12/05/22 17:55:25:5073072] [DEBUG]: Recieving packet from Spooler of len 2
[12/05/22 17:55:25:5075793] [INFO ]: Spooler requested update
[12/05/22 17:55:25:5694452] [DEBUG]: Recieving packet from Spooler of len 2
[12/05/22 17:55:25:5697542] [INFO ]: Spooler requested update
[12/05/22 17:55:25:6305843] [DEBUG]: Recieving packet from Spooler of len 2
[12/05/22 17:55:25:6308444] [INFO ]: Spooler requested update
[12/05/22 17:55:25:6929185] [DEBUG]: Recieving packet from Spooler of len 2
[12/05/22 17:55:25:6931611] [INFO ]: Spooler requested update
[12/05/22 17:55:25:7550428] [DEBUG]: Recieving packet from Spooler of len 2
[12/05/22 17:55:25:7557641] [INFO ]: Spooler requested update
[12/05/22 17:55:25:8174611] [DEBUG]: Recieving packet from Spooler of len 2
[12/05/22 17:55:25:8177652] [INFO ]: Spooler requested update
[12/05/22 17:55:25:8789865] [DEBUG]: Recieving packet from Spooler of len 2
[12/05/22 17:55:25:8796611] [INFO ]: Spooler requested update
[12/05/22 17:55:25:9408595] [DEBUG]: Recieving packet from Spooler of len 2
[12/05/22 17:55:25:9418496] [INFO ]: Spooler requested update
[12/05/22 17:55:26:0030991] [DEBUG]: Recieving packet from Spooler of len 2
[12/05/22 17:55:26:0034443] [INFO ]: Spooler requested update
[12/05/22 17:55:26:0648387] [DEBUG]: Recieving packet from Spooler of len 2
[12/05/22 17:55:26:0651284] [INFO ]: Spooler requested update
[12/05/22 17:55:26:1265618] [DEBUG]: Recieving packet from Spooler of len 2
[12/05/22 17:55:26:1268387] [INFO ]: Spooler requested update
[12/05/22 17:55:26:1882762] [DEBUG]: Recieving packet from Spooler of len 2
[12/05/22 17:55:26:1885498] [INFO ]: Spooler requested update
[12/05/22 17:55:26:2509543] [DEBUG]: Recieving packet from Spooler of len 2
[12/05/22 17:55:26:2512394] [INFO ]: Spooler requested update
[12/05/22 17:55:26:3121740] [DEBUG]: Recieving packet from Spooler of len 2
[12/05/22 17:55:26:3124555] [INFO ]: Spooler requested update
[12/05/22 17:55:26:3747342] [DEBUG]: Recieving packet from Spooler of len 2
[12/05/22 17:55:26:3750195] [INFO ]: Spooler requested update
[12/05/22 17:55:26:4362514] [DEBUG]: Recieving packet from Spooler of len 2
[12/05/22 17:55:26:4365101] [INFO ]: Spooler requested update
[12/05/22 17:55:26:4969012] [DEBUG]: Recieving packet from Spooler of len 2
[12/05/22 17:55:26:4971475] [INFO ]: Spooler requested update
[12/05/22 17:55:26:5580309] [DEBUG]: Recieving packet from Spooler of len 2
[12/05/22 17:55:26:5582783] [INFO ]: Spooler requested update
[12/05/22 17:55:26:6197654] [DEBUG]: Recieving packet from Spooler of len 2
[12/05/22 17:55:26:6200222] [INFO ]: Spooler requested update
[12/05/22 17:55:26:6807826] [DEBUG]: Recieving packet from Spooler of len 2
[12/05/22 17:55:26:6810379] [INFO ]: Spooler requested update
[12/05/22 17:55:26:7425248] [DEBUG]: Recieving packet from Spooler of len 2
[12/05/22 17:55:26:7427794] [INFO ]: Spooler requested update
[12/05/22 17:55:26:8039961] [DEBUG]: Recieving packet from Spooler of len 2
[12/05/22 17:55:26:8042628] [INFO ]: Spooler requested update
[12/05/22 17:55:26:8653151] [DEBUG]: Recieving packet from Spooler of len 2
[12/05/22 17:55:26:8656150] [INFO ]: Spooler requested update
[12/05/22 17:55:26:9268119] [DEBUG]: Recieving packet from Spooler of len 2
[12/05/22 17:55:26:9270829] [INFO ]: Spooler requested update
[12/05/22 17:55:26:9890416] [DEBUG]: Recieving packet from Spooler of len 2
[12/05/22 17:55:26:9892919] [INFO ]: Spooler requested update
[12/05/22 17:55:27:0502501] [DEBUG]: Recieving packet from Spooler of len 2
[12/05/22 17:55:27:0505074] [INFO ]: Spooler requested update
[12/05/22 17:55:27:1123922] [DEBUG]: Recieving packet from Spooler of len 2
[12/05/22 17:55:27:1126377] [INFO ]: Spooler requested update
[12/05/22 17:55:27:1739900] [DEBUG]: Recieving packet from Spooler of len 2
[12/05/22 17:55:27:1742390] [INFO ]: Spooler requested update
[12/05/22 17:55:27:2357282] [DEBUG]: Recieving packet from Spooler of len 2
[12/05/22 17:55:27:2359818] [INFO ]: Spooler requested update
[12/05/22 17:55:27:2966189] [DEBUG]: Recieving packet from Spooler of len 2
[12/05/22 17:55:27:2968860] [INFO ]: Spooler requested update
[12/05/22 17:55:27:3587439] [DEBUG]: Recieving packet from Spooler of len 2
[12/05/22 17:55:27:3590549] [INFO ]: Spooler requested update
[12/05/22 17:55:27:4201184] [DEBUG]: Recieving packet from Spooler of len 2
[12/05/22 17:55:27:4203784] [INFO ]: Spooler requested update
[12/05/22 17:55:27:4809608] [DEBUG]: Recieving packet from Spooler of len 2
[12/05/22 17:55:27:4812001] [INFO ]: Spooler requested update
[12/05/22 17:55:27:5425641] [DEBUG]: Recieving packet from Spooler of len 2
[12/05/22 17:55:27:5428033] [INFO ]: Spooler requested update
[12/05/22 17:55:27:6044534] [DEBUG]: Recieving packet from Spooler of len 2
[12/05/22 17:55:27:6047081] [INFO ]: Spooler requested update
[12/05/22 17:55:27:6656296] [DEBUG]: Recieving packet from Spooler of len 2
[12/05/22 17:55:27:6658782] [INFO ]: Spooler requested update
[12/05/22 17:55:27:7278154] [DEBUG]: Recieving packet from Spooler of len 2
[12/05/22 17:55:27