[11/05/22 09:36:41:6582793] [INFO ]: Logging started
[11/05/22 09:36:41:8533317] [INFO ]: Starting Spooler receive
[11/05/22 09:36:43:3657903] [DEBUG]: Recieving packet from Spooler of len 2
[11/05/22 09:36:43:3671261] [INFO ]: Spooler requested update
[11/05/22 09:36:43:4979355] [DEBUG]: Recieving packet from Spooler of len 2
[11/05/22 09:36:43:4982759] [INFO ]: Spooler requested update
[11/05/22 09:36:43:5655548] [DEBUG]: Recieving packet from Spooler of len 2
[11/05/22 09:36:43:5664619] [INFO ]: Spooler requested update
[11/05/22 09:36:43:6560345] [DEBUG]: Recieving packet from Spooler of len 2
[11/05/22 09:36:43:6569253] [INFO ]: Spooler requested update
[11/05/22 09:36:43:7466881] [DEBUG]: Recieving packet from Spooler of len 2
[11/05/22 09:36:43:7471906] [INFO ]: Spooler requested update
[11/05/22 09:36:43:8161171] [DEBUG]: Recieving packet from Spooler of len 2
[11/05/22 09:36:43:8196896] [INFO ]: Spooler requested update
[11/05/22 09:36:43:9014548] [DEBUG]: Recieving packet from Spooler of len 2
[11/05/22 09:36:43:9028890] [INFO ]: Spooler requested update
[11/05/22 09:36:43:9846710] [DEBUG]: Recieving packet from Spooler of len 2
[11/05/22 09:36:43:9858148] [INFO ]: Spooler requested update
[11/05/22 09:36:44:0735668] [DEBUG]: Recieving packet from Spooler of len 2
[11/05/22 09:36:44:0749790] [INFO ]: Spooler requested update
[11/05/22 09:36:44:2138142] [DEBUG]: Recieving packet from Spooler of len 2
[11/05/22 09:36:44:2161674] [INFO ]: Spooler requested update
[11/05/22 09:36:44:2903019] [DEBUG]: Recieving packet from Spooler of len 2
[11/05/22 09:36:44:2910819] [INFO ]: Spooler requested update
[11/05/22 09:36:44:3584600] [DEBUG]: Recieving packet from Spooler of len 2
[11/05/22 09:36:44:3588210] [INFO ]: Spooler requested update
[11/05/22 09:36:44:4442433] [DEBUG]: Recieving packet from Spooler of len 2
[11/05/22 09:36:44:4451176] [INFO ]: Spooler requested update
[11/05/22 09:36:44:5227274] [DEBUG]: Recieving packet from Spooler of len 2
[11/05/22 09:36:44:5300828] [INFO ]: Spooler requested update
[11/05/22 09:36:44:6656498] [DEBUG]: Recieving packet from Spooler of len 2
[11/05/22 09:36:44:6719030] [INFO ]: Spooler requested update
[11/05/22 09:36:44:8432062] [DEBUG]: Recieving packet from Spooler of len 2
[11/05/22 09:36:44:8471459] [INFO ]: Spooler requested update
[11/05/22 09:36:44:9532361] [DEBUG]: Recieving packet from Spooler of len 2
[11/05/22 09:36:44:9552055] [INFO ]: Spooler requested update
[11/05/22 09:36:45:0486590] [DEBUG]: Recieving packet from Spooler of len 2
[11/05/22 09:36:45:0531746] [INFO ]: Spooler requested update
[11/05/22 09:36:45:1735935] [DEBUG]: Recieving packet from Spooler of len 2
[11/05/22 09:36:45:1773050] [INFO ]: Spooler requested update
[11/05/22 09:36:45:3159126] [DEBUG]: Recieving packet from Spooler of len 2
[11/05/22 09:36:45:3172623] [INFO ]: Spooler requested update
[11/05/22 09:36:45:4651806] [DEBUG]: Recieving packet from Spooler of len 2
[11/05/22 09:36:45:4708178] [INFO ]: Spooler requested update
[11/05/22 09:36:45:5943532] [DEBUG]: Recieving packet from Spooler of len 2
[11/05/22 09:36:45:6059081] [INFO ]: Spooler requested update
[11/05/22 09:36:45:7371232] [DEBUG]: Recieving packet from Spooler of len 2
[11/05/22 09:36:45:7429806] [INFO ]: Spooler requested update
[11/05/22 09:36:45:8632984] [DEBUG]: Recieving packet from Spooler of len 2
[11/05/22 09:36:45:8700377] [INFO ]: Spooler requested update
[11/05/22 09:36:45:9954588] [DEBUG]: Recieving packet from Spooler of len 2
[11/05/22 09:36:46:0001599] [INFO ]: Spooler requested update
[11/05/22 09:36:46:1137943] [DEBUG]: Recieving packet from Spooler of len 2
[11/05/22 09:36:46:1201708] [INFO ]: Spooler requested update
[11/05/22 09:36:46:2446086] [DEBUG]: Recieving packet from Spooler of len 2
[11/05/22 09:36:46:2469123] [INFO ]: Spooler requested update
[11/05/22 09:36:46:3810517] [DEBUG]: Recieving packet from Spooler of len 2
[11/05/22 09:36:46:3876401] [INFO ]: Spooler requested update
[11/05/22 09:36:46:5159193] [DEBUG]: Recieving packet from Spooler of len 2
[11/05/22 09:36:46:5169529] [INFO ]: Spooler requested update
[11/05/22 09:36:46:6487798] [DEBUG]: Recieving packet from Spooler of len 2
[11/05/22 09:36:46:6587036] [INFO ]: Spooler requested update
[11/05/22 09:36:46:8118783] [DEBUG]: Recieving packet from Spooler of len 2
[11/05/22 09:36:46:8144518] [INFO ]: Spooler requested update
[11/05/22 09:36:46:9323034] [DEBUG]: Recieving packet from Spooler of len 2
[11/05/22 09:36:46:9361776] [INFO ]: Spooler requested update
[11/05/22 09:36:47:0521057] [DEBUG]: Recieving packet from Spooler of len 2
[11/05/22 09:36:47:0552568] [INFO ]: Spooler requested update
[11/05/22 09:36:47:1847226] [DEBUG]: Recieving packet from Spooler of len 2
[11/05/22 09:36:47:1890296] [INFO ]: Spooler requested update
[11/05/22 09:36:47:3179341] [DEBUG]: Recieving packet from Spooler of len 2
[11/05/22 09:36:47:3224237] [INFO ]: Spooler requested update
[11/05/22 09:36:47:4650587] [DEBUG]: Recieving packet from Spooler of len 2
[11/05/22 09:36:47:4712585] [INFO ]: Spooler requested update
[11/05/22 09:36:47:6304026] [DEBUG]: Recieving packet from Spooler of len 2
[11/05/22 09:36:47:6489705] [INFO ]: Spooler requested update
[11/05/22 09:36:47:7720140] [DEBUG]: Recieving packet from Spooler of len 2
[11/05/22 09:36:47:7769445] [INFO ]: Spooler requested update
[11/05/22 09:36:47:8810779] [DEBUG]: Recieving packet from Spooler of len 2
[11/05/22 09:36:47:8878335] [INFO ]: Spooler requested update
[11/05/22 09:36:47:9854034] [DEBUG]: Recieving packet from Spooler of len 2
[11/05/22 09:36:47:9885215] [INFO ]: Spooler requested update
[11/05/22 09:36:48:0919895] [DEBUG]: Recieving packet from Spooler of len 2
[11/05/22 09:36:48:0956652] [INFO ]: Spooler requested update
[11/05/22 09:36:48:2129328] [DEBUG]: Recieving packet from Spooler of len 2
[11/05/22 09:36:48:2188021] [INFO ]: Spooler requested update
[11/05/22 09:36:48:3251070] [DEBUG]: Recieving packet from Spooler of len 2
[11/05/22 09:36:48:3265055] [INFO ]: Spooler requested update
[11/05/22 09:36:48:4415494] [DEBUG]: Recieving packet from Spooler of len 2
[11/05/22 09:36:48:4463540] [INFO ]: Spooler requested update
[11/05/22 09:36:48:5770720] [DEBUG]: Recieving packet from Spooler of len 2
[11/05/22 09:36:48:5807393] [INFO ]: Spooler requested update
[11/05/22 09:36:48:7133450] [DEBUG]: Recieving packet from Spooler of len 2
[11/05/22 09:36:48:7191248] [INFO ]: Spooler requested update
[11/05/22 09:36:48:8454099] [DEBUG]: Recieving packet from Spooler of len 2
[11/05/22 09:36:48:8548688] [INFO ]: Spooler requested update
[11/05/22 09:36:48:9820963] [DEBUG]: Recieving packet from Spooler of len 2
[11/05/22 09:36:48:9898431] [INFO ]: Spooler requested update
[11/05/22 09:36:49:1236538] [DEBUG]: Recieving packet from Spooler of len 2
[11/05/22 09:36:49:1297796] [INFO ]: Spooler requested update
[11/05/22 09:36:49:2653964] [DEBUG]: Recieving packet from Spooler of len 2
[11/05/22 09:36:49:2707105] [INFO ]: Spooler requested update
[11/05/22 09:36:49:4048983] [DEBUG]: Recieving packet from Spooler of len 2
[11/05/22 09:36:49:4127840] [INFO ]: Spooler requested update
[11/05/22 09:36:49:5649094] [DEBUG]: Recieving packet from Spooler of len 2
[11/05/22 09:36:49:5694135] [INFO ]: Spooler requested update
[11/05/22 09:36:49:7142346] [DEBUG]: Recieving packet from Spooler of len 2
[11/05/22 09:36:49:7192253] [INFO ]: Spooler requested update
[11/05/22 09:36:49:8396748] [DEBUG]: Recieving packet from Spooler of len 2
[11/05/22 09:36:49:8438191] [INFO ]: Spooler requested update
[11/05/22 09:36:49:9721058] [DEBUG]: Recieving packet from Spooler of len 2
[11/05/22 09:36:49:9775382] [INFO ]: Spooler requested update
[11/05/22 09:36:50:1056982] [DEBUG]: Recieving packet from Spooler of len 2
[11/05/22 09:36:50:1099625] [INFO ]: Spooler requested update
[11/05/22 09:36:50:2287531] [DEBUG]: Recieving packet from Spooler of len 2
[11/05/22 09:36:50:2380112] [INFO ]: Spooler requested update
[11/05/22 09:36:50:3514425] [DEBUG]: Recieving packet from Spooler of len 2
[11/05/22 09:36:50:3562134] [INFO ]: Spooler requested update
[11/05/22 09:36:50:4905030] [DEBUG]: Recieving packet from Spooler of len 2
[11/05/22 09:36:50:4937173] [INFO ]: Spooler requested update
[11/05/22 09:36:50:6175025] [DEBUG]: Recieving packet from Spooler of len 2
[11/05/22 09:36:50:6210159] [INFO ]: Spooler requested update
[11/05/22 09:36:50:7620806] [DEBUG]: Recieving packet from Spooler of len 2
[11/05/22 09:36:50:7699008] [INFO ]: Spooler requested update
[11/05/22 09:36:50:8990483] [DEBUG]: Recieving packet from Spooler of len 2
[11/05/22 09:36:50:9025464] [INFO ]: Spooler requested update
[11/05/22 09:36:51:0327416] [DEBUG]: Recieving packet from Spooler of len 2
[11/05/22 09:36:51:0369211] [INFO ]: Spooler requested update
[11/05/22 09:36:51:1502522] [DEBUG]: Recieving packet from Spooler of len 2
[11/05/22 09:36:51:1535196] [INFO ]: Spooler requested update
[11/05/22 09:36:51:2988143] [DEBUG]: Recieving packet from Spooler of len 2
[11/05/22 09:36:51:3033732] [INFO ]: Spooler requested update
[11/05/22 09:36:51:4430634] [DEBUG]: Recieving packet from Spooler of len 2
[11/05/22 09:36:51:4481903] [INFO ]: Spooler requested update
[11/05/22 09:36:51:5652962] [DEBUG]: Recieving packet from Spooler of len 2
[11/05/22 09:36:51:5701565] [INFO ]: Spooler requested update
[11/05/22 09:36:51:7001882] [DEBUG]: Recieving packet from Spooler of len 2
[11/05/22 09:36:51:7039317] [INFO ]: Spooler requested update
[11/05/22 09:36:51:8558017] [DEBUG]: Recieving packet from Spooler of len 2
[11/05/22 09:36:51:8606724] [INFO ]: Spooler requested update
[11/05/22 09:36:51:9902530] [DEBUG]: Recieving packet from Spooler of len 2
[11/05/22 09:36:51:9950760] [INFO ]: Spooler requested update
[11/05/22 09:36:52:1315740] [DEBUG]: Recieving packet from Spooler of len 2
[11/05/22 09:36:52:1356960] [INFO ]: Spooler requested update
[11/05/22 09:36:52:2677033] [DEBUG]: Recieving packet from Spooler of len 2
[11/05/22 09:36:52:2709681] [INFO ]: Spooler requested update
[11/05/22 09:36:52:4011102] [DEBUG]: Recieving packet from Spooler of len 2
[11/05/22 09:36:52:4050816] [INFO ]: Spooler requested update
[11/05/22 09:36:52:5256509] [DEBUG]: Recieving packet from Spooler of len 2
[11/05/22 09:36:52:5291489] [INFO ]: Spooler requested update
[11/05/22 09:36:52:6549191] [DEBUG]: Recieving packet from Spooler of len 2
[11/05/22 09:36:52:6588465] [INFO ]: Spooler requested update
[11/05/22 09:36:52:7883852] [DEBUG]: Recieving packet from Spooler of len 2
[11/05/22 09:36:52:7923657] [INFO ]: Spooler requested update
[11/05/22 09:36:52:9189847] [DEBUG]: Recieving packet from Spooler of len 2
[11/05/22 09:36:52:9232490] [INFO ]: Spooler requested update
[11/05/22 09:36:53:0387692] [DEBUG]: Recieving packet from Spooler of len 2
[11/05/22 09:36:53:0430242] [INFO ]: Spooler requested update
[11/05/22 09:36:53:1653709] [DEBUG]: Recieving packet from Spooler of len 2
[11/05/22 09:36:53:1700139] [INFO ]: Spooler requested update
[11/05/22 09:36:53:2830846] [DEBUG]: Recieving packet from Spooler of len 2
[11/05/22 09:36:53:2865170] [INFO ]: Spooler requested update
[11/05/22 09:36:53:4183170] [DEBUG]: Recieving packet from Spooler of len 2
[11/05/22 09:36:53:4215272] [INFO ]: Spooler requested update
[11/05/22 09:36:53:5515294] [DEBUG]: Recieving packet from Spooler of len 2
[11/05/22 09:36:53:5553632] [INFO ]: Spooler requested update
[11/05/22 09:36:53:6875744] [DEBUG]: Recieving packet from Spooler of len 2
[11/05/22 09:36:53:6912134] [INFO ]: Spooler requested update
[11/05/22 09:36:53:8132591] [DEBUG]: Recieving packet from Spooler of len 2
[11/05/22 09:36:53:8205852] [INFO ]: Spooler requested update
[11/05/22 09:36:53:9804248] [DEBUG]: Recieving packet from Spooler of len 2
[11/05/22 09:36:53:9810731] [INFO ]: Spooler requested update
[11/05/22 09:36:54:1023675] [DEBUG]: Recieving packet from Spooler of len 2
[11/05/22 09:36:54:1059940] [INFO ]: Spooler requested update
[11/05/22 09:36:54:2331372] [DEBUG]: Recieving packet from Spooler of len 2
[11/05/22 09:36:54:2368546] [INFO ]: Spooler requested