[12/05/22 19:26:28:4391795] [INFO ]: Logging started
[12/05/22 19:26:28:4502388] [INFO ]: Starting Spooler receive
[12/05/22 19:26:28:4682948] [DEBUG]: Recieving packet from Spooler of len 2
[12/05/22 19:26:28:4685310] [DEBUG]: Spooler requested update
[12/05/22 19:26:28:5276475] [DEBUG]: Recieving packet from Spooler of len 2
[12/05/22 19:26:28:5279025] [DEBUG]: Spooler requested update
[12/05/22 19:26:28:5891420] [DEBUG]: Recieving packet from Spooler of len 2
[12/05/22 19:26:28:5893749] [DEBUG]: Spooler requested update
[12/05/22 19:26:28:6513981] [DEBUG]: Recieving packet from Spooler of len 2
[12/05/22 19:26:28:6516435] [DEBUG]: Spooler requested update
[12/05/22 19:26:28:7135919] [DEBUG]: Recieving packet from Spooler of len 2
[12/05/22 19:26:28:7138663] [DEBUG]: Spooler requested update
[12/05/22 19:26:28:7768890] [DEBUG]: Recieving packet from Spooler of len 2
[12/05/22 19:26:28:7771405] [DEBUG]: Spooler requested update
[12/05/22 19:26:28:8376531] [DEBUG]: Recieving packet from Spooler of len 2
[12/05/22 19:26:28:8379273] [DEBUG]: Spooler requested update
[12/05/22 19:26:28:9007213] [DEBUG]: Recieving packet from Spooler of len 2
[12/05/22 19:26:28:9009377] [DEBUG]: Spooler requested update
[12/05/22 19:26:28:9612878] [DEBUG]: Recieving packet from Spooler of len 2
[12/05/22 19:26:28:9615022] [DEBUG]: Spooler requested update
[12/05/22 19:26:29:0232373] [DEBUG]: Recieving packet from Spooler of len 2
[12/05/22 19:26:29:0234682] [DEBUG]: Spooler requested update
[12/05/22 19:26:29:0864121] [DEBUG]: Recieving packet from Spooler of len 2
[12/05/22 19:26:29:0866604] [DEBUG]: Spooler requested update
[12/05/22 19:26:29:1467119] [DEBUG]: Recieving packet from Spooler of len 2
[12/05/22 19:26:29:1469141] [DEBUG]: Spooler requested update
[12/05/22 19:26:29:2072546] [DEBUG]: Recieving packet from Spooler of len 2
[12/05/22 19:26:29:2074927] [DEBUG]: Spooler requested update
[12/05/22 19:26:29:2683307] [DEBUG]: Recieving packet from Spooler of len 2
[12/05/22 19:26:29:2690720] [DEBUG]: Spooler requested update
[12/05/22 19:26:29:3297446] [DEBUG]: Recieving packet from Spooler of len 2
[12/05/22 19:26:29:3304233] [DEBUG]: Spooler requested update
[12/05/22 19:26:29:3918413] [DEBUG]: Recieving packet from Spooler of len 2
[12/05/22 19:26:29:3924845] [DEBUG]: Spooler requested update
[12/05/22 19:26:29:4529962] [DEBUG]: Recieving packet from Spooler of len 2
[12/05/22 19:26:29:4536089] [DEBUG]: Spooler requested update
[12/05/22 19:26:29:5146894] [DEBUG]: Recieving packet from Spooler of len 2
[12/05/22 19:26:29:5153770] [DEBUG]: Spooler requested update
[12/05/22 19:26:29:5767145] [DEBUG]: Recieving packet from Spooler of len 2
[12/05/22 19:26:29:5773807] [DEBUG]: Spooler requested update
[12/05/22 19:26:29:6381745] [DEBUG]: Recieving packet from Spooler of len 2
[12/05/22 19:26:29:6387529] [DEBUG]: Spooler requested update
[12/05/22 19:26:29:6995885] [DEBUG]: Recieving packet from Spooler of len 2
[12/05/22 19:26:29:7002850] [DEBUG]: Spooler requested update
[12/05/22 19:26:29:7611604] [DEBUG]: Recieving packet from Spooler of len 2
[12/05/22 19:26:29:7617600] [DEBUG]: Spooler requested update
[12/05/22 19:26:29:8227334] [DEBUG]: Recieving packet from Spooler of len 2
[12/05/22 19:26:29:8232782] [DEBUG]: Spooler requested update
[12/05/22 19:26:29:8847537] [DEBUG]: Recieving packet from Spooler of len 2
[12/05/22 19:26:29:8853464] [DEBUG]: Spooler requested update
[12/05/22 19:26:29:9468831] [DEBUG]: Recieving packet from Spooler of len 2
[12/05/22 19:26:29:9474691] [DEBUG]: Spooler requested update
[12/05/22 19:26:30:0077104] [DEBUG]: Recieving packet from Spooler of len 2
[12/05/22 19:26:30:0087203] [DEBUG]: Spooler requested update
[12/05/22 19:26:30:0696466] [DEBUG]: Recieving packet from Spooler of len 2
[12/05/22 19:26:30:0707321] [DEBUG]: Spooler requested update
[12/05/22 19:26:30:1316727] [DEBUG]: Recieving packet from Spooler of len 2
[12/05/22 19:26:30:1324117] [DEBUG]: Spooler requested update
[12/05/22 19:26:30:1933199] [DEBUG]: Recieving packet from Spooler of len 2
[12/05/22 19:26:30:1941639] [DEBUG]: Spooler requested update
[12/05/22 19:26:30:2551512] [DEBUG]: Recieving packet from Spooler of len 2
[12/05/22 19:26:30:2558580] [DEBUG]: Spooler requested update
[12/05/22 19:26:30:3172619] [DEBUG]: Recieving packet from Spooler of len 2
[12/05/22 19:26:30:3179394] [DEBUG]: Spooler requested update
[12/05/22 19:26:30:3793763] [DEBUG]: Recieving packet from Spooler of len 2
[12/05/22 19:26:30:3800721] [DEBUG]: Spooler requested update
[12/05/22 19:26:30:4407375] [DEBUG]: Recieving packet from Spooler of len 2
[12/05/22 19:26:30:4413675] [DEBUG]: Spooler requested update
[12/05/22 19:26:30:5015526] [DEBUG]: Recieving packet from Spooler of len 2
[12/05/22 19:26:30:5022677] [DEBUG]: Spooler requested update
[12/05/22 19:26:30:5641750] [DEBUG]: Recieving packet from Spooler of len 2
[12/05/22 19:26:30:5649381] [DEBUG]: Spooler requested update
[12/05/22 19:26:30:6253284] [DEBUG]: Recieving packet from Spooler of len 2
[12/05/22 19:26:30:6259809] [DEBUG]: Spooler requested update
[12/05/22 19:26:30:6874039] [DEBUG]: Recieving packet from Spooler of len 2
[12/05/22 19:26:30:6880212] [DEBUG]: Spooler requested update
[12/05/22 19:26:30:7491916] [DEBUG]: Recieving packet from Spooler of len 2
[12/05/22 19:26:30:7499205] [DEBUG]: Spooler requested update
[12/05/22 19:26:30:8114932] [DEBUG]: Recieving packet from Spooler of len 2
[12/05/22 19:26:30:8121715] [DEBUG]: Spooler requested update
[12/05/22 19:26:30:8726819] [DEBUG]: Recieving packet from Spooler of len 2
[12/05/22 19:26:30:8733390] [DEBUG]: Spooler requested update
[12/05/22 19:26:30:9349901] [DEBUG]: Recieving packet from Spooler of len 2
[12/05/22 19:26:30:9356465] [DEBUG]: Spooler requested update
[12/05/22 19:26:30:9962222] [DEBUG]: Recieving packet from Spooler of len 2
[12/05/22 19:26:30:9967610] [DEBUG]: Spooler requested update
[12/05/22 19:26:31:0579212] [DEBUG]: Recieving packet from Spooler of len 2
[12/05/22 19:26:31:0586260] [DEBUG]: Spooler requested update
[12/05/22 19:26:31:1190703] [DEBUG]: Recieving packet from Spooler of len 2
[12/05/22 19:26:31:1197029] [DEBUG]: Spooler requested update
[12/05/22 19:26:31:1804729] [DEBUG]: Recieving packet from Spooler of len 2
[12/05/22 19:26:31:1810800] [DEBUG]: Spooler requested update
[12/05/22 19:26:31:2419233] [DEBUG]: Recieving packet from Spooler of len 2
[12/05/22 19:26:31:2425406] [DEBUG]: Spooler requested update
[12/05/22 19:26:31:3035545] [DEBUG]: Recieving packet from Spooler of len 2
[12/05/22 19:26:31:3041698] [DEBUG]: Spooler requested update
[12/05/22 19:26:31:3641414] [DEBUG]: Recieving packet from Spooler of len 2
[12/05/22 19:26:31:3648883] [DEBUG]: Spooler requested update
[12/05/22 19:26:31:4263603] [DEBUG]: Recieving packet from Spooler of len 2
[12/05/22 19:26:31:4269252] [DEBUG]: Spooler requested update
[12/05/22 19:26:31:4874829] [DEBUG]: Recieving packet from Spooler of len 2
[12/05/22 19:26:31:4881564] [DEBUG]: Spooler requested update
[12/05/22 19:26:31:5493386] [DEBUG]: Recieving packet from Spooler of len 2
[12/05/22 19:26:31:5499273] [DEBUG]: Spooler requested update
[12/05/22 19:26:31:6110228] [DEBUG]: Recieving packet from Spooler of len 2
[12/05/22 19:26:31:6116231] [DEBUG]: Spooler requested update
[12/05/22 19:26:31:6726406] [DEBUG]: Recieving packet from Spooler of len 2
[12/05/22 19:26:31:6732308] [DEBUG]: Spooler requested update
[12/05/22 19:26:31:7346789] [DEBUG]: Recieving packet from Spooler of len 2
[12/05/22 19:26:31:7352338] [DEBUG]: Spooler requested update
[12/05/22 19:26:31:7960972] [DEBUG]: Recieving packet from Spooler of len 2
[12/05/22 19:26:31:7967857] [DEBUG]: Spooler requested update
[12/05/22 19:26:31:8581838] [DEBUG]: Recieving packet from Spooler of len 2
[12/05/22 19:26:31:8589409] [DEBUG]: Spooler requested update
[12/05/22 19:26:31:9190198] [DEBUG]: Recieving packet from Spooler of len 2
[12/05/22 19:26:31:9195771] [DEBUG]: Spooler requested update
[12/05/22 19:26:31:9812460] [DEBUG]: Recieving packet from Spooler of len 2
[12/05/22 19:26:31:9817774] [DEBUG]: Spooler requested update
[12/05/22 19:26:32:0420174] [DEBUG]: Recieving packet from Spooler of len 2
[12/05/22 19:26:32:0425965] [DEBUG]: Spooler requested update
[12/05/22 19:26:32:1032073] [DEBUG]: Recieving packet from Spooler of len 2
[12/05/22 19:26:32:1037929] [DEBUG]: Spooler requested update
[12/05/22 19:26:32:1652809] [DEBUG]: Recieving packet from Spooler of len 2
[12/05/22 19:26:32:1658901] [DEBUG]: Spooler requested update
[12/05/22 19:26:32:2268789] [DEBUG]: Recieving packet from Spooler of len 2
[12/05/22 19:26:32:2274327] [DEBUG]: Spooler requested update
[12/05/22 19:26:32:2879413] [DEBUG]: Recieving packet from Spooler of len 2
[12/05/22 19:26:32:2886013] [DEBUG]: Spooler requested update
[12/05/22 19:26:32:3497770] [DEBUG]: Recieving packet from Spooler of len 2
[12/05/22 19:26:32:3503417] [DEBUG]: Spooler requested update
[12/05/22 19:26:32:4117222] [DEBUG]: Recieving packet from Spooler of len 2
[12/05/22 19:26:32:4124205] [DEBUG]: Spooler requested update
[12/05/22 19:26:32:4745440] [DEBUG]: Recieving packet from Spooler of len 2
[12/05/22 19:26:32:4752856] [DEBUG]: Spooler requested update
[12/05/22 19:26:32:5353894] [DEBUG]: Recieving packet from Spooler of len 2
[12/05/22 19:26:32:5359907] [DEBUG]: Spooler requested update
[12/05/22 19:26:32:5990976] [DEBUG]: Recieving packet from Spooler of len 2
[12/05/22 19:26:32:5996955] [DEBUG]: Spooler requested update
[12/05/22 19:26:32:6585693] [DEBUG]: Recieving packet from Spooler of len 2
[12/05/22 19:26:32:6592151] [DEBUG]: Spooler requested update
[12/05/22 19:26:32:7195939] [DEBUG]: Recieving packet from Spooler of len 2
[12/05/22 19:26:32:7201271] [DEBUG]: Spooler requested update
[12/05/22 19:26:32:7815677] [DEBUG]: Recieving packet from Spooler of len 2
[12/05/22 19:26:32:7821106] [DEBUG]: Spooler requested update
[12/05/22 19:26:32:8429863] [DEBUG]: Recieving packet from Spooler of len 2
[12/05/22 19:26:32:8436587] [DEBUG]: Spooler requested update
[12/05/22 19:26:32:9052709] [DEBUG]: Recieving packet from Spooler of len 2
[12/05/22 19:26:32:9058852] [DEBUG]: Spooler requested update
[12/05/22 19:26:32:9671519] [DEBUG]: Recieving packet from Spooler of len 2
[12/05/22 19:26:32:9676943] [DEBUG]: Spooler requested update
[12/05/22 19:26:33:0284123] [DEBUG]: Recieving packet from Spooler of len 2
[12/05/22 19:26:33:0289528] [DEBUG]: Spooler requested update
[12/05/22 19:26:33:0900995] [DEBUG]: Recieving packet from Spooler of len 2
[12/05/22 19:26:33:0906594] [DEBUG]: Spooler requested update
[12/05/22 19:26:33:1516025] [DEBUG]: Recieving packet from Spooler of len 2
[12/05/22 19:26:33:1522539] [DEBUG]: Spooler requested update
[12/05/22 19:26:33:2129402] [DEBUG]: Recieving packet from Spooler of len 2
[12/05/22 19:26:33:2136138] [DEBUG]: Spooler requested update
[12/05/22 19:26:33:2747439] [DEBUG]: Recieving packet from Spooler of len 2
[12/05/22 19:26:33:2753176] [DEBUG]: Spooler requested update
[12/05/22 19:26:33:3368526] [DEBUG]: Recieving packet from Spooler of len 2
[12/05/22 19:26:33:3374963] [DEBUG]: Spooler requested update
[12/05/22 19:26:33:3977267] [DEBUG]: Recieving packet from Spooler of len 2
[12/05/22 19:26:33:3984454] [DEBUG]: Spooler requested update
[12/05/22 19:26:33:4593435] [DEBUG]: Recieving packet from Spooler of len 2
[12/05/22 19:26:33:4599126] [DEBUG]: Spooler requested update
[12/05/22 19:26:33:5207563] [DEBUG]: Recieving packet from Spooler of len 2
[12/05/22 19:26:33:5214186] [DEBUG]: Spooler requested update
[12/05/22 19:26:33:5824257] [DEBUG]: Recieving packet from Spooler of len 2
[12/05/22 19:26:33:5830230] [DEBUG]: Spooler requested update
[12/05/22 19:26:33:6433535] [DEBUG]: Recieving packet from Spooler of len 2
[12/05/22 19:26:33:6439359] [DEBUG]: Spooler requested update
[12/05/22 19:26:33:7047006] [DEBUG]: Recieving packet from Spooler of len 2
[12/05/22 19:26:33:7052589] [DEBUG]: Spooler requested update
[12/05/22 19:26:33:7668576] [DEBUG]: Recieving packet from Spooler of len 2
[12/05/22 19:26:33:7674533] [DEBUG]: Spooler requested update
[12/05/22 19:26:33:8285225] [DEBUG]: Recieving packet from Spooler of len 2
[12/05/22 19:26:33:8290974] [DEBUG]: Spooler requested update
[12/05/22 19:26:33:8895774] [DEBUG]: Recieving packet from Spooler of len 2
[12/05/22 19:26:33:8902729] [DEBUG]: Spooler requested update
[12/05/22 19:26:33:9518497] [DEBUG]: Recieving packet from Spooler of len 2
[12/05/22 19:26:33:9526203] [DEBUG]: Spooler requested update
[12/05/22 19:26:34:0137896] [DEBUG]: Recieving packet from Spooler of len 2
[12/05/22 19:26:34:0144385] [DEBUG]: Spooler requested update
[12/05/22 19:26:34:0744753] [DEBUG]: Recieving packet from Spooler of len 2
[12/05/22 19:26:34:0750703] [DEBUG]: Spooler requested update
[12/05/22 19:26:34:1364656] [DEBUG]: Recieving packet from Spooler of len 2
[12/05/22 19:26:34:1371071] [DEBUG]: Spooler requested update
[12/05/22 19:26:34:1986319] [DEBUG]: Recieving packet from Spooler of len 2
[12/05/22 19:26:34:1992912] [DEBUG]: Spooler requested update
[12/05/22 19:26:34:2606823] [DEBUG]: Recieving packet from Spooler of len 2
[12/05/22 19:26:34:2613051] [DEBUG]: Spooler requested update
[12/05/22 19:26:34:3226634] [DEBUG]: Recieving packet from Spooler of len 2
[12/05/22 19:26:34:3233067] [DEBUG]: Spooler requested update
[12/05/22 19:26:34:3846655] [DEBUG]: Recieving packet from Spooler of len 2
[12/05/22 19:26:34:3852889] [DEBUG]: Spooler requested update
[12/05/22 19:26:34:4468693] [DEBUG]: Recieving packet from Spooler of len 2
[12/05/22 19:26:34:4476078] [DEBUG]: Spooler requested update
[12/05/22 19:26:34:5085848] [DEBUG]: Recieving packet from Spooler of len 2
[12/05/22 19:26:34:5092568] [DEBUG]: Spooler requested update
[12/05/22 19:26:34:5704828] [DEBUG]: Recieving packet from Spooler of len 2
[12/05/22 19:26:34:5711001] [DEBUG]: Spooler requested update
[12/05/22 19:26:34:6325058] [DEBUG]: Recieving packet from Spooler of len 2
[12/05/22 19:26:34:6331036] [DEBUG]: Spooler requested update
[12/05/22 19:26:34:6946245] [DEBUG]: Recieving packet from Spooler of len 2
[12/05/22 19:26:34:6952196] [DEBUG]: Spooler requested update
[12/05/22 19:26:34:7563227] [DEBUG]: Recieving packet from Spooler of len 2
[12/05/22 19:26:34:7569049] [DEBUG]: Spooler requested update
[12/05/22 19:26:34:8186700] [DEBUG]: Recieving packet from Spooler of len 2
[12/05/22 19:26:34:8192425] [DEBUG]: Spooler requested update
[12/05/22 19:26:34:8797877] [DEBUG]: Recieving packet from Spooler of len 2
[12/05/22 19:26:34:8803605] [DEBUG]: Spooler requested update
[12/05/22 19:26:34:9418979] [DEBUG]: Recieving packet from Spooler of len 2
[12/05/22 19:26:34:9426077] [DEBUG]: Spooler requested update
[12/05/22 19:26:35:0035443] [DEBUG]: Recieving packet from Spooler of len 2
[12/05/22 19:26:35:0041282] [DEBUG]: Spooler requested update
[12/05/22 19:26:35:0648728] [DEBUG]: Recieving packet from Spooler of len 2
[12/05/22 19:26:35:0654340] [DEBUG]: Spooler requested update
[12/05/22 19:26:35:1269216] [DEBUG]: Recieving packet from Spooler of len 2
[12/05/22 19:26:35:1274662] [DEBUG]: Spooler requested update
[12/05/22 19:26:35:1874709] [DEBUG]: Recieving packet from Spooler of len 2
[12/05/22 19:26:35:1881603] [DEBUG]: Spooler requested update
[12/05/22 19:26:35:2497006] [DEBUG]: Recieving packet from Spooler of len 2
[12/05/22 19:26:35:2503081] [DEBUG]: Spooler requested update
[12/05/22 19:26:35:3109176] [DEBUG]: Recieving packet from Spooler of len 2
[12/05/22 19:26:35:3114781] [DEBUG]: Spooler requested update
[12/05/22 19:26:35:3731866] [DEBUG]: Recieving packet from Spooler of len 2
[12/05/22 19:26:35:3738066] [DEBUG]: Spooler requested update
[12/05/22 19:26:35:4360447] [DEBUG]: Recieving packet from Spooler of len 2
[12/05/22 19:26:35:4366275] [DEBUG]: Spooler requested update
[12/05/22 19:26:35:4747620] [WARN ]: Shutting down environment and logger
[12/05/22 19:26:35:4759193] [WARN ]: Shutting down logging
