[11/05/22 09:36:42:2817846] [INFO ]: Logging started
[11/05/22 09:36:42:3773403] [INFO ]: Starting Spooler receive
[11/05/22 09:36:43:3787875] [DEBUG]: Recieving packet from Spooler of len 2
[11/05/22 09:36:43:4081122] [INFO ]: Spooler requested update
[11/05/22 09:36:43:4985166] [DEBUG]: Recieving packet from Spooler of len 2
[11/05/22 09:36:43:4988155] [INFO ]: Spooler requested update
[11/05/22 09:36:43:5694790] [DEBUG]: Recieving packet from Spooler of len 2
[11/05/22 09:36:43:5709797] [INFO ]: Spooler requested update
[11/05/22 09:36:43:6573647] [DEBUG]: Recieving packet from Spooler of len 2
[11/05/22 09:36:43:6592507] [INFO ]: Spooler requested update
[11/05/22 09:36:43:7475076] [DEBUG]: Recieving packet from Spooler of len 2
[11/05/22 09:36:43:7479882] [INFO ]: Spooler requested update
[11/05/22 09:36:43:8206646] [DEBUG]: Recieving packet from Spooler of len 2
[11/05/22 09:36:43:8213794] [INFO ]: Spooler requested update
[11/05/22 09:36:43:9033565] [DEBUG]: Recieving packet from Spooler of len 2
[11/05/22 09:36:43:9067439] [INFO ]: Spooler requested update
[11/05/22 09:36:43:9867257] [DEBUG]: Recieving packet from Spooler of len 2
[11/05/22 09:36:43:9876477] [INFO ]: Spooler requested update
[11/05/22 09:36:44:0759040] [DEBUG]: Recieving packet from Spooler of len 2
[11/05/22 09:36:44:0772836] [INFO ]: Spooler requested update
[11/05/22 09:36:44:2169611] [DEBUG]: Recieving packet from Spooler of len 2
[11/05/22 09:36:44:2203426] [INFO ]: Spooler requested update
[11/05/22 09:36:44:2915058] [DEBUG]: Recieving packet from Spooler of len 2
[11/05/22 09:36:44:2922897] [INFO ]: Spooler requested update
[11/05/22 09:36:44:3590617] [DEBUG]: Recieving packet from Spooler of len 2
[11/05/22 09:36:44:3593706] [INFO ]: Spooler requested update
[11/05/22 09:36:44:4453975] [DEBUG]: Recieving packet from Spooler of len 2
[11/05/22 09:36:44:4461316] [INFO ]: Spooler requested update
[11/05/22 09:36:44:5318093] [DEBUG]: Recieving packet from Spooler of len 2
[11/05/22 09:36:44:5386263] [INFO ]: Spooler requested update
[11/05/22 09:36:44:6752685] [DEBUG]: Recieving packet from Spooler of len 2
[11/05/22 09:36:44:6792909] [INFO ]: Spooler requested update
[11/05/22 09:36:44:8532391] [DEBUG]: Recieving packet from Spooler of len 2
[11/05/22 09:36:44:8555609] [INFO ]: Spooler requested update
[11/05/22 09:36:44:9585590] [DEBUG]: Recieving packet from Spooler of len 2
[11/05/22 09:36:44:9606284] [INFO ]: Spooler requested update
[11/05/22 09:36:45:0540930] [DEBUG]: Recieving packet from Spooler of len 2
[11/05/22 09:36:45:0572181] [INFO ]: Spooler requested update
[11/05/22 09:36:45:1808389] [DEBUG]: Recieving packet from Spooler of len 2
[11/05/22 09:36:45:1887669] [INFO ]: Spooler requested update
[11/05/22 09:36:45:3227246] [DEBUG]: Recieving packet from Spooler of len 2
[11/05/22 09:36:45:3260109] [INFO ]: Spooler requested update
[11/05/22 09:36:45:4748192] [DEBUG]: Recieving packet from Spooler of len 2
[11/05/22 09:36:45:4783282] [INFO ]: Spooler requested update
[11/05/22 09:36:45:6117926] [DEBUG]: Recieving packet from Spooler of len 2
[11/05/22 09:36:45:6168063] [INFO ]: Spooler requested update
[11/05/22 09:36:45:7485678] [DEBUG]: Recieving packet from Spooler of len 2
[11/05/22 09:36:45:7544470] [INFO ]: Spooler requested update
[11/05/22 09:36:45:8719986] [DEBUG]: Recieving packet from Spooler of len 2
[11/05/22 09:36:45:8786805] [INFO ]: Spooler requested update
[11/05/22 09:36:46:0061725] [DEBUG]: Recieving packet from Spooler of len 2
[11/05/22 09:36:46:0118446] [INFO ]: Spooler requested update
[11/05/22 09:36:46:1222540] [DEBUG]: Recieving packet from Spooler of len 2
[11/05/22 09:36:46:1283517] [INFO ]: Spooler requested update
[11/05/22 09:36:46:2505013] [DEBUG]: Recieving packet from Spooler of len 2
[11/05/22 09:36:46:2547690] [INFO ]: Spooler requested update
[11/05/22 09:36:46:3908871] [DEBUG]: Recieving packet from Spooler of len 2
[11/05/22 09:36:46:3957638] [INFO ]: Spooler requested update
[11/05/22 09:36:46:5183214] [DEBUG]: Recieving packet from Spooler of len 2
[11/05/22 09:36:46:5242591] [INFO ]: Spooler requested update
[11/05/22 09:36:46:6648366] [DEBUG]: Recieving packet from Spooler of len 2
[11/05/22 09:36:46:6771710] [INFO ]: Spooler requested update
[11/05/22 09:36:46:8201062] [DEBUG]: Recieving packet from Spooler of len 2
[11/05/22 09:36:46:8221678] [INFO ]: Spooler requested update
[11/05/22 09:36:46:9417808] [DEBUG]: Recieving packet from Spooler of len 2
[11/05/22 09:36:46:9444667] [INFO ]: Spooler requested update
[11/05/22 09:36:47:0606744] [DEBUG]: Recieving packet from Spooler of len 2
[11/05/22 09:36:47:0637523] [INFO ]: Spooler requested update
[11/05/22 09:36:47:1936794] [DEBUG]: Recieving packet from Spooler of len 2
[11/05/22 09:36:47:1967758] [INFO ]: Spooler requested update
[11/05/22 09:36:47:3259175] [DEBUG]: Recieving packet from Spooler of len 2
[11/05/22 09:36:47:3437067] [INFO ]: Spooler requested update
[11/05/22 09:36:47:4771758] [DEBUG]: Recieving packet from Spooler of len 2
[11/05/22 09:36:47:4808719] [INFO ]: Spooler requested update
[11/05/22 09:36:47:6583134] [DEBUG]: Recieving packet from Spooler of len 2
[11/05/22 09:36:47:6656023] [INFO ]: Spooler requested update
[11/05/22 09:36:47:7826327] [DEBUG]: Recieving packet from Spooler of len 2
[11/05/22 09:36:47:7871257] [INFO ]: Spooler requested update
[11/05/22 09:36:47:8887349] [DEBUG]: Recieving packet from Spooler of len 2
[11/05/22 09:36:47:8963864] [INFO ]: Spooler requested update
[11/05/22 09:36:47:9920131] [DEBUG]: Recieving packet from Spooler of len 2
[11/05/22 09:36:47:9939834] [INFO ]: Spooler requested update
[11/05/22 09:36:48:1003151] [DEBUG]: Recieving packet from Spooler of len 2
[11/05/22 09:36:48:1050531] [INFO ]: Spooler requested update
[11/05/22 09:36:48:2196974] [DEBUG]: Recieving packet from Spooler of len 2
[11/05/22 09:36:48:2217831] [INFO ]: Spooler requested update
[11/05/22 09:36:48:3296333] [DEBUG]: Recieving packet from Spooler of len 2
[11/05/22 09:36:48:3315581] [INFO ]: Spooler requested update
[11/05/22 09:36:48:4522540] [DEBUG]: Recieving packet from Spooler of len 2
[11/05/22 09:36:48:4556618] [INFO ]: Spooler requested update
[11/05/22 09:36:48:5867221] [DEBUG]: Recieving packet from Spooler of len 2
[11/05/22 09:36:48:5902182] [INFO ]: Spooler requested update
[11/05/22 09:36:48:7208272] [DEBUG]: Recieving packet from Spooler of len 2
[11/05/22 09:36:48:7239996] [INFO ]: Spooler requested update
[11/05/22 09:36:48:8566355] [DEBUG]: Recieving packet from Spooler of len 2
[11/05/22 09:36:48:8605860] [INFO ]: Spooler requested update
[11/05/22 09:36:48:9948053] [DEBUG]: Recieving packet from Spooler of len 2
[11/05/22 09:36:49:0012144] [INFO ]: Spooler requested update
[11/05/22 09:36:49:1327712] [DEBUG]: Recieving packet from Spooler of len 2
[11/05/22 09:36:49:1396077] [INFO ]: Spooler requested update
[11/05/22 09:36:49:2718297] [DEBUG]: Recieving packet from Spooler of len 2
[11/05/22 09:36:49:2787765] [INFO ]: Spooler requested update
[11/05/22 09:36:49:4211567] [DEBUG]: Recieving packet from Spooler of len 2
[11/05/22 09:36:49:4275715] [INFO ]: Spooler requested update
[11/05/22 09:36:49:5756502] [DEBUG]: Recieving packet from Spooler of len 2
[11/05/22 09:36:49:5812513] [INFO ]: Spooler requested update
[11/05/22 09:36:49:7212853] [DEBUG]: Recieving packet from Spooler of len 2
[11/05/22 09:36:49:7246435] [INFO ]: Spooler requested update
[11/05/22 09:36:49:8506573] [DEBUG]: Recieving packet from Spooler of len 2
[11/05/22 09:36:49:8539054] [INFO ]: Spooler requested update
[11/05/22 09:36:49:9802462] [DEBUG]: Recieving packet from Spooler of len 2
[11/05/22 09:36:49:9932504] [INFO ]: Spooler requested update
[11/05/22 09:36:50:1163476] [DEBUG]: Recieving packet from Spooler of len 2
[11/05/22 09:36:50:1208988] [INFO ]: Spooler requested update
[11/05/22 09:36:50:2402770] [DEBUG]: Recieving packet from Spooler of len 2
[11/05/22 09:36:50:2436556] [INFO ]: Spooler requested update
[11/05/22 09:36:50:3585303] [DEBUG]: Recieving packet from Spooler of len 2
[11/05/22 09:36:50:3635709] [INFO ]: Spooler requested update
[11/05/22 09:36:50:4975997] [DEBUG]: Recieving packet from Spooler of len 2
[11/05/22 09:36:50:5041895] [INFO ]: Spooler requested update
[11/05/22 09:36:50:6268803] [DEBUG]: Recieving packet from Spooler of len 2
[11/05/22 09:36:50:6304377] [INFO ]: Spooler requested update
[11/05/22 09:36:50:7726040] [DEBUG]: Recieving packet from Spooler of len 2
[11/05/22 09:36:50:7777290] [INFO ]: Spooler requested update
[11/05/22 09:36:50:9070696] [DEBUG]: Recieving packet from Spooler of len 2
[11/05/22 09:36:50:9108073] [INFO ]: Spooler requested update
[11/05/22 09:36:51:0406831] [DEBUG]: Recieving packet from Spooler of len 2
[11/05/22 09:36:51:0443775] [INFO ]: Spooler requested update
[11/05/22 09:36:51:1595682] [DEBUG]: Recieving packet from Spooler of len 2
[11/05/22 09:36:51:1630200] [INFO ]: Spooler requested update
[11/05/22 09:36:51:3091310] [DEBUG]: Recieving packet from Spooler of len 2
[11/05/22 09:36:51:3152038] [INFO ]: Spooler requested update
[11/05/22 09:36:51:4525244] [DEBUG]: Recieving packet from Spooler of len 2
[11/05/22 09:36:51:4563194] [INFO ]: Spooler requested update
[11/05/22 09:36:51:5761919] [DEBUG]: Recieving packet from Spooler of len 2
[11/05/22 09:36:51:5800488] [INFO ]: Spooler requested update
[11/05/22 09:36:51:7098851] [DEBUG]: Recieving packet from Spooler of len 2
[11/05/22 09:36:51:7132340] [INFO ]: Spooler requested update
[11/05/22 09:36:51:8643939] [DEBUG]: Recieving packet from Spooler of len 2
[11/05/22 09:36:51:8699643] [INFO ]: Spooler requested update
[11/05/22 09:36:52:0010759] [DEBUG]: Recieving packet from Spooler of len 2
[11/05/22 09:36:52:0046819] [INFO ]: Spooler requested update
[11/05/22 09:36:52:1391734] [DEBUG]: Recieving packet from Spooler of len 2
[11/05/22 09:36:52:1425480] [INFO ]: Spooler requested update
[11/05/22 09:36:52:2770243] [DEBUG]: Recieving packet from Spooler of len 2
[11/05/22 09:36:52:2805311] [INFO ]: Spooler requested update
[11/05/22 09:36:52:4074118] [DEBUG]: Recieving packet from Spooler of len 2
[11/05/22 09:36:52:4112116] [INFO ]: Spooler requested update
[11/05/22 09:36:52:5325989] [DEBUG]: Recieving packet from Spooler of len 2
[11/05/22 09:36:52:5360430] [INFO ]: Spooler requested update
[11/05/22 09:36:52:6625733] [DEBUG]: Recieving packet from Spooler of len 2
[11/05/22 09:36:52:6706388] [INFO ]: Spooler requested update
[11/05/22 09:36:52:7962678] [DEBUG]: Recieving packet from Spooler of len 2
[11/05/22 09:36:52:8035251] [INFO ]: Spooler requested update
[11/05/22 09:36:52:9270623] [DEBUG]: Recieving packet from Spooler of len 2
[11/05/22 09:36:52:9375411] [INFO ]: Spooler requested update
[11/05/22 09:36:53:0487429] [DEBUG]: Recieving packet from Spooler of len 2
[11/05/22 09:36:53:0519877] [INFO ]: Spooler requested update
[11/05/22 09:36:53:1720441] [DEBUG]: Recieving packet from Spooler of len 2
[11/05/22 09:36:53:1757447] [INFO ]: Spooler requested update
[11/05/22 09:36:53:2925059] [DEBUG]: Recieving packet from Spooler of len 2
[11/05/22 09:36:53:2959859] [INFO ]: Spooler requested update
[11/05/22 09:36:53:4275882] [DEBUG]: Recieving packet from Spooler of len 2
[11/05/22 09:36:53:4310094] [INFO ]: Spooler requested update
[11/05/22 09:36:53:5613797] [DEBUG]: Recieving packet from Spooler of len 2
[11/05/22 09:36:53:5731317] [INFO ]: Spooler requested update
[11/05/22 09:36:53:6948850] [DEBUG]: Recieving packet from Spooler of len 2
[11/05/22 09:36:53:7039571] [INFO ]: Spooler requested update
[11/05/22 09:36:53:8222069] [DEBUG]: Recieving packet from Spooler of len 2
[11/05/22 09:36:53:8255780] [INFO ]: Spooler requested update
[11/05/22 09:36:53:9867226] [DEBUG]: Recieving packet from Spooler of len 2
[11/05/22 09:36:53:9911786] [INFO ]: Spooler requested update
[11/05/22 09:36:54:1125547] [DEBUG]: Recieving packet from Spooler of len 2
[11/05/22 09:36:54:1180291] [INFO ]: Spooler requested update
[11/05/22 09:36:54:2427478] [DEBUG]: Recieving packet from Spooler of len 2
[11/05/22 09:36:54:2460997] [INFO ]: Spooler requested