[09/05/22 16:12:10:9216801] [INFO   ]: Logging started
[09/05/22 16:12:10:9326687] [INFO   ]: Starting Spooler receive
[09/05/22 16:12:11:1498761] [DEBUG  ]: Recieving packet from Spooler of len 2
[09/05/22 16:12:11:1502276] [INFO   ]: Spooler requested update
[09/05/22 16:12:11:2239523] [DEBUG  ]: Recieving packet from Spooler of len 2
[09/05/22 16:12:11:2241678] [INFO   ]: Spooler requested update
[09/05/22 16:12:11:3023359] [DEBUG  ]: Recieving packet from Spooler of len 2
[09/05/22 16:12:11:3025295] [INFO   ]: Spooler requested update
[09/05/22 16:12:11:3797017] [DEBUG  ]: Recieving packet from Spooler of len 2
[09/05/22 16:12:11:3799045] [INFO   ]: Spooler requested update
[09/05/22 16:12:11:4568652] [DEBUG  ]: Recieving packet from Spooler of len 2
[09/05/22 16:12:11:4570705] [INFO   ]: Spooler requested update
[09/05/22 16:12:11:5349500] [DEBUG  ]: Recieving packet from Spooler of len 2
[09/05/22 16:12:11:5351519] [INFO   ]: Spooler requested update
[09/05/22 16:12:11:6111088] [DEBUG  ]: Recieving packet from Spooler of len 2
[09/05/22 16:12:11:6113247] [INFO   ]: Spooler requested update
[09/05/22 16:12:11:6880679] [DEBUG  ]: Recieving packet from Spooler of len 2
[09/05/22 16:12:11:6882723] [INFO   ]: Spooler requested update
[09/05/22 16:12:11:7648706] [DEBUG  ]: Recieving packet from Spooler of len 2
[09/05/22 16:12:11:7650732] [INFO   ]: Spooler requested update
[09/05/22 16:12:11:8447871] [DEBUG  ]: Recieving packet from Spooler of len 2
[09/05/22 16:12:11:8449783] [INFO   ]: Spooler requested update
[09/05/22 16:12:11:9199109] [DEBUG  ]: Recieving packet from Spooler of len 2
[09/05/22 16:12:11:9201142] [INFO   ]: Spooler requested update
[09/05/22 16:12:11:9970552] [DEBUG  ]: Recieving packet from Spooler of len 2
[09/05/22 16:12:11:9972264] [INFO   ]: Spooler requested update
[09/05/22 16:12:12:0751320] [DEBUG  ]: Recieving packet from Spooler of len 2
[09/05/22 16:12:12:0753497] [INFO   ]: Spooler requested update
[09/05/22 16:12:12:1578200] [DEBUG  ]: Recieving packet from Spooler of len 2
[09/05/22 16:12:12:1585511] [INFO   ]: Spooler requested update
[09/05/22 16:12:12:2358479] [DEBUG  ]: Recieving packet from Spooler of len 2
[09/05/22 16:12:12:2375719] [INFO   ]: Spooler requested update
[09/05/22 16:12:12:3282543] [DEBUG  ]: Recieving packet from Spooler of len 2
[09/05/22 16:12:12:3289948] [INFO   ]: Spooler requested update
[09/05/22 16:12:12:4206136] [DEBUG  ]: Recieving packet from Spooler of len 2
[09/05/22 16:12:12:4213086] [INFO   ]: Spooler requested update
[09/05/22 16:12:12:4986115] [DEBUG  ]: Recieving packet from Spooler of len 2
[09/05/22 16:12:12:4993162] [INFO   ]: Spooler requested update
[09/05/22 16:12:12:5904425] [DEBUG  ]: Recieving packet from Spooler of len 2
[09/05/22 16:12:12:5911344] [INFO   ]: Spooler requested update
[09/05/22 16:12:12:6725111] [DEBUG  ]: Recieving packet from Spooler of len 2
[09/05/22 16:12:12:6732995] [INFO   ]: Spooler requested update
[09/05/22 16:12:12:7636118] [DEBUG  ]: Recieving packet from Spooler of len 2
[09/05/22 16:12:12:7642815] [INFO   ]: Spooler requested update
[09/05/22 16:12:12:8557446] [DEBUG  ]: Recieving packet from Spooler of len 2
[09/05/22 16:12:12:8565100] [INFO   ]: Spooler requested update
[09/05/22 16:12:12:9319738] [DEBUG  ]: Recieving packet from Spooler of len 2
[09/05/22 16:12:12:9335882] [INFO   ]: Spooler requested update
[09/05/22 16:12:13:0236132] [DEBUG  ]: Recieving packet from Spooler of len 2
[09/05/22 16:12:13:0242974] [INFO   ]: Spooler requested update
[09/05/22 16:12:13:1010703] [DEBUG  ]: Recieving packet from Spooler of len 2
[09/05/22 16:12:13:1018079] [INFO   ]: Spooler requested update
[09/05/22 16:12:13:1786586] [DEBUG  ]: Recieving packet from Spooler of len 2
[09/05/22 16:12:13:1793417] [INFO   ]: Spooler requested update
[09/05/22 16:12:13:2591217] [DEBUG  ]: Recieving packet from Spooler of len 2
[09/05/22 16:12:13:2598062] [INFO   ]: Spooler requested update
[09/05/22 16:12:13:3325359] [DEBUG  ]: Recieving packet from Spooler of len 2
[09/05/22 16:12:13:3332049] [INFO   ]: Spooler requested update
[09/05/22 16:12:13:4109756] [DEBUG  ]: Recieving packet from Spooler of len 2
[09/05/22 16:12:13:4125061] [INFO   ]: Spooler requested update
[09/05/22 16:12:13:5054279] [DEBUG  ]: Recieving packet from Spooler of len 2
[09/05/22 16:12:13:5096205] [INFO   ]: Spooler requested update
[09/05/22 16:12:13:5961522] [DEBUG  ]: Recieving packet from Spooler of len 2
[09/05/22 16:12:13:5968673] [INFO   ]: Spooler requested update
[09/05/22 16:12:13:6893505] [DEBUG  ]: Recieving packet from Spooler of len 2
[09/05/22 16:12:13:6903970] [INFO   ]: Spooler requested update
[09/05/22 16:12:13:7871204] [DEBUG  ]: Recieving packet from Spooler of len 2
[09/05/22 16:12:13:7879567] [INFO   ]: Spooler requested update
[09/05/22 16:12:13:8757623] [DEBUG  ]: Recieving packet from Spooler of len 2
[09/05/22 16:12:13:8771769] [INFO   ]: Spooler requested update
[09/05/22 16:12:13:9694016] [DEBUG  ]: Recieving packet from Spooler of len 2
[09/05/22 16:12:13:9702690] [INFO   ]: Spooler requested update
[09/05/22 16:12:14:0447289] [DEBUG  ]: Recieving packet from Spooler of len 2
[09/05/22 16:12:14:0454922] [INFO   ]: Spooler requested update
[09/05/22 16:12:14:1262639] [DEBUG  ]: Recieving packet from Spooler of len 2
[09/05/22 16:12:14:1270174] [INFO   ]: Spooler requested update
[09/05/22 16:12:14:2368974] [DEBUG  ]: Recieving packet from Spooler of len 2
[09/05/22 16:12:14:2377080] [INFO   ]: Spooler requested update
[09/05/22 16:12:14:3293393] [DEBUG  ]: Recieving packet from Spooler of len 2
[09/05/22 16:12:14:3302406] [INFO   ]: Spooler requested update
[09/05/22 16:12:14:4184256] [DEBUG  ]: Recieving packet from Spooler of len 2
[09/05/22 16:12:14:4191869] [INFO   ]: Spooler requested update
[09/05/22 16:12:14:4936407] [DEBUG  ]: Recieving packet from Spooler of len 2
[09/05/22 16:12:14:4943710] [INFO   ]: Spooler requested update
[09/05/22 16:12:14:5855238] [DEBUG  ]: Recieving packet from Spooler of len 2
[09/05/22 16:12:14:5862919] [INFO   ]: Spooler requested update
[09/05/22 16:12:14:6619929] [DEBUG  ]: Recieving packet from Spooler of len 2
[09/05/22 16:12:14:6627130] [INFO   ]: Spooler requested update
[09/05/22 16:12:14:7440257] [DEBUG  ]: Recieving packet from Spooler of len 2
[09/05/22 16:12:14:7452714] [INFO   ]: Spooler requested update
[09/05/22 16:12:14:8331960] [DEBUG  ]: Recieving packet from Spooler of len 2
[09/05/22 16:12:14:8338843] [INFO   ]: Spooler requested update
[09/05/22 16:12:14:9100008] [DEBUG  ]: Recieving packet from Spooler of len 2
[09/05/22 16:12:14:9107088] [INFO   ]: Spooler requested update
[09/05/22 16:12:14:9875537] [DEBUG  ]: Recieving packet from Spooler of len 2
[09/05/22 16:12:14:9882830] [INFO   ]: Spooler requested update
[09/05/22 16:12:15:0650912] [DEBUG  ]: Recieving packet from Spooler of len 2
[09/05/22 16:12:15:0657755] [INFO   ]: Spooler requested update
[09/05/22 16:12:15:1417316] [DEBUG  ]: Recieving packet from Spooler of len 2
[09/05/22 16:12:15:1424110] [INFO   ]: Spooler requested update
[09/05/22 16:12:15:2191231] [DEBUG  ]: Recieving packet from Spooler of len 2
[09/05/22 16:12:15:2198028] [INFO   ]: Spooler requested update
[09/05/22 16:12:15:2977597] [DEBUG  ]: Recieving packet from Spooler of len 2
[09/05/22 16:12:15:2989955] [INFO   ]: Spooler requested update
[09/05/22 16:12:15:3734662] [DEBUG  ]: Recieving packet from Spooler of len 2
[09/05/22 16:12:15:3741883] [INFO   ]: Spooler requested update
[09/05/22 16:12:15:4502821] [DEBUG  ]: Recieving packet from Spooler of len 2
[09/05/22 16:12:15:4510543] [INFO   ]: Spooler requested update
[09/05/22 16:12:15:5280764] [DEBUG  ]: Recieving packet from Spooler of len 2
[09/05/22 16:12:15:5288135] [INFO   ]: Spooler requested update
[09/05/22 16:12:15:6050563] [DEBUG  ]: Recieving packet from Spooler of len 2
[09/05/22 16:12:15:6057377] [INFO   ]: Spooler requested update
[09/05/22 16:12:15:6831449] [DEBUG  ]: Recieving packet from Spooler of len 2
[09/05/22 16:12:15:6839465] [INFO   ]: Spooler requested update
[09/05/22 16:12:15:7595747] [DEBUG  ]: Recieving packet from Spooler of len 2
[09/05/22 16:12:15:7603581] [INFO   ]: Spooler requested update
[09/05/22 16:12:15:8371159] [DEBUG  ]: Recieving packet from Spooler of len 2
[09/05/22 16:12:15:8379579] [INFO   ]: Spooler requested update
[09/05/22 16:12:15:9140370] [DEBUG  ]: Recieving packet from Spooler of len 2
[09/05/22 16:12:15:9147019] [INFO   ]: Spooler requested update
[09/05/22 16:12:15:9908379] [DEBUG  ]: Recieving packet from Spooler of len 2
[09/05/22 16:12:15:9915046] [INFO   ]: Spooler requested update
[09/05/22 16:12:16:0682092] [DEBUG  ]: Recieving packet from Spooler of len 2
[09/05/22 16:12:16:0688771] [INFO   ]: Spooler requested update
[09/05/22 16:12:16:1466391] [DEBUG  ]: Recieving packet from Spooler of len 2
[09/05/22 16:12:16:1479562] [INFO   ]: Spooler requested update
[09/05/22 16:12:16:2252757] [DEBUG  ]: Recieving packet from Spooler of len 2
[09/05/22 16:12:16:2262691] [INFO   ]: Spooler requested update
[09/05/22 16:12:16:3030034] [DEBUG  ]: Recieving packet from Spooler of len 2
[09/05/22 16:12:16:3040666] [INFO   ]: Spooler requested update
[09/05/22 16:12:16:3948917] [DEBUG  ]: Recieving packet from Spooler of len 2
[09/05/22 16:12:16:3957889] [INFO   ]: Spooler requested update
[09/05/22 16:12:16:4893002] [DEBUG  ]: Recieving packet from Spooler of len 2
[09/05/22 16:12:16:4900448] [INFO   ]: Spooler requested update
[09/05/22 16:12:16:5809049] [DEBUG  ]: Recieving packet from Spooler of len 2
[09/05/22 16:12:16:5815768] [INFO   ]: Spooler requested update
[09/05/22 16:12:16:6558569] [DEBUG  ]: Recieving packet from Spooler of len 2
[09/05/22 16:12:16:6566404] [INFO   ]: Spooler requested update
[09/05/22 16:12:16:7331562] [DEBUG  ]: Recieving packet from Spooler of len 2
[09/05/22 16:12:16:7374003] [INFO   ]: Spooler requested update
[09/05/22 16:12:16:8241425] [DEBUG  ]: Recieving packet from Spooler of len 2
[09/05/22 16:12:16:8248699] [INFO   ]: Spooler requested update
[09/05/22 16:12:16:9165453] [DEBUG  ]: Recieving packet from Spooler of len 2
[09/05/22 16:12:16:9173711] [INFO   ]: Spooler requested update
[09/05/22 16:12:17:0091683] [DEBUG  ]: Recieving packet from Spooler of len 2
[09/05/22 16:12:17:0102371] [INFO   ]: Spooler requested update
[09/05/22 16:12:17:1015427] [DEBUG  ]: Recieving packet from Spooler of len 2
[09/05/22 16:12:17:1022155] [INFO   ]: Spooler requested update
[09/05/22 16:12:17:1786485] [DEBUG  ]: Recieving packet from Spooler of len 2
[09/05/22 16:12:17:1794077] [INFO   ]: Spooler requested update
[09/05/22 16:12:17:2594636] [DEBUG  ]: Recieving packet from Spooler of len 2
[09/05/22 16:12:17:2601912] [INFO   ]: Spooler requested update
[09/05/22 16:12:17:3548214] [DEBUG  ]: Recieving packet from Spooler of len 2
[09/05/22 16:12:17:3555263] [INFO   ]: Spooler requested update
[09/05/22 16:12:17:4471645] [DEBUG  ]: Recieving packet from Spooler of len 2
[09/05/22 16:12:17:4482099] [INFO   ]: Spooler requested update
[09/05/22 16:12:17:5400960] [DEBUG  ]: Recieving packet from Spooler of len 2
[09/05/22 16:12:17:5407579] [INFO   ]: Spooler requested update
[09/05/22 16:12:17:6125113] [DEBUG  ]: Recieving packet from Spooler of len 2
[09/05/22 16:12:17:6132329] [INFO   ]: Spooler requested update
[09/05/22 16:12:17:6896341] [DEBUG  ]: Recieving packet from Spooler of len 2
[09/05/22 16:12:17:6906666] [INFO   ]: Spooler requested update
[09/05/22 16:12:17:7673246] [DEBUG  ]: Recieving packet from Spooler of len 2
[09/05/22 16:12:17:7680634] [INFO   ]: Spooler requested update
[09/05/22 16:12:17:8454700] [DEBUG  ]: Recieving packet from Spooler of len 2
[09/05/22 16:12:17:8461530] [INFO   ]: Spooler requested update
[09/05/22 16:12:17:9219549] [DEBUG  ]: Recieving packet from Spooler of len 2
[09/05/22 16:12:17:9226858] [INFO   ]: Spooler requested update
[09/05/22 16:12:17:9991779] [DEBUG  ]: Recieving packet from Spooler of len 2
[09/05/22 16:12:17:9998584] [INFO   ]: Spooler requested update
[09/05/22 16:12:18:0762317] [DEBUG  ]: Recieving packet from Spooler of len 2
[09/05/22 16:12:18:0769046] [INFO   ]: Spooler requested update
[09/05/22 16:12:18:1539054] [DEBUG  ]: Recieving packet from Spooler of len 2
[09/05/22 16:12:18:1546248] [INFO   ]: Spooler requested update
[09/05/22 16:12:18:2484044] [DEBUG  ]: Recieving packet from Spooler of len 2
[09/05/22 16:12:18:2502182] [INFO   ]: Spooler requested update
[09/05/22 16:12:18:3287571] [DEBUG  ]: Recieving packet from Spooler of len 2
[09/05/22 16:12:18:3294547] [INFO   ]: Spooler requested update
[09/05/22 16:12:18:4222027] [DEBUG  ]: Recieving packet from Spooler of len 2
[09/05/22 16:12:18:4230557] [INFO   ]: Spooler requested update
[09/05/22 16:12:18:5140337] [DEBUG  ]: Recieving packet from Spooler of len 2
[09/05/22 16:12:18:5149336] [INFO   ]: Spooler requested update
[09/05/22 16:12:18:6036894] [DEBUG  ]: Recieving packet from Spooler of len 2
[09/05/22 16:12:18:6050659] [INFO   ]: Spooler requested update
[09/05/22 16:12:18:6844528] [DEBUG  ]: Recieving packet from Spooler of len 2
[09/05/22 16:12:18:6851492] [INFO   ]: Spooler requested update
[09/05/22 16:12:18:7766116] [DEBUG  ]: Recieving packet from Spooler of len 2
[09/05/22 16:12:18:7773214] [INFO   ]: Spooler requested update
[09/05/22 16:12:18:8677304] [DEBUG  ]: Recieving packet from Spooler of len 2
[09/05/22 16:12:18:8685298] [INFO   ]: Spooler requested update
[09/05/22 16:12:18:9591374] [DEBUG  ]: Recieving packet from Spooler of len 2
[09/05/22 16:12:18:9598853] [INFO   ]: Spooler requested update
[09/05/22 16:12:19:0504294] [DEBUG  ]: Recieving packet from Spooler of len 2
[09/05/22 16:12:19:0512702] [INFO   ]: Spooler requested update
[09/05/22 16:12:19:1436463] [DEBUG  ]: Recieving packet from Spooler of len 2
[09/05/22 16:12:19:1457245] [INFO   ]: Spooler requested update
[09/05/22 16:12:19:2356873] [DEBUG  ]: Recieving packet from Spooler of len 2
[09/05/22 16:12:19:2366742] [INFO   ]: Spooler requested update
[09/05/22 16:12:19:3275396] [DEBUG  ]: Recieving packet from Spooler of len 2
[09/05/22 16:12:19:3282165] [INFO   ]: Spooler requested update
[09/05/22 16:12:19:4076144] [DEBUG  ]: Recieving packet from Spooler of len 2
[09/05/22 16:12:19:4082880] [INFO   ]: Spooler requested update
[09/05/22 16:12:19:5002553] [DEBUG  ]: Recieving packet from Spooler of len 2
[09/05/22 16:12:19:5009173] [INFO   ]: Spooler requested update
[09/05/22 16:12:19:5951286] [DEBUG  ]: Recieving packet from Spooler of len 2
[09/05/22 16:12:19:5958485] [INFO   ]: Spooler requested update
[09/05/22 16:12:19:6889555] [DEBUG  ]: Recieving packet from Spooler of len 2
[09/05/22 16:12:19:6902483] [INFO   ]: Spooler requested update
[09/05/22 16:12:19:7785685] [DEBUG  ]: Recieving packet from Spooler of len 2
[09/05/22 16:12:19:7792567] [INFO   ]: Spooler requested update
[09/05/22 16:12:19:8545669] [DEBUG  ]: Recieving packet from Spooler of len 2
[09/05/22 16:12:19:8553319] [INFO   ]: Spooler requested update
[09/05/22 16:12:19:9454699] [DEBUG  ]: Recieving packet from Spooler of len 2
[09/05/22 16:12:19:9472255] [INFO   ]: Spooler requested update
[09/05/22 16:12:20:0403148] [DEBUG  ]: Recieving packet from Spooler of len 2
[09/05/22 16:12:20:0410237] [INFO   ]: Spooler requested update
[09/05/22 16:12:20:1319191] [DEBUG  ]: Recieving packet from Spooler of len 2
[09/05/22 16:12:20:1342086] [INFO   ]: Spooler requested update
[09/05/22 16:12:20:2314706] [DEBUG  ]: Recieving packet from Spooler of len 2
[09/05/22 16:12:20:2325164] [INFO   ]: Spooler requested update
[09/05/22 16:12:20:3161170] [DEBUG  ]: Recieving packet from Spooler of len 2
[09/05/22 16:12:20:3168479] [INFO   ]: Spooler requested update
[09/05/22 16:12:20:4102022] [DEBUG  ]: Recieving packet from Spooler of len 2
[09/05/22 16:12:20:4112103] [INFO   ]: Spooler requested update
[09/05/22 16:12:20:4872538] [DEBUG  ]: Recieving packet from Spooler of len 2
[09/05/22 16:12:20:4884959] [INFO   ]: Spooler requested update
[09/05/22 16:12:20:5687944] [DEBUG  ]: Recieving packet from Spooler of len 2
[09/05/22 16:12:20:5694874] [INFO   ]: Spooler requested update
[09/05/22 16:12:20:6559407] [DEBUG  ]: Recieving packet from Spooler of len 2
[09/05/22 16:12:20:6566522] [INFO   ]: Spooler requested update
[09/05/22 16:12:20:7339035] [DEBUG  ]: Recieving packet from Spooler of len 2
[09/05/22 16:12:20:7346105] [INFO   ]: Spooler requested update
[09/05/22 16:12:20:8123193] [DEBUG  ]: Recieving packet from Spooler of len 2
[09/05/22 16:12:20:8136652] [INFO   ]: Spooler requested update
[09/05/22 16:12:20:9052366] [DEBUG  ]: Recieving packet from Spooler of len 2
[09/05/22 16:12:20:9069893] [INFO   ]: Spooler requested update
[09/05/22 16:12:20:9985688] [DEBUG  ]: Recieving packet from Spooler of len 2
[09/05/22 16:12:21:0000455] [INFO   ]: Spooler requested update
[09/05/22 16:12:21:0908485] [DEBUG  ]: Recieving packet from Spooler of len 2
[09/05/22 16:12:21:0921502] [INFO   ]: Spooler requested update
[09/05/22 16:12:21:1833795] [DEBUG  ]: Recieving packet from Spooler of len 2
[09/05/22 16:12:21:1852606] [INFO   ]: Spooler requested update
[09/05/22 16:12:21:2753675] [DEBUG  ]: Recieving packet from Spooler of len 2
[09/05/22 16:12:21:2760473] [INFO   ]: Spooler requested update
[09/05/22 16:12:21:3679623] [DEBUG  ]: Recieving packet from Spooler of len 2
[09/05/22 16:12:21:3686681] [INFO   ]: Spooler requested update
[09/05/22 16:12:21:4618454] [DEBUG  ]: Recieving packet from Spooler of len 2
[09/05/22 16:12:21:4631478] [INFO   ]: Spooler requested update
[09/05/22 16:12:21:5428457] [DEBUG  ]: Recieving packet from Spooler of len 2
[09/05/22 16:12:21:5435422] [INFO   ]: Spooler requested update
[09/05/22 16:12:21:6384569] [DEBUG  ]: Recieving packet from Spooler of len 2
[09/05/22 16:12:21:6392515] [INFO   ]: Spooler requested update
[09/05/22 16:12:21:7288267] [DEBUG  ]: Recieving packet from Spooler of len 2
[09/05/22 16:12:21:7297061] [INFO   ]: Spooler requested update
[09/05/22 16:12:21:8250277] [DEBUG  ]: Recieving packet from Spooler of len 2
[09/05/22 16:12:21:8260328] [INFO   ]: Spooler requested update
[09/05/22 16:12:21:9138443] [DEBUG  ]: Recieving packet from Spooler of len 2
[09/05/22 16:12:21:9167201] [INFO   ]: Spooler requested update
[09/05/22 16:12:22:0072488] [DEBUG  ]: Recieving packet from Spooler of len 2
[09/05/22 16:12:22:0084848] [INFO   ]: Spooler requested update
[09/05/22 16:12:22:1000064] [DEBUG  ]: Recieving packet from Spooler of len 2
[09/05/22 16:12:22:1007663] [INFO   ]: Spooler requested update
[09/05/22 16:12:22:1875983] [DEBUG  ]: Recieving packet from Spooler of len 2
[09/05/22 16:12:22:1883202] [INFO   ]: Spooler requested update
[09/05/22 16:12:22:2645988] [DEBUG  ]: Recieving packet from Spooler of len 2
[09/05/22 16:12:22:2653029] [INFO   ]: Spooler requested update
[09/05/22 16:12:22:3570493] [DEBUG  ]: Recieving packet from Spooler of len 2
[09/05/22 16:12:22:3577391] [INFO   ]: Spooler requested update
[09/05/22 16:12:22:4346859] [DEBUG  ]: Recieving packet from Spooler of len 2
[09/05/22 16:12:22:4354055] [INFO   ]: Spooler requested update
[09/05/22 16:12:22:5147544] [DEBUG  ]: Recieving packet from Spooler of len 2
[09/05/22 16:12:22:5154338] [INFO   ]: Spooler requested update
[09/05/22 16:12:22:6076980] [DEBUG  ]: Recieving packet from Spooler of len 2
[09/05/22 16:12:22:6083864] [INFO   ]: Spooler requested update
[09/05/22 16:12:22:6986651] [DEBUG  ]: Recieving packet from Spooler of len 2
[09/05/22 16:12:22:6994141] [INFO   ]: Spooler requested update
[09/05/22 16:12:22:7729508] [DEBUG  ]: Recieving packet from Spooler of len 2
[09/05/22 16:12:22:7742340] [INFO   ]: Spooler requested update
[09/05/22 16:12:22:8501029] [DEBUG  ]: Recieving packet from Spooler of len 2
[09/05/22 16:12:22:8507836] [INFO   ]: Spooler requested update
[09/05/22 16:12:22:9307619] [DEBUG  ]: Recieving packet from Spooler of len 2
[09/05/22 16:12:22:9314457] [INFO   ]: Spooler requested update
[09/05/22 16:12:23:0259920] [DEBUG  ]: Recieving packet from Spooler of len 2
[09/05/22 16:12:23:0267989] [INFO   ]: Spooler requested update
[09/05/22 16:12:23:1169935] [DEBUG  ]: Recieving packet from Spooler of len 2
[09/05/22 16:12:23:1176640] [INFO   ]: Spooler requested update
[09/05/22 16:12:23:2075265] [DEBUG  ]: Recieving packet from Spooler of len 2
[09/05/22 16:12:23:2085540] [INFO   ]: Spooler requested update
[09/05/22 16:12:23:2869063] [DEBUG  ]: Recieving packet from Spooler of len 2
[09/05/22 16:12:23:2875715] [INFO   ]: Spooler requested update
[09/05/22 16:12:23:3758557] [DEBUG  ]: Recieving packet from Spooler of len 2
[09/05/22 16:12:23:3765519] [INFO   ]: Spooler requested update
[09/05/22 16:12:23:4537135] [DEBUG  ]: Recieving packet from Spooler of len 2
[09/05/22 16:12:23:4544564] [INFO   ]: Spooler requested update
[09/05/22 16:12:23:5306201] [DEBUG  ]: Recieving packet from Spooler of len 2
[09/05/22 16:12:23:5313097] [INFO   ]: Spooler requested update
[09/05/22 16:12:23:6113991] [DEBUG  ]: Recieving packet from Spooler of len 2
[09/05/22 16:12:23:6120707] [INFO   ]: Spooler requested update
[09/05/22 16:12:23:7011210] [DEBUG  ]: Recieving packet from Spooler of len 2
[09/05/22 16:12:23:7018535] [INFO   ]: Spooler requested update
[09/05/22 16:12:23:7933272] [DEBUG  ]: Recieving packet from Spooler of len 2
[09/05/22 16:12:23:7940081] [INFO   ]: Spooler requested update
[09/05/22 16:12:23:8743685] [DEBUG  ]: Recieving packet from Spooler of len 2
[09/05/22 16:12:23:8750426] [INFO   ]: Spooler requested update
[09/05/22 16:12:23:9631082] [DEBUG  ]: Recieving packet from Spooler of len 2
[09/05/22 16:12:23:9637830] [INFO   ]: Spooler requested update
[09/05/22 16:12:24:0405475] [DEBUG  ]: Recieving packet from Spooler of len 2
[09/05/22 16:12:24:0412914] [INFO   ]: Spooler requested update
[09/05/22 16:12:24:1171557] [DEBUG  ]: Recieving packet from Spooler of len 2
[09/05/22 16:12:24:1179532] [INFO   ]: Spooler requested update
[09/05/22 16:12:24:2091834] [DEBUG  ]: Recieving packet from Spooler of len 2
[09/05/22 16:12:24:2098436] [INFO   ]: Spooler requested update
[09/05/22 16:12:24:2913047] [DEBUG  ]: Recieving packet from Spooler of len 2
[09/05/22 16:12:24:2921735] [INFO   ]: Spooler requested update
[09/05/22 16:12:24:3802572] [DEBUG  ]: Recieving packet from Spooler of len 2
[09/05/22 16:12:24:3809714] [INFO   ]: Spooler requested update
[09/05/22 16:12:24:4563030] [DEBUG  ]: Recieving packet from Spooler of len 2
[09/05/22 16:12:24:4569763] [INFO   ]: Spooler requested update
[09/05/22 16:12:24:5363302] [DEBUG  ]: Recieving packet from Spooler of len 2
[09/05/22 16:12:24:5398260] [INFO   ]: Spooler requested update
[09/05/22 16:12:24:6274396] [DEBUG  ]: Recieving packet from Spooler of len 2
[09/05/22 16:12:24:6281404] [INFO   ]: Spooler requested update
[09/05/22 16:12:24:7045950] [DEBUG  ]: Recieving packet from Spooler of len 2
[09/05/22 16:12:24:7053189] [INFO   ]: Spooler requested update
[09/05/22 16:12:24:7820338] [DEBUG  ]: Recieving packet from Spooler of len 2
[09/05/22 16:12:24:7827233] [INFO   ]: Spooler requested update
[09/05/22 16:12:24:8620209] [DEBUG  ]: Recieving packet from Spooler of len 2
[09/05/22 16:12:24:8626954] [INFO   ]: Spooler requested update
[09/05/22 16:12:24:9363348] [DEBUG  ]: Recieving packet from Spooler of len 2
[09/05/22 16:12:24:9370184] [INFO   ]: Spooler requested update
[09/05/22 16:12:25:0140402] [DEBUG  ]: Recieving packet from Spooler of len 2
[09/05/22 16:12:25:0147149] [INFO   ]: Spooler requested update
[09/05/22 16:12:25:0962991] [DEBUG  ]: Recieving packet from Spooler of len 2
[09/05/22 16:12:25:0970195] [INFO   ]: Spooler requested update
[09/05/22 16:12:25:1835956] [DEBUG  ]: Recieving packet from Spooler of len 2
[09/05/22 16:12:25:1843139] [INFO   ]: Spooler requested update
[09/05/22 16:12:25:2635956] [DEBUG  ]: Recieving packet from Spooler of len 2
[09/05/22 16:12:25:2649551] [INFO   ]: Spooler requested update
[09/05/22 16:12:25:3555329] [DEBUG  ]: Recieving packet from Spooler of len 2
[09/05/22 16:12:25:3562230] [INFO   ]: Spooler requested update
[09/05/22 16:12:25:4355628] [DEBUG  ]: Recieving packet from Spooler of len 2
[09/05/22 16:12:25:4362221] [INFO   ]: Spooler requested update
[09/05/22 16:12:25:5259004] [DEBUG  ]: Recieving packet from Spooler of len 2
[09/05/22 16:12:25:5266073] [INFO   ]: Spooler requested update
[09/05/22 16:12:25:6061482] [DEBUG  ]: Recieving packet from Spooler of len 2
[09/05/22 16:12:25:6068196] [INFO   ]: Spooler requested update
[09/05/22 16:12:25:7011451] [DEBUG  ]: Recieving packet from Spooler of len 2
[09/05/22 16:12:25:7023586] [INFO   ]: Spooler requested update
[09/05/22 16:12:25:7945843] [DEBUG  ]: Recieving packet from Spooler of len 2
[09/05/22 16:12:25:7952931] [INFO   ]: Spooler requested update
[09/05/22 16:12:25:8868296] [DEBUG  ]: Recieving packet from Spooler of len 2
[09/05/22 16:12:25:8880867] [INFO   ]: Spooler requested update
[09/05/22 16:12:25:9804427] [DEBUG  ]: Recieving packet from Spooler of len 2
[09/05/22 16:12:25:9811136] [INFO   ]: Spooler requested update
[09/05/22 16:12:26:0662936] [DEBUG  ]: Recieving packet from Spooler of len 2
[09/05/22 16:12:26:0670625] [INFO   ]: Spooler requested update
[09/05/22 16:12:26:1648942] [DEBUG  ]: Recieving packet from Spooler of len 2
[09/05/22 16:12:26:1661000] [INFO   ]: Spooler requested update
[09/05/22 16:12:26:2524476] [DEBUG  ]: Recieving packet from Spooler of len 2
[09/05/22 16:12:26:2536949] [INFO   ]: Spooler requested update
[09/05/22 16:12:26:3439026] [DEBUG  ]: Recieving packet from Spooler of len 2
[09/05/22 16:12:26:3445912] [INFO   ]: Spooler requested update
[09/05/22 16:12:26:4394104] [DEBUG  ]: Recieving packet from Spooler of len 2
[09/05/22 16:12:26:4401330] [INFO   ]: Spooler requested update
[09/05/22 16:12:26:5296240] [DEBUG  ]: Recieving packet from Spooler of len 2
[09/05/22 16:12:26:5303444] [INFO   ]: Spooler requested update
[09/05/22 16:12:26:6216703] [DEBUG  ]: Recieving packet from Spooler of len 2
[09/05/22 16:12:26:6223458] [INFO   ]: Spooler requested update
[09/05/22 16:12:26:7028726] [DEBUG  ]: Recieving packet from Spooler of len 2
[09/05/22 16:12:26:7037272] [INFO   ]: Spooler requested update
[09/05/22 16:12:26:7982375] [DEBUG  ]: Recieving packet from Spooler of len 2
[09/05/22 16:12:26:7989328] [INFO   ]: Spooler requested update
[09/05/22 16:12:26:8908805] [DEBUG  ]: Recieving packet from Spooler of len 2
[09/05/22 16:12:26:8917605] [INFO   ]: Spooler requested update
[09/05/22 16:12:26:9811098] [DEBUG  ]: Recieving packet from Spooler of len 2
[09/05/22 16:12:26:9822039] [INFO   ]: Spooler requested update
[09/05/22 16:12:27:0742735] [DEBUG  ]: Recieving packet from Spooler of len 2
[09/05/22 16:12:27:0749694] [INFO   ]: Spooler requested update
[09/05/22 16:12:27:1634580] [DEBUG  ]: Recieving packet from Spooler of len 2
[09/05/22 16:12:27:1641762] [INFO   ]: Spooler requested update
[09/05/22 16:12:27:2396315] [DEBUG  ]: Recieving packet from Spooler of len 2
[09/05/22 16:12:27:2404117] [INFO   ]: Spooler requested update
[09/05/22 16:12:27:3167528] [DEBUG  ]: Recieving packet from Spooler of len 2
[09/05/22 16:12:27:3174565] [INFO   ]: Spooler requested update
[09/05/22 16:12:27:3949764] [DEBUG  ]: Recieving packet from Spooler of len 2
[09/05/22 16:12:27:3956573] [INFO   ]: Spooler requested update
[09/05/22 16:12:27:4726698] [DEBUG  ]: Recieving packet from Spooler of len 2
[09/05/22 16:12:27:4733695] [INFO   ]: Spooler requested update
[09/05/22 16:12:27:5500289] [DEBUG  ]: Recieving packet from Spooler of len 2
[09/05/22 16:12:27:5507470] [INFO   ]: Spooler requested update
[09/05/22 16:12:27:6271272] [DEBUG  ]: Recieving packet from Spooler of len 2
[09/05/22 16:12:27:6278483] [INFO   ]: Spooler requested update
[09/05/22 16:12:27:7195231] [DEBUG  ]: Recieving packet from Spooler of len 2
[09/05/22 16:12:27:7202534] [INFO   ]: Spooler requested update
[09/05/22 16:12:27:8110833] [DEBUG  ]: Recieving packet from Spooler of len 2
[09/05/22 16:12:27:8117984] [INFO   ]: Spooler requested update
[09/05/22 16:12:27:8893553] [DEBUG  ]: Recieving packet from Spooler of len 2
[09/05/22 16:12:27:8908194] [INFO   ]: Spooler requested update
[09/05/22 16:12:27:9652135] [DEBUG  ]: 