[10/05/22 13:14:34:6803026] [INFO   ]: Logging started
[10/05/22 13:14:34:7263363] [INFO   ]: Starting Spooler receive
[10/05/22 13:14:34:7933506] [DEBUG  ]: Recieving packet from Spooler of len 2
[10/05/22 13:14:34:7947640] [INFO   ]: Spooler requested update
[10/05/22 13:14:34:8787600] [DEBUG  ]: Recieving packet from Spooler of len 2
[10/05/22 13:14:34:8794459] [INFO   ]: Spooler requested update
[10/05/22 13:14:34:9545306] [DEBUG  ]: Recieving packet from Spooler of len 2
[10/05/22 13:14:34:9553940] [INFO   ]: Spooler requested update
[10/05/22 13:14:35:0492031] [DEBUG  ]: Recieving packet from Spooler of len 2
[10/05/22 13:14:35:0497792] [INFO   ]: Spooler requested update
[10/05/22 13:14:35:1419782] [DEBUG  ]: Recieving packet from Spooler of len 2
[10/05/22 13:14:35:1431305] [INFO   ]: Spooler requested update
[10/05/22 13:14:35:2375550] [DEBUG  ]: Recieving packet from Spooler of len 2
[10/05/22 13:14:35:2389253] [INFO   ]: Spooler requested update
[10/05/22 13:14:35:3306270] [DEBUG  ]: Recieving packet from Spooler of len 2
[10/05/22 13:14:35:3321765] [INFO   ]: Spooler requested update
[10/05/22 13:14:35:4322687] [DEBUG  ]: Recieving packet from Spooler of len 2
[10/05/22 13:14:35:4348494] [INFO   ]: Spooler requested update
[10/05/22 13:14:35:5312917] [DEBUG  ]: Recieving packet from Spooler of len 2
[10/05/22 13:14:35:5330266] [INFO   ]: Spooler requested update
[10/05/22 13:14:35:6326627] [DEBUG  ]: Recieving packet from Spooler of len 2
[10/05/22 13:14:35:6350777] [INFO   ]: Spooler requested update
[10/05/22 13:14:35:7353179] [DEBUG  ]: Recieving packet from Spooler of len 2
[10/05/22 13:14:35:7367948] [INFO   ]: Spooler requested update
[10/05/22 13:14:35:8344920] [DEBUG  ]: Recieving packet from Spooler of len 2
[10/05/22 13:14:35:8358739] [INFO   ]: Spooler requested update
[10/05/22 13:14:35:9336077] [DEBUG  ]: Recieving packet from Spooler of len 2
[10/05/22 13:14:35:9350614] [INFO   ]: Spooler requested update
[10/05/22 13:14:36:0666193] [DEBUG  ]: Recieving packet from Spooler of len 2
[10/05/22 13:14:36:0723298] [INFO   ]: Spooler requested update
[10/05/22 13:14:36:1919830] [DEBUG  ]: Recieving packet from Spooler of len 2
[10/05/22 13:14:36:1965931] [INFO   ]: Spooler requested update
[10/05/22 13:14:36:3926318] [DEBUG  ]: Recieving packet from Spooler of len 2
[10/05/22 13:14:36:4044279] [INFO   ]: Spooler requested update
[10/05/22 13:14:36:5054998] [DEBUG  ]: Recieving packet from Spooler of len 2
[10/05/22 13:14:36:5097687] [INFO   ]: Spooler requested update
[10/05/22 13:14:36:6087301] [DEBUG  ]: Recieving packet from Spooler of len 2
[10/05/22 13:14:36:6103934] [INFO   ]: Spooler requested update
[10/05/22 13:14:36:7622492] [DEBUG  ]: Recieving packet from Spooler of len 2
[10/05/22 13:14:36:7701548] [INFO   ]: Spooler requested update
[10/05/22 13:14:36:8957803] [DEBUG  ]: Recieving packet from Spooler of len 2
[10/05/22 13:14:36:9001196] [INFO   ]: Spooler requested update
[10/05/22 13:14:37:0387239] [DEBUG  ]: Recieving packet from Spooler of len 2
[10/05/22 13:14:37:0425669] [INFO   ]: Spooler requested update
[10/05/22 13:14:37:1730570] [DEBUG  ]: Recieving packet from Spooler of len 2
[10/05/22 13:14:37:1778137] [INFO   ]: Spooler requested update
[10/05/22 13:14:37:3229273] [DEBUG  ]: Recieving packet from Spooler of len 2
[10/05/22 13:14:37:3295463] [INFO   ]: Spooler requested update
[10/05/22 13:14:37:4380472] [DEBUG  ]: Recieving packet from Spooler of len 2
[10/05/22 13:14:37:4405240] [INFO   ]: Spooler requested update
[10/05/22 13:14:37:5375358] [DEBUG  ]: Recieving packet from Spooler of len 2
[10/05/22 13:14:37:5399748] [INFO   ]: Spooler requested update
[10/05/22 13:14:37:6332960] [DEBUG  ]: Recieving packet from Spooler of len 2
[10/05/22 13:14:37:6348995] [INFO   ]: Spooler requested update
[10/05/22 13:14:37:7563790] [DEBUG  ]: Recieving packet from Spooler of len 2
[10/05/22 13:14:37:7579892] [INFO   ]: Spooler requested update
[10/05/22 13:14:37:8772946] [DEBUG  ]: Recieving packet from Spooler of len 2
[10/05/22 13:14:37:8849504] [INFO   ]: Spooler requested update
[10/05/22 13:14:38:0154500] [DEBUG  ]: Recieving packet from Spooler of len 2
[10/05/22 13:14:38:0187303] [INFO   ]: Spooler requested update
[10/05/22 13:14:38:1766906] [DEBUG  ]: Recieving packet from Spooler of len 2
[10/05/22 13:14:38:2005297] [INFO   ]: Spooler requested update
[10/05/22 13:14:38:3044909] [DEBUG  ]: Recieving packet from Spooler of len 2
[10/05/22 13:14:38:3074664] [INFO   ]: Spooler requested update
[10/05/22 13:14:38:4252130] [DEBUG  ]: Recieving packet from Spooler of len 2
[10/05/22 13:14:38:4280825] [INFO   ]: Spooler requested update
[10/05/22 13:14:38:5403989] [DEBUG  ]: Recieving packet from Spooler of len 2
[10/05/22 13:14:38:5487110] [INFO   ]: Spooler requested update
[10/05/22 13:14:38:6528860] [DEBUG  ]: Recieving packet from Spooler of len 2
[10/05/22 13:14:38:6644079] [INFO   ]: Spooler requested update
[10/05/22 13:14:38:7781768] [DEBUG  ]: Recieving packet from Spooler of len 2
[10/05/22 13:14:38:7872389] [INFO   ]: Spooler requested update
[10/05/22 13:14:38:9039446] [DEBUG  ]: Recieving packet from Spooler of len 2
[10/05/22 13:14:38:9085521] [INFO   ]: Spooler requested update
[10/05/22 13:14:39:0315437] [DEBUG  ]: Recieving packet from Spooler of len 2
[10/05/22 13:14:39:0346539] [INFO   ]: Spooler requested update
[10/05/22 13:14:39:1658860] [DEBUG  ]: Recieving packet from Spooler of len 2
[10/05/22 13:14:39:1711983] [INFO   ]: Spooler requested update
[10/05/22 13:14:39:3110549] [DEBUG  ]: Recieving packet from Spooler of len 2
[10/05/22 13:14:39:3178916] [INFO   ]: Spooler requested update
[10/05/22 13:14:39:4193623] [DEBUG  ]: Recieving packet from Spooler of len 2
[10/05/22 13:14:39:4217635] [INFO   ]: Spooler requested update
[10/05/22 13:14:39:5355886] [DEBUG  ]: Recieving packet from Spooler of len 2
[10/05/22 13:14:39:5382855] [INFO   ]: Spooler requested update
[10/05/22 13:14:39:6772906] [DEBUG  ]: Recieving packet from Spooler of len 2
[10/05/22 13:14:39:6858957] [INFO   ]: Spooler requested update
[10/05/22 13:14:39:8057343] [DEBUG  ]: Recieving packet from Spooler of len 2
[10/05/22 13:14:39:8084469] [INFO   ]: Spooler requested update
[10/05/22 13:14:40:0322354] [DEBUG  ]: Recieving packet from Spooler of len 2
[10/05/22 13:14:40:0354557] [INFO   ]: Spooler requested update
[10/05/22 13:14:40:1525712] [DEBUG  ]: Recieving packet from Spooler of len 2
[10/05/22 13:14:40:1559120] [INFO   ]: Spooler requested update
[10/05/22 13:14:40:2998297] [DEBUG  ]: Recieving packet from Spooler of len 2
[10/05/22 13:14:40:3039243] [INFO   ]: Spooler requested update
[10/05/22 13:14:40:4333222] [DEBUG  ]: Recieving packet from Spooler of len 2
[10/05/22 13:14:40:4370881] [INFO   ]: Spooler requested update
[10/05/22 13:14:40:5521907] [DEBUG  ]: Recieving packet from Spooler of len 2
[10/05/22 13:14:40:5542807] [INFO   ]: Spooler requested update
[10/05/22 13:14:40:7013727] [DEBUG  ]: Recieving packet from Spooler of len 2
[10/05/22 13:14:40:7046111] [INFO   ]: Spooler requested update
[10/05/22 13:14:40:8447385] [DEBUG  ]: Recieving packet from Spooler of len 2
[10/05/22 13:14:40:8531842] [INFO   ]: Spooler requested update
[10/05/22 13:14:40:9915925] [DEBUG  ]: Recieving packet from Spooler of len 2
[10/05/22 13:14:40:9950201] [INFO   ]: Spooler requested update
[10/05/22 13:14:41:1631056] [DEBUG  ]: Recieving packet from Spooler of len 2
[10/05/22 13:14:41:1725814] [INFO   ]: Spooler requested update
[10/05/22 13:14:41:2862178] [DEBUG  ]: Recieving packet from Spooler of len 2
[10/05/22 13:14:41:2914532] [INFO   ]: Spooler requested update
[10/05/22 13:14:41:4236357] [DEBUG  ]: Recieving packet from Spooler of len 2
[10/05/22 13:14:41:4278826] [INFO   ]: Spooler requested update
[10/05/22 13:14:41:5599208] [DEBUG  ]: Recieving packet from Spooler of len 2
[10/05/22 13:14:41:5666692] [INFO   ]: Spooler requested update
[10/05/22 13:14:41:7044072] [DEBUG  ]: Recieving packet from Spooler of len 2
[10/05/22 13:14:41:7085434] [INFO   ]: Spooler requested update
[10/05/22 13:14:41:8388631] [DEBUG  ]: Recieving packet from Spooler of len 2
[10/05/22 13:14:41:8430542] [INFO   ]: Spooler requested update
[10/05/22 13:14:41:9580666] [DEBUG  ]: Recieving packet from Spooler of len 2
[10/05/22 13:14:41:9618528] [INFO   ]: Spooler requested update
[10/05/22 13:14:42:0825115] [DEBUG  ]: Recieving packet from Spooler of len 2
[10/05/22 13:14:42:0870490] [INFO   ]: Spooler requested update
[10/05/22 13:14:42:2153632] [DEBUG  ]: Recieving packet from Spooler of len 2
[10/05/22 13:14:42:2204706] [INFO   ]: Spooler requested update
[10/05/22 13:14:42:3434451] [DEBUG  ]: Recieving packet from Spooler of len 2
[10/05/22 13:14:42:3531410] [INFO   ]: Spooler requested update
[10/05/22 13:14:42:4719613] [DEBUG  ]: Recieving packet from Spooler of len 2
[10/05/22 13:14:42:4772954] [INFO   ]: Spooler requested update
[10/05/22 13:14:42:6081927] [DEBUG  ]: Recieving packet from Spooler of len 2
[10/05/22 13:14:42:6173788] [INFO   ]: Spooler requested update
[10/05/22 13:14:42:7387857] [DEBUG  ]: Recieving packet from Spooler of len 2
[10/05/22 13:14:42:7421584] [INFO   ]: Spooler requested update
[10/05/22 13:14:42:8726462] [DEBUG  ]: Recieving packet from Spooler of len 2
[10/05/22 13:14:42:8760862] [INFO   ]: Spooler requested update
[10/05/22 13:14:43:0022543] [DEBUG  ]: Recieving packet from Spooler of len 2
[10/05/22 13:14:43:0060704] [INFO   ]: Spooler requested update
[10/05/22 13:14:43:1273204] [DEBUG  ]: Recieving packet from Spooler of len 2
[10/05/22 13:14:43:1329084] [INFO   ]: Spooler requested update
[10/05/22 13:14:43:2410669] [DEBUG  ]: Recieving packet from Spooler of len 2
[10/05/22 13:14:43:2555185] [INFO   ]: Spooler requested update
[10/05/22 13:14:43:3741509] [DEBUG  ]: Recieving packet from Spooler of len 2
[10/05/22 13:14:43:3778977] [INFO   ]: Spooler requested update
[10/05/22 13:14:43:5069186] [DEBUG  ]: Recieving packet from Spooler of len 2
[10/05/22 13:14:43:5141142] [INFO   ]: Spooler requested update
[10/05/22 13:14:43:6308526] [DEBUG  ]: Recieving packet from Spooler of len 2
[10/05/22 13:14:43:6323797] [INFO   ]: Spooler requested update
[10/05/22 13:14:43:7296484] [DEBUG  ]: Recieving packet from Spooler of len 2
[10/05/22 13:14:43:7316671] [INFO   ]: Spooler requested update
[10/05/22 13:14:43:8438399] [DEBUG  ]: Recieving packet from Spooler of len 2
[10/05/22 13:14:43:8475082] [INFO   ]: Spooler requested update
[10/05/22 13:14:43:9689051] [DEBUG  ]: Recieving packet from Spooler of len 2
[10/05/22 13:14:43:9742188] [INFO   ]: Spooler requested update
[10/05/22 13:14:44:0994031] [DEBUG  ]: Recieving packet from Spooler of len 2
[10/05/22 13:14:44:1046759] [INFO   ]: Spooler requested update
[10/05/22 13:14:44:2382617] [DEBUG  ]: Recieving packet from Spooler of len 2
[10/05/22 13:14:44:2415645] [INFO   ]: Spooler requested update
[10/05/22 13:14:44:3575940] [DEBUG  ]: Recieving packet from Spooler of len 2
[10/05/22 13:14:44:3696081] [INFO   ]: Spooler requested update
[10/05/22 13:14:44:4950568] [DEBUG  ]: Recieving packet from Spooler of len 2
[10/05/22 13:14:44:4987082] [INFO   ]: Spooler requested update
[10/05/22 13:14:44:6242347] [DEBUG  ]: Recieving packet from Spooler of len 2
[10/05/22 13:14:44:6265485] [INFO   ]: Spooler requested update
[10/05/22 13:14:44:7600377] [DEBUG  ]: Recieving packet from Spooler of len 2
[10/05/22 13:14:44:7638767] [INFO   ]: Spooler requested update
[10/05/22 13:14:44:8730807] [DEBUG  ]: Recieving packet from Spooler of len 2
[10/05/22 13:14:44:8773831] [INFO   ]: Spooler requested update
[10/05/22 13:14:45:0055773] [DEBUG  ]: Recieving packet from Spooler of len 2
[10/05/22 13:14:45:0094111] [INFO   ]: Spooler requested update
[10/05/22 13:14:45:1470509] [DEBUG  ]: Recieving packet from Spooler of len 2
[10/05/22 13:14:45:1508227] [INFO   ]: Spooler requested update
[10/05/22 13:14:45:2742854] [DEBUG  ]: Recieving packet from Spooler of len 2
[10/05/22 13:14:45:2868318] [INFO   ]: Spooler requested update
[10/05/22 13:14:45:4368685] [DEBUG  ]: Recieving packet from Spooler of len 2
[10/05/22 13:14:45:4409102] [INFO   ]: Spooler requested update
[10/05/22 13:14:45:5582421] [DEBUG  ]: Recieving packet from Spooler of len 2
[10/05/22 13:14:45:5602922] [INFO   ]: Spooler requested update
[10/05/22 13:14:45:6732483] [DEBUG  ]: Recieving packet from Spooler of len 2
[10/05/22 13:14:45:6756327] [INFO   ]: Spooler requested update
[10/05/22 13:14:45:7850703] [DEBUG  ]: Recieving packet from Spooler of len 2
[10/05/22 13:14:45:7888996] [INFO   ]: Spooler requested update
[10/05/22 13:14:45:9096622] [DEBUG  ]: Recieving packet from Spooler of len 2
[10/05/22 13:14:45:9221516] [INFO   ]: Spooler requested update
[10/05/22 13:14:46:0445670] [DEBUG  ]: Recieving packet from Spooler of len 2
[10/05/22 13:14:46:0514379] [INFO   ]: Spooler requested update
[10/05/22 13:14:46:1721910] [DEBUG  ]: Recieving packet from Spooler of len 2
[10/05/22 13:14:46:1754277] [INFO   ]: Spooler requested update
[10/05/22 13:14:46:3042398] [DEBUG  ]: Recieving packet from Spooler of len 2
[10/05/22 13:14:46:3101294] [INFO   ]: Spooler requested update
[10/05/22 13:14:46:4363959] [DEBUG  ]: Recieving packet from Spooler of len 2
[10/05/22 13:14:46:4400825] [INFO   ]: Spooler requested update
[10/05/22 13:14:46:5543103] [DEBUG  ]: Recieving packet from Spooler of len 2
[10/05/22 13:14:46:5575425] [INFO   ]: Spooler requested update
[10/05/22 13:14:46:6645654] [DEBUG  ]: Recieving packet from Spooler of len 2
[10/05/22 13:14:46:6680662] [INFO   ]: Spooler requested update
[10/05/22 13:14:46:7873638] [DEBUG  ]: Recieving packet from Spooler of len 2
[10/05/22 13:14:46:7906968] [INFO   ]: Spooler requested update
[10/05/22 13:14:46:9021325] [DEBUG  ]: Recieving packet from Spooler of len 2
[10/05/22 13:14:46:9083722] [INFO   ]: Spooler requested update
[10/05/22 13:14:47:0458327] [DEBUG  ]: Recieving packet from Spooler of len 2
[10/05/22 13:14:47:0507832] [INFO   ]: Spooler requested update
[10/05/22 13:14:47:1713300] [DEBUG  ]: Recieving packet from Spooler of len 2
[10/05/22 13:14:47:1747420] [INFO   ]: Spooler requested update
[10/05/22 13:14:47:3084105] [DEBUG  ]: Recieving packet from Spooler of len 2
[10/05/22 13:14:47:3163781] [INFO   ]: Spooler requested update
[10/05/22 13:14:47:4365551] [DEBUG  ]: Recieving packet from Spooler of len 2
[10/05/22 13:14:47:4408716] [INFO   ]: Spooler requested update
[10/05/22 13:14:47:5708804] [DEBUG  ]: Recieving packet from Spooler of len 2
[10/05/22 13:14:47:5741793] [INFO   ]: Spooler requested update
[10/05/22 13:14:47:6928959] [DEBUG  ]: Recieving packet from Spooler of len 2
[10/05/22 13:14:47:6995330] [INFO   ]: Spooler requested update
[10/05/22 13:14:47:8236779] [DEBUG  ]: Recieving packet from Spooler of len 2
[10/05/22 13:14:47:8334662] [INFO   ]: Spooler requested update
[10/05/22 13:14:47:9551241] [DEBUG  ]: Recieving packet from Spooler of len 2
[10/05/22 13:14:47:9585524] [INFO   ]: Spooler requested update
[10/05/22 13:14:48:0893707] [DEBUG  ]: Recieving packet from Spooler of len 2
[10/05/22 13:14:48:1026438] [INFO   ]: Spooler requested update
[10/05/22 13:14:48:3071236] [DEBUG  ]: Recieving packet from Spooler of len 2
[10/05/22 13:14:48:3687331] [INFO   ]: Spooler requested update
[10/05/22 13:14:48:4794153] [DEBUG  ]: Recieving packet from Spooler of len 2
[10/05/22 13:14:48:4817276] [INFO   ]: Spooler requested update
[10/05/22 13:14:48:5968986] [DEBUG  ]: Recieving packet from Spooler of len 2
[10/05/22 13:14:48:5995463] [INFO   ]: Spooler requested update
[10/05/22 13:14:48:7378460] [DEBUG  ]: Recieving packet from Spooler of len 2
[10/05/22 13:14:48:7416143] [INFO   ]: Spooler requested update
[10/05/22 13:14:48:8757859] [DEBUG  ]: Recieving packet from Spooler of len 2
[10/05/22 13:14:48:8868799] [INFO   ]: Spooler requested update
[10/05/22 13:14:49:0418995] [DEBUG  ]: Recieving packet from Spooler of len 2
[10/05/22 13:14:49:0542119] [INFO   ]: Spooler requested update
[10/05/22 13:14:49:1925353] [DEBUG  ]: Recieving packet from Spooler of len 2
[10/05/22 13:14:49:2004019] [INFO   ]: Spooler requested update
[10/05/22 13:14:49:3369942] [DEBUG  ]: Recieving packet from Spooler of len 2
[10/05/22 13:14:49:3415625] [INFO   ]: Spooler requested update
[10/05/22 13:14:49:4724866] [DEBUG  ]: Recieving packet from Spooler of len 2
[10/05/22 13:14:49:4767648] [INFO   ]: Spooler requested update
[10/05/22 13:14:49:6214613] [DEBUG  ]: Recieving packet from Spooler of len 2
[10/05/22 13:14:49:6243860] [INFO   ]: Spooler requested update
[10/05/22 13:14:49:7570281] [DEBUG  ]: Recieving packet from Spooler of len 2
[10/05/22 13:14:49:7731621] [INFO   ]: Spooler requested update
[10/05/22 13:14:49:9608372] [DEBUG  ]: Recieving packet from Spooler of len 2
[10/05/22 13:14:49:9632701] [INFO   ]: Spooler requested update
[10/05/22 13:14:50:1049839] [DEBUG  ]: Recieving packet from Spooler of len 2
[10/05/22 13:14:50:1172315] [INFO   ]: Spooler requested update
[10/05/22 13:14:50:2807245] [DEBUG  ]: Recieving packet from Spooler of len 2
[10/05/22 13:14:50:2925013] [INFO   ]: Spooler requested update
[10/05/22 13:14:50:4482595] [DEBUG  ]: Recieving packet from Spooler of len 2
[10/05/22 13:14:50:4507954] [INFO   ]: Spooler requested update
[10/05/22 13:14:50:5773578] [DEBUG  ]: Recieving packet from Spooler of len 2
[10/05/22 13:14:50:5794745] [INFO   ]: Spooler requested update
[10/05/22 13:14:50:7248175] [DEBUG  ]: Recieving packet from Spooler of len 2
[10/05/22 13:14:50:7344436] [INFO   ]: Spooler requested update
[10/05/22 13:14:50:8869282] [DEBUG  ]: Recieving packet from Spooler of len 2
[10/05/22 13:14:50:9045931] [INFO   ]: Spooler requested update
[10/05/22 13:14:51:0538366] [DEBUG  ]: Recieving packet from Spooler of len 2
[10/05/22 13:14:51:0611216] [INFO   ]: Spooler requested update
[10/05/22 13:14:51:1923042] [DEBUG  ]: Recieving packet from Spooler of len 2
[10/05/22 13:14:51:1983683] [INFO   ]: Spooler requested update
[10/05/22 13:14:51:3164241] [DEBUG  ]: Recieving packet from Spooler of len 2
[10/05/22 13:14:51:3198330] [INFO   ]: Spooler requested update
[10/05/22 13:14:51:4388372] [DEBUG  ]: Recieving packet from Spooler of len 2
[10/05/22 13:14:51:4432750] [INFO   ]: Spooler requested update
[10/05/22 13:14:51:5743447] [DEBUG  ]: Recieving packet from Spooler of len 2
[10/05/22 13:14:51:5835151] [INFO   ]: Spooler requested update
[10/05/22 13:14:51:7632042] [DEBUG  ]: Recieving packet from Spooler of len 2
[10/05/22 13:14:51:7670260] [INFO   ]: Spooler requested update
[10/05/22 13:14:51:9055038] [DEBUG  ]: Recieving packet from Spooler of len 2
[10/05/22 13:14:51:9152042] [INFO   ]: Spooler requested update
[10/05/22 13:14:52:0496198] [DEBUG  ]: Recieving packet from Spooler of len 2
[10/05/22 13:14:52:0540758] [INFO   ]: Spooler requested update
[10/05/22 13:14:52:1559851] [DEBUG  ]: Recieving packet from Spooler of len 2
[10/05/22 13:14:52:1579227] [INFO   ]: Spooler requested update
[10/05/22 13:14:52:2556189] [DEBUG  ]: Recieving packet from Spooler of len 2
[10/05/22 13:14:52:2585714] [INFO   ]: Spooler requested update
[10/05/22 13:14:52:3744207] [DEBUG  ]: Recieving packet from Spooler of len 2
[10/05/22 13:14:52:3818700] [INFO   ]: Spooler requested update
[10/05/22 13:14:52:5155345] [DEBUG  ]: Recieving packet from Spooler of len 2
[10/05/22 13:14:52:5204372] [INFO   ]: Spooler requested update
[10/05/22 13:14:52:6434971] [DEBUG  ]: Recieving packet from Spooler of len 2
[10/05/22 13:14:52:6508750] [INFO   ]: Spooler requested update
[10/05/22 13:14:52:7744277] [DEBUG  ]: Recieving packet from Spooler of len 2
[10/05/22 13:14:52:7794338] [INFO   ]: Spooler requested update
[10/05/22 13:14:52:9112318] [DEBUG  ]: Recieving packet from Spooler of len 2
[10/05/22 13:14:52:9147065] [INFO   ]: Spooler requested update
[10/05/22 13:14:53:0375136] [DEBUG  ]: Recieving packet from Spooler of len 2
[10/05/22 13:14:53:0508882] [INFO   ]: Spooler requested update
[10/05/22 13:14:53:1775500] [DEBUG  ]: Recieving packet from Spooler of len 2
[10/05/22 13:14:53:1834839] [INFO   ]: Spooler requested update
[10/05/22 13:14:53:3085538] [DEBUG  ]: Recieving packet from Spooler of len 2
[10/05/22 13:14:53:3142573] [INFO   ]: Spooler requested update
[10/05/22 13:14:53:4464692] [DEBUG  ]: Recieving packet from Spooler of len 2
[10/05/22 13:14:53:4503111] [INFO   ]: Spooler requested update
[10/05/22 13:14:53:5822798] [DEBUG  ]: Recieving packet from Spooler of len 2
[10/05/22 13:14:53:5865537] [INFO   ]: Spooler requested update
[10/05/22 13:14:53:7175441] [DEBUG  ]: Recieving packet from Spooler of len 2
[10/05/22 13:14:53:7227268] [INFO   ]: Spooler requested update
[10/05/22 13:14:53:8443329] [DEBUG  ]: Recieving packet from Spooler of len 2
[10/05/22 13:14:53:8486207] [INFO   ]: Spooler requested update
[10/05/22 13:14:53:9689556] [DEBUG  ]: Recieving packet from Spooler of len 2
[10/05/22 13:14:53:9742873] [INFO   ]: Spooler requested update
[10/05/22 13:14:54:1071859] [DEBUG  ]: Recieving packet from Spooler of len 2
[10/05/22 13:14:54:1149852] [INFO   ]: Spooler requested update
[10/05/22 13:14:54:2381929] [DEBUG  ]: Recieving packet from Spooler of len 2
[10/05/22 13:14:54:2412511] [INFO   ]: Spooler requested update
[10/05/22 13:14:54:3785258] [DEBUG  ]: Recieving packet from Spooler of len 2
[10/05/22 13:14:54:3827167] [INFO   ]: Spooler requested update
[10/05/22 13:14:54:5181406] [DEBUG  ]: Recieving packet from Spooler of len 2
[10/05/22 13:14:54:5233167] [INFO   ]: Spooler requested update
[10/05/22 13:14:54:6625773] [DEBUG  ]: Recieving packet from Spooler of len 2
[10/05/22 13:14:54:6686651] [INFO   ]: Spooler requested update
[10/05/22 13:14:54:8095409] [DEBUG  ]: Recieving packet from Spooler of len 2
[10/05/22 13:14:54:8148431] [INFO   ]: Spooler requested update
[10/05/22 13:14:54:9512756] [DEBUG  ]: Recieving packet from Spooler of len 2
[10/05/22 13:14:54:9558693] [INFO   ]: Spooler requested update
[10/05/22 13:14:55:1293478] [DEBUG  ]: Recieving packet from Spooler of len 2
[10/05/22 13:14:55:1353274] [INFO   ]: Spooler requested update
[10/05/22 13:14:55:2936430] [DEBUG  ]: Recieving packet from Spooler of len 2
[10/05/22 13:14:55:2957810] [INFO   ]: Spooler requested update
[10/05/22 13:14:55:3943010] [DEBUG  ]: Recieving packet from Spooler of len 2
[10/05/22 13:14:55:3966840] [INFO   ]: Spooler requested update
[10/05/22 13:14:55:5208861] [DEBUG  ]: Recieving packet from Spooler of len 2
[10/05/22 13:14:55:5242719] [INFO   ]: Spooler requested update
[10/05/22 13:14:55:6349277] [DEBUG  ]: Recieving packet from Spooler of len 2
[10/05/22 13:14:55:6376030] [INFO   ]: Spooler requested update
[10/05/22 13:14:55:7500352] [DEBUG  ]: Recieving packet from Spooler of len 2
[10/05/22 13:14:55:7533143] [INFO   ]: Spooler requested update
[10/05/22 13:14:55:8764788] [DEBUG  ]: Recieving packet from Spooler of len 2
[10/05/22 13:14:55:8822300] [INFO   ]: Spooler requested update
[10/05/22 13:14:56:0020593] [DEBUG  ]: Recieving packet from Spooler of len 2
[10/05/22 13:14:56:0057750] [INFO   ]: Spooler requested update
[10/05/22 13:14:56:1161073] [DEBUG  ]: Recieving packet from Spooler of len 2
[10/05/22 13:14:56:1194324] [INFO   ]: Spooler requested update
[10/05/22 13:14:56:2318689] [DEBUG  ]: Recieving packet from Spooler of len 2
[10/05/22 13:14:56:2355773] [INFO   ]: Spooler requested update
[10/05/22 13:14:56:3496362] [DEBUG  ]: Recieving packet from Spooler of len 2
[10/05/22 13:14:56:3532522] [INFO   ]: Spooler requested update
[10/05/22 13:14:56:4679095] [DEBUG  ]: Recieving packet from Spooler of len 2
[10/05/22 13:14:56:4728846] [INFO   ]: Spooler requested update
[10/05/22 13:14:56:5865963] [DEBUG  ]: Recieving packet from Spooler of len 2
[10/05/22 13:14:56:5948053] [INFO   ]: Spooler requested update
[10/05/22 13:14:56:7173493] [DEBUG  ]: Recieving packet from Spooler of len 2
[10/05/22 13:14:56:7239820] [INFO   ]: Spooler requested update
[10/05/22 13:14:56:8316963] [DEBUG  ]: Recieving packet from Spooler of len 2
[10/05/22 13:14:56:8349419] [INFO   ]: Spooler requested update
[10/05/22 13:14:56:9614751] [DEBUG  ]: Recieving packet from Spooler of len 2
[10/05/22 13:14:56:9688602] [INFO   ]: S