[11/05/22 09:36:42:7801101] [INFO ]: Logging started
[11/05/22 09:36:42:8574670] [INFO ]: Starting Spooler receive
[11/05/22 09:36:43:4262950] [DEBUG]: Recieving packet from Spooler of len 2
[11/05/22 09:36:43:4276458] [INFO ]: Spooler requested update
[11/05/22 09:36:43:4990796] [DEBUG]: Recieving packet from Spooler of len 2
[11/05/22 09:36:43:4993930] [INFO ]: Spooler requested update
[11/05/22 09:36:43:5714511] [DEBUG]: Recieving packet from Spooler of len 2
[11/05/22 09:36:43:5755764] [INFO ]: Spooler requested update
[11/05/22 09:36:43:6597627] [DEBUG]: Recieving packet from Spooler of len 2
[11/05/22 09:36:43:6656988] [INFO ]: Spooler requested update
[11/05/22 09:36:43:7483139] [DEBUG]: Recieving packet from Spooler of len 2
[11/05/22 09:36:43:7487925] [INFO ]: Spooler requested update
[11/05/22 09:36:43:8218775] [DEBUG]: Recieving packet from Spooler of len 2
[11/05/22 09:36:43:8225783] [INFO ]: Spooler requested update
[11/05/22 09:36:43:9072817] [DEBUG]: Recieving packet from Spooler of len 2
[11/05/22 09:36:43:9080254] [INFO ]: Spooler requested update
[11/05/22 09:36:43:9883357] [DEBUG]: Recieving packet from Spooler of len 2
[11/05/22 09:36:43:9892007] [INFO ]: Spooler requested update
[11/05/22 09:36:44:0781085] [DEBUG]: Recieving packet from Spooler of len 2
[11/05/22 09:36:44:0819319] [INFO ]: Spooler requested update
[11/05/22 09:36:44:2210504] [DEBUG]: Recieving packet from Spooler of len 2
[11/05/22 09:36:44:2219365] [INFO ]: Spooler requested update
[11/05/22 09:36:44:2926346] [DEBUG]: Recieving packet from Spooler of len 2
[11/05/22 09:36:44:2931042] [INFO ]: Spooler requested update
[11/05/22 09:36:44:3595700] [DEBUG]: Recieving packet from Spooler of len 2
[11/05/22 09:36:44:3600252] [INFO ]: Spooler requested update
[11/05/22 09:36:44:4464508] [DEBUG]: Recieving packet from Spooler of len 2
[11/05/22 09:36:44:4472369] [INFO ]: Spooler requested update
[11/05/22 09:36:44:5421997] [DEBUG]: Recieving packet from Spooler of len 2
[11/05/22 09:36:44:5562783] [INFO ]: Spooler requested update
[11/05/22 09:36:44:6829017] [DEBUG]: Recieving packet from Spooler of len 2
[11/05/22 09:36:44:6912196] [INFO ]: Spooler requested update
[11/05/22 09:36:44:8616509] [DEBUG]: Recieving packet from Spooler of len 2
[11/05/22 09:36:44:8648044] [INFO ]: Spooler requested update
[11/05/22 09:36:44:9660873] [DEBUG]: Recieving packet from Spooler of len 2
[11/05/22 09:36:44:9684126] [INFO ]: Spooler requested update
[11/05/22 09:36:45:0616508] [DEBUG]: Recieving packet from Spooler of len 2
[11/05/22 09:36:45:0636006] [INFO ]: Spooler requested update
[11/05/22 09:36:45:1910352] [DEBUG]: Recieving packet from Spooler of len 2
[11/05/22 09:36:45:1992966] [INFO ]: Spooler requested update
[11/05/22 09:36:45:3319201] [DEBUG]: Recieving packet from Spooler of len 2
[11/05/22 09:36:45:3399975] [INFO ]: Spooler requested update
[11/05/22 09:36:45:4827526] [DEBUG]: Recieving packet from Spooler of len 2
[11/05/22 09:36:45:4876868] [INFO ]: Spooler requested update
[11/05/22 09:36:45:6245550] [DEBUG]: Recieving packet from Spooler of len 2
[11/05/22 09:36:45:6284774] [INFO ]: Spooler requested update
[11/05/22 09:36:45:7582250] [DEBUG]: Recieving packet from Spooler of len 2
[11/05/22 09:36:45:7631306] [INFO ]: Spooler requested update
[11/05/22 09:36:45:8899747] [DEBUG]: Recieving packet from Spooler of len 2
[11/05/22 09:36:45:8945578] [INFO ]: Spooler requested update
[11/05/22 09:36:46:0139753] [DEBUG]: Recieving packet from Spooler of len 2
[11/05/22 09:36:46:0206297] [INFO ]: Spooler requested update
[11/05/22 09:36:46:1290459] [DEBUG]: Recieving packet from Spooler of len 2
[11/05/22 09:36:46:1431741] [INFO ]: Spooler requested update
[11/05/22 09:36:46:2587754] [DEBUG]: Recieving packet from Spooler of len 2
[11/05/22 09:36:46:2618913] [INFO ]: Spooler requested update
[11/05/22 09:36:46:4026041] [DEBUG]: Recieving packet from Spooler of len 2
[11/05/22 09:36:46:4058015] [INFO ]: Spooler requested update
[11/05/22 09:36:46:5303464] [DEBUG]: Recieving packet from Spooler of len 2
[11/05/22 09:36:46:5418818] [INFO ]: Spooler requested update
[11/05/22 09:36:46:6835763] [DEBUG]: Recieving packet from Spooler of len 2
[11/05/22 09:36:46:6994710] [INFO ]: Spooler requested update
[11/05/22 09:36:46:8279816] [DEBUG]: Recieving packet from Spooler of len 2
[11/05/22 09:36:46:8300189] [INFO ]: Spooler requested update
[11/05/22 09:36:46:9500628] [DEBUG]: Recieving packet from Spooler of len 2
[11/05/22 09:36:46:9527763] [INFO ]: Spooler requested update
[11/05/22 09:36:47:0696755] [DEBUG]: Recieving packet from Spooler of len 2
[11/05/22 09:36:47:0744598] [INFO ]: Spooler requested update
[11/05/22 09:36:47:2030361] [DEBUG]: Recieving packet from Spooler of len 2
[11/05/22 09:36:47:2065996] [INFO ]: Spooler requested update
[11/05/22 09:36:47:3457274] [DEBUG]: Recieving packet from Spooler of len 2
[11/05/22 09:36:47:3500033] [INFO ]: Spooler requested update
[11/05/22 09:36:47:4919307] [DEBUG]: Recieving packet from Spooler of len 2
[11/05/22 09:36:47:5009962] [INFO ]: Spooler requested update
[11/05/22 09:36:47:6727961] [DEBUG]: Recieving packet from Spooler of len 2
[11/05/22 09:36:47:6809326] [INFO ]: Spooler requested update
[11/05/22 09:36:47:7903651] [DEBUG]: Recieving packet from Spooler of len 2
[11/05/22 09:36:47:7923968] [INFO ]: Spooler requested update
[11/05/22 09:36:47:9045228] [DEBUG]: Recieving packet from Spooler of len 2
[11/05/22 09:36:47:9066581] [INFO ]: Spooler requested update
[11/05/22 09:36:47:9982921] [DEBUG]: Recieving packet from Spooler of len 2
[11/05/22 09:36:48:0072998] [INFO ]: Spooler requested update
[11/05/22 09:36:48:1084447] [DEBUG]: Recieving packet from Spooler of len 2
[11/05/22 09:36:48:1136022] [INFO ]: Spooler requested update
[11/05/22 09:36:48:2255805] [DEBUG]: Recieving packet from Spooler of len 2
[11/05/22 09:36:48:2282932] [INFO ]: Spooler requested update
[11/05/22 09:36:48:3365969] [DEBUG]: Recieving packet from Spooler of len 2
[11/05/22 09:36:48:3384036] [INFO ]: Spooler requested update
[11/05/22 09:36:48:4590213] [DEBUG]: Recieving packet from Spooler of len 2
[11/05/22 09:36:48:4639249] [INFO ]: Spooler requested update
[11/05/22 09:36:48:5922763] [DEBUG]: Recieving packet from Spooler of len 2
[11/05/22 09:36:48:6039259] [INFO ]: Spooler requested update
[11/05/22 09:36:48:7276373] [DEBUG]: Recieving packet from Spooler of len 2
[11/05/22 09:36:48:7406834] [INFO ]: Spooler requested update
[11/05/22 09:36:48:8663091] [DEBUG]: Recieving packet from Spooler of len 2
[11/05/22 09:36:48:8733137] [INFO ]: Spooler requested update
[11/05/22 09:36:49:0039558] [DEBUG]: Recieving packet from Spooler of len 2
[11/05/22 09:36:49:0114050] [INFO ]: Spooler requested update
[11/05/22 09:36:49:1456749] [DEBUG]: Recieving packet from Spooler of len 2
[11/05/22 09:36:49:1550386] [INFO ]: Spooler requested update
[11/05/22 09:36:49:2830126] [DEBUG]: Recieving packet from Spooler of len 2
[11/05/22 09:36:49:2942899] [INFO ]: Spooler requested update
[11/05/22 09:36:49:4337410] [DEBUG]: Recieving packet from Spooler of len 2
[11/05/22 09:36:49:4384123] [INFO ]: Spooler requested update
[11/05/22 09:36:49:5899129] [DEBUG]: Recieving packet from Spooler of len 2
[11/05/22 09:36:49:5932966] [INFO ]: Spooler requested update
[11/05/22 09:36:49:7264959] [DEBUG]: Recieving packet from Spooler of len 2
[11/05/22 09:36:49:7410952] [INFO ]: Spooler requested update
[11/05/22 09:36:49:8598483] [DEBUG]: Recieving packet from Spooler of len 2
[11/05/22 09:36:49:8633138] [INFO ]: Spooler requested update
[11/05/22 09:36:49:9968016] [DEBUG]: Recieving packet from Spooler of len 2
[11/05/22 09:36:50:0023537] [INFO ]: Spooler requested update
[11/05/22 09:36:50:1233361] [DEBUG]: Recieving packet from Spooler of len 2
[11/05/22 09:36:50:1290227] [INFO ]: Spooler requested update
[11/05/22 09:36:50:2471852] [DEBUG]: Recieving packet from Spooler of len 2
[11/05/22 09:36:50:2569515] [INFO ]: Spooler requested update
[11/05/22 09:36:50:3696835] [DEBUG]: Recieving packet from Spooler of len 2
[11/05/22 09:36:50:3735365] [INFO ]: Spooler requested update
[11/05/22 09:36:50:5060633] [DEBUG]: Recieving packet from Spooler of len 2
[11/05/22 09:36:50:5136429] [INFO ]: Spooler requested update
[11/05/22 09:36:50:6351551] [DEBUG]: Recieving packet from Spooler of len 2
[11/05/22 09:36:50:6422281] [INFO ]: Spooler requested update
[11/05/22 09:36:50:7814549] [DEBUG]: Recieving packet from Spooler of len 2
[11/05/22 09:36:50:7870643] [INFO ]: Spooler requested update
[11/05/22 09:36:50:9191935] [DEBUG]: Recieving packet from Spooler of len 2
[11/05/22 09:36:50:9224729] [INFO ]: Spooler requested update
[11/05/22 09:36:51:0499679] [DEBUG]: Recieving packet from Spooler of len 2
[11/05/22 09:36:51:0546005] [INFO ]: Spooler requested update
[11/05/22 09:36:51:1718092] [DEBUG]: Recieving packet from Spooler of len 2
[11/05/22 09:36:51:1752145] [INFO ]: Spooler requested update
[11/05/22 09:36:51:3187991] [DEBUG]: Recieving packet from Spooler of len 2
[11/05/22 09:36:51:3238068] [INFO ]: Spooler requested update
[11/05/22 09:36:51:4596363] [DEBUG]: Recieving packet from Spooler of len 2
[11/05/22 09:36:51:4646319] [INFO ]: Spooler requested update
[11/05/22 09:36:51:5882758] [DEBUG]: Recieving packet from Spooler of len 2
[11/05/22 09:36:51:5918014] [INFO ]: Spooler requested update
[11/05/22 09:36:51:7145556] [DEBUG]: Recieving packet from Spooler of len 2
[11/05/22 09:36:51:7254396] [INFO ]: Spooler requested update
[11/05/22 09:36:51:8779686] [DEBUG]: Recieving packet from Spooler of len 2
[11/05/22 09:36:51:8886287] [INFO ]: Spooler requested update
[11/05/22 09:36:52:0088524] [DEBUG]: Recieving packet from Spooler of len 2
[11/05/22 09:36:52:0131270] [INFO ]: Spooler requested update
[11/05/22 09:36:52:1481717] [DEBUG]: Recieving packet from Spooler of len 2
[11/05/22 09:36:52:1563873] [INFO ]: Spooler requested update
[11/05/22 09:36:52:2858933] [DEBUG]: Recieving packet from Spooler of len 2
[11/05/22 09:36:52:2933929] [INFO ]: Spooler requested update
[11/05/22 09:36:52:4147215] [DEBUG]: Recieving packet from Spooler of len 2
[11/05/22 09:36:52:4202196] [INFO ]: Spooler requested update
[11/05/22 09:36:52:5393941] [DEBUG]: Recieving packet from Spooler of len 2
[11/05/22 09:36:52:5441192] [INFO ]: Spooler requested update
[11/05/22 09:36:52:6724878] [DEBUG]: Recieving packet from Spooler of len 2
[11/05/22 09:36:52:6795689] [INFO ]: Spooler requested update
[11/05/22 09:36:52:8072257] [DEBUG]: Recieving packet from Spooler of len 2
[11/05/22 09:36:52:8110834] [INFO ]: Spooler requested update
[11/05/22 09:36:52:9400284] [DEBUG]: Recieving packet from Spooler of len 2
[11/05/22 09:36:52:9439366] [INFO ]: Spooler requested update
[11/05/22 09:36:53:0574285] [DEBUG]: Recieving packet from Spooler of len 2
[11/05/22 09:36:53:0607927] [INFO ]: Spooler requested update
[11/05/22 09:36:53:1792435] [DEBUG]: Recieving packet from Spooler of len 2
[11/05/22 09:36:53:1861480] [INFO ]: Spooler requested update
[11/05/22 09:36:53:3044789] [DEBUG]: Recieving packet from Spooler of len 2
[11/05/22 09:36:53:3077709] [INFO ]: Spooler requested update
[11/05/22 09:36:53:4350408] [DEBUG]: Recieving packet from Spooler of len 2
[11/05/22 09:36:53:4382690] [INFO ]: Spooler requested update
[11/05/22 09:36:53:5751701] [DEBUG]: Recieving packet from Spooler of len 2
[11/05/22 09:36:53:5786122] [INFO ]: Spooler requested update
[11/05/22 09:36:53:7062631] [DEBUG]: Recieving packet from Spooler of len 2
[11/05/22 09:36:53:7100910] [INFO ]: Spooler requested update
[11/05/22 09:36:53:8289640] [DEBUG]: Recieving packet from Spooler of len 2
[11/05/22 09:36:53:8395538] [INFO ]: Spooler requested update
[11/05/22 09:36:53:9948353] [DEBUG]: Recieving packet from Spooler of len 2
[11/05/22 09:36:54:0040157] [INFO ]: Spooler requested update
[11/05/22 09:36:54:1202209] [DEBUG]: Recieving packet from Spooler of len 2
[11/05/22 09:36:54:1240970] [INFO ]: Spooler requested update
[11/05/22 09:36:54:2515803] [DEBUG]: Recieving packet from Spooler of len 2
[11/05/22 09:36:54:2547891] [INFO ]: Spooler requested