[11/05/22 09:36:41:1856600] [INFO ]: Logging started
[11/05/22 09:36:41:2830179] [INFO ]: Starting Spooler receive
[11/05/22 09:36:43:3584694] [DEBUG]: Recieving packet from Spooler of len 2
[11/05/22 09:36:43:3595980] [INFO ]: Spooler requested update
[11/05/22 09:36:43:4973090] [DEBUG]: Recieving packet from Spooler of len 2
[11/05/22 09:36:43:4976712] [INFO ]: Spooler requested update
[11/05/22 09:36:43:5640616] [DEBUG]: Recieving packet from Spooler of len 2
[11/05/22 09:36:43:5650505] [INFO ]: Spooler requested update
[11/05/22 09:36:43:6519907] [DEBUG]: Recieving packet from Spooler of len 2
[11/05/22 09:36:43:6543677] [INFO ]: Spooler requested update
[11/05/22 09:36:43:7456278] [DEBUG]: Recieving packet from Spooler of len 2
[11/05/22 09:36:43:7463046] [INFO ]: Spooler requested update
[11/05/22 09:36:43:8143878] [DEBUG]: Recieving packet from Spooler of len 2
[11/05/22 09:36:43:8156838] [INFO ]: Spooler requested update
[11/05/22 09:36:43:8998668] [DEBUG]: Recieving packet from Spooler of len 2
[11/05/22 09:36:43:9009742] [INFO ]: Spooler requested update
[11/05/22 09:36:43:9833475] [DEBUG]: Recieving packet from Spooler of len 2
[11/05/22 09:36:43:9841358] [INFO ]: Spooler requested update
[11/05/22 09:36:44:0715960] [DEBUG]: Recieving packet from Spooler of len 2
[11/05/22 09:36:44:0727549] [INFO ]: Spooler requested update
[11/05/22 09:36:44:1950978] [DEBUG]: Recieving packet from Spooler of len 2
[11/05/22 09:36:44:2131754] [INFO ]: Spooler requested update
[11/05/22 09:36:44:2894202] [DEBUG]: Recieving packet from Spooler of len 2
[11/05/22 09:36:44:2898776] [INFO ]: Spooler requested update
[11/05/22 09:36:44:3577670] [DEBUG]: Recieving packet from Spooler of len 2
[11/05/22 09:36:44:3582515] [INFO ]: Spooler requested update
[11/05/22 09:36:44:4435272] [DEBUG]: Recieving packet from Spooler of len 2
[11/05/22 09:36:44:4439614] [INFO ]: Spooler requested update
[11/05/22 09:36:44:5161880] [DEBUG]: Recieving packet from Spooler of len 2
[11/05/22 09:36:44:5208947] [INFO ]: Spooler requested update
[11/05/22 09:36:44:6575238] [DEBUG]: Recieving packet from Spooler of len 2
[11/05/22 09:36:44:6620124] [INFO ]: Spooler requested update
[11/05/22 09:36:44:8245205] [DEBUG]: Recieving packet from Spooler of len 2
[11/05/22 09:36:44:8399110] [INFO ]: Spooler requested update
[11/05/22 09:36:44:9458818] [DEBUG]: Recieving packet from Spooler of len 2
[11/05/22 09:36:44:9476499] [INFO ]: Spooler requested update
[11/05/22 09:36:45:0436359] [DEBUG]: Recieving packet from Spooler of len 2
[11/05/22 09:36:45:0453907] [INFO ]: Spooler requested update
[11/05/22 09:36:45:1669302] [DEBUG]: Recieving packet from Spooler of len 2
[11/05/22 09:36:45:1717607] [INFO ]: Spooler requested update
[11/05/22 09:36:45:3092977] [DEBUG]: Recieving packet from Spooler of len 2
[11/05/22 09:36:45:3124711] [INFO ]: Spooler requested update
[11/05/22 09:36:45:4557616] [DEBUG]: Recieving packet from Spooler of len 2
[11/05/22 09:36:45:4580843] [INFO ]: Spooler requested update
[11/05/22 09:36:45:5867172] [DEBUG]: Recieving packet from Spooler of len 2
[11/05/22 09:36:45:5909595] [INFO ]: Spooler requested update
[11/05/22 09:36:45:7287681] [DEBUG]: Recieving packet from Spooler of len 2
[11/05/22 09:36:45:7322612] [INFO ]: Spooler requested update
[11/05/22 09:36:45:8577958] [DEBUG]: Recieving packet from Spooler of len 2
[11/05/22 09:36:45:8614684] [INFO ]: Spooler requested update
[11/05/22 09:36:45:9885970] [DEBUG]: Recieving packet from Spooler of len 2
[11/05/22 09:36:45:9918421] [INFO ]: Spooler requested update
[11/05/22 09:36:46:1063320] [DEBUG]: Recieving packet from Spooler of len 2
[11/05/22 09:36:46:1102810] [INFO ]: Spooler requested update
[11/05/22 09:36:46:2392379] [DEBUG]: Recieving packet from Spooler of len 2
[11/05/22 09:36:46:2414116] [INFO ]: Spooler requested update
[11/05/22 09:36:46:3744510] [DEBUG]: Recieving packet from Spooler of len 2
[11/05/22 09:36:46:3776418] [INFO ]: Spooler requested update
[11/05/22 09:36:46:5093106] [DEBUG]: Recieving packet from Spooler of len 2
[11/05/22 09:36:46:5125256] [INFO ]: Spooler requested update
[11/05/22 09:36:46:6395747] [DEBUG]: Recieving packet from Spooler of len 2
[11/05/22 09:36:46:6442930] [INFO ]: Spooler requested update
[11/05/22 09:36:46:8060612] [DEBUG]: Recieving packet from Spooler of len 2
[11/05/22 09:36:46:8085363] [INFO ]: Spooler requested update
[11/05/22 09:36:46:9238696] [DEBUG]: Recieving packet from Spooler of len 2
[11/05/22 09:36:46:9271069] [INFO ]: Spooler requested update
[11/05/22 09:36:47:0460589] [DEBUG]: Recieving packet from Spooler of len 2
[11/05/22 09:36:47:0485347] [INFO ]: Spooler requested update
[11/05/22 09:36:47:1736601] [DEBUG]: Recieving packet from Spooler of len 2
[11/05/22 09:36:47:1781194] [INFO ]: Spooler requested update
[11/05/22 09:36:47:3094646] [DEBUG]: Recieving packet from Spooler of len 2
[11/05/22 09:36:47:3141128] [INFO ]: Spooler requested update
[11/05/22 09:36:47:4575503] [DEBUG]: Recieving packet from Spooler of len 2
[11/05/22 09:36:47:4615937] [INFO ]: Spooler requested update
[11/05/22 09:36:47:6147777] [DEBUG]: Recieving packet from Spooler of len 2
[11/05/22 09:36:47:6267381] [INFO ]: Spooler requested update
[11/05/22 09:36:47:7667797] [DEBUG]: Recieving packet from Spooler of len 2
[11/05/22 09:36:47:7686590] [INFO ]: Spooler requested update
[11/05/22 09:36:47:8754495] [DEBUG]: Recieving packet from Spooler of len 2
[11/05/22 09:36:47:8775434] [INFO ]: Spooler requested update
[11/05/22 09:36:47:9774094] [DEBUG]: Recieving packet from Spooler of len 2
[11/05/22 09:36:47:9798093] [INFO ]: Spooler requested update
[11/05/22 09:36:48:0892470] [DEBUG]: Recieving packet from Spooler of len 2
[11/05/22 09:36:48:0911675] [INFO ]: Spooler requested update
[11/05/22 09:36:48:2082728] [DEBUG]: Recieving packet from Spooler of len 2
[11/05/22 09:36:48:2120617] [INFO ]: Spooler requested update
[11/05/22 09:36:48:3207016] [DEBUG]: Recieving packet from Spooler of len 2
[11/05/22 09:36:48:3221042] [INFO ]: Spooler requested update
[11/05/22 09:36:48:4351195] [DEBUG]: Recieving packet from Spooler of len 2
[11/05/22 09:36:48:4393959] [INFO ]: Spooler requested update
[11/05/22 09:36:48:5704050] [DEBUG]: Recieving packet from Spooler of len 2
[11/05/22 09:36:48:5734473] [INFO ]: Spooler requested update
[11/05/22 09:36:48:7029517] [DEBUG]: Recieving packet from Spooler of len 2
[11/05/22 09:36:48:7073856] [INFO ]: Spooler requested update
[11/05/22 09:36:48:8385005] [DEBUG]: Recieving packet from Spooler of len 2
[11/05/22 09:36:48:8419897] [INFO ]: Spooler requested update
[11/05/22 09:36:48:9739661] [DEBUG]: Recieving packet from Spooler of len 2
[11/05/22 09:36:48:9795124] [INFO ]: Spooler requested update
[11/05/22 09:36:49:1148802] [DEBUG]: Recieving packet from Spooler of len 2
[11/05/22 09:36:49:1201527] [INFO ]: Spooler requested update
[11/05/22 09:36:49:2563877] [DEBUG]: Recieving packet from Spooler of len 2
[11/05/22 09:36:49:2628191] [INFO ]: Spooler requested update
[11/05/22 09:36:49:3954727] [DEBUG]: Recieving packet from Spooler of len 2
[11/05/22 09:36:49:4025462] [INFO ]: Spooler requested update
[11/05/22 09:36:49:5581663] [DEBUG]: Recieving packet from Spooler of len 2
[11/05/22 09:36:49:5614339] [INFO ]: Spooler requested update
[11/05/22 09:36:49:7073361] [DEBUG]: Recieving packet from Spooler of len 2
[11/05/22 09:36:49:7107121] [INFO ]: Spooler requested update
[11/05/22 09:36:49:8319097] [DEBUG]: Recieving packet from Spooler of len 2
[11/05/22 09:36:49:8360946] [INFO ]: Spooler requested update
[11/05/22 09:36:49:9639020] [DEBUG]: Recieving packet from Spooler of len 2
[11/05/22 09:36:49:9699293] [INFO ]: Spooler requested update
[11/05/22 09:36:50:0957846] [DEBUG]: Recieving packet from Spooler of len 2
[11/05/22 09:36:50:1026579] [INFO ]: Spooler requested update
[11/05/22 09:36:50:2233373] [DEBUG]: Recieving packet from Spooler of len 2
[11/05/22 09:36:50:2267794] [INFO ]: Spooler requested update
[11/05/22 09:36:50:3434640] [DEBUG]: Recieving packet from Spooler of len 2
[11/05/22 09:36:50:3476149] [INFO ]: Spooler requested update
[11/05/22 09:36:50:4798731] [DEBUG]: Recieving packet from Spooler of len 2
[11/05/22 09:36:50:4854375] [INFO ]: Spooler requested update
[11/05/22 09:36:50:6099782] [DEBUG]: Recieving packet from Spooler of len 2
[11/05/22 09:36:50:6133366] [INFO ]: Spooler requested update
[11/05/22 09:36:50:7507616] [DEBUG]: Recieving packet from Spooler of len 2
[11/05/22 09:36:50:7556098] [INFO ]: Spooler requested update
[11/05/22 09:36:50:8915136] [DEBUG]: Recieving packet from Spooler of len 2
[11/05/22 09:36:50:8951761] [INFO ]: Spooler requested update
[11/05/22 09:36:51:0250965] [DEBUG]: Recieving packet from Spooler of len 2
[11/05/22 09:36:51:0284356] [INFO ]: Spooler requested update
[11/05/22 09:36:51:1426325] [DEBUG]: Recieving packet from Spooler of len 2
[11/05/22 09:36:51:1460273] [INFO ]: Spooler requested update
[11/05/22 09:36:51:2856904] [DEBUG]: Recieving packet from Spooler of len 2
[11/05/22 09:36:51:2924716] [INFO ]: Spooler requested update
[11/05/22 09:36:51:4363724] [DEBUG]: Recieving packet from Spooler of len 2
[11/05/22 09:36:51:4410377] [INFO ]: Spooler requested update
[11/05/22 09:36:51:5581642] [DEBUG]: Recieving packet from Spooler of len 2
[11/05/22 09:36:51:5614190] [INFO ]: Spooler requested update
[11/05/22 09:36:51:6926204] [DEBUG]: Recieving packet from Spooler of len 2
[11/05/22 09:36:51:6959282] [INFO ]: Spooler requested update
[11/05/22 09:36:51:8456630] [DEBUG]: Recieving packet from Spooler of len 2
[11/05/22 09:36:51:8536364] [INFO ]: Spooler requested update
[11/05/22 09:36:51:9829325] [DEBUG]: Recieving packet from Spooler of len 2
[11/05/22 09:36:51:9865399] [INFO ]: Spooler requested update
[11/05/22 09:36:52:1242478] [DEBUG]: Recieving packet from Spooler of len 2
[11/05/22 09:36:52:1276741] [INFO ]: Spooler requested update
[11/05/22 09:36:52:2595737] [DEBUG]: Recieving packet from Spooler of len 2
[11/05/22 09:36:52:2629566] [INFO ]: Spooler requested update
[11/05/22 09:36:52:3944457] [DEBUG]: Recieving packet from Spooler of len 2
[11/05/22 09:36:52:3977174] [INFO ]: Spooler requested update
[11/05/22 09:36:52:5189802] [DEBUG]: Recieving packet from Spooler of len 2
[11/05/22 09:36:52:5223158] [INFO ]: Spooler requested update
[11/05/22 09:36:52:6464526] [DEBUG]: Recieving packet from Spooler of len 2
[11/05/22 09:36:52:6517249] [INFO ]: Spooler requested update
[11/05/22 09:36:52:7797256] [DEBUG]: Recieving packet from Spooler of len 2
[11/05/22 09:36:52:7851375] [INFO ]: Spooler requested update
[11/05/22 09:36:52:9091168] [DEBUG]: Recieving packet from Spooler of len 2
[11/05/22 09:36:52:9127533] [INFO ]: Spooler requested update
[11/05/22 09:36:53:0320130] [DEBUG]: Recieving packet from Spooler of len 2
[11/05/22 09:36:53:0352797] [INFO ]: Spooler requested update
[11/05/22 09:36:53:1578193] [DEBUG]: Recieving packet from Spooler of len 2
[11/05/22 09:36:53:1611370] [INFO ]: Spooler requested update
[11/05/22 09:36:53:2753785] [DEBUG]: Recieving packet from Spooler of len 2
[11/05/22 09:36:53:2788012] [INFO ]: Spooler requested update
[11/05/22 09:36:53:4108599] [DEBUG]: Recieving packet from Spooler of len 2
[11/05/22 09:36:53:4141740] [INFO ]: Spooler requested update
[11/05/22 09:36:53:5433737] [DEBUG]: Recieving packet from Spooler of len 2
[11/05/22 09:36:53:5471003] [INFO ]: Spooler requested update
[11/05/22 09:36:53:6777986] [DEBUG]: Recieving packet from Spooler of len 2
[11/05/22 09:36:53:6814136] [INFO ]: Spooler requested update
[11/05/22 09:36:53:8066125] [DEBUG]: Recieving packet from Spooler of len 2
[11/05/22 09:36:53:8096671] [INFO ]: Spooler requested update
[11/05/22 09:36:53:9731424] [DEBUG]: Recieving packet from Spooler of len 2
[11/05/22 09:36:53:9768249] [INFO ]: Spooler requested update
[11/05/22 09:36:54:0903867] [DEBUG]: Recieving packet from Spooler of len 2
[11/05/22 09:36:54:0965184] [INFO ]: Spooler requested update
[11/05/22 09:36:54:2261791] [DEBUG]: Recieving packet from Spooler of len 2
[11/05/22 09:36:54:2295547] [INFO ]: Spooler requested