[09/05/22 16:12:10:3538446] [INFO   ]: Logging started
[09/05/22 16:12:10:3646386] [INFO   ]: Starting Spooler receive
[09/05/22 16:12:11:1370814] [DEBUG  ]: Recieving packet from Spooler of len 2
[09/05/22 16:12:11:1374255] [INFO   ]: Spooler requested update
[09/05/22 16:12:11:2214937] [DEBUG  ]: Recieving packet from Spooler of len 2
[09/05/22 16:12:11:2216925] [INFO   ]: Spooler requested update
[09/05/22 16:12:11:3001892] [DEBUG  ]: Recieving packet from Spooler of len 2
[09/05/22 16:12:11:3004038] [INFO   ]: Spooler requested update
[09/05/22 16:12:11:3776039] [DEBUG  ]: Recieving packet from Spooler of len 2
[09/05/22 16:12:11:3778168] [INFO   ]: Spooler requested update
[09/05/22 16:12:11:4545830] [DEBUG  ]: Recieving packet from Spooler of len 2
[09/05/22 16:12:11:4547905] [INFO   ]: Spooler requested update
[09/05/22 16:12:11:5327597] [DEBUG  ]: Recieving packet from Spooler of len 2
[09/05/22 16:12:11:5329551] [INFO   ]: Spooler requested update
[09/05/22 16:12:11:6090932] [DEBUG  ]: Recieving packet from Spooler of len 2
[09/05/22 16:12:11:6092951] [INFO   ]: Spooler requested update
[09/05/22 16:12:11:6859522] [DEBUG  ]: Recieving packet from Spooler of len 2
[09/05/22 16:12:11:6861458] [INFO   ]: Spooler requested update
[09/05/22 16:12:11:7627861] [DEBUG  ]: Recieving packet from Spooler of len 2
[09/05/22 16:12:11:7630026] [INFO   ]: Spooler requested update
[09/05/22 16:12:11:8427835] [DEBUG  ]: Recieving packet from Spooler of len 2
[09/05/22 16:12:11:8429769] [INFO   ]: Spooler requested update
[09/05/22 16:12:11:9175818] [DEBUG  ]: Recieving packet from Spooler of len 2
[09/05/22 16:12:11:9177878] [INFO   ]: Spooler requested update
[09/05/22 16:12:11:9950506] [DEBUG  ]: Recieving packet from Spooler of len 2
[09/05/22 16:12:11:9952459] [INFO   ]: Spooler requested update
[09/05/22 16:12:12:0729248] [DEBUG  ]: Recieving packet from Spooler of len 2
[09/05/22 16:12:12:0731385] [INFO   ]: Spooler requested update
[09/05/22 16:12:12:1503329] [DEBUG  ]: Recieving packet from Spooler of len 2
[09/05/22 16:12:12:1510855] [INFO   ]: Spooler requested update
[09/05/22 16:12:12:2279784] [DEBUG  ]: Recieving packet from Spooler of len 2
[09/05/22 16:12:12:2286815] [INFO   ]: Spooler requested update
[09/05/22 16:12:12:3211670] [DEBUG  ]: Recieving packet from Spooler of len 2
[09/05/22 16:12:12:3218882] [INFO   ]: Spooler requested update
[09/05/22 16:12:12:4139134] [DEBUG  ]: Recieving packet from Spooler of len 2
[09/05/22 16:12:12:4145763] [INFO   ]: Spooler requested update
[09/05/22 16:12:12:4916728] [DEBUG  ]: Recieving packet from Spooler of len 2
[09/05/22 16:12:12:4923794] [INFO   ]: Spooler requested update
[09/05/22 16:12:12:5835662] [DEBUG  ]: Recieving packet from Spooler of len 2
[09/05/22 16:12:12:5842699] [INFO   ]: Spooler requested update
[09/05/22 16:12:12:6606791] [DEBUG  ]: Recieving packet from Spooler of len 2
[09/05/22 16:12:12:6613620] [INFO   ]: Spooler requested update
[09/05/22 16:12:12:7532222] [DEBUG  ]: Recieving packet from Spooler of len 2
[09/05/22 16:12:12:7538822] [INFO   ]: Spooler requested update
[09/05/22 16:12:12:8461671] [DEBUG  ]: Recieving packet from Spooler of len 2
[09/05/22 16:12:12:8469361] [INFO   ]: Spooler requested update
[09/05/22 16:12:12:9239653] [DEBUG  ]: Recieving packet from Spooler of len 2
[09/05/22 16:12:12:9246924] [INFO   ]: Spooler requested update
[09/05/22 16:12:13:0167002] [DEBUG  ]: Recieving packet from Spooler of len 2
[09/05/22 16:12:13:0174479] [INFO   ]: Spooler requested update
[09/05/22 16:12:13:0943411] [DEBUG  ]: Recieving packet from Spooler of len 2
[09/05/22 16:12:13:0950175] [INFO   ]: Spooler requested update
[09/05/22 16:12:13:1718370] [DEBUG  ]: Recieving packet from Spooler of len 2
[09/05/22 16:12:13:1725290] [INFO   ]: Spooler requested update
[09/05/22 16:12:13:2484241] [DEBUG  ]: Recieving packet from Spooler of len 2
[09/05/22 16:12:13:2492102] [INFO   ]: Spooler requested update
[09/05/22 16:12:13:3256860] [DEBUG  ]: Recieving packet from Spooler of len 2
[09/05/22 16:12:13:3263994] [INFO   ]: Spooler requested update
[09/05/22 16:12:13:4032398] [DEBUG  ]: Recieving packet from Spooler of len 2
[09/05/22 16:12:13:4043998] [INFO   ]: Spooler requested update
[09/05/22 16:12:13:4962261] [DEBUG  ]: Recieving packet from Spooler of len 2
[09/05/22 16:12:13:4969543] [INFO   ]: Spooler requested update
[09/05/22 16:12:13:5891225] [DEBUG  ]: Recieving packet from Spooler of len 2
[09/05/22 16:12:13:5897790] [INFO   ]: Spooler requested update
[09/05/22 16:12:13:6822728] [DEBUG  ]: Recieving packet from Spooler of len 2
[09/05/22 16:12:13:6829470] [INFO   ]: Spooler requested update
[09/05/22 16:12:13:7748043] [DEBUG  ]: Recieving packet from Spooler of len 2
[09/05/22 16:12:13:7756890] [INFO   ]: Spooler requested update
[09/05/22 16:12:13:8679169] [DEBUG  ]: Recieving packet from Spooler of len 2
[09/05/22 16:12:13:8687593] [INFO   ]: Spooler requested update
[09/05/22 16:12:13:9609661] [DEBUG  ]: Recieving packet from Spooler of len 2
[09/05/22 16:12:13:9623119] [INFO   ]: Spooler requested update
[09/05/22 16:12:14:0372121] [DEBUG  ]: Recieving packet from Spooler of len 2
[09/05/22 16:12:14:0387738] [INFO   ]: Spooler requested update
[09/05/22 16:12:14:1143527] [DEBUG  ]: Recieving packet from Spooler of len 2
[09/05/22 16:12:14:1150517] [INFO   ]: Spooler requested update
[09/05/22 16:12:14:2177236] [DEBUG  ]: Recieving packet from Spooler of len 2
[09/05/22 16:12:14:2185802] [INFO   ]: Spooler requested update
[09/05/22 16:12:14:3159513] [DEBUG  ]: Recieving packet from Spooler of len 2
[09/05/22 16:12:14:3171859] [INFO   ]: Spooler requested update
[09/05/22 16:12:14:4083914] [DEBUG  ]: Recieving packet from Spooler of len 2
[09/05/22 16:12:14:4091531] [INFO   ]: Spooler requested update
[09/05/22 16:12:14:4867453] [DEBUG  ]: Recieving packet from Spooler of len 2
[09/05/22 16:12:14:4874888] [INFO   ]: Spooler requested update
[09/05/22 16:12:14:5778993] [DEBUG  ]: Recieving packet from Spooler of len 2
[09/05/22 16:12:14:5786122] [INFO   ]: Spooler requested update
[09/05/22 16:12:14:6554113] [DEBUG  ]: Recieving packet from Spooler of len 2
[09/05/22 16:12:14:6561068] [INFO   ]: Spooler requested update
[09/05/22 16:12:14:7349589] [DEBUG  ]: Recieving packet from Spooler of len 2
[09/05/22 16:12:14:7358736] [INFO   ]: Spooler requested update
[09/05/22 16:12:14:8264982] [DEBUG  ]: Recieving packet from Spooler of len 2
[09/05/22 16:12:14:8271860] [INFO   ]: Spooler requested update
[09/05/22 16:12:14:9028409] [DEBUG  ]: Recieving packet from Spooler of len 2
[09/05/22 16:12:14:9035704] [INFO   ]: Spooler requested update
[09/05/22 16:12:14:9805860] [DEBUG  ]: Recieving packet from Spooler of len 2
[09/05/22 16:12:14:9812623] [INFO   ]: Spooler requested update
[09/05/22 16:12:15:0584360] [DEBUG  ]: Recieving packet from Spooler of len 2
[09/05/22 16:12:15:0591120] [INFO   ]: Spooler requested update
[09/05/22 16:12:15:1351185] [DEBUG  ]: Recieving packet from Spooler of len 2
[09/05/22 16:12:15:1358075] [INFO   ]: Spooler requested update
[09/05/22 16:12:15:2125259] [DEBUG  ]: Recieving packet from Spooler of len 2
[09/05/22 16:12:15:2132139] [INFO   ]: Spooler requested update
[09/05/22 16:12:15:2903001] [DEBUG  ]: Recieving packet from Spooler of len 2
[09/05/22 16:12:15:2910369] [INFO   ]: Spooler requested update
[09/05/22 16:12:15:3667906] [DEBUG  ]: Recieving packet from Spooler of len 2
[09/05/22 16:12:15:3674451] [INFO   ]: Spooler requested update
[09/05/22 16:12:15:4436578] [DEBUG  ]: Recieving packet from Spooler of len 2
[09/05/22 16:12:15:4443044] [INFO   ]: Spooler requested update
[09/05/22 16:12:15:5212613] [DEBUG  ]: Recieving packet from Spooler of len 2
[09/05/22 16:12:15:5219518] [INFO   ]: Spooler requested update
[09/05/22 16:12:15:5980910] [DEBUG  ]: Recieving packet from Spooler of len 2
[09/05/22 16:12:15:5987836] [INFO   ]: Spooler requested update
[09/05/22 16:12:15:6756021] [DEBUG  ]: Recieving packet from Spooler of len 2
[09/05/22 16:12:15:6763239] [INFO   ]: Spooler requested update
[09/05/22 16:12:15:7526132] [DEBUG  ]: Recieving packet from Spooler of len 2
[09/05/22 16:12:15:7533009] [INFO   ]: Spooler requested update
[09/05/22 16:12:15:8299471] [DEBUG  ]: Recieving packet from Spooler of len 2
[09/05/22 16:12:15:8306702] [INFO   ]: Spooler requested update
[09/05/22 16:12:15:9068109] [DEBUG  ]: Recieving packet from Spooler of len 2
[09/05/22 16:12:15:9075103] [INFO   ]: Spooler requested update
[09/05/22 16:12:15:9841928] [DEBUG  ]: Recieving packet from Spooler of len 2
[09/05/22 16:12:15:9849979] [INFO   ]: Spooler requested update
[09/05/22 16:12:16:0615262] [DEBUG  ]: Recieving packet from Spooler of len 2
[09/05/22 16:12:16:0621821] [INFO   ]: Spooler requested update
[09/05/22 16:12:16:1390415] [DEBUG  ]: Recieving packet from Spooler of len 2
[09/05/22 16:12:16:1397112] [INFO   ]: Spooler requested update
[09/05/22 16:12:16:2171781] [DEBUG  ]: Recieving packet from Spooler of len 2
[09/05/22 16:12:16:2179253] [INFO   ]: Spooler requested update
[09/05/22 16:12:16:2945946] [DEBUG  ]: Recieving packet from Spooler of len 2
[09/05/22 16:12:16:2952462] [INFO   ]: Spooler requested update
[09/05/22 16:12:16:3868388] [DEBUG  ]: Recieving packet from Spooler of len 2
[09/05/22 16:12:16:3876806] [INFO   ]: Spooler requested update
[09/05/22 16:12:16:4809415] [DEBUG  ]: Recieving packet from Spooler of len 2
[09/05/22 16:12:16:4820368] [INFO   ]: Spooler requested update
[09/05/22 16:12:16:5716662] [DEBUG  ]: Recieving packet from Spooler of len 2
[09/05/22 16:12:16:5723963] [INFO   ]: Spooler requested update
[09/05/22 16:12:16:6483039] [DEBUG  ]: Recieving packet from Spooler of len 2
[09/05/22 16:12:16:6490316] [INFO   ]: Spooler requested update
[09/05/22 16:12:16:7256929] [DEBUG  ]: Recieving packet from Spooler of len 2
[09/05/22 16:12:16:7268929] [INFO   ]: Spooler requested update
[09/05/22 16:12:16:8170506] [DEBUG  ]: Recieving packet from Spooler of len 2
[09/05/22 16:12:16:8177262] [INFO   ]: Spooler requested update
[09/05/22 16:12:16:9098643] [DEBUG  ]: Recieving packet from Spooler of len 2
[09/05/22 16:12:16:9105873] [INFO   ]: Spooler requested update
[09/05/22 16:12:17:0024574] [DEBUG  ]: Recieving packet from Spooler of len 2
[09/05/22 16:12:17:0031480] [INFO   ]: Spooler requested update
[09/05/22 16:12:17:0950706] [DEBUG  ]: Recieving packet from Spooler of len 2
[09/05/22 16:12:17:0957698] [INFO   ]: Spooler requested update
[09/05/22 16:12:17:1718155] [DEBUG  ]: Recieving packet from Spooler of len 2
[09/05/22 16:12:17:1725119] [INFO   ]: Spooler requested update
[09/05/22 16:12:17:2501617] [DEBUG  ]: Recieving packet from Spooler of len 2
[09/05/22 16:12:17:2508856] [INFO   ]: Spooler requested update
[09/05/22 16:12:17:3432493] [DEBUG  ]: Recieving packet from Spooler of len 2
[09/05/22 16:12:17:3440342] [INFO   ]: Spooler requested update
[09/05/22 16:12:17:4360824] [DEBUG  ]: Recieving packet from Spooler of len 2
[09/05/22 16:12:17:4368642] [INFO   ]: Spooler requested update
[09/05/22 16:12:17:5296848] [DEBUG  ]: Recieving packet from Spooler of len 2
[09/05/22 16:12:17:5304611] [INFO   ]: Spooler requested update
[09/05/22 16:12:17:6057820] [DEBUG  ]: Recieving packet from Spooler of len 2
[09/05/22 16:12:17:6064345] [INFO   ]: Spooler requested update
[09/05/22 16:12:17:6831464] [DEBUG  ]: Recieving packet from Spooler of len 2
[09/05/22 16:12:17:6838080] [INFO   ]: Spooler requested update
[09/05/22 16:12:17:7606225] [DEBUG  ]: Recieving packet from Spooler of len 2
[09/05/22 16:12:17:7613578] [INFO   ]: Spooler requested update
[09/05/22 16:12:17:8376646] [DEBUG  ]: Recieving packet from Spooler of len 2
[09/05/22 16:12:17:8383693] [INFO   ]: Spooler requested update
[09/05/22 16:12:17:9155085] [DEBUG  ]: Recieving packet from Spooler of len 2
[09/05/22 16:12:17:9161786] [INFO   ]: Spooler requested update
[09/05/22 16:12:17:9923530] [DEBUG  ]: Recieving packet from Spooler of len 2
[09/05/22 16:12:17:9930149] [INFO   ]: Spooler requested update
[09/05/22 16:12:18:0698070] [DEBUG  ]: Recieving packet from Spooler of len 2
[09/05/22 16:12:18:0704932] [INFO   ]: Spooler requested update
[09/05/22 16:12:18:1469720] [DEBUG  ]: Recieving packet from Spooler of len 2
[09/05/22 16:12:18:1476784] [INFO   ]: Spooler requested update
[09/05/22 16:12:18:2406945] [DEBUG  ]: Recieving packet from Spooler of len 2
[09/05/22 16:12:18:2413817] [INFO   ]: Spooler requested update
[09/05/22 16:12:18:3183955] [DEBUG  ]: Recieving packet from Spooler of len 2
[09/05/22 16:12:18:3192650] [INFO   ]: Spooler requested update
[09/05/22 16:12:18:4103607] [DEBUG  ]: Recieving packet from Spooler of len 2
[09/05/22 16:12:18:4111265] [INFO   ]: Spooler requested update
[09/05/22 16:12:18:5026552] [DEBUG  ]: Recieving packet from Spooler of len 2
[09/05/22 16:12:18:5033244] [INFO   ]: Spooler requested update
[09/05/22 16:12:18:5953272] [DEBUG  ]: Recieving packet from Spooler of len 2
[09/05/22 16:12:18:5963810] [INFO   ]: Spooler requested update
[09/05/22 16:12:18:6731170] [DEBUG  ]: Recieving packet from Spooler of len 2
[09/05/22 16:12:18:6742206] [INFO   ]: Spooler requested update
[09/05/22 16:12:18:7666080] [DEBUG  ]: Recieving packet from Spooler of len 2
[09/05/22 16:12:18:7672685] [INFO   ]: Spooler requested update
[09/05/22 16:12:18:8586789] [DEBUG  ]: Recieving packet from Spooler of len 2
[09/05/22 16:12:18:8594282] [INFO   ]: Spooler requested update
[09/05/22 16:12:18:9507985] [DEBUG  ]: Recieving packet from Spooler of len 2
[09/05/22 16:12:18:9516243] [INFO   ]: Spooler requested update
[09/05/22 16:12:19:0437599] [DEBUG  ]: Recieving packet from Spooler of len 2
[09/05/22 16:12:19:0444551] [INFO   ]: Spooler requested update
[09/05/22 16:12:19:1363172] [DEBUG  ]: Recieving packet from Spooler of len 2
[09/05/22 16:12:19:1370053] [INFO   ]: Spooler requested update
[09/05/22 16:12:19:2290913] [DEBUG  ]: Recieving packet from Spooler of len 2
[09/05/22 16:12:19:2297896] [INFO   ]: Spooler requested update
[09/05/22 16:12:19:3203371] [DEBUG  ]: Recieving packet from Spooler of len 2
[09/05/22 16:12:19:3210087] [INFO   ]: Spooler requested update
[09/05/22 16:12:19:3970009] [DEBUG  ]: Recieving packet from Spooler of len 2
[09/05/22 16:12:19:3977185] [INFO   ]: Spooler requested update
[09/05/22 16:12:19:4899460] [DEBUG  ]: Recieving packet from Spooler of len 2
[09/05/22 16:12:19:4906660] [INFO   ]: Spooler requested update
[09/05/22 16:12:19:5833236] [DEBUG  ]: Recieving packet from Spooler of len 2
[09/05/22 16:12:19:5840317] [INFO   ]: Spooler requested update
[09/05/22 16:12:19:6766519] [DEBUG  ]: Recieving packet from Spooler of len 2
[09/05/22 16:12:19:6773603] [INFO   ]: Spooler requested update
[09/05/22 16:12:19:7686482] [DEBUG  ]: Recieving packet from Spooler of len 2
[09/05/22 16:12:19:7693046] [INFO   ]: Spooler requested update
[09/05/22 16:12:19:8463832] [DEBUG  ]: Recieving packet from Spooler of len 2
[09/05/22 16:12:19:8470714] [INFO   ]: Spooler requested update
[09/05/22 16:12:19:9383408] [DEBUG  ]: Recieving packet from Spooler of len 2
[09/05/22 16:12:19:9389894] [INFO   ]: Spooler requested update
[09/05/22 16:12:20:0318336] [DEBUG  ]: Recieving packet from Spooler of len 2
[09/05/22 16:12:20:0327071] [INFO   ]: Spooler requested update
[09/05/22 16:12:20:1248318] [DEBUG  ]: Recieving packet from Spooler of len 2
[09/05/22 16:12:20:1256715] [INFO   ]: Spooler requested update
[09/05/22 16:12:20:2187815] [DEBUG  ]: Recieving packet from Spooler of len 2
[09/05/22 16:12:20:2194737] [INFO   ]: Spooler requested update
[09/05/22 16:12:20:3092781] [DEBUG  ]: Recieving packet from Spooler of len 2
[09/05/22 16:12:20:3099568] [INFO   ]: Spooler requested update
[09/05/22 16:12:20:4032032] [DEBUG  ]: Recieving packet from Spooler of len 2
[09/05/22 16:12:20:4038957] [INFO   ]: Spooler requested update
[09/05/22 16:12:20:4803034] [DEBUG  ]: Recieving packet from Spooler of len 2
[09/05/22 16:12:20:4810000] [INFO   ]: Spooler requested update
[09/05/22 16:12:20:5571543] [DEBUG  ]: Recieving packet from Spooler of len 2
[09/05/22 16:12:20:5578560] [INFO   ]: Spooler requested update
[09/05/22 16:12:20:6494059] [DEBUG  ]: Recieving packet from Spooler of len 2
[09/05/22 16:12:20:6500805] [INFO   ]: Spooler requested update
[09/05/22 16:12:20:7268420] [DEBUG  ]: Recieving packet from Spooler of len 2
[09/05/22 16:12:20:7275537] [INFO   ]: Spooler requested update
[09/05/22 16:12:20:8046221] [DEBUG  ]: Recieving packet from Spooler of len 2
[09/05/22 16:12:20:8063019] [INFO   ]: Spooler requested update
[09/05/22 16:12:20:8977893] [DEBUG  ]: Recieving packet from Spooler of len 2
[09/05/22 16:12:20:8987172] [INFO   ]: Spooler requested update
[09/05/22 16:12:20:9905397] [DEBUG  ]: Recieving packet from Spooler of len 2
[09/05/22 16:12:20:9912321] [INFO   ]: Spooler requested update
[09/05/22 16:12:21:0838862] [DEBUG  ]: Recieving packet from Spooler of len 2
[09/05/22 16:12:21:0845514] [INFO   ]: Spooler requested update
[09/05/22 16:12:21:1759311] [DEBUG  ]: Recieving packet from Spooler of len 2
[09/05/22 16:12:21:1766343] [INFO   ]: Spooler requested update
[09/05/22 16:12:21:2684999] [DEBUG  ]: Recieving packet from Spooler of len 2
[09/05/22 16:12:21:2691760] [INFO   ]: Spooler requested update
[09/05/22 16:12:21:3606557] [DEBUG  ]: Recieving packet from Spooler of len 2
[09/05/22 16:12:21:3613865] [INFO   ]: Spooler requested update
[09/05/22 16:12:21:4546363] [DEBUG  ]: Recieving packet from Spooler of len 2
[09/05/22 16:12:21:4553668] [INFO   ]: Spooler requested update
[09/05/22 16:12:21:5310669] [DEBUG  ]: Recieving packet from Spooler of len 2
[09/05/22 16:12:21:5317782] [INFO   ]: Spooler requested update
[09/05/22 16:12:21:6250650] [DEBUG  ]: Recieving packet from Spooler of len 2
[09/05/22 16:12:21:6263040] [INFO   ]: Spooler requested update
[09/05/22 16:12:21:7183177] [DEBUG  ]: Recieving packet from Spooler of len 2
[09/05/22 16:12:21:7190837] [INFO   ]: Spooler requested update
[09/05/22 16:12:21:8133614] [DEBUG  ]: Recieving packet from Spooler of len 2
[09/05/22 16:12:21:8146438] [INFO   ]: Spooler requested update
[09/05/22 16:12:21:9034033] [DEBUG  ]: Recieving packet from Spooler of len 2
[09/05/22 16:12:21:9044679] [INFO   ]: Spooler requested update
[09/05/22 16:12:21:9968448] [DEBUG  ]: Recieving packet from Spooler of len 2
[09/05/22 16:12:21:9976801] [INFO   ]: Spooler requested update
[09/05/22 16:12:22:0889774] [DEBUG  ]: Recieving packet from Spooler of len 2
[09/05/22 16:12:22:0902076] [INFO   ]: Spooler requested update
[09/05/22 16:12:22:1805236] [DEBUG  ]: Recieving packet from Spooler of len 2
[09/05/22 16:12:22:1812228] [INFO   ]: Spooler requested update
[09/05/22 16:12:22:2580490] [DEBUG  ]: Recieving packet from Spooler of len 2
[09/05/22 16:12:22:2587275] [INFO   ]: Spooler requested update
[09/05/22 16:12:22:3501791] [DEBUG  ]: Recieving packet from Spooler of len 2
[09/05/22 16:12:22:3508587] [INFO   ]: Spooler requested update
[09/05/22 16:12:22:4277191] [DEBUG  ]: Recieving packet from Spooler of len 2
[09/05/22 16:12:22:4283975] [INFO   ]: Spooler requested update
[09/05/22 16:12:22:5049475] [DEBUG  ]: Recieving packet from Spooler of len 2
[09/05/22 16:12:22:5056531] [INFO   ]: Spooler requested update
[09/05/22 16:12:22:5968907] [DEBUG  ]: Recieving packet from Spooler of len 2
[09/05/22 16:12:22:5975511] [INFO   ]: Spooler requested update
[09/05/22 16:12:22:6896841] [DEBUG  ]: Recieving packet from Spooler of len 2
[09/05/22 16:12:22:6903720] [INFO   ]: Spooler requested update
[09/05/22 16:12:22:7665034] [DEBUG  ]: Recieving packet from Spooler of len 2
[09/05/22 16:12:22:7671720] [INFO   ]: Spooler requested update
[09/05/22 16:12:22:8436508] [DEBUG  ]: Recieving packet from Spooler of len 2
[09/05/22 16:12:22:8443320] [INFO   ]: Spooler requested update
[09/05/22 16:12:22:9207162] [DEBUG  ]: Recieving packet from Spooler of len 2
[09/05/22 16:12:22:9213817] [INFO   ]: Spooler requested update
[09/05/22 16:12:23:0159954] [DEBUG  ]: Recieving packet from Spooler of len 2
[09/05/22 16:12:23:0175155] [INFO   ]: Spooler requested update
[09/05/22 16:12:23:1069030] [DEBUG  ]: Recieving packet from Spooler of len 2
[09/05/22 16:12:23:1075745] [INFO   ]: Spooler requested update
[09/05/22 16:12:23:1996728] [DEBUG  ]: Recieving packet from Spooler of len 2
[09/05/22 16:12:23:2003567] [INFO   ]: Spooler requested update
[09/05/22 16:12:23:2765669] [DEBUG  ]: Recieving packet from Spooler of len 2
[09/05/22 16:12:23:2772278] [INFO   ]: Spooler requested update
[09/05/22 16:12:23:3692263] [DEBUG  ]: Recieving packet from Spooler of len 2
[09/05/22 16:12:23:3699633] [INFO   ]: Spooler requested update
[09/05/22 16:12:23:4470759] [DEBUG  ]: Recieving packet from Spooler of len 2
[09/05/22 16:12:23:4477645] [INFO   ]: Spooler requested update
[09/05/22 16:12:23:5241227] [DEBUG  ]: Recieving packet from Spooler of len 2
[09/05/22 16:12:23:5247802] [INFO   ]: Spooler requested update
[09/05/22 16:12:23:6014883] [DEBUG  ]: Recieving packet from Spooler of len 2
[09/05/22 16:12:23:6021445] [INFO   ]: Spooler requested update
[09/05/22 16:12:23:6944607] [DEBUG  ]: Recieving packet from Spooler of len 2
[09/05/22 16:12:23:6951956] [INFO   ]: Spooler requested update
[09/05/22 16:12:23:7867524] [DEBUG  ]: Recieving packet from Spooler of len 2
[09/05/22 16:12:23:7874290] [INFO   ]: Spooler requested update
[09/05/22 16:12:23:8639322] [DEBUG  ]: Recieving packet from Spooler of len 2
[09/05/22 16:12:23:8647947] [INFO   ]: Spooler requested update
[09/05/22 16:12:23:9562945] [DEBUG  ]: Recieving packet from Spooler of len 2
[09/05/22 16:12:23:9569716] [INFO   ]: Spooler requested update
[09/05/22 16:12:24:0333569] [DEBUG  ]: Recieving packet from Spooler of len 2
[09/05/22 16:12:24:0340689] [INFO   ]: Spooler requested update
[09/05/22 16:12:24:1104852] [DEBUG  ]: Recieving packet from Spooler of len 2
[09/05/22 16:12:24:1111949] [INFO   ]: Spooler requested update
[09/05/22 16:12:24:2026964] [DEBUG  ]: Recieving packet from Spooler of len 2
[09/05/22 16:12:24:2033732] [INFO   ]: Spooler requested update
[09/05/22 16:12:24:2799548] [DEBUG  ]: Recieving packet from Spooler of len 2
[09/05/22 16:12:24:2811784] [INFO   ]: Spooler requested update
[09/05/22 16:12:24:3731341] [DEBUG  ]: Recieving packet from Spooler of len 2
[09/05/22 16:12:24:3738159] [INFO   ]: Spooler requested update
[09/05/22 16:12:24:4498848] [DEBUG  ]: Recieving packet from Spooler of len 2
[09/05/22 16:12:24:4505363] [INFO   ]: Spooler requested update
[09/05/22 16:12:24:5294907] [DEBUG  ]: Recieving packet from Spooler of len 2
[09/05/22 16:12:24:5302304] [INFO   ]: Spooler requested update
[09/05/22 16:12:24:6207255] [DEBUG  ]: Recieving packet from Spooler of len 2
[09/05/22 16:12:24:6213835] [INFO   ]: Spooler requested update
[09/05/22 16:12:24:6981009] [DEBUG  ]: Recieving packet from Spooler of len 2
[09/05/22 16:12:24:6987697] [INFO   ]: Spooler requested update
[09/05/22 16:12:24:7753343] [DEBUG  ]: Recieving packet from Spooler of len 2
[09/05/22 16:12:24:7762324] [INFO   ]: Spooler requested update
[09/05/22 16:12:24:8518951] [DEBUG  ]: Recieving packet from Spooler of len 2
[09/05/22 16:12:24:8526188] [INFO   ]: Spooler requested update
[09/05/22 16:12:24:9294684] [DEBUG  ]: Recieving packet from Spooler of len 2
[09/05/22 16:12:24:9301713] [INFO   ]: Spooler requested update
[09/05/22 16:12:25:0071375] [DEBUG  ]: Recieving packet from Spooler of len 2
[09/05/22 16:12:25:0078292] [INFO   ]: Spooler requested update
[09/05/22 16:12:25:0868251] [DEBUG  ]: Recieving packet from Spooler of len 2
[09/05/22 16:12:25:0876867] [INFO   ]: Spooler requested update
[09/05/22 16:12:25:1770984] [DEBUG  ]: Recieving packet from Spooler of len 2
[09/05/22 16:12:25:1778076] [INFO   ]: Spooler requested update
[09/05/22 16:12:25:2547702] [DEBUG  ]: Recieving packet from Spooler of len 2
[09/05/22 16:12:25:2554174] [INFO   ]: Spooler requested update
[09/05/22 16:12:25:3482250] [DEBUG  ]: Recieving packet from Spooler of len 2
[09/05/22 16:12:25:3489367] [INFO   ]: Spooler requested update
[09/05/22 16:12:25:4252572] [DEBUG  ]: Recieving packet from Spooler of len 2
[09/05/22 16:12:25:4259401] [INFO   ]: Spooler requested update
[09/05/22 16:12:25:5183704] [DEBUG  ]: Recieving packet from Spooler of len 2
[09/05/22 16:12:25:5190957] [INFO   ]: Spooler requested update
[09/05/22 16:12:25:5957746] [DEBUG  ]: Recieving packet from Spooler of len 2
[09/05/22 16:12:25:5964790] [INFO   ]: Spooler requested update
[09/05/22 16:12:25:6906214] [DEBUG  ]: Recieving packet from Spooler of len 2
[09/05/22 16:12:25:6913336] [INFO   ]: Spooler requested update
[09/05/22 16:12:25:7827763] [DEBUG  ]: Recieving packet from Spooler of len 2
[09/05/22 16:12:25:7838246] [INFO   ]: Spooler requested update
[09/05/22 16:12:25:8749998] [DEBUG  ]: Recieving packet from Spooler of len 2
[09/05/22 16:12:25:8762584] [INFO   ]: Spooler requested update
[09/05/22 16:12:25:9684230] [DEBUG  ]: Recieving packet from Spooler of len 2
[09/05/22 16:12:25:9692101] [INFO   ]: Spooler requested update
[09/05/22 16:12:26:0597953] [DEBUG  ]: Recieving packet from Spooler of len 2
[09/05/22 16:12:26:0604743] [INFO   ]: Spooler requested update
[09/05/22 16:12:26:1548134] [DEBUG  ]: Recieving packet from Spooler of len 2
[09/05/22 16:12:26:1556653] [INFO   ]: Spooler requested update
[09/05/22 16:12:26:2454274] [DEBUG  ]: Recieving packet from Spooler of len 2
[09/05/22 16:12:26:2461003] [INFO   ]: Spooler requested update
[09/05/22 16:12:26:3371001] [DEBUG  ]: Recieving packet from Spooler of len 2
[09/05/22 16:12:26:3381383] [INFO   ]: Spooler requested update
[09/05/22 16:12:26:4306166] [DEBUG  ]: Recieving packet from Spooler of len 2
[09/05/22 16:12:26:4315562] [INFO   ]: Spooler requested update
[09/05/22 16:12:26:5225665] [DEBUG  ]: Recieving packet from Spooler of len 2
[09/05/22 16:12:26:5233240] [INFO   ]: Spooler requested update
[09/05/22 16:12:26:6148136] [DEBUG  ]: Recieving packet from Spooler of len 2
[09/05/22 16:12:26:6157325] [INFO   ]: Spooler requested update
[09/05/22 16:12:26:6936201] [DEBUG  ]: Recieving packet from Spooler of len 2
[09/05/22 16:12:26:6948718] [INFO   ]: Spooler requested update
[09/05/22 16:12:26:7868639] [DEBUG  ]: Recieving packet from Spooler of len 2
[09/05/22 16:12:26:7879658] [INFO   ]: Spooler requested update
[09/05/22 16:12:26:8794969] [DEBUG  ]: Recieving packet from Spooler of len 2
[09/05/22 16:12:26:8804662] [INFO   ]: Spooler requested update
[09/05/22 16:12:26:9709669] [DEBUG  ]: Recieving packet from Spooler of len 2
[09/05/22 16:12:26:9718535] [INFO   ]: Spooler requested update
[09/05/22 16:12:27:0643302] [DEBUG  ]: Recieving packet from Spooler of len 2
[09/05/22 16:12:27:0650139] [INFO   ]: Spooler requested update
[09/05/22 16:12:27:1566624] [DEBUG  ]: Recieving packet from Spooler of len 2
[09/05/22 16:12:27:1573349] [INFO   ]: Spooler requested update
[09/05/22 16:12:27:2331018] [DEBUG  ]: Recieving packet from Spooler of len 2
[09/05/22 16:12:27:2337704] [INFO   ]: Spooler requested update
[09/05/22 16:12:27:3103612] [DEBUG  ]: Recieving packet from Spooler of len 2
[09/05/22 16:12:27:3110304] [INFO   ]: Spooler requested update
[09/05/22 16:12:27:3882313] [DEBUG  ]: Recieving packet from Spooler of len 2
[09/05/22 16:12:27:3889392] [INFO   ]: Spooler requested update
[09/05/22 16:12:27:4658143] [DEBUG  ]: Recieving packet from Spooler of len 2
[09/05/22 16:12:27:4665785] [INFO   ]: Spooler requested update
[09/05/22 16:12:27:5429558] [DEBUG  ]: Recieving packet from Spooler of len 2
[09/05/22 16:12:27:5436611] [INFO   ]: Spooler requested update
[09/05/22 16:12:27:6201669] [DEBUG  ]: Recieving packet from Spooler of len 2
[09/05/22 16:12:27:6208304] [INFO   ]: Spooler requested update
[09/05/22 16:12:27:7124270] [DEBUG  ]: Recieving packet from Spooler of len 2
[09/05/22 16:12:27:7131176] [INFO   ]: Spooler requested update
[09/05/22 16:12:27:8044422] [DEBUG  ]: Recieving packet from Spooler of len 2
[09/05/22 16:12:27:8051246] [INFO   ]: Spooler requested update
[09/05/22 16:12:27:8814166] [DEBUG  ]: Recieving packet from Spooler of len 2
[09/05/22 16:12:27:8821332] [INFO   ]: Spooler requested update
[09/05/22 16:12:27:9585778] [DEBUG  ]: 