[12/05/22 17:55:24:1823449] [INFO ]: Logging started
[12/05/22 17:55:24:1936028] [INFO ]: Starting Spooler receive
[12/05/22 17:55:24:2074537] [DEBUG]: Recieving packet from Spooler of len 2
[12/05/22 17:55:24:2077522] [INFO ]: Spooler requested update
[12/05/22 17:55:24:2753167] [DEBUG]: Recieving packet from Spooler of len 2
[12/05/22 17:55:24:2754474] [INFO ]: Spooler requested update
[12/05/22 17:55:24:3377686] [DEBUG]: Recieving packet from Spooler of len 2
[12/05/22 17:55:24:3379016] [INFO ]: Spooler requested update
[12/05/22 17:55:24:3994265] [DEBUG]: Recieving packet from Spooler of len 2
[12/05/22 17:55:24:3995666] [INFO ]: Spooler requested update
[12/05/22 17:55:24:4603776] [DEBUG]: Recieving packet from Spooler of len 2
[12/05/22 17:55:24:4605294] [INFO ]: Spooler requested update
[12/05/22 17:55:24:5220712] [DEBUG]: Recieving packet from Spooler of len 2
[12/05/22 17:55:24:5221972] [INFO ]: Spooler requested update
[12/05/22 17:55:24:5840254] [DEBUG]: Recieving packet from Spooler of len 2
[12/05/22 17:55:24:5841729] [INFO ]: Spooler requested update
[12/05/22 17:55:24:6468646] [DEBUG]: Recieving packet from Spooler of len 2
[12/05/22 17:55:24:6469891] [INFO ]: Spooler requested update
[12/05/22 17:55:24:7089554] [DEBUG]: Recieving packet from Spooler of len 2
[12/05/22 17:55:24:7091770] [INFO ]: Spooler requested update
[12/05/22 17:55:24:7691215] [DEBUG]: Recieving packet from Spooler of len 2
[12/05/22 17:55:24:7692597] [INFO ]: Spooler requested update
[12/05/22 17:55:24:8297864] [DEBUG]: Recieving packet from Spooler of len 2
[12/05/22 17:55:24:8299088] [INFO ]: Spooler requested update
[12/05/22 17:55:24:8907171] [DEBUG]: Recieving packet from Spooler of len 2
[12/05/22 17:55:24:8908539] [INFO ]: Spooler requested update
[12/05/22 17:55:24:9538955] [DEBUG]: Recieving packet from Spooler of len 2
[12/05/22 17:55:24:9540373] [INFO ]: Spooler requested update
[12/05/22 17:55:25:0163565] [DEBUG]: Recieving packet from Spooler of len 2
[12/05/22 17:55:25:0166502] [INFO ]: Spooler requested update
[12/05/22 17:55:25:0757869] [DEBUG]: Recieving packet from Spooler of len 2
[12/05/22 17:55:25:0761220] [INFO ]: Spooler requested update
[12/05/22 17:55:25:1368967] [DEBUG]: Recieving packet from Spooler of len 2
[12/05/22 17:55:25:1371980] [INFO ]: Spooler requested update
[12/05/22 17:55:25:1984124] [DEBUG]: Recieving packet from Spooler of len 2
[12/05/22 17:55:25:1986765] [INFO ]: Spooler requested update
[12/05/22 17:55:25:2617971] [DEBUG]: Recieving packet from Spooler of len 2
[12/05/22 17:55:25:2621814] [INFO ]: Spooler requested update
[12/05/22 17:55:25:3231339] [DEBUG]: Recieving packet from Spooler of len 2
[12/05/22 17:55:25:3234821] [INFO ]: Spooler requested update
[12/05/22 17:55:25:3861961] [DEBUG]: Recieving packet from Spooler of len 2
[12/05/22 17:55:25:3865811] [INFO ]: Spooler requested update
[12/05/22 17:55:25:4465543] [DEBUG]: Recieving packet from Spooler of len 2
[12/05/22 17:55:25:4468542] [INFO ]: Spooler requested update
[12/05/22 17:55:25:5088533] [DEBUG]: Recieving packet from Spooler of len 2
[12/05/22 17:55:25:5091378] [INFO ]: Spooler requested update
[12/05/22 17:55:25:5711049] [DEBUG]: Recieving packet from Spooler of len 2
[12/05/22 17:55:25:5713994] [INFO ]: Spooler requested update
[12/05/22 17:55:25:6320489] [DEBUG]: Recieving packet from Spooler of len 2
[12/05/22 17:55:25:6323187] [INFO ]: Spooler requested update
[12/05/22 17:55:25:6942976] [DEBUG]: Recieving packet from Spooler of len 2
[12/05/22 17:55:25:6945487] [INFO ]: Spooler requested update
[12/05/22 17:55:25:7570968] [DEBUG]: Recieving packet from Spooler of len 2
[12/05/22 17:55:25:7573924] [INFO ]: Spooler requested update
[12/05/22 17:55:25:8201918] [DEBUG]: Recieving packet from Spooler of len 2
[12/05/22 17:55:25:8205344] [INFO ]: Spooler requested update
[12/05/22 17:55:25:8817851] [DEBUG]: Recieving packet from Spooler of len 2
[12/05/22 17:55:25:8821124] [INFO ]: Spooler requested update
[12/05/22 17:55:25:9435105] [DEBUG]: Recieving packet from Spooler of len 2
[12/05/22 17:55:25:9438018] [INFO ]: Spooler requested update
[12/05/22 17:55:26:0048862] [DEBUG]: Recieving packet from Spooler of len 2
[12/05/22 17:55:26:0052043] [INFO ]: Spooler requested update
[12/05/22 17:55:26:0664646] [DEBUG]: Recieving packet from Spooler of len 2
[12/05/22 17:55:26:0667654] [INFO ]: Spooler requested update
[12/05/22 17:55:26:1281253] [DEBUG]: Recieving packet from Spooler of len 2
[12/05/22 17:55:26:1284186] [INFO ]: Spooler requested update
[12/05/22 17:55:26:1899201] [DEBUG]: Recieving packet from Spooler of len 2
[12/05/22 17:55:26:1901999] [INFO ]: Spooler requested update
[12/05/22 17:55:26:2526219] [DEBUG]: Recieving packet from Spooler of len 2
[12/05/22 17:55:26:2529206] [INFO ]: Spooler requested update
[12/05/22 17:55:26:3137916] [DEBUG]: Recieving packet from Spooler of len 2
[12/05/22 17:55:26:3140895] [INFO ]: Spooler requested update
[12/05/22 17:55:26:3762802] [DEBUG]: Recieving packet from Spooler of len 2
[12/05/22 17:55:26:3765750] [INFO ]: Spooler requested update
[12/05/22 17:55:26:4376768] [DEBUG]: Recieving packet from Spooler of len 2
[12/05/22 17:55:26:4379376] [INFO ]: Spooler requested update
[12/05/22 17:55:26:4983134] [DEBUG]: Recieving packet from Spooler of len 2
[12/05/22 17:55:26:4985909] [INFO ]: Spooler requested update
[12/05/22 17:55:26:5594198] [DEBUG]: Recieving packet from Spooler of len 2
[12/05/22 17:55:26:5596762] [INFO ]: Spooler requested update
[12/05/22 17:55:26:6211506] [DEBUG]: Recieving packet from Spooler of len 2
[12/05/22 17:55:26:6214072] [INFO ]: Spooler requested update
[12/05/22 17:55:26:6828789] [DEBUG]: Recieving packet from Spooler of len 2
[12/05/22 17:55:26:6831406] [INFO ]: Spooler requested update
[12/05/22 17:55:26:7439448] [DEBUG]: Recieving packet from Spooler of len 2
[12/05/22 17:55:26:7442130] [INFO ]: Spooler requested update
[12/05/22 17:55:26:8054832] [DEBUG]: Recieving packet from Spooler of len 2
[12/05/22 17:55:26:8057753] [INFO ]: Spooler requested update
[12/05/22 17:55:26:8670154] [DEBUG]: Recieving packet from Spooler of len 2
[12/05/22 17:55:26:8673120] [INFO ]: Spooler requested update
[12/05/22 17:55:26:9282262] [DEBUG]: Recieving packet from Spooler of len 2
[12/05/22 17:55:26:9284792] [INFO ]: Spooler requested update
[12/05/22 17:55:26:9904148] [DEBUG]: Recieving packet from Spooler of len 2
[12/05/22 17:55:26:9906619] [INFO ]: Spooler requested update
[12/05/22 17:55:27:0516244] [DEBUG]: Recieving packet from Spooler of len 2
[12/05/22 17:55:27:0518751] [INFO ]: Spooler requested update
[12/05/22 17:55:27:1137881] [DEBUG]: Recieving packet from Spooler of len 2
[12/05/22 17:55:27:1140478] [INFO ]: Spooler requested update
[12/05/22 17:55:27:1754153] [DEBUG]: Recieving packet from Spooler of len 2
[12/05/22 17:55:27:1757074] [INFO ]: Spooler requested update
[12/05/22 17:55:27:2371598] [DEBUG]: Recieving packet from Spooler of len 2
[12/05/22 17:55:27:2374273] [INFO ]: Spooler requested update
[12/05/22 17:55:27:2980128] [DEBUG]: Recieving packet from Spooler of len 2
[12/05/22 17:55:27:2982883] [INFO ]: Spooler requested update
[12/05/22 17:55:27:3604652] [DEBUG]: Recieving packet from Spooler of len 2
[12/05/22 17:55:27:3607663] [INFO ]: Spooler requested update
[12/05/22 17:55:27:4216070] [DEBUG]: Recieving packet from Spooler of len 2
[12/05/22 17:55:27:4218864] [INFO ]: Spooler requested update
[12/05/22 17:55:27:4823388] [DEBUG]: Recieving packet from Spooler of len 2
[12/05/22 17:55:27:4825967] [INFO ]: Spooler requested update
[12/05/22 17:55:27:5439394] [DEBUG]: Recieving packet from Spooler of len 2
[12/05/22 17:55:27:5441918] [INFO ]: Spooler requested update
[12/05/22 17:55:27:6058803] [DEBUG]: Recieving packet from Spooler of len 2
[12/05/22 17:55:27:6061472] [INFO ]: Spooler requested update
[12/05/22 17:55:27:6670226] [DEBUG]: Recieving packet from Spooler of len 2
[12/05/22 17:55:27:6672742] [INFO ]: Spooler requested update
[12/05/22 17:55:27:7291760] [DEBUG]: Recieving packet from Spooler of len 2
[12/05/22 17:55:27