[12/05/22 18:19:28:0322794] [INFO ]: Logging started
[12/05/22 18:19:28:0442995] [INFO ]: Starting Spooler receive
[12/05/22 18:19:28:3965018] [DEBUG]: Recieving packet from Spooler of len 2
[12/05/22 18:19:28:3968832] [INFO ]: Spooler requested update
[12/05/22 18:19:28:4695661] [DEBUG]: Recieving packet from Spooler of len 2
[12/05/22 18:19:28:4697535] [INFO ]: Spooler requested update
[12/05/22 18:19:28:5323499] [DEBUG]: Recieving packet from Spooler of len 2
[12/05/22 18:19:28:5325471] [INFO ]: Spooler requested update
[12/05/22 18:19:28:5945816] [DEBUG]: Recieving packet from Spooler of len 2
[12/05/22 18:19:28:5947803] [INFO ]: Spooler requested update
[12/05/22 18:19:28:6557652] [DEBUG]: Recieving packet from Spooler of len 2
[12/05/22 18:19:28:6559722] [INFO ]: Spooler requested update
[12/05/22 18:19:28:7177199] [DEBUG]: Recieving packet from Spooler of len 2
[12/05/22 18:19:28:7178767] [INFO ]: Spooler requested update
[12/05/22 18:19:28:7797182] [DEBUG]: Recieving packet from Spooler of len 2
[12/05/22 18:19:28:7798992] [INFO ]: Spooler requested update
[12/05/22 18:19:28:8406831] [DEBUG]: Recieving packet from Spooler of len 2
[12/05/22 18:19:28:8408737] [INFO ]: Spooler requested update
[12/05/22 18:19:28:9024537] [DEBUG]: Recieving packet from Spooler of len 2
[12/05/22 18:19:28:9026531] [INFO ]: Spooler requested update
[12/05/22 18:19:28:9644472] [DEBUG]: Recieving packet from Spooler of len 2
[12/05/22 18:19:28:9646871] [INFO ]: Spooler requested update
[12/05/22 18:19:29:0251384] [DEBUG]: Recieving packet from Spooler of len 2
[12/05/22 18:19:29:0253159] [INFO ]: Spooler requested update
[12/05/22 18:19:29:0859017] [DEBUG]: Recieving packet from Spooler of len 2
[12/05/22 18:19:29:0860850] [INFO ]: Spooler requested update
[12/05/22 18:19:29:1493073] [DEBUG]: Recieving packet from Spooler of len 2
[12/05/22 18:19:29:1495212] [INFO ]: Spooler requested update
[12/05/22 18:19:29:2112427] [DEBUG]: Recieving packet from Spooler of len 2
[12/05/22 18:19:29:2119795] [INFO ]: Spooler requested update
[12/05/22 18:19:29:2718996] [DEBUG]: Recieving packet from Spooler of len 2
[12/05/22 18:19:29:2730330] [INFO ]: Spooler requested update
[12/05/22 18:19:29:3342159] [DEBUG]: Recieving packet from Spooler of len 2
[12/05/22 18:19:29:3350995] [INFO ]: Spooler requested update
[12/05/22 18:19:29:3962614] [DEBUG]: Recieving packet from Spooler of len 2
[12/05/22 18:19:29:3974624] [INFO ]: Spooler requested update
[12/05/22 18:19:29:4574297] [DEBUG]: Recieving packet from Spooler of len 2
[12/05/22 18:19:29:4581005] [INFO ]: Spooler requested update
[12/05/22 18:19:29:5195497] [DEBUG]: Recieving packet from Spooler of len 2
[12/05/22 18:19:29:5204248] [INFO ]: Spooler requested update
[12/05/22 18:19:29:5810569] [DEBUG]: Recieving packet from Spooler of len 2
[12/05/22 18:19:29:5817356] [INFO ]: Spooler requested update
[12/05/22 18:19:29:6420697] [DEBUG]: Recieving packet from Spooler of len 2
[12/05/22 18:19:29:6427222] [INFO ]: Spooler requested update
[12/05/22 18:19:29:7037211] [DEBUG]: Recieving packet from Spooler of len 2
[12/05/22 18:19:29:7043810] [INFO ]: Spooler requested update
[12/05/22 18:19:29:7653724] [DEBUG]: Recieving packet from Spooler of len 2
[12/05/22 18:19:29:7659693] [INFO ]: Spooler requested update
[12/05/22 18:19:29:8293086] [DEBUG]: Recieving packet from Spooler of len 2
[12/05/22 18:19:29:8299439] [INFO ]: Spooler requested update
[12/05/22 18:19:29:8903122] [DEBUG]: Recieving packet from Spooler of len 2
[12/05/22 18:19:29:8914378] [INFO ]: Spooler requested update
[12/05/22 18:19:29:9676197] [DEBUG]: Recieving packet from Spooler of len 2
[12/05/22 18:19:29:9683127] [INFO ]: Spooler requested update
[12/05/22 18:19:30:0307552] [DEBUG]: Recieving packet from Spooler of len 2
[12/05/22 18:19:30:0314055] [INFO ]: Spooler requested update
[12/05/22 18:19:30:0906212] [DEBUG]: Recieving packet from Spooler of len 2
[12/05/22 18:19:30:0916752] [INFO ]: Spooler requested update
[12/05/22 18:19:30:1513838] [DEBUG]: Recieving packet from 