[12/05/22 19:26:40:1609961] [INFO ]: Logging started
[12/05/22 19:26:40:1727017] [INFO ]: Starting Spooler receive
[12/05/22 19:26:40:1777842] [DEBUG]: Recieving packet from Spooler of len 2
[12/05/22 19:26:40:1780676] [DEBUG]: Spooler requested update
[12/05/22 19:26:40:2373075] [DEBUG]: Recieving packet from Spooler of len 2
[12/05/22 19:26:40:2375465] [DEBUG]: Spooler requested update
[12/05/22 19:26:40:2986150] [DEBUG]: Recieving packet from Spooler of len 2
[12/05/22 19:26:40:2988913] [DEBUG]: Spooler requested update
[12/05/22 19:26:40:3601718] [DEBUG]: Recieving packet from Spooler of len 2
[12/05/22 19:26:40:3603716] [DEBUG]: Spooler requested update
[12/05/22 19:26:40:4222896] [DEBUG]: Recieving packet from Spooler of len 2
[12/05/22 19:26:40:4225438] [DEBUG]: Spooler requested update
[12/05/22 19:26:40:4853762] [DEBUG]: Recieving packet from Spooler of len 2
[12/05/22 19:26:40:4857532] [DEBUG]: Spooler requested update
[12/05/22 19:26:40:5450534] [DEBUG]: Recieving packet from Spooler of len 2
[12/05/22 19:26:40:5452766] [DEBUG]: Spooler requested update
[12/05/22 19:26:40:6066918] [DEBUG]: Recieving packet from Spooler of len 2
[12/05/22 19:26:40:6069430] [DEBUG]: Spooler requested update
[12/05/22 19:26:40:6683004] [DEBUG]: Recieving packet from Spooler of len 2
[12/05/22 19:26:40:6685828] [DEBUG]: Spooler requested update
[12/05/22 19:26:40:7307289] [DEBUG]: Recieving packet from Spooler of len 2
[12/05/22 19:26:40:7309675] [DEBUG]: Spooler requested update
[12/05/22 19:26:40:7916080] [DEBUG]: Recieving packet from Spooler of len 2
[12/05/22 19:26:40:7918563] [DEBUG]: Spooler requested update
[12/05/22 19:26:40:8538553] [DEBUG]: Recieving packet from Spooler of len 2
[12/05/22 19:26:40:8541819] [DEBUG]: Spooler requested update
[12/05/22 19:26:40:9167829] [DEBUG]: Recieving packet from Spooler of len 2
[12/05/22 19:26:40:9170164] [DEBUG]: Spooler requested update
[12/05/22 19:26:40:9767760] [DEBUG]: Recieving packet from Spooler of len 2
[12/05/22 19:26:40:9775159] [DEBUG]: Spooler requested update
[12/05/22 19:26:41:0388494] [DEBUG]: Recieving packet from Spooler of len 2
[12/05/22 19:26:41:0395042] [DEBUG]: Spooler requested update
[12/05/22 19:26:41:1005024] [DEBUG]: Recieving packet from Spooler of len 2
[12/05/22 19:26:41:1011712] [DEBUG]: Spooler requested update
[12/05/22 19:26:41:1621670] [DEBUG]: Recieving packet from Spooler of len 2
[12/05/22 19:26:41:1628540] [DEBUG]: Spooler requested update
[12/05/22 19:26:41:2241025] [DEBUG]: Recieving packet from Spooler of len 2
[12/05/22 19:26:41:2249130] [DEBUG]: Spooler requested update
[12/05/22 19:26:41:2860607] [DEBUG]: Recieving packet from Spooler of len 2
[12/05/22 19:26:41:2867757] [DEBUG]: Spooler requested update
[12/05/22 19:26:41:3470024] [DEBUG]: Recieving packet from Spooler of len 2
[12/05/22 19:26:41:3476667] [DEBUG]: Spooler requested update
[12/05/22 19:26:41:4083562] [DEBUG]: Recieving packet from Spooler of len 2
[12/05/22 19:26:41:4091771] [DEBUG]: Spooler requested update
[12/05/22 19:26:41:4709474] [DEBUG]: Recieving packet from Spooler of len 2
[12/05/22 19:26:41:4716879] [DEBUG]: Spooler requested update
[12/05/22 19:26:41:5316996] [DEBUG]: Recieving packet from Spooler of len 2
[12/05/22 19:26:41:5325678] [DEBUG]: Spooler requested update
[12/05/22 19:26:41:5931073] [DEBUG]: Recieving packet from Spooler of len 2
[12/05/22 19:26:41:5937401] [DEBUG]: Spooler requested update
[12/05/22 19:26:41:6547955] [DEBUG]: Recieving packet from Spooler of len 2
[12/05/22 19:26:41:6554576] [DEBUG]: Spooler requested update
[12/05/22 19:26:41:7161649] [DEBUG]: Recieving packet from Spooler of len 2
[12/05/22 19:26:41:7168196] [DEBUG]: Spooler requested update
[12/05/22 19:26:41:7782767] [DEBUG]: Recieving packet from Spooler of len 2
[12/05/22 19:26:41:7790418] [DEBUG]: Spooler requested update
[12/05/22 19:26:41:8404506] [DEBUG]: Recieving packet from Spooler of len 2
[12/05/22 19:26:41:8410957] [DEBUG]: Spooler requested update
[12/05/22 19:26:41:9020708] [DEBUG]: Recieving packet from Spooler of len 2
[12/05/22 19:26:41:9027546] [DEBUG]: Spooler requested update
[12/05/22 19:26:41:9638314] [DEBUG]: Recieving packet from Spooler of len 2
[12/05/22 19:26:41:9644405] [DEBUG]: Spooler requested update
[12/05/22 19:26:42:0248967] [DEBUG]: Recieving packet from Spooler of len 2
[12/05/22 19:26:42:0254842] [DEBUG]: Spooler requested update
[12/05/22 19:26:42:0866975] [DEBUG]: Recieving packet from Spooler of len 2
[12/05/22 19:26:42:0872907] [DEBUG]: Spooler requested update
[12/05/22 19:26:42:1483116] [DEBUG]: Recieving packet from Spooler of len 2
[12/05/22 19:26:42:1490044] [DEBUG]: Spooler requested update
[12/05/22 19:26:42:2108010] [DEBUG]: Recieving packet from Spooler of len 2
[12/05/22 19:26:42:2121867] [DEBUG]: Spooler requested update
[12/05/22 19:26:42:2720717] [DEBUG]: Recieving packet from Spooler of len 2
[12/05/22 19:26:42:2728101] [DEBUG]: Spooler requested update
[12/05/22 19:26:42:3332391] [DEBUG]: Recieving packet from Spooler of len 2
[12/05/22 19:26:42:3339335] [DEBUG]: Spooler requested update
[12/05/22 19:26:42:3949822] [DEBUG]: Recieving packet from Spooler of len 2
[12/05/22 19:26:42:3955701] [DEBUG]: Spooler requested update
[12/05/22 19:26:42:4570957] [DEBUG]: Recieving packet from Spooler of len 2
[12/05/22 19:26:42:4576928] [DEBUG]: Spooler requested update
[12/05/22 19:26:42:5188491] [DEBUG]: Recieving packet from Spooler of len 2
[12/05/22 19:26:42:5194942] [DEBUG]: Spooler requested update
[12/05/22 19:26:42:5803436] [DEBUG]: Recieving packet from Spooler of len 2
[12/05/22 19:26:42:5809303] [DEBUG]: Spooler requested update
[12/05/22 19:26:42:6419359] [DEBUG]: Recieving packet from Spooler of len 2
[12/05/22 19:26:42:6425614] [DEBUG]: Spooler requested update
[12/05/22 19:26:42:7037863] [DEBUG]: Recieving packet from Spooler of len 2
[12/05/22 19:26:42:7043549] [DEBUG]: Spooler requested update
[12/05/22 19:26:42:7647296] [DEBUG]: Recieving packet from Spooler of len 2
[12/05/22 19:26:42:7652899] [DEBUG]: Spooler requested update
[12/05/22 19:26:42:8271036] [DEBUG]: Recieving packet from Spooler of len 2
[12/05/22 19:26:42:8277789] [DEBUG]: Spooler requested update
[12/05/22 19:26:42:8877766] [DEBUG]: Recieving packet from Spooler of len 2
[12/05/22 19:26:42:8883420] [DEBUG]: Spooler requested update
[12/05/22 19:26:42:9492653] [DEBUG]: Recieving packet from Spooler of len 2
[12/05/22 19:26:42:9499787] [DEBUG]: Spooler requested update
[12/05/22 19:26:43:0113550] [DEBUG]: Recieving packet from Spooler of len 2
[12/05/22 19:26:43:0119302] [DEBUG]: Spooler requested update
[12/05/22 19:26:43:0733285] [DEBUG]: Recieving packet from Spooler of len 2
[12/05/22 19:26:43:0740473] [DEBUG]: Spooler requested update
[12/05/22 19:26:43:1364430] [DEBUG]: Recieving packet from Spooler of len 2
[12/05/22 19:26:43:1373229] [DEBUG]: Spooler requested update
[12/05/22 19:26:43:1981803] [DEBUG]: Recieving packet from Spooler of len 2
[12/05/22 19:26:43:1988650] [DEBUG]: Spooler requested update
[12/05/22 19:26:43:2592044] [DEBUG]: Recieving packet from Spooler of len 2
[12/05/22 19:26:43:2598804] [DEBUG]: Spooler requested update
[12/05/22 19:26:43:3212062] [DEBUG]: Recieving packet from Spooler of len 2
[12/05/22 19:26:43:3218976] [DEBUG]: Spooler requested update
[12/05/22 19:26:43:3855042] [DEBUG]: Recieving packet from Spooler of len 2
[12/05/22 19:26:43:3862547] [DEBUG]: Spooler requested update
[12/05/22 19:26:43:4443983] [DEBUG]: Recieving packet from Spooler of len 2
[12/05/22 19:26:43:4450924] [DEBUG]: Spooler requested update
[12/05/22 19:26:43:5063766] [DEBUG]: Recieving packet from Spooler of len 2
[12/05/22 19:26:43:5070917] [DEBUG]: Spooler requested update
[12/05/22 19:26:43:5687507] [DEBUG]: Recieving packet from Spooler of len 2
[12/05/22 19:26:43:5693762] [DEBUG]: Spooler requested update
[12/05/22 19:26:43:6290840] [DEBUG]: Recieving packet from Spooler of len 2
[12/05/22 19:26:43:6297350] [DEBUG]: Spooler requested update
[12/05/22 19:26:43:6905478] [DEBUG]: Recieving packet from Spooler of len 2
[12/05/22 19:26:43:6911301] [DEBUG]: Spooler requested update
[12/05/22 19:26:43:7527998] [DEBUG]: Recieving packet from Spooler of len 2
[12/05/22 19:26:43:7534209] [DEBUG]: Spooler requested update
[12/05/22 19:26:43:8139459] [DEBUG]: Recieving packet from Spooler of len 2
[12/05/22 19:26:43:8151239] [DEBUG]: Spooler requested update
[12/05/22 19:26:43:8760380] [DEBUG]: Recieving packet from Spooler of len 2
[12/05/22 19:26:43:8767357] [DEBUG]: Spooler requested update
[12/05/22 19:26:43:9384387] [DEBUG]: Recieving packet from Spooler of len 2
[12/05/22 19:26:43:9390900] [DEBUG]: Spooler requested update
[12/05/22 19:26:43:9995981] [DEBUG]: Recieving packet from Spooler of len 2
[12/05/22 19:26:44:0002375] [DEBUG]: Spooler requested update
[12/05/22 19:26:44:0611801] [DEBUG]: Recieving packet from Spooler of len 2
[12/05/22 19:26:44:0618079] [DEBUG]: Spooler requested update
[12/05/22 19:26:44:1225222] [DEBUG]: Recieving packet from Spooler of len 2
[12/05/22 19:26:44:1231283] [DEBUG]: Spooler requested update
[12/05/22 19:26:44:1838879] [DEBUG]: Recieving packet from Spooler of len 2
[12/05/22 19:26:44:1845478] [DEBUG]: Spooler requested update
[12/05/22 19:26:44:2456338] [DEBUG]: Recieving packet from Spooler of len 2
[12/05/22 19:26:44:2462471] [DEBUG]: Spooler requested update
[12/05/22 19:26:44:3082090] [DEBUG]: Recieving packet from Spooler of len 2
[12/05/22 19:26:44:3087867] [DEBUG]: Spooler requested update
[12/05/22 19:26:44:3705674] [DEBUG]: Recieving packet from Spooler of len 2
[12/05/22 19:26:44:3712125] [DEBUG]: Spooler requested update
[12/05/22 19:26:44:4314490] [DEBUG]: Recieving packet from Spooler of len 2
[12/05/22 19:26:44:4321125] [DEBUG]: Spooler requested update
[12/05/22 19:26:44:4922056] [DEBUG]: Recieving packet from Spooler of len 2
[12/05/22 19:26:44:4928608] [DEBUG]: Spooler requested update
[12/05/22 19:26:44:5548605] [DEBUG]: Recieving packet from Spooler of len 2
[12/05/22 19:26:44:5554087] [DEBUG]: Spooler requested update
[12/05/22 19:26:44:6151344] [DEBUG]: Recieving packet from Spooler of len 2
[12/05/22 19:26:44:6157115] [DEBUG]: Spooler requested update
[12/05/22 19:26:44:6766374] [DEBUG]: Recieving packet from Spooler of len 2
[12/05/22 19:26:44:6772057] [DEBUG]: Spooler requested update
[12/05/22 19:26:44:7385406] [DEBUG]: Recieving packet from Spooler of len 2
[12/05/22 19:26:44:7390969] [DEBUG]: Spooler requested update
[12/05/22 19:26:44:8007802] [DEBUG]: Recieving packet from Spooler of len 2
[12/05/22 19:26:44:8013203] [DEBUG]: Spooler requested update
[12/05/22 19:26:44:8623498] [DEBUG]: Recieving packet from Spooler of len 2
[12/05/22 19:26:44:8628971] [DEBUG]: Spooler requested update
[12/05/22 19:26:44:9245653] [DEBUG]: Recieving packet from Spooler of len 2
[12/05/22 19:26:44:9251703] [DEBUG]: Spooler requested update
[12/05/22 19:26:44:9867426] [DEBUG]: Recieving packet from Spooler of len 2
[12/05/22 19:26:44:9873240] [DEBUG]: Spooler requested update
[12/05/22 19:26:45:0489926] [DEBUG]: Recieving packet from Spooler of len 2
[12/05/22 19:26:45:0509986] [DEBUG]: Spooler requested update
[12/05/22 19:26:45:1090357] [DEBUG]: Recieving packet from Spooler of len 2
[12/05/22 19:26:45:1096892] [DEBUG]: Spooler requested update
[12/05/22 19:26:45:1699189] [DEBUG]: Recieving packet from Spooler of len 2
[12/05/22 19:26:45:1704859] [DEBUG]: Spooler requested update
[12/05/22 19:26:45:2317702] [DEBUG]: Recieving packet from Spooler of len 2
[12/05/22 19:26:45:2323469] [DEBUG]: Spooler requested update
[12/05/22 19:26:45:2933704] [DEBUG]: Recieving packet from Spooler of len 2
[12/05/22 19:26:45:2940255] [DEBUG]: Spooler requested update
[12/05/22 19:26:45:3547482] [DEBUG]: Recieving packet from Spooler of len 2
[12/05/22 19:26:45:3553903] [DEBUG]: Spooler requested update
[12/05/22 19:26:45:4157241] [DEBUG]: Recieving packet from Spooler of len 2
[12/05/22 19:26:45:4163985] [DEBUG]: Spooler requested update
[12/05/22 19:26:45:4773302] [DEBUG]: Recieving packet from Spooler of len 2
[12/05/22 19:26:45:4780067] [DEBUG]: Spooler requested update
[12/05/22 19:26:45:5385915] [DEBUG]: Recieving packet from Spooler of len 2
[12/05/22 19:26:45:5391988] [DEBUG]: Spooler requested update
[12/05/22 19:26:45:6011599] [DEBUG]: Recieving packet from Spooler of len 2
[12/05/22 19:26:45:6017078] [DEBUG]: Spooler requested update
[12/05/22 19:26:45:6623990] [DEBUG]: Recieving packet from Spooler of len 2
[12/05/22 19:26:45:6629832] [DEBUG]: Spooler requested update
[12/05/22 19:26:45:7243809] [DEBUG]: Recieving packet from Spooler of len 2
[12/05/22 19:26:45:7249403] [DEBUG]: Spooler requested update
[12/05/22 19:26:45:7855810] [DEBUG]: Recieving packet from Spooler of len 2
[12/05/22 19:26:45:7861199] [DEBUG]: Spooler requested update
[12/05/22 19:26:45:8473352] [DEBUG]: Recieving packet from Spooler of len 2
[12/05/22 19:26:45:8479226] [DEBUG]: Spooler requested update
[12/05/22 19:26:45:9086640] [DEBUG]: Recieving packet from Spooler of len 2
[12/05/22 19:26:45:9092792] [DEBUG]: Spooler requested update
[12/05/22 19:26:45:9705530] [DEBUG]: Recieving packet from Spooler of len 2
[12/05/22 19:26:45:9710942] [DEBUG]: Spooler requested update
[12/05/22 19:26:46:0328350] [DEBUG]: Recieving packet from Spooler of len 2
[12/05/22 19:26:46:0334511] [DEBUG]: Spooler requested update
[12/05/22 19:26:46:0945185] [DEBUG]: Recieving packet from Spooler of len 2
[12/05/22 19:26:46:0950928] [DEBUG]: Spooler requested update
[12/05/22 19:26:46:1566541] [DEBUG]: Recieving packet from Spooler of len 2
[12/05/22 19:26:46:1574695] [DEBUG]: Spooler requested update
[12/05/22 19:26:46:2189533] [DEBUG]: Recieving packet from Spooler of len 2
[12/05/22 19:26:46:2196840] [DEBUG]: Spooler requested update
[12/05/22 19:26:46:2807184] [DEBUG]: Recieving packet from Spooler of len 2
[12/05/22 19:26:46:2813893] [DEBUG]: Spooler requested update
[12/05/22 19:26:46:3430910] [DEBUG]: Recieving packet from Spooler of len 2
[12/05/22 19:26:46:3440367] [DEBUG]: Spooler requested update
[12/05/22 19:26:46:4053619] [DEBUG]: Recieving packet from Spooler of len 2
[12/05/22 19:26:46:4066259] [DEBUG]: Spooler requested update
[12/05/22 19:26:46:4674698] [DEBUG]: Recieving packet from Spooler of len 2
[12/05/22 19:26:46:4685602] [DEBUG]: Spooler requested update
[12/05/22 19:26:46:5274780] [DEBUG]: Recieving packet from Spooler of len 2
[12/05/22 19:26:46:5283262] [DEBUG]: Spooler requested update
[12/05/22 19:26:46:5888901] [DEBUG]: Recieving packet from Spooler of len 2
[12/05/22 19:26:46:5895024] [DEBUG]: Spooler requested update
[12/05/22 19:26:46:6510461] [DEBUG]: Recieving packet from Spooler of len 2
[12/05/22 19:26:46:6516959] [DEBUG]: Spooler requested update
[12/05/22 19:26:46:7121528] [DEBUG]: Recieving packet from Spooler of len 2
[12/05/22 19:26:46:7127729] [DEBUG]: Spooler requested update
[12/05/22 19:26:46:7732498] [DEBUG]: Recieving packet from Spooler of len 2
[12/05/22 19:26:46:7738642] [DEBUG]: Spooler requested update
[12/05/22 19:26:46:8350015] [DEBUG]: Recieving packet from Spooler of len 2
[12/05/22 19:26:46:8356506] [DEBUG]: Spooler requested update
[12/05/22 19:26:46:8969097] [DEBUG]: Recieving packet from Spooler of len 2
[12/05/22 19:26:46:8975263] [DEBUG]: Spooler requested update
[12/05/22 19:26:46:9586908] [DEBUG]: Recieving packet from Spooler of len 2
[12/05/22 19:26:46:9593977] [DEBUG]: Spooler requested update
[12/05/22 19:26:47:0204547] [DEBUG]: Recieving packet from Spooler of len 2
[12/05/22 19:26:47:0211486] [DEBUG]: Spooler requested update
[12/05/22 19:26:47:0809340] [DEBUG]: Recieving packet from Spooler of len 2
[12/05/22 19:26:47:0815247] [DEBUG]: Spooler requested update
[12/05/22 19:26:47:1429234] [DEBUG]: Recieving packet from Spooler of len 2
[12/05/22 19:26:47:1435078] [DEBUG]: Spooler requested update
[12/05/22 19:26:47:2039426] [DEBUG]: Recieving packet from Spooler of len 2
[12/05/22 19:26:47:2045220] [DEBUG]: Spooler requested update
[12/05/22 19:26:47:2665879] [DEBUG]: Recieving packet from Spooler of len 2
[12/05/22 19:26:47:2671739] [DEBUG]: Spooler requested update
[12/05/22 19:26:47:3276994] [DEBUG]: Recieving packet from Spooler of len 2
[12/05/22 19:26:47:3282888] [DEBUG]: Spooler requested update
[12/05/22 19:26:47:3890595] [DEBUG]: Recieving packet from Spooler of len 2
[12/05/22 19:26:47:3896745] [DEBUG]: Spooler requested update
[12/05/22 19:26:47:4511688] [DEBUG]: Recieving packet from Spooler of len 2
[12/05/22 19:26:47:4517247] [DEBUG]: Spooler requested update
[12/05/22 19:26:47:5125079] [DEBUG]: Recieving packet from Spooler of len 2
[12/05/22 19:26:47:5132090] [DEBUG]: Spooler requested update
[12/05/22 19:26:47:5736672] [DEBUG]: Recieving packet from Spooler of len 2
[12/05/22 19:26:47:5742778] [DEBUG]: Spooler requested update
[12/05/22 19:26:47:6354859] [DEBUG]: Recieving packet from Spooler of len 2
[12/05/22 19:26:47:6360550] [DEBUG]: Spooler requested update
[12/05/22 19:26:47:6971499] [DEBUG]: Recieving packet from Spooler of len 2
[12/05/22 19:26:47:6976884] [DEBUG]: Spooler requested update
[12/05/22 19:26:47:7588336] [DEBUG]: Recieving packet from Spooler of len 2
[12/05/22 19:26:47:7593544] [DEBUG]: Spooler requested update
[12/05/22 19:26:47:8210428] [DEBUG]: Recieving packet from Spooler of len 2
[12/05/22 19:26:47:8215688] [DEBUG]: Spooler requested update
[12/05/22 19:26:47:8820993] [DEBUG]: Recieving packet from Spooler of len 2
[12/05/22 19:26:47:8826893] [DEBUG]: Spooler requested update
[12/05/22 19:26:47:9445193] [DEBUG]: Recieving packet from Spooler of len 2
[12/05/22 19:26:47:9450627] [DEBUG]: Spooler requested update
[12/05/22 19:26:48:0060605] [DEBUG]: Recieving packet from Spooler of len 2
[12/05/22 19:26:48:0066610] [DEBUG]: Spooler requested update
[12/05/22 19:26:48:0681838] [DEBUG]: Recieving packet from Spooler of len 2
[12/05/22 19:26:48:0687709] [DEBUG]: Spooler requested update
[12/05/22 19:26:48:1296616] [DEBUG]: Recieving packet from Spooler of len 2
[12/05/22 19:26:48:1302094] [DEBUG]: Spooler requested update
[12/05/22 19:26:48:1918533] [DEBUG]: Recieving packet from Spooler of len 2
[12/05/22 19:26:48:1924020] [DEBUG]: Spooler requested update
[12/05/22 19:26:48:2529332] [DEBUG]: Recieving packet from Spooler of len 2
[12/05/22 19:26:48:2535816] [DEBUG]: Spooler requested update
[12/05/22 19:26:48:3157737] [DEBUG]: Recieving packet from Spooler of len 2
[12/05/22 19:26:48:3163941] [DEBUG]: Spooler requested update
[12/05/22 19:26:48:3767586] [DEBUG]: Recieving packet from Spooler of len 2
[12/05/22 19:26:48:3772764] [DEBUG]: Spooler requested update
[12/05/22 19:26:48:4396570] [DEBUG]: Recieving packet from Spooler of len 2
[12/05/22 19:26:48:4404643] [DEBUG]: Spooler requested update
[12/05/22 19:26:48:4995068] [DEBUG]: Recieving packet from Spooler of len 2
[12/05/22 19:26:48:5002790] [DEBUG]: Spooler requested update
[12/05/22 19:26:48:5607916] [DEBUG]: Recieving packet from Spooler of len 2
[12/05/22 19:26:48:5614706] [DEBUG]: Spooler requested update
[12/05/22 19:26:48:6215391] [DEBUG]: Recieving packet from Spooler of len 2
[12/05/22 19:26:48:6221174] [DEBUG]: Spooler requested update
[12/05/22 19:26:48:6837456] [DEBUG]: Recieving packet from Spooler of len 2
[12/05/22 19:26:48:6844225] [DEBUG]: Spooler requested update
[12/05/22 19:26:48:7458199] [DEBUG]: Recieving packet from Spooler of len 2
[12/05/22 19:26:48:7463988] [DEBUG]: Spooler requested update
[12/05/22 19:26:48:8068421] [DEBUG]: Recieving packet from Spooler of len 2
[12/05/22 19:26:48:8074007] [DEBUG]: Spooler requested update
[12/05/22 19:26:48:8688170] [DEBUG]: Recieving packet from Spooler of len 2
[12/05/22 19:26:48:8693537] [DEBUG]: Spooler requested update
[12/05/22 19:26:48:9302171] [DEBUG]: Recieving packet from Spooler of len 2
[12/05/22 19:26:48:9307358] [DEBUG]: Spooler requested update
[12/05/22 19:26:48:9909730] [DEBUG]: Recieving packet from Spooler of len 2
[12/05/22 19:26:48:9915434] [DEBUG]: Spooler requested update
[12/05/22 19:26:49:0528745] [DEBUG]: Recieving packet from Spooler of len 2
[12/05/22 19:26:49:0534430] [DEBUG]: Spooler requested update
[12/05/22 19:26:49:1139240] [DEBUG]: Recieving packet from Spooler of len 2
[12/05/22 19:26:50:2316386] [DEBUG]: Spooler requested update
[12/05/22 19:26:50:2983016] [DEBUG]: Recieving packet from Spooler of len 2
[12/05/22 19:26:50:2989663] [DEBUG]: Spooler requested update
[12/05/22 19:26:50:3602950] [DEBUG]: Recieving packet from Spooler of len 2
[12/05/22 19:26:50:3609267] [DEBUG]: Spooler requested update
[12/05/22 19:26:50:4220149] [DEBUG]: Recieving packet from Spooler of len 2
[12/05/22 19:26:50:4226439] [DEBUG]: Spooler requested update
[12/05/22 19:26:50:4834350] [DEBUG]: Recieving packet from Spooler of len 2
[12/05/22 19:26:50:4841137] [DEBUG]: Spooler requested update
[12/05/22 19:26:50:5450979] [DEBUG]: Recieving packet from Spooler of len 2
[12/05/22 19:26:50:5456694] [DEBUG]: Spooler requested update
[12/05/22 19:26:50:6063277] [DEBUG]: Recieving packet from Spooler of len 2
[12/05/22 19:26:50:6068801] [DEBUG]: Spooler requested update
[12/05/22 19:26:50:6681314] [DEBUG]: Recieving packet from Spooler of len 2
[12/05/22 19:26:50:6688299] [DEBUG]: Spooler requested update
[12/05/22 19:26:50:7299635] [DEBUG]: Recieving packet from Spooler of len 2
[12/05/22 19:26:50:7305184] [DEBUG]: Spooler requested update
[12/05/22 19:26:50:7908525] [DEBUG]: Recieving packet from Spooler of len 2
[12/05/22 19:26:50:7913933] [DEBUG]: Spooler requested update
[12/05/22 19:26:50:8531839] [DEBUG]: Recieving packet from Spooler of len 2
[12/05/22 19:26:50:8537249] [DEBUG]: Spooler requested update
[12/05/22 19:26:50:9157329] [DEBUG]: Recieving packet from Spooler of len 2
[12/05/22 19:26:50:9163720] [DEBUG]: Spooler requested update
[12/05/22 19:26:50:9767153] [DEBUG]: Recieving packet from Spooler of len 2
[12/05/22 19:26:50:9773873] [DEBUG]: Spooler requested update
[12/05/22 19:26:51:0374710] [DEBUG]: Recieving packet from Spooler of len 2
[12/05/22 19:26:51:0382338] [DEBUG]: Spooler requested update
[12/05/22 19:26:51:0989350] [DEBUG]: Recieving packet from Spooler of len 2
[12/05/22 19:26:51:0995472] [DEBUG]: Spooler requested update
[12/05/22 19:26:51:1608541] [DEBUG]: Recieving packet from Spooler of len 2
[12/05/22 19:26:51:1614379] [DEBUG]: Spooler requested update
[12/05/22 19:26:51:2226270] [DEBUG]: Recieving packet from Spooler of len 2
[12/05/22 19:26:51:2231989] [DEBUG]: Spooler requested update
[12/05/22 19:26:51:2836822] [DEBUG]: Recieving packet from Spooler of len 2
[12/05/22 19:26:51:2842700] [DEBUG]: Spooler requested update
[12/05/22 19:26:51:3459186] [DEBUG]: Recieving packet from Spooler of len 2
[12/05/22 19:26:51:3464552] [DEBUG]: Spooler requested update
[12/05/22 19:26:51:4069094] [DEBUG]: Recieving packet from Spooler of len 2
[12/05/22 19:26:51:4074649] [DEBUG]: Spooler requested update
[12/05/22 19:26:51:4694688] [DEBUG]: Recieving packet from Spooler of len 2
[12/05/22 19:26:51:4701406] [DEBUG]: Spooler requested update
[12/05/22 19:26:51:5311624] [DEBUG]: Recieving packet from Spooler of len 2
[12/05/22 19:26:51:5317864] [DEBUG]: Spooler requested update
[12/05/22 19:26:51:5916850] [DEBUG]: Recieving packet from Spooler of len 2
[12/05/22 19:26:52:1459404] [DEBUG]: Spooler requested update
[12/05/22 19:26:52:2078546] [DEBUG]: Recieving packet from Spooler of len 2
[12/05/22 19:26:52:2084594] [DEBUG]: Spooler requested update
[12/05/22 19:26:52:2698440] [DEBUG]: Recieving packet from Spooler of len 2
[12/05/22 19:26:52:2704382] [DEBUG]: Spooler requested update
[12/05/22 19:26:52:3313565] [DEBUG]: Recieving packet from Spooler of len 2
[12/05/22 19:26:52:3320476] [DEBUG]: Spooler requested update
[12/05/22 19:26:52:3933624] [DEBUG]: Recieving packet from Spooler of len 2
[12/05/22 19:26:52:3940249] [DEBUG]: Spooler requested update
[12/05/22 19:26:52:4540823] [DEBUG]: Recieving packet from Spooler of len 2
[12/05/22 19:26:52:4546710] [DEBUG]: Spooler requested update
[12/05/22 19:26:52:5155247] [DEBUG]: Recieving packet from Spooler of len 2
[12/05/22 19:26:52:5162008] [DEBUG]: Spooler requested update
[12/05/22 19:26:52:5766745] [DEBUG]: Recieving packet from Spooler of len 2
[12/05/22 19:26:52:5772247] [DEBUG]: Spooler requested update
[12/05/22 19:26:52:6391751] [DEBUG]: Recieving packet from Spooler of len 2
[12/05/22 19:26:52:6397425] [DEBUG]: Spooler requested update
[12/05/22 19:26:52:7013954] [DEBUG]: Recieving packet from Spooler of len 2
[12/05/22 19:26:52:7020631] [DEBUG]: Spooler requested update
[12/05/22 19:26:52:7618839] [DEBUG]: Recieving packet from Spooler of len 2
[12/05/22 19:26:52:7625695] [DEBUG]: Spooler requested update
[12/05/22 19:26:52:8238026] [DEBUG]: Recieving packet from Spooler of len 2
[12/05/22 19:26:52:8243992] [DEBUG]: Spooler requested update
[12/05/22 19:26:52:8860502] [DEBUG]: Recieving packet from Spooler of len 2
[12/05/22 19:26:52:8866401] [DEBUG]: Spooler requested update
[12/05/22 19:26:52:9110252] [WARN ]: Shutting down environment and logger
[12/05/22 19:26:52:9115206] [WARN ]: Shutting down logging
