[12/05/22 18:19:27:9249785] [INFO ]: Logging started
[12/05/22 18:19:27:9371133] [INFO ]: Starting Spooler receive
[12/05/22 18:19:28:3941314] [DEBUG]: Recieving packet from Spooler of len 2
[12/05/22 18:19:28:3946063] [INFO ]: Spooler requested update
[12/05/22 18:19:28:4691457] [DEBUG]: Recieving packet from Spooler of len 2
[12/05/22 18:19:28:4693578] [INFO ]: Spooler requested update
[12/05/22 18:19:28:5319913] [DEBUG]: Recieving packet from Spooler of len 2
[12/05/22 18:19:28:5321937] [INFO ]: Spooler requested update
[12/05/22 18:19:28:5941336] [DEBUG]: Recieving packet from Spooler of len 2
[12/05/22 18:19:28:5943571] [INFO ]: Spooler requested update
[12/05/22 18:19:28:6553719] [DEBUG]: Recieving packet from Spooler of len 2
[12/05/22 18:19:28:6555990] [INFO ]: Spooler requested update
[12/05/22 18:19:28:7173968] [DEBUG]: Recieving packet from Spooler of len 2
[12/05/22 18:19:28:7175714] [INFO ]: Spooler requested update
[12/05/22 18:19:28:7793513] [DEBUG]: Recieving packet from Spooler of len 2
[12/05/22 18:19:28:7795551] [INFO ]: Spooler requested update
[12/05/22 18:19:28:8403118] [DEBUG]: Recieving packet from Spooler of len 2
[12/05/22 18:19:28:8405285] [INFO ]: Spooler requested update
[12/05/22 18:19:28:9020844] [DEBUG]: Recieving packet from Spooler of len 2
[12/05/22 18:19:28:9022979] [INFO ]: Spooler requested update
[12/05/22 18:19:28:9640145] [DEBUG]: Recieving packet from Spooler of len 2
[12/05/22 18:19:28:9642661] [INFO ]: Spooler requested update
[12/05/22 18:19:29:0248167] [DEBUG]: Recieving packet from Spooler of len 2
[12/05/22 18:19:29:0249993] [INFO ]: Spooler requested update
[12/05/22 18:19:29:0855634] [DEBUG]: Recieving packet from Spooler of len 2
[12/05/22 18:19:29:0857643] [INFO ]: Spooler requested update
[12/05/22 18:19:29:1489475] [DEBUG]: Recieving packet from Spooler of len 2
[12/05/22 18:19:29:1491609] [INFO ]: Spooler requested update
[12/05/22 18:19:29:2099574] [DEBUG]: Recieving packet from Spooler of len 2
[12/05/22 18:19:29:2108366] [INFO ]: Spooler requested update
[12/05/22 18:19:29:2707308] [DEBUG]: Recieving packet from Spooler of len 2
[12/05/22 18:19:29:2714391] [INFO ]: Spooler requested update
[12/05/22 18:19:29:3330893] [DEBUG]: Recieving packet from Spooler of len 2
[12/05/22 18:19:29:3337864] [INFO ]: Spooler requested update
[12/05/22 18:19:29:3953253] [DEBUG]: Recieving packet from Spooler of len 2
[12/05/22 18:19:29:3960429] [INFO ]: Spooler requested update
[12/05/22 18:19:29:4561455] [DEBUG]: Recieving packet from Spooler of len 2
[12/05/22 18:19:29:4570309] [INFO ]: Spooler requested update
[12/05/22 18:19:29:5180667] [DEBUG]: Recieving packet from Spooler of len 2
[12/05/22 18:19:29:5191362] [INFO ]: Spooler requested update
[12/05/22 18:19:29:5799917] [DEBUG]: Recieving packet from Spooler of len 2
[12/05/22 18:19:29:5806646] [INFO ]: Spooler requested update
[12/05/22 18:19:29:6410108] [DEBUG]: Recieving packet from Spooler of len 2
[12/05/22 18:19:29:6416577] [INFO ]: Spooler requested update
[12/05/22 18:19:29:7026448] [DEBUG]: Recieving packet from Spooler of len 2
[12/05/22 18:19:29:7033298] [INFO ]: Spooler requested update
[12/05/22 18:19:29:7643769] [DEBUG]: Recieving packet from Spooler of len 2
[12/05/22 18:19:29:7649869] [INFO ]: Spooler requested update
[12/05/22 18:19:29:8278480] [DEBUG]: Recieving packet from Spooler of len 2
[12/05/22 18:19:29:8289211] [INFO ]: Spooler requested update
[12/05/22 18:19:29:8893755] [DEBUG]: Recieving packet from Spooler of len 2
[12/05/22 18:19:29:8900615] [INFO ]: Spooler requested update
[12/05/22 18:19:29:9663501] [DEBUG]: Recieving packet from Spooler of len 2
[12/05/22 18:19:29:9671960] [INFO ]: Spooler requested update
[12/05/22 18:19:30:0295043] [DEBUG]: Recieving packet from Spooler of len 2
[12/05/22 18:19:30:0303502] [INFO ]: Spooler requested update
[12/05/22 18:19:30:0895028] [DEBUG]: Recieving packet from Spooler of len 2
[12/05/22 18:19:30:0903787] [INFO ]: Spooler requested update
[12/05/22 18:19:30:1500804] [DEBUG]: Recieving packet from 