[16/05/22 13:59:15:8757792] [INFO ]: Logging started
[16/05/22 13:59:15:9520977] [INFO ]: Starting Load Balancer
[16/05/22 13:59:16:1092717] [INFO ]: Waiting for Load Balancer response
[16/05/22 13:59:16:1181998] [INFO ]: Accepting client
[16/05/22 13:59:16:1439272] [INFO ]: Accepting connection
[16/05/22 13:59:16:5773146] [INFO ]: Connection established
[16/05/22 13:59:16:5799171] [INFO ]: Connected in 463ms
[16/05/22 13:59:16:5806257] [INFO ]: Starting Matchmaker
[16/05/22 13:59:16:6626587] [INFO ]: Waiting for Matchmaker response
[16/05/22 13:59:16:6635675] [INFO ]: Accepting client
[16/05/22 13:59:16:6666265] [INFO ]: Accepting connection
[16/05/22 13:59:17:0855129] [INFO ]: Connection established
[16/05/22 13:59:17:0873755] [INFO ]: Connected in 423ms
[16/05/22 13:59:17:1091173] [INFO ]: Starting lobby 0 on port 10123
[16/05/22 13:59:17:2216220] [INFO ]: Accepting client
[16/05/22 13:59:17:2270078] [INFO ]: Accepting connection
[16/05/22 13:59:17:7409872] [INFO ]: Connection established
[16/05/22 13:59:17:7587246] [INFO ]: Starting game server 0 on port 20123
[16/05/22 13:59:17:8856807] [INFO ]: Accepting client
[16/05/22 13:59:17:8898104] [INFO ]: Accepting connection
[16/05/22 13:59:18:3004070] [INFO ]: Connection established
[16/05/22 13:59:18:3051360] [INFO+]: ----------INFO START----------
[16/05/22 13:59:18:3058851] [INFO ]: Full update took [1212ms]
[16/05/22 13:59:18:3061993] [INFO ]: Starting Lobby Servers took [646ms]
[16/05/22 13:59:18:3072486] [INFO ]: Stopping Lobby Servers took [0ms]
[16/05/22 13:59:18:3077742] [INFO ]: Starting Game Servers took [546ms]
[16/05/22 13:59:18:3082139] [INFO ]: Starting Game Servers took [0ms]
[16/05/22 13:59:18:3086523] [INFO ]: 
[16/05/22 13:59:18:3089882] [INFO ]: Server Spooler:
[16/05/22 13:59:18:3093442] [INFO ]:  | >IP: 127.0.0.1:5105
[16/05/22 13:59:18:3095731] [INFO ]:  |
[16/05/22 13:59:18:3099472] [INFO ]: Load Balancer [9ms]:
[16/05/22 13:59:18:3103364] [INFO ]:  | >IP: 127.0.0.1:7107
[16/05/22 13:59:18:3107133] [INFO ]:  | >Queue Length: 0
[16/05/22 13:59:18:3110478] [INFO ]:  |
[16/05/22 13:59:18:3113303] [INFO ]: Lobby Servers [0ms]: 
[16/05/22 13:59:18:3116416] [INFO ]:  | Lobby Server [0] [0ms]: 
[16/05/22 13:59:18:3119588] [INFO ]:  | | >IP: 127.0.0.1:10123
[16/05/22 13:59:18:3122944] [INFO ]:  | | >Fill Level: 0/2
[16/05/22 13:59:18:3126080] [INFO ]:  |
[16/05/22 13:59:18:3129137] [INFO ]: Matchmaker [8ms]:
[16/05/22 13:59:18:3132152] [INFO ]:  | >IP: 127.0.0.1:6106
[16/05/22 13:59:18:3135336] [INFO ]:  | >Queue Length: 0
[16/05/22 13:59:18:3138183] [INFO ]:  |
[16/05/22 13:59:18:3141149] [INFO ]: Game Servers [0ms]: 
[16/05/22 13:59:18:3144228] [INFO ]:  | Game Server [0] [0ms]: 
[16/05/22 13:59:18:3147220] [INFO ]:  | | >IP: 127.0.0.1:20123
[16/05/22 13:59:18:3150106] [INFO ]:  | | >Fill Level: 0/2
[16/05/22 13:59:18:3152968] [INFO ]: ----------INFO ENDS----------
[16/05/22 13:59:19:3545894] [INFO+]: ----------INFO START----------
[16/05/22 13:59:19:3749456] [INFO ]: Full update took [0ms]
[16/05/22 13:59:19:3820738] [INFO ]: Starting Lobby Servers took [0ms]
[16/05/22 13:59:19:3848917] [INFO ]: Stopping Lobby Servers took [0ms]
[16/05/22 13:59:19:3858308] [INFO ]: Starting Game Servers took [0ms]
[16/05/22 13:59:19:3865643] [INFO ]: Starting Game Servers took [0ms]
[16/05/22 13:59:19:3873509] [INFO ]: 
[16/05/22 13:59:19:3909416] [INFO ]: Server Spooler:
[16/05/22 13:59:19:3937183] [INFO ]:  | >IP: 127.0.0.1:5105
[16/05/22 13:59:19:3955585] [INFO ]:  |
[16/05/22 13:59:19:3968119] [INFO ]: Load Balancer [0ms]:
[16/05/22 13:59:19:3975967] [INFO ]:  | >IP: 127.0.0.1:7107
[16/05/22 13:59:19:3983084] [INFO ]:  | >Queue Length: 0
[16/05/22 13:59:19:3990391] [INFO ]:  |
[16/05/22 13:59:19:3997500] [INFO ]: Lobby Servers [0ms]: 
[16/05/22 13:59:19:4005052] [INFO ]:  | Lobby Server [0] [0ms]: 
[16/05/22 13:59:19:4013235] [INFO ]:  | | >IP: 127.0.0.1:10123
[16/05/22 13:59:19:4020400] [INFO ]:  | | >Fill Level: 0/2
[16/05/22 13:59:19:4027458] [INFO ]:  |
[16/05/22 13:59:19:4035559] [INFO ]: Matchmaker [0ms]:
[16/05/22 13:59:19:4042659] [INFO ]:  | >IP: 127.0.0.1:6106
[16/05/22 13:59:19:4059202] [INFO ]:  | >Queue Length: 0
[16/05/22 13:59:19:4068259] [INFO ]:  |
[16/05/22 13:59:19:4078491] [INFO ]: Game Servers [0ms]: 
[16/05/22 13:59:19:4101325] [INFO ]:  | Game Server [0] [0ms]: 
[16/05/22 13:59:19:4109989] [INFO ]:  | | >IP: 127.0.0.1:20123
[16/05/22 13:59:19:4117464] [INFO ]:  | | >Fill Level: 0/2
[16/05/22 13:59:19:4124636] [INFO ]: ----------INFO ENDS----------
[16/05/22 13:59:20:4411913] [INFO+]: ----------INFO START----------
[16/05/22 13:59:20:4424347] [INFO ]: Full update took [0ms]
[16/05/22 13:59:20:4430227] [INFO ]: Starting Lobby Servers took [0ms]
[16/05/22 13:59:20:4436596] [INFO ]: Stopping Lobby Servers took [0ms]
[16/05/22 13:59:20:4442777] [INFO ]: Starting Game Servers took [0ms]
[16/05/22 13:59:20:4449153] [INFO ]: Starting Game Servers took [0ms]
[16/05/22 13:59:20:4455264] [INFO ]: 
[16/05/22 13:59:20:4461123] [INFO ]: Server Spooler:
[16/05/22 13:59:20:4467136] [INFO ]:  | >IP: 127.0.0.1:5105
[16/05/22 13:59:20:4473397] [INFO ]:  |
[16/05/22 13:59:20:4479580] [INFO ]: Load Balancer [0ms]:
[16/05/22 13:59:20:4485234] [INFO ]:  | >IP: 127.0.0.1:7107
[16/05/22 13:59:20:4491568] [INFO ]:  | >Queue Length: 0
[16/05/22 13:59:20:4497752] [INFO ]:  |
[16/05/22 13:59:20:4543027] [INFO ]: Lobby Servers [0ms]: 
[16/05/22 13:59:20:4552387] [INFO ]:  | Lobby Server [0] [0ms]: 
[16/05/22 13:59:20:4558823] [INFO ]:  | | >IP: 127.0.0.1:10123
[16/05/22 13:59:20:4565906] [INFO ]:  | | >Fill Level: 0/2
[16/05/22 13:59:20:4572735] [INFO ]:  |
[16/05/22 13:59:20:4579138] [INFO ]: Matchmaker [0ms]:
[16/05/22 13:59:20:4585245] [INFO ]:  | >IP: 127.0.0.1:6106
[16/05/22 13:59:20:4594041] [INFO ]:  | >Queue Length: 0
[16/05/22 13:59:20:4600596] [INFO ]:  |
[16/05/22 13:59:20:4606702] [INFO ]: Game Servers [0ms]: 
[16/05/22 13:59:20:4612686] [INFO ]:  | Game Server [0] [0ms]: 
[16/05/22 13:59:20:4619133] [INFO ]:  | | >IP: 127.0.0.1:20123
[16/05/22 13:59:20:4625513] [INFO ]:  | | >Fill Level: 0/2
[16/05/22 13:59:20:4631868] [INFO ]: ----------INFO ENDS----------
[16/05/22 13:59:21:5234469] [INFO+]: ----------INFO START----------
[16/05/22 13:59:21:5248081] [INFO ]: Full update took [0ms]
[16/05/22 13:59:21:5254589] [INFO ]: Starting Lobby Servers took [0ms]
[16/05/22 13:59:21:5262139] [INFO ]: Stopping Lobby Servers took [0ms]
[16/05/22 13:59:21:5269597] [INFO ]: Starting Game Servers took [0ms]
[16/05/22 13:59:21:5276338] [INFO ]: Starting Game Servers took [0ms]
[16/05/22 13:59:21:5284532] [INFO ]: 
[16/05/22 13:59:21:5290662] [INFO ]: Server Spooler:
[16/05/22 13:59:21:5296983] [INFO ]:  | >IP: 127.0.0.1:5105
[16/05/22 13:59:21:5304195] [INFO ]:  |
[16/05/22 13:59:21:5310770] [INFO ]: Load Balancer [0ms]:
[16/05/22 13:59:21:5317638] [INFO ]:  | >IP: 127.0.0.1:7107
[16/05/22 13:59:21:5323754] [INFO ]:  | >Queue Length: 0
[16/05/22 13:59:21:5329920] [INFO ]:  |
[16/05/22 13:59:21:5335786] [INFO ]: Lobby Servers [0ms]: 
[16/05/22 13:59:21:5341931] [INFO ]:  | Lobby Server [0] [0ms]: 
[16/05/22 13:59:21:5348221] [INFO ]:  | | >IP: 127.0.0.1:10123
[16/05/22 13:59:21:5354434] [INFO ]:  | | >Fill Level: 0/2
[16/05/22 13:59:21:5361332] [INFO ]:  |
[16/05/22 13:59:21:5368131] [INFO ]: Matchmaker [0ms]:
[16/05/22 13:59:21:5374442] [INFO ]:  | >IP: 127.0.0.1:6106
[16/05/22 13:59:21:5381674] [INFO ]:  | >Queue Length: 0
[16/05/22 13:59:21:5388103] [INFO ]:  |
[16/05/22 13:59:21:5394002] [INFO ]: Game Servers [0ms]: 
[16/05/22 13:59:21:5400417] [INFO ]:  | Game Server [0] [0ms]: 
[16/05/22 13:59:21:5406845] [INFO ]:  | | >IP: 127.0.0.1:20123
[16/05/22 13:59:21:5415731] [INFO ]:  | | >Fill Level: 0/2
[16/05/22 13:59:21:5421758] [INFO ]: ----------INFO ENDS----------
[16/05/22 13:59:22:5529448] [INFO+]: ----------INFO START----------
[16/05/22 13:59:22:5542079] [INFO ]: Full update took [0ms]
[16/05/22 13:59:22:5548086] [INFO ]: Starting Lobby Servers took [0ms]
[16/05/22 13:59:22:5555326] [INFO ]: Stopping Lobby Servers took [0ms]
[16/05/22 13:59:22:5562263] [INFO ]: Starting Game Servers took [0ms]
[16/05/22 13:59:22:5568605] [INFO ]: Starting Game Servers took [0ms]
[16/05/22 13:59:22:5574537] [INFO ]: 
[16/05/22 13:59:22:5580571] [INFO ]: Server Spooler:
[16/05/22 13:59:22:5589047] [INFO ]:  | >IP: 127.0.0.1:5105
[16/05/22 13:59:22:5595805] [INFO ]:  |
[16/05/22 13:59:22:5601876] [INFO ]: Load Balancer [0ms]:
[16/05/22 13:59:22:5608418] [INFO ]:  | >IP: 127.0.0.1:7107
[16/05/22 13:59:22:5615557] [INFO ]:  | >Queue Length: 0
[16/05/22 13:59:22:5621860] [INFO ]:  |
[16/05/22 13:59:22:5629038] [INFO ]: Lobby Servers [0ms]: 
[16/05/22 13:59:22:5635740] [INFO ]:  | Lobby Server [0] [0ms]: 
[16/05/22 13:59:22:5641952] [INFO ]:  | | >IP: 127.0.0.1:10123
[16/05/22 13:59:22:5649173] [INFO ]:  | | >Fill Level: 0/2
[16/05/22 13:59:22:5655942] [INFO ]:  |
[16/05/22 13:59:22:5662671] [INFO ]: Matchmaker [0ms]:
[16/05/22 13:59:22:5669322] [INFO ]:  | >IP: 127.0.0.1:6106
[16/05/22 13:59:22:5675791] [INFO ]:  | >Queue Length: 0
[16/05/22 13:59:22:5682607] [INFO ]:  |
[16/05/22 13:59:22:5689143] [INFO ]: Game Servers [0ms]: 
[16/05/22 13:59:22:5695881] [INFO ]:  | Game Server [0] [0ms]: 
[16/05/22 13:59:22:5702275] [INFO ]:  | | >IP: 127.0.0.1:20123
[16/05/22 13:59:22:5710585] [INFO ]:  | | >Fill Level: 0/2
[16/05/22 13:59:22:5722671] [INFO ]: ----------INFO ENDS----------
[16/05/22 13:59:23:5957326] [INFO+]: ----------INFO START----------
[16/05/22 13:59:23:5972316] [INFO ]: Full update took [0ms]
[16/05/22 13:59:23:5980008] [INFO ]: Starting Lobby Servers took [0ms]
[16/05/22 13:59:23:5986433] [INFO ]: Stopping Lobby Servers took [0ms]
[16/05/22 13:59:23:5993598] [INFO ]: Starting Game Servers took [0ms]
[16/05/22 13:59:23:6000328] [INFO ]: Starting Game Servers took [0ms]
[16/05/22 13:59:23:6008958] [INFO ]: 
[16/05/22 13:59:23:6015746] [INFO ]: Server Spooler:
[16/05/22 13:59:23:6022427] [INFO ]:  | >IP: 127.0.0.1:5105
[16/05/22 13:59:23:6028978] [INFO ]:  |
[16/05/22 13:59:23:6035349] [INFO ]: Load Balancer [0ms]:
[16/05/22 13:59:23:6043989] [INFO ]:  | >IP: 127.0.0.1:7107
[16/05/22 13:59:23:6050806] [INFO ]:  | >Queue Length: 0
[16/05/22 13:59:23:6057203] [INFO ]:  |
[16/05/22 13:59:23:6063648] [INFO ]: Lobby Servers [0ms]: 
[16/05/22 13:59:23:6070253] [INFO ]:  | Lobby Server [0] [0ms]: 
[16/05/22 13:59:23:6077128] [INFO ]:  | | >IP: 127.0.0.1:10123
[16/05/22 13:59:23:6083965] [INFO ]:  | | >Fill Level: 0/2
[16/05/22 13:59:23:6093324] [INFO ]:  |
[16/05/22 13:59:23:6099784] [INFO ]: Matchmaker [0ms]:
[16/05/22 13:59:23:6106762] [INFO ]:  | >IP: 127.0.0.1:6106
[16/05/22 13:59:23:6112934] [INFO ]:  | >Queue Length: 0
[16/05/22 13:59:23:6120202] [INFO ]:  |
[16/05/22 13:59:23:6127279] [INFO ]: Game Servers [0ms]: 
[16/05/22 13:59:23:6134000] [INFO ]:  | Game Server [0] [0ms]: 
[16/05/22 13:59:23:6140148] [INFO ]:  | | >IP: 127.0.0.1:20123
[16/05/22 13:59:23:6146917] [INFO ]:  | | >Fill Level: 0/2
[16/05/22 13:59:23:6154492] [INFO ]: ----------INFO ENDS----------
[16/05/22 13:59:24:6221245] [INFO+]: ----------INFO START----------
[16/05/22 13:59:24:6236113] [INFO ]: Full update took [0ms]
[16/05/22 13:59:24:6242526] [INFO ]: Starting Lobby Servers took [0ms]
[16/05/22 13:59:24:6249805] [INFO ]: Stopping Lobby Servers took [0ms]
[16/05/22 13:59:24:6256899] [INFO ]: Starting Game Servers took [0ms]
[16/05/22 13:59:24:6262957] [INFO ]: Starting Game Servers took [0ms]
[16/05/22 13:59:24:6270859] [INFO ]: 
[16/05/22 13:59:24:6278563] [INFO ]: Server Spooler:
[16/05/22 13:59:24:6285185] [INFO ]:  | >IP: 127.0.0.1:5105
[16/05/22 13:59:24:6291548] [INFO ]:  |
[16/05/22 13:59:24:6298511] [INFO ]: Load Balancer [0ms]:
[16/05/22 13:59:24:6305061] [INFO ]:  | >IP: 127.0.0.1:7107
[16/05/22 13:59:24:6312336] [INFO ]:  | >Queue Length: 0
[16/05/22 13:59:24:6319525] [INFO ]:  |
[16/05/22 13:59:24:6326622] [INFO ]: Lobby Servers [0ms]: 
[16/05/22 13:59:24:6333399] [INFO ]:  | Lobby Server [0] [0ms]: 
[16/05/22 13:59:24:6339953] [INFO ]:  | | >IP: 127.0.0.1:10123
[16/05/22 13:59:24:6346319] [INFO ]:  | | >Fill Level: 0/2
[16/05/22 13:59:24:6353169] [INFO ]:  |
[16/05/22 13:59:24:6359705] [INFO ]: Matchmaker [0ms]:
[16/05/22 13:59:24:6366929] [INFO ]:  | >IP: 127.0.0.1:6106
[16/05/22 13:59:24:6373967] [INFO ]:  | >Queue Length: 0
[16/05/22 13:59:24:6380258] [INFO ]:  |
[16/05/22 13:59:24:6386833] [INFO ]: Game Servers [0ms]: 
[16/05/22 13:59:24:6395440] [INFO ]:  | Game Server [0] [0ms]: 
[16/05/22 13:59:24:6401594] [INFO ]:  | | >IP: 127.0.0.1:20123
[16/05/22 13:59:24:6408565] [INFO ]:  | | >Fill Level: 0/2
[16/05/22 13:59:24:6415567] [INFO ]: ----------INFO ENDS----------
[16/05/22 13:59:25:6838708] [INFO+]: ----------INFO START----------
[16/05/22 13:59:25:6851192] [INFO ]: Full update took [0ms]
[16/05/22 13:59:25:6857740] [INFO ]: Starting Lobby Servers took [0ms]
[16/05/22 13:59:25:6864835] [INFO ]: Stopping Lobby Servers took [0ms]
[16/05/22 13:59:25:6876334] [INFO ]: Starting Game Servers took [0ms]
[16/05/22 13:59:25:6884149] [INFO ]: Starting Game Servers took [0ms]
[16/05/22 13:59:25:6893203] [INFO ]: 
[16/05/22 13:59:25:6899806] [INFO ]: Server Spooler:
[16/05/22 13:59:25:6906645] [INFO ]:  | >IP: 127.0.0.1:5105
[16/05/22 13:59:25:6913397] [INFO ]:  |
[16/05/22 13:59:25:6919799] [INFO ]: Load Balancer [0ms]:
[16/05/22 13:59:25:6925970] [INFO ]:  | >IP: 127.0.0.1:7107
[16/05/22 13:59:25:6932945] [INFO ]:  | >Queue Length: 0
[16/05/22 13:59:25:6939780] [INFO ]:  |
[16/05/22 13:59:25:6946687] [INFO ]: Lobby Servers [0ms]: 
[16/05/22 13:59:25:6954091] [INFO ]:  | Lobby Server [0] [0ms]: 
[16/05/22 13:59:25:6960781] [INFO ]:  | | >IP: 127.0.0.1:10123
[16/05/22 13:59:25:6966567] [INFO ]:  | | >Fill Level: 0/2
[16/05/22 13:59:25:6973553] [INFO ]:  |
[16/05/22 13:59:25:6980461] [INFO ]: Matchmaker [0ms]:
[16/05/22 13:59:25:6987339] [INFO ]:  | >IP: 127.0.0.1:6106
[16/05/22 13:59:25:6994376] [INFO ]:  | >Queue Length: 0
[16/05/22 13:59:25:7004300] [INFO ]:  |
[16/05/22 13:59:25:7010220] [INFO ]: Game Servers [0ms]: 
[16/05/22 13:59:25:7016314] [INFO ]:  | Game Server [0] [0ms]: 
[16/05/22 13:59:25:7022747] [INFO ]:  | | >IP: 127.0.0.1:20123
[16/05/22 13:59:25:7029588] [INFO ]:  | | >Fill Level: 0/2
[16/05/22 13:59:25:7039778] [INFO ]: ----------INFO ENDS----------
[16/05/22 13:59:26:3508691] [INFO ]: Starting lobby 1 on port 10124
[16/05/22 13:59:26:3805951] [INFO ]: Accepting client
[16/05/22 13:59:26:3811055] [INFO ]: Accepting connection
[16/05/22 13:59:26:6528206] [INFO ]: Connection established
[16/05/22 13:59:26:7183222] [INFO+]: ----------INFO START----------
[16/05/22 13:59:26:7195655] [INFO ]: Full update took [0ms]
[16/05/22 13:59:26:7206863] [INFO ]: Starting Lobby Servers took [0ms]
[16/05/22 13:59:26:7214424] [INFO ]: Stopping Lobby Servers took [0ms]
[16/05/22 13:59:26:7221945] [INFO ]: Starting Game Servers took [0ms]
[16/05/22 13:59:26:7229531] [INFO ]: Starting Game Servers took [0ms]
[16/05/22 13:59:26:7236690] [INFO ]: 
[16/05/22 13:59:26:7243389] [INFO ]: Server Spooler:
[16/05/22 13:59:26:7250679] [INFO ]:  | >IP: 127.0.0.1:5105
[16/05/22 13:59:26:7256679] [INFO ]:  |
[16/05/22 13:59:26:7263187] [INFO ]: Load Balancer [0ms]:
[16/05/22 13:59:26:7269943] [INFO ]:  | >IP: 127.0.0.1:7107
[16/05/22 13:59:26:7276100] [INFO ]:  | >Queue Length: 0
[16/05/22 13:59:26:7282266] [INFO ]:  |
[16/05/22 13:59:26:7288841] [INFO ]: Lobby Servers [10ms]: 
[16/05/22 13:59:26:7295659] [INFO ]:  | Lobby Server [0] [0ms]: 
[16/05/22 13:59:26:7302574] [INFO ]:  | | >IP: 127.0.0.1:10123
[16/05/22 13:59:26:7309151] [INFO ]:  | | >Fill Level: 1/2
[16/05/22 13:59:26:7315521] [INFO ]:  | Lobby Server [1] [9ms]: 
[16/05/22 13:59:26:7321776] [INFO ]:  | | >IP: 127.0.0.1:10124
[16/05/22 13:59:26:7328753] [INFO ]:  | | >Fill Level: 0/2
[16/05/22 13:59:26:7335122] [INFO ]:  |
[16/05/22 13:59:26:7341674] [INFO ]: Matchmaker [2ms]:
[16/05/22 13:59:26:7348174] [INFO ]:  | >IP: 127.0.0.1:6106
[16/05/22 13:59:26:7354967] [INFO ]:  | >Queue Length: 0
[16/05/22 13:59:26:7361597] [INFO ]:  |
[16/05/22 13:59:26:7371101] [INFO ]: Game Servers [0ms]: 
[16/05/22 13:59:26:7377869] [INFO ]:  | Game Server [0] [0ms]: 
[16/05/22 13:59:26:7400460] [INFO ]:  | | >IP: 127.0.0.1:20123
[16/05/22 13:59:26:7411754] [INFO ]:  | | >Fill Level: 0/2
[16/05/22 13:59:26:7418534] [INFO ]: ----------INFO ENDS----------
[16/05/22 13:59:27:7791485] [INFO+]: ----------INFO START----------
[16/05/22 13:59:27:7803445] [INFO ]: Full update took [0ms]
[16/05/22 13:59:27:7811812] [INFO ]: Starting Lobby Servers took [0ms]
[16/05/22 13:59:27:7820191] [INFO ]: Stopping Lobby Servers took [0ms]
[16/05/22 13:59:27:7828285] [INFO ]: Starting Game Servers took [0ms]
[16/05/22 13:59:27:7836318] [INFO ]: Starting Game Servers took [0ms]
[16/05/22 13:59:27:7844292] [INFO ]: 
[16/05/22 13:59:27:7852941] [INFO ]: Server Spooler:
[16/05/22 13:59:27:7863865] [INFO ]:  | >IP: 127.0.0.1:5105
[16/05/22 13:59:27:7871528] [INFO ]:  |
[16/05/22 13:59:27:7878815] [INFO ]: Load Balancer [0ms]:
[16/05/22 13:59:27:7886474] [INFO ]:  | >IP: 127.0.0.1:7107
[16/05/22 13:59:27:7894538] [INFO ]:  | >Queue Length: 0
[16/05/22 13:59:27:7902152] [INFO ]:  |
[16/05/22 13:59:27:7909769] [INFO ]: Lobby Servers [0ms]: 
[16/05/22 13:59:27:7917392] [INFO ]:  | Lobby Server [0] [0ms]: 
[16/05/22 13:59:27:7928200] [INFO ]:  | | >IP: 127.0.0.1:10123
[16/05/22 13:59:27:7935242] [INFO ]:  | | >Fill Level: 1/2
[16/05/22 13:59:27:7942975] [INFO ]:  | Lobby Server [1] [0ms]: 
[16/05/22 13:59:27:7950563] [INFO ]:  | | >IP: 127.0.0.1:10124
[16/05/22 13:59:27:7957636] [INFO ]:  | | >Fill Level: 0/2
[16/05/22 13:59:27:7966011] [INFO ]:  |
[16/05/22 13:59:27:7973378] [INFO ]: Matchmaker [0ms]:
[16/05/22 13:59:27:7980301] [INFO ]:  | >IP: 127.0.0.1:6106
[16/05/22 13:59:27:7987835] [INFO ]:  | >Queue Length: 0
[16/05/22 13:59:27:7995554] [INFO ]:  |
[16/05/22 13:59:27:8003238] [INFO ]: Game Servers [0ms]: 
[16/05/22 13:59:27:8010504] [INFO ]:  | Game Server [0] [0ms]: 
[16/05/22 13:59:27:8017530] [INFO ]:  | | >IP: 127.0.0.1:20123
[16/05/22 13:59:27:8024938] [INFO ]:  | | >Fill Level: 0/2
[16/05/22 13:59:27:8034219] [INFO ]: ----------INFO ENDS----------
[16/05/22 13:59:28:8524460] [INFO+]: ----------INFO START----------
[16/05/22 13:59:28:8528669] [INFO ]: Full update took [0ms]
[16/05/22 13:59:28:8535895] [INFO ]: Starting Lobby Servers took [0ms]
[16/05/22 13:59:28:8539586] [INFO ]: Stopping Lobby Servers took [0ms]
[16/05/22 13:59:28:8542264] [INFO ]: Starting Game Servers took [0ms]
[16/05/22 13:59:28:8544807] [INFO ]: Starting Game Servers took [0ms]
[16/05/22 13:59:28:8547471] [INFO ]: 
[16/05/22 13:59:28:8549925] [INFO ]: Server Spooler:
[16/05/22 13:59:28:8552413] [INFO ]:  | >IP: 127.0.0.1:5105
[16/05/22 13:59:28:8554939] [INFO ]:  |
[16/05/22 13:59:28:8557367] [INFO ]: Load Balancer [0ms]:
[16/05/22 13:59:28:8559902] [INFO ]:  | >IP: 127.0.0.1:7107
[16/05/22 13:59:28:8562378] [INFO ]:  | >Queue Length: 0
[16/05/22 13:59:28:8565041] [INFO ]:  |
[16/05/22 13:59:28:8567401] [INFO ]: Lobby Servers [0ms]: 
[16/05/22 13:59:28:8569829] [INFO ]:  | Lobby Server [0] [0ms]: 
[16/05/22 13:59:28:8572344] [INFO ]:  | | >IP: 127.0.0.1:10123
[16/05/22 13:59:28:8574683] [INFO ]:  | | >Fill Level: 1/2
[16/05/22 13:59:28:8577282] [INFO ]:  | Lobby Server [1] [0ms]: 
[16/05/22 13:59:28:8579994] [INFO ]:  | | >IP: 127.0.0.1:10124
[16/05/22 13:59:28:8582624] [INFO ]:  | | >Fill Level: 0/2
[16/05/22 13:59:28:8585022] [INFO ]:  |
[16/05/22 13:59:28:8587585] [INFO ]: Matchmaker [0ms]:
[16/05/22 13:59:28:8590042] [INFO ]:  | >IP: 127.0.0.1:6106
[16/05/22 13:59:28:8592478] [INFO ]:  | >Queue Length: 0
[16/05/22 13:59:28:8595047] [INFO ]:  |
[16/05/22 13:59:28:8597474] [INFO ]: Game Servers [0ms]: 
[16/05/22 13:59:28:8599913] [INFO ]:  | Game Server [0] [0ms]: 
[16/05/22 13:59:28:8602522] [INFO ]:  | | >IP: 127.0.0.1:20123
[16/05/22 13:59:28:8604925] [INFO ]:  | | >Fill Level: 0/2
[16/05/22 13:59:28:8607349] [INFO ]: ----------INFO ENDS----------
[16/05/22 13:59:29:9001779] [INFO+]: ----------INFO START----------
[16/05/22 13:59:29:9016545] [INFO ]: Full update took [0ms]
[16/05/22 13:59:29:9024533] [INFO ]: Starting Lobby Servers took [0ms]
[16/05/22 13:59:29:9031954] [INFO ]: Stopping Lobby Servers took [0ms]
[16/05/22 13:59:29:9038982] [INFO ]: Starting Game Servers took [0ms]
[16/05/22 13:59:29:9046020] [INFO ]: Starting Game Servers took [0ms]
[16/05/22 13:59:29:9054842] [INFO ]: 
[16/05/22 13:59:29:9061926] [INFO ]: Server Spooler:
[16/05/22 13:59:29:9068940] [INFO ]:  | >IP: 127.0.0.1:5105
[16/05/22 13:59:29:9075309] [INFO ]:  |
[16/05/22 13:59:29:9081754] [INFO ]: Load Balancer [0ms]:
[16/05/22 13:59:29:9087934] [INFO ]:  | >IP: 127.0.0.1:7107
[16/05/22 13:59:29:9094420] [INFO ]:  | >Queue Length: 0
[16/05/22 13:59:29:9100298] [INFO ]:  |
[16/05/22 13:59:29:9106486] [INFO ]: Lobby Servers [0ms]: 
[16/05/22 13:59:29:9112570] [INFO ]:  | Lobby Server [0] [0ms]: 
[16/05/22 13:59:29:9118956] [INFO ]:  | | >IP: 127.0.0.1:10123
[16/05/22 13:59:29:9129083] [INFO ]:  | | >Fill Level: 1/2
[16/05/22 13:59:29:9136078] [INFO ]:  | Lobby Server [1] [0ms]: 
[16/05/22 13:59:29:9142815] [INFO ]:  | | >IP: 127.0.0.1:10124
[16/05/22 13:59:29:9149738] [INFO ]:  | | >Fill Level: 0/2
[16/05/22 13:59:29:9157519] [INFO ]:  |
[16/05/22 13:59:29:9165344] [INFO ]: Matchmaker [0ms]:
[16/05/22 13:59:29:9172520] [INFO ]:  | >IP: 127.0.0.1:6106
[16/05/22 13:59:29:9179901] [INFO ]:  | >Queue Length: 0
[16/05/22 13:59:29:9187937] [INFO ]:  |
[16/05/22 13:59:29:9195950] [INFO ]: Game Servers [0ms]: 
[16/05/22 13:59:29:9203519] [INFO ]:  | Game Server [0] [0ms]: 
[16/05/22 13:59:29:9211502] [INFO ]:  | | >IP: 127.0.0.1:20123
[16/05/22 13:59:29:9220704] [INFO ]:  | | >Fill Level: 0/2
[16/05/22 13:59:29:9228266] [INFO ]: ----------INFO ENDS----------
[16/05/22 13:59:30:9445584] [INFO+]: ----------INFO START----------
[16/05/22 13:59:30:9452280] [INFO ]: Full update took [0ms]
[16/05/22 13:59:30:9455499] [INFO ]: Starting Lobby Servers took [0ms]
[16/05/22 13:59:30:9458685] [INFO ]: Stopping Lobby Servers took [0ms]
[16/05/22 13:59:30:9462026] [INFO ]: Starting Game Servers took [0ms]
[16/05/22 13:59:30:9465082] [INFO ]: Starting Game Servers took [0ms]
[16/05/22 13:59:30:9467943] [INFO ]: 
[16/05/22 13:59:30:9470920] [INFO ]: Server Spooler:
[16/05/22 13:59:30:9474227] [INFO ]:  | >IP: 127.0.0.1:5105
[16/05/22 13:59:30:9477364] [INFO ]:  |
[16/05/22 13:59:30:9480627] [INFO ]: Load Balancer [0ms]:
[16/05/22 13:59:30:9484057] [INFO ]:  | >IP: 127.0.0.1:7107
[16/05/22 13:59:30:9486863] [INFO ]:  | >Queue Length: 0
[16/05/22 13:59:30:9489793] [INFO ]:  |
[16/05/22 13:59:30:9492972] [INFO ]: Lobby Servers [0ms]: 
[16/05/22 13:59:30:9496028] [INFO ]:  | Lobby Server [0] [0ms]: 
[16/05/22 13:59:30:9499300] [INFO ]:  | | >IP: 127.0.0.1:10123
[16/05/22 13:59:30:9502384] [INFO ]:  | | >Fill Level: 1/2
[16/05/22 13:59:30:9505571] [INFO ]:  | Lobby Server [1] [0ms]: 
[16/05/22 13:59:30:9508663] [INFO ]:  | | >IP: 127.0.0.1:10124
[16/05/22 13:59:30:9512897] [INFO ]:  | | >Fill Level: 0/2
[16/05/22 13:59:30:9516017] [INFO ]:  |
[16/05/22 13:59:30:9519029] [INFO ]: Matchmaker [0ms]:
[16/05/22 13:59:30:9523720] [INFO ]:  | >IP: 127.0.0.1:6106
[16/05/22 13:59:30:9527613] [INFO ]:  | >Queue Length: 0
[16/05/22 13:59:30:9532010] [INFO ]:  |
[16/05/22 13:59:30:9537170] [INFO ]: Game Servers [0ms]: 
[16/05/22 13:59:30:9542566] [INFO ]:  | Game Server [0] [0ms]: 
[16/05/22 13:59:30:9546015] [INFO ]:  | | >IP: 127.0.0.1:20123
[16/05/22 13:59:30:9550284] [INFO ]:  | | >Fill Level: 0/2
[16/05/22 13:59:30:9557247] [INFO ]: ----------INFO ENDS----------
[16/05/22 13:59:31:9670307] [INFO+]: ----------INFO START----------
[16/05/22 13:59:31:9682709] [INFO ]: Full update took [0ms]
[16/05/22 13:59:31:9692517] [INFO ]: Starting Lobby Servers took [0ms]
[16/05/22 13:59:31:9699933] [INFO ]: Stopping Lobby Servers took [0ms]
[16/05/22 13:59:31:9714250] [INFO ]: Starting Game Servers took [0ms]
[16/05/22 13:59:31:9721334] [INFO ]: Starting Game Servers took [0ms]
[16/05/22 13:59:31:9727983] [INFO ]: 
[16/05/22 13:59:31:9734542] [INFO ]: Server Spooler:
[16/05/22 13:59:31:9741558] [INFO ]:  | >IP: 127.0.0.1:5105
[16/05/22 13:59:31:9748078] [INFO ]:  |
[16/05/22 13:59:31:9754907] [INFO ]: Load Balancer [0ms]:
[16/05/22 13:59:31:9761687] [INFO ]:  | >IP: 127.0.0.1:7107
[16/05/22 13:59:31:9768832] [INFO ]:  | >Queue Length: 0
[16/05/22 13:59:31:9775606] [INFO ]:  |
[16/05/22 13:59:31:9784991] [INFO ]: Lobby Servers [0ms]: 
[16/05/22 13:59:31:9791564] [INFO ]:  | Lobby Server [0] [0ms]: 
[16/05/22 13:59:31:9798102] [INFO ]:  | | >IP: 127.0.0.1:10123
[16/05/22 13:59:31:9804331] [INFO ]:  | | >Fill Level: 1/2
[16/05/22 13:59:31:9811374] [INFO ]:  | Lobby Server [1] [0ms]: 
[16/05/22 13:59:31:9817312] [INFO ]:  | | >IP: 127.0.0.1:10124
[16/05/22 13:59:31:9824344] [INFO ]:  | | >Fill Level: 0/2
[16/05/22 13:59:31:9830612] [INFO ]:  |
[16/05/22 13:59:31:9837021] [INFO ]: Matchmaker [0ms]:
[16/05/22 13:59:31:9843722] [INFO ]:  | >IP: 127.0.0.1:6106
[16/05/22 13:59:31:9850578] [INFO ]:  | >Queue Length: 0
[16/05/22 13:59:31:9859237] [INFO ]:  |
[16/05/22 13:59:31:9865750] [INFO ]: Game Servers [0ms]: 
[16/05/22 13:59:31:9872182] [INFO ]:  | Game Server [0] [0ms]: 
[16/05/22 13:59:31:9879401] [INFO ]:  | | >IP: 127.0.0.1:20123
[16/05/22 13:59:31:9885941] [INFO ]:  | | >Fill Level: 0/2
[16/05/22 13:59:31:9892471] [INFO ]: ----------INFO ENDS----------
[16/05/22 13:59:33:0364653] [INFO+]: ----------INFO START----------
[16/05/22 13:59:33:0381270] [INFO ]: Full update took [0ms]
[16/05/22 13:59:33:0388749] [INFO ]: Starting Lobby Servers took [0ms]
[16/05/22 13:59:33:0395680] [INFO ]: Stopping Lobby Servers took [0ms]
[16/05/22 13:59:33:0402059] [INFO ]: Starting Game Servers took [0ms]
[16/05/22 13:59:33:0409069] [INFO ]: Starting Game Servers took [0ms]
[16/05/22 13:59:33:0415562] [INFO ]: 
[16/05/22 13:59:33:0422022] [INFO ]: Server Spooler:
[16/05/22 13:59:33:0428790] [INFO ]:  | >IP: 127.0.0.1:5105
[16/05/22 13:59:33:0435675] [INFO ]:  |
[16/05/22 13:59:33:0442650] [INFO ]: Load Balancer [0ms]:
[16/05/22 13:59:33:0450390] [INFO ]:  | >IP: 127.0.0.1:7107
[16/05/22 13:59:33:0456800] [INFO ]:  | >Queue Length: 0
[16/05/22 13:59:33:0462909] [INFO ]:  |
[16/05/22 13:59:33:0468574] [INFO ]: Lobby Servers [0ms]: 
[16/05/22 13:59:33:0474673] [INFO ]:  | Lobby Server [0] [0ms]: 
[16/05/22 13:59:33:0480395] [INFO ]:  | | >IP: 127.0.0.1:10123
[16/05/22 13:59:33:0489133] [INFO ]:  | | >Fill Level: 1/2
[16/05/22 13:59:33:0496859] [INFO ]:  | Lobby Server [1] [0ms]: 
[16/05/22 13:59:33:0504371] [INFO ]:  | | >IP: 127.0.0.1:10124
[16/05/22 13:59:33:0510995] [INFO ]:  | | >Fill Level: 0/2
[16/05/22 13:59:33:0521678] [INFO ]:  |
[16/05/22 13:59:33:0528776] [INFO ]: Matchmaker [0ms]:
[16/05/22 13:59:33:0535555] [INFO ]:  | >IP: 127.0.0.1:6106
[16/05/22 13:59:33:0542409] [INFO ]:  | >Queue Length: 0
[16/05/22 13:59:33:0549169] [INFO ]:  |
[16/05/22 13:59:33:0555764] [INFO ]: Game Servers [0ms]: 
[16/05/22 13:59:33:0562844] [INFO ]:  | Game Server [0] [0ms]: 
[16/05/22 13:59:33:0569162] [INFO ]:  | | >IP: 127.0.0.1:20123
[16/05/22 13:59:33:0575788] [INFO ]:  | | >Fill Level: 0/2
[16/05/22 13:59:33:0582428] [INFO ]: ----------INFO ENDS----------
[16/05/22 13:59:34:0967639] [INFO+]: ----------INFO START----------
[16/05/22 13:59:34:0982310] [INFO ]: Full update took [0ms]
[16/05/22 13:59:34:0990836] [INFO ]: Starting Lobby Servers took [0ms]
[16/05/22 13:59:34:0998062] [INFO ]: Stopping Lobby Servers took [0ms]
[16/05/22 13:59:34:1006463] [INFO ]: Starting Game Servers took [0ms]
[16/05/22 13:59:34:1015832] [INFO ]: Starting Game Servers took [0ms]
[16/05/22 13:59:34:1024448] [INFO ]: 
[16/05/22 13:59:34:1032062] [INFO ]: Server Spooler:
[16/05/22 13:59:34:1039955] [INFO ]:  | >IP: 127.0.0.1:5105
[16/05/22 13:59:34:1048406] [INFO ]:  |
[16/05/22 13:59:34:1057175] [INFO ]: Load Balancer [0ms]:
[16/05/22 13:59:34:1065113] [INFO ]:  | >IP: 127.0.0.1:7107
[16/05/22 13:59:34:1073210] [INFO ]:  | >Queue Length: 0
[16/05/22 13:59:34:1081263] [INFO ]:  |
[16/05/22 13:59:34:1089313] [INFO ]: Lobby Servers [0ms]: 
[16/05/22 13:59:34:1097386] [INFO ]:  | Lobby Server [0] [0ms]: 
[16/05/22 13:59:34:1105426] [INFO ]:  | | >IP: 127.0.0.1:10123
[16/05/22 13:59:34:1113674] [INFO ]:  | | >Fill Level: 1/2
[16/05/22 13:59:34:1124084] [INFO ]:  | Lobby Server [1] [0ms]: 
[16/05/22 13:59:34:1131633] [INFO ]:  | | >IP: 127.0.0.1:10124
[16/05/22 13:59:34:1139570] [INFO ]:  | | >Fill Level: 0/2
[16/05/22 13:59:34:1147047] [INFO ]:  |
[16/05/22 13:59:34:1154663] [INFO ]: Matchmaker [0ms]:
[16/05/22 13:59:34:1162536] [INFO ]:  | >IP: 127.0.0.1:6106
[16/05/22 13:59:34:1170205] [INFO ]:  | >Queue Length: 0
[16/05/22 13:59:34:1177835] [INFO ]:  |
[16/05/22 13:59:34:1187054] [INFO ]: Game Servers [0ms]: 
[16/05/22 13:59:34:1194846] [INFO ]:  | Game Server [0] [0ms]: 
[16/05/22 13:59:34:1201754] [INFO ]:  | | >IP: 127.0.0.1:20123
[16/05/22 13:59:34:1209032] [INFO ]:  | | >Fill Level: 0/2
[16/05/22 13:59:34:1216678] [INFO ]: ----------INFO ENDS----------
[16/05/22 13:59:35:1563732] [INFO+]: ----------INFO START----------
[16/05/22 13:59:35:1580370] [INFO ]: Full update took [0ms]
[16/05/22 13:59:35:1588660] [INFO ]: Starting Lobby Servers took [0ms]
[16/05/22 13:59:35:1595973] [INFO ]: Stopping Lobby Servers took [0ms]
[16/05/22 13:59:35:1603310] [INFO ]: Starting Game Servers took [0ms]
[16/05/22 13:59:35:1610555] [INFO ]: Starting Game Servers took [0ms]
[16/05/22 13:59:35:1619567] [INFO ]: 
[16/05/22 13:59:35:1626495] [INFO ]: Server Spooler:
[16/05/22 13:59:35:1634197] [INFO ]:  | >IP: 127.0.0.1:5105
[16/05/22 13:59:35:1641539] [INFO ]:  |
[16/05/22 13:59:35:1649263] [INFO ]: Load Balancer [0ms]:
[16/05/22 13:59:35:1656434] [INFO ]:  | >IP: 127.0.0.1:7107
[16/05/22 13:59:35:1664214] [INFO ]:  | >Queue Length: 0
[16/05/22 13:59:35:1672023] [INFO ]:  |
[16/05/22 13:59:35:1681531] [INFO ]: Lobby Servers [0ms]: 
[16/05/22 13:59:35:1690036] [INFO ]:  | Lobby Server [0] [0ms]: 
[16/05/22 13:59:35:1700217] [INFO ]:  | | >IP: 127.0.0.1:10123
[16/05/22 13:59:35:1708367] [INFO ]:  | | >Fill Level: 1/2
[16/05/22 13:59:35:1716239] [INFO ]:  | Lobby Server [1] [0ms]: 
[16/05/22 13:59:35:1724308] [INFO ]:  | | >IP: 127.0.0.1:10124
[16/05/22 13:59:35:1731938] [INFO ]:  | | >Fill Level: 0/2
[16/05/22 13:59:35:1739958] [INFO ]:  |
[16/05/22 13:59:35:1747692] [INFO ]: Matchmaker [0ms]:
[16/05/22 13:59:35:1755636] [INFO ]:  | >IP: 127.0.0.1:6106
[16/05/22 13:59:35:1763644] [INFO ]:  | >Queue Length: 0
[16/05/22 13:59:35:1771507] [INFO ]:  |
[16/05/22 13:59:35:1779219] [INFO ]: Game Servers [0ms]: 
[16/05/22 13:59:35:1786687] [INFO ]:  | Game Server [0] [0ms]: 
[16/05/22 13:59:35:1794234] [INFO ]:  | | >IP: 127.0.0.1:20123
[16/05/22 13:59:35:1801898] [INFO ]:  | | >Fill Level: 0/2
[16/05/22 13:59:35:1813765] [INFO ]: ----------INFO ENDS----------
[16/05/22 13:59:35:7023685] [INFO ]: Starting game server 1 on port 20124
[16/05/22 13:59:35:7427829] [INFO ]: Accepting client
[16/05/22 13:59:35:7454855] [INFO ]: Accepting connection
[16/05/22 13:59:36:0528771] [INFO ]: Connection established
[16/05/22 13:59:36:1867212] [INFO+]: ----------INFO START----------
[16/05/22 13:59:36:1878065] [INFO ]: Full update took [0ms]
[16/05/22 13:59:36:1884417] [INFO ]: Starting Lobby Servers took [0ms]
[16/05/22 13:59:36:1892414] [INFO ]: Stopping Lobby Servers took [0ms]
[16/05/22 13:59:36:1900075] [INFO ]: Starting Game Servers took [0ms]
[16/05/22 13:59:36:1907530] [INFO ]: Starting Game Servers took [0ms]
[16/05/22 13:59:36:1915255] [INFO ]: 
[16/05/22 13:59:36:1924232] [INFO ]: Server Spooler:
[16/05/22 13:59:36:1931653] [INFO ]:  | >IP: 127.0.0.1:5105
[16/05/22 13:59:36:1938654] [INFO ]:  |
[16/05/22 13:59:36:1946568] [INFO ]: Load Balancer [0ms]:
[16/05/22 13:59:36:1954428] [INFO ]:  | >IP: 127.0.0.1:7107
[16/05/22 13:59:36:1961876] [INFO ]:  | >Queue Length: 0
[16/05/22 13:59:36:1969886] [INFO ]:  |
[16/05/22 13:59:36:1977548] [INFO ]: Lobby Servers [0ms]: 
[16/05/22 13:59:36:1985535] [INFO ]:  | Lobby Server [1] [0ms]: 
[16/05/22 13:59:36:1993481] [INFO ]:  | | >IP: 127.0.0.1:10124
[16/05/22 13:59:36:2000933] [INFO ]:  | | >Fill Level: 0/2
[16/05/22 13:59:36:2021421] [INFO ]:  |
[16/05/22 13:59:36:2031536] [INFO ]: Matchmaker [0ms]:
[16/05/22 13:59:36:2039257] [INFO ]:  | >IP: 127.0.0.1:6106
[16/05/22 13:59:36:2046912] [INFO ]:  | >Queue Length: 0
[16/05/22 13:59:36:2054704] [INFO ]:  |
[16/05/22 13:59:36:2062570] [INFO ]: Game Servers [0ms]: 
[16/05/22 13:59:36:2070331] [INFO ]:  | Game Server [0] [0ms]: 
[16/05/22 13:59:36:2077805] [INFO ]:  | | >IP: 127.0.0.1:20123
[16/05/22 13:59:36:2084987] [INFO ]:  | | >Fill Level: 1/2
[16/05/22 13:59:36:2092799] [INFO ]:  | Game Server [1] [0ms]: 
[16/05/22 13:59:36:2100556] [INFO ]:  | | >IP: 127.0.0.1:20124
[16/05/22 13:59:36:2108185] [INFO ]:  | | >Fill Level: 0/2
[16/05/22 13:59:36:2116139] [INFO ]: ----------INFO ENDS----------
[16/05/22 13:59:37:2167875] [INFO+]: ----------INFO START----------
[16/05/22 13:59:37:2181233] [INFO ]: Full update took [0ms]
[16/05/22 13:59:37:2188843] [INFO ]: Starting Lobby Servers took [0ms]
[16/05/22 13:59:37:2197180] [INFO ]: Stopping Lobby Servers took [0ms]
[16/05/22 13:59:37:2205058] [INFO ]: Starting Game Servers took [0ms]
[16/05/22 13:59:37:2212473] [INFO ]: Starting Game Servers took [0ms]
[16/05/22 13:59:37:2221368] [INFO ]: 
[16/05/22 13:59:37:2228962] [INFO ]: Server Spooler:
[16/05/22 13:59:37:2236967] [INFO ]:  | >IP: 127.0.0.1:5105
[16/05/22 13:59:37:2247566] [INFO ]:  |
[16/05/22 13:59:37:2254860] [INFO ]: Load Balancer [0ms]:
[16/05/22 13:59:37:2262716] [INFO ]:  | >IP: 127.0.0.1:7107
[16/05/22 13:59:37:2270009] [INFO ]:  | >Queue Length: 0
[16/05/22 13:59:37:2277833] [INFO ]:  |
[16/05/22 13:59:37:2285488] [INFO ]: Lobby Servers [0ms]: 
[16/05/22 13:59:37:2293117] [INFO ]:  | Lobby Server [1] [0ms]: 
[16/05/22 13:59:37:2300630] [INFO ]:  | | >IP: 127.0.0.1:10124
[16/05/22 13:59:37:2308088] [INFO ]:  | | >Fill Level: 0/2
[16/05/22 13:59:37:2315982] [INFO ]:  |
[16/05/22 13:59:37:2326926] [INFO ]: Matchmaker [0ms]:
[16/05/22 13:59:37:2334943] [INFO ]:  | >IP: 127.0.0.1:6106
[16/05/22 13:59:37:2344794] [INFO ]:  | >Queue Length: 0
[16/05/22 13:59:37:2352994] [INFO ]:  |
[16/05/22 13:59:37:2360941] [INFO ]: Game Servers [0ms]: 
[16/05/22 13:59:37:2369309] [INFO ]:  | Game Server [0] [0ms]: 
[16/05/22 13:59:37:2377440] [INFO ]:  | | >IP: 127.0.0.1:20123
[16/05/22 13:59:37:2385298] [INFO ]:  | | >Fill Level: 1/2
[16/05/22 13:59:37:2393059] [INFO ]:  | Game Server [1] [0ms]: 
[16/05/22 13:59:37:2400580] [INFO ]:  | | >IP: 127.0.0.1:20124
[16/05/22 13:59:37:2408107] [INFO ]:  | | >Fill Level: 0/2
[16/05/22 13:59:37:2418992] [INFO ]: ----------INFO ENDS----------
[16/05/22 13:59:38:2568466] [INFO+]: ----------INFO START----------
[16/05/22 13:59:38:2579692] [INFO ]: Full update took [0ms]
[16/05/22 13:59:38:2585636] [INFO ]: Starting Lobby Servers took [0ms]
[16/05/22 13:59:38:2593030] [INFO ]: Stopping Lobby Servers took [0ms]
[16/05/22 13:59:38:2599982] [INFO ]: Starting Game Servers took [0ms]
[16/05/22 13:59:38:2607379] [INFO ]: Starting Game Servers took [0ms]
[16/05/22 13:59:38:2614082] [INFO ]: 
[16/05/22 13:59:38:2622338] [INFO ]: Server Spooler:
[16/05/22 13:59:38:2628927] [INFO ]:  | >IP: 127.0.0.1:5105
[16/05/22 13:59:38:2636072] [INFO ]:  |
[16/05/22 13:59:38:2643152] [INFO ]: Load Balancer [0ms]:
[16/05/22 13:59:38:2649829] [INFO ]:  | >IP: 127.0.0.1:7107
[16/05/22 13:59:38:2656254] [INFO ]:  | >Queue Length: 0
[16/05/22 13:59:38:2663050] [INFO ]:  |
[16/05/22 13:59:38:2669345] [INFO ]: Lobby Servers [0ms]: 
[16/05/22 13:59:38:2676085] [INFO ]:  | Lobby Server [1] [0ms]: 
[16/05/22 13:59:38:2682743] [INFO ]:  | | >IP: 127.0.0.1:10124
[16/05/22 13:59:38:2688983] [INFO ]:  | | >Fill Level: 0/2
[16/05/22 13:59:38:2695539] [INFO ]:  |
[16/05/22 13:59:38:2702218] [INFO ]: Matchmaker [0ms]:
[16/05/22 13:59:38:2709530] [INFO ]:  | >IP: 127.0.0.1:6106
[16/05/22 13:59:38:2719571] [INFO ]:  | >Queue Length: 0
[16/05/22 13:59:38:2725961] [INFO ]:  |
[16/05/22 13:59:38:2732298] [INFO ]: Game Servers [0ms]: 
[16/05/22 13:59:38:2738759] [INFO ]:  | Game Server [0] [0ms]: 
[16/05/22 13:59:38:2745402] [INFO ]:  | | >IP: 127.0.0.1:20123
[16/05/22 13:59:38:2751968] [INFO ]:  | | >Fill Level: 1/2
[16/05/22 13:59:38:2758598] [INFO ]:  | Game Server [1] [0ms]: 
[16/05/22 13:59:38:2765437] [INFO ]:  | | >IP: 127.0.0.1:20124
[16/05/22 13:59:38:2771959] [INFO ]:  | | >Fill Level: 0/2
[16/05/22 13:59:38:2778311] [INFO ]: ----------INFO ENDS----------
[16/05/22 13:59:39:3252167] [INFO+]: ----------INFO START----------
[16/05/22 13:59:39:3276339] [INFO ]: Full update took [0ms]
[16/05/22 13:59:39:3283903] [INFO ]: Starting Lobby Servers took [0ms]
[16/05/22 13:59:39:3291738] [INFO ]: Stopping Lobby Servers took [0ms]
[16/05/22 13:59:39:3298789] [INFO ]: Starting Game Servers took [0ms]
[16/05/22 13:59:39:3306324] [INFO ]: Starting Game Servers took [0ms]
[16/05/22 13:59:39:3317004] [INFO ]: 
[16/05/22 13:59:39:3325163] [INFO ]: Server Spooler:
[16/05/22 13:59:39:3332924] [INFO ]:  | >IP: 127.0.0.1:5105
[16/05/22 13:59:39:3342827] [INFO ]:  |
[16/05/22 13:59:39:3350693] [INFO ]: Load Balancer [0ms]:
[16/05/22 13:59:39:3358228] [INFO ]:  | >IP: 127.0.0.1:7107
[16/05/22 13:59:39:3365199] [INFO ]:  | >Queue Length: 0
[16/05/22 13:59:39:3372164] [INFO ]:  |
[16/05/22 13:59:39:3378680] [INFO ]: Lobby Servers [0ms]: 
[16/05/22 13:59:39:3386016] [INFO ]:  | Lobby Server [1] [0ms]: 
[16/05/22 13:59:39:3392739] [INFO ]:  | | >IP: 127.0.0.1:10124
[16/05/22 13:59:39:3403150] [INFO ]:  | | >Fill Level: 0/2
[16/05/22 13:59:39:3410086] [INFO ]:  |
[16/05/22 13:59:39:3417636] [INFO ]: Matchmaker [0ms]:
[16/05/22 13:59:39:3425290] [INFO ]:  | >IP: 127.0.0.1:6106
[16/05/22 13:59:39:3432574] [INFO ]:  | >Queue Length: 0
[16/05/22 13:59:39:3440347] [INFO ]:  |
[16/05/22 13:59:39:3448221] [INFO ]: Game Servers [0ms]: 
[16/05/22 13:59:39:3455882] [INFO ]:  | Game Server [0] [0ms]: 
[16/05/22 13:59:39:3463277] [INFO ]:  | | >IP: 127.0.0.1:20123
[16/05/22 13:59:39:3470640] [INFO ]:  | | >Fill Level: 1/2
[16/05/22 13:59:39:3478702] [INFO ]:  | Game Server [1] [0ms]: 
[16/05/22 13:59:39:3485934] [INFO ]:  | | >IP: 127.0.0.1:20124
[16/05/22 13:59:39:3493803] [INFO ]:  | | >Fill Level: 0/2
[16/05/22 13:59:39:3501667] [INFO ]: ----------INFO ENDS----------
[16/05/22 13:59:40:3952801] [INFO+]: ----------INFO START----------
[16/05/22 13:59:40:3963496] [INFO ]: Full update took [0ms]
[16/05/22 13:59:40:3971389] [INFO ]: Starting Lobby Servers took [0ms]
[16/05/22 13:59:40:3979344] [INFO ]: Stopping Lobby Servers took [0ms]
[16/05/22 13:59:40:3986978] [INFO ]: Starting Game Servers took [0ms]
[16/05/22 13:59:40:3993828] [INFO ]: Starting Game Servers took [0ms]
[16/05/22 13:59:40:4003073] [INFO ]: 
[16/05/22 13:59:40:4009638] [INFO ]: Server Spooler:
[16/05/22 13:59:40:4015807] [INFO ]:  | >IP: 127.0.0.1:5105
[16/05/22 13:59:40:4022279] [INFO ]:  |
[16/05/22 13:59:40:4029149] [INFO ]: Load Balancer [0ms]:
[16/05/22 13:59:40:4035529] [INFO ]:  | >IP: 127.0.0.1:7107
[16/05/22 13:59:40:4042080] [INFO ]:  | >Queue Length: 0
[16/05/22 13:59:40:4048316] [INFO ]:  |
[16/05/22 13:59:40:4054875] [INFO ]: Lobby Servers [0ms]: 
[16/05/22 13:59:40:4061160] [INFO ]:  | Lobby Server [1] [0ms]: 
[16/05/22 13:59:40:4068992] [INFO ]:  | | >IP: 127.0.0.1:10124
[16/05/22 13:59:40:4077664] [INFO ]:  | | >Fill Level: 0/2
[16/05/22 13:59:40:4084185] [INFO ]:  |
[16/05/22 13:59:40:4090351] [INFO ]: Matchmaker [0ms]:
[16/05/22 13:59:40:4096479] [INFO ]:  | >IP: 127.0.0.1:6106
[16/05/22 13:59:40:4102895] [INFO ]:  | >Queue Length: 0
[16/05/22 13:59:40:4109182] [INFO ]:  |
[16/05/22 13:59:40:4115860] [INFO ]: Game Servers [0ms]: 
[16/05/22 13:59:40:4122193] [INFO ]:  | Game Server [0] [0ms]: 
[16/05/22 13:59:40:4128922] [INFO ]:  | | >IP: 127.0.0.1:20123
[16/05/22 13:59:40:4135580] [INFO ]:  | | >Fill Level: 1/2
[16/05/22 13:59:40:4142487] [INFO ]:  | Game Server [1] [0ms]: 
[16/05/22 13:59:40:4149166] [INFO ]:  | | >IP: 127.0.0.1:20124
[16/05/22 13:59:40:4155467] [INFO ]:  | | >Fill Level: 0/2
[16/05/22 13:59:40:4162113] [INFO ]: ----------INFO ENDS----------
[16/05/22 13:59:41:4428989] [INFO+]: ----------INFO START----------
[16/05/22 13:59:41:4434045] [INFO ]: Full update took [0ms]
[16/05/22 13:59:41:4436728] [INFO ]: Starting Lobby Servers took [0ms]
[16/05/22 13:59:41:4439324] [INFO ]: Stopping Lobby Servers took [0ms]
[16/05/22 13:59:41:4442082] [INFO ]: Starting Game Servers took [0ms]
[16/05/22 13:59:41:4444797] [INFO ]: Starting Game Servers took [0ms]
[16/05/22 13:59:41:4447363] [INFO ]: 
[16/05/22 13:59:41:4449860] [INFO ]: Server Spooler:
[16/05/22 13:59:41:4452412] [INFO ]:  | >IP: 127.0.0.1:5105
[16/05/22 13:59:41:4454748] [INFO ]:  |
[16/05/22 13:59:41:4457086] [INFO ]: Load Balancer [0ms]:
[16/05/22 13:59:41:4459737] [INFO ]:  | >IP: 127.0.0.1:7107
[16/05/22 13:59:41:4462218] [INFO ]:  | >Queue Length: 0
[16/05/22 13:59:41:4464756] [INFO ]:  |
[16/05/22 13:59:41:4467149] [INFO ]: Lobby Servers [0ms]: 
[16/05/22 13:59:41:4469511] [INFO ]:  | Lobby Server [1] [0ms]: 
[16/05/22 13:59:41:4472102] [INFO ]:  | | >IP: 127.0.0.1:10124
[16/05/22 13:59:41:4474689] [INFO ]:  | | >Fill Level: 0/2
[16/05/22 13:59:41:4477114] [INFO ]:  |
[16/05/22 13:59:41:4479545] [INFO ]: Matchmaker [0ms]:
[16/05/22 13:59:41:4482108] [INFO ]:  | >IP: 127.0.0.1:6106
[16/05/22 13:59:41:4484597] [INFO ]:  | >Queue Length: 0
[16/05/22 13:59:41:4486920] [INFO ]:  |
[16/05/22 13:59:41:4489481] [INFO ]: Game Servers [0ms]: 
[16/05/22 13:59:41:4492047] [INFO ]:  | Game Server [0] [0ms]: 
[16/05/22 13:59:41:4494555] [INFO ]:  | | >IP: 127.0.0.1:20123
[16/05/22 13:59:41:4496941] [INFO ]:  | | >Fill Level: 1/2
[16/05/22 13:59:41:4499445] [INFO ]:  | Game Server [1] [0ms]: 
[16/05/22 13:59:41:4502026] [INFO ]:  | | >IP: 127.0.0.1:20124
[16/05/22 13:59:41:4504499] [INFO ]:  | | >Fill Level: 0/2
[16/05/22 13:59:41:4507189] [INFO ]: ----------INFO ENDS----------
[16/05/22 13:59:42:4973128] [INFO+]: ----------INFO START----------
[16/05/22 13:59:42:4988966] [INFO ]: Full update took [0ms]
[16/05/22 13:59:42:4996988] [INFO ]: Starting Lobby Servers took [0ms]
[16/05/22 13:59:42:5004916] [INFO ]: Stopping Lobby Servers took [0ms]
[16/05/22 13:59:42:5012501] [INFO ]: Starting Game Servers took [0ms]
[16/05/22 13:59:42:5020493] [INFO ]: Starting Game Servers took [0ms]
[16/05/22 13:59:42:5030104] [INFO ]: 
[16/05/22 13:59:42:5037610] [INFO ]: Server Spooler:
[16/05/22 13:59:42:5045492] [INFO ]:  | >IP: 127.0.0.1:5105
[16/05/22 13:59:42:5052966] [INFO ]:  |
[16/05/22 13:59:42:5060324] [INFO ]: Load Balancer [0ms]:
[16/05/22 13:59:42:5068287] [INFO ]:  | >IP: 127.0.0.1:7107
[16/05/22 13:59:42:5076275] [INFO ]:  | >Queue Length: 0
[16/05/22 13:59:42:5083185] [INFO ]:  |
[16/05/22 13:59:42:5090957] [INFO ]: Lobby Servers [0ms]: 
[16/05/22 13:59:42:5098680] [INFO ]:  | Lobby Server [1] [0ms]: 
[16/05/22 13:59:42:5108859] [INFO ]:  | | >IP: 127.0.0.1:10124
[16/05/22 13:59:42:5116685] [INFO ]:  | | >Fill Level: 0/2
[16/05/22 13:59:42:5124151] [INFO ]:  |
[16/05/22 13:59:42:5131425] [INFO ]: Matchmaker [0ms]:
[16/05/22 13:59:42:5139176] [INFO ]:  | >IP: 127.0.0.1:6106
[16/05/22 13:59:42:5147764] [INFO ]:  | >Queue Length: 0
[16/05/22 13:59:42:5155592] [INFO ]:  |
[16/05/22 13:59:42:5163885] [INFO ]: Game Servers [0ms]: 
[16/05/22 13:59:42:5171532] [INFO ]:  | Game Server [0] [0ms]: 
[16/05/22 13:59:42:5179762] [INFO ]:  | | >IP: 127.0.0.1:20123
[16/05/22 13:59:42:5188340] [INFO ]:  | | >Fill Level: 1/2
[16/05/22 13:59:42:5196095] [INFO ]:  | Game Server [1] [0ms]: 
[16/05/22 13:59:42:5203860] [INFO ]:  | | >IP: 127.0.0.1:20124
[16/05/22 13:59:42:5211186] [INFO ]:  | | >Fill Level: 0/2
[16/05/22 13:59:42:5219116] [INFO ]: ----------INFO ENDS----------
[16/05/22 13:59:43:5576294] [INFO+]: ----------INFO START----------
[16/05/22 13:59:43:5589509] [INFO ]: Full update took [0ms]
[16/05/22 13:59:43:5598596] [INFO ]: Starting Lobby Servers took [0ms]
[16/05/22 13:59:43:5606139] [INFO ]: Stopping Lobby Servers took [0ms]
[16/05/22 13:59:43:5612847] [INFO ]: Starting Game Servers took [0ms]
[16/05/22 13:59:43:5620542] [INFO ]: Starting Game Servers took [0ms]
[16/05/22 13:59:43:5627464] [INFO ]: 
[16/05/22 13:59:43:5633481] [INFO ]: Server Spooler:
[16/05/22 13:59:43:5639575] [INFO ]:  | >IP: 127.0.0.1:5105
[16/05/22 13:59:43:5646342] [INFO ]:  |
[16/05/22 13:59:43:5652913] [INFO ]: Load Balancer [0ms]:
[16/05/22 13:59:43:5660821] [INFO ]:  | >IP: 127.0.0.1:7107
[16/05/22 13:59:43:5667533] [INFO ]:  | >Queue Length: 0
[16/05/22 13:59:43:5674415] [INFO ]:  |
[16/05/22 13:59:43:5680852] [INFO ]: Lobby Servers [0ms]: 
[16/05/22 13:59:43:5687372] [INFO ]:  | Lobby Server [1] [0ms]: 
[16/05/22 13:59:43:5694416] [INFO ]:  | | >IP: 127.0.0.1:10124
[16/05/22 13:59:43:5701123] [INFO ]:  | | >Fill Level: 0/2
[16/05/22 13:59:43:5708131] [INFO ]:  |
[16/05/22 13:59:43:5717074] [INFO ]: Matchmaker [0ms]:
[16/05/22 13:59:43:5723336] [INFO ]:  | >IP: 127.0.0.1:6106
[16/05/22 13:59:43:5730346] [INFO ]:  | >Queue Length: 0
[16/05/22 13:59:43:5737147] [INFO ]:  |
[16/05/22 13:59:43:5743619] [INFO ]: Game Servers [0ms]: 
[16/05/22 13:59:43:5749644] [INFO ]:  | Game Server [0] [0ms]: 
[16/05/22 13:59:43:5756256] [INFO ]:  | | >IP: 127.0.0.1:20123
[16/05/22 13:59:43:5762998] [INFO ]:  | | >Fill Level: 1/2
[16/05/22 13:59:43:5769493] [INFO ]:  | Game Server [1] [0ms]: 
[16/05/22 13:59:43:5775428] [INFO ]:  | | >IP: 127.0.0.1:20124
[16/05/22 13:59:43:5782318] [INFO ]:  | | >Fill Level: 0/2
[16/05/22 13:59:43:5788624] [INFO ]: ----------INFO ENDS----------
[16/05/22 13:59:44:5980384] [INFO+]: ----------INFO START----------
[16/05/22 13:59:44:5994171] [INFO ]: Full update took [0ms]
[16/05/22 13:59:44:6001415] [INFO ]: Starting Lobby Servers took [0ms]
[16/05/22 13:59:44:6007964] [INFO ]: Stopping Lobby Servers took [0ms]
[16/05/22 13:59:44:6015040] [INFO ]: Starting Game Servers took [0ms]
[16/05/22 13:59:44:6022337] [INFO ]: Starting Game Servers took [0ms]
[16/05/22 13:59:44:6029172] [INFO ]: 
[16/05/22 13:59:44:6036400] [INFO ]: Server Spooler:
[16/05/22 13:59:44:6043121] [INFO ]:  | >IP: 127.0.0.1:5105
[16/05/22 13:59:44:6049718] [INFO ]:  |
[16/05/22 13:59:44:6056003] [INFO ]: Load Balancer [0ms]:
[16/05/22 13:59:44:6062238] [INFO ]:  | >IP: 127.0.0.1:7107
[16/05/22 13:59:44:6068131] [INFO ]:  | >Queue Length: 0
[16/05/22 13:59:44:6073848] [INFO ]:  |
[16/05/22 13:59:44:6080262] [INFO ]: Lobby Servers [0ms]: 
[16/05/22 13:59:44:6086638] [INFO ]:  | Lobby Server [1] [0ms]: 
[16/05/22 13:59:44:6093385] [INFO ]:  | | >IP: 127.0.0.1:10124
[16/05/22 13:59:44:6100110] [INFO ]:  | | >Fill Level: 0/2
[16/05/22 13:59:44:6106115] [INFO ]:  |
[16/05/22 13:59:44:6112656] [INFO ]: Matchmaker [0ms]:
[16/05/22 13:59:44:6119309] [INFO ]:  | >IP: 127.0.0.1:6106
[16/05/22 13:59:44:6126045] [INFO ]:  | >Queue Length: 0
[16/05/22 13:59:44:6132487] [INFO ]:  |
[16/05/22 13:59:44:6139042] [INFO ]: Game Servers [0ms]: 
[16/05/22 13:59:44:6147950] [INFO ]:  | Game Server [0] [0ms]: 
[16/05/22 13:59:44:6155746] [INFO ]:  | | >IP: 127.0.0.1:20123
[16/05/22 13:59:44:6163227] [INFO ]:  | | >Fill Level: 1/2
[16/05/22 13:59:44:6170154] [INFO ]:  | Game Server [1] [0ms]: 
[16/05/22 13:59:44:6176760] [INFO ]:  | | >IP: 127.0.0.1:20124
[16/05/22 13:59:44:6183108] [INFO ]:  | | >Fill Level: 0/2
[16/05/22 13:59:44:6189906] [INFO ]: ----------INFO ENDS----------
[16/05/22 13:59:45:6832693] [INFO+]: ----------INFO START----------
[16/05/22 13:59:45:6844289] [INFO ]: Full update took [0ms]
[16/05/22 13:59:45:6851557] [INFO ]: Starting Lobby Servers took [0ms]
[16/05/22 13:59:45:6858155] [INFO ]: Stopping Lobby Servers took [0ms]
[16/05/22 13:59:45:6864523] [INFO ]: Starting Game Servers took [0ms]
[16/05/22 13:59:45:6871061] [INFO ]: Starting Game Servers took [0ms]
[16/05/22 13:59:45:6878030] [INFO ]: 
[16/05/22 13:59:45:6884422] [INFO ]: Server Spooler:
[16/05/22 13:59:45:6890388] [INFO ]:  | >IP: 127.0.0.1:5105
[16/05/22 13:59:45:6897133] [INFO ]:  |
[16/05/22 13:59:45:6903371] [INFO ]: Load Balancer [0ms]:
[16/05/22 13:59:45:6909582] [INFO ]:  | >IP: 127.0.0.1:7107
[16/05/22 13:59:45:6916120] [INFO ]:  | >Queue Length: 0
[16/05/22 13:59:45:6922450] [INFO ]:  |
[16/05/22 13:59:45:6929087] [INFO ]: Lobby Servers [0ms]: 
[16/05/22 13:59:45:6936201] [INFO ]:  | Lobby Server [1] [0ms]: 
[16/05/22 13:59:45:6943675] [INFO ]:  | | >IP: 127.0.0.1:10124
[16/05/22 13:59:45:6950394] [INFO ]:  | | >Fill Level: 0/2
[16/05/22 13:59:45:6956884] [INFO ]:  |
[16/05/22 13:59:45:6963625] [INFO ]: Matchmaker [0ms]:
[16/05/22 13:59:45:6970649] [INFO ]:  | >IP: 127.0.0.1:6106
[16/05/22 13:59:45:6977815] [INFO ]:  | >Queue Length: 0
[16/05/22 13:59:45:6993434] [INFO ]:  |
[16/05/22 13:59:45:6999917] [INFO ]: Game Servers [0ms]: 
[16/05/22 13:59:45:7006368] [INFO ]:  | Game Server [0] [0ms]: 
[16/05/22 13:59:45:7013210] [INFO ]:  | | >IP: 127.0.0.1:20123
[16/05/22 13:59:45:7019994] [INFO ]:  | | >Fill Level: 1/2
[16/05/22 13:59:45:7026594] [INFO ]:  | Game Server [1] [0ms]: 
[16/05/22 13:59:45:7033676] [INFO ]:  | | >IP: 127.0.0.1:20124
[16/05/22 13:59:45:7040183] [INFO ]:  | | >Fill Level: 0/2
[16/05/22 13:59:45:7047116] [INFO ]: ----------INFO ENDS----------
[16/05/22 13:59:46:7578159] [INFO+]: ----------INFO START----------
[16/05/22 13:59:46:7591601] [INFO ]: Full update took [0ms]
[16/05/22 13:59:46:7599090] [INFO ]: Starting Lobby Servers took [0ms]
[16/05/22 13:59:46:7606798] [INFO ]: Stopping Lobby Servers took [0ms]
[16/05/22 13:59:46:7614428] [INFO ]: Starting Game Servers took [0ms]
[16/05/22 13:59:46:7621904] [INFO ]: Starting Game Servers took [0ms]
[16/05/22 13:59:46:7629636] [INFO ]: 
[16/05/22 13:59:46:7636363] [INFO ]: Server Spooler:
[16/05/22 13:59:46:7643787] [INFO ]:  | >IP: 127.0.0.1:5105
[16/05/22 13:59:46:7653436] [INFO ]:  |
[16/05/22 13:59:46:7661806] [INFO ]: Load Balancer [0ms]:
[16/05/22 13:59:46:7669332] [INFO ]:  | >IP: 127.0.0.1:7107
[16/05/22 13:59:46:7676569] [INFO ]:  | >Queue Length: 0
[16/05/22 13:59:46:7684211] [INFO ]:  |
[16/05/22 13:59:46:7691721] [INFO ]: Lobby Servers [0ms]: 
[16/05/22 13:59:46:7699413] [INFO ]:  | Lobby Server [1] [0ms]: 
[16/05/22 13:59:46:7706995] [INFO ]:  | | >IP: 127.0.0.1:10124
[16/05/22 13:59:46:7714410] [INFO ]:  | | >Fill Level: 0/2
[16/05/22 13:59:46:7722026] [INFO ]:  |
[16/05/22 13:59:46:7728972] [INFO ]: Matchmaker [0ms]:
[16/05/22 13:59:46:7739081] [INFO ]:  | >IP: 127.0.0.1:6106
[16/05/22 13:59:46:7747331] [INFO ]:  | >Queue Length: 0
[16/05/22 13:59:46:7755186] [INFO ]:  |
[16/05/22 13:59:46:7762599] [INFO ]: Game Servers [0ms]: 
[16/05/22 13:59:46:7770899] [INFO ]:  | Game Server [0] [0ms]: 
[16/05/22 13:59:46:7779135] [INFO ]:  | | >IP: 127.0.0.1:20123
[16/05/22 13:59:46:7786345] [INFO ]:  | | >Fill Level: 1/2
[16/05/22 13:59:46:7794623] [INFO ]:  | Game Server [1] [0ms]: 
[16/05/22 13:59:46:7802614] [INFO ]:  | | >IP: 127.0.0.1:20124
[16/05/22 13:59:46:7810843] [INFO ]:  | | >Fill Level: 0/2
[16/05/22 13:59:46:7820055] [INFO ]: ----------INFO ENDS----------
[16/05/22 13:59:47:7032473] [INFO ]: Starting lobby 2 on port 10125
[16/05/22 13:59:47:7477480] [INFO ]: Accepting client
[16/05/22 13:59:47:7575981] [INFO ]: Accepting connection
[16/05/22 13:59:48:2380133] [INFO ]: Connection established
[16/05/22 13:59:48:2408875] [INFO+]: ----------INFO START----------
[16/05/22 13:59:48:2416213] [INFO ]: Full update took [0ms]
[16/05/22 13:59:48:2425981] [INFO ]: Starting Lobby Servers took [537ms]
[16/05/22 13:59:48:2430076] [INFO ]: Stopping Lobby Servers took [0ms]
[16/05/22 13:59:48:2436343] [INFO ]: Starting Game Servers took [0ms]
[16/05/22 13:59:48:2441787] [INFO ]: Starting Game Servers took [0ms]
[16/05/22 13:59:48:2445835] [INFO ]: 
[16/05/22 13:59:48:2449196] [INFO ]: Server Spooler:
[16/05/22 13:59:48:2452471] [INFO ]:  | >IP: 127.0.0.1:5105
[16/05/22 13:59:48:2455631] [INFO ]:  |
[16/05/22 13:59:48:2461294] [INFO ]: Load Balancer [0ms]:
[16/05/22 13:59:48:2472775] [INFO ]:  | >IP: 127.0.0.1:7107
[16/05/22 13:59:48:2478475] [INFO ]:  | >Queue Length: 0
[16/05/22 13:59:48:2485659] [INFO ]:  |
[16/05/22 13:59:48:2493246] [INFO ]: Lobby Servers [0ms]: 
[16/05/22 13:59:48:2508651] [INFO ]:  | Lobby Server [1] [0ms]: 
[16/05/22 13:59:48:2515009] [INFO ]:  | | >IP: 127.0.0.1:10124
[16/05/22 13:59:48:2523699] [INFO ]:  | | >Fill Level: 1/2
[16/05/22 13:59:48:2543463] [INFO ]:  | Lobby Server [2] [0ms]: 
[16/05/22 13:59:48:2580681] [INFO ]:  | | >IP: 127.0.0.1:10125
[16/05/22 13:59:48:2585414] [INFO ]:  | | >Fill Level: 0/2
[16/05/22 13:59:48:2591481] [INFO ]:  |
[16/05/22 13:59:48:2595086] [INFO ]: Matchmaker [0ms]:
[16/05/22 13:59:48:2599373] [INFO ]:  | >IP: 127.0.0.1:6106
[16/05/22 13:59:48:2604983] [INFO ]:  | >Queue Length: 0
[16/05/22 13:59:48:2610633] [INFO ]:  |
[16/05/22 13:59:48:2616943] [INFO ]: Game Servers [0ms]: 
[16/05/22 13:59:48:2625266] [INFO ]:  | Game Server [1] [0ms]: 
[16/05/22 13:59:48:2633305] [INFO ]:  | | >IP: 127.0.0.1:20124
[16/05/22 13:59:48:2637757] [INFO ]:  | | >Fill Level: 0/2
[16/05/22 13:59:48:2642829] [INFO ]: ----------INFO ENDS----------
[16/05/22 13:59:49:2855487] [INFO+]: ----------INFO START----------
[16/05/22 13:59:49:2869781] [INFO ]: Full update took [0ms]
[16/05/22 13:59:49:2876888] [INFO ]: Starting Lobby Servers took [0ms]
[16/05/22 13:59:49:2885269] [INFO ]: Stopping Lobby Servers took [0ms]
[16/05/22 13:59:49:2892950] [INFO ]: Starting Game Servers took [0ms]
[16/05/22 13:59:49:2900120] [INFO ]: Starting Game Servers took [0ms]
[16/05/22 13:59:49:2909059] [INFO ]: 
[16/05/22 13:59:49:2921001] [INFO ]: Server Spooler:
[16/05/22 13:59:49:2940122] [INFO ]:  | >IP: 127.0.0.1:5105
[16/05/22 13:59:49:2963609] [INFO ]:  |
[16/05/22 13:59:49:2995696] [INFO ]: Load Balancer [0ms]:
[16/05/22 13:59:49:3010003] [INFO ]:  | >IP: 127.0.0.1:7107
[16/05/22 13:59:49:3025630] [INFO ]:  | >Queue Length: 0
[16/05/22 13:59:49:3036208] [INFO ]:  |
[16/05/22 13:59:49:3044506] [INFO ]: Lobby Servers [0ms]: 
[16/05/22 13:59:49:3053920] [INFO ]:  | Lobby Server [1] [0ms]: 
[16/05/22 13:59:49:3063304] [INFO ]:  | | >IP: 127.0.0.1:10124
[16/05/22 13:59:49:3073424] [INFO ]:  | | >Fill Level: 1/2
[16/05/22 13:59:49:3088685] [INFO ]:  | Lobby Server [2] [0ms]: 
[16/05/22 13:59:49:3100077] [INFO ]:  | | >IP: 127.0.0.1:10125
[16/05/22 13:59:49:3109103] [INFO ]:  | | >Fill Level: 0/2
[16/05/22 13:59:49:3117743] [INFO ]:  |
[16/05/22 13:59:49:3129887] [INFO ]: Matchmaker [0ms]:
[16/05/22 13:59:49:3139011] [INFO ]:  | >IP: 127.0.0.1:6106
[16/05/22 13:59:49:3150859] [INFO ]:  | >Queue Length: 0
[16/05/22 13:59:49:3161606] [INFO ]:  |
[16/05/22 13:59:49:3176803] [INFO ]: Game Servers [0ms]: 
[16/05/22 13:59:49:3187436] [INFO ]:  | Game Server [1] [0ms]: 
[16/05/22 13:59:49:3196672] [INFO ]:  | | >IP: 127.0.0.1:20124
[16/05/22 13:59:49:3206882] [INFO ]:  | | >Fill Level: 0/2
[16/05/22 13:59:49:3215282] [INFO ]: ----------INFO ENDS----------
[16/05/22 13:59:50:3736774] [INFO+]: ----------INFO START----------
[16/05/22 13:59:50:3749068] [INFO ]: Full update took [0ms]
[16/05/22 13:59:50:3758083] [INFO ]: Starting Lobby Servers took [0ms]
[16/05/22 13:59:50:3765478] [INFO ]: Stopping Lobby Servers took [0ms]
[16/05/22 13:59:50:3773473] [INFO ]: Starting Game Servers took [0ms]
[16/05/22 13:59:50:3783607] [INFO ]: Starting Game Servers took [0ms]
[16/05/22 13:59:50:3791833] [INFO ]: 
[16/05/22 13:59:50:3799303] [INFO ]: Server Spooler:
[16/05/22 13:59:50:3807087] [INFO ]:  | >IP: 127.0.0.1:5105
[16/05/22 13:59:50:3815438] [INFO ]:  |
[16/05/22 13:59:50:3823418] [INFO ]: Load Balancer [0ms]:
[16/05/22 13:59:50:3831082] [INFO ]:  | >IP: 127.0.0.1:7107
[16/05/22 13:59:50:3838749] [INFO ]:  | >Queue Length: 0
[16/05/22 13:59:50:3847103] [INFO ]:  |
[16/05/22 13:59:50:3854944] [INFO ]: Lobby Servers [0ms]: 
[16/05/22 13:59:50:3861977] [INFO ]:  | Lobby Server [1] [0ms]: 
[16/05/22 13:59:50:3869560] [INFO ]:  | | >IP: 127.0.0.1:10124
[16/05/22 13:59:50:3877525] [INFO ]:  | | >Fill Level: 1/2
[16/05/22 13:59:50:3885247] [INFO ]:  | Lobby Server [2] [0ms]: 
[16/05/22 13:59:50:3892975] [INFO ]:  | | >IP: 127.0.0.1:10125
[16/05/22 13:59:50:3900372] [INFO ]:  | | >Fill Level: 0/2
[16/05/22 13:59:50:3910788] [INFO ]:  |
[16/05/22 13:59:50:3917866] [INFO ]: Matchmaker [0ms]:
[16/05/22 13:59:50:3925694] [INFO ]:  | >IP: 127.0.0.1:6106
[16/05/22 13:59:50:3933900] [INFO ]:  | >Queue Length: 0
[16/05/22 13:59:50:3941681] [INFO ]:  |
[16/05/22 13:59:50:3949329] [INFO ]: Game Servers [0ms]: 
[16/05/22 13:59:50:3956421] [INFO ]:  | Game Server [1] [0ms]: 
[16/05/22 13:59:50:3963595] [INFO ]:  | | >IP: 127.0.0.1:20124
[16/05/22 13:59:50:3971153] [INFO ]:  | | >Fill Level: 0/2
[16/05/22 13:59:50:3979397] [INFO ]: ----------INFO ENDS----------
[16/05/22 13:59:51:4410175] [INFO+]: ----------INFO START----------
[16/05/22 13:59:51:4421762] [INFO ]: Full update took [0ms]
[16/05/22 13:59:51:4428589] [INFO ]: Starting Lobby Servers took [0ms]
[16/05/22 13:59:51:4436197] [INFO ]: Stopping Lobby Servers took [0ms]
[16/05/22 13:59:51:4444204] [INFO ]: Starting Game Servers took [0ms]
[16/05/22 13:59:51:4452243] [INFO ]: Starting Game Servers took [0ms]
[16/05/22 13:59:51:4459689] [INFO ]: 
[16/05/22 13:59:51:4466615] [INFO ]: Server Spooler:
[16/05/22 13:59:51:4474772] [INFO ]:  | >IP: 127.0.0.1:5105
[16/05/22 13:59:51:4482156] [INFO ]:  |
[16/05/22 13:59:51:4489602] [INFO ]: Load Balancer [0ms]:
[16/05/22 13:59:51:4497229] [INFO ]:  | >IP: 127.0.0.1:7107
[16/05/22 13:59:51:4504823] [INFO ]:  | >Queue Length: 0
[16/05/22 13:59:51:4512989] [INFO ]:  |
[16/05/22 13:59:51:4521391] [INFO ]: Lobby Servers [0ms]: 
[16/05/22 13:59:51:4528959] [INFO ]:  | Lobby Server [2] [0ms]: 
[16/05/22 13:59:51:4539726] [INFO ]:  | | >IP: 127.0.0.1:10125
[16/05/22 13:59:51:4547951] [INFO ]:  | | >Fill Level: 0/2
[16/05/22 13:59:51:4554572] [INFO ]:  |
[16/05/22 13:59:51:4561326] [INFO ]: Matchmaker [0ms]:
[16/05/22 13:59:51:4572845] [INFO ]:  | >IP: 127.0.0.1:6106
[16/05/22 13:59:51:4580499] [INFO ]:  | >Queue Length: 0
[16/05/22 13:59:51:4588899] [INFO ]:  |
[16/05/22 13:59:51:4596252] [INFO ]: Game Servers [0ms]: 
[16/05/22 13:59:51:4603845] [INFO ]:  | Game Server [1] [0ms]: 
[16/05/22 13:59:51:4611623] [INFO ]:  | | >IP: 127.0.0.1:20124
[16/05/22 13:59:51:4619215] [INFO ]:  | | >Fill Level: 0/2
[16/05/22 13:59:51:4627223] [INFO ]: ----------INFO ENDS----------
[16/05/22 13:59:52:4950282] [INFO+]: ----------INFO START----------
[16/05/22 13:59:52:4962596] [INFO ]: Full update took [0ms]
[16/05/22 13:59:52:4968680] [INFO ]: Starting Lobby Servers took [0ms]
[16/05/22 13:59:52:4976954] [INFO ]: Stopping Lobby Servers took [0ms]
[16/05/22 13:59:52:4983073] [INFO ]: Starting Game Servers took [0ms]
[16/05/22 13:59:52:4989225] [INFO ]: Starting Game Servers took [0ms]
[16/05/22 13:59:52:4995588] [INFO ]: 
[16/05/22 13:59:52:5001340] [INFO ]: Server Spooler:
[16/05/22 13:59:52:5007382] [INFO ]:  | >IP: 127.0.0.1:5105
[16/05/22 13:59:52:5013238] [INFO ]:  |
[16/05/22 13:59:52:5018914] [INFO ]: Load Balancer [0ms]:
[16/05/22 13:59:52:5025146] [INFO ]:  | >IP: 127.0.0.1:7107
[16/05/22 13:59:52:5031028] [INFO ]:  | >Queue Length: 0
[16/05/22 13:59:52:5036424] [INFO ]:  |
[16/05/22 13:59:52:5042219] [INFO ]: Lobby Servers [0ms]: 
[16/05/22 13:59:52:5048078] [INFO ]:  | Lobby Server [2] [0ms]: 
[16/05/22 13:59:52:5053974] [INFO ]:  | | >IP: 127.0.0.1:10125
[16/05/22 13:59:52:5059716] [INFO ]:  | | >Fill Level: 0/2
[16/05/22 13:59:52:5067699] [INFO ]:  |
[16/05/22 13:59:52:5073378] [INFO ]: Matchmaker [0ms]:
[16/05/22 13:59:52:5079617] [INFO ]:  | >IP: 127.0.0.1:6106
[16/05/22 13:59:52:5085798] [INFO ]:  | >Queue Length: 0
[16/05/22 13:59:52:5091863] [INFO ]:  |
[16/05/22 13:59:52:5097956] [INFO ]: Game Servers [0ms]: 
[16/05/22 13:59:52:5103564] [INFO ]:  | Game Server [1] [0ms]: 
[16/05/22 13:59:52:5109576] [INFO ]:  | | >IP: 127.0.0.1:20124
[16/05/22 13:59:52:5115621] [INFO ]:  | | >Fill Level: 0/2
[16/05/22 13:59:52:5121716] [INFO ]: ----------INFO ENDS----------
[16/05/22 13:59:53:5447494] [INFO+]: ----------INFO START----------
[16/05/22 13:59:53:5463136] [INFO ]: Full update took [0ms]
[16/05/22 13:59:53:5480569] [INFO ]: Starting Lobby Servers took [0ms]
[16/05/22 13:59:53:5488853] [INFO ]: Stopping Lobby Servers took [0ms]
[16/05/22 13:59:53:5496519] [INFO ]: Starting Game Servers took [0ms]
[16/05/22 13:59:53:5505055] [INFO ]: Starting Game Servers took [0ms]
[16/05/22 13:59:53:5513949] [INFO ]: 
[16/05/22 13:59:53:5522304] [INFO ]: Server Spooler:
[