[13/05/22 10:05:28:9816558] [INFO ]: Logging started
[13/05/22 10:05:29:7033421] [INFO ]: Starting load balancer
[13/05/22 10:05:30:0266663] [INFO ]: Waiting for load balancer response
[13/05/22 10:05:30:0306722] [INFO ]: Accepting client
[13/05/22 10:05:30:1174882] [INFO ]: Accepting connection
[13/05/22 10:05:30:5406000] [INFO ]: Connection established
[13/05/22 10:05:30:5569874] [INFO ]: Connected in 0ms
[13/05/22 10:05:30:6600637] [INFO ]: Starting lobby 0 on port 10123
[13/05/22 10:05:30:7880692] [INFO ]: Accepting client
[13/05/22 10:05:30:8105386] [INFO ]: Accepting connection
[13/05/22 10:05:31:3448556] [INFO ]: Connection established
[13/05/22 10:05:32:6054718] [INFO ]: ----------INFO START----------
[13/05/22 10:05:32:6062077] [INFO ]: Server Spooler:
[13/05/22 10:05:32:6073204] [INFO ]:  | IP: 127.0.0.1:5105
[13/05/22 10:05:32:6079597] [INFO ]: Load Balancer [0ms]:
[13/05/22 10:05:32:6084550] [INFO ]:  | IP: 127.0.0.1:7107
[13/05/22 10:05:32:6090200] [INFO ]:  | Queue Length: 0
[13/05/22 10:05:32:6095232] [INFO ]: Lobby Servers [5ms]: 
[13/05/22 10:05:32:6100324] [INFO ]:  | Lobby Server [0] [5ms]: 
[13/05/22 10:05:32:6105518] [INFO ]:  | | IP: 127.0.0.1:10123
[13/05/22 10:05:32:6110406] [INFO ]:  | | Fill Level: 0/2
[13/05/22 10:05:32:6114960] [INFO ]: ----------INFO ENDS----------
[13/05/22 10:05:34:6618066] [INFO ]: ----------INFO START----------
[13/05/22 10:05:34:6626567] [INFO ]: Server Spooler:
[13/05/22 10:05:34:6629691] [INFO ]:  | IP: 127.0.0.1:5105
[13/05/22 10:05:34:6633169] [INFO ]: Load Balancer [0ms]:
[13/05/22 10:05:34:6636209] [INFO ]:  | IP: 127.0.0.1:7107
[13/05/22 10:05:34:6639195] [INFO ]:  | Queue Length: 0
[13/05/22 10:05:34:6642715] [INFO ]: Lobby Servers [8ms]: 
[13/05/22 10:05:34:6647302] [INFO ]:  | Lobby Server [0] [8ms]: 
[13/05/22 10:05:34:6650368] [INFO ]:  | | IP: 127.0.0.1:10123
[13/05/22 10:05:34:6653443] [INFO ]:  | | Fill Level: 0/2
[13/05/22 10:05:34:6656342] [INFO ]: ----------INFO ENDS----------
[13/05/22 10:05:36:6757018] [INFO ]: ----------INFO START----------
[13/05/22 10:05:36:6764107] [INFO ]: Server Spooler:
[13/05/22 10:05:36:6767512] [INFO ]:  | IP: 127.0.0.1:5105
[13/05/22 10:05:36:6770705] [INFO ]: Load Balancer [0ms]:
[13/05/22 10:05:36:6773761] [INFO ]:  | IP: 127.0.0.1:7107
[13/05/22 10:05:36:6777103] [INFO ]:  | Queue Length: 0
[13/05/22 10:05:36:6780396] [INFO ]: Lobby Servers [6ms]: 
[13/05/22 10:05:36:6783336] [INFO ]:  | Lobby Server [0] [6ms]: 
[13/05/22 10:05:36:6786139] [INFO ]:  | | IP: 127.0.0.1:10123
[13/05/22 10:05:36:6790101] [INFO ]:  | | Fill Level: 0/2
[13/05/22 10:05:36:6792810] [INFO ]: ----------INFO ENDS----------
[13/05/22 10:05:38:6848594] [INFO ]: ----------INFO START----------
[13/05/22 10:05:38:6856208] [INFO ]: Server Spooler:
[13/05/22 10:05:38:6859380] [INFO ]:  | IP: 127.0.0.1:5105
[13/05/22 10:05:38:6862249] [INFO ]: Load Balancer [0ms]:
[13/05/22 10:05:38:6865095] [INFO ]:  | IP: 127.0.0.1:7107
[13/05/22 10:05:38:6868526] [INFO ]:  | Queue Length: 0
[13/05/22 10:05:38:6871425] [INFO ]: Lobby Servers [4ms]: 
[13/05/22 10:05:38:6874218] [INFO ]:  | Lobby Server [0] [4ms]: 
[13/05/22 10:05:38:6876903] [INFO ]:  | | IP: 127.0.0.1:10123
[13/05/22 10:05:38:6879659] [INFO ]:  | | Fill Level: 0/2
[13/05/22 10:05:38:6882622] [INFO ]: ----------INFO ENDS----------
[13/05/22 10:05:40:7274236] [INFO ]: ----------INFO START----------
[13/05/22 10:05:40:7280757] [INFO ]: Server Spooler:
[13/05/22 10:05:40:7283571] [INFO ]:  | IP: 127.0.0.1:5105
[13/05/22 10:05:40:7286520] [INFO ]: Load Balancer [0ms]:
[13/05/22 10:05:40:7289869] [INFO ]:  | IP: 127.0.0.1:7107
[13/05/22 10:05:40:7292597] [INFO ]:  | Queue Length: 0
[13/05/22 10:05:40:7295517] [INFO ]: Lobby Servers [5ms]: 
[13/05/22 10:05:40:7298521] [INFO ]:  | Lobby Server [0] [5ms]: 
[13/05/22 10:05:40:7301388] [INFO ]:  | | IP: 127.0.0.1:10123
[13/05/22 10:05:40:7304387] [INFO ]:  | | Fill Level: 0/2
[13/05/22 10:05:40:7307817] [INFO ]: ----------INFO ENDS----------
[13/05/22 10:05:40:9735626] [ERROR]: Error in main transcieve loop
[13/05/22 10:05:41:5593660] [ERROR]: System.Net.Sockets.SocketException (10054): An existing connection was forcibly closed by the remote host.
   at System.Net.Sockets.Socket.Send(Byte[] buffer)
   at ServerSpooler.Transciever.LobbyServersTranscieve() in C:\Users\rober\Documents\Projects\Scalable-Game-Servers\Server-Spooler\Transciever.cs:line 41
   at ServerSpooler.Program.Main(String[] args) in C:\Users\rober\Documents\Projects\Scalable-Game-Servers\Server-Spooler\Program.cs:line 78
[13/05/22 10:05:41:5806849] [INFO ]: Shutting down network
[13/05/22 10:05:41:6795039] [INFO ]: Giving time for graceful shutdown
[13/05/22 10:05:42:7606581] [INFO ]: Terminating processes
[13/05/22 10:05:42:7654985] [INFO ]: Killing load balancer
[13/05/22 10:05:42:7752455] [WARN ]: Shutting down logging
