[16/05/22 14:01:42:6140756] [INFO ]: Logging started
[16/05/22 14:01:42:7326276] [INFO ]: Starting Load Balancer
[16/05/22 14:01:42:9040576] [INFO ]: Waiting for Load Balancer response
[16/05/22 14:01:42:9066700] [INFO ]: Accepting client
[16/05/22 14:01:42:9200225] [INFO ]: Accepting connection
[16/05/22 14:01:43:3044022] [INFO ]: Connection established
[16/05/22 14:01:43:3055734] [INFO ]: Connected in 399ms
[16/05/22 14:01:43:3060803] [INFO ]: Starting Matchmaker
[16/05/22 14:01:43:4232681] [INFO ]: Waiting for Matchmaker response
[16/05/22 14:01:43:4253781] [INFO ]: Accepting client
[16/05/22 14:01:43:4296352] [INFO ]: Accepting connection
[16/05/22 14:01:43:8870563] [INFO ]: Connection established
[16/05/22 14:01:43:8878816] [INFO ]: Connected in 462ms
[16/05/22 14:01:43:9028337] [INFO ]: Starting lobby 0 on port 10123
[16/05/22 14:01:44:0010518] [INFO ]: Accepting client
[16/05/22 14:01:44:0052435] [INFO ]: Accepting connection
[16/05/22 14:01:44:4376628] [INFO ]: Connection established
[16/05/22 14:01:44:4402578] [INFO ]: Starting game server 0 on port 20123
[16/05/22 14:01:44:5112424] [INFO ]: Accepting client
[16/05/22 14:01:44:5160379] [INFO ]: Accepting connection
[16/05/22 14:01:45:0572373] [INFO ]: Connection established
[16/05/22 14:01:45:0647634] [INFO+]: ----------INFO START----------
[16/05/22 14:01:45:0787631] [INFO ]: Full update took [1172ms]
[16/05/22 14:01:45:0808715] [INFO ]: Starting Lobby Servers took [537ms]
[16/05/22 14:01:45:0857926] [INFO ]: Stopping Lobby Servers took [0ms]
[16/05/22 14:01:45:0884976] [INFO ]: Starting Game Servers took [621ms]
[16/05/22 14:01:45:0889353] [INFO ]: Starting Game Servers took [0ms]
[16/05/22 14:01:45:0893750] [INFO ]: 
[16/05/22 14:01:45:0898959] [INFO ]: Server Spooler:
[16/05/22 14:01:45:0902926] [INFO ]:  | >IP: 127.0.0.1:5105
[16/05/22 14:01:45:0906255] [INFO ]:  |
[16/05/22 14:01:45:0909255] [INFO ]: Load Balancer [5ms]:
[16/05/22 14:01:45:0912703] [INFO ]:  | >IP: 127.0.0.1:7107
[16/05/22 14:01:45:0926796] [INFO ]:  | >Queue Length: 0
[16/05/22 14:01:45:0932713] [INFO ]:  |
[16/05/22 14:01:45:0937338] [INFO ]: Lobby Servers [0ms]: 
[16/05/22 14:01:45:0941648] [INFO ]:  | Lobby Server [0] [0ms]: 
[16/05/22 14:01:45:0977704] [INFO ]:  | | >IP: 127.0.0.1:10123
[16/05/22 14:01:45:0983340] [INFO ]:  | | >Fill Level: 0/2
[16/05/22 14:01:45:0986552] [INFO ]:  |
[16/05/22 14:01:45:0994068] [INFO ]: Matchmaker [6ms]:
[16/05/22 14:01:45:0998201] [INFO ]:  | >IP: 127.0.0.1:6106
[16/05/22 14:01:45:1001353] [INFO ]:  | >Queue Length: 0
[16/05/22 14:01:45:1052399] [INFO ]:  |
[16/05/22 14:01:45:1071856] [INFO ]: Game Servers [0ms]: 
[16/05/22 14:01:45:1075075] [INFO ]:  | Game Server [0] [0ms]: 
[16/05/22 14:01:45:1078388] [INFO ]:  | | >IP: 127.0.0.1:20123
[16/05/22 14:01:45:1081649] [INFO ]:  | | >Fill Level: 0/2
[16/05/22 14:01:45:1084612] [INFO ]: ----------INFO ENDS----------
[16/05/22 14:01:46:1443198] [INFO+]: ----------INFO START----------
[16/05/22 14:01:46:1449429] [INFO ]: Full update took [0ms]
[16/05/22 14:01:46:1452486] [INFO ]: Starting Lobby Servers took [0ms]
[16/05/22 14:01:46:1455829] [INFO ]: Stopping Lobby Servers took [0ms]
[16/05/22 14:01:46:1458874] [INFO ]: Starting Game Servers took [0ms]
[16/05/22 14:01:46:1462437] [INFO ]: Starting Game Servers took [0ms]
[16/05/22 14:01:46:1465440] [INFO ]: 
[16/05/22 14:01:46:1468535] [INFO ]: Server Spooler:
[16/05/22 14:01:46:1471575] [INFO ]:  | >IP: 127.0.0.1:5105
[16/05/22 14:01:46:1474431] [INFO ]:  |
[16/05/22 14:01:46:1477488] [INFO ]: Load Balancer [0ms]:
[16/05/22 14:01:46:1480453] [INFO ]:  | >IP: 127.0.0.1:7107
[16/05/22 14:01:46:1483648] [INFO ]:  | >Queue Length: 0
[16/05/22 14:01:46:1486635] [INFO ]:  |
[16/05/22 14:01:46:1489634] [INFO ]: Lobby Servers [0ms]: 
[16/05/22 14:01:46:1492516] [INFO ]:  | Lobby Server [0] [0ms]: 
[16/05/22 14:01:46:1495475] [INFO ]:  | | >IP: 127.0.0.1:10123
[16/05/22 14:01:46:1498237] [INFO ]:  | | >Fill Level: 0/2
[16/05/22 14:01:46:1501767] [INFO ]:  |
[16/05/22 14:01:46:1504671] [INFO ]: Matchmaker [0ms]:
[16/05/22 14:01:46:1507536] [INFO ]:  | >IP: 127.0.0.1:6106
[16/05/22 14:01:46:1510527] [INFO ]:  | >Queue Length: 0
[16/05/22 14:01:46:1513551] [INFO ]:  |
[16/05/22 14:01:46:1516440] [INFO ]: Game Servers [0ms]: 
[16/05/22 14:01:46:1519327] [INFO ]:  | Game Server [0] [0ms]: 
[16/05/22 14:01:46:1522262] [INFO ]:  | | >IP: 127.0.0.1:20123
[16/05/22 14:01:46:1525011] [INFO ]:  | | >Fill Level: 0/2
[16/05/22 14:01:46:1527726] [INFO ]: ----------INFO ENDS----------
[16/05/22 14:01:47:1618960] [INFO+]: ----------INFO START----------
[16/05/22 14:01:47:1643488] [INFO ]: Full update took [0ms]
[16/05/22 14:01:47:1646716] [INFO ]: Starting Lobby Servers took [0ms]
[16/05/22 14:01:47:1649271] [INFO ]: Stopping Lobby Servers took [0ms]
[16/05/22 14:01:47:1651709] [INFO ]: Starting Game Servers took [0ms]
[16/05/22 14:01:47:1654224] [INFO ]: Starting Game Servers took [0ms]
[16/05/22 14:01:47:1656873] [INFO ]: 
[16/05/22 14:01:47:1659191] [INFO ]: Server Spooler:
[16/05/22 14:01:47:1661825] [INFO ]:  | >IP: 127.0.0.1:5105
[16/05/22 14:01:47:1664399] [INFO ]:  |
[16/05/22 14:01:47:1666894] [INFO ]: Load Balancer [0ms]:
[16/05/22 14:01:47:1669375] [INFO ]:  | >IP: 127.0.0.1:7107
[16/05/22 14:01:47:1671959] [INFO ]:  | >Queue Length: 0
[16/05/22 14:01:47:1674383] [INFO ]:  |
[16/05/22 14:01:47:1676992] [INFO ]: Lobby Servers [0ms]: 
[16/05/22 14:01:47:1679883] [INFO ]:  | Lobby Server [0] [0ms]: 
[16/05/22 14:01:47:1682548] [INFO ]:  | | >IP: 127.0.0.1:10123
[16/05/22 14:01:47:1685122] [INFO ]:  | | >Fill Level: 0/2
[16/05/22 14:01:47:1687828] [INFO ]:  |
[16/05/22 14:01:47:1690305] [INFO ]: Matchmaker [0ms]:
[16/05/22 14:01:47:1694103] [INFO ]:  | >IP: 127.0.0.1:6106
[16/05/22 14:01:47:1696627] [INFO ]:  | >Queue Length: 0
[16/05/22 14:01:47:1699208] [INFO ]:  |
[16/05/22 14:01:47:1701774] [INFO ]: Game Servers [0ms]: 
[16/05/22 14:01:47:1704240] [INFO ]:  | Game Server [0] [0ms]: 
[16/05/22 14:01:47:1706839] [INFO ]:  | | >IP: 127.0.0.1:20123
[16/05/22 14:01:47:1709533] [INFO ]:  | | >Fill Level: 0/2
[16/05/22 14:01:47:1712088] [INFO ]: ----------INFO ENDS----------
[16/05/22 14:01:48:2150625] [INFO+]: ----------INFO START----------
[16/05/22 14:01:48:2162808] [INFO ]: Full update took [0ms]
[16/05/22 14:01:48:2170721] [INFO ]: Starting Lobby Servers took [0ms]
[16/05/22 14:01:48:2178194] [INFO ]: Stopping Lobby Servers took [0ms]
[16/05/22 14:01:48:2184724] [INFO ]: Starting Game Servers took [0ms]
[16/05/22 14:01:48:2194969] [INFO ]: Starting Game Servers took [0ms]
[16/05/22 14:01:48:2202146] [INFO ]: 
[16/05/22 14:01:48:2209376] [INFO ]: Server Spooler:
[16/05/22 14:01:48:2216969] [INFO ]:  | >IP: 127.0.0.1:5105
[16/05/22 14:01:48:2224111] [INFO ]:  |
[16/05/22 14:01:48:2230819] [INFO ]: Load Balancer [0ms]:
[16/05/22 14:01:48:2237902] [INFO ]:  | >IP: 127.0.0.1:7107
[16/05/22 14:01:48:2244628] [INFO ]:  | >Queue Length: 0
[16/05/22 14:01:48:2251615] [INFO ]:  |
[16/05/22 14:01:48:2258649] [INFO ]: Lobby Servers [0ms]: 
[16/05/22 14:01:48:2265805] [INFO ]:  | Lobby Server [0] [0ms]: 
[16/05/22 14:01:48:2273088] [INFO ]:  | | >IP: 127.0.0.1:10123
[16/05/22 14:01:48:2279696] [INFO ]:  | | >Fill Level: 0/2
[16/05/22 14:01:48:2286926] [INFO ]:  |
[16/05/22 14:01:48:2294215] [INFO ]: Matchmaker [0ms]:
[16/05/22 14:01:48:2305175] [INFO ]:  | >IP: 127.0.0.1:6106
[16/05/22 14:01:48:2312527] [INFO ]:  | >Queue Length: 0
[16/05/22 14:01:48:2319794] [INFO ]:  |
[16/05/22 14:01:48:2327675] [INFO ]: Game Servers [0ms]: 
[16/05/22 14:01:48:2334638] [INFO ]:  | Game Server [0] [0ms]: 
[16/05/22 14:01:48:2341287] [INFO ]:  | | >IP: 127.0.0.1:20123
[16/05/22 14:01:48:2347937] [INFO ]:  | | >Fill Level: 0/2
[16/05/22 14:01:48:2354909] [INFO ]: ----------INFO ENDS----------
[16/05/22 14:01:49:2529196] [INFO+]: ----------INFO START----------
[16/05/22 14:01:49:2539136] [INFO ]: Full update took [0ms]
[16/05/22 14:01:49:2551181] [INFO ]: Starting Lobby Servers took [0ms]
[16/05/22 14:01:49:2561366] [INFO ]: Stopping Lobby Servers took [0ms]
[16/05/22 14:01:49:2569408] [INFO ]: Starting Game Servers took [0ms]
[16/05/22 14:01:49:2577295] [INFO ]: Starting Game Servers took [0ms]
[16/05/22 14:01:49:2585219] [INFO ]: 
[16/05/22 14:01:49:2593094] [INFO ]: Server Spooler:
[16/05/22 14:01:49:2600984] [INFO ]:  | >IP: 127.0.0.1:5105
[16/05/22 14:01:49:2608583] [INFO ]:  |
[16/05/22 14:01:49:2615271] [INFO ]: Load Balancer [0ms]:
[16/05/22 14:01:49:2622828] [INFO ]:  | >IP: 127.0.0.1:7107
[16/05/22 14:01:49:2630633] [INFO ]:  | >Queue Length: 0
[16/05/22 14:01:49:2638658] [INFO ]:  |
[16/05/22 14:01:49:2645730] [INFO ]: Lobby Servers [0ms]: 
[16/05/22 14:01:49:2653144] [INFO ]:  | Lobby Server [0] [0ms]: 
[16/05/22 14:01:49:2660968] [INFO ]:  | | >IP: 127.0.0.1:10123
[16/05/22 14:01:49:2669177] [INFO ]:  | | >Fill Level: 0/2
[16/05/22 14:01:49:2676438] [INFO ]:  |
[16/05/22 14:01:49:2687485] [INFO ]: Matchmaker [0ms]:
[16/05/22 14:01:49:2698315] [INFO ]:  | >IP: 127.0.0.1:6106
[16/05/22 14:01:49:2705797] [INFO ]:  | >Queue Length: 0
[16/05/22 14:01:49:2715453] [INFO ]:  |
[16/05/22 14:01:49:2724157] [INFO ]: Game Servers [0ms]: 
[16/05/22 14:01:49:2732093] [INFO ]:  | Game Server [0] [0ms]: 
[16/05/22 14:01:49:2740358] [INFO ]:  | | >IP: 127.0.0.1:20123
[16/05/22 14:01:49:2748221] [INFO ]:  | | >Fill Level: 0/2
[16/05/22 14:01:49:2756247] [INFO ]: ----------INFO ENDS----------
[16/05/22 14:01:49:6453206] [INFO ]: Starting lobby 1 on port 10124
[16/05/22 14:01:49:7037399] [INFO ]: Accepting client
[16/05/22 14:01:49:7268926] [INFO ]: Accepting connection
[16/05/22 14:01:50:0453163] [INFO ]: Connection established
[16/05/22 14:01:50:3042585] [INFO+]: ----------INFO START----------
[16/05/22 14:01:50:3058421] [INFO ]: Full update took [0ms]
[16/05/22 14:01:50:3066340] [INFO ]: Starting Lobby Servers took [0ms]
[16/05/22 14:01:50:3074915] [INFO ]: Stopping Lobby Servers took [0ms]
[16/05/22 14:01:50:3083305] [INFO ]: Starting Game Servers took [0ms]
[16/05/22 14:01:50:3091035] [INFO ]: Starting Game Servers took [0ms]
[16/05/22 14:01:50:3098861] [INFO ]: 
[16/05/22 14:01:50:3106402] [INFO ]: Server Spooler:
[16/05/22 14:01:50:3113735] [INFO ]:  | >IP: 127.0.0.1:5105
[16/05/22 14:01:50:3121360] [INFO ]:  |
[16/05/22 14:01:50:3129481] [INFO ]: Load Balancer [0ms]:
[16/05/22 14:01:50:3137037] [INFO ]:  | >IP: 127.0.0.1:7107
[16/05/22 14:01:50:3144648] [INFO ]:  | >Queue Length: 0
[16/05/22 14:01:50:3152562] [INFO ]:  |
[16/05/22 14:01:50:3160176] [INFO ]: Lobby Servers [0ms]: 
[16/05/22 14:01:50:3167806] [INFO ]:  | Lobby Server [0] [0ms]: 
[16/05/22 14:01:50:3175525] [INFO ]:  | | >IP: 127.0.0.1:10123
[16/05/22 14:01:50:3183249] [INFO ]:  | | >Fill Level: 1/2
[16/05/22 14:01:50:3208398] [INFO ]:  | Lobby Server [1] [0ms]: 
[16/05/22 14:01:50:3220102] [INFO ]:  | | >IP: 127.0.0.1:10124
[16/05/22 14:01:50:3228202] [INFO ]:  | | >Fill Level: 0/2
[16/05/22 14:01:50:3237022] [INFO ]:  |
[16/05/22 14:01:50:3246132] [INFO ]: Matchmaker [0ms]:
[16/05/22 14:01:50:3254190] [INFO ]:  | >IP: 127.0.0.1:6106
[16/05/22 14:01:50:3262339] [INFO ]:  | >Queue Length: 0
[16/05/22 14:01:50:3269484] [INFO ]:  |
[16/05/22 14:01:50:3277829] [INFO ]: Game Servers [0ms]: 
[16/05/22 14:01:50:3285509] [INFO ]:  | Game Server [0] [0ms]: 
[16/05/22 14:01:50:3293216] [INFO ]:  | | >IP: 127.0.0.1:20123
[16/05/22 14:01:50:3300881] [INFO ]:  | | >Fill Level: 0/2
[16/05/22 14:01:50:3309358] [INFO ]: ----------INFO ENDS----------
[16/05/22 14:01:51:3756648] [INFO+]: ----------INFO START----------
[16/05/22 14:01:51:3766206] [INFO ]: Full update took [0ms]
[16/05/22 14:01:51:3770749] [INFO ]: Starting Lobby Servers took [0ms]
[16/05/22 14:01:51:3775033] [INFO ]: Stopping Lobby Servers took [0ms]
[16/05/22 14:01:51:3779457] [INFO ]: Starting Game Servers took [0ms]
[16/05/22 14:01:51:3784380] [INFO ]: Starting Game Servers took [0ms]
[16/05/22 14:01:51:3788565] [INFO ]: 
[16/05/22 14:01:51:3792482] [INFO ]: Server Spooler:
[16/05/22 14:01:51:3796654] [INFO ]:  | >IP: 127.0.0.1:5105
[16/05/22 14:01:51:3800663] [INFO ]:  |
[16/05/22 14:01:51:3804834] [INFO ]: Load Balancer [0ms]:
[16/05/22 14:01:51:3808978] [INFO ]:  | >IP: 127.0.0.1:7107
[16/05/22 14:01:51:3812904] [INFO ]:  | >Queue Length: 0
[16/05/22 14:01:51:3817215] [INFO ]:  |
[16/05/22 14:01:51:3821697] [INFO ]: Lobby Servers [0ms]: 
[16/05/22 14:01:51:3826089] [INFO ]:  | Lobby Server [0] [0ms]: 
[16/05/22 14:01:51:3830082] [INFO ]:  | | >IP: 127.0.0.1:10123
[16/05/22 14:01:51:3834130] [INFO ]:  | | >Fill Level: 1/2
[16/05/22 14:01:51:3839292] [INFO ]:  | Lobby Server [1] [0ms]: 
[16/05/22 14:01:51:3842925] [INFO ]:  | | >IP: 127.0.0.1:10124
[16/05/22 14:01:51:3846811] [INFO ]:  | | >Fill Level: 0/2
[16/05/22 14:01:51:3852508] [INFO ]:  |
[16/05/22 14:01:51:3856041] [INFO ]: Matchmaker [0ms]:
[16/05/22 14:01:51:3860266] [INFO ]:  | >IP: 127.0.0.1:6106
[16/05/22 14:01:51:3864543] [INFO ]:  | >Queue Length: 0
[16/05/22 14:01:51:3868502] [INFO ]:  |
[16/05/22 14:01:51:3872530] [INFO ]: Game Servers [0ms]: 
[16/05/22 14:01:51:3877584] [INFO ]:  | Game Server [0] [0ms]: 
[16/05/22 14:01:51:3882978] [INFO ]:  | | >IP: 127.0.0.1:20123
[16/05/22 14:01:51:3887178] [INFO ]:  | | >Fill Level: 0/2
[16/05/22 14:01:51:3891122] [INFO ]: ----------INFO ENDS----------
[16/05/22 14:01:52:4200543] [INFO+]: ----------INFO START----------
[16/05/22 14:01:52:4218345] [INFO ]: Full update took [0ms]
[16/05/22 14:01:52:4225062] [INFO ]: Starting Lobby Servers took [0ms]
[16/05/22 14:01:52:4231556] [INFO ]: Stopping Lobby Servers took [0ms]
[16/05/22 14:01:52:4237634] [INFO ]: Starting Game Servers took [0ms]
[16/05/22 14:01:52:4244536] [INFO ]: Starting Game Servers took [0ms]
[16/05/22 14:01:52:4250971] [INFO ]: 
[16/05/22 14:01:52:4257471] [INFO ]: Server Spooler:
[16/05/22 14:01:52:4264363] [INFO ]:  | >IP: 127.0.0.1:5105
[16/05/22 14:01:52:4271200] [INFO ]:  |
[16/05/22 14:01:52:4277863] [INFO ]: Load Balancer [0ms]:
[16/05/22 14:01:52:4283960] [INFO ]:  | >IP: 127.0.0.1:7107
[16/05/22 14:01:52:4290165] [INFO ]:  | >Queue Length: 0
[16/05/22 14:01:52:4296313] [INFO ]:  |
[16/05/22 14:01:52:4303141] [INFO ]: Lobby Servers [0ms]: 
[16/05/22 14:01:52:4310115] [INFO ]:  | Lobby Server [0] [0ms]: 
[16/05/22 14:01:52:4316481] [INFO ]:  | | >IP: 127.0.0.1:10123
[16/05/22 14:01:52:4324364] [INFO ]:  | | >Fill Level: 1/2
[16/05/22 14:01:52:4331170] [INFO ]:  | Lobby Server [1] [0ms]: 
[16/05/22 14:01:52:4338283] [INFO ]:  | | >IP: 127.0.0.1:10124
[16/05/22 14:01:52:4345399] [INFO ]:  | | >Fill Level: 0/2
[16/05/22 14:01:52:4355593] [INFO ]:  |
[16/05/22 14:01:52:4361779] [INFO ]: Matchmaker [0ms]:
[16/05/22 14:01:52:4366022] [INFO ]:  | >IP: 127.0.0.1:6106
[16/05/22 14:01:52:4370328] [INFO ]:  | >Queue Length: 0
[16/05/22 14:01:52:4375052] [INFO ]:  |
[16/05/22 14:01:52:4379250] [INFO ]: Game Servers [0ms]: 
[16/05/22 14:01:52:4383502] [INFO ]:  | Game Server [0] [0ms]: 
[16/05/22 14:01:52:4387504] [INFO ]:  | | >IP: 127.0.0.1:20123
[16/05/22 14:01:52:4391808] [INFO ]:  | | >Fill Level: 0/2
[16/05/22 14:01:52:4396023] [INFO ]: ----------INFO ENDS----------
[16/05/22 14:01:53:4534048] [INFO+]: ----------INFO START----------
[16/05/22 14:01:53:4550768] [INFO ]: Full update took [0ms]
[16/05/22 14:01:53:4558323] [INFO ]: Starting Lobby Servers took [0ms]
[16/05/22 14:01:53:4566339] [INFO ]: Stopping Lobby Servers took [0ms]
[16/05/22 14:01:53:4574701] [INFO ]: Starting Game Servers took [0ms]
[16/05/22 14:01:53:4582313] [INFO ]: Starting Game Servers took [0ms]
[16/05/22 14:01:53:4589987] [INFO ]: 
[16/05/22 14:01:53:4597861] [INFO ]: Server Spooler:
[16/05/22 14:01:53:4605885] [INFO ]:  | >IP: 127.0.0.1:5105
[16/05/22 14:01:53:4614301] [INFO ]:  |
[16/05/22 14:01:53:4621994] [INFO ]: Load Balancer [0ms]:
[16/05/22 14:01:53:4630393] [INFO ]:  | >IP: 127.0.0.1:7107
[16/05/22 14:01:53:4638012] [INFO ]:  | >Queue Length: 0
[16/05/22 14:01:53:4645987] [INFO ]:  |
[16/05/22 14:01:53:4653756] [INFO ]: Lobby Servers [0ms]: 
[16/05/22 14:01:53:4661392] [INFO ]:  | Lobby Server [0] [0ms]: 
[16/05/22 14:01:53:4669193] [INFO ]:  | | >IP: 127.0.0.1:10123
[16/05/22 14:01:53:4676965] [INFO ]:  | | >Fill Level: 1/2
[16/05/22 14:01:53:4690080] [INFO ]:  | Lobby Server [1] [0ms]: 
[16/05/22 14:01:53:4697721] [INFO ]:  | | >IP: 127.0.0.1:10124
[16/05/22 14:01:53:4706272] [INFO ]:  | | >Fill Level: 0/2
[16/05/22 14:01:53:4714430] [INFO ]:  |
[16/05/22 14:01:53:4722676] [INFO ]: Matchmaker [0ms]:
[16/05/22 14:01:53:4730752] [INFO ]:  | >IP: 127.0.0.1:6106
[16/05/22 14:01:53:4738915] [INFO ]:  | >Queue Length: 0
[16/05/22 14:01:53:4746789] [INFO ]:  |
[16/05/22 14:01:53:4754939] [INFO ]: Game Servers [0ms]: 
[16/05/22 14:01:53:4762220] [INFO ]:  | Game Server [0] [0ms]: 
[16/05/22 14:01:53:4770497] [INFO ]:  | | >IP: 127.0.0.1:20123
[16/05/22 14:01:53:4778172] [INFO ]:  | | >Fill Level: 0/2
[16/05/22 14:01:53:4785671] [INFO ]: ----------INFO ENDS----------
[16/05/22 14:01:54:4814131] [INFO+]: ----------INFO START----------
[16/05/22 14:01:54:4825978] [INFO ]: Full update took [0ms]
[16/05/22 14:01:54:4833363] [INFO ]: Starting Lobby Servers took [0ms]
[16/05/22 14:01:54:4841439] [INFO ]: Stopping Lobby Servers took [0ms]
[16/05/22 14:01:54:4854586] [INFO ]: Starting Game Servers took [0ms]
[16/05/22 14:01:54:4865096] [INFO ]: Starting Game Servers took [0ms]
[16/05/22 14:01:54:4873894] [INFO ]: 
[16/05/22 14:01:54:4882342] [INFO ]: Server Spooler:
[16/05/22 14:01:54:4891692] [INFO ]:  | >IP: 127.0.0.1:5105
[16/05/22 14:01:54:4900386] [INFO ]:  |
[16/05/22 14:01:54:4907154] [INFO ]: Load Balancer [0ms]:
[16/05/22 14:01:54:4914936] [INFO ]:  | >IP: 127.0.0.1:7107
[16/05/22 14:01:54:4922022] [INFO ]:  | >Queue Length: 0
[16/05/22 14:01:54:4929808] [INFO ]:  |
[16/05/22 14:01:54:4937898] [INFO ]: Lobby Servers [0ms]: 
[16/05/22 14:01:54:4949668] [INFO ]:  | Lobby Server [0] [0ms]: 
[16/05/22 14:01:54:4957440] [INFO ]:  | | >IP: 127.0.0.1:10123
[16/05/22 14:01:54:4964798] [INFO ]:  | | >Fill Level: 1/2
[16/05/22 14:01:54:4972682] [INFO ]:  | Lobby Server [1] [0ms]: 
[16/05/22 14:01:54:4980216] [INFO ]:  | | >IP: 127.0.0.1:10124
[16/05/22 14:01:54:4987589] [INFO ]:  | | >Fill Level: 0/2
[16/05/22 14:01:54:4995868] [INFO ]:  |
[16/05/22 14:01:54:5004319] [INFO ]: Matchmaker [0ms]:
[16/05/22 14:01:54:5013877] [INFO ]:  | >IP: 127.0.0.1:6106
[16/05/22 14:01:54:5021625] [INFO ]:  | >Queue Length: 0
[16/05/22 14:01:54:5030186] [INFO ]:  |
[16/05/22 14:01:54:5037727] [INFO ]: Game Servers [0ms]: 
[16/05/22 14:01:54:5046119] [INFO ]:  | Game Server [0] [0ms]: 
[16/05/22 14:01:54:5054779] [INFO ]:  | | >IP: 127.0.0.1:20123
[16/05/22 14:01:54:5064017] [INFO ]:  | | >Fill Level: 0/2
[16/05/22 14:01:54:5071919] [INFO ]: ----------INFO ENDS----------
[16/05/22 14:01:55:5137013] [INFO+]: ----------INFO START----------
[16/05/22 14:01:55:5152564] [INFO ]: Full update took [0ms]
[16/05/22 14:01:55:5160459] [INFO ]: Starting Lobby Servers took [0ms]
[16/05/22 14:01:55:5167453] [INFO ]: Stopping Lobby Servers took [0ms]
[16/05/22 14:01:55:5181601] [INFO ]: Starting Game Servers took [0ms]
[16/05/22 14:01:55:5190133] [INFO ]: Starting Game Servers took [0ms]
[16/05/22 14:01:55:5201934] [INFO ]: 
[16/05/22 14:01:55:5209937] [INFO ]: Server Spooler:
[16/05/22 14:01:55:5217481] [INFO ]:  | >IP: 127.0.0.1:5105
[16/05/22 14:01:55:5225725] [INFO ]:  |
[16/05/22 14:01:55:5233440] [INFO ]: Load Balancer [0ms]:
[16/05/22 14:01:55:5240950] [INFO ]:  | >IP: 127.0.0.1:7107
[16/05/22 14:01:55:5249046] [INFO ]:  | >Queue Length: 0
[16/05/22 14:01:55:5256848] [INFO ]:  |
[16/05/22 14:01:55:5264824] [INFO ]: Lobby Servers [0ms]: 
[16/05/22 14:01:55:5272661] [INFO ]:  | Lobby Server [0] [0ms]: 
[16/05/22 14:01:55:5283087] [INFO ]:  | | >IP: 127.0.0.1:10123
[16/05/22 14:01:55:5290734] [INFO ]:  | | >Fill Level: 1/2
[16/05/22 14:01:55:5298617] [INFO ]:  | Lobby Server [1] [0ms]: 
[16/05/22 14:01:55:5306540] [INFO ]:  | | >IP: 127.0.0.1:10124
[16/05/22 14:01:55:5313903] [INFO ]:  | | >Fill Level: 0/2
[16/05/22 14:01:55:5321701] [INFO ]:  |
[16/05/22 14:01:55:5329611] [INFO ]: Matchmaker [0ms]:
[16/05/22 14:01:55:5337495] [INFO ]:  | >IP: 127.0.0.1:6106
[16/05/22 14:01:55:5347261] [INFO ]:  | >Queue Length: 0
[16/05/22 14:01:55:5354962] [INFO ]:  |
[16/05/22 14:01:55:5362815] [INFO ]: Game Servers [0ms]: 
[16/05/22 14:01:55:5370342] [INFO ]:  | Game Server [0] [0ms]: 
[16/05/22 14:01:55:5378184] [INFO ]:  | | >IP: 127.0.0.1:20123
[16/05/22 14:01:55:5386243] [INFO ]:  | | >Fill Level: 0/2
[16/05/22 14:01:55:5393380] [INFO ]: ----------INFO ENDS----------
[16/05/22 14:01:56:5369454] [INFO ]: Starting game server 1 on port 20124
[16/05/22 14:01:56:5886965] [INFO ]: Accepting client
[16/05/22 14:01:56:5970621] [INFO ]: Accepting connection
[16/05/22 14:01:56:9150362] [INFO ]: Connection established
[16/05/22 14:01:56:9162664] [INFO+]: ----------INFO START----------
[16/05/22 14:01:56:9173890] [INFO ]: Full update took [0ms]
[16/05/22 14:01:56:9182281] [INFO ]: Starting Lobby Servers took [0ms]
[16/05/22 14:01:56:9195068] [INFO ]: Stopping Lobby Servers took [0ms]
[16/05/22 14:01:56:9217098] [INFO ]: Starting Game Servers took [379ms]
[16/05/22 14:01:56:9225710] [INFO ]: Starting Game Servers took [0ms]
[16/05/22 14:01:56:9234139] [INFO ]: 
[16/05/22 14:01:56:9239354] [INFO ]: Server Spooler:
[16/05/22 14:01:56:9246995] [INFO ]:  | >IP: 127.0.0.1:5105
[16/05/22 14:01:56:9254295] [INFO ]:  |
[16/05/22 14:01:56:9260060] [INFO ]: Load Balancer [0ms]:
[16/05/22 14:01:56:9266820] [INFO ]:  | >IP: 127.0.0.1:7107
[16/05/22 14:01:56:9273172] [INFO ]:  | >Queue Length: 0
[16/05/22 14:01:56:9285796] [INFO ]:  |
[16/05/22 14:01:56:9294596] [INFO ]: Lobby Servers [0ms]: 
[16/05/22 14:01:56:9299685] [INFO ]:  | Lobby Server [1] [0ms]: 
[16/05/22 14:01:56:9307347] [INFO ]:  | | >IP: 127.0.0.1:10124
[16/05/22 14:01:56:9313632] [INFO ]:  | | >Fill Level: 0/2
[16/05/22 14:01:56:9321686] [INFO ]:  |
[16/05/22 14:01:56:9327299] [INFO ]: Matchmaker [0ms]:
[16/05/22 14:01:56:9335541] [INFO ]:  | >IP: 127.0.0.1:6106
[16/05/22 14:01:56:9358357] [INFO ]:  | >Queue Length: 0
[16/05/22 14:01:56:9394675] [INFO ]:  |
[16/05/22 14:01:56:9410928] [INFO ]: Game Servers [0ms]: 
[16/05/22 14:01:56:9418936] [INFO ]:  | Game Server [0] [0ms]: 
[16/05/22 14:01:56:9425542] [INFO ]:  | | >IP: 127.0.0.1:20123
[16/05/22 14:01:56:9434802] [INFO ]:  | | >Fill Level: 1/2
[16/05/22 14:01:56:9446969] [INFO ]:  | Game Server [1] [0ms]: 
[16/05/22 14:01:56:9476949] [INFO ]:  | | >IP: 127.0.0.1:20124
[16/05/22 14:01:56:9488423] [INFO ]:  | | >Fill Level: 0/2
[16/05/22 14:01:56:9517825] [INFO ]: ----------INFO ENDS----------
[16/05/22 14:01:58:0086025] [INFO+]: ----------INFO START----------
[16/05/22 14:01:58:0099642] [INFO ]: Full update took [0ms]
[16/05/22 14:01:58:0107936] [INFO ]: Starting Lobby Servers took [0ms]
[16/05/22 14:01:58:0115947] [INFO ]: Stopping Lobby Servers took [0ms]
[16/05/22 14:01:58:0123563] [INFO ]: Starting Game Servers took [0ms]
[16/05/22 14:01:58:0131308] [INFO ]: Starting Game Servers took [0ms]
[16/05/22 14:01:58:0139112] [INFO ]: 
[16/05/22 14:01:58:0146180] [INFO ]: Server Spooler:
[16/05/22 14:01:58:0154023] [INFO ]:  | >IP: 127.0.0.1:5105
[16/05/22 14:01:58:0161918] [INFO ]:  |
[16/05/22 14:01:58:0173140] [INFO ]: Load Balancer [0ms]:
[16/05/22 14:01:58:0181088] [INFO ]:  | >IP: 127.0.0.1:7107
[16/05/22 14:01:58:0188902] [INFO ]:  | >Queue Length: 0
[16/05/22 14:01:58:0196657] [INFO ]:  |
[16/05/22 14:01:58:0204441] [INFO ]: Lobby Servers [0ms]: 
[16/05/22 14:01:58:0212769] [INFO ]:  | Lobby Server [1] [0ms]: 
[16/05/22 14:01:58:0221300] [INFO ]:  | | >IP: 127.0.0.1:10124
[16/05/22 14:01:58:0229213] [INFO ]:  | | >Fill Level: 0/2
[16/05/22 14:01:58:0237141] [INFO ]:  |
[16/05/22 14:01:58:0244892] [INFO ]: Matchmaker [0ms]:
[16/05/22 14:01:58:0252766] [INFO ]:  | >IP: 127.0.0.1:6106
[16/05/22 14:01:58:0263743] [INFO ]:  | >Queue Length: 0
[16/05/22 14:01:58:0271058] [INFO ]:  |
[16/05/22 14:01:58:0279080] [INFO ]: Game Servers [0ms]: 
[16/05/22 14:01:58:0287041] [INFO ]:  | Game Server [0] [0ms]: 
[16/05/22 14:01:58:0295159] [INFO ]:  | | >IP: 127.0.0.1:20123
[16/05/22 14:01:58:0303235] [INFO ]:  | | >Fill Level: 1/2
[16/05/22 14:01:58:0311417] [INFO ]:  | Game Server [1] [0ms]: 
[16/05/22 14:01:58:0319016] [INFO ]:  | | >IP: 127.0.0.1:20124
[16/05/22 14:01:58:0325926] [INFO ]:  | | >Fill Level: 0/2
[16/05/22 14:01:58:0335897] [INFO ]: ----------INFO ENDS----------
[16/05/22 14:01:59:0729978] [INFO+]: ----------INFO START----------
[16/05/22 14:01:59:0741537] [INFO ]: Full update took [0ms]
[16/05/22 14:01:59:0748675] [INFO ]: Starting Lobby Servers took [0ms]
[16/05/22 14:01:59:0755625] [INFO ]: Stopping Lobby Servers took [0ms]
[16/05/22 14:01:59:0762649] [INFO ]: Starting Game Servers took [0ms]
[16/05/22 14:01:59:0769413] [INFO ]: Starting Game Servers took [0ms]
[16/05/22 14:01:59:0776137] [INFO ]: 
[16/05/22 14:01:59:0783206] [INFO ]: Server Spooler:
[16/05/22 14:01:59:0790064] [INFO ]:  | >IP: 127.0.0.1:5105
[16/05/22 14:01:59:0797146] [INFO ]:  |
[16/05/22 14:01:59:0803611] [INFO ]: Load Balancer [0ms]:
[16/05/22 14:01:59:0810012] [INFO ]:  | >IP: 127.0.0.1:7107
[16/05/22 14:01:59:0816717] [INFO ]:  | >Queue Length: 0
[16/05/22 14:01:59:0823674] [INFO ]:  |
[16/05/22 14:01:59:0832611] [INFO ]: Lobby Servers [0ms]: 
[16/05/22 14:01:59:0839227] [INFO ]:  | Lobby Server [1] [0ms]: 
[16/05/22 14:01:59:0845665] [INFO ]:  | | >IP: 127.0.0.1:10124
[16/05/22 14:01:59:0852172] [INFO ]:  | | >Fill Level: 0/2
[16/05/22 14:01:59:0858974] [INFO ]:  |
[16/05/22 14:01:59:0866196] [INFO ]: Matchmaker [0ms]:
[16/05/22 14:01:59:0874287] [INFO ]:  | >IP: 127.0.0.1:6106
[16/05/22 14:01:59:0881003] [INFO ]:  | >Queue Length: 0
[16/05/22 14:01:59:0887417] [INFO ]:  |
[16/05/22 14:01:59:0895740] [INFO ]: Game Servers [0ms]: 
[16/05/22 14:01:59:0903440] [INFO ]:  | Game Server [0] [0ms]: 
[16/05/22 14:01:59:0912784] [INFO ]:  | | >IP: 127.0.0.1:20123
[16/05/22 14:01:59:0923950] [INFO ]:  | | >Fill Level: 1/2
[16/05/22 14:01:59:0930641] [INFO ]:  | Game Server [1] [0ms]: 
[16/05/22 14:01:59:0937781] [INFO ]:  | | >IP: 127.0.0.1:20124
[16/05/22 14:01:59:0944911] [INFO ]:  | | >Fill Level: 0/2
[16/05/22 14:01:59:0951878] [INFO ]: ----------INFO ENDS----------
[16/05/22 14:02:00:1500065] [INFO+]: ----------INFO START----------
[16/05/22 14:02:00:1507137] [INFO ]: Full update took [0ms]
[16/05/22 14:02:00:1516337] [INFO ]: Starting Lobby Servers took [0ms]
[16/05/22 14:02:00:1520858] [INFO ]: Stopping Lobby Servers took [0ms]
[16/05/22 14:02:00:1525216] [INFO ]: Starting Game Servers took [0ms]
[16/05/22 14:02:00:1529476] [INFO ]: Starting Game Servers took [0ms]
[16/05/22 14:02:00:1533852] [INFO ]: 
[16/05/22 14:02:00:1537708] [INFO ]: Server Spooler:
[16/05/22 14:02:00:1541434] [INFO ]:  | >IP: 127.0.0.1:5105
[16/05/22 14:02:00:1545939] [INFO ]:  |
[16/05/22 14:02:00:1550352] [INFO ]: Load Balancer [0ms]:
[16/05/22 14:02:00:1554751] [INFO ]:  | >IP: 127.0.0.1:7107
[16/05/22 14:02:00:1559047] [INFO ]:  | >Queue Length: 0
[16/05/22 14:02:00:1563318] [INFO ]:  |
[16/05/22 14:02:00:1567569] [INFO ]: Lobby Servers [0ms]: 
[16/05/22 14:02:00:1571862] [INFO ]:  | Lobby Server [1] [0ms]: 
[16/05/22 14:02:00:1575981] [INFO ]:  | | >IP: 127.0.0.1:10124
[16/05/22 14:02:00:1580328] [INFO ]:  | | >Fill Level: 0/2
[16/05/22 14:02:00:1584778] [INFO ]:  |
[16/05/22 14:02:00:1588654] [INFO ]: Matchmaker [0ms]:
[16/05/22 14:02:00:1592928] [INFO ]:  | >IP: 127.0.0.1:6106
[16/05/22 14:02:00:1597080] [INFO ]:  | >Queue Length: 0
[16/05/22 14:02:00:1601091] [INFO ]:  |
[16/05/22 14:02:00:1605373] [INFO ]: Game Servers [0ms]: 
[16/05/22 14:02:00:1609819] [INFO ]:  | Game Server [0] [0ms]: 
[16/05/22 14:02:00:1613944] [INFO ]:  | | >IP: 127.0.0.1:20123
[16/05/22 14:02:00:1618686] [INFO ]:  | | >Fill Level: 1/2
[16/05/22 14:02:00:1622879] [INFO ]:  | Game Server [1] [0ms]: 
[16/05/22 14:02:00:1627285] [INFO ]:  | | >IP: 127.0.0.1:20124
[16/05/22 14:02:00:1632172] [INFO ]:  | | >Fill Level: 0/2
[16/05/22 14:02:00:1636821] [INFO ]: ----------INFO ENDS----------
[16/05/22 14:02:01:2012477] [INFO+]: ----------INFO START----------
[16/05/22 14:02:01:2032282] [INFO ]: Full update took [0ms]
[16/05/22 14:02:01:2041013] [INFO ]: Starting Lobby Servers took [0ms]
[16/05/22 14:02:01:2048202] [INFO ]: Stopping Lobby Servers took [0ms]
[16/05/22 14:02:01:2055703] [INFO ]: Starting Game Servers took [0ms]
[16/05/22 14:02:01:2062923] [INFO ]: Starting Game Servers took [0ms]
[16/05/22 14:02:01:2065537] [INFO ]: 
[16/05/22 14:02:01:2068366] [INFO ]: Server Spooler:
[16/05/22 14:02:01:2071504] [INFO ]:  | >IP: 127.0.0.1:5105
[16/05/22 14:02:01:2074187] [INFO ]:  |
[16/05/22 14:02:01:2076868] [INFO ]: Load Balancer [0ms]:
[16/05/22 14:02:01:2079597] [INFO ]:  | >IP: 127.0.0.1:7107
[16/05/22 14:02:01:2082388] [INFO ]:  | >Queue Length: 0
[16/05/22 14:02:01:2084968] [INFO ]:  |
[16/05/22 14:02:01:2087765] [INFO ]: Lobby Servers [0ms]: 
[16/05/22 14:02:01:2090502] [INFO ]:  | Lobby Server [1] [0ms]: 
[16/05/22 14:02:01:2093346] [INFO ]:  | | >IP: 127.0.0.1:10124
[16/05/22 14:02:01:2096101] [INFO ]:  | | >Fill Level: 0/2
[16/05/22 14:02:01:2098733] [INFO ]:  |
[16/05/22 14:02:01:2101398] [INFO ]: Matchmaker [0ms]:
[16/05/22 14:02:01:2103893] [INFO ]:  | >IP: 127.0.0.1:6106
[16/05/22 14:02:01:2106596] [INFO ]:  | >Queue Length: 0
[16/05/22 14:02:01:2109310] [INFO ]:  |
[16/05/22 14:02:01:2111880] [INFO ]: Game Servers [0ms]: 
[16/05/22 14:02:01:2114612] [INFO ]:  | Game Server [0] [0ms]: 
[16/05/22 14:02:01:2117469] [INFO ]:  | | >IP: 127.0.0.1:20123
[16/05/22 14:02:01:2120144] [INFO ]:  | | >Fill Level: 1/2
[16/05/22 14:02:01:2122904] [INFO ]:  | Game Server [1] [0ms]: 
[16/05/22 14:02:01:2125781] [INFO ]:  | | >IP: 127.0.0.1:20124
[16/05/22 14:02:01:2128574] [INFO ]:  | | >Fill Level: 0/2
[16/05/22 14:02:01:2131310] [INFO ]: ----------INFO ENDS----------
[16/05/22 14:02:02:2479127] [INFO+]: ----------INFO START----------
[16/05/22 14:02:02:2495674] [INFO ]: Full update took [0ms]
[16/05/22 14:02:02:2510276] [INFO ]: Starting Lobby Servers took [0ms]
[16/05/22 14:02:02:2521921] [INFO ]: Stopping Lobby Servers took [0ms]
[16/05/22 14:02:02:2530107] [INFO ]: Starting Game Servers took [0ms]
[16/05/22 14:02:02:2537716] [INFO ]: Starting Game Servers took [0ms]
[16/05/22 14:02:02:2545494] [INFO ]: 
[16/05/22 14:02:02:2552967] [INFO ]: Server Spooler:
[16/05/22 14:02:02:2560434] [INFO ]:  | >IP: 127.0.0.1:5105
[16/05/22 14:02:02:2567457] [INFO ]:  |
[16/05/22 14:02:02:2576185] [INFO ]: Load Balancer [0ms]:
[16/05/22 14:02:02:2583873] [INFO ]:  | >IP: 127.0.0.1:7107
[16/05/22 14:02:02:2595745] [INFO ]:  | >Queue Length: 0
[16/05/22 14:02:02:2603325] [INFO ]:  |
[16/05/22 14:02:02:2610616] [INFO ]: Lobby Servers [0ms]: 
[16/05/22 14:02:02:2618943] [INFO ]:  | Lobby Server [1] [0ms]: 
[16/05/22 14:02:02:2627037] [INFO ]:  | | >IP: 127.0.0.1:10124
[16/05/22 14:02:02:2635177] [INFO ]:  | | >Fill Level: 0/2
[16/05/22 14:02:02:2642750] [INFO ]:  |
[16/05/22 14:02:02:2649954] [INFO ]: Matchmaker [0ms]:
[16/05/22 14:02:02:2661055] [INFO ]:  | >IP: 127.0.0.1:6106
[16/05/22 14:02:02:2669205] [INFO ]:  | >Queue Length: 0
[16/05/22 14:02:02:2677675] [INFO ]:  |
[16/05/22 14:02:02:2684986] [INFO ]: Game Servers [0ms]: 
[16/05/22 14:02:02:2692552] [INFO ]:  | Game Server [0] [0ms]: 
[16/05/22 14:02:02:2699853] [INFO ]:  | | >IP: 127.0.0.1:20123
[16/05/22 14:02:02:2707575] [INFO ]:  | | >Fill Level: 1/2
[16/05/22 14:02:02:2715595] [INFO ]:  | Game Server [1] [0ms]: 
[16/05/22 14:02:02:2726111] [INFO ]:  | | >IP: 127.0.0.1:20124
[16/05/22 14:02:02:2733788] [INFO ]:  | | >Fill Level: 0/2
[16/05/22 14:02:02:2752381] [INFO ]: ----------INFO ENDS----------
[16/05/22 14:02:03:3024221] [INFO+]: ----------INFO START----------
[16/05/22 14:02:03:3039338] [INFO ]: Full update took [0ms]
[16/05/22 14:02:03:3051694] [INFO ]: Starting Lobby Servers took [0ms]
[16/05/22 14:02:03:3060001] [INFO ]: Stopping Lobby Servers took [0ms]
[16/05/22 14:02:03:3067902] [INFO ]: Starting Game Servers took [0ms]
[16/05/22 14:02:03:3077959] [INFO ]: Starting Game Servers took [0ms]
[16/05/22 14:02:03:3085987] [INFO ]: 
[16/05/22 14:02:03:3095599] [INFO ]: Server Spooler:
[16/05/22 14:02:03:3103621] [INFO ]:  | >IP: 127.0.0.1:5105
[16/05/22 14:02:03:3111826] [INFO ]:  |
[16/05/22 14:02:03:3119525] [INFO ]: Load Balancer [0ms]:
[16/05/22 14:02:03:3127619] [INFO ]:  | >IP: 127.0.0.1:7107
[16/05/22 14:02:03:3135154] [INFO ]:  | >Queue Length: 0
[16/05/22 14:02:03:3142478] [INFO ]:  |
[16/05/22 14:02:03:3149637] [INFO ]: Lobby Servers [0ms]: 
[16/05/22 14:02:03:3166243] [INFO ]:  | Lobby Server [1] [0ms]: 
[16/05/22 14:02:03:3177903] [INFO ]:  | | >IP: 127.0.0.1:10124
[16/05/22 14:02:03:3192134] [INFO ]:  | | >Fill Level: 0/2
[16/05/22 14:02:03:3209024] [INFO ]:  |
[16/05/22 14:02:03:3217236] [INFO ]: Matchmaker [0ms]:
[16/05/22 14:02:03:3224863] [INFO ]:  | >IP: 127.0.0.1:6106
[16/05/22 14:02:03:3232011] [INFO ]:  | >Queue Length: 0
[16/05/22 14:02:03:3243450] [INFO ]:  |
[16/05/22 14:02:03:3251318] [INFO ]: Game Servers [0ms]: 
[16/05/22 14:02:03:3259797] [INFO ]:  | Game Server [0] [0ms]: 
[16/05/22 14:02:03:3267511] [INFO ]:  | | >IP: 127.0.0.1:20123
[16/05/22 14:02:03:3274850] [INFO ]:  | | >Fill Level: 1/2
[16/05/22 14:02:03:3282221] [INFO ]:  | Game Server [1] [0ms]: 
[16/05/22 14:02:03:3289331] [INFO ]:  | | >IP: 127.0.0.1:20124
[16/05/22 14:02:03:3297459] [INFO ]:  | | >Fill Level: 0/2
[16/05/22 14:02:03:3305027] [INFO ]: ----------INFO ENDS----------
[16/05/22 14:02:04:3410972] [INFO+]: ----------INFO START----------
[16/05/22 14:02:04:3414625] [INFO ]: Full update took [0ms]
[16/05/22 14:02:04:3419361] [INFO ]: Starting Lobby Servers took [0ms]
[16/05/22 14:02:04:3422456] [INFO ]: Stopping Lobby Servers took [0ms]
[16/05/22 14:02:04:3425238] [INFO ]: Starting Game Servers took [0ms]
[16/05/22 14:02:04:3427871] [INFO ]: Starting Game Servers took [0ms]
[16/05/22 14:02:04:3430897] [INFO ]: 
[16/05/22 14:02:04:3433676] [INFO ]: Server Spooler:
[16/05/22 14:02:04:3436241] [INFO ]:  | >IP: 127.0.0.1:5105
[16/05/22 14:02:04:3439164] [INFO ]:  |
[16/05/22 14:02:04:3441674] [INFO ]: Load Balancer [0ms]:
[16/05/22 14:02:04:3444322] [INFO ]:  | >IP: 127.0.0.1:7107
[16/05/22 14:02:04:3447002] [INFO ]:  | >Queue Length: 0
[16/05/22 14:02:04:3449873] [INFO ]:  |
[16/05/22 14:02:04:3452674] [INFO ]: Lobby Servers [0ms]: 
[16/05/22 14:02:04:3455467] [INFO ]:  | Lobby Server [1] [0ms]: 
[16/05/22 14:02:04:3458261] [INFO ]:  | | >IP: 127.0.0.1:10124
[16/05/22 14:02:04:3460993] [INFO ]:  | | >Fill Level: 0/2
[16/05/22 14:02:04:3463823] [INFO ]:  |
[16/05/22 14:02:04:3466537] [INFO ]: Matchmaker [0ms]:
[16/05/22 14:02:04:3469426] [INFO ]:  | >IP: 127.0.0.1:6106
[16/05/22 14:02:04:3472181] [INFO ]:  | >Queue Length: 0
[16/05/22 14:02:04:3474704] [INFO ]:  |
[16/05/22 14:02:04:3477535] [INFO ]: Game Servers [0ms]: 
[16/05/22 14:02:04:3480433] [INFO ]:  | Game Server [0] [0ms]: 
[16/05/22 14:02:04:3483083] [INFO ]:  | | >IP: 127.0.0.1:20123
[16/05/22 14:02:04:3486927] [INFO ]:  | | >Fill Level: 1/2
[16/05/22 14:02:04:3489664] [INFO ]:  | Game Server [1] [0ms]: 
[16/05/22 14:02:04:3492146] [INFO ]:  | | >IP: 127.0.0.1:20124
[16/05/22 14:02:04:3494897] [INFO ]:  | | >Fill Level: 0/2
[16/05/22 14:02:04:3497707] [INFO ]: ----------INFO ENDS----------
[16/05/22 14:02:05:3610072] [INFO+]: ----------INFO START----------
[16/05/22 14:02:05:3627190] [INFO ]: Full update took [0ms]
[16/05/22 14:02:05:3636823] [INFO ]: Starting Lobby Servers took [0ms]
[16/05/22 14:02:05:3646804] [INFO ]: Stopping Lobby Servers took [0ms]
[16/05/22 14:02:05:3661574] [INFO ]: Starting Game Servers took [0ms]
[16/05/22 14:02:05:3670568] [INFO ]: Starting Game Servers took [0ms]
[16/05/22 14:02:05:3679991] [INFO ]: 
[16/05/22 14:02:05:3688991] [INFO ]: Server Spooler:
[16/05/22 14:02:05:3697351] [INFO ]:  | >IP: 127.0.0.1:5105
[16/05/22 14:02:05:3706490] [INFO ]:  |
[16/05/22 14:02:05:3715173] [INFO ]: Load Balancer [0ms]:
[16/05/22 14:02:05:3723477] [INFO ]:  | >IP: 127.0.0.1:7107
[16/05/22 14:02:05:3732672] [INFO ]:  | >Queue Length: 0
[16/05/22 14:02:05:3741943] [INFO ]:  |
[16/05/22 14:02:05:3750305] [INFO ]: Lobby Servers [0ms]: 
[16/05/22 14:02:05:3758818] [INFO ]:  | Lobby Server [1] [0ms]: 
[16/05/22 14:02:05:3766890] [INFO ]:  | | >IP: 127.0.0.1:10124
[16/05/22 14:02:05:3774245] [INFO ]:  | | >Fill Level: 0/2
[16/05/22 14:02:05:3783426] [INFO ]:  |
[16/05/22 14:02:05:3791362] [INFO ]: Matchmaker [0ms]:
[16/05/22 14:02:05:3799241] [INFO ]:  | >IP: 127.0.0.1:6106
[16/05/22 14:02:05:3806860] [INFO ]:  | >Queue Length: 0
[16/05/22 14:02:05:3815960] [INFO ]:  |
[16/05/22 14:02:05:3824729] [INFO ]: Game Servers [0ms]: 
[16/05/22 14:02:05:3832093] [INFO ]:  | Game Server [0] [0ms]: 
[16/05/22 14:02:05:3839746] [INFO ]:  | | >IP: 127.0.0.1:20123
[16/05/22 14:02:05:3847219] [INFO ]:  | | >Fill Level: 1/2
[16/05/22 14:02:05:3855150] [INFO ]:  | Game Server [1] [0ms]: 
[16/05/22 14:02:05:3863126] [INFO ]:  | | >IP: 127.0.0.1:20124
[16/05/22 14:02:05:3870445] [INFO ]:  | | >Fill Level: 0/2
[16/05/22 14:02:05:3878806] [INFO ]: ----------INFO ENDS----------
[16/05/22 14:02:06:4275983] [INFO+]: ----------INFO START----------
[16/05/22 14:02:06:4289173] [INFO ]: Full update took [0ms]
[16/05/22 14:02:06:4294700] [INFO ]: Starting Lobby Servers took [0ms]
[16/05/22 14:02:06:4300241] [INFO ]: Stopping Lobby Servers took [0ms]
[16/05/22 14:02:06:4305779] [INFO ]: Starting Game Servers took [0ms]
[16/05/22 14:02:06:4311248] [INFO ]: Starting Game Servers took [0ms]
[16/05/22 14:02:06:4325983] [INFO ]: 
[16/05/22 14:02:06:4329623] [INFO ]: Server Spooler:
[16/05/22 14:02:06:4333215] [INFO ]:  | >IP: 127.0.0.1:5105
[16/05/22 14:02:06:4337412] [INFO ]:  |
[16/05/22 14:02:06:4341997] [INFO ]: Load Balancer [0ms]:
[16/05/22 14:02:06:4345447] [INFO ]:  | >IP: 127.0.0.1:7107
[16/05/22 14:02:06:4349526] [INFO ]:  | >Queue Length: 0
[16/05/22 14:02:06:4352954] [INFO ]:  |
[16/05/22 14:02:06:4356245] [INFO ]: Lobby Servers [0ms]: 
[16/05/22 14:02:06:4359700] [INFO ]:  | Lobby Server [1] [0ms]: 
[16/05/22 14:02:06:4363311] [INFO ]:  | | >IP: 127.0.0.1:10124
[16/05/22 14:02:06:4366423] [INFO ]:  | | >Fill Level: 0/2
[16/05/22 14:02:06:4369452] [INFO ]:  |
[16/05/22 14:02:06:4372539] [INFO ]: Matchmaker [0ms]:
[16/05/22 14:02:06:4375681] [INFO ]:  | >IP: 127.0.0.1:6106
[16/05/22 14:02:06:4379181] [INFO ]:  | >Queue Length: 0
[16/05/22 14:02:06:4382316] [INFO ]:  |
[16/05/22 14:02:06:4385284] [INFO ]: Game Servers [0ms]: 
[16/05/22 14:02:06:4388267] [INFO ]:  | Game Server [0] [0ms]: 
[16/05/22 14:02:06:4391356] [INFO ]:  | | >IP: 127.0.0.1:20123
[16/05/22 14:02:06:4394369] [INFO ]:  | | >Fill Level: 1/2
[16/05/22 14:02:06:4398003] [INFO ]:  | Game Server [1] [0ms]: 
[16/05/22 14:02:06:4401379] [INFO ]:  | | >IP: 127.0.0.1:20124
[16/05/22 14:02:06:4404476] [INFO ]:  | | >Fill Level: 0/2
[16/05/22 14:02:06:4408692] [INFO ]: ----------INFO ENDS----------
[16/05/22 14:02:07:4607567] [INFO+]: ----------INFO START----------
[16/05/22 14:02:07:4619809] [INFO ]: Full update took [0ms]
[16/05/22 14:02:07:4628450] [INFO ]: Starting Lobby Servers took [0ms]
[16/05/22 14:02:07:4635384] [INFO ]: Stopping Lobby Servers took [0ms]
[16/05/22 14:02:07:4643028] [INFO ]: Starting Game Servers took [0ms]
[16/05/22 14:02:07:4653008] [INFO ]: Starting Game Servers took [0ms]
[16/05/22 14:02:07:4660861] [INFO ]: 
[16/05/22 14:02:07:4668600] [INFO ]: Server Spooler:
[16/05/22 14:02:07:4676672] [INFO ]:  | >IP: 127.0.0.1:5105
[16/05/22 14:02:07:4684273] [INFO ]:  |
[16/05/22 14:02:07:4692270] [INFO ]: Load Balancer [0ms]:
[16/05/22 14:02:07:4699977] [INFO ]:  | >IP: 127.0.0.1:7107
[16/05/22 14:02:07:4707644] [INFO ]:  | >Queue Length: 0
[16/05/22 14:02:07:4718405] [INFO ]:  |
[16/05/22 14:02:07:4725873] [INFO ]: Lobby Servers [0ms]: 
[16/05/22 14:02:07:4733201] [INFO ]:  | Lobby Server [1] [0ms]: 
[16/05/22 14:02:07:4740452] [INFO ]:  | | >IP: 127.0.0.1:10124
[16/05/22 14:02:07:4748445] [INFO ]:  | | >Fill Level: 0/2
[16/05/22 14:02:07:4756108] [INFO ]:  |
[16/05/22 14:02:07:4763647] [INFO ]: Matchmaker [0ms]:
[16/05/22 14:02:07:4771280] [INFO ]:  | >IP: 127.0.0.1:6106
[16/05/22 14:02:07:4779418] [INFO ]:  | >Queue Length: 0
[16/05/22 14:02:07:4787498] [INFO ]:  |
[16/05/22 14:02:07:4795236] [INFO ]: Game Servers [0ms]: 
[16/05/22 14:02:07:4802760] [INFO ]:  | Game Server [0] [0ms]: 
[16/05/22 14:02:07:4810205] [INFO ]:  | | >IP: 127.0.0.1:20123
[16/05/22 14:02:07:4818814] [INFO ]:  | | >Fill Level: 1/2
[16/05/22 14:02:07:4826808] [INFO ]:  | Game Server [1] [0ms]: 
[16/05/22 14:02:07:4834328] [INFO ]:  | | >IP: 127.0.0.1:20124
[16/05/22 14:02:07:4841285] [INFO ]:  | | >Fill Level: 0/2
[16/05/22 14:02:07:4848961] [INFO ]: ----------INFO ENDS----------
[16/05/22 14:02:08:4995644] [INFO+]: ----------INFO START----------
[16/05/22 14:02:08:5012587] [INFO ]: Full update took [0ms]
[16/05/22 14:02:08:5022272] [INFO ]: Starting Lobby Servers took [0ms]
[16/05/22 14:02:08:5033420] [INFO ]: Stopping Lobby Servers took [0ms]
[16/05/22 14:02:08:5041850] [INFO ]: Starting Game Servers took [0ms]
[16/05/22 14:02:08:5049615] [INFO ]: Starting Game Servers took [0ms]
[16/05/22 14:02:08:5057557] [INFO ]: 
[16/05/22 14:02:08:5065805] [INFO ]: Server Spooler:
[16/05/22 14:02:08:5074380] [INFO ]:  | >IP: 127.0.0.1:5105
[16/05/22 14:02:08:5081933] [INFO ]:  |
[16/05/22 14:02:08:5089265] [INFO ]: Load Balancer [0ms]:
[16/05/22 14:02:08:5096440] [INFO ]:  | >IP: 127.0.0.1:7107
[16/05/22 14:02:08:5104026] [INFO ]:  | >Queue Length: 0
[16/05/22 14:02:08:5111066] [INFO ]:  |
[16/05/22 14:02:08:5118703] [INFO ]: Lobby Servers [0ms]: 
[16/05/22 14:02:08:5126292] [INFO ]:  | Lobby Server [1] [0ms]: 
[16/05/22 14:02:08:5133702] [INFO ]:  | | >IP: 127.0.0.1:10124
[16/05/22 14:02:08:5145812] [INFO ]:  | | >Fill Level: 0/2
[16/05/22 14:02:08:5154316] [INFO ]:  |
[16/05/22 14:02:08:5165457] [INFO ]: Matchmaker [0ms]:
[16/05/22 14:02:08:5173166] [INFO ]:  | >IP: 127.0.0.1:6106
[16/05/22 14:02:08:5180632] [INFO ]:  | >Queue Length: 0
[16/05/22 14:02:08:5188384] [INFO ]:  |
[16/05/22 14:02:08:5196405] [INFO ]: Game Servers [0ms]: 
[16/05/22 14:02:08:5204547] [INFO ]:  | Game Server [0] [0ms]: 
[16/05/22 14:02:08:5212234] [INFO ]:  | | >IP: 127.0.0.1:20123
[16/05/22 14:02:08:5219536] [INFO ]:  | | >Fill Level: 1/2
[16/05/22 14:02:08:5227523] [INFO ]:  | Game Server [1] [0ms]: 
[16/05/22 14:02:08:5235489] [INFO ]:  | | >IP: 127.0.0.1:20124
[16/05/22 14:02:08:5242372] [INFO ]:  | | >Fill Level: 0/2
[16/05/22 14:02:08:5250111] [INFO ]: ----------INFO ENDS----------
[16/05/22 14:02:09:5825924] [INFO+]: ----------INFO START----------
[16/05/22 14:02:09:5839285] [INFO ]: Full update took [0ms]
[16/05/22 14:02:09:5846777] [INFO ]: Starting Lobby Servers took [0ms]
[16/05/22 14:02:09:5853753] [INFO ]: Stopping Lobby Servers took [0ms]
[16/05/22 14:02:09:5862059] [INFO ]: Starting Game Servers took [0ms]
[16/05/22 14:02:09:5869917] [INFO ]: Starting Game Servers took [0ms]
[16/05/22 14:02:09:5878086] [INFO ]: 
[16/05/22 14:02:09:5885216] [INFO ]: Server Spooler:
[16/05/22 14:02:09:5892607] [INFO ]:  | >IP: 127.0.0.1:5105
[16/05/22 14:02:09:5900119] [INFO ]:  |
[16/05/22 14:02:09:5907998] [INFO ]: Load Balancer [0ms]:
[16/05/22 14:02:09:5914667] [INFO ]:  | >IP: 127.0.0.1:7107
[16/05/22 14:02:09:5922654] [INFO ]:  | >Queue Length: 0
[16/05/22 14:02:09:5930941] [INFO ]:  |
[16/05/22 14:02:09:5938682] [INFO ]: Lobby Servers [0ms]: 
[16/05/22 14:02:09:5946187] [INFO ]:  | Lobby Server [1] [0ms]: 
[16/05/22 14:02:09:5954214] [INFO ]:  | | >IP: 127.0.0.1:10124
[16/05/22 14:02:09:5962135] [INFO ]:  | | >Fill Level: 0/2
[16/05/22 14:02:09:5969084] [INFO ]:  |
[16/05/22 14:02:09:5977761] [INFO ]: Matchmaker [0ms]:
[16/05/22 14:02:09:5984967] [INFO ]:  | >IP: 127.0.0.1:6106
[16/05/22 14:02:09:5992214] [INFO ]:  | >Queue Length: 0
[16/05/22 14:02:09:5999779] [INFO ]:  |
[16/05/22 14:02:09:6006208] [INFO ]: Game Servers [0ms]: 
[16/05/22 14:02:09:6013403] [INFO ]:  | Game Server [0] [0ms]: 
[16/05/22 14:02:09:6020641] [INFO ]:  | | >IP: 127.0.0.1:20123
[16/05/22 14:02:09:6032409] [INFO ]:  | | >Fill Level: 1/2
[16/05/22 14:02:09:6039621] [INFO ]:  | Game Server [1] [0ms]: 
[16/05/22 14:02:09:6046505] [INFO ]:  | | >IP: 127.0.0.1:20124
[16/05/22 14:02:09:6054282] [INFO ]:  | | >Fill Level: 0/2
[16/05/22 14:02:09:6062359] [INFO ]: ----------INFO ENDS----------
[16/05/22 14:02:09:7983450] [INFO ]: Starting lobby 2 on port 10125
[16/05/22 14:02:09:8370559] [INFO ]: Accepting client
[16/05/22 14:02:09:8391786] [INFO ]: Accepting connection
[16/05/22 14:02:10:2313032] [INFO ]: Connection established
[16/05/22 14:02:10:6602583] [INFO+]: ----------INFO START----------
[16/05/22 14:02:10:6610490] [INFO ]: Full update took [0ms]
[16/05/22 14:02:10:6615643] [INFO ]: Starting Lobby Servers took [0ms]
[16/05/22 14:02:10:6621509] [INFO ]: Stopping Lobby Servers took [0ms]
[16/05/22 14:02:10:6627340] [INFO ]: Starting Game Servers took [0ms]
[16/05/22 14:02:10:6632862] [INFO ]: Starting Game Servers took [0ms]
[16/05/22 14:02:10:6641565] [INFO ]: 
[16/05/22 14:02:10:6647195] [INFO ]: Server Spooler:
[16/05/22 14:02:10:6652611] [INFO ]:  | >IP: 127.0.0.1:5105
[16/05/22 14:02:10:6657641] [INFO ]:  |
[16/05/22 14:02:10:6662949] [INFO ]: Load Balancer [0ms]:
[16/05/22 14:02:10:6668263] [INFO ]:  | >IP: 127.0.0.1:7107
[16/05/22 14:02:10:6673901] [INFO ]:  | >Queue Length: 0
[16/05/22 14:02:10:6679386] [INFO ]:  |
[16/05/22 14:02:10:6684790] [INFO ]: Lobby Servers [0ms]: 
[16/05/22 14:02:10:6690540] [INFO ]:  | Lobby Server [1] [0ms]: 
[16/05/22 14:02:10:6695951] [INFO ]:  | | >IP: 127.0.0.1:10124
[16/05/22 14:02:10:6701235] [INFO ]:  | | >Fill Level: 1/2
[16/05/22 14:02:10:6708007] [INFO ]:  | Lobby Server [2] [0ms]: 
[16/05/22 14:02:10:6715297] [INFO ]:  | | >IP: 127.0.0.1:10125
[16/05/22 14:02:10:6721934] [INFO ]:  | | >Fill Level: 0/2
[16/05/22 14:02:10:6728570] [INFO ]:  |
[16/05/22 14:02:10:6735999] [INFO ]: Matchmaker [0ms]:
[16/05/22 14:02:10:6744765] [INFO ]:  | >IP: 127.0.0.1:6106
[16/05/22 14:02:10:6751330] [INFO ]:  | >Queue Length: 0
[16/05/22 14:02:10:6757191] [INFO ]:  |
[16/05/22 14:02:10:6763382] [INFO ]: Game Servers [0ms]: 
[16/05/22 14:02:10:6769987] [INFO ]:  | Game Server [1] [0ms]: 
[16/05/22 14:02:10:6777079] [INFO ]:  | | >IP: 127.0.0.1:20124
[16/05/22 14:02:10:6783436] [INFO ]:  | | >Fill Level: 0/2
[16/05/22 14:02:10:6789928] [INFO ]: ----------INFO ENDS----------
[16/05/22 14:02:11:7488611] [INFO+]: ----------INFO START----------
[16/05/22 14:02:11:7503236] [INFO ]: Full update took [0ms]
[16/05/22 14:02:11:7510667] [INFO ]: Starting Lobby Servers took [0ms]
[16/05/22 14:02:11:7519062] [INFO ]: Stopping Lobby Servers took [0ms]
[16/05/22 14:02:11:7526627] [INFO ]: Starting Game Servers took [0ms]
[16/05/22 14:02:11:7535622] [INFO ]: Starting Game Servers took [0ms]
[16/05/22 14:02:11:7543355] [INFO ]: 
[16/05/22 14:02:11:7550531] [INFO ]: Server Spooler:
[16/05/22 14:02:11:7557902] [INFO ]:  | >IP: 127.0.0.1:5105
[16/05/22 14:02:11:7565666] [INFO ]:  |
[16/05/22 14:02:11:7572960] [INFO ]: Load Balancer [0ms]:
[16/05/22 14:02:11:7580414] [INFO ]:  | >IP: 127.0.0.1:7107
[16/05/22 14:02:11:7587745] [INFO ]:  | >Queue Length: 0
[16/05/22 14:02:11:7595525] [INFO ]:  |
[16/05/22 14:02:11:7603007] [INFO ]: Lobby Servers [0ms]: 
[16/05/22 14:02:11:7610410] [INFO ]:  | Lobby Server [1] [0ms]: 
[16/05/22 14:02:11:7618489] [INFO ]:  | | >IP: 127.0.0.1:10124
[16/05/22 14:02:11:7626443] [INFO ]:  | | >Fill Level: 1/2
[16/05/22 14:02:11:7637842] [INFO ]:  | Lobby Server [2] [0ms]: 
[16/05/22 14:02:11:7645930] [INFO ]:  | | >IP: 127.0.0.1:10125
[16/05/22 14:02:11:7653525] [INFO ]:  | | >Fill Level: 0/2
[16/05/22 14:02:11:7660664] [INFO ]:  |
[16/05/22 14:02:11:7672436] [INFO ]: Matchmaker [0ms]:
[16/05/22 14:02:11:7679824] [INFO ]:  | >IP: 127.0.0.1:6106
[16/05/22 14:02:11:7687831] [INFO ]:  | >Queue Length: 0
[16/05/22 14:02:11:7695717] [INFO ]:  |
[16/05/22 14:02:11:7703100] [INFO ]: Game Servers [0ms]: 
[16/05/22 14:02:11:7710702] [INFO ]:  | Game Server [1] [0ms]: 
[16/05/22 14:02:11:7718190] [INFO ]:  | | >IP: 127.0.0.1:20124
[16/05/22 14:02:11:7725764] [INFO ]:  | | >Fill Level: 0/2
[16/05/22 14:02:11:7733319] [INFO ]: ----------INFO ENDS----------
[16/05/22 14:02:12:8122471] [INFO+]: ----------INFO START----------
[16/05/22 14:02:12:8142347] [INFO ]: Full update took [0ms]
[16/05/22 14:02:12:8153124] [INFO ]: Starting Lobby Servers took [0ms]
[16/05/22 14:02:12:8163792] [INFO ]: Stopping Lobby Servers took [0ms]
[16/05/22 14:02:12:8188843] [INFO ]: Starting Game Servers took [0ms]
[16/05/22 14:02:12:8196240] [INFO ]: Starting Game Servers took [0ms]
[16/05/22 14:02:12:8204093] [INFO ]: 
[16/05/22 14:02:12:8210910] [INFO ]: Server Spooler:
[16/05/22 14:02:12:8222278] [INFO ]:  | >IP: 127.0.0.1:5105
[16/05/22 14:02:12:8235392] [INFO ]:  |
[16/05/22 14:02:12:8244554] [INFO ]: Load Balancer [0ms]:
[16/05/22 14:02:12:8253350] [INFO ]:  | >IP: 127.0.0.1:7107
[16/05/22 14:02:12:8261966] [INFO ]:  | >Queue Length: 0
[16/05/22 14:02:12:8270830] [INFO ]:  |
[16/05/22 14:02:12:8279485] [INFO ]: Lobby Servers [0ms]: 
[16/05/22 14:02:12:8286740] [INFO ]:  | Lobby Server [1] [0ms]: 
[16/05/22 14:02:12:8294937] [INFO ]:  | | >IP: 127.0.0.1:10124
[16/05/22 14:02:12:8311639] [INFO ]:  | | >Fill Level: 1/2
[16/05/22 14:02:12:8319509] [INFO ]:  | Lobby Server [2] [0ms]: 
[16/05/22 14:02:12:8329012] [INFO ]:  | | >IP: 127.0.0.1:10125
[16/05/22 14:02:12:8337497] [INFO ]:  | | >Fill Level: 0/2
[16/05/22 14:02:12:8345918] [INFO ]:  |
[16/05/22 14:02:12:8355496] [INFO ]: Matchmaker [0ms]:
[16/05/22 14:02:12:8364620] [INFO ]:  | >IP: 127.0.0.1:6106
[16/05/22 14:02:12:8375318] [INFO ]:  | >Queue Length: 0
[16/05/22 14:02:12:8387089] [INFO ]:  |
[16/05/22 14:02:12:8395977] [INFO ]: Game Servers [0ms]: 
[16/05/22 14:02:12:8405427] [INFO ]:  | Game Server [1] [0ms]: 
[16/05/22 14:02:12:8414156] [INFO ]:  | | >IP: 127.0.0.1:20124
[16/05/22 14:02:12:8422690] [INFO ]:  | | >Fill Level: 0/2
[16/05/22 14:02:12:8431313] [INFO ]: ----------INFO ENDS----------
[16/05/22 14:02:13:8982590] [INFO+]: ----------INFO START----------
[16/05/22 14:02:13:8998485] [INFO ]: Full update took [0ms]
[16/05/22 14:02:13:9005398] [INFO ]: Starting Lobby Servers took [0ms]
[16/05/22 14:02:13:9013994] [INFO ]: Stopping Lobby Servers took [0ms]
[16/05/22 14:02:13:9022328] [INFO ]: Starting Game Servers took [0ms]
[16/05/22 14:02:13:9029722] [INFO ]: Starting Game Servers took [0ms]
[16/05/22 14:02:13:9037229] [INFO ]: 
[16/05/22 14:02:13:9044718] [INFO ]: Server Spooler:
[16/05/22 14:02:13:9052102] [INFO ]:  | >IP: 127.0.0.1:5105
[16/05/22 14:02:13:9060043] [INFO ]:  |
[16/05/22 14:02:13:9067670] [INFO ]: Load Balancer [0ms]:
[16/05/22 14:02:13:9075418] [INFO ]:  | >IP: 127.0.0.1:7107
[16/05/22 14:02:13:9082902] [INFO ]:  | >Queue Length: 0
[16/05/22 14:02:13:9090882] [INFO ]:  |
[16/05/22 14:02:13:9098268] [INFO ]: Lobby Servers [0ms]: 
[16/05/22 14:02:13:9105717] [INFO ]:  | Lobby Server [1] [0ms]: 
[16/05/22 14:02:13:9116903] [INFO ]:  | | >IP: 127.0.0.1:10124
[16/05/22 14:02:13:9123645] [INFO ]:  | | >Fill Level: 1/2
[16/05/22 14:02:13:9134135] [INFO ]:  | Lobby Server [2] [0ms]: 
[16/05/22 14:02:13:9141888] [INFO ]:  | | >IP: 127.0.0.1:10125
[16/05/22 14:02:13:9149406] [INFO ]:  | | >Fill Level: 0/2
[16/05/22 14:02:13:9157361] [INFO ]:  |
[16/05/22 14:02:13:9165200] [INFO ]: Matchmaker [0ms]:
[16/05/22 14:02:13:9173603] [INFO ]:  | >IP: 127.0.0.1:6106
[16/05/22 14:02:13:9181246] [INFO ]:  | >Queue Length: 0
[16/05/22 14:02:13:9189056] [INFO ]:  |
[16/05/22 14:02:13:9196759] [INFO ]: Game Servers [0ms]: 
[16/05/22 14:02:13:9204062] [INFO ]:  | Game Server [1] [0ms]: 
[16/05/22 14:02:13:9211560] [INFO ]:  | | >IP: 127.0.0.1:20124
[16/05/22 14:02:13:9233881] [INFO ]:  | | >Fill Level: 0/2
[16/05/22 14:02:13:9241849] [INFO ]: ----------INFO ENDS----------
[16/05/22 14:02:14:9753609] [INFO+]: ----------INFO START----------
[16/05/22 14:02:14:9770073] [INFO ]: Full update took [0ms]
[16/05/22 14:02:14:9779124] [INFO ]: Starting Lobby Servers took [0ms]
[16/05/22 14:02:14:9785762] [INFO ]: Stopping Lobby Servers took [0ms]
[16/05/22 14:02:14:9795936] [INFO ]: Starting Game Servers took [0ms]
[16/05/22 14:02:14:9803352] [INFO ]: Starting Game Servers took [0ms]
[16/05/22 14:02:14:9812683] [INFO ]: 
[16/05/22 14:02:14:9821080] [INFO ]: Server Spooler:
[16/05/22 14:02:14:9829322] [INFO ]:  | >IP: 127.0.0.1:5105
[16/05/22 14:02: