[12/05/22 19:26:28:0868877] [INFO ]: Logging started
[12/05/22 19:26:28:1114649] [INFO ]: Starting load balancer
[12/05/22 19:26:28:1747255] [INFO ]: Waiting for load balancer response
[12/05/22 19:26:28:1758909] [INFO ]: Accepting client
[12/05/22 19:26:28:1798576] [INFO ]: Accepting connection
[12/05/22 19:26:28:2947996] [INFO ]: Connection established
[12/05/22 19:26:28:2953126] [INFO ]: Connected in 0ms
[12/05/22 19:26:28:2985632] [INFO ]: Starting lobby 0 on port 10123
[12/05/22 19:26:28:3329416] [INFO ]: Accepting client
[12/05/22 19:26:28:3334629] [INFO ]: Accepting connection
[12/05/22 19:26:28:4645801] [INFO ]: Connection established
[12/05/22 19:26:30:3186798] [INFO ]: ----------INFO START----------
[12/05/22 19:26:30:3190889] [INFO ]: Server Spooler:
[12/05/22 19:26:30:3192463] [INFO ]:  | IP: 127.0.0.1:5105
[12/05/22 19:26:30:3194264] [INFO ]: Load Balancer [0ms]:
[12/05/22 19:26:30:3196099] [INFO ]:  | IP: 127.0.0.1:7107
[12/05/22 19:26:30:3197898] [INFO ]:  | Queue Length: 0
[12/05/22 19:26:30:3199817] [INFO ]: Lobby Servers [1ms]: 
[12/05/22 19:26:30:3201256] [INFO ]:  | Lobby Server [0] [1ms]: 
[12/05/22 19:26:30:3202674] [INFO ]:  | | IP: 127.0.0.1:10123
[12/05/22 19:26:30:3204021] [INFO ]:  | | Fill Level: 0
[12/05/22 19:26:30:3205595] [INFO ]: ----------INFO ENDS----------
[12/05/22 19:26:32:3506955] [INFO ]: ----------INFO START----------
[12/05/22 19:26:32:3510153] [INFO ]: Server Spooler:
[12/05/22 19:26:32:3511660] [INFO ]:  | IP: 127.0.0.1:5105
[12/05/22 19:26:32:3513185] [INFO ]: Load Balancer [0ms]:
[12/05/22 19:26:32:3514902] [INFO ]:  | IP: 127.0.0.1:7107
[12/05/22 19:26:32:3516412] [INFO ]:  | Queue Length: 0
[12/05/22 19:26:32:3518738] [INFO ]: Lobby Servers [0ms]: 
[12/05/22 19:26:32:3520346] [INFO ]:  | Lobby Server [0] [0ms]: 
[12/05/22 19:26:32:3521962] [INFO ]:  | | IP: 127.0.0.1:10123
[12/05/22 19:26:32:3523507] [INFO ]:  | | Fill Level: 0
[12/05/22 19:26:32:3525029] [INFO ]: ----------INFO ENDS----------
[12/05/22 19:26:34:3856296] [INFO ]: ----------INFO START----------
[12/05/22 19:26:34:3859490] [INFO ]: Server Spooler:
[12/05/22 19:26:34:3860821] [INFO ]:  | IP: 127.0.0.1:5105
[12/05/22 19:26:34:3862275] [INFO ]: Load Balancer [0ms]:
[12/05/22 19:26:34:3863722] [INFO ]:  | IP: 127.0.0.1:7107
[12/05/22 19:26:34:3865200] [INFO ]:  | Queue Length: 0
[12/05/22 19:26:34:3866716] [INFO ]: Lobby Servers [0ms]: 
[12/05/22 19:26:34:3868132] [INFO ]:  | Lobby Server [0] [0ms]: 
[12/05/22 19:26:34:3870064] [INFO ]:  | | IP: 127.0.0.1:10123
[12/05/22 19:26:34:3871834] [INFO ]:  | | Fill Level: 0
[12/05/22 19:26:34:3873458] [INFO ]: ----------INFO ENDS----------
[12/05/22 19:26:35:4979388] [ERROR]: Error in main transcieve loop
[12/05/22 19:26:35:5272836] [ERROR]: System.Net.Sockets.SocketException (10054): An existing connection was forcibly closed by the remote host.
   at System.Net.Sockets.Socket.Send(Byte[] buffer)
   at ServerSpooler.Transciever.LobbyServersTranscieve() in C:\Users\rober\Documents\Mixed Code Projects\Scalable-Game-Servers\Server-Spooler\Transciever.cs:line 41
   at ServerSpooler.Program.Main(String[] args) in C:\Users\rober\Documents\Mixed Code Projects\Scalable-Game-Servers\Server-Spooler\Program.cs:line 78
[12/05/22 19:26:35:5280181] [INFO ]: Shutting down network
[12/05/22 19:26:35:5282156] [INFO ]: Giving time for graceful shutdown
[12/05/22 19:26:36:5290870] [INFO ]: Terminating processes
[12/05/22 19:26:36:5296602] [INFO ]: Killing load balancer
[12/05/22 19:26:36:5305068] [WARN ]: Shutting down logging
