[13/05/22 21:37:51:3000580] [INFO ]: Logging started
[13/05/22 21:37:51:3241465] [INFO ]: Starting Load Balancer
[13/05/22 21:37:51:3868991] [INFO ]: Waiting for Load Balancer response
[13/05/22 21:37:51:3878207] [INFO ]: Accepting client
[13/05/22 21:37:51:3913761] [INFO ]: Accepting connection
[13/05/22 21:37:51:5195606] [INFO ]: Connection established
[13/05/22 21:37:51:5202943] [INFO ]: Connected in 0ms
[13/05/22 21:37:51:5204557] [INFO ]: Starting Matchmaker
[13/05/22 21:37:51:5573187] [INFO ]: Waiting for Matchmaker response
[13/05/22 21:37:51:5576836] [INFO ]: Accepting client
[13/05/22 21:37:51:5578427] [INFO ]: Accepting connection
[13/05/22 21:37:51:6745825] [INFO ]: Connection established
[13/05/22 21:37:51:6750336] [INFO ]: Connected in 0ms
[13/05/22 21:37:51:6784912] [INFO ]: Starting lobby 0 on port 10123
[13/05/22 21:37:51:7156290] [INFO ]: Accepting client
[13/05/22 21:37:51:7160532] [INFO ]: Accepting connection
[13/05/22 21:37:51:8605824] [INFO ]: Connection established
[13/05/22 21:37:53:7118567] [INFO+]: ----------INFO START----------
[13/05/22 21:37:53:7122408] [INFO ]: Server Spooler:
[13/05/22 21:37:53:7123843] [INFO ]:  | >IP: 127.0.0.1:5105
[13/05/22 21:37:53:7125149] [INFO ]: Load Balancer [0ms]:
[13/05/22 21:37:53:7126743] [INFO ]:  | >IP: 127.0.0.1:7107
[13/05/22 21:37:53:7128345] [INFO ]:  | >Queue Length: 0
[13/05/22 21:37:53:7129912] [INFO ]: Lobby Servers [0ms]: 
[13/05/22 21:37:53:7131341] [INFO ]:  | Lobby Server [0] [0ms]: 
[13/05/22 21:37:53:7135258] [INFO ]:  | | >IP: 127.0.0.1:10123
[13/05/22 21:37:53:7136676] [INFO ]:  | | >Fill Level: 0/2
[13/05/22 21:37:53:7138291] [INFO ]: ----------INFO ENDS----------
[13/05/22 21:37:55:7482315] [INFO+]: ----------INFO START----------
[13/05/22 21:37:55:7486127] [INFO ]: Server Spooler:
[13/05/22 21:37:55:7488073] [INFO ]:  | >IP: 127.0.0.1:5105
[13/05/22 21:37:55:7489980] [INFO ]: Load Balancer [0ms]:
[13/05/22 21:37:55:7491680] [INFO ]:  | >IP: 127.0.0.1:7107
[13/05/22 21:37:55:7493418] [INFO ]:  | >Queue Length: 0
[13/05/22 21:37:55:7494978] [INFO ]: Lobby Servers [0ms]: 
[13/05/22 21:37:55:7496521] [INFO ]:  | Lobby Server [0] [0ms]: 
[13/05/22 21:37:55:7498081] [INFO ]:  | | >IP: 127.0.0.1:10123
[13/05/22 21:37:55:7499543] [INFO ]:  | | >Fill Level: 0/2
[13/05/22 21:37:55:7501239] [INFO ]: ----------INFO ENDS----------
[13/05/22 21:37:56:5695617] [INFO ]: Escape key pressed
[13/05/22 21:37:56:5699099] [INFO ]: Shutting down network
[13/05/22 21:37:56:5700818] [INFO ]: Giving time for graceful shutdown
[13/05/22 21:37:57:5825685] [INFO ]: Terminating processes
[13/05/22 21:37:57:5832547] [INFO ]: Killing Load Balancer
[13/05/22 21:37:57:5838909] [INFO ]: Killing Matchmaker
[13/05/22 21:37:57:5849247] [WARN ]: Shutting down logging
