[12/05/22 22:39:12:5973858] [INFO ]: Logging started
[12/05/22 22:39:12:6234792] [INFO ]: Starting load balancer
[12/05/22 22:39:12:6840610] [INFO ]: Waiting for load balancer response
[12/05/22 22:39:12:6849117] [INFO ]: Accepting client
[12/05/22 22:39:12:6885928] [INFO ]: Accepting connection
[12/05/22 22:39:12:8054730] [INFO ]: Connection established
[12/05/22 22:39:12:8059896] [INFO ]: Connected in 0ms
[12/05/22 22:39:12:8093275] [INFO ]: Starting lobby 0 on port 10123
[12/05/22 22:39:12:8420975] [INFO ]: Accepting client
[12/05/22 22:39:12:8425036] [INFO ]: Accepting connection
[12/05/22 22:39:12:9600226] [INFO ]: Connection established
[12/05/22 22:39:14:8143653] [INFO ]: ----------INFO START----------
[12/05/22 22:39:14:8147726] [INFO ]: Server Spooler:
[12/05/22 22:39:14:8149087] [INFO ]:  | IP: 127.0.0.1:5105
[12/05/22 22:39:14:8150781] [INFO ]: Load Balancer [0ms]:
[12/05/22 22:39:14:8152524] [INFO ]:  | IP: 127.0.0.1:7107
[12/05/22 22:39:14:8154178] [INFO ]:  | Queue Length: 0
[12/05/22 22:39:14:8155841] [INFO ]: Lobby Servers [0ms]: 
[12/05/22 22:39:14:8157449] [INFO ]:  | Lobby Server [0] [0ms]: 
[12/05/22 22:39:14:8158993] [INFO ]:  | | IP: 127.0.0.1:10123
[12/05/22 22:39:14:8160345] [INFO ]:  | | Fill Level: 0
[12/05/22 22:39:14:8161885] [INFO ]: ----------INFO ENDS----------
[12/05/22 22:39:16:8480563] [INFO ]: ----------INFO START----------
[12/05/22 22:39:16:8483666] [INFO ]: Server Spooler:
[12/05/22 22:39:16:8485157] [INFO ]:  | IP: 127.0.0.1:5105
[12/05/22 22:39:16:8486524] [INFO ]: Load Balancer [0ms]:
[12/05/22 22:39:16:8488275] [INFO ]:  | IP: 127.0.0.1:7107
[12/05/22 22:39:16:8489952] [INFO ]:  | Queue Length: 0
[12/05/22 22:39:16:8491496] [INFO ]: Lobby Servers [0ms]: 
[12/05/22 22:39:16:8492966] [INFO ]:  | Lobby Server [0] [0ms]: 
[12/05/22 22:39:16:8494568] [INFO ]:  | | IP: 127.0.0.1:10123
[12/05/22 22:39:16:8496096] [INFO ]:  | | Fill Level: 0
[12/05/22 22:39:16:8497523] [INFO ]: ----------INFO ENDS----------
[12/05/22 22:39:18:8830679] [INFO ]: ----------INFO START----------
[12/05/22 22:39:18:8835375] [INFO ]: Server Spooler:
[12/05/22 22:39:18:8836685] [INFO ]:  | IP: 127.0.0.1:5105
[12/05/22 22:39:18:8838192] [INFO ]: Load Balancer [0ms]:
[12/05/22 22:39:18:8839671] [INFO ]:  | IP: 127.0.0.1:7107
[12/05/22 22:39:18:8841229] [INFO ]:  | Queue Length: 0
[12/05/22 22:39:18:8842747] [INFO ]: Lobby Servers [0ms]: 
[12/05/22 22:39:18:8844308] [INFO ]:  | Lobby Server [0] [0ms]: 
[12/05/22 22:39:18:8845984] [INFO ]:  | | IP: 127.0.0.1:10123
[12/05/22 22:39:18:8847501] [INFO ]:  | | Fill Level: 0
[12/05/22 22:39:18:8849067] [INFO ]: ----------INFO ENDS----------
[12/05/22 22:39:20:9207708] [INFO ]: ----------INFO START----------
[12/05/22 22:39:20:9210977] [INFO ]: Server Spooler:
[12/05/22 22:39:20:9212201] [INFO ]:  | IP: 127.0.0.1:5105
[12/05/22 22:39:20:9213402] [INFO ]: Load Balancer [0ms]:
[12/05/22 22:39:20:9214754] [INFO ]:  | IP: 127.0.0.1:7107
[12/05/22 22:39:20:9215877] [INFO ]:  | Queue Length: 0
[12/05/22 22:39:20:9217288] [INFO ]: Lobby Servers [0ms]: 
[12/05/22 22:39:20:9218847] [INFO ]:  | Lobby Server [0] [0ms]: 
[12/05/22 22:39:20:9220321] [INFO ]:  | | IP: 127.0.0.1:10123
[12/05/22 22:39:20:9221789] [INFO ]:  | | Fill Level: 0
[12/05/22 22:39:20:9223298] [INFO ]: ----------INFO ENDS----------
[12/05/22 22:39:21:5399786] [ERROR]: Error in main transcieve loop
[12/05/22 22:39:21:5538140] [ERROR]: System.Net.Sockets.SocketException (10054): An existing connection was forcibly closed by the remote host.
   at System.Net.Sockets.Socket.Send(Byte[] buffer)
   at ServerSpooler.Transciever.LobbyServersTranscieve() in C:\Users\rober\Documents\Mixed Code Projects\Scalable-Game-Servers\Server-Spooler\Transciever.cs:line 41
   at ServerSpooler.Program.Main(String[] args) in C:\Users\rober\Documents\Mixed Code Projects\Scalable-Game-Servers\Server-Spooler\Program.cs:line 78
[12/05/22 22:39:21:5543439] [INFO ]: Shutting down network
[12/05/22 22:39:21:5545519] [INFO ]: Giving time for graceful shutdown
[12/05/22 22:39:22:5572836] [INFO ]: Terminating processes
[12/05/22 22:39:22:5578627] [INFO ]: Killing load balancer
[12/05/22 22:39:22:5588203] [WARN ]: Shutting down logging
