[16/05/22 13:53:35:6696638] [INFO ]: Logging started
[16/05/22 13:53:35:8202637] [INFO ]: Starting Load Balancer
[16/05/22 13:53:35:9331147] [INFO ]: Waiting for Load Balancer response
[16/05/22 13:53:35:9367990] [INFO ]: Accepting client
[16/05/22 13:53:35:9525614] [INFO ]: Accepting connection
[16/05/22 13:53:36:2076935] [INFO ]: Connection established
[16/05/22 13:53:36:2114226] [INFO ]: Connected in 275ms
[16/05/22 13:53:36:2117632] [INFO ]: Starting Matchmaker
[16/05/22 13:53:36:3555460] [INFO ]: Waiting for Matchmaker response
[16/05/22 13:53:36:4508623] [INFO ]: Accepting client
[16/05/22 13:53:36:4517598] [INFO ]: Accepting connection
[16/05/22 13:53:36:7194953] [INFO ]: Connection established
[16/05/22 13:53:36:7200675] [INFO ]: Connected in 269ms
[16/05/22 13:53:36:7478563] [INFO ]: Starting lobby 0 on port 10123
[16/05/22 13:53:36:7931571] [INFO ]: Accepting client
[16/05/22 13:53:36:7966669] [INFO ]: Accepting connection
[16/05/22 13:53:37:1614787] [INFO ]: Connection established
[16/05/22 13:53:37:1637090] [INFO ]: Starting game server 0 on port 20123
[16/05/22 13:53:37:1991329] [INFO ]: Accepting client
[16/05/22 13:53:37:2119389] [INFO ]: Accepting connection
[16/05/22 13:53:37:4960895] [INFO ]: Connection established
[16/05/22 13:53:37:7547285] [INFO+]: ----------INFO START----------
[16/05/22 13:53:37:7595874] [INFO ]: Full update took [0ms]
[16/05/22 13:53:37:7611399] [INFO ]: Starting Lobby Servers took [0ms]
[16/05/22 13:53:37:7780385] [INFO ]: Stopping Lobby Servers took [0ms]
[16/05/22 13:53:37:8188808] [INFO ]: Starting Game Servers took [0ms]
[16/05/22 13:53:37:8224029] [INFO ]: Starting Game Servers took [0ms]
[16/05/22 13:53:37:8255185] [INFO ]: 
[16/05/22 13:53:37:8282073] [INFO ]: Server Spooler:
[16/05/22 13:53:37:8294543] [INFO ]:  | >IP: 127.0.0.1:5105
[16/05/22 13:53:37:8314334] [INFO ]:  |
[16/05/22 13:53:37:8325383] [INFO ]: Load Balancer [0ms]:
[16/05/22 13:53:37:8340051] [INFO ]:  | >IP: 127.0.0.1:7107
[16/05/22 13:53:37:8423228] [INFO ]:  | >Queue Length: 0
[16/05/22 13:53:37:8435938] [INFO ]:  |
[16/05/22 13:53:37:8449621] [INFO ]: Lobby Servers [0ms]: 
[16/05/22 13:53:37:8463844] [INFO ]:  | Lobby Server [0] [0ms]: 
[16/05/22 13:53:37:8486024] [INFO ]:  | | >IP: 127.0.0.1:10123
[16/05/22 13:53:37:8498115] [INFO ]:  | | >Fill Level: 0/2
[16/05/22 13:53:37:8511535] [INFO ]:  |
[16/05/22 13:53:37:8523303] [INFO ]: Matchmaker [0ms]:
[16/05/22 13:53:37:8576609] [INFO ]:  | >IP: 127.0.0.1:6106
[16/05/22 13:53:37:8595291] [INFO ]:  | >Queue Length: 0
[16/05/22 13:53:37:8606475] [INFO ]:  |
[16/05/22 13:53:37:8619487] [INFO ]: Game Servers [0ms]: 
[16/05/22 13:53:37:8633883] [INFO ]:  | Game Server [0] [0ms]: 
[16/05/22 13:53:37:8688507] [INFO ]:  | | >IP: 127.0.0.1:20123
[16/05/22 13:53:37:8748942] [INFO ]:  | | >Fill Level: 0/2
[16/05/22 13:53:37:8758110] [INFO ]: ----------INFO ENDS----------
[16/05/22 13:53:38:9319574] [INFO+]: ----------INFO START----------
[16/05/22 13:53:38:9328811] [INFO ]: Full update took [0ms]
[16/05/22 13:53:38:9333700] [INFO ]: Starting Lobby Servers took [0ms]
[16/05/22 13:53:38:9338399] [INFO ]: Stopping Lobby Servers took [0ms]
[16/05/22 13:53:38:9342966] [INFO ]: Starting Game Servers took [0ms]
[16/05/22 13:53:38:9347522] [INFO ]: Starting Game Servers took [0ms]
[16/05/22 13:53:38:9352091] [INFO ]: 
[16/05/22 13:53:38:9357063] [INFO ]: Server Spooler:
[16/05/22 13:53:38:9362021] [INFO ]:  | >IP: 127.0.0.1:5105
[16/05/22 13:53:38:9366640] [INFO ]:  |
[16/05/22 13:53:38:9371189] [INFO ]: Load Balancer [0ms]:
[16/05/22 13:53:38:9378049] [INFO ]:  | >IP: 127.0.0.1:7107
[16/05/22 13:53:38:9383100] [INFO ]:  | >Queue Length: 0
[16/05/22 13:53:38:9392136] [INFO ]:  |
[16/05/22 13:53:38:9398154] [INFO ]: Lobby Servers [0ms]: 
[16/05/22 13:53:38:9402866] [INFO ]:  | Lobby Server [0] [0ms]: 
[16/05/22 13:53:38:9407330] [INFO ]:  | | >IP: 127.0.0.1:10123
[16/05/22 13:53:38:9410731] [INFO ]:  | | >Fill Level: 0/2
[16/05/22 13:53:38:9414179] [INFO ]:  |
[16/05/22 13:53:38:9417732] [INFO ]: Matchmaker [0ms]:
[16/05/22 13:53:38:9421248] [INFO ]:  | >IP: 127.0.0.1:6106
[16/05/22 13:53:38:9424861] [INFO ]:  | >Queue Length: 0
[16/05/22 13:53:38:9428216] [INFO ]:  |
[16/05/22 13:53:38:9431822] [INFO ]: Game Servers [0ms]: 
[16/05/22 13:53:38:9435485] [INFO ]:  | Game Server [0] [0ms]: 
[16/05/22 13:53:38:9438948] [INFO ]:  | | >IP: 127.0.0.1:20123
[16/05/22 13:53:38:9442438] [INFO ]:  | | >Fill Level: 0/2
[16/05/22 13:53:38:9445980] [INFO ]: ----------INFO ENDS----------
[16/05/22 13:53:39:9544905] [INFO+]: ----------INFO START----------
[16/05/22 13:53:39:9550953] [INFO ]: Full update took [0ms]
[16/05/22 13:53:39:9554880] [INFO ]: Starting Lobby Servers took [0ms]
[16/05/22 13:53:39:9557389] [INFO ]: Stopping Lobby Servers took [0ms]
[16/05/22 13:53:39:9560241] [INFO ]: Starting Game Servers took [0ms]
[16/05/22 13:53:39:9562686] [INFO ]: Starting Game Servers took [0ms]
[16/05/22 13:53:39:9565208] [INFO ]: 
[16/05/22 13:53:39:9567748] [INFO ]: Server Spooler:
[16/05/22 13:53:39:9570626] [INFO ]:  | >IP: 127.0.0.1:5105
[16/05/22 13:53:39:9573042] [INFO ]:  |
[16/05/22 13:53:39:9575923] [INFO ]: Load Balancer [0ms]:
[16/05/22 13:53:39:9578509] [INFO ]:  | >IP: 127.0.0.1:7107
[16/05/22 13:53:39:9581132] [INFO ]:  | >Queue Length: 0
[16/05/22 13:53:39:9583804] [INFO ]:  |
[16/05/22 13:53:39:9586452] [INFO ]: Lobby Servers [0ms]: 
[16/05/22 13:53:39:9610175] [INFO ]:  | Lobby Server [0] [0ms]: 
[16/05/22 13:53:39:9613298] [INFO ]:  | | >IP: 127.0.0.1:10123
[16/05/22 13:53:39:9616101] [INFO ]:  | | >Fill Level: 0/2
[16/05/22 13:53:39:9618764] [INFO ]:  |
[16/05/22 13:53:39:9621374] [INFO ]: Matchmaker [0ms]:
[16/05/22 13:53:39:9624013] [INFO ]:  | >IP: 127.0.0.1:6106
[16/05/22 13:53:39:9626690] [INFO ]:  | >Queue Length: 0
[16/05/22 13:53:39:9629352] [INFO ]:  |
[16/05/22 13:53:39:9631908] [INFO ]: Game Servers [0ms]: 
[16/05/22 13:53:39:9634511] [INFO ]:  | Game Server [0] [0ms]: 
[16/05/22 13:53:39:9637100] [INFO ]:  | | >IP: 127.0.0.1:20123
[16/05/22 13:53:39:9639824] [INFO ]:  | | >Fill Level: 0/2
[16/05/22 13:53:39:9642525] [INFO ]: ----------INFO ENDS----------
[16/05/22 13:53:40:9684120] [INFO+]: ----------INFO START----------
[16/05/22 13:53:40:9698142] [INFO ]: Full update took [0ms]
[16/05/22 13:53:40:9709197] [INFO ]: Starting Lobby Servers took [0ms]
[16/05/22 13:53:40:9717497] [INFO ]: Stopping Lobby Servers took [0ms]
[16/05/22 13:53:40:9725438] [INFO ]: Starting Game Servers took [0ms]
[16/05/22 13:53:40:9733035] [INFO ]: Starting Game Servers took [0ms]
[16/05/22 13:53:40:9740685] [INFO ]: 
[16/05/22 13:53:40:9748347] [INFO ]: Server Spooler:
[16/05/22 13:53:40:9755830] [INFO ]:  | >IP: 127.0.0.1:5105
[16/05/22 13:53:40:9763766] [INFO ]:  |
[16/05/22 13:53:40:9771519] [INFO ]: Load Balancer [0ms]:
[16/05/22 13:53:40:9779417] [INFO ]:  | >IP: 127.0.0.1:7107
[16/05/22 13:53:40:9787554] [INFO ]:  | >Queue Length: 0
[16/05/22 13:53:40:9795772] [INFO ]:  |
[16/05/22 13:53:40:9803295] [INFO ]: Lobby Servers [0ms]: 
[16/05/22 13:53:40:9811202] [INFO ]:  | Lobby Server [0] [0ms]: 
[16/05/22 13:53:40:9819297] [INFO ]:  | | >IP: 127.0.0.1:10123
[16/05/22 13:53:40:9826955] [INFO ]:  | | >Fill Level: 0/2
[16/05/22 13:53:40:9834092] [INFO ]:  |
[16/05/22 13:53:40:9841537] [INFO ]: Matchmaker [0ms]:
[16/05/22 13:53:40:9848720] [INFO ]:  | >IP: 127.0.0.1:6106
[16/05/22 13:53:40:9859494] [INFO ]:  | >Queue Length: 0
[16/05/22 13:53:40:9870995] [INFO ]:  |
[16/05/22 13:53:40:9878881] [INFO ]: Game Servers [0ms]: 
[16/05/22 13:53:40:9886962] [INFO ]:  | Game Server [0] [0ms]: 
[16/05/22 13:53:40:9894418] [INFO ]:  | | >IP: 127.0.0.1:20123
[16/05/22 13:53:40:9902099] [INFO ]:  | | >Fill Level: 0/2
[16/05/22 13:53:40:9909516] [INFO ]: ----------INFO ENDS----------
[16/05/22 13:53:42:0259742] [INFO+]: ----------INFO START----------
[16/05/22 13:53:42:0273339] [INFO ]: Full update took [0ms]
[16/05/22 13:53:42:0282048] [INFO ]: Starting Lobby Servers took [0ms]
[16/05/22 13:53:42:0291163] [INFO ]: Stopping Lobby Servers took [0ms]
[16/05/22 13:53:42:0299035] [INFO ]: Starting Game Servers took [0ms]
[16/05/22 13:53:42:0306793] [INFO ]: Starting Game Servers took [0ms]
[16/05/22 13:53:42:0314337] [INFO ]: 
[16/05/22 13:53:42:0322281] [INFO ]: Server Spooler:
[16/05/22 13:53:42:0330959] [INFO ]:  | >IP: 127.0.0.1:5105
[16/05/22 13:53:42:0339118] [INFO ]:  |
[16/05/22 13:53:42:0345962] [INFO ]: Load Balancer [0ms]:
[16/05/22 13:53:42:0354213] [INFO ]:  | >IP: 127.0.0.1:7107
[16/05/22 13:53:42:0362373] [INFO ]:  | >Queue Length: 0
[16/05/22 13:53:42:0371759] [INFO ]:  |
[16/05/22 13:53:42:0379685] [INFO ]: Lobby Servers [0ms]: 
[16/05/22 13:53:42:0387404] [INFO ]:  | Lobby Server [0] [0ms]: 
[16/05/22 13:53:42:0395326] [INFO ]:  | | >IP: 127.0.0.1:10123
[16/05/22 13:53:42:0405723] [INFO ]:  | | >Fill Level: 0/2
[16/05/22 13:53:42:0412346] [INFO ]:  |
[16/05/22 13:53:42:0419396] [INFO ]: Matchmaker [0ms]:
[16/05/22 13:53:42:0426426] [INFO ]:  | >IP: 127.0.0.1:6106
[16/05/22 13:53:42:0434006] [INFO ]:  | >Queue Length: 0
[16/05/22 13:53:42:0441152] [INFO ]:  |
[16/05/22 13:53:42:0447925] [INFO ]: Game Servers [0ms]: 
[16/05/22 13:53:42:0455143] [INFO ]:  | Game Server [0] [0ms]: 
[16/05/22 13:53:42:0462836] [INFO ]:  | | >IP: 127.0.0.1:20123
[16/05/22 13:53:42:0470436] [INFO ]:  | | >Fill Level: 0/2
[16/05/22 13:53:42:0478063] [INFO ]: ----------INFO ENDS----------
[16/05/22 13:53:43:0888143] [INFO+]: ----------INFO START----------
[16/05/22 13:53:43:0899846] [INFO ]: Full update took [0ms]
[16/05/22 13:53:43:0912959] [INFO ]: Starting Lobby Servers took [0ms]
[16/05/22 13:53:43:0921887] [INFO ]: Stopping Lobby Servers took [0ms]
[16/05/22 13:53:43:0929584] [INFO ]: Starting Game Servers took [0ms]
[16/05/22 13:53:43:0940097] [INFO ]: Starting Game Servers took [0ms]
[16/05/22 13:53:43:0951147] [INFO ]: 
[16/05/22 13:53:43:0958803] [INFO ]: Server Spooler:
[16/05/22 13:53:43:0967452] [INFO ]:  | >IP: 127.0.0.1:5105
[16/05/22 13:53:43:0976591] [INFO ]:  |
[16/05/22 13:53:43:0984452] [INFO ]: Load Balancer [0ms]:
[16/05/22 13:53:43:0991676] [INFO ]:  | >IP: 127.0.0.1:7107
[16/05/22 13:53:43:0998807] [INFO ]:  | >Queue Length: 0
[16/05/22 13:53:43:1006970] [INFO ]:  |
[16/05/22 13:53:43:1014995] [INFO ]: Lobby Servers [0ms]: 
[16/05/22 13:53:43:1022992] [INFO ]:  | Lobby Server [0] [0ms]: 
[16/05/22 13:53:43:1033179] [INFO ]:  | | >IP: 127.0.0.1:10123
[16/05/22 13:53:43:1041078] [INFO ]:  | | >Fill Level: 0/2
[16/05/22 13:53:43:1048007] [INFO ]:  |
[16/05/22 13:53:43:1055298] [INFO ]: Matchmaker [0ms]:
[16/05/22 13:53:43:1062344] [INFO ]:  | >IP: 127.0.0.1:6106
[16/05/22 13:53:43:1072330] [INFO ]:  | >Queue Length: 0
[16/05/22 13:53:43:1079271] [INFO ]:  |
[16/05/22 13:53:43:1086423] [INFO ]: Game Servers [0ms]: 
[16/05/22 13:53:43:1094217] [INFO ]:  | Game Server [0] [0ms]: 
[16/05/22 13:53:43:1101358] [INFO ]:  | | >IP: 127.0.0.1:20123
[16/05/22 13:53:43:1109371] [INFO ]:  | | >Fill Level: 0/2
[16/05/22 13:53:43:1116765] [INFO ]: ----------INFO ENDS----------
[16/05/22 13:53:44:1187643] [INFO+]: ----------INFO START----------
[16/05/22 13:53:44:1213018] [INFO ]: Full update took [0ms]
[16/05/22 13:53:44:1225919] [INFO ]: Starting Lobby Servers took [0ms]
[16/05/22 13:53:44:1233662] [INFO ]: Stopping Lobby Servers took [0ms]
[16/05/22 13:53:44:1241863] [INFO ]: Starting Game Servers took [0ms]
[16/05/22 13:53:44:1249822] [INFO ]: Starting Game Servers took [0ms]
[16/05/22 13:53:44:1257511] [INFO ]: 
[16/05/22 13:53:44:1265303] [INFO ]: Server Spooler:
[16/05/22 13:53:44:1273853] [INFO ]:  | >IP: 127.0.0.1:5105
[16/05/22 13:53:44:1281326] [INFO ]:  |
[16/05/22 13:53:44:1289420] [INFO ]: Load Balancer [0ms]:
[16/05/22 13:53:44:1296836] [INFO ]:  | >IP: 127.0.0.1:7107
[16/05/22 13:53:44:1304479] [INFO ]:  | >Queue Length: 0
[16/05/22 13:53:44:1312292] [INFO ]:  |
[16/05/22 13:53:44:1320819] [INFO ]: Lobby Servers [0ms]: 
[16/05/22 13:53:44:1328699] [INFO ]:  | Lobby Server [0] [0ms]: 
[16/05/22 13:53:44:1337092] [INFO ]:  | | >IP: 127.0.0.1:10123
[16/05/22 13:53:44:1351392] [INFO ]:  | | >Fill Level: 0/2
[16/05/22 13:53:44:1367089] [INFO ]:  |
[16/05/22 13:53:44:1378513] [INFO ]: Matchmaker [0ms]:
[16/05/22 13:53:44:1389302] [INFO ]:  | >IP: 127.0.0.1:6106
[16/05/22 13:53:44:1400419] [INFO ]:  | >Queue Length: 0
[16/05/22 13:53:44:1411290] [INFO ]:  |
[16/05/22 13:53:44:1422486] [INFO ]: Game Servers [0ms]: 
[16/05/22 13:53:44:1441152] [INFO ]:  | Game Server [0] [0ms]: 
[16/05/22 13:53:44:1449700] [INFO ]:  | | >IP: 127.0.0.1:20123
[16/05/22 13:53:44:1493528] [INFO ]:  | | >Fill Level: 0/2
[16/05/22 13:53:44:1503061] [INFO ]: ----------INFO ENDS----------
[16/05/22 13:53:45:1550180] [INFO+]: ----------INFO START----------
[16/05/22 13:53:45:1555255] [INFO ]: Full update took [0ms]
[16/05/22 13:53:45:1557996] [INFO ]: Starting Lobby Servers took [0ms]
[16/05/22 13:53:45:1560960] [INFO ]: Stopping Lobby Servers took [0ms]
[16/05/22 13:53:45:1564570] [INFO ]: Starting Game Servers took [0ms]
[16/05/22 13:53:45:1567354] [INFO ]: Starting Game Servers took [0ms]
[16/05/22 13:53:45:1570047] [INFO ]: 
[16/05/22 13:53:45:1572940] [INFO ]: Server Spooler:
[16/05/22 13:53:45:1575612] [INFO ]:  | >IP: 127.0.0.1:5105
[16/05/22 13:53:45:1578209] [INFO ]:  |
[16/05/22 13:53:45:1580843] [INFO ]: Load Balancer [0ms]:
[16/05/22 13:53:45:1583556] [INFO ]:  | >IP: 127.0.0.1:7107
[16/05/22 13:53:45:1586190] [INFO ]:  | >Queue Length: 0
[16/05/22 13:53:45:1588776] [INFO ]:  |
[16/05/22 13:53:45:1591386] [INFO ]: Lobby Servers [0ms]: 
[16/05/22 13:53:45:1593982] [INFO ]:  | Lobby Server [0] [0ms]: 
[16/05/22 13:53:45:1596535] [INFO ]:  | | >IP: 127.0.0.1:10123
[16/05/22 13:53:45:1599256] [INFO ]:  | | >Fill Level: 0/2
[16/05/22 13:53:45:1601832] [INFO ]:  |
[16/05/22 13:53:45:1604370] [INFO ]: Matchmaker [0ms]:
[16/05/22 13:53:45:1606921] [INFO ]:  | >IP: 127.0.0.1:6106
[16/05/22 13:53:45:1609992] [INFO ]:  | >Queue Length: 0
[16/05/22 13:53:45:1612647] [INFO ]:  |
[16/05/22 13:53:45:1615366] [INFO ]: Game Servers [0ms]: 
[16/05/22 13:53:45:1618066] [INFO ]:  | Game Server [0] [0ms]: 
[16/05/22 13:53:45:1620653] [INFO ]:  | | >IP: 127.0.0.1:20123
[16/05/22 13:53:45:1623636] [INFO ]:  | | >Fill Level: 0/2
[16/05/22 13:53:45:1626470] [INFO ]: ----------INFO ENDS----------
[16/05/22 13:53:45:2751572] [INFO ]: Starting lobby 1 on port 10124
[16/05/22 13:53:45:3305087] [INFO ]: Accepting client
[16/05/22 13:53:45:3396307] [INFO ]: Accepting connection
[16/05/22 13:53:45:6702507] [INFO ]: Connection established
[16/05/22 13:53:46:2217337] [INFO+]: ----------INFO START----------
[16/05/22 13:53:46:2231899] [INFO ]: Full update took [0ms]
[16/05/22 13:53:46:2240359] [INFO ]: Starting Lobby Servers took [0ms]
[16/05/22 13:53:46:2249122] [INFO ]: Stopping Lobby Servers took [0ms]
[16/05/22 13:53:46:2257377] [INFO ]: Starting Game Servers took [0ms]
[16/05/22 13:53:46:2265088] [INFO ]: Starting Game Servers took [0ms]
[16/05/22 13:53:46:2272231] [INFO ]: 
[16/05/22 13:53:46:2279378] [INFO ]: Server Spooler:
[16/05/22 13:53:46:2286589] [INFO ]:  | >IP: 127.0.0.1:5105
[16/05/22 13:53:46:2294313] [INFO ]:  |
[16/05/22 13:53:46:2302306] [INFO ]: Load Balancer [0ms]:
[16/05/22 13:53:46:2310289] [INFO ]:  | >IP: 127.0.0.1:7107
[16/05/22 13:53:46:2318747] [INFO ]:  | >Queue Length: 0
[16/05/22 13:53:46:2326316] [INFO ]:  |
[16/05/22 13:53:46:2334107] [INFO ]: Lobby Servers [0ms]: 
[16/05/22 13:53:46:2345858] [INFO ]:  | Lobby Server [0] [0ms]: 
[16/05/22 13:53:46:2358500] [INFO ]:  | | >IP: 127.0.0.1:10123
[16/05/22 13:53:46:2367425] [INFO ]:  | | >Fill Level: 1/2
[16/05/22 13:53:46:2375068] [INFO ]:  | Lobby Server [1] [0ms]: 
[16/05/22 13:53:46:2383346] [INFO ]:  | | >IP: 127.0.0.1:10124
[16/05/22 13:53:46:2390909] [INFO ]:  | | >Fill Level: 0/2
[16/05/22 13:53:46:2398352] [INFO ]:  |
[16/05/22 13:53:46:2405582] [INFO ]: Matchmaker [0ms]:
[16/05/22 13:53:46:2412869] [INFO ]:  | >IP: 127.0.0.1:6106
[16/05/22 13:53:46:2420150] [INFO ]:  | >Queue Length: 0
[16/05/22 13:53:46:2427338] [INFO ]:  |
[16/05/22 13:53:46:2434150] [INFO ]: Game Servers [0ms]: 
[16/05/22 13:53:46:2441405] [INFO ]:  | Game Server [0] [0ms]: 
[16/05/22 13:53:46:2448873] [INFO ]:  | | >IP: 127.0.0.1:20123
[16/05/22 13:53:46:2456465] [INFO ]:  | | >Fill Level: 0/2
[16/05/22 13:53:46:2467009] [INFO ]: ----------INFO ENDS----------
[16/05/22 13:53:47:2673279] [INFO+]: ----------INFO START----------
[16/05/22 13:53:47:2679918] [INFO ]: Full update took [0ms]
[16/05/22 13:53:47:2682954] [INFO ]: Starting Lobby Servers took [0ms]
[16/05/22 13:53:47:2687409] [INFO ]: Stopping Lobby Servers took [0ms]
[16/05/22 13:53:47:2690795] [INFO ]: Starting Game Servers took [0ms]
[16/05/22 13:53:47:2694104] [INFO ]: Starting Game Servers took [0ms]
[16/05/22 13:53:47:2697247] [INFO ]: 
[16/05/22 13:53:47:2700175] [INFO ]: Server Spooler:
[16/05/22 13:53:47:2703123] [INFO ]:  | >IP: 127.0.0.1:5105
[16/05/22 13:53:47:2706111] [INFO ]:  |
[16/05/22 13:53:47:2709136] [INFO ]: Load Balancer [0ms]:
[16/05/22 13:53:47:2712201] [INFO ]:  | >IP: 127.0.0.1:7107
[16/05/22 13:53:47:2715162] [INFO ]:  | >Queue Length: 0
[16/05/22 13:53:47:2718057] [INFO ]:  |
[16/05/22 13:53:47:2720989] [INFO ]: Lobby Servers [0ms]: 
[16/05/22 13:53:47:2723887] [INFO ]:  | Lobby Server [0] [0ms]: 
[16/05/22 13:53:47:2726756] [INFO ]:  | | >IP: 127.0.0.1:10123
[16/05/22 13:53:47:2729670] [INFO ]:  | | >Fill Level: 1/2
[16/05/22 13:53:47:2732588] [INFO ]:  | Lobby Server [1] [0ms]: 
[16/05/22 13:53:47:2735583] [INFO ]:  | | >IP: 127.0.0.1:10124
[16/05/22 13:53:47:2738438] [INFO ]:  | | >Fill Level: 0/2
[16/05/22 13:53:47:2741437] [INFO ]:  |
[16/05/22 13:53:47:2744332] [INFO ]: Matchmaker [0ms]:
[16/05/22 13:53:47:2747400] [INFO ]:  | >IP: 127.0.0.1:6106
[16/05/22 13:53:47:2750360] [INFO ]:  | >Queue Length: 0
[16/05/22 13:53:47:2753035] [INFO ]:  |
[16/05/22 13:53:47:2755784] [INFO ]: Game Servers [0ms]: 
[16/05/22 13:53:47:2758609] [INFO ]:  | Game Server [0] [0ms]: 
[16/05/22 13:53:47:2761387] [INFO ]:  | | >IP: 127.0.0.1:20123
[16/05/22 13:53:47:2764174] [INFO ]:  | | >Fill Level: 0/2
[16/05/22 13:53:47:2767140] [INFO ]: ----------INFO ENDS----------
[16/05/22 13:53:48:2963593] [INFO+]: ----------INFO START----------
[16/05/22 13:53:48:2968825] [INFO ]: Full update took [0ms]
[16/05/22 13:53:48:2971552] [INFO ]: Starting Lobby Servers took [0ms]
[16/05/22 13:53:48:2974926] [INFO ]: Stopping Lobby Servers took [210ms]
[16/05/22 13:53:48:2978240] [INFO ]: Starting Game Servers took [0ms]
[16/05/22 13:53:48:2981813] [INFO ]: Starting Game Servers took [0ms]
[16/05/22 13:53:48:2985338] [INFO ]: 
[16/05/22 13:53:48:2988716] [INFO ]: Server Spooler:
[16/05/22 13:53:48:2991290] [INFO ]:  | >IP: 127.0.0.1:5105
[16/05/22 13:53:48:2994789] [INFO ]:  |
[16/05/22 13:53:48:2998034] [INFO ]: Load Balancer [0ms]:
[16/05/22 13:53:48:3001273] [INFO ]:  | >IP: 127.0.0.1:7107
[16/05/22 13:53:48:3004951] [INFO ]:  | >Queue Length: 0
[16/05/22 13:53:48:3008141] [INFO ]:  |
[16/05/22 13:53:48:3011388] [INFO ]: Lobby Servers [0ms]: 
[16/05/22 13:53:48:3017910] [INFO ]:  | Lobby Server [1] [0ms]: 
[16/05/22 13:53:48:3022992] [INFO ]:  | | >IP: 127.0.0.1:10124
[16/05/22 13:53:48:3028023] [INFO ]:  | | >Fill Level: 0/2
[16/05/22 13:53:48:3031716] [INFO ]:  |
[16/05/22 13:53:48:3035199] [INFO ]: Matchmaker [0ms]:
[16/05/22 13:53:48:3038563] [INFO ]:  | >IP: 127.0.0.1:6106
[16/05/22 13:53:48:3041460] [INFO ]:  | >Queue Length: 0
[16/05/22 13:53:48:3048157] [INFO ]:  |
[16/05/22 13:53:48:3052428] [INFO ]: Game Servers [0ms]: 
[16/05/22 13:53:48:3057706] [INFO ]:  | Game Server [0] [0ms]: 
[16/05/22 13:53:48:3062100] [INFO ]:  | | >IP: 127.0.0.1:20123
[16/05/22 13:53:48:3066690] [INFO ]:  | | >Fill Level: 0/2
[16/05/22 13:53:48:3070589] [INFO ]: ----------INFO ENDS----------
[16/05/22 13:53:49:3204151] [INFO+]: ----------INFO START----------
[16/05/22 13:53:49:3217661] [INFO ]: Full update took [0ms]
[16/05/22 13:53:49:3226639] [INFO ]: Starting Lobby Servers took [0ms]
[16/05/22 13:53:49:3236402] [INFO ]: Stopping Lobby Servers took [0ms]
[16/05/22 13:53:49:3244105] [INFO ]: Starting Game Servers took [0ms]
[16/05/22 13:53:49:3252073] [INFO ]: Starting Game Servers took [0ms]
[16/05/22 13:53:49:3259732] [INFO ]: 
[16/05/22 13:53:49:3266831] [INFO ]: Server Spooler:
[16/05/22 13:53:49:3274822] [INFO ]:  | >IP: 127.0.0.1:5105
[16/05/22 13:53:49:3282555] [INFO ]:  |
[16/05/22 13:53:49:3289851] [INFO ]: Load Balancer [0ms]:
[16/05/22 13:53:49:3298227] [INFO ]:  | >IP: 127.0.0.1:7107
[16/05/22 13:53:49:3308402] [INFO ]:  | >Queue Length: 0
[16/05/22 13:53:49:3316283] [INFO ]:  |
[16/05/22 13:53:49:3324135] [INFO ]: Lobby Servers [0ms]: 
[16/05/22 13:53:49:3330904] [INFO ]:  | Lobby Server [1] [0ms]: 
[16/05/22 13:53:49:3338336] [INFO ]:  | | >IP: 127.0.0.1:10124
[16/05/22 13:53:49:3348970] [INFO ]:  | | >Fill Level: 0/2
[16/05/22 13:53:49:3359853] [INFO ]:  |
[16/05/22 13:53:49:3387022] [INFO ]: Matchmaker [0ms]:
[16/05/22 13:53:49:3395276] [INFO ]:  | >IP: 127.0.0.1:6106
[16/05/22 13:53:49:3402050] [INFO ]:  | >Queue Length: 0
[16/05/22 13:53:49:3409540] [INFO ]:  |
[16/05/22 13:53:49:3421564] [INFO ]: Game Servers [0ms]: 
[16/05/22 13:53:49:3429382] [INFO ]:  | Game Server [0] [0ms]: 
[16/05/22 13:53:49:3436236] [INFO ]:  | | >IP: 127.0.0.1:20123
[16/05/22 13:53:49:3444596] [INFO ]:  | | >Fill Level: 0/2
[16/05/22 13:53:49:3453832] [INFO ]: ----------INFO ENDS----------
[16/05/22 13:53:50:4058749] [INFO+]: ----------INFO START----------
[16/05/22 13:53:50:4074043] [INFO ]: Full update took [0ms]
[16/05/22 13:53:50:4082404] [INFO ]: Starting Lobby Servers took [0ms]
[16/05/22 13:53:50:4090661] [INFO ]: Stopping Lobby Servers took [0ms]
[16/05/22 13:53:50:4098296] [INFO ]: Starting Game Servers took [0ms]
[16/05/22 13:53:50:4105943] [INFO ]: Starting Game Servers took [0ms]
[16/05/22 13:53:50:4113746] [INFO ]: 
[16/05/22 13:53:50:4120936] [INFO ]: Server Spooler:
[16/05/22 13:53:50:4128277] [INFO ]:  | >IP: 127.0.0.1:5105
[16/05/22 13:53:50:4136454] [INFO ]:  |
[16/05/22 13:53:50:4144396] [INFO ]: Load Balancer [0ms]:
[16/05/22 13:53:50:4153569] [INFO ]:  | >IP: 127.0.0.1:7107
[16/05/22 13:53:50:4161578] [INFO ]:  | >Queue Length: 0
[16/05/22 13:53:50:4169345] [INFO ]:  |
[16/05/22 13:53:50:4177386] [INFO ]: Lobby Servers [0ms]: 
[16/05/22 13:53:50:4192195] [INFO ]:  | Lobby Server [1] [0ms]: 
[16/05/22 13:53:50:4201487] [INFO ]:  | | >IP: 127.0.0.1:10124
[16/05/22 13:53:50:4210857] [INFO ]:  | | >Fill Level: 0/2
[16/05/22 13:53:50:4220148] [INFO ]:  |
[16/05/22 13:53:50:4228801] [INFO ]: Matchmaker [0ms]:
[16/05/22 13:53:50:4236518] [INFO ]:  | >IP: 127.0.0.1:6106
[16/05/22 13:53:50:4243897] [INFO ]:  | >Queue Length: 0
[16/05/22 13:53:50:4251670] [INFO ]:  |
[16/05/22 13:53:50:4262461] [INFO ]: Game Servers [0ms]: 
[16/05/22 13:53:50:4270142] [INFO ]:  | Game Server [0] [0ms]: 
[16/05/22 13:53:50:4277264] [INFO ]:  | | >IP: 127.0.0.1:20123
[16/05/22 13:53:50:4284694] [INFO ]:  | | >Fill Level: 0/2
[16/05/22 13:53:50:4293104] [INFO ]: ----------INFO ENDS----------
[16/05/22 13:53:51:4790081] [INFO+]: ----------INFO START----------
[16/05/22 13:53:51:4796007] [INFO ]: Full update took [0ms]
[16/05/22 13:53:51:4799039] [INFO ]: Starting Lobby Servers took [0ms]
[16/05/22 13:53:51:4802015] [INFO ]: Stopping Lobby Servers took [0ms]
[16/05/22 13:53:51:4804979] [INFO ]: Starting Game Servers took [0ms]
[16/05/22 13:53:51:4808007] [INFO ]: Starting Game Servers took [0ms]
[16/05/22 13:53:51:4810873] [INFO ]: 
[16/05/22 13:53:51:4813833] [INFO ]: Server Spooler:
[16/05/22 13:53:51:4816685] [INFO ]:  | >IP: 127.0.0.1:5105
[16/05/22 13:53:51:4819617] [INFO ]:  |
[16/05/22 13:53:51:4822310] [INFO ]: Load Balancer [0ms]:
[16/05/22 13:53:51:4824996] [INFO ]:  | >IP: 127.0.0.1:7107
[16/05/22 13:53:51:4827539] [INFO ]:  | >Queue Length: 0
[16/05/22 13:53:51:4830109] [INFO ]:  |
[16/05/22 13:53:51:4832755] [INFO ]: Lobby Servers [0ms]: 
[16/05/22 13:53:51:4835545] [INFO ]:  | Lobby Server [1] [0ms]: 
[16/05/22 13:53:51:4838424] [INFO ]:  | | >IP: 127.0.0.1:10124
[16/05/22 13:53:51:4843029] [INFO ]:  | | >Fill Level: 0/2
[16/05/22 13:53:51:4846016] [INFO ]:  |
[16/05/22 13:53:51:4848767] [INFO ]: Matchmaker [0ms]:
[16/05/22 13:53:51:4851539] [INFO ]:  | >IP: 127.0.0.1:6106
[16/05/22 13:53:51:4854387] [INFO ]:  | >Queue Length: 0
[16/05/22 13:53:51:4857146] [INFO ]:  |
[16/05/22 13:53:51:4859982] [INFO ]: Game Servers [0ms]: 
[16/05/22 13:53:51:4862789] [INFO ]:  | Game Server [0] [0ms]: 
[16/05/22 13:53:51:4865587] [INFO ]:  | | >IP: 127.0.0.1:20123
[16/05/22 13:53:51:4868645] [INFO ]:  | | >Fill Level: 0/2
[16/05/22 13:53:51:4871589] [INFO ]: ----------INFO ENDS----------
[16/05/22 13:53:52:4904157] [INFO+]: ----------INFO START----------
[16/05/22 13:53:52:4913978] [INFO ]: Full update took [0ms]
[16/05/22 13:53:52:4926516] [INFO ]: Starting Lobby Servers took [0ms]
[16/05/22 13:53:52:4934949] [INFO ]: Stopping Lobby Servers took [0ms]
[16/05/22 13:53:52:4942967] [INFO ]: Starting Game Servers took [0ms]
[16/05/22 13:53:52:4951270] [INFO ]: Starting Game Servers took [0ms]
[16/05/22 13:53:52:4958537] [INFO ]: 
[16/05/22 13:53:52:4966377] [INFO ]: Server Spooler:
[16/05/22 13:53:52:4973938] [INFO ]:  | >IP: 127.0.0.1:5105
[16/05/22 13:53:52:4980964] [INFO ]:  |
[16/05/22 13:53:52:4988848] [INFO ]: Load Balancer [0ms]:
[16/05/22 13:53:52:4996357] [INFO ]:  | >IP: 127.0.0.1:7107
[16/05/22 13:53:52:5004079] [INFO ]:  | >Queue Length: 0
[16/05/22 13:53:52:5014179] [INFO ]:  |
[16/05/22 13:53:52:5024531] [INFO ]: Lobby Servers [0ms]: 
[16/05/22 13:53:52:5031799] [INFO ]:  | Lobby Server [1] [0ms]: 
[16/05/22 13:53:52:5039481] [INFO ]:  | | >IP: 127.0.0.1:10124
[16/05/22 13:53:52:5047387] [INFO ]:  | | >Fill Level: 0/2
[16/05/22 13:53:52:5054764] [INFO ]:  |
[16/05/22 13:53:52:5062034] [INFO ]: Matchmaker [0ms]:
[16/05/22 13:53:52:5070206] [INFO ]:  | >IP: 127.0.0.1:6106
[16/05/22 13:53:52:5078028] [INFO ]:  | >Queue Length: 0
[16/05/22 13:53:52:5085508] [INFO ]:  |
[16/05/22 13:53:52:5092838] [INFO ]: Game Servers [0ms]: 
[16/05/22 13:53:52:5099879] [INFO ]:  | Game Server [0] [0ms]: 
[16/05/22 13:53:52:5106899] [INFO ]:  | | >IP: 127.0.0.1:20123
[16/05/22 13:53:52:5114573] [INFO ]:  | | >Fill Level: 0/2
[16/05/22 13:53:52:5122267] [INFO ]: ----------INFO ENDS----------
[16/05/22 13:53:52:7065637] [INFO ]: Escape key pressed
[16/05/22 13:53:52:7072566] [INFO ]: Shutting down network
[16/05/22 13:53:52:7076922] [INFO ]: Giving time for graceful shutdown
[16/05/22 13:53:53:7108950] [INFO ]: Terminating processes
[16/05/22 13:53:53:7126821] [INFO ]: Killing Load Balancer
[16/05/22 13:53:53:7132475] [INFO ]: Killing Matchmaker
[16/05/22 13:53:53:7136922] [INFO ]: Killing lobby servers
[16/05/22 13:53:53:7139785] [INFO ]: Killing game servers
[16/05/22 13:53:53:7147493] [WARN ]: Shutting down logging
