[13/05/22 21:38:09:9957202] [INFO ]: Logging started
[13/05/22 21:38:10:0220433] [INFO ]: Starting Load Balancer
[13/05/22 21:38:10:0623380] [INFO ]: Waiting for Load Balancer response
[13/05/22 21:38:10:0635184] [INFO ]: Accepting client
[13/05/22 21:38:10:0674854] [INFO ]: Accepting connection
[13/05/22 21:38:10:1524116] [INFO ]: Connection established
[13/05/22 21:38:10:1530051] [INFO ]: Connected in 0ms
[13/05/22 21:38:10:1531921] [INFO ]: Starting Matchmaker
[13/05/22 21:38:10:1624367] [INFO ]: Waiting for Matchmaker response
[13/05/22 21:38:10:1626563] [INFO ]: Accepting client
[13/05/22 21:38:10:1628172] [INFO ]: Accepting connection
[13/05/22 21:38:10:2454347] [INFO ]: Connection established
[13/05/22 21:38:10:2461569] [INFO ]: Connected in 0ms
[13/05/22 21:38:10:2497693] [INFO ]: Starting lobby 0 on port 10123
[13/05/22 21:38:10:2596199] [INFO ]: Accepting client
[13/05/22 21:38:10:2599146] [INFO ]: Accepting connection
[13/05/22 21:38:10:3539096] [INFO ]: Connection established
[13/05/22 21:38:12:2699049] [INFO+]: ----------INFO START----------
[13/05/22 21:38:12:2702765] [INFO ]: Server Spooler:
[13/05/22 21:38:12:2704303] [INFO ]:  | >IP: 127.0.0.1:5105
[13/05/22 21:38:12:2705683] [INFO ]: Load Balancer [0ms]:
[13/05/22 21:38:12:2707531] [INFO ]:  | >IP: 127.0.0.1:7107
[13/05/22 21:38:12:2709057] [INFO ]:  | >Queue Length: 0
[13/05/22 21:38:12:2710440] [INFO ]: Lobby Servers [0ms]: 
[13/05/22 21:38:12:2711973] [INFO ]:  | Lobby Server [0] [0ms]: 
[13/05/22 21:38:12:2713369] [INFO ]:  | | >IP: 127.0.0.1:10123
[13/05/22 21:38:12:2714695] [INFO ]:  | | >Fill Level: 0/2
[13/05/22 21:38:12:2716074] [INFO ]: ----------INFO ENDS----------
[13/05/22 21:38:14:3060078] [INFO+]: ----------INFO START----------
[13/05/22 21:38:14:3064361] [INFO ]: Server Spooler:
[13/05/22 21:38:14:3066197] [INFO ]:  | >IP: 127.0.0.1:5105
[13/05/22 21:38:14:3068096] [INFO ]: Load Balancer [0ms]:
[13/05/22 21:38:14:3070266] [INFO ]:  | >IP: 127.0.0.1:7107
[13/05/22 21:38:14:3071956] [INFO ]:  | >Queue Length: 0
[13/05/22 21:38:14:3073616] [INFO ]: Lobby Servers [0ms]: 
[13/05/22 21:38:14:3075356] [INFO ]:  | Lobby Server [0] [0ms]: 
[13/05/22 21:38:14:3076869] [INFO ]:  | | >IP: 127.0.0.1:10123
[13/05/22 21:38:14:3078400] [INFO ]:  | | >Fill Level: 0/2
[13/05/22 21:38:14:3079843] [INFO ]: ----------INFO ENDS----------
[13/05/22 21:38:16:3441118] [INFO+]: ----------INFO START----------
[13/05/22 21:38:16:3445136] [INFO ]: Server Spooler:
[13/05/22 21:38:16:3446924] [INFO ]:  | >IP: 127.0.0.1:5105
[13/05/22 21:38:16:3448629] [INFO ]: Load Balancer [0ms]:
[13/05/22 21:38:16:3450395] [INFO ]:  | >IP: 127.0.0.1:7107
[13/05/22 21:38:16:3452090] [INFO ]:  | >Queue Length: 0
[13/05/22 21:38:16:3454047] [INFO ]: Lobby Servers [0ms]: 
[13/05/22 21:38:16:3455973] [INFO ]:  | Lobby Server [0] [0ms]: 
[13/05/22 21:38:16:3458145] [INFO ]:  | | >IP: 127.0.0.1:10123
[13/05/22 21:38:16:3459924] [INFO ]:  | | >Fill Level: 0/2
[13/05/22 21:38:16:3461877] [INFO ]: ----------INFO ENDS----------
[13/05/22 21:38:18:3822341] [INFO+]: ----------INFO START----------
[13/05/22 21:38:18:3826377] [INFO ]: Server Spooler:
[13/05/22 21:38:18:3827689] [INFO ]:  | >IP: 127.0.0.1:5105
[13/05/22 21:38:18:3829387] [INFO ]: Load Balancer [0ms]:
[13/05/22 21:38:18:3831052] [INFO ]:  | >IP: 127.0.0.1:7107
[13/05/22 21:38:18:3832929] [INFO ]:  | >Queue Length: 0
[13/05/22 21:38:18:3834458] [INFO ]: Lobby Servers [0ms]: 
[13/05/22 21:38:18:3836157] [INFO ]:  | Lobby Server [0] [0ms]: 
[13/05/22 21:38:18:3837686] [INFO ]:  | | >IP: 127.0.0.1:10123
[13/05/22 21:38:18:3838972] [INFO ]:  | | >Fill Level: 0/2
[13/05/22 21:38:18:3840356] [INFO ]: ----------INFO ENDS----------
[13/05/22 21:38:19:1843980] [ERROR]: Error in main transcieve loop
[13/05/22 21:38:19:1970809] [ERROR]: System.Net.Sockets.SocketException (10054): An existing connection was forcibly closed by the remote host.
   at System.Net.Sockets.Socket.Send(Byte[] buffer)
   at ServerSpooler.Transciever.LobbyServersTranscieve() in C:\Users\rober\Documents\Mixed Code Projects\Scalable-Game-Servers\Server-Spooler\Transciever.cs:line 41
   at ServerSpooler.Program.Main(String[] args) in C:\Users\rober\Documents\Mixed Code Projects\Scalable-Game-Servers\Server-Spooler\Program.cs:line 86
[13/05/22 21:38:19:1978684] [INFO ]: Shutting down network
[13/05/22 21:38:19:1980868] [INFO ]: Giving time for graceful shutdown
[13/05/22 21:38:20:2033618] [INFO ]: Terminating processes
[13/05/22 21:38:20:2041295] [INFO ]: Killing Load Balancer
[13/05/22 21:38:20:2047671] [INFO ]: Killing Matchmaker
[13/05/22 21:38:20:2053756] [WARN ]: Shutting down logging
