[13/05/22 21:38:58:8285778] [INFO ]: Logging started
[13/05/22 21:38:58:8528284] [INFO ]: Starting Load Balancer
[13/05/22 21:38:58:9132768] [INFO ]: Waiting for Load Balancer response
[13/05/22 21:38:58:9142239] [INFO ]: Accepting client
[13/05/22 21:38:58:9178302] [INFO ]: Accepting connection
[13/05/22 21:38:59:0326991] [INFO ]: Connection established
[13/05/22 21:38:59:0333993] [INFO ]: Connected in 0ms
[13/05/22 21:38:59:0335729] [INFO ]: Starting Matchmaker
[13/05/22 21:38:59:0758509] [INFO ]: Waiting for Matchmaker response
[13/05/22 21:38:59:0762082] [INFO ]: Accepting client
[13/05/22 21:38:59:0764190] [INFO ]: Accepting connection
[13/05/22 21:38:59:2024468] [INFO ]: Connection established
[13/05/22 21:38:59:2028874] [INFO ]: Connected in 0ms
[13/05/22 21:38:59:2065231] [INFO ]: Starting lobby 0 on port 10123
[13/05/22 21:38:59:2417902] [INFO ]: Accepting client
[13/05/22 21:38:59:2421392] [INFO ]: Accepting connection
[13/05/22 21:38:59:3883228] [INFO ]: Connection established
[13/05/22 21:39:01:2435402] [INFO+]: ----------INFO START----------
[13/05/22 21:39:01:2439076] [INFO ]: Server Spooler:
[13/05/22 21:39:01:2440638] [INFO ]:  | >IP: 127.0.0.1:5105
[13/05/22 21:39:01:2443441] [INFO ]: Load Balancer [0ms]:
[13/05/22 21:39:01:2444978] [INFO ]:  | >IP: 127.0.0.1:7107
[13/05/22 21:39:01:2446580] [INFO ]:  | >Queue Length: 0
[13/05/22 21:39:01:2448138] [INFO ]: Lobby Servers [0ms]: 
[13/05/22 21:39:01:2449678] [INFO ]:  | Lobby Server [0] [0ms]: 
[13/05/22 21:39:01:2451369] [INFO ]:  | | >IP: 127.0.0.1:10123
[13/05/22 21:39:01:2452857] [INFO ]:  | | >Fill Level: 0/2
[13/05/22 21:39:01:2454777] [INFO ]: ----------INFO ENDS----------
[13/05/22 21:39:03:2766477] [INFO+]: ----------INFO START----------
[13/05/22 21:39:03:2770447] [INFO ]: Server Spooler:
[13/05/22 21:39:03:2772240] [INFO ]:  | >IP: 127.0.0.1:5105
[13/05/22 21:39:03:2773804] [INFO ]: Load Balancer [0ms]:
[13/05/22 21:39:03:2775199] [INFO ]:  | >IP: 127.0.0.1:7107
[13/05/22 21:39:03:2776570] [INFO ]:  | >Queue Length: 0
[13/05/22 21:39:03:2778126] [INFO ]: Lobby Servers [0ms]: 
[13/05/22 21:39:03:2779640] [INFO ]:  | Lobby Server [0] [0ms]: 
[13/05/22 21:39:03:2781045] [INFO ]:  | | >IP: 127.0.0.1:10123
[13/05/22 21:39:03:2782577] [INFO ]:  | | >Fill Level: 0/2
[13/05/22 21:39:03:2784176] [INFO ]: ----------INFO ENDS----------
[13/05/22 21:39:05:3127771] [INFO+]: ----------INFO START----------
[13/05/22 21:39:05:3131665] [INFO ]: Server Spooler:
[13/05/22 21:39:05:3133263] [INFO ]:  | >IP: 127.0.0.1:5105
[13/05/22 21:39:05:3135185] [INFO ]: Load Balancer [0ms]:
[13/05/22 21:39:05:3136907] [INFO ]:  | >IP: 127.0.0.1:7107
[13/05/22 21:39:05:3138533] [INFO ]:  | >Queue Length: 0
[13/05/22 21:39:05:3140160] [INFO ]: Lobby Servers [0ms]: 
[13/05/22 21:39:05:3141614] [INFO ]:  | Lobby Server [0] [0ms]: 
[13/05/22 21:39:05:3143149] [INFO ]:  | | >IP: 127.0.0.1:10123
[13/05/22 21:39:05:3144630] [INFO ]:  | | >Fill Level: 0/2
[13/05/22 21:39:05:3146144] [INFO ]: ----------INFO ENDS----------
[13/05/22 21:39:07:3469211] [INFO+]: ----------INFO START----------
[13/05/22 21:39:07:3473455] [INFO ]: Server Spooler:
[13/05/22 21:39:07:3474922] [INFO ]:  | >IP: 127.0.0.1:5105
[13/05/22 21:39:07:3476230] [INFO ]: Load Balancer [0ms]:
[13/05/22 21:39:07:3477807] [INFO ]:  | >IP: 127.0.0.1:7107
[13/05/22 21:39:07:3479456] [INFO ]:  | >Queue Length: 0
[13/05/22 21:39:07:3481148] [INFO ]: Lobby Servers [0ms]: 
[13/05/22 21:39:07:3482755] [INFO ]:  | Lobby Server [0] [0ms]: 
[13/05/22 21:39:07:3484255] [INFO ]:  | | >IP: 127.0.0.1:10123
[13/05/22 21:39:07:3485571] [INFO ]:  | | >Fill Level: 0/2
[13/05/22 21:39:07:3487147] [INFO ]: ----------INFO ENDS----------
[13/05/22 21:39:09:3853102] [INFO+]: ----------INFO START----------
[13/05/22 21:39:09:3857245] [INFO ]: Server Spooler:
[13/05/22 21:39:09:3858797] [INFO ]:  | >IP: 127.0.0.1:5105
[13/05/22 21:39:09:3860164] [INFO ]: Load Balancer [0ms]:
[13/05/22 21:39:09:3861569] [INFO ]:  | >IP: 127.0.0.1:7107
[13/05/22 21:39:09:3862839] [INFO ]:  | >Queue Length: 0
[13/05/22 21:39:09:3864270] [INFO ]: Lobby Servers [0ms]: 
[13/05/22 21:39:09:3865462] [INFO ]:  | Lobby Server [0] [0ms]: 
[13/05/22 21:39:09:3866909] [INFO ]:  | | >IP: 127.0.0.1:10123
[13/05/22 21:39:09:3868407] [INFO ]:  | | >Fill Level: 0/2
[13/05/22 21:39:09:3869741] [INFO ]: ----------INFO ENDS----------
[13/05/22 21:39:09:5992916] [INFO ]: Escape key pressed
[13/05/22 21:39:09:5996326] [INFO ]: Shutting down network
[13/05/22 21:39:09:5997901] [INFO ]: Giving time for graceful shutdown
[13/05/22 21:39:10:6030340] [INFO ]: Terminating processes
[13/05/22 21:39:10:6038373] [INFO ]: Killing Load Balancer
[13/05/22 21:39:10:6046234] [INFO ]: Killing Matchmaker
[13/05/22 21:39:10:6051391] [WARN ]: Shutting down logging
