[13/05/22 10:42:35:7042734] [INFO ]: Logging started
[13/05/22 10:42:35:7992591] [INFO ]: Starting load balancer
[13/05/22 10:42:35:9475758] [INFO ]: Waiting for load balancer response
[13/05/22 10:42:36:0101876] [INFO ]: Accepting client
[13/05/22 10:42:36:0371634] [INFO ]: Accepting connection
[13/05/22 10:42:36:3035133] [INFO ]: Connection established
[13/05/22 10:42:36:3044164] [INFO ]: Connected in 0ms
[13/05/22 10:42:36:3178192] [INFO ]: Starting lobby 0 on port 10123
[13/05/22 10:42:36:3521916] [INFO ]: Accepting client
[13/05/22 10:42:36:3560939] [INFO ]: Accepting connection
[13/05/22 10:42:36:6318417] [INFO ]: Connection established
[13/05/22 10:42:38:3707305] [INFO ]: ----------INFO START----------
[13/05/22 10:42:38:3752981] [INFO ]: Server Spooler:
[13/05/22 10:42:38:3765846] [INFO ]:  | IP: 127.0.0.1:5105
[13/05/22 10:42:38:3774241] [INFO ]: Load Balancer [0ms]:
[13/05/22 10:42:38:3783227] [INFO ]:  | IP: 127.0.0.1:7107
[13/05/22 10:42:38:3791628] [INFO ]:  | Queue Length: 0
[13/05/22 10:42:38:3801010] [INFO ]: Lobby Servers [0ms]: 
[13/05/22 10:42:38:3810901] [INFO ]:  | Lobby Server [0] [0ms]: 
[13/05/22 10:42:38:3819273] [INFO ]:  | | IP: 127.0.0.1:10123
[13/05/22 10:42:38:3828238] [INFO ]:  | | Fill Level: 0/2
[13/05/22 10:42:38:3837364] [INFO ]: ----------INFO ENDS----------
[13/05/22 10:42:39:2889238] [ERROR]: Error in main transcieve loop
[13/05/22 10:42:39:4619433] [ERROR]: System.Net.Sockets.SocketException (10054): An existing connection was forcibly closed by the remote host.
   at System.Net.Sockets.Socket.Receive(Byte[] buffer)
   at ServerSpooler.Transciever.LobbyServersTranscieve() in C:\Users\rober\Documents\Projects\Scalable-Game-Servers\Server-Spooler\Transciever.cs:line 43
   at ServerSpooler.Program.Main(String[] args) in C:\Users\rober\Documents\Projects\Scalable-Game-Servers\Server-Spooler\Program.cs:line 78
[13/05/22 10:42:39:4970019] [INFO ]: Shutting down network
[13/05/22 10:42:39:5157698] [INFO ]: Giving time for graceful shutdown
[13/05/22 10:42:40:5182250] [INFO ]: Terminating processes
[13/05/22 10:42:40:5213599] [INFO ]: Killing load balancer
[13/05/22 10:42:40:5249364] [WARN ]: Shutting down logging
