[16/05/22 13:40:48:5472413] [INFO ]: Logging started
[16/05/22 13:40:48:6965960] [INFO ]: Starting Load Balancer
[16/05/22 13:40:48:9295565] [INFO ]: Waiting for Load Balancer response
[16/05/22 13:40:48:9356827] [INFO ]: Accepting client
[16/05/22 13:40:48:9589351] [INFO ]: Accepting connection
[16/05/22 13:40:49:4518611] [INFO ]: Connection established
[16/05/22 13:40:49:4539549] [INFO ]: Connected in 519ms
[16/05/22 13:40:49:4552967] [INFO ]: Starting Matchmaker
[16/05/22 13:40:49:5832406] [INFO ]: Waiting for Matchmaker response
[16/05/22 13:40:49:5882973] [INFO ]: Accepting client
[16/05/22 13:40:49:5918977] [INFO ]: Accepting connection
[16/05/22 13:40:50:0551545] [INFO ]: Connection established
[16/05/22 13:40:50:0605375] [INFO ]: Connected in 472ms
[16/05/22 13:40:50:0893487] [INFO ]: Starting lobby 0 on port 10123
[16/05/22 13:40:50:2148032] [INFO ]: Accepting client
[16/05/22 13:40:50:2178155] [INFO ]: Accepting connection
[16/05/22 13:40:50:7840110] [INFO ]: Connection established
[16/05/22 13:40:50:8444090] [INFO ]: Starting game server 0 on port 20123
[16/05/22 13:40:50:9808491] [INFO ]: Accepting client
[16/05/22 13:40:50:9858291] [INFO ]: Accepting connection
[16/05/22 13:40:51:6868103] [INFO ]: Connection established
[16/05/22 13:40:51:7168506] [INFO+]: ----------INFO START----------
[16/05/22 13:40:51:7297692] [INFO ]: Full update took [1651ms]
[16/05/22 13:40:51:7386667] [INFO ]: Starting Lobby Servers took [755ms]
[16/05/22 13:40:51:7502085] [INFO ]: Stopping Lobby Servers took [0ms]
[16/05/22 13:40:51:7539993] [INFO ]: Starting Game Servers took [869ms]
[16/05/22 13:40:51:7555379] [INFO ]: Starting Game Servers took [0ms]
[16/05/22 13:40:51:7692900] [INFO ]: 
[16/05/22 13:40:51:7785793] [INFO ]: Server Spooler:
[16/05/22 13:40:51:7801818] [INFO ]:  | >IP: 127.0.0.1:5105
[16/05/22 13:40:51:7825050] [INFO ]:  |
[16/05/22 13:40:51:7859521] [INFO ]: Load Balancer [14ms]:
[16/05/22 13:40:51:7886832] [INFO ]:  | >IP: 127.0.0.1:7107
[16/05/22 13:40:51:7933681] [INFO ]:  | >Queue Length: 0
[16/05/22 13:40:51:7947380] [INFO ]:  |
[16/05/22 13:40:51:7954330] [INFO ]: Lobby Servers [0ms]: 
[16/05/22 13:40:51:7961561] [INFO ]:  | Lobby Server [0] [0ms]: 
[16/05/22 13:40:51:7966870] [INFO ]:  | | >IP: 127.0.0.1:10123
[16/05/22 13:40:51:7971786] [INFO ]:  | | >Fill Level: 0/2
[16/05/22 13:40:51:7976258] [INFO ]:  |
[16/05/22 13:40:51:7984628] [INFO ]: Matchmaker [10ms]:
[16/05/22 13:40:51:7987880] [INFO ]:  | >IP: 127.0.0.1:6106
[16/05/22 13:40:51:7991172] [INFO ]:  | >Queue Length: 0
[16/05/22 13:40:51:7994149] [INFO ]:  |
[16/05/22 13:40:51:7997289] [INFO ]: Game Servers [0ms]: 
[16/05/22 13:40:51:8001063] [INFO ]:  | Game Server [0] [0ms]: 
[16/05/22 13:40:51:8005547] [INFO ]:  | | >IP: 127.0.0.1:20123
[16/05/22 13:40:51:8008603] [INFO ]:  | | >Fill Level: 0/2
[16/05/22 13:40:51:8012099] [INFO ]: ----------INFO ENDS----------
[16/05/22 13:40:52:8242991] [INFO+]: ----------INFO START----------
[16/05/22 13:40:52:8256826] [INFO ]: Full update took [0ms]
[16/05/22 13:40:52:8264644] [INFO ]: Starting Lobby Servers took [0ms]
[16/05/22 13:40:52:8275146] [INFO ]: Stopping Lobby Servers took [0ms]
[16/05/22 13:40:52:8283588] [INFO ]: Starting Game Servers took [0ms]
[16/05/22 13:40:52:8293068] [INFO ]: Starting Game Servers took [0ms]
[16/05/22 13:40:52:8301332] [INFO ]: 
[16/05/22 13:40:52:8308703] [INFO ]: Server Spooler:
[16/05/22 13:40:52:8316814] [INFO ]:  | >IP: 127.0.0.1:5105
[16/05/22 13:40:52:8325535] [INFO ]:  |
[16/05/22 13:40:52:8333632] [INFO ]: Load Balancer [0ms]:
[16/05/22 13:40:52:8341975] [INFO ]:  | >IP: 127.0.0.1:7107
[16/05/22 13:40:52:8349631] [INFO ]:  | >Queue Length: 0
[16/05/22 13:40:52:8358654] [INFO ]:  |
[16/05/22 13:40:52:8365973] [INFO ]: Lobby Servers [0ms]: 
[16/05/22 13:40:52:8373404] [INFO ]:  | Lobby Server [0] [0ms]: 
[16/05/22 13:40:52:8381003] [INFO ]:  | | >IP: 127.0.0.1:10123
[16/05/22 13:40:52:8394339] [INFO ]:  | | >Fill Level: 0/2
[16/05/22 13:40:52:8403662] [INFO ]:  |
[16/05/22 13:40:52:8414126] [INFO ]: Matchmaker [1ms]:
[16/05/22 13:40:52:8422067] [INFO ]:  | >IP: 127.0.0.1:6106
[16/05/22 13:40:52:8430076] [INFO ]:  | >Queue Length: 0
[16/05/22 13:40:52:8437654] [INFO ]:  |
[16/05/22 13:40:52:8444940] [INFO ]: Game Servers [0ms]: 
[16/05/22 13:40:52:8452136] [INFO ]:  | Game Server [0] [0ms]: 
[16/05/22 13:40:52:8460709] [INFO ]:  | | >IP: 127.0.0.1:20123
[16/05/22 13:40:52:8468527] [INFO ]:  | | >Fill Level: 0/2
[16/05/22 13:40:52:8475577] [INFO ]: ----------INFO ENDS----------
[16/05/22 13:40:53:9026368] [INFO+]: ----------INFO START----------
[16/05/22 13:40:53:9041304] [INFO ]: Full update took [0ms]
[16/05/22 13:40:53:9048805] [INFO ]: Starting Lobby Servers took [0ms]
[16/05/22 13:40:53:9067835] [INFO ]: Stopping Lobby Servers took [0ms]
[16/05/22 13:40:53:9076662] [INFO ]: Starting Game Servers took [0ms]
[16/05/22 13:40:53:9085335] [INFO ]: Starting Game Servers took [0ms]
[16/05/22 13:40:53:9107542] [INFO ]: 
[16/05/22 13:40:53:9168319] [INFO ]: Server Spooler:
[16/05/22 13:40:53:9176552] [INFO ]:  | >IP: 127.0.0.1:5105
[16/05/22 13:40:53:9183984] [INFO ]:  |
[16/05/22 13:40:53:9194632] [INFO ]: Load Balancer [0ms]:
[16/05/22 13:40:53:9202366] [INFO ]:  | >IP: 127.0.0.1:7107
[16/05/22 13:40:53:9210593] [INFO ]:  | >Queue Length: 0
[16/05/22 13:40:53:9225472] [INFO ]:  |
[16/05/22 13:40:53:9234295] [INFO ]: Lobby Servers [0ms]: 
[16/05/22 13:40:53:9242700] [INFO ]:  | Lobby Server [0] [0ms]: 
[16/05/22 13:40:53:9256813] [INFO ]:  | | >IP: 127.0.0.1:10123
[16/05/22 13:40:53:9265231] [INFO ]:  | | >Fill Level: 0/2
[16/05/22 13:40:53:9272704] [INFO ]:  |
[16/05/22 13:40:53:9282861] [INFO ]: Matchmaker [0ms]:
[16/05/22 13:40:53:9290428] [INFO ]:  | >IP: 127.0.0.1:6106
[16/05/22 13:40:53:9297952] [INFO ]:  | >Queue Length: 0
[16/05/22 13:40:53:9305127] [INFO ]:  |
[16/05/22 13:40:53:9312485] [INFO ]: Game Servers [0ms]: 
[16/05/22 13:40:53:9319943] [INFO ]:  | Game Server [0] [0ms]: 
[16/05/22 13:40:53:9327312] [INFO ]:  | | >IP: 127.0.0.1:20123
[16/05/22 13:40:53:9334845] [INFO ]:  | | >Fill Level: 0/2
[16/05/22 13:40:53:9342406] [INFO ]: ----------INFO ENDS----------
[16/05/22 13:40:54:9737514] [INFO+]: ----------INFO START----------
[16/05/22 13:40:54:9782790] [INFO ]: Full update took [0ms]
[16/05/22 13:40:54:9802670] [INFO ]: Starting Lobby Servers took [0ms]
[16/05/22 13:40:54:9817697] [INFO ]: Stopping Lobby Servers took [0ms]
[16/05/22 13:40:54:9826246] [INFO ]: Starting Game Servers took [0ms]
[16/05/22 13:40:54:9837837] [INFO ]: Starting Game Servers took [0ms]
[16/05/22 13:40:54:9853168] [INFO ]: 
[16/05/22 13:40:54:9912415] [INFO ]: Server Spooler:
[16/05/22 13:40:54:9941996] [INFO ]:  | >IP: 127.0.0.1:5105
[16/05/22 13:40:54:9968802] [INFO ]:  |
[16/05/22 13:40:55:0026180] [INFO ]: Load Balancer [1ms]:
[16/05/22 13:40:55:0067685] [INFO ]:  | >IP: 127.0.0.1:7107
[16/05/22 13:40:55:0082304] [INFO ]:  | >Queue Length: 0
[16/05/22 13:40:55:0106671] [INFO ]:  |
[16/05/22 13:40:55:0133704] [INFO ]: Lobby Servers [0ms]: 
[16/05/22 13:40:55:0145804] [INFO ]:  | Lobby Server [0] [0ms]: 
[16/05/22 13:40:55:0169852] [INFO ]:  | | >IP: 127.0.0.1:10123
[16/05/22 13:40:55:0184059] [INFO ]:  | | >Fill Level: 0/2
[16/05/22 13:40:55:0205014] [INFO ]:  |
[16/05/22 13:40:55:0291592] [INFO ]: Matchmaker [0ms]:
[16/05/22 13:40:55:0303588] [INFO ]:  | >IP: 127.0.0.1:6106
[16/05/22 13:40:55:0315049] [INFO ]:  | >Queue Length: 0
[16/05/22 13:40:55:0327563] [INFO ]:  |
[16/05/22 13:40:55:0339589] [INFO ]: Game Servers [0ms]: 
[16/05/22 13:40:55:0352297] [INFO ]:  | Game Server [0] [0ms]: 
[16/05/22 13:40:55:0377562] [INFO ]:  | | >IP: 127.0.0.1:20123
[16/05/22 13:40:55:0483880] [INFO ]:  | | >Fill Level: 0/2
[16/05/22 13:40:55:0495208] [INFO ]: ----------INFO ENDS----------
[16/05/22 13:40:56:0889324] [INFO+]: ----------INFO START----------
[16/05/22 13:40:56:0906501] [INFO ]: Full update took [0ms]
[16/05/22 13:40:56:0914359] [INFO ]: Starting Lobby Servers took [0ms]
[16/05/22 13:40:56:0922065] [INFO ]: Stopping Lobby Servers took [0ms]
[16/05/22 13:40:56:0929540] [INFO ]: Starting Game Servers took [0ms]
[16/05/22 13:40:56:0937396] [INFO ]: Starting Game Servers took [0ms]
[16/05/22 13:40:56:0945443] [INFO ]: 
[16/05/22 13:40:56:0953082] [INFO ]: Server Spooler:
[16/05/22 13:40:56:0963167] [INFO ]:  | >IP: 127.0.0.1:5105
[16/05/22 13:40:56:0974449] [INFO ]:  |
[16/05/22 13:40:56:0985215] [INFO ]: Load Balancer [0ms]:
[16/05/22 13:40:56:0994124] [INFO ]:  | >IP: 127.0.0.1:7107
[16/05/22 13:40:56:1002162] [INFO ]:  | >Queue Length: 0
[16/05/22 13:40:56:1010291] [INFO ]:  |
[16/05/22 13:40:56:1017873] [INFO ]: Lobby Servers [0ms]: 
[16/05/22 13:40:56:1025547] [INFO ]:  | Lobby Server [0] [0ms]: 
[16/05/22 13:40:56:1033271] [INFO ]:  | | >IP: 127.0.0.1:10123
[16/05/22 13:40:56:1040909] [INFO ]:  | | >Fill Level: 0/2
[16/05/22 13:40:56:1053435] [INFO ]:  |
[16/05/22 13:40:56:1064101] [INFO ]: Matchmaker [0ms]:
[16/05/22 13:40:56:1071751] [INFO ]:  | >IP: 127.0.0.1:6106
[16/05/22 13:40:56:1079343] [INFO ]:  | >Queue Length: 0
[16/05/22 13:40:56:1086946] [INFO ]:  |
[16/05/22 13:40:56:1094167] [INFO ]: Game Servers [0ms]: 
[16/05/22 13:40:56:1102223] [INFO ]:  | Game Server [0] [0ms]: 
[16/05/22 13:40:56:1110075] [INFO ]:  | | >IP: 127.0.0.1:20123
[16/05/22 13:40:56:1120059] [INFO ]:  | | >Fill Level: 0/2
[16/05/22 13:40:56:1126580] [INFO ]: ----------INFO ENDS----------
[16/05/22 13:40:56:8344604] [INFO ]: Starting lobby 1 on port 10124
[16/05/22 13:40:56:8692141] [INFO ]: Accepting client
[16/05/22 13:40:56:8835921] [INFO ]: Accepting connection
[16/05/22 13:40:57:2453148] [INFO ]: Connection established
[16/05/22 13:40:57:2464233] [INFO+]: ----------INFO START----------
[16/05/22 13:40:57:2472549] [INFO ]: Full update took [0ms]
[16/05/22 13:40:57:2478283] [INFO ]: Starting Lobby Servers took [411ms]
[16/05/22 13:40:57:2483119] [INFO ]: Stopping Lobby Servers took [0ms]
[16/05/22 13:40:57:2488265] [INFO ]: Starting Game Servers took [0ms]
[16/05/22 13:40:57:2492379] [INFO ]: Starting Game Servers took [0ms]
[16/05/22 13:40:57:2496779] [INFO ]: 
[16/05/22 13:40:57:2501918] [INFO ]: Server Spooler:
[16/05/22 13:40:57:2506050] [INFO ]:  | >IP: 127.0.0.1:5105
[16/05/22 13:40:57:2514775] [INFO ]:  |
[16/05/22 13:40:57:2519647] [INFO ]: Load Balancer [0ms]:
[16/05/22 13:40:57:2526548] [INFO ]:  | >IP: 127.0.0.1:7107
[16/05/22 13:40:57:2530963] [INFO ]:  | >Queue Length: 0
[16/05/22 13:40:57:2541752] [INFO ]:  |
[16/05/22 13:40:57:2598286] [INFO ]: Lobby Servers [0ms]: 
[16/05/22 13:40:57:2627759] [INFO ]:  | Lobby Server [0] [0ms]: 
[16/05/22 13:40:57:2651860] [INFO ]:  | | >IP: 127.0.0.1:10123
[16/05/22 13:40:57:2657787] [INFO ]:  | | >Fill Level: 1/2
[16/05/22 13:40:57:2662749] [INFO ]:  | Lobby Server [1] [0ms]: 
[16/05/22 13:40:57:2677724] [INFO ]:  | | >IP: 127.0.0.1:10124
[16/05/22 13:40:57:2682898] [INFO ]:  | | >Fill Level: 0/2
[16/05/22 13:40:57:2686709] [INFO ]:  |
[16/05/22 13:40:57:2691641] [INFO ]: Matchmaker [0ms]:
[16/05/22 13:40:57:2696839] [INFO ]:  | >IP: 127.0.0.1:6106
[16/05/22 13:40:57:2702265] [INFO ]:  | >Queue Length: 0
[16/05/22 13:40:57:2758364] [INFO ]:  |
[16/05/22 13:40:57:2777690] [INFO ]: Game Servers [0ms]: 
[16/05/22 13:40:57:2793267] [INFO ]:  | Game Server [0] [0ms]: 
[16/05/22 13:40:57:2798926] [INFO ]:  | | >IP: 127.0.0.1:20123
[16/05/22 13:40:57:2805704] [INFO ]:  | | >Fill Level: 0/2
[16/05/22 13:40:57:2812681] [INFO ]: ----------INFO ENDS----------
[16/05/22 13:40:58:3108751] [INFO+]: ----------INFO START----------
[16/05/22 13:40:58:3121529] [INFO ]: Full update took [0ms]
[16/05/22 13:40:58:3129340] [INFO ]: Starting Lobby Servers took [0ms]
[16/05/22 13:40:58:3137329] [INFO ]: Stopping Lobby Servers took [0ms]
[16/05/22 13:40:58:3145330] [INFO ]: Starting Game Servers took [0ms]
[16/05/22 13:40:58:3153310] [INFO ]: Starting Game Servers took [0ms]
[16/05/22 13:40:58:3160998] [INFO ]: 
[16/05/22 13:40:58:3168457] [INFO ]: Server Spooler:
[16/05/22 13:40:58:3176429] [INFO ]:  | >IP: 127.0.0.1:5105
[16/05/22 13:40:58:3183840] [INFO ]:  |
[16/05/22 13:40:58:3191686] [INFO ]: Load Balancer [0ms]:
[16/05/22 13:40:58:3199526] [INFO ]:  | >IP: 127.0.0.1:7107
[16/05/22 13:40:58:3207151] [INFO ]:  | >Queue Length: 0
[16/05/22 13:40:58:3220781] [INFO ]:  |
[16/05/22 13:40:58:3229125] [INFO ]: Lobby Servers [0ms]: 
[16/05/22 13:40:58:3250482] [INFO ]:  | Lobby Server [0] [0ms]: 
[16/05/22 13:40:58:3259129] [INFO ]:  | | >IP: 127.0.0.1:10123
[16/05/22 13:40:58:3267159] [INFO ]:  | | >Fill Level: 1/2
[16/05/22 13:40:58:3274510] [INFO ]:  | Lobby Server [1] [0ms]: 
[16/05/22 13:40:58:3282216] [INFO ]:  | | >IP: 127.0.0.1:10124
[16/05/22 13:40:58:3289949] [INFO ]:  | | >Fill Level: 0/2
[16/05/22 13:40:58:3297783] [INFO ]:  |
[16/05/22 13:40:58:3305269] [INFO ]: Matchmaker [0ms]:
[16/05/22 13:40:58:3312658] [INFO ]:  | >IP: 127.0.0.1:6106
[16/05/22 13:40:58:3319945] [INFO ]:  | >Queue Length: 0
[16/05/22 13:40:58:3328070] [INFO ]:  |
[16/05/22 13:40:58:3336214] [INFO ]: Game Servers [0ms]: 
[16/05/22 13:40:58:3343386] [INFO ]:  | Game Server [0] [0ms]: 
[16/05/22 13:40:58:3350633] [INFO ]:  | | >IP: 127.0.0.1:20123
[16/05/22 13:40:58:3358034] [INFO ]:  | | >Fill Level: 0/2
[16/05/22 13:40:58:3365433] [INFO ]: ----------INFO ENDS----------
[16/05/22 13:40:59:3506919] [INFO+]: ----------INFO START----------
[16/05/22 13:40:59:3513680] [INFO ]: Full update took [0ms]
[16/05/22 13:40:59:3516786] [INFO ]: Starting Lobby Servers took [0ms]
[16/05/22 13:40:59:3520040] [INFO ]: Stopping Lobby Servers took [0ms]
[16/05/22 13:40:59:3523177] [INFO ]: Starting Game Servers took [0ms]
[16/05/22 13:40:59:3526350] [INFO ]: Starting Game Servers took [0ms]
[16/05/22 13:40:59:3529420] [INFO ]: 
[16/05/22 13:40:59:3532415] [INFO ]: Server Spooler:
[16/05/22 13:40:59:3535382] [INFO ]:  | >IP: 127.0.0.1:5105
[16/05/22 13:40:59:3541856] [INFO ]:  |
[16/05/22 13:40:59:3545058] [INFO ]: Load Balancer [0ms]:
[16/05/22 13:40:59:3548786] [INFO ]:  | >IP: 127.0.0.1:7107
[16/05/22 13:40:59:3552560] [INFO ]:  | >Queue Length: 0
[16/05/22 13:40:59:3557286] [INFO ]:  |
[16/05/22 13:40:59:3561147] [INFO ]: Lobby Servers [0ms]: 
[16/05/22 13:40:59:3564282] [INFO ]:  | Lobby Server [0] [0ms]: 
[16/05/22 13:40:59:3568133] [INFO ]:  | | >IP: 127.0.0.1:10123
[16/05/22 13:40:59:3571412] [INFO ]:  | | >Fill Level: 1/2
[16/05/22 13:40:59:3575329] [INFO ]:  | Lobby Server [1] [0ms]: 
[16/05/22 13:40:59:3578794] [INFO ]:  | | >IP: 127.0.0.1:10124
[16/05/22 13:40:59:3581755] [INFO ]:  | | >Fill Level: 0/2
[16/05/22 13:40:59:3584568] [INFO ]:  |
[16/05/22 13:40:59:3587498] [INFO ]: Matchmaker [0ms]:
[16/05/22 13:40:59:3590647] [INFO ]:  | >IP: 127.0.0.1:6106
[16/05/22 13:40:59:3593873] [INFO ]:  | >Queue Length: 0
[16/05/22 13:40:59:3597009] [INFO ]:  |
[16/05/22 13:40:59:3600044] [INFO ]: Game Servers [0ms]: 
[16/05/22 13:40:59:3603090] [INFO ]:  | Game Server [0] [0ms]: 
[16/05/22 13:40:59:3606055] [INFO ]:  | | >IP: 127.0.0.1:20123
[16/05/22 13:40:59:3609334] [INFO ]:  | | >Fill Level: 0/2
[16/05/22 13:40:59:3612391] [INFO ]: ----------INFO ENDS----------
[16/05/22 13:41:00:4224986] [INFO+]: ----------INFO START----------
[16/05/22 13:41:00:4242856] [INFO ]: Full update took [0ms]
[16/05/22 13:41:00:4251138] [INFO ]: Starting Lobby Servers took [0ms]
[16/05/22 13:41:00:4258760] [INFO ]: Stopping Lobby Servers took [0ms]
[16/05/22 13:41:00:4266439] [INFO ]: Starting Game Servers took [0ms]
[16/05/22 13:41:00:4274060] [INFO ]: Starting Game Servers took [0ms]
[16/05/22 13:41:00:4281707] [INFO ]: 
[16/05/22 13:41:00:4289597] [INFO ]: Server Spooler:
[16/05/22 13:41:00:4297332] [INFO ]:  | >IP: 127.0.0.1:5105
[16/05/22 13:41:00:4304895] [INFO ]:  |
[16/05/22 13:41:00:4312080] [INFO ]: Load Balancer [0ms]:
[16/05/22 13:41:00:4319682] [INFO ]:  | >IP: 127.0.0.1:7107
[16/05/22 13:41:00:4327520] [INFO ]:  | >Queue Length: 0
[16/05/22 13:41:00:4336057] [INFO ]:  |
[16/05/22 13:41:00:4344188] [INFO ]: Lobby Servers [0ms]: 
[16/05/22 13:41:00:4351789] [INFO ]:  | Lobby Server [0] [0ms]: 
[16/05/22 13:41:00:4363610] [INFO ]:  | | >IP: 127.0.0.1:10123
[16/05/22 13:41:00:4375734] [INFO ]:  | | >Fill Level: 1/2
[16/05/22 13:41:00:4383082] [INFO ]:  | Lobby Server [1] [0ms]: 
[16/05/22 13:41:00:4391157] [INFO ]:  | | >IP: 127.0.0.1:10124
[16/05/22 13:41:00:4399932] [INFO ]:  | | >Fill Level: 0/2
[16/05/22 13:41:00:4407733] [INFO ]:  |
[16/05/22 13:41:00:4414781] [INFO ]: Matchmaker [0ms]:
[16/05/22 13:41:00:4422323] [INFO ]:  | >IP: 127.0.0.1:6106
[16/05/22 13:41:00:4429757] [INFO ]:  | >Queue Length: 0
[16/05/22 13:41:00:4437188] [INFO ]:  |
[16/05/22 13:41:00:4444483] [INFO ]: Game Servers [0ms]: 
[16/05/22 13:41:00:4451793] [INFO ]:  | Game Server [0] [0ms]: 
[16/05/22 13:41:00:4461996] [INFO ]:  | | >IP: 127.0.0.1:20123
[16/05/22 13:41:00:4469643] [INFO ]:  | | >Fill Level: 0/2
[16/05/22 13:41:00:4477656] [INFO ]: ----------INFO ENDS----------
[16/05/22 13:41:01:4722448] [INFO+]: ----------INFO START----------
[16/05/22 13:41:01:4750985] [INFO ]: Full update took [0ms]
[16/05/22 13:41:01:4759822] [INFO ]: Starting Lobby Servers took [0ms]
[16/05/22 13:41:01:4768491] [INFO ]: Stopping Lobby Servers took [0ms]
[16/05/22 13:41:01:4776898] [INFO ]: Starting Game Servers took [0ms]
[16/05/22 13:41:01:4784422] [INFO ]: Starting Game Servers took [0ms]
[16/05/22 13:41:01:4792311] [INFO ]: 
[16/05/22 13:41:01:4800117] [INFO ]: Server Spooler:
[16/05/22 13:41:01:4807826] [INFO ]:  | >IP: 127.0.0.1:5105
[16/05/22 13:41:01:4815532] [INFO ]:  |
[16/05/22 13:41:01:4823231] [INFO ]: Load Balancer [0ms]:
[16/05/22 13:41:01:4830995] [INFO ]:  | >IP: 127.0.0.1:7107
[16/05/22 13:41:01:4838974] [INFO ]:  | >Queue Length: 0
[16/05/22 13:41:01:4847290] [INFO ]:  |
[16/05/22 13:41:01:4855085] [INFO ]: Lobby Servers [0ms]: 
[16/05/22 13:41:01:4879130] [INFO ]:  | Lobby Server [0] [0ms]: 
[16/05/22 13:41:01:4894329] [INFO ]:  | | >IP: 127.0.0.1:10123
[16/05/22 13:41:01:4906374] [INFO ]:  | | >Fill Level: 1/2
[16/05/22 13:41:01:4918277] [INFO ]:  | Lobby Server [1] [0ms]: 
[16/05/22 13:41:01:4928656] [INFO ]:  | | >IP: 127.0.0.1:10124
[16/05/22 13:41:01:4941084] [INFO ]:  | | >Fill Level: 0/2
[16/05/22 13:41:01:4949838] [INFO ]:  |
[16/05/22 13:41:01:4960025] [INFO ]: Matchmaker [0ms]:
[16/05/22 13:41:01:4971365] [INFO ]:  | >IP: 127.0.0.1:6106
[16/05/22 13:41:01:4982329] [INFO ]:  | >Queue Length: 0
[16/05/22 13:41:01:4992813] [INFO ]:  |
[16/05/22 13:41:01:5001794] [INFO ]: Game Servers [0ms]: 
[16/05/22 13:41:01:5014933] [INFO ]:  | Game Server [0] [0ms]: 
[16/05/22 13:41:01:5028422] [INFO ]:  | | >IP: 127.0.0.1:20123
[16/05/22 13:41:01:5041704] [INFO ]:  | | >Fill Level: 0/2
[16/05/22 13:41:01:5051723] [INFO ]: ----------INFO ENDS----------
[16/05/22 13:41:02:5718036] [INFO+]: ----------INFO START----------
[16/05/22 13:41:02:5737120] [INFO ]: Full update took [0ms]
[16/05/22 13:41:02:5747795] [INFO ]: Starting Lobby Servers took [0ms]
[16/05/22 13:41:02:5756666] [INFO ]: Stopping Lobby Servers took [0ms]
[16/05/22 13:41:02:5764275] [INFO ]: Starting Game Servers took [0ms]
[16/05/22 13:41:02:5771800] [INFO ]: Starting Game Servers took [0ms]
[16/05/22 13:41:02:5779858] [INFO ]: 
[16/05/22 13:41:02:5787859] [INFO ]: Server Spooler:
[16/05/22 13:41:02:5795119] [INFO ]:  | >IP: 127.0.0.1:5105
[16/05/22 13:41:02:5802729] [INFO ]:  |
[16/05/22 13:41:02:5809870] [INFO ]: Load Balancer [0ms]:
[16/05/22 13:41:02:5817708] [INFO ]:  | >IP: 127.0.0.1:7107
[16/05/22 13:41:02:5825819] [INFO ]:  | >Queue Length: 0
[16/05/22 13:41:02:5833278] [INFO ]:  |
[16/05/22 13:41:02:5841347] [INFO ]: Lobby Servers [0ms]: 
[16/05/22 13:41:02:5849111] [INFO ]:  | Lobby Server [0] [0ms]: 
[16/05/22 13:41:02:5857115] [INFO ]:  | | >IP: 127.0.0.1:10123
[16/05/22 13:41:02:5869691] [INFO ]:  | | >Fill Level: 1/2
[16/05/22 13:41:02:5877600] [INFO ]:  | Lobby Server [1] [0ms]: 
[16/05/22 13:41:02:5885744] [INFO ]:  | | >IP: 127.0.0.1:10124
[16/05/22 13:41:02:5893384] [INFO ]:  | | >Fill Level: 0/2
[16/05/22 13:41:02:5900819] [INFO ]:  |
[16/05/22 13:41:02:5913624] [INFO ]: Matchmaker [0ms]:
[16/05/22 13:41:02:5921198] [INFO ]:  | >IP: 127.0.0.1:6106
[16/05/22 13:41:02:5929229] [INFO ]:  | >Queue Length: 0
[16/05/22 13:41:02:5936929] [INFO ]:  |
[16/05/22 13:41:02:5944583] [INFO ]: Game Servers [0ms]: 
[16/05/22 13:41:02:5952146] [INFO ]:  | Game Server [0] [0ms]: 
[16/05/22 13:41:02:5959417] [INFO ]:  | | >IP: 127.0.0.1:20123
[16/05/22 13:41:02:5966928] [INFO ]:  | | >Fill Level: 0/2
[16/05/22 13:41:02:5974861] [INFO ]: ----------INFO ENDS----------
[16/05/22 13:41:03:6219582] [INFO+]: ----------INFO START----------
[16/05/22 13:41:03:6239515] [INFO ]: Full update took [0ms]
[16/05/22 13:41:03:6247158] [INFO ]: Starting Lobby Servers took [0ms]
[16/05/22 13:41:03:6256922] [INFO ]: Stopping Lobby Servers took [0ms]
[16/05/22 13:41:03:6265417] [INFO ]: Starting Game Servers took [0ms]
[16/05/22 13:41:03:6273207] [INFO ]: Starting Game Servers took [0ms]
[16/05/22 13:41:03:6280974] [INFO ]: 
[16/05/22 13:41:03:6288276] [INFO ]: Server Spooler:
[16/05/22 13:41:03:6296236] [INFO ]:  | >IP: 127.0.0.1:5105
[16/05/22 13:41:03:6304401] [INFO ]:  |
[16/05/22 13:41:03:6312067] [INFO ]: Load Balancer [0ms]:
[16/05/22 13:41:03:6319939] [INFO ]:  | >IP: 127.0.0.1:7107
[16/05/22 13:41:03:6328398] [INFO ]:  | >Queue Length: 0
[16/05/22 13:41:03:6336459] [INFO ]:  |
[16/05/22 13:41:03:6344383] [INFO ]: Lobby Servers [0ms]: 
[16/05/22 13:41:03:6355426] [INFO ]:  | Lobby Server [0] [0ms]: 
[16/05/22 13:41:03:6367262] [INFO ]:  | | >IP: 127.0.0.1:10123
[16/05/22 13:41:03:6375190] [INFO ]:  | | >Fill Level: 1/2
[16/05/22 13:41:03:6383468] [INFO ]:  | Lobby Server [1] [0ms]: 
[16/05/22 13:41:03:6391072] [INFO ]:  | | >IP: 127.0.0.1:10124
[16/05/22 13:41:03:6398168] [INFO ]:  | | >Fill Level: 0/2
[16/05/22 13:41:03:6406555] [INFO ]:  |
[16/05/22 13:41:03:6413895] [INFO ]: Matchmaker [0ms]:
[16/05/22 13:41:03:6421411] [INFO ]:  | >IP: 127.0.0.1:6106
[16/05/22 13:41:03:6429680] [INFO ]:  | >Queue Length: 0
[16/05/22 13:41:03:6437391] [INFO ]:  |
[16/05/22 13:41:03:6445070] [INFO ]: Game Servers [0ms]: 
[16/05/22 13:41:03:6453133] [INFO ]:  | Game Server [0] [0ms]: 
[16/05/22 13:41:03:6461237] [INFO ]:  | | >IP: 127.0.0.1:20123
[16/05/22 13:41:03:6469127] [INFO ]:  | | >Fill Level: 0/2
[16/05/22 13:41:03:6477346] [INFO ]: ----------INFO ENDS----------
[16/05/22 13:41:04:6896043] [INFO+]: ----------INFO START----------
[16/05/22 13:41:04:6907115] [INFO ]: Full update took [0ms]
[16/05/22 13:41:04:6926243] [INFO ]: Starting Lobby Servers took [0ms]
[16/05/22 13:41:04:6938758] [INFO ]: Stopping Lobby Servers took [0ms]
[16/05/22 13:41:04:6947057] [INFO ]: Starting Game Servers took [0ms]
[16/05/22 13:41:04:6957116] [INFO ]: Starting Game Servers took [0ms]
[16/05/22 13:41:04:6964960] [INFO ]: 
[16/05/22 13:41:04:6975723] [INFO ]: Server Spooler:
[16/05/22 13:41:04:6983782] [INFO ]:  | >IP: 127.0.0.1:5105
[16/05/22 13:41:04:6992801] [INFO ]:  |
[16/05/22 13:41:04:7001220] [INFO ]: Load Balancer [0ms]:
[16/05/22 13:41:04:7009647] [INFO ]:  | >IP: 127.0.0.1:7107
[16/05/22 13:41:04:7017375] [INFO ]:  | >Queue Length: 0
[16/05/22 13:41:04:7025828] [INFO ]:  |
[16/05/22 13:41:04:7045466] [INFO ]: Lobby Servers [0ms]: 
[16/05/22 13:41:04:7053736] [INFO ]:  | Lobby Server [0] [0ms]: 
[16/05/22 13:41:04:7064221] [INFO ]:  | | >IP: 127.0.0.1:10123
[16/05/22 13:41:04:7073004] [INFO ]:  | | >Fill Level: 1/2
[16/05/22 13:41:04:7082241] [INFO ]:  | Lobby Server [1] [0ms]: 
[16/05/22 13:41:04:7090686] [INFO ]:  | | >IP: 127.0.0.1:10124
[16/05/22 13:41:04:7099054] [INFO ]:  | | >Fill Level: 0/2
[16/05/22 13:41:04:7106809] [INFO ]:  |
[16/05/22 13:41:04:7115110] [INFO ]: Matchmaker [0ms]:
[16/05/22 13:41:04:7123322] [INFO ]:  | >IP: 127.0.0.1:6106
[16/05/22 13:41:04:7131387] [INFO ]:  | >Queue Length: 0
[16/05/22 13:41:04:7138810] [INFO ]:  |
[16/05/22 13:41:04:7146850] [INFO ]: Game Servers [0ms]: 
[16/05/22 13:41:04:7154855] [INFO ]:  | Game Server [0] [0ms]: 
[16/05/22 13:41:04:7162227] [INFO ]:  | | >IP: 127.0.0.1:20123
[16/05/22 13:41:04:7170539] [INFO ]:  | | >Fill Level: 0/2
[16/05/22 13:41:04:7178299] [INFO ]: ----------INFO ENDS----------
[16/05/22 13:41:05:7605426] [INFO+]: ----------INFO START----------
[16/05/22 13:41:05:7623530] [INFO ]: Full update took [0ms]
[16/05/22 13:41:05:7634991] [INFO ]: Starting Lobby Servers took [0ms]
[16/05/22 13:41:05:7644924] [INFO ]: Stopping Lobby Servers took [0ms]
[16/05/22 13:41:05:7654485] [INFO ]: Starting Game Servers took [0ms]
[16/05/22 13:41:05:7663465] [INFO ]: Starting Game Servers took [0ms]
[16/05/22 13:41:05:7672666] [INFO ]: 
[16/05/22 13:41:05:7681695] [INFO ]: Server Spooler:
[16/05/22 13:41:05:7707846] [INFO ]:  | >IP: 127.0.0.1:5105
[16/05/22 13:41:05:7737895] [INFO ]:  |
[16/05/22 13:41:05:7747273] [INFO ]: Load Balancer [0ms]:
[16/05/22 13:41:05:7756202] [INFO ]:  | >IP: 127.0.0.1:7107
[16/05/22 13:41:05:7766097] [INFO ]:  | >Queue Length: 0
[16/05/22 13:41:05:7774919] [INFO ]:  |
[16/05/22 13:41:05:7790146] [INFO ]: Lobby Servers [0ms]: 
[16/05/22 13:41:05:7798949] [INFO ]:  | Lobby Server [0] [0ms]: 
[16/05/22 13:41:05:7808294] [INFO ]:  | | >IP: 127.0.0.1:10123
[16/05/22 13:41:05:7817514] [INFO ]:  | | >Fill Level: 1/2
[16/05/22 13:41:05:7826465] [INFO ]:  | Lobby Server [1] [0ms]: 
[16/05/22 13:41:05:7835705] [INFO ]:  | | >IP: 127.0.0.1:10124
[16/05/22 13:41:05:7844943] [INFO ]:  | | >Fill Level: 0/2
[16/05/22 13:41:05:7853791] [INFO ]:  |
[16/05/22 13:41:05:8142949] [INFO ]: Matchmaker [0ms]:
[16/05/22 13:41:05:8166065] [INFO ]:  | >IP: 127.0.0.1:6106
[16/05/22 13:41:05:8218273] [INFO ]:  | >Queue Length: 0
[16/05/22 13:41:05:8236621] [INFO ]:  |
[16/05/22 13:41:05:8251094] [INFO ]: Game Servers [0ms]: 
[16/05/22 13:41:05:8265460] [INFO ]:  | Game Server [0] [0ms]: 
[16/05/22 13:41:05:8278153] [INFO ]:  | | >IP: 127.0.0.1:20123
[16/05/22 13:41:05:8298582] [INFO ]:  | | >Fill Level: 0/2
[16/05/22 13:41:05:8308930] [INFO ]: ----------INFO ENDS----------
[16/05/22 13:41:06:8350468] [INFO+]: ----------INFO START----------
[16/05/22 13:41:06:8375314] [INFO ]: Full update took [0ms]
[16/05/22 13:41:06:8400731] [INFO ]: Starting Lobby Servers took [0ms]
[16/05/22 13:41:06:8412898] [INFO ]: Stopping Lobby Servers took [0ms]
[16/05/22 13:41:06:8421407] [INFO ]: Starting Game Servers took [0ms]
[16/05/22 13:41:06:8428570] [INFO ]: Starting Game Servers took [0ms]
[16/05/22 13:41:06:8436744] [INFO ]: 
[16/05/22 13:41:06:8444500] [INFO ]: Server Spooler:
[16/05/22 13:41:06:8453145] [INFO ]:  | >IP: 127.0.0.1:5105
[16/05/22 13:41:06:8461017] [INFO ]:  |
[16/05/22 13:41:06:8469072] [INFO ]: Load Balancer [0ms]:
[16/05/22 13:41:06:8477165] [INFO ]:  | >IP: 127.0.0.1:7107
[16/05/22 13:41:06:8484441] [INFO ]:  | >Queue Length: 0
[16/05/22 13:41:06:8491702] [INFO ]:  |
[16/05/22 13:41:06:8499347] [INFO ]: Lobby Servers [0ms]: 
[16/05/22 13:41:06:8507297] [INFO ]:  | Lobby Server [0] [0ms]: 
[16/05/22 13:41:06:8515021] [INFO ]:  | | >IP: 127.0.0.1:10123
[16/05/22 13:41:06:8528198] [INFO ]:  | | >Fill Level: 1/2
[16/05/22 13:41:06:8538559] [INFO ]:  | Lobby Server [1] [0ms]: 
[16/05/22 13:41:06:8550540] [INFO ]:  | | >IP: 127.0.0.1:10124
[16/05/22 13:41:06:8559413] [INFO ]:  | | >Fill Level: 0/2
[16/05/22 13:41:06:8571199] [INFO ]:  |
[16/05/22 13:41:06:8577637] [INFO ]: Matchmaker [0ms]:
[16/05/22 13:41:06:8585927] [INFO ]:  | >IP: 127.0.0.1:6106
[16/05/22 13:41:06:8594240] [INFO ]:  | >Queue Length: 0
[16/05/22 13:41:06:8601698] [INFO ]:  |
[16/05/22 13:41:06:8609151] [INFO ]: Game Servers [0ms]: 
[16/05/22 13:41:06:8616483] [INFO ]:  | Game Server [0] [0ms]: 
[16/05/22 13:41:06:8623779] [INFO ]:  | | >IP: 127.0.0.1:20123
[16/05/22 13:41:06:8631198] [INFO ]:  | | >Fill Level: 0/2
[16/05/22 13:41:06:8638499] [INFO ]: ----------INFO ENDS----------
[16/05/22 13:41:07:9110495] [INFO+]: ----------INFO START----------
[16/05/22 13:41:07:9125852] [INFO ]: Full update took [0ms]
[16/05/22 13:41:07:9134593] [INFO ]: Starting Lobby Servers took [0ms]
[16/05/22 13:41:07:9142243] [INFO ]: Stopping Lobby Servers took [0ms]
[16/05/22 13:41:07:9149955] [INFO ]: Starting Game Servers took [0ms]
[16/05/22 13:41:07:9157233] [INFO ]: Starting Game Servers took [0ms]
[16/05/22 13:41:07:9164824] [INFO ]: 
[16/05/22 13:41:07:9172073] [INFO ]: Server Spooler:
[16/05/22 13:41:07:9179847] [INFO ]:  | >IP: 127.0.0.1:5105
[16/05/22 13:41:07:9195549] [INFO ]:  |
[16/05/22 13:41:07:9204631] [INFO ]: Load Balancer [0ms]:
[16/05/22 13:41:07:9212973] [INFO ]:  | >IP: 127.0.0.1:7107
[16/05/22 13:41:07:9226935] [INFO ]:  | >Queue Length: 0
[16/05/22 13:41:07:9240204] [INFO ]:  |
[16/05/22 13:41:07:9248352] [INFO ]: Lobby Servers [0ms]: 
[16/05/22 13:41:07:9256151] [INFO ]:  | Lobby Server [0] [0ms]: 
[16/05/22 13:41:07:9263922] [INFO ]:  | | >IP: 127.0.0.1:10123
[16/05/22 13:41:07:9273968] [INFO ]:  | | >Fill Level: 1/2
[16/05/22 13:41:07:9280696] [INFO ]:  | Lobby Server [1] [0ms]: 
[16/05/22 13:41:07:9288201] [INFO ]:  | | >IP: 127.0.0.1:10124
[16/05/22 13:41:07:9295649] [INFO ]:  | | >Fill Level: 0/2
[16/05/22 13:41:07:9303158] [INFO ]:  |
[16/05/22 13:41:07:9310147] [INFO ]: Matchmaker [0ms]:
[16/05/22 13:41:07:9317979] [INFO ]:  | >IP: 127.0.0.1:6106
[16/05/22 13:41:07:9325828] [INFO ]:  | >Queue Length: 0
[16/05/22 13:41:07:9334947] [INFO ]:  |
[16/05/22 13:41:07:9342832] [INFO ]: Game Servers [0ms]: 
[16/05/22 13:41:07:9350355] [INFO ]:  | Game Server [0] [0ms]: 
[16/05/22 13:41:07:9365487] [INFO ]:  | | >IP: 127.0.0.1:20123
[16/05/22 13:41:07:9373537] [INFO ]:  | | >Fill Level: 0/2
[16/05/22 13:41:07:9381766] [INFO ]: ----------INFO ENDS----------
[16/05/22 13:41:08:9523551] [INFO+]: ----------INFO START----------
[16/05/22 13:41:08:9541052] [INFO ]: Full update took [0ms]
[16/05/22 13:41:08:9555694] [INFO ]: Starting Lobby Servers took [0ms]
[16/05/22 13:41:08:9565870] [INFO ]: Stopping Lobby Servers took [0ms]
[16/05/22 13:41:08:9574598] [INFO ]: Starting Game Servers took [0ms]
[16/05/22 13:41:08:9583813] [INFO ]: Starting Game Servers took [0ms]
[16/05/22 13:41:08:9597811] [INFO ]: 
[16/05/22 13:41:08:9607525] [INFO ]: Server Spooler:
[16/05/22 13:41:08:9616259] [INFO ]:  | >IP: 127.0.0.1:5105
[16/05/22 13:41:08:9625717] [INFO ]:  |
[16/05/22 13:41:08:9634111] [INFO ]: Load Balancer [0ms]:
[16/05/22 13:41:08:9642728] [INFO ]:  | >IP: 127.0.0.1:7107
[16/05/22 13:41:08:9652141] [INFO ]:  | >Queue Length: 0
[16/05/22 13:41:08:9661845] [INFO ]:  |
[16/05/22 13:41:08:9670613] [INFO ]: Lobby Servers [0ms]: 
[16/05/22 13:41:08:9680330] [INFO ]:  | Lobby Server [0] [0ms]: 
[16/05/22 13:41:08:9696540] [INFO ]:  | | >IP: 127.0.0.1:10123
[16/05/22 13:41:08:9707510] [INFO ]:  | | >Fill Level: 1/2
[16/05/22 13:41:08:9724083] [INFO ]:  | Lobby Server [1] [0ms]: 
[16/05/22 13:41:08:9734063] [INFO ]:  | | >IP: 127.0.0.1:10124
[16/05/22 13:41:08:9744043] [INFO ]:  | | >Fill Level: 0/2
[16/05/22 13:41:08:9756753] [INFO ]:  |
[16/05/22 13:41:08:9765559] [INFO ]: Matchmaker [0ms]:
[16/05/22 13:41:08:9774581] [INFO ]:  | >IP: 127.0.0.1:6106
[16/05/22 13:41:08:9784275] [INFO ]:  | >Queue Length: 0
[16/05/22 13:41:08:9793317] [INFO ]:  |
[16/05/22 13:41:08:9802054] [INFO ]: Game Servers [0ms]: 
[16/05/22 13:41:08:9810333] [INFO ]:  | Game Server [0] [0ms]: 
[16/05/22 13:41:08:9819176] [INFO ]:  | | >IP: 127.0.0.1:20123
[16/05/22 13:41:08:9828063] [INFO ]:  | | >Fill Level: 0/2
[16/05/22 13:41:08:9838409] [INFO ]: ----------INFO ENDS----------
[16/05/22 13:41:10:0367491] [INFO+]: ----------INFO START----------
[16/05/22 13:41:10:0383696] [INFO ]: Full update took [0ms]
[16/05/22 13:41:10:0392451] [INFO ]: Starting Lobby Servers took [0ms]
[16/05/22 13:41:10:0400140] [INFO ]: Stopping Lobby Servers took [0ms]
[16/05/22 13:41:10:0408761] [INFO ]: Starting Game Servers took [0ms]
[16/05/22 13:41:10:0416715] [INFO ]: Starting Game Servers took [0ms]
[16/05/22 13:41:10:0424478] [INFO ]: 
[16/05/22 13:41:10:0432410] [INFO ]: Server Spooler:
[16/05/22 13:41:10:0440141] [INFO ]:  | >IP: 127.0.0.1:5105
[16/05/22 13:41:10:0447319] [INFO ]:  |
[16/05/22 13:41:10:0455107] [INFO ]: Load Balancer [0ms]:
[16/05/22 13:41:10:0463186] [INFO ]:  | >IP: 127.0.0.1:7107
[16/05/22 13:41:10:0471826] [INFO ]:  | >Queue Length: 0
[16/05/22 13:41:10:0479562] [INFO ]:  |
[16/05/22 13:41:10:0487219] [INFO ]: Lobby Servers [0ms]: 
[16/05/22 13:41:10:0495081] [INFO ]:  | Lobby Server [0] [0ms]: 
[16/05/22 13:41:10:0502895] [INFO ]:  | | >IP: 127.0.0.1:10123
[16/05/22 13:41:10:0510429] [INFO ]:  | | >Fill Level: 1/2
[16/05/22 13:41:10:0526344] [INFO ]:  | Lobby Server [1] [0ms]: 
[16/05/22 13:41:10:0534068] [INFO ]:  | | >IP: 127.0.0.1:10124
[16/05/22 13:41:10:0542477] [INFO ]:  | | >Fill Level: 0/2
[16/05/22 13:41:10:0552909] [INFO ]:  |
[16/05/22 13:41:10:0561518] [INFO ]: Matchmaker [0ms]:
[16/05/22 13:41:10:0569119] [INFO ]:  | >IP: 127.0.0.1:6106
[16/05/22 13:41:10:0580465] [INFO ]:  | >Queue Length: 0
[16/05/22 13:41:10:0588062] [INFO ]:  |
[16/05/22 13:41:10:0595448] [INFO ]: Game Servers [0ms]: 
[16/05/22 13:41:10:0602209] [INFO ]:  | Game Server [0] [0ms]: 
[16/05/22 13:41:10:0609781] [INFO ]:  | | >IP: 127.0.0.1:20123
[16/05/22 13:41:10:0617507] [INFO ]:  | | >Fill Level: 0/2
[16/05/22 13:41:10:0624779] [INFO ]: ----------INFO ENDS----------
[16/05/22 13:41:11:1206178] [INFO+]: ----------INFO START----------
[16/05/22 13:41:11:1227810] [INFO ]: Full update took [0ms]
[16/05/22 13:41:11:1239583] [INFO ]: Starting Lobby Servers took [0ms]
[16/05/22 13:41:11:1249245] [INFO ]: Stopping Lobby Servers took [0ms]
[16/05/22 13:41:11:1258605] [INFO ]: Starting Game Servers took [0ms]
[16/05/22 13:41:11:1267877] [INFO ]: Starting Game Servers took [0ms]
[16/05/22 13:41:11:1277662] [INFO ]: 
[16/05/22 13:41:11:1286544] [INFO ]: Server Spooler:
[16/05/22 13:41:11:1296483] [INFO ]:  | >IP: 127.0.0.1:5105
[16/05/22 13:41:11:1305124] [INFO ]:  |
[16/05/22 13:41:11:1314250] [INFO ]: Load Balancer [1ms]:
[16/05/22 13:41:11:1323477] [INFO ]:  | >IP: 127.0.0.1:7107
[16/05/22 13:41:11:1333166] [INFO ]:  | >Queue Length: 0
[16/05/22 13:41:11:1347854] [INFO ]:  |
[16/05/22 13:41:11:1362245] [INFO ]: Lobby Servers [0ms]: 
[16/05/22 13:41:11:1371857] [INFO ]:  | Lobby Server [0] [0ms]: 
[16/05/22 13:41:11:1381197] [INFO ]:  | | >IP: 127.0.0.1:10123
[16/05/22 13:41:11:1390850] [INFO ]:  | | >Fill Level: 1/2
[16/05/22 13:41:11:1400616] [INFO ]:  | Lobby Server [1] [0ms]: 
[16/05/22 13:41:11:1409345] [INFO ]:  | | >IP: 127.0.0.1:10124
[16/05/22 13:41:11:1416719] [INFO ]:  | | >Fill Level: 0/2
[16/05/22 13:41:11:1426326] [INFO ]:  |
[16/05/22 13:41:11:1434465] [INFO ]: Matchmaker [0ms]:
[16/05/22 13:41:11:1441917] [INFO ]:  | >IP: 127.0.0.1:6106
[16/05/22 13:41:11:1449781] [INFO ]:  | >Queue Length: 0
[16/05/22 13:41:11:1458350] [INFO ]:  |
[16/05/22 13:41:11:1465327] [INFO ]: Game Servers [0ms]: 
[16/05/22 13:41:11:1472650] [INFO ]:  | Game Server [0] [0ms]: 
[16/05/22 13:41:11:1480163] [INFO ]:  | | >IP: 127.0.0.1:20123
[16/05/22 13:41:11:1487335] [INFO ]:  | | >Fill Level: 0/2
[16/05/22 13:41:11:1498787] [INFO ]: ----------INFO ENDS----------
[16/05/22 13:41:11:5353026] [INFO ]: Starting game server 1 on port 20124
[16/05/22 13:41:11:5837909] [INFO ]: Accepting client
[16/05/22 13:41:11:5875642] [INFO ]: Accepting connection
[16/05/22 13:41:11:9992217] [INFO ]: Connection established
[16/05/22 13:41:12:1886168] [INFO+]: ----------INFO START----------
[16/05/22 13:41:12:1900171] [INFO ]: Full update took [0ms]
[16/05/22 13:41:12:1908801] [INFO ]: Starting Lobby Servers took [0ms]
[16/05/22 13:41:12:1917149] [INFO ]: Stopping Lobby Servers took [0ms]
[16/05/22 13:41:12:1924553] [INFO ]: Starting Game Servers took [0ms]
[16/05/22 13:41:12:1932680] [INFO ]: Starting Game Servers took [0ms]
[16/05/22 13:41:12:1940756] [INFO ]: 
[16/05/22 13:41:12:1947870] [INFO ]: Server Spooler:
[16/05/22 13:41:12:1955779] [INFO ]:  | >IP: 127.0.0.1:5105
[16/05/22 13:41:12:1963478] [INFO ]:  |
[16/05/22 13:41:12:1971684] [INFO ]: Load Balancer [0ms]:
[16/05/22 13:41:12:1979941] [INFO ]:  | >IP: 127.0.0.1:7107
[16/05/22 13:41:12:1987867] [INFO ]:  | >Queue Length: 0
[16/05/22 13:41:12:1995202] [INFO ]:  |
[16/05/22 13:41:12:2002466] [INFO ]: Lobby Servers [0ms]: 
[16/05/22 13:41:12:2018029] [INFO ]:  | Lobby Server [1] [0ms]: 
[16/05/22 13:41:12:2028574] [INFO ]:  | | >IP: 127.0.0.1:10124
[16/05/22 13:41:12:2044551] [INFO ]:  | | >Fill Level: 0/2
[16/05/22 13:41:12:2052966] [INFO ]:  |
[16/05/22 13:41:12:2061177] [INFO ]: Matchmaker [0ms]:
[16/05/22 13:41:12:2068618] [INFO ]:  | >IP: 127.0.0.1:6106
[16/05/22 13:41:12:2080170] [INFO ]:  | >Queue Length: 0
[16/05/22 13:41:12:2087883] [INFO ]:  |
[16/05/22 13:41:12:2095931] [INFO ]: Game Servers [0ms]: 
[16/05/22 13:41:12:2103146] [INFO ]:  | Game Server [0] [0ms]: 
[16/05/22 13:41:12:2110891] [INFO ]:  | | >IP: 127.0.0.1:20123
[16/05/22 13:41:12:2118884] [INFO ]:  | | >Fill Level: 1/2
[16/05/22 13:41:12:2126571] [INFO ]:  | Game Server [1] [0ms]: 
[16/05/22 13:41:12:2134599] [INFO ]:  | | >IP: 127.0.0.1:20124
[16/05/22 13:41:12:2142408] [INFO ]:  | | >Fill Level: 0/2
[16/05/22 13:41:12:2150005] [INFO ]: ----------INFO ENDS----------
[16/05/22 13:41:13:2699837] [INFO+]: ----------INFO START----------
[16/05/22 13:41:13:2717816] [INFO ]: Full update took [0ms]
[16/05/22 13:41:13:2727609] [INFO ]: Starting Lobby Servers took [0ms]
[16/05/22 13:41:13:2737238] [INFO ]: Stopping Lobby Servers took [0ms]
[16/05/22 13:41:13:2746358] [INFO ]: Starting Game Servers took [0ms]
[16/05/22 13:41:13:2755436] [INFO ]: Starting Game Servers took [0ms]
[16/05/22 13:41:13:2764018] [INFO ]: 
[16/05/22 13:41:13:2772491] [INFO ]: Server Spooler:
[16/05/22 13:41:13:2780974] [INFO ]:  | >IP: 127.0.0.1:5105
[16/05/22 13:41:13:2790560] [INFO ]:  |
[16/05/22 13:41:13:2799002] [INFO ]: Load Balancer [1ms]:
[16/05/22 13:41:13:2808287] [INFO ]:  | >IP: 127.0.0.1:7107
[16/05/22 13:41:13:2817547] [INFO ]:  | >Queue Length: 0
[16/05/22 13:41:13:2825987] [INFO ]:  |
[16/05/22 13:41:13:2833660] [INFO ]: Lobby Servers [0ms]: 
[16/05/22 13:41:13:2846623] [INFO ]:  | Lobby Server [1] [0ms]: 
[16/05/22 13:41:13:2856680] [INFO ]:  | | >IP: 127.0.0.1:10124
[16/05/22 13:41:13:2864803] [INFO ]:  | | >Fill Level: 0/2
[16/05/22 13:41:13:2872479] [INFO ]:  |
[16/05/22 13:41:13:2880462] [INFO ]: Matchmaker [0ms]:
[16/05/22 13:41:13:2889215] [INFO ]:  | >IP: 127.0.0.1:6106
[16/05/22 13:41:13:2900350] [INFO ]:  | >Queue Length: 0
[16/05/22 13:41:13:2908012] [INFO ]:  |
[16/05/22 13:41:13:2915830] [INFO ]: Game Servers [0ms]: 
[16/05/22 13:41:13:2923641] [INFO ]:  | Game Server [0] [0ms]: 
[16/05/22 13:41:13:2931518] [INFO ]:  | | >IP: 127.0.0.1:20123
[16/05/22 13:41:13:2938962] [INFO ]:  | | >Fill Level: 1/2
[16/05/22 13:41:13:2946569] [INFO ]:  | Game Server [1] [0ms]: 
[16/05/22 13:41:13:2954117] [INFO ]:  | | >IP: 127.0.0.1:20124
[16/05/22 13:41:13:2961567] [INFO ]:  | | >Fill Level: 0/2
[16/05/22 13:41:13:2969182] [INFO ]: ----------INFO ENDS----------
[16/05/22 13:41:14:3109544] [INFO+]: ----------INFO START----------
[16/05/22 13:41:14:3123869] [INFO ]: Full update took [0ms]
[16/05/22 13:41:14:3132188] [INFO ]: Starting Lobby Servers took [0ms]
[16/05/22 13:41:14:3140233] [INFO ]: Stopping Lobby Servers took [0ms]
[16/05/22 13:41:14:3147957] [INFO ]: Starting Game Servers took [0ms]
[16/05/22 13:41:14:3155934] [INFO ]: Starting Game Servers took [0ms]
[16/05/22 13:41:14:3164110] [INFO ]: 
[16/05/22 13:41:14:3192687] [INFO ]: Server Spooler:
[16/05/22 13:41:14:3210760] [INFO ]:  | >IP: 127.0.0.1:5105
[16/05/22 13:41:14:3235315] [INFO ]:  |
[16/05/22 13:41:14:3254535] [INFO ]: Load Balancer [0ms]:
[16/05/22 13:41:14:3263444] [INFO ]:  | >IP: 127.0.0.1:7107
[16/05/22 13:41:14:3271475] [INFO ]:  | >Queue Length: 0
[16/05/22 13:41:14:3279347] [INFO ]:  |
[16/05/22 13:41:14:3287140] [INFO ]: Lobby Servers [0ms]: 
[16/05/22 13:41:14:3294901] [INFO ]:  | Lobby Server [1] [0ms]: 
[16/05/22 13:41:14:3303420] [INFO ]:  | | >IP: 127.0.0.1:10124
[16/05/22 13:41:14:3311126] [INFO ]:  | | >Fill Level: 0/2
[16/05/22 13:41:14:3318951] [INFO ]:  |
[16/05/22 13:41:14:3327703] [INFO ]: Matchmaker [0ms]:
[16/05/22 13:41:14:3340905] [INFO ]:  | >IP: 127.0.0.1:6106
[16/05/22 13:41:14:3351848] [INFO ]:  | >Queue Length: 0
[16/05/22 13:41:14:3359226] [INFO ]:  |
[16/05/22 13:41:14:3372459] [INFO ]: Game Servers [0ms]: 
[16/05/22 13:41:14:3388752] [INFO ]:  | Game Server [0] [0ms]: 
[16/05/22 13:41:14:3399699] [INFO ]:  | | >IP: 127.0.0.1:20123
[16/05/22 13:41:14:3407288] [INFO ]:  | | >Fill Level: 1/2
[16/05/22 13:41:14:3415250] [INFO ]:  | Game Server [1] [0ms]: 
[16/05/22 13:41:14:3423931] [INFO ]:  | | >IP: 127.0.0.1:20124
[16/05/22 13:41:14:3431529] [INFO ]:  | | >Fill Level: 0/2
[16/05/22 13:41:14:3438373] [INFO ]: ----------INFO ENDS----------
[16/05/22 13:41:15:3544791] [INFO+]: ----------INFO START----------
[16/05/22 13:41:15:3563856] [INFO ]: Full update took [0ms]
[16/05/22 13:41:15:3579243] [INFO ]: Starting Lobby Servers took [0ms]
[16/05/22 13:41:15:3590751] [INFO ]: Stopping Lobby Servers took [0ms]
[16/05/22 13:41:15:3599730] [INFO ]: Starting Game Servers took [0ms]
[16/05/22 13:41:15:3608762] [INFO ]: Starting Game Servers took [0ms]
[16/05/22 13:41:15:3617897] [INFO ]: 
[16/05/22 13:41:15:3627560] [INFO ]: Server Spooler:
[16/05/22 13:41:15:3636591] [INFO ]:  | >IP: 127.0.0.1:5105
[16/05/22 13:41:15:3645224] [INFO ]:  |
[16/05/22 13:41:15:3653960] [INFO ]: Load Balancer [0ms]:
[16/05/22 13:41:15:3662602] [INFO ]:  | >IP: 127.0.0.1:7107
[16/05/22 13:41:15:3678012] [INFO ]:  | >Queue Length: 0
[16/05/22 13:41:15:3695675] [INFO ]:  |
[16/05/22 13:41:15:3715745] [INFO ]: Lobby Servers [0ms]: 
[16/05/22 13:41:15:3726559] [INFO ]:  | Lobby Server [1] [0ms]: 
[16/05/22 13:41:15:3735957] [INFO ]:  | | >IP: 127.0.0.1:10124
[16/05/22 13:41:15:3744308] [INFO ]:  | | >Fill Level: 0/2
[16/05/22 13:41:15:3752915] [INFO ]:  |
[16/05/22 13:41:15:3762192] [INFO ]: Matchmaker [0ms]:
[16/05/22 13:41:15:3771473] [INFO ]:  | >IP: 127.0.0.1:6106
[16/05/22 13:41:15:3780616] [INFO ]:  | >Queue Length: 0
[16/05/22 13:41:15:3789374] [INFO ]:  |
[16/05/22 13:41:15:3798401] [INFO ]: Game Servers [0ms]: 
[16/05/22 13:41:15:3807624] [INFO ]:  | Game Server [0] [0ms]: 
[16/05/22 13:41:15:3820810] [INFO ]:  | | >IP: 127.0.0.1:20123
[16/05/22 13:41:15:3828873] [INFO ]:  | | >Fill Level: 1/2
[16/05/22 13:41:15:3846497] [INFO ]:  | Game Server [1] [0ms]: 
[16/05/22 13:41:15:3859100] [INFO ]:  | | >IP: 127.0.0.1:20124
[16/05/22 13:41:15:3867889] [INFO ]:  | | >Fill Level: 0/2
[16/05/22 13:41:15:3877649] [INFO ]: ----------INFO ENDS----------
[16/05/22 13:41:16:3998170] [INFO+]: ----------INFO START----------
[16/05/22 13:41:16:4019974] [INFO ]: Full update took [0ms]
[16/05/22 13:41:16:4028235] [INFO ]: Starting Lobby Servers took [0ms]
[16/05/22 13:41:16:4036668] [INFO ]: Stopping Lobby Servers took [0ms]
[16/05/22 13:41:16:4044077] [INFO ]: Starting Game Servers took [0ms]
[16/05/22 13:41:16:4052836] [INFO ]: Starting Game Servers took [0ms]
[16/05/22 13:41:16:4068911] [INFO ]: 
[16/05/22 13:41:16:4077740] [INFO ]: Server Spooler:
[16/05/22 13:41:16:4085342] [INFO ]:  | >IP: 127.0.0.1:5105
[16/05/22 13:41:16:4092832] [INFO ]:  |
[16/05/22 13:41:16:4099928] [INFO ]: Load Balancer [0ms]:
[16/05/22 13:41:16:4107256] [INFO ]:  | >IP: 127.0.0.1:7107
[16/05/22 13:41:16:4114749] [INFO ]:  | >Queue Length: 0
[16/05/22 13:41:16:4122085] [INFO ]:  |
[16/05/22 13:41:16:4129460] [INFO ]: Lobby Servers [0ms]: 
[16/05/22 13:41:16:4139659] [INFO ]:  | Lobby Server [1] [0ms]: 
[16/05/22 13:41:16:4146901] [INFO ]:  | | >IP: 127.0.0.1:10124
[16/05/22 13:41:16:4154501] [INFO ]:  | | >Fill Level: 0/2
[16/05/22 13:41:16:4162087] [INFO ]:  |
[16/05/22 13:41:16:4176888] [INFO ]: Matchmaker [0ms]:
[16/05/22 13:41:16:4184907] [INFO ]:  | >IP: 127.0.0.1:6106
[16/05/22 13:41:16:4199100] [INFO ]:  | >Queue Length: 0
[16/05/22 13:41:16:4208063] [INFO ]:  |
[16/05/22 13:41:16:4215482] [INFO ]: Game Servers [0ms]: 
[16/05/22 13:41:16:4223169] [INFO ]:  | Game Server [0] [0ms]: 
[16/05/22 13:41:16:4230287] [INFO ]:  | | >IP: 127.0.0.1:20123
[16/05/22 13:41:16:4238405] [INFO ]:  | | >Fill Level: 1/2
[16/05/22 13:41:16:4245657] [INFO ]:  | Game Server [1] [0ms]: 
[16/05/22 13:41:16:4253532] [INFO ]:  | | >IP: 127.0.0.1:20124
[16/05/22 13:41:16:4261379] [INFO ]:  | | >Fill Level: 0/2
[16/05/22 13:41:16:4268985] [INFO ]: ----------INFO ENDS----------
[16/05/22 13:41:17:4306515] [INFO+]: ----------INFO START----------
[16/05/22 13:41:17:4322041] [INFO ]: Full update took [0ms]
[16/05/22 13:41:17:4337475] [INFO ]: Starting Lobby Servers took [0ms]
[16/05/22 13:41:17:4348003] [INFO ]: Stopping Lobby Servers took [0ms]
[16/05/22 13:41:17:4356581] [INFO ]: Starting Game Servers took [0ms]
[16/05/22 13:41:17:4365787] [INFO ]: Starting Game Servers took [0ms]
[16/05/22 13:41:17:4375225] [INFO ]: 
[16/05/22 13:41:17:4383489] [INFO ]: Server Spooler:
[16/05/22 13:41:17:4392638] [INFO ]:  | >IP: 127.0.0.1:5105
[16/05/22 13:41:17:4400466] [INFO ]:  |
[16/05/22 13:41:17:4408347] [INFO ]: Load Balancer [0ms]:
[16/05/22 13:41:17:4416577] [INFO ]:  | >IP: 127.0.0.1:7107
[16/05/22 13:41:17:4424581] [INFO ]:  | >Queue Length: 0
[16/05/22 13:41:17:4432928] [INFO ]:  |
[16/05/22 13:41:17:4440495] [INFO ]: Lobby Servers [0ms]: 
[16/05/22 13:41:17:4450632] [INFO ]:  | Lobby Server [1] [0ms]: 
[16/05/22 13:41:17:4458431] [INFO ]:  | | >IP: 127.0.0.1:10124
[16/05/22 13:41:17:4466038] [INFO ]:  | | >Fill Level: 0/2
[16/05/22 13:41:17:4473656] [INFO ]:  |
[16/05/22 13:41:17:4482588] [INFO ]: Matchmaker [0ms]:
[16/05/22 13:41:17:4490677] [INFO ]:  | >IP: 127.0.0.1:6106
[16/05/22 13:41:17:4504307] [INFO ]:  | >Queue Length: 0
[16/05/22 13:41:17:4512477] [INFO ]:  |
[16/05/22 13:41:17:4520043] [INFO ]: Game Servers [0ms]: 
[16/05/22 13:41:17:4528347] [INFO ]:  | Game Server [0] [0ms]: 
[16/05/22 13:41:17:4536583] [INFO ]:  | | >IP: 127.0.0.1:20123
[16/05/22 13:41:17:4547249] [INFO ]:  | | >Fill Level: 1/2
[16/05/22 13:41:17:4555385] [INFO ]:  | Game Server [1] [0ms]: 
[16/05/22 13:41:17:4563156] [INFO ]:  | | >IP: 127.0.0.1:20124
[16/05/22 13:41:17:4570900] [INFO ]:  | | >Fill Level: 0/2
[16/05/22 13:41:17:4578766] [INFO ]: ----------INFO ENDS----------
[16/05/22 13:41:18:5001669] [INFO+]: ----------INFO START----------
[16/05/22 13:41:18:5019083] [INFO ]: Full update took [0ms]
[16/05/22 13:41:18:5028363] [INFO ]: Starting Lobby Servers took [0ms]
[16/05/22 13:41:18:5037833] [INFO ]: Stopping Lobby Servers took [0ms]
[16/05/22 13:41:18:5047237] [INFO ]: Starting Game Servers took [0ms]
[16/05/22 13:41:18:5056601] [INFO ]: Starting Game Servers took [0ms]
[16/05/22 13:41:18:5071380] [INFO ]: 
[16/05/22 13:41:18:5080917] [INFO ]: Server Spooler:
[16/05/22 13:41:18:5089474] [INFO ]:  | >IP: 127.0.0.1:5105
[16/05/22 13:41:18:5098936] [INFO ]:  |
[16/05/22 13:41:18:5108547] [INFO ]: Load Balancer [0ms]:
[16/05/22 13:41:18:5117905] [INFO ]:  | >IP: 127.0.0.1:7107
[16/05/22 13:41:18:5126728] [INFO ]:  | >Queue Length: 0
[16/05/22 13:41:18:5138472] [INFO ]:  |
[16/05/22 13:41:18:5146362] [INFO ]: Lobby Servers [0ms]: 
[16/05/22 13:41:18:5154537] [INFO ]:  | Lobby Server [1] [0ms]: 
[16/05/22 13:41:18:5169690] [INFO ]:  | | >IP: 127.0.0.1:10124
[16/05/22 13:41:18:5178761] [INFO ]:  | | >Fill Level: 0/2
[16/05/22 13:41:18:5190316] [INFO ]:  |
[16/05/22 13:41:18:5205580] [INFO ]: Matchmaker [0ms]:
[16/05/22 13:41:18:5213438] [INFO ]:  | >IP: 127.0.0.1:6106
[16/05/22 13:41:18:5221175] [INFO ]:  | >Queue Length: 0
[16/05/22 13:41:18:5228726] [INFO ]:  |
[16/05/22 13:41:18:5236310] [INFO ]: Game Servers [1ms]: 
[16/05/22 13:41:18:5247165] [INFO ]:  | Game Server [0] [0ms]: 
[16/05/22 13:41:18:5254188] [INFO ]:  | | >IP: 127.0.0.1:20123
[16/05/22 13:41:18:5262475] [INFO ]:  | | >Fill Level: 1/2
[16/05/22 13:41:18:5270152] [INFO ]:  | Game Server [1] [0ms]: 
[16/05/22 13:41:18:5277879] [INFO ]:  | | >IP: 127.0.0.1:20124
[16/05/22 13:41:18:5285638] [INFO ]:  | | >Fill Level: 0/2
[16/05/22 13:41:18:5292532] [INFO ]: ----------INFO ENDS----------
[16/05/22 13:41:19:5549657] [INFO+]: ----------INFO START----------
[16/05/22 13:41:19:5572950] [INFO ]: Full update took [0ms]
[16/05/22 13:41:19:5589008] [INFO ]: Starting Lobby Servers took [0ms]
[16/05/22 13:41:19:5596852] [INFO ]: Stopping Lobby Servers took [0ms]
[16/05/22 13:41:19:5608432] [INFO ]: Starting Game Servers took [0ms]
[16/05/22 13:41:19:5615810] [INFO ]: Starting Game Servers took [0ms]
[16/05/22 13:41:19:5623357] [INFO ]: 
[16/05/22 13:41:19:5630305] [INFO ]: Server Spooler:
[16/05/22 13:41:19:5638275] [INFO ]:  | >IP: 127.0.0.1:5105
[16/05/22 13:41:19:5645867] [INFO ]:  |
[16/05/22 13:41:19:5653694] [INFO ]: Load Balancer [0ms]:
[16/05/22 13:41:19:5684210] [INFO ]:  | >IP: 127.0.0.1:7107
[16/05/22 13:41:19:5698557] [INFO ]:  | >Queue Length: 0
[16/05/22 13:41:19:5706178] [INFO ]:  |
[16/05/22 13:41:19:5713579] [INFO ]: Lobby Servers [0ms]: 
[16/05/22 13:41:19:5720494] [INFO ]:  | Lobby Server [1] [0ms]: 
[16/05/22 13:41:19:5727919] [INFO ]:  | | >IP: 127.0.0.1:10124
[16/05/22 13:41:19:5734987] [INFO ]:  | | >Fill Level: 0/2
[16/05/22 13:41:19:5742228] [INFO ]:  |
[16/05/22 13:41:19:5749380] [INFO ]: Matchmaker [0ms]:
[16/05/22 13:41:19:5757643] [INFO ]:  | >IP: 127.0.0.1:6106
[16/05/22 13:41:19:5769413] [INFO ]:  | >Queue Length: 0
[16/05/22 13:41:19:5778995] [INFO ]:  |
[16/05/22 13:41:19:5796078] [INFO ]: Game Servers [0ms]: 
[16/05/22 13:41:19:5805913] [INFO ]:  | Game Server [0] [0ms]: 
[16/05/22 13:41:19:5812941] [INFO ]:  | | >IP: 127.0.0.1:20123
[16/05/22 13:41:19:5840548] [INFO ]:  | | >Fill Level: 1/2
[16/05/22 13:41:19:5848471] [INFO ]:  | Game Server [1] [0ms]: 
[16/05/22 13:41:19:5856223] [INFO ]:  | | >IP: 127.0.0.1:20124
[16/05/22 13:41:19:5863527] [INFO ]:  | | >Fill Level: 0/2
[16/05/22 13:41:19:5871300] [INFO ]: ----------INFO ENDS----------
[16/05/22 13:41:20:5898686] [INFO+]: ----------INFO START----------
[16/05/22 13:41:20:5911913] [INFO ]: Full update took [0ms]
[16/05/22 13:41:20:5920568] [INFO ]: Starting Lobby Servers took [0ms]
[16/05/22 13:41:20:5928680] [INFO ]: Stopping Lobby Servers took [0ms]
[16/05/22 13:41:20:5937166] [INFO ]: Starting Game Servers took [0ms]
[16/05/22 13:41:20:5945337] [INFO ]: Starting Game Servers took [0ms]
[16/05/22 13:41:20:5954549] [INFO ]: 
[16/05/22 13:41:20:5962407] [INFO ]: Server Spooler:
[16/05/22 13:41:20:5970295] [INFO ]:  | >IP: 127.0.0.1:5105
[16/05/22 13:41:20:5977341] [INFO ]:  |
[16/05/22 13:41:20:5984515] [INFO ]: Load Balancer [0ms]:
[16/05/22 13:41:20:6003276] [INFO ]:  | >IP: 127.0.0.1:7107
[16/05/22 13:41:20:6011586] [INFO ]:  | >Queue Length: 0
[16/05/22 13:41:20:6019489] [INFO ]:  |
[16/05/22 13:41:20:6027506] [INFO ]: Lobby Servers [0ms]: 
[16/05/22 13:41:20:6035055] [INFO ]:  | Lobby Server [1] [0ms]: 
[16/05/22 13:41:20:6042649] [INFO ]:  | | >IP: 127.0.0.1:10124
[16/05/22 13:41:20:6050342] [INFO ]:  | | >Fill Level: 0/2
[16/05/22 13:41:20:6058059] [INFO ]:  |
[16/05/22 13:41:20:6066499] [INFO ]: Matchmaker [0ms]:
[16/05/22 13:41:20:6072827] [INFO ]:  | >IP: 127.0.0.1:6106
[16/05/22 13:41:20:6085506] [INFO ]:  | >Queue Length: 0
[16/05/22 13:41:20:6092612] [INFO ]:  |
[16/05/22 13:41:20:6100300] [INFO ]: Game Servers [0ms]: 
[16/05/22 13:41:20:6108195] [INFO ]:  | Game Server [0] [0ms]: 
[16/05/22 13:41:20:6115648] [INFO ]:  | | >IP: 127.0.0.1:20123
[16/05/22 13:41:20:6122718] [INFO ]:  | | >Fill Level: 1/2
[16/05/22 13:41:20:6129836] [INFO ]:  | Game Server [1] [0ms]: 
[16/05/22 13:41:20:6137496] [INFO ]:  | | >IP: 127.0.0.1:20124
[16/05/22 13:41:20:6152230] [INFO ]:  | | >Fill Level: 0/2
[16/05/22 13:41:20:6175352] [INFO ]: ----------INFO ENDS----------
[16/05/22 13:41:21:6246824] [INFO+]: ----------INFO START----------
[16/05/22 13:41:21:6259400] [INFO ]: Full update took [0ms]
[16/05/22 13:41:21:6267024] [INFO ]: Starting Lobby Servers took [0ms]
[16/05/22 13:41:21:6274376] [INFO ]: Stopping Lobby Servers took [0ms]
[16/05/22 13:41:21:6282933] [INFO ]: Starting Game Servers took [0ms]
[16/05/22 13:41:21:6294749] [INFO ]: Starting Game Servers took [0ms]
[16/05/22 13:41:21:6303413] [INFO ]: 
[16/05/22 13:41:21:6310793] [INFO ]: Server Spooler:
[16/05/22 13:41:21:6323449] [INFO ]:  | >IP: 127.0.0.1:5105
[16/05/22 13:41:21:6341796] [INFO ]:  |
[16/05/22 13:41:21:6351843] [INFO ]: Load Balancer [0ms]:
[16/05/22 13:41:21:6359668] [INFO ]:  | >IP: 127.0.0.1:7107
[16/05/22 13:41:21:6375602] [INFO ]:  | >Queue Length: 0
[16/05/22 13:41:21:6383347] [INFO ]:  |
[16/05/22 13:41:21:6389950] [INFO ]: Lobby Servers [0ms]: 
[16/05/22 13:41:21:6397260] [INFO ]:  | Lobby Server [1] [0ms]: 
[16/05/22 13:41:21:6404684] [INFO ]:  | | >IP: 127.0.0.1:10124
[16/05/22 13:41:21:6413066] [INFO ]:  | | >Fill Level: 0/2
[16/05/22 13:41:21:6428581] [INFO ]:  |
[16/05/22 13:41:21:6437456] [INFO ]: Matchmaker [0ms]:
[16/05/22 13:41:21:6448826] [INFO ]:  | >IP: 127.0.0.1:6106
[16/05/22 13:41:21:6457127] [INFO ]:  | >Queue Length: 0
[16/05/22 13:41:21:6467009] [INFO ]:  |
[16/05/22 13:41:21:6475382] [INFO ]: Game Servers [0ms]: 
[16/05/22 13:41:21:6482453] [INFO ]:  | Game Server [0] [0ms]: 
[16/05/22 13:41:21:6520095] [INFO ]:  | | >IP: 127.0.0.1:20123
[16/05/22 13:41:21:6528979] [INFO ]:  | | >Fill Level: 1/2
[16/05/22 13:41:21:6537533] [INFO ]:  | Game Server [1] [0ms]: 
[16/05/22 13:41:21:6545462] [INFO ]:  | | >IP: 127.0.0.1:20124
[16/05/22 13:41:21:6556249] [INFO ]:  | | >Fill Level: 0/2
[16/05/22 13:41:21:6565359] [INFO ]: ----------INFO ENDS----------
[16/05/22 13:41:22:7145826] [INFO+]: ----------INFO START----------
[16/05/22 13:41:22:7163844] [INFO ]: Full update took [0ms]
[16/05/22 13:41:22:7180548] [INFO ]: Starting Lobby Servers took [0ms]
[16/05/22 13:41:22:7189129] [INFO ]: Stopping Lobby Servers took [0ms]
[16/05/22 13:41:22:7198399] [INFO ]: Starting Game Servers took [0ms]
[16/05/22 13:41:22:7205702] [INFO ]: Starting Game Servers took [0ms]
[16/05/22 13:41:22:7214214] [INFO ]: 
[16/05/22 13:41:22:7225385] [INFO ]: Server Spooler:
[16/05/22 13:41:22:7233615] [INFO ]:  | >IP: 127.0.0.1:5105
[16/05/22 13:41:22:7250893] [INFO ]:  |
[16/05/22 13:41:22:7259906] [INFO ]: Load Balancer [0ms]:
[16/05/22 13:41:22:7278708] [INFO ]:  | >IP: 127.0.0.1:7107
[16/05/22 13:41:22:7290966] [INFO ]:  | >Queue Length: 0
[16/05/22 13:41:22:7303532] [INFO ]:  |
[16/05/22 13:41:22:7326097] [INFO ]: Lobby Servers [0ms]: 
[16/05/22 13:41:22:7349163] [INFO ]:  | Lobby Server [1] [0ms]: 
[16/05/22 13:41:22:7376136] [INFO ]:  | | >IP: 127.0.0.1:10124
[16/05/22 13:41:22:7390454] [INFO ]:  | | >Fill Level: 0/2
[16/05/22 13:41:22:7401831] [INFO ]:  |
[16/05/22 13:41:22:7412020] [INFO ]: Matchmaker [0ms]:
[16/05/22 13:41:22:7422731] [INFO ]:  | >IP: 127.0.0.1:6106
[16/05/22 13:41:22:7433266] [INFO ]:  | >Queue Length: 0
[16/05/22 13:41:22:7449254] [INFO ]:  |
[16/05/22 13:41:22:7462126] [INFO ]: Game Servers [0ms]: 
[16/05/22 13:41:22:7475746] [INFO ]:  | Game Server [0] [0ms]: 
[16/05/22 13:41:22:7548896] [INFO ]:  | | >IP: 127.0.0.1:20123
[16/05/22 13:41:22:7561048] [INFO ]:  | | >Fill Level: 1/2
[16/05/22 13:41:22:7572086] [INFO ]:  | Game Server [1] [0ms]: 
[16/05/22 13:41:22:7582535] [INFO ]:  | | >IP: 127.0.0.1:20124
[16/05/22 13:41:22:7593770] [INFO ]:  | | >Fill Level: 0/2
[16/05/22 13:41:22:7603235] [INFO ]: ----------INFO ENDS----------
[16/05/22 13:41:23:7889673] [INFO+]: ----------INFO START----------
[16/05/22 13:41:23:7904848] [INFO ]: Full update took [0ms]
[16/05/22 13:41:23:7914444] [INFO ]: Starting Lobby Servers took [0ms]
[16/05/22 13:41:23:7923524] [INFO ]: Stopping Lobby Servers took [0ms]
[16/05/22 13:41:23:7933124] [INFO ]: Starting Game Servers took [0ms]
[16/05/22 13:41:23:7943340] [INFO ]: Starting Game Servers took [0ms]
[16/05/22 13:41:23:7952432] [INFO ]: 
[16/05/22 13:41:23:7960717] [INFO ]: Server Spooler:
[16/05/22 13:41:23:7968624] [INFO ]:  | >IP: 127.0.0.1:5105
[16/05/22 13:41:23:7975968] [INFO ]:  |
[16/05/22 13:41:23:7991823] [INFO ]: Load Balancer [0ms]:
[16/05/22 13:41:23:8000474] [INFO ]:  | >IP: 127.0.0.1:7107
[16/05/22 13:41:23:8009715] [INFO ]:  | >Queue Length: 0
[16/05/22 13:41:23:8018314] [INFO ]:  |
[16/05/22 13:41:23:8026760] [INFO ]: Lobby Servers [0ms]: 
[16/05/22 13:41:23:8039221] [INFO ]:  | Lobby Server [1] [0ms]: 
[16/05/22 13:41:23:8047239] [INFO ]:  | | >IP: 127.0.0.1:10124
[16/05/22 13:41:23:8055619] [INFO ]:  | | >Fill Level: 0/2
[16/05/22 13:41:23:8064763] [INFO ]:  |
[16/05/22 13:41:23:8072943] [INFO ]: Matchmaker [0ms]:
[16/05/22 13:41:23:8080545] [INFO ]:  | >IP: 127.0.0.1:6106
[16/05/22 13:41:23:8088082] [INFO ]:  | >Queue Length: 0
[16/05/22 13:41:23:8095384] [INFO ]:  |
[16/05/22 13:41:23:8102735] [INFO ]: Game Servers [0ms]: 
[16/05/22 13:41:23:8110172] [INFO ]:  | Game Server [0] [0ms]: 
[16/05/22 13:41:23:8120589] [INFO ]:  | | >IP: 127.0.0.1:20123
[16/05/22 13:41:23:8127956] [INFO ]:  | | >Fill Level: 1/2
[16/05/22 13:41:23:8135286] [INFO ]:  | Game Server [1] [0ms]: 
[16/05/22 13:41:23:8142139] [INFO ]:  | | >IP: 127.0.0.1:20124
[16/05/22 13:41:23:8153654] [INFO ]:  | | >Fill Level: 0/2
[16/05/22 13:41:23:8162803] [INFO ]: ----------INFO ENDS----------
[16/05/22 13:41:24:8446520] [INFO+]: ----------INFO START----------
[16/05/22 13:41:24:8455721] [INFO ]: Full update took [0ms]
[16/05/22 13:41:24:8464035] [INFO ]: Starting Lobby Servers took [0ms]
[16/05/22 13:41:24:8492934] [INFO ]: Stopping Lobby Servers took [0ms]
[16/05/22 13:41:24:8503037] [INFO ]: Starting Game Servers took [0ms]
[16/05/22 13:41:24:8510675] [INFO ]: Starting Game Servers took [0ms]
[16/05/22 13:41:24:8518056] [INFO ]: 
[16/05/22 13:41:24:8525468] [INFO ]: Server Spooler:
[16/05/22 13:41:24:8532847] [INFO ]:  | >IP: 127.0.0.1:5105
[16/05/22 13:41:24:8539950] [INFO ]:  |
[16/05/22 13:41:24:8553476] [INFO ]: Load Balancer [0ms]:
[16/05/22 13:41:24:8570174] [INFO ]:  | >IP: 127.0.0.1:7107
[16/05/22 13:41:24:8577944] [INFO ]:  | >Queue Length: 0
[16/05/22 13:41:24:8585764] [INFO ]:  |
[16/05/22 13:41:24:8593274] [INFO ]: Lobby Servers [0ms]: 
[16/05/22 13:41:24:8600987] [INFO ]:  | Lobby Server [1] [0ms]: 
[16/05/22 13:41:24:8608681] [INFO ]:  | | >IP: 127.0.0.1:10124
[16/05/22 13:41:24:8617565] [INFO ]:  | | >Fill Level: 0/2
[16/05/22 13:41:24:8624871] [INFO ]:  |
[16/05/22 13:41:24:8632472] [INFO ]: Matchmaker [0ms]:
[16/05/22 13:41:24:8639991] [INFO ]:  | >IP: 127.0.0.1:6106
[16/05/22 13:41:24:8654015] [INFO ]:  | >Queue Length: 0
[16/05/22 13:41:24:8663870] [INFO ]:  |
[16/05/22 13:41:24:8671803] [INFO ]: Game Servers [0ms]: 
[16/05/22 13:41:24:8683673] [INFO ]:  | Game Server [0] [0ms]: 
[16/05/22 13:41:24:8703859] [INFO ]:  | | >IP: 127.0.0.1:20123
[16/05/22 13:41:24:8715858] [INFO ]:  | | >Fill Level: 1/2
[16/05/22 13:41:24:8726474] [INFO ]:  | Game Server [1] [0ms]: 
[16/05/22 13:41:24:8734857] [INFO ]:  | | >IP: 127.0.0.1:20124
[16/05/22 13:41:24:8742546] [INFO ]:  | | >Fill Level: 0/2
[16/05/22 13:41:24:8749721] [INFO ]: ----------INFO ENDS----------
[16/05/22 13:41:25:8843431] [INFO+]: ----------INFO START----------
[16/05/22 13:41:25:8903855] [INFO ]: Full update took [0ms]
[16/05/22 13:41:25:8915650] [INFO ]: Starting Lobby Servers took [0ms]
[16/05/22 13:41:25:8926601] [INFO ]: Stopping Lobby Servers took [0ms]
[16/05/22 13:41:25:8936151] [INFO ]: Starting Game Servers took [0ms]
[16/05/22 13:41:25:8949406] [INFO ]: Starting Game Servers took [0ms]
[16/05/22 13:41:25:8958961] [INFO ]: 
[16/05/22 13:41:25:8970882] [INFO ]: Server Spooler:
[16/05/22 13:41:25:8993862] [INFO ]:  | >IP: 127.0.0.1:5105
[16/05/22 13:41:25:9006807] [INFO ]:  |
[16/05/22 13:41:25:9015785] [INFO ]: Load Balancer [4ms]:
[16/05/22 13:41:25:9025066] [INFO ]:  | >IP: 127.0.0.1:7107
[16/05/22 13:41:25:9034128] [INFO ]:  | >Queue Length: 0
[16/05/22 13:41:25:9045344] [INFO ]:  |
[16/05/22 13:41:25:9054193] [INFO ]: Lobby Servers [0ms]: 
[16/05/22 13:41:25:9062757] [INFO ]:  | Lobby Server [1] [0ms]: 
[16/05/22 13:41:25:9075152] [INFO ]:  | | >IP: 127.0.0.1:10124
[16/05/22 13:41:25:9083598] [INFO ]:  | | >Fill Level: 0/2
[16/05/22 13:41:25:9091684] [INFO ]:  |
[16/05/22 13:41:25:9099169] [INFO ]: Matchmaker [0ms]:
[16/05/22 13:41:25:9106885] [INFO ]:  | >IP: 127.0.0.1:6106
[16/05/22 13:41:25:9114520] [INFO ]:  | >Queue Length: 0
[16/05/22 13:41:25:9121568] [INFO ]:  |
[16/05/22 13:41:25:9129174] [INFO ]: Game Servers [0ms]: 
[16/05/22 13:41:25:9136828] [INFO ]:  | Game Server [0] [0ms]: 
[16/05/22 13:41:25:9154742] [INFO ]:  | | >IP: 127.0.0.1:20123
[16/05/22 13:41:25:9163064] [INFO ]:  | | >Fill Level: 1/2
[16/05/22 13:41:25:9173270] [INFO ]:  | Game Server [1] [0ms]: 
[16/05/22 13:41:25:9182700] [INFO ]:  | | >IP: 127.0.0.1:20124
[16/05/22 13:41:25:9191239] [INFO ]:  | | >Fill Level: 0/2
[16/05/22 13:41:25:9199097] [INFO ]: ----------INFO ENDS----------
[16/05/22 13:41:26:9372339] [INFO+]: ----------INFO START----------
[16/05/22 13:41:26:9387747] [INFO ]: Full update took [0ms]
[16/05/22 13:41:26:9396672] [INFO ]: Starting Lobby Servers took [0ms]
[16/05/22 13:41:26:9404712] [INFO ]: Stopping Lobby Servers took [0ms]
[16/05/22 13:41:26:9412423] [INFO ]: Starting Game Servers took [0ms]
[16/05/22 13:41:26:9420030] [INFO ]: Starting Game Servers took [0ms]
[16/05/22 13:41:26:9427813] [INFO ]: 
[16/05/22 13:41:26:9435680] [INFO ]: Server Spooler:
[16/05/22 13:41:26:9443729] [INFO ]:  | >IP: 127.0.0.1:5105
[16/05/22 13:41:26:9451415] [INFO ]:  |
[16/05/22 13:41:26:9459215] [INFO ]: Load Balancer [0ms]:
[16/05/22 13:41:26:9466957] [INFO ]:  | >IP: 127.0.0.1:7107
[16/05/22 13:41:26:9479614] [INFO ]:  | >Queue Length: 0
[16/05/22 13:41:26:9491877] [INFO ]:  |
[16/05/22 13:41:26:9499537] [INFO ]: Lobby Servers [0ms]: 
[16/05/22 13:41:26:9508363] [INFO ]:  | Lobby Server [1] [0ms]: 
[16/05/22 13:41:26:9523102] [INFO ]:  | | >IP: 127.0.0.1:10124
[16/05/22 13:41:26:9531558] [INFO ]:  | | >Fill Level: 0/2
[16/05/22 13:41:26:9539215] [INFO ]:  |
[16/05/22 13:41:26:9547684] [INFO ]: Matchmaker [0ms]:
[16/05/22 13:41:26:9554747] [INFO ]:  | >IP: 127.0.0.1:6106
[16/05/22 13:41:26:9562116] [INFO ]:  | >Queue Length: 0
[16/05/22 13:41:26:9569143] [INFO ]:  |
[16/05/22 13:41:26:9576658] [INFO ]: Game Servers [0ms]: 
[16/05/22 13:41:26:9583822] [INFO ]:  | Game Server [0] [0ms]: 
[16/05/22 13:41:26:9591170] [INFO ]:  | | >IP: 127.0.0.1:20123
[16/05/22 13:41:26:9598817] [INFO ]:  | | >Fill Level: 1/2
[16/05/22 13:41:26:9606167] [INFO ]:  | Game Server [1] [0ms]: 
[16/05/22 13:41:26:9613313] [INFO ]:  | | >IP: 127.0.0.1:20124
[16/05/22 13:41:26:9621285] [INFO ]:  | | >Fill Level: 0/2
[16/05/22 13:41:26:9631332] [INFO ]: ----------INFO ENDS----------
[16/05/22 13:41:28:0790542] [INFO+]: ----------INFO START----------
[16/05/22 13:41:28:0827141] [INFO ]: Full update took [0ms]
[16/05/22 13:41:28:0835774] [INFO ]: Starting Lobby Servers took [0ms]
[16/05/22 13:41:28:0847390] [INFO ]: Stopping Lobby Servers took [0ms]
[16/05/22 13:41:28:0861193] [INFO ]: Starting Game Servers took [0ms]
[16/05/22 13:41:28:0874110] [INFO ]: Starting Game Servers took [105ms]
[16/05/22 13:41:28:0920703] [INFO ]: 
[16/05/22 13:41:28:0932478] [INFO ]: Server Spooler:
[16/05/22 13:41:28:0945740] [INFO ]:  | >IP: 127.0.0.1:5105
[16/05/22 13:41:28:0961109] [INFO ]:  |
[16/05/22 13:41:28:1106746] [INFO ]: Load Balancer [0ms]:
[16/05/22 13:41:28:1290705] [INFO ]:  | >IP: 127.0.0.1:7107
[16/05/22 13:41:28:1338387] [INFO ]:  | >Queue Length: 0
[16/05/22 13:41:28:1349968] [INFO ]:  |
[16/05/22 13:41:28:1363407] [INFO ]: Lobby Servers [0ms]: 
[16/05/22 13:41:28:1375515] [INFO ]:  | Lobby Server [1] [0ms]: 
[16/05/22 13:41:28:1385071] [INFO ]:  | | >IP: 127.0.0.1:10124
[16/05/22 13:41:28:1395143] [INFO ]:  | | >Fill Level: 0/2
[16/05/22 13:41:28:1416066] [INFO ]:  |
[16/05/22 13:41:28:1423194] [INFO ]: Matchmaker [0ms]:
[16/05/22 13:41:28:1433095] [INFO ]:  | >IP: 127.0.0.1:6106
[16/05/22 13:41:28:1441200] [INFO ]:  | >Queue Length: 0
[16/05/22 13:41:28:1451059] [INFO ]:  |
[16/05/22 13:41:28:1459037] [INFO ]: Game Servers [0ms]: 
[16/05/22 13:41:28:1469120] [INFO ]:  | Game Server [1] [0ms]: 
[16/05/22 13:41:28:1490128] [INFO ]:  | | >IP: 127.0.0.1:20124
[16/05/22 13:41:28:1526210] [INFO ]:  | | >Fill Level: 0/2
[16/05/22 13:41:28:1535667] [INFO ]: ----------INFO ENDS----------
[16/05/22 13:41:28:2330604] [INFO ]: Starting lobby 2 on port 10125
[16/05/22 13:41:28:2886459] [INFO ]: Accepting client
[16/05/22 13:41:28:3287073] [INFO ]: Accepting connection
[16/05/22 13:41:28:6182400] [INFO ]: Connection established
[16/05/22 13:41:29:1849204] [INFO+]: ----------INFO START----------
[16/05/22 13:41:29:1863007] [INFO ]: Full update took [0ms]
[16/05/22 13:41:29:1870477] [INFO ]: Starting Lobby Servers took [0ms]
[16/05/22 13:41:29:1878314] [INFO ]: Stopping Lobby Servers took [0ms]
[16/05/22 13:41:29:1886078] [INFO ]: Starting Game Servers took [0ms]
[16/05/22 13:41:29:1894400] [INFO ]: Starting Game Servers took [0ms]
[16/05/22 13:41:29:1902605] [INFO ]: 
[16/05/22 13:41:29:1910187] [INFO ]: Server Spooler:
[16/05/22 13:41:29:1917835] [INFO ]:  | >IP: 127.0.0.1:5105
[16/05/22 13:41:29:1925471] [INFO ]:  |
[16/05/22 13:41:29:1933170] [INFO ]: Load Balancer [0ms]:
[16/05/22 13:41:29:1940918] [INFO ]:  | >IP: 127.0.0.1:7107
[16/05/22 13:41:29:1948496] [INFO ]:  | >Queue Length: 0
[16/05/22 13:41:29:1956322] [INFO ]:  |
[16/05/22 13:41:29:1963503] [INFO ]: Lobby Servers [0ms]: 
[16/05/22 13:41:29:1976857] [INFO ]:  | Lobby Server [1] [0ms]: 
[16/05/22 13:41:29:1991855] [INFO ]:  | | >IP: 127.0.0.1:10124
[16/05/22 13:41:29:2007271] [INFO ]:  | | >Fill Level: 1/2
[16/05/22 13:41:29:2018152] [INFO ]:  | Lobby Server [2] [0ms]: 
[16/05/22 13:41:29:2029450] [INFO ]:  | | >IP: 127.0.0.1:10125
[16/05/22 13:41:29:2039231] [INFO ]:  | | >Fill Level: 0/2
[16/05/22 13:41:29:2047657] [INFO ]:  |
[16/05/22 13:41:29:2055436] [INFO ]: Matchmaker [0ms]:
[16/05/22 13:41:29:2063378] [INFO ]:  | >IP: 127.0.0.1:6106
[16/05/22 13:41:29:2071071] [INFO ]:  | >Queue Length: 0
[16/05/22 13:41:29:2078436] [INFO ]:  |
[16/05/22 13:41:29:2085636] [INFO ]: Game Servers [0ms]: 
[16/05/22 13:41:29:2093159] [INFO ]:  | Game Server [1] [0ms]: 
[16/05/22 13:41:29:2100609] [INFO ]:  | | >IP: 127.0.0.1:20124
[16/05/22 13:41:29:2108170] [INFO ]:  | | >Fill Level: 0/2
[16/05/22 13:41:29:2115743] [INFO ]: ----------INFO ENDS----------
[16/05/22 13:41:30:2162030] [INFO+]: ----------INFO START----------
[16/05/22 13:41:30:2174019] [INFO ]: Full update took [0ms]
[16/05/22 13:41:30:2181031] [INFO ]: Starting Lobby Servers took [0ms]
[16/05/22 13:41:30:2189119] [INFO ]: Stopping Lobby Servers took [0ms]
[16/05/22 13:41:30:2196427] [INFO ]: Starting Game Servers took [0ms]
[16/05/22 13:41:30:2203917] [INFO ]: Starting Game Servers took [0ms]
[16/05/22 13:41:30:2211955] [INFO ]: 
[16/05/22 13:41:30:2219325] [INFO ]: Server Spooler:
[16/05/22 13:41:30:2226607] [INFO ]:  | >IP: 127.0.0.1:5105
[16/05/22 13:41:30:2234387] [INFO ]:  |
[16/05/22 13:41:30:2241529] [INFO ]: Load Balancer [0ms]:
[16/05/22 13:41:30:2249028] [INFO ]:  | >IP: 127.0.0.1:7107
[16/05/22 13:41:30:2257368] [INFO ]:  | >Queue Length: 0
[16/05/22 13:41:30:2264703] [INFO ]:  |
[16/05/22 13:41:30:2272196] [INFO ]: Lobby Servers [0ms]: 
[16/05/22 13:41:30:2279709] [INFO ]:  | Lobby Server [1] [0ms]: 
[16/05/22 13:41:30:2287817] [INFO ]:  | | >IP: 127.0.0.1:10124
[16/05/22 13:41:30:2295588] [INFO ]:  | | >Fill Level: 1/2
[16/05/22 13:41:30:2306882] [INFO ]:  | Lobby Server [2] [0ms]: 
[16/05/22 13:41:30:2315075] [INFO ]:  | | >IP: 127.0.0.1:10125
[16/05/22 13:41:30:2322606] [INFO ]:  | | >Fill Level: 0/2
[16/05/22 13:41:30:2329900] [INFO ]:  |
[16/05/22 13:41:30:2340207] [INFO ]: Matchmaker [0ms]:
[16/05/22 13:41:30:2346687] [INFO ]:  | >IP: 127.0.0.1:6106
[16/05/22 13:41:30:2356179] [INFO ]:  | >Queue Length: 0
[16/05/22 13:41:30:2363560] [INFO ]:  |
[16/05/22 13:41:30:2372475] [INFO ]: Game Servers [0ms]: 
[16/05/22 13:41:30:2380294] [INFO ]:  | Game Server [1] [0ms]: 
[16/05/22 13:41:30:2389311] [INFO ]:  | | >IP: 127.0.0.1:20124
[16/05/22 13:41:30:2397803] [INFO ]:  | | >Fill Level: 0/2
[16/05/22 13:41:30:2405043] [INFO ]: ----------INFO ENDS----------
[16/05/22 13:41:31:2972706] [INFO+]: ----------INFO START----------
[16/05/22 13:41:31:2991750] [INFO ]: Full update took [0ms]
[16/05/22 13:41:31:3000848] [INFO ]: Starting Lobby Servers took [0ms]
[16/05/22 13:41:31:3010185] [INFO ]: Stopping Lobby Servers took [0ms]
[16/05/22 13:41:31:3020987] [INFO ]: Starting Game Servers took [0ms]
[16/05/22 13:41:31:3030186] [INFO ]: Starting Game Servers took [0ms]
[16/05/22 13:41:31:3040015] [INFO ]: 
[16/05/22 13:41:31:3048404] [INFO ]: Server Spooler:
[16/05/22 13:41:31:3059319] [INFO ]:  | >IP: 127.0.0.1:5105
[16/05/22 13:41:31:3071519] [INFO ]:  |
[16/05/22 13:41:31:3080190] [INFO ]: Load Balancer [0ms]:
[16/05/22 13:41:31:3088937] [INFO ]:  | >IP: 127.0.0.1:7107
[16/05/22 13:41:31:3099452] [INFO ]:  | >Queue Length: 0
[16/05/22 13:41:31:3108246] [INFO ]:  |
[16/05/22 13:41:31:3116973] [INFO ]: Lobby Servers [0ms]: 
[16/05/22 13:41:31:3125562] [INFO ]:  | Lobby Server [1] [0ms]: 
[16/05/22 13:41:31:3152146] [INFO ]:  | | >IP: 127.0.0.1:10124
[16/05/22 13:41:31:3161157] [INFO ]:  | | >Fill Level: 1/2
[16/05/22 13:41:31:3170850] [INFO ]:  | Lobby Server [2] [0ms]: 
[16/05/22 13:41:31:3179402] [INFO ]:  | | >IP: 127.0.0.1:10125
[16/05/22 13:41:31:3189316] [INFO ]:  | | >Fill Level: 0/2
[16/05/22 13:41:31:3198207] [INFO ]:  |
[16/05/22 13:41:31:3207153] [INFO ]: Matchmaker [0ms]:
[16/05/22 13:41:31:3216208] [INFO ]:  | >IP: 127.0.0.1:6106
[16/05/22 13:41:31:3225242] [INFO ]:  | >Queue Length: 0
[16/05/22 13:41:31:3234299] [INFO ]:  |
[16/05/22 13:41:31:3243384] [INFO ]: Game Servers [0ms]: 
[16/05/22 13:41:31:3260784] [INFO ]:  | Game Server [1] [0ms]: 
[16/05/22 13:41:31:3270001] [INFO ]:  | | >IP: 127.0.0.1:20124
[16/05/22 13:41:31:3278309] [INFO ]:  | | >Fill Level: 0/2
[16/05/22 13:41:31:3285478] [INFO ]: ----------INFO ENDS----------
[16/05/22 13:41:32:3470493] [INFO+]: ----------INFO START----------
[16/05/22 13:41:32:3493559] [INFO ]: Full update took [0ms]
[16/05/22 13:41:32:3509561] [INFO ]: Starting Lobby Servers took [0ms]
[16/05/22 13:41:32:3531350] [INFO ]: Stopping Lobby Servers took [0ms]
[16/05/22 13:41:32:3541169] [INFO ]: Starting Game Servers took [0ms]
[16/05/22 13:41:32:3550329] [INFO ]: Starting Game Servers took [0ms]
[16/05/22 13:41:32:3559620] [INFO ]: 
[16/05/22 13:41:32:3568826] [INFO ]: Server Spooler:
[16/05/22 13:41:32:3578029] [INFO ]:  | >IP: 127.0.0.1:5105
[16/05/22 13:41:32:3586796] [INFO ]:  |
[16/05/22 13:41:32:3596143] [INFO ]: Load Balancer [0ms]:
[16/05/22 13:41:32:3605272] [INFO ]:  | >IP: 127.0.0.1:7107
[16/05/22 13:41:32:3614658] [INFO ]:  | >Queue Length: 0
[16/05/22 13:41:32:3623213] [INFO ]:  |
[16/05/22 13:41:32:3638833] [INFO ]: Lobby Servers [0ms]: 
[16/05/22 13:41:32:3648669] [INFO ]:  | Lobby Server [1] [0ms]: 
[16/05/22 13:41:32:3664823] [INFO ]:  | | >IP: 127.0.0.1:10124
[16/05/22 13:41:32:3673272] [INFO ]:  | | >Fill Level: 1/2
[16/05/22 13:41:32:3682605] [INFO ]:  | Lobby Server [2] [0ms]: 
[16/05/22 13:41:32:3691483] [INFO ]:  | | >IP: 127.0.0.1:10125
[16/05/22 13:41:32:3700549] [INFO ]:  | | >Fill Level: 0/2
[16/05/22 13:41:32:3709778] [INFO ]:  |
[16/05/22 13:41:32:3718174] [INFO ]: Matchmaker [0ms]:
[16/05/22 13:41:32:3727229] [INFO ]:  | >IP: 127.0.0.1:6106
[16/05/22 13:41:32:3736010] [INFO ]:  | >Queue Length: 0
[16/05/22 13:41:32:3744420] [INFO ]:  |
[16/05/22 13:41:32:3752985] [INFO ]: Game Servers [0ms]: 
[16/05/22 13:41:32:3761643] [INFO ]:  | Game Server [1] [0ms]: 
[16/05/22 13:41:32:3770596] [INFO ]:  | | >IP: 127.0.0.1:20124
[16/05/22 13:41:32:3778544] [INFO ]:  | | >Fill Level: 0/2
[16/05/22 13:41:32:3785724] [INFO ]: ----------INFO ENDS----------
[16/05/22 13:41:33:3947137] [INFO+]: ----------INFO START----------
[16/05/22 13:41:33:3972366] [INFO ]: Full update took [0ms]
[16/05/22 13:41:33:4002779] [INFO ]: Starting Lobby Servers took [0ms]
[16/05/22 13:41:33:4017135] [INFO ]: Stopping Lobby Servers took [0ms]
[16/05/22 13:41:33:4027911] [INFO ]: Starting Game Servers took [0ms]
[16/05/22 13:41:33:4037312] [INFO ]: Starting Game Servers took [0ms]
[16/05/22 13:41:33:4049157] [INFO ]: 
[16/05/22 13:41:33:4058391] [INFO ]: Server Spooler:
[16/05/22 13:41:33:4067474] [INFO ]:  | >IP: 127.0.0.1:5105
[16/05/22 13:41:33:4075844] [INFO ]:  |
[16/05/22 13:41:33:4084785] [INFO ]: Load Balancer [0ms]:
[16/05/22 13:41:33:4092986] [INFO ]:  | >IP: 127.0.0.1:7107
[16/05/22 13:41:33:4101975] [INFO ]:  | >Queue Length: 0
[16/05/22 13:41:33:4110669] [INFO ]:  |
[16/05/22 13:41:33:4119600] [INFO ]: Lobby Servers [0ms]: 
[16/05/22 13:41:33:4142296] [INFO ]:  | Lobby Server [1] [0ms]: 
[16/05/22 13:41:33:4156378] [INFO ]:  | | >IP: 127.0.0.1:10124
[16/05/22 13:41:33:4170526] [INFO ]:  | | >Fill Level: 1/2
[16/05/22 13:41:33:4180027] [INFO ]:  | Lobby Server [2] [0ms]: 
[16/05/22 13:41:33:4188701] [INFO ]:  | | >IP: 127.0.0.1:10125
[16/05/22 13:41:33:4197295] [INFO ]:  | | >Fill Level: 0/2
[16/05/22 13:41:33:4206305] [INFO ]:  |
[16/05/22 13:41:33:4217142] [INFO ]: Matchmaker [0ms]:
[16/05/22 13:41:33:4226338] [INFO ]:  | >IP: 127.0.0.1:6106
[16/05/22 13:41:33:4234293] [INFO ]:  | >Queue Length: 0
[16/05/22 13:41:33:4243421] [INFO ]:  |
[16/05/22 13:41:33:4252559] [INFO ]: Game Servers [0ms]: 
[16/05/22 13:41:33:4262123] [INFO ]:  | Game Server [1] [0ms]: 
[16/05/22 13:41:33:4271780] [INFO ]:  | | >IP: 127.0.0.1:20124
[16/05/22 13:41:33:4281112] [INFO ]:  | | >Fill Level: 0/2
[16/05/22 13:41:33:4327715] [INFO ]: ----------INFO ENDS----------
[16/05/22 13:41:34:4445241] [INFO+]: ----------INFO START----------
[16/05/22 13:41:34:4469999] [INFO ]: Full update took [0ms]
[16/05/22 13:41:34:4478652] [INFO ]: Starting Lobby Servers took [0ms]
[16/05/22 13:41:34:4487633] [INFO ]: Stopping Lobby Servers took [0ms]
[16/05/22 13:41:34:4495951] [INFO ]: Starting Game Servers took [0ms]
[16/05/22 13:41:34:4505143] [INFO ]: Starting Game Servers took [0ms]
[16/05/22 13:41:34:4512587] [INFO ]: 
[16/05/22 13:41:34:4520131] [INFO ]: Server Spooler:
[16/05/22 13:41:34:4527616] [INFO ]:  | >IP: 127.0.0.1:5105
[16/05/22 13:41:34:4535501] [INFO ]:  |
[16/05/22 13:41:34:4543337] [INFO ]: Load Balancer [0ms]:
[16/05/22 13:41:34:4550477] [INFO ]:  | >IP: 127.0.0.1:7107
[16/05/22 13:41:34:4557930] [INFO ]:  | >Queue Length: 0
[16/05/22 13:41:34:4565955] [INFO ]:  |
[16/05/22 13:41:34:4573234] [INFO ]: Lobby Servers [0ms]: 
[16/05/22 13:41:34:4581088] [INFO ]:  | Lobby Server [1] [0ms]: 
[16/05/22 13:41:34:4588570] [INFO ]:  | | >IP: 127.0.0.1:10124
[16/05/22 13:41:34:4595726] [INFO ]:  | | >Fill Level: 1/2
[16/05/22 13:41:34:4603697] [INFO ]:  | Lobby Server [2] [0ms]: 
[16/05/22 13:41:34:4611415] [INFO ]:  | | >IP: 127.0.0.1:10125
[16/05/22 13:41:34:4619225] [INFO ]:  | | >Fill Level: 0/2
[16/05/22 13:41:34:4661778] [INFO ]:  |
[16/05/22 13:41:34:4669432] [INFO ]: Matchmaker [0ms]:
[16/05/22 13:41:34:4679278] [INFO ]:  | >IP: 127.0.0.1:6106
[16/05/22 13:41:34:4689671] [INFO ]:  | >Queue Length: 0
[16/05/22 13:41:34:4699006] [INFO ]:  |
[16/05/22 13:41:34:4716981] [INFO ]: Game Servers [0ms]: 
[16/05/22 13:41:34:4727945] [INFO ]:  | Game Server [1] [0ms]: 
[16/05/22 13:41:34:4737031] [INFO ]:  | | >IP: 127.0.0.1:20124
[16/05/22 13:41:34:4744621] [INFO ]:  | | >Fill Level: 0/2
[16/05/22 13:41:34:4752049] [INFO ]: ----------INFO ENDS----------
[16/05/22 13:41:35:5113863] [INFO+]: ----------INFO START----------
[16/05/22 13:41:35:5149746] [INFO ]: Full update took [0ms]
[16/05/22 13:41:35:5163070] [INFO ]: Starting Lobby Servers took [0ms]
[16/05/22 13:41:35:5172080] [INFO ]: Stopping Lobby Servers took [0ms]
[16/05/22 13:41:35:5180612] [INFO ]: Starting Game Servers took [0ms]
[16/05/22 13:41:35:5189353] [INFO ]: Starting Game Servers took [0ms]
[16/05/22 13:41:35:5198107] [INFO ]: 
[16/05/22 13:41:35:5207292] [INFO ]: Server Spooler:
[16/05/22 13:41:35:5215925] [INFO ]:  | >IP: 127.0.0.1:5105
[16/05/22 13:41:35:5224200] [INFO ]:  |
[16/05/22 13:41:35:5232270] [INFO ]: Load Balancer [0ms]:
[16/05/22 13:41:35:5241559] [INFO ]:  | >IP: 127.0.0.1:7107
[16/05/22 13:41:35:5250696] [INFO ]:  | >Queue Length: 0
[16/05/22 13:41:35:5260925] [INFO ]:  |
[16/05/22 13:41:35:5269621] [INFO ]: Lobby Servers [0ms]: 
[16/05/22 13:41:35:5277924] [INFO ]:  | Lobby Server [1] [0ms]: 
[16/05/22 13:41:35:5297458] [INFO ]:  | | >IP: 127.0.0.1:10124
[16/05/22 13:41:35:5305819] [INFO ]:  | | >Fill Level: 1/2
[16/05/22 13:41:35:5318251] [INFO ]:  | Lobby Server [2] [0ms]: 
[16/05/22 13:41:35:5327238] [INFO ]:  | | >IP: 127.0.0.1:10125
[16/05/22 13:41:35:5334287] [INFO ]:  | | >Fill Level: 0/2
[16/05/22 13:41:35:5341139] [INFO ]:  |
[16/05/22 13:41:35:5348017] [INFO ]: Matchmaker [0ms]:
[16/05/22 13:41:35:5355723] [INFO ]:  | >IP: 127.0.0.1:6106
[16/05/22 13:41:35:5363395] [INFO ]:  | >Queue Length: 0
[16/05/22 13:41:35:5370394] [INFO ]:  |
[16/05/22 13:41:35:5378186] [INFO ]: Game Servers [0ms]: 
[16/05/22 13:41:35:5385822] [INFO ]:  | Game Server [1] [0ms]: 
[16/05/22 13:41:35:5395713] [INFO ]:  | | >IP: 127.0.0.1:20124
[16/05/22 13:41:35:5407087] [INFO ]:  | | >Fill Level: 0/2
[16/05/22 13:41:35:5415562] [INFO ]: ----------INFO ENDS----------
[16/05/22 13:41:36:5659164] [INFO+]: ----------INFO START----------
[16/05/22 13:41:36:5668156] [INFO ]: Full update took [0ms]
[16/05/22 13:41:36:5678783] [INFO ]: Starting Lobby Servers took [0ms]
[16/05/22 13:41:36:5687357] [INFO ]: Stopping Lobby Servers took [0ms]
[16/05/22 13:41:36:5696374] [INFO ]: Starting Game Servers took [0ms]
[16/05/22 13:41:36:5704123] [INFO ]: Starting Game Servers took [0ms]
[16/05/22 13:41:36:5712276] [INFO ]: 
[16/05/22 13:41:36:5720077] [INFO ]: Server Spooler:
[16/05/22 13:41:36:5727107] [INFO ]:  | >IP: 127.0.0.1:5105
[16/05/22 13:41:36:5734430] [INFO ]:  |
[16/05/22 13:41:36:5742653] [INFO ]: Load Balancer [0ms]:
[16/05/22 13:41:36:5750380] [INFO ]:  | >IP: 127.0.0.1:7107
[16/05/22 13:41:36:5757578] [INFO ]:  | >Queue Length: 0
[16/05/22 13:41:36:5767121] [INFO ]:  |
[16/05/22 13:41:36:5774366] [INFO ]: Lobby Servers [0ms]: 
[16/05/22 13:41:36:5795045] [INFO ]:  | Lobby Server [2] [0ms]: 
[16/05/22 13:41:36:5809487] [INFO ]:  | | >IP: 127.0.0.1:10125
[16/05/22 13:41:36:5820434] [INFO ]:  | | >Fill Level: 0/2
[16/05/22 13:41:36:5828366] [INFO ]:  |
[16/05/22 13:41:36:5845880] [INFO ]: Matchmaker [0ms]:
[16/05/22 13:41:36:5854887] [INFO ]:  | >IP: 127.0.0.1:6106
[16/05/22 13:41:36:5863899] [INFO ]:  | >Queue Length: 0
[16/05/22 13:41:36:5871355] [INFO ]:  |
[16/05/22 13:41:36:5879106] [INFO ]: Game Servers [0ms]: 
[16/05/22 13:41:36:5886980] [INFO ]:  | Game Server [1] [0ms]: 
[16/05/22 13:41:36:5894838] [INFO ]:  | | >IP: 127.0.0.1:20124
[16/05/22 13:41:36:5903021] [INFO ]:  | | >Fill Level: 0/2
[16/05/22 13:41:36:5911816] [INFO ]: ----------INFO ENDS----------
[16/05/22 13:41:37:6409335] [INFO+]: ----------INFO START----------
[16/05/22 13:41:37:6414859] [INFO ]: Full update took [0ms]
[16/05/22 13:41:37:6417656] [INFO ]: Starting Lobby Servers took [0ms]
[16/05/22 13:41:37:6420456] [INFO ]: Stopping Lobby Servers took [0ms]
[16/05/22 13:41:37:6423026] [INFO ]: Starting Game Servers took [0ms]
[16/05/22 13:41:37:6425660] [INFO ]: Starting Game Servers took [0ms]
[16/05/22 13:41:37:6428066] [INFO ]: 
[16/05/22 13:41:37:6430426] [INFO ]: Server Spooler:
[16/05/22 13:41:37:6433194] [INFO ]:  | >IP: 127.0.0.1:5105
[16/05/22 13:41:37:6436027] [INFO ]:  |
[16/05/22 13:41:37:6438672] [INFO ]: Load Balancer [0ms]:
[16/05/22 13:41:37:6441361] [INFO ]:  | >IP: 127.0.0.1:7107
[16/05/22 13:41:37:6444032] [INFO ]:  | >Queue Length: 0
[16/05/22 13:41:37:6449937] [INFO ]:  |
[16/05/22 13:41:37:6452881] [INFO ]: Lobby Servers [0ms]: 
[16/05/22 13:41:37:6455514] [INFO ]:  | Lobby Server [2] [0ms]: 
[16/05/22 13:41:37:6458176] [INFO ]:  | | >IP: 127.0.0.1:10125
[16/05/22 13:41:37:6460984] [INFO ]:  | | >Fill Level: 0/2
[16/05/22 13:41:37:6463725] [INFO ]:  |
[16/05/22 13:41:37:6466238] [INFO ]: Matchmaker [0ms]:
[16/05/22 13:41:37:6468876] [INFO ]:  | >IP: 127.0.0.1:6106
[16/05/22 13:41:37:6471607] [INFO ]:  | >Queue Length: 0
[16/05/22 13:41:37:6473995] [INFO ]:  |
[16/05/22 13:41:37:6476839] [INFO ]: Game Servers [0ms]: 
[16/05/22 13:41:37:6479998] [INFO ]:  | Game Server [1] [0ms]: 
[16/05/22 13:41:37:6482657] [INFO ]:  | | >IP: 127.0.0.1:20124
[16/05/22 13:41:37:6485088] [INFO ]:  | | >Fill Level: 0/2
[16/05/22 13:41:37:6487983] [INFO ]: ----------INFO ENDS----------
[16/05/22 13:41:38:0904249] [INFO ]: Escape key pressed
[16/05/22 13:41:38:0924427] [INFO ]: Shutting down network
[16/05/22 13:41:38:0934261] [INFO ]: Giving time for graceful shutdown
[16/05/22 13:41:39:0993124] [INFO ]: Terminating processes
[16/05/22 13:41:39:1024394] [INFO ]: Killing Load Balancer
[16/05/22 13:41:39:1037528] [INFO ]: Killing Matchmaker
[16/05/22 13:41:39:1048871] [INFO ]: Killing lobby servers
[16/05/22 13:41:39:1057258] [INFO ]: Killing game servers
[16/05/22 13:41:39:1078984] [WARN ]: Shutting down logging
