[19/05/22 09:15:57:5438728] [INFO ]: Logging started
[19/05/22 09:15:57:9147122] [INFO ]: Starting Load Balancer
[19/05/22 09:15:58:1043723] [INFO ]: Waiting for Load Balancer response
[19/05/22 09:15:58:1073547] [INFO ]: Accepting client
[19/05/22 09:15:58:2009842] [INFO ]: Accepting connection
[19/05/22 09:15:58:4977332] [INFO ]: Connection established
[19/05/22 09:15:58:4990328] [INFO ]: Connected in 392ms
[19/05/22 09:15:58:4997117] [INFO ]: Starting Matchmaker
[19/05/22 09:15:58:5734525] [INFO ]: Waiting for Matchmaker response
[19/05/22 09:15:58:5778534] [INFO ]: Accepting client
[19/05/22 09:15:58:5787655] [INFO ]: Accepting connection
[19/05/22 09:15:58:9126644] [INFO ]: Connection established
[19/05/22 09:15:58:9131636] [INFO ]: Connected in 335ms
[19/05/22 09:15:58:9442167] [INFO ]: Starting lobby 0 on port 10123
[19/05/22 09:15:59:0166641] [INFO ]: Accepting client
[19/05/22 09:15:59:0205937] [INFO ]: Accepting connection
[19/05/22 09:15:59:3486191] [INFO ]: Connection established
[19/05/22 09:15:59:3503668] [INFO ]: Starting game server 0 on port 20123
[19/05/22 09:15:59:4545932] [INFO ]: Accepting client
[19/05/22 09:15:59:4575655] [INFO ]: Accepting connection
[19/05/22 09:15:59:7303122] [INFO ]: Connection established
[19/05/22 09:15:59:9567491] [INFO+]: ----------INFO START----------
[19/05/22 09:15:59:9574732] [INFO ]: Full update took [0ms]
[19/05/22 09:15:59:9577412] [INFO ]: Starting Lobby Servers took [0ms]
[19/05/22 09:15:59:9581912] [INFO ]: Stopping Lobby Servers took [0ms]
[19/05/22 09:15:59:9584829] [INFO ]: Starting Game Servers took [0ms]
[19/05/22 09:15:59:9586950] [INFO ]: Starting Game Servers took [0ms]
[19/05/22 09:15:59:9588862] [INFO ]: 
[19/05/22 09:15:59:9593584] [INFO ]: Server Spooler:
[19/05/22 09:15:59:9599740] [INFO ]:  | >IP: 127.0.0.1:5105
[19/05/22 09:15:59:9601538] [INFO ]:  |
[19/05/22 09:15:59:9603222] [INFO ]: Load Balancer [0ms]:
[19/05/22 09:15:59:9604940] [INFO ]:  | >IP: 127.0.0.1:7107
[19/05/22 09:15:59:9606840] [INFO ]:  | >Queue Length: 0
[19/05/22 09:15:59:9608765] [INFO ]:  |
[19/05/22 09:15:59:9610600] [INFO ]: Lobby Servers [0ms]: 
[19/05/22 09:15:59:9612279] [INFO ]:  | Lobby Server [0] [0ms]: 
[19/05/22 09:15:59:9614206] [INFO ]:  | | >IP: 127.0.0.1:10123
[19/05/22 09:15:59:9616051] [INFO ]:  | | >Fill Level: 0/2
[19/05/22 09:15:59:9617801] [INFO ]:  |
[19/05/22 09:15:59:9619514] [INFO ]: Matchmaker [0ms]:
[19/05/22 09:15:59:9621181] [INFO ]:  | >IP: 127.0.0.1:6106
[19/05/22 09:15:59:9622971] [INFO ]:  | >Queue Length: 0
[19/05/22 09:15:59:9624619] [INFO ]:  |
[19/05/22 09:15:59:9626283] [INFO ]: Game Servers [0ms]: 
[19/05/22 09:15:59:9627934] [INFO ]:  | Game Server [0] [0ms]: 
[19/05/22 09:15:59:9629563] [INFO ]:  | | >IP: 127.0.0.1:20123
[19/05/22 09:15:59:9631337] [INFO ]:  | | >Fill Level: 0/2
[19/05/22 09:15:59:9632997] [INFO ]: ----------INFO ENDS----------
[19/05/22 09:16:00:9950481] [INFO+]: ----------INFO START----------
[19/05/22 09:16:00:9954535] [INFO ]: Full update took [0ms]
[19/05/22 09:16:00:9956117] [INFO ]: Starting Lobby Servers took [0ms]
[19/05/22 09:16:00:9957546] [INFO ]: Stopping Lobby Servers took [0ms]
[19/05/22 09:16:00:9959037] [INFO ]: Starting Game Servers took [0ms]
[19/05/22 09:16:00:9960558] [INFO ]: Starting Game Servers took [0ms]
[19/05/22 09:16:00:9962174] [INFO ]: 
[19/05/22 09:16:00:9963789] [INFO ]: Server Spooler:
[19/05/22 09:16:00:9965289] [INFO ]:  | >IP: 127.0.0.1:5105
[19/05/22 09:16:00:9966802] [INFO ]:  |
[19/05/22 09:16:00:9969116] [INFO ]: Load Balancer [0ms]:
[19/05/22 09:16:00:9971006] [INFO ]:  | >IP: 127.0.0.1:7107
[19/05/22 09:16:00:9973095] [INFO ]:  | >Queue Length: 0
[19/05/22 09:16:00:9974812] [INFO ]:  |
[19/05/22 09:16:00:9976367] [INFO ]: Lobby Servers [0ms]: 
[19/05/22 09:16:00:9978891] [INFO ]:  | Lobby Server [0] [0ms]: 
[19/05/22 09:16:00:9980505] [INFO ]:  | | >IP: 127.0.0.1:10123
[19/05/22 09:16:00:9982057] [INFO ]:  | | >Fill Level: 0/2
[19/05/22 09:16:00:9989321] [INFO ]:  |
[19/05/22 09:16:00:9991040] [INFO ]: Matchmaker [0ms]:
[19/05/22 09:16:00:9992675] [INFO ]:  | >IP: 127.0.0.1:6106
[19/05/22 09:16:00:9994309] [INFO ]:  | >Queue Length: 0
[19/05/22 09:16:00:9995945] [INFO ]:  |
[19/05/22 09:16:00:9997435] [INFO ]: Game Servers [0ms]: 
[19/05/22 09:16:00:9998909] [INFO ]:  | Game Server [0] [0ms]: 
[19/05/22 09:16:01:0000411] [INFO ]:  | | >IP: 127.0.0.1:20123
[19/05/22 09:16:01:0002235] [INFO ]:  | | >Fill Level: 0/2
[19/05/22 09:16:01:0003622] [INFO ]: ----------INFO ENDS----------
[19/05/22 09:16:02:0170060] [INFO+]: ----------INFO START----------
[19/05/22 09:16:02:0174100] [INFO ]: Full update took [0ms]
[19/05/22 09:16:02:0175748] [INFO ]: Starting Lobby Servers took [0ms]
[19/05/22 09:16:02:0177457] [INFO ]: Stopping Lobby Servers took [0ms]
[19/05/22 09:16:02:0179096] [INFO ]: Starting Game Servers took [0ms]
[19/05/22 09:16:02:0180541] [INFO ]: Starting Game Servers took [0ms]
[19/05/22 09:16:02:0182762] [INFO ]: 
[19/05/22 09:16:02:0184295] [INFO ]: Server Spooler:
[19/05/22 09:16:02:0185820] [INFO ]:  | >IP: 127.0.0.1:5105
[19/05/22 09:16:02:0187281] [INFO ]:  |
[19/05/22 09:16:02:0188772] [INFO ]: Load Balancer [0ms]:
[19/05/22 09:16:02:0209202] [INFO ]:  | >IP: 127.0.0.1:7107
[19/05/22 09:16:02:0211430] [INFO ]:  | >Queue Length: 0
[19/05/22 09:16:02:0212951] [INFO ]:  |
[19/05/22 09:16:02:0214978] [INFO ]: Lobby Servers [0ms]: 
[19/05/22 09:16:02:0216751] [INFO ]:  | Lobby Server [0] [0ms]: 
[19/05/22 09:16:02:0218323] [INFO ]:  | | >IP: 127.0.0.1:10123
[19/05/22 09:16:02:0219811] [INFO ]:  | | >Fill Level: 0/2
[19/05/22 09:16:02:0221391] [INFO ]:  |
[19/05/22 09:16:02:0222920] [INFO ]: Matchmaker [0ms]:
[19/05/22 09:16:02:0224412] [INFO ]:  | >IP: 127.0.0.1:6106
[19/05/22 09:16:02:0225885] [INFO ]:  | >Queue Length: 0
[19/05/22 09:16:02:0227324] [INFO ]:  |
[19/05/22 09:16:02:0228731] [INFO ]: Game Servers [0ms]: 
[19/05/22 09:16:02:0230435] [INFO ]:  | Game Server [0] [0ms]: 
[19/05/22 09:16:02:0231913] [INFO ]:  | | >IP: 127.0.0.1:20123
[19/05/22 09:16:02:0233356] [INFO ]:  | | >Fill Level: 0/2
[19/05/22 09:16:02:0234737] [INFO ]: ----------INFO ENDS----------
[19/05/22 09:16:03:0330434] [INFO+]: ----------INFO START----------
[19/05/22 09:16:03:0334062] [INFO ]: Full update took [0ms]
[19/05/22 09:16:03:0335580] [INFO ]: Starting Lobby Servers took [0ms]
[19/05/22 09:16:03:0336980] [INFO ]: Stopping Lobby Servers took [0ms]
[19/05/22 09:16:03:0338521] [INFO ]: Starting Game Servers took [0ms]
[19/05/22 09:16:03:0340179] [INFO ]: Starting Game Servers took [0ms]
[19/05/22 09:16:03:0341636] [INFO ]: 
[19/05/22 09:16:03:0343102] [INFO ]: Server Spooler:
[19/05/22 09:16:03:0344573] [INFO ]:  | >IP: 127.0.0.1:5105
[19/05/22 09:16:03:0346157] [INFO ]:  |
[19/05/22 09:16:03:0347623] [INFO ]: Load Balancer [0ms]:
[19/05/22 09:16:03:0349028] [INFO ]:  | >IP: 127.0.0.1:7107
[19/05/22 09:16:03:0350436] [INFO ]:  | >Queue Length: 0
[19/05/22 09:16:03:0351856] [INFO ]:  |
[19/05/22 09:16:03:0353415] [INFO ]: Lobby Servers [0ms]: 
[19/05/22 09:16:03:0354969] [INFO ]:  | Lobby Server [0] [0ms]: 
[19/05/22 09:16:03:0356652] [INFO ]:  | | >IP: 127.0.0.1:10123
[19/05/22 09:16:03:0358181] [INFO ]:  | | >Fill Level: 0/2
[19/05/22 09:16:03:0359632] [INFO ]:  |
[19/05/22 09:16:03:0361791] [INFO ]: Matchmaker [0ms]:
[19/05/22 09:16:03:0363311] [INFO ]:  | >IP: 127.0.0.1:6106
[19/05/22 09:16:03:0364758] [INFO ]:  | >Queue Length: 0
[19/05/22 09:16:03:0366091] [INFO ]:  |
[19/05/22 09:16:03:0367591] [INFO ]: Game Servers [0ms]: 
[19/05/22 09:16:03:0369095] [INFO ]:  | Game Server [0] [0ms]: 
[19/05/22 09:16:03:0370781] [INFO ]:  | | >IP: 127.0.0.1:20123
[19/05/22 09:16:03:0372216] [INFO ]:  | | >Fill Level: 0/2
[19/05/22 09:16:03:0373728] [INFO ]: ----------INFO ENDS----------
[19/05/22 09:16:04:0517694] [INFO+]: ----------INFO START----------
[19/05/22 09:16:04:0521703] [INFO ]: Full update took [0ms]
[19/05/22 09:16:04:0523245] [INFO ]: Starting Lobby Servers took [0ms]
[19/05/22 09:16:04:0524863] [INFO ]: Stopping Lobby Servers took [0ms]
[19/05/22 09:16:04:0526554] [INFO ]: Starting Game Servers took [0ms]
[19/05/22 09:16:04:0528155] [INFO ]: Starting Game Servers took [0ms]
[19/05/22 09:16:04:0529751] [INFO ]: 
[19/05/22 09:16:04:0531385] [INFO ]: Server Spooler:
[19/05/22 09:16:04:0532920] [INFO ]:  | >IP: 127.0.0.1:5105
[19/05/22 09:16:04:0534531] [INFO ]:  |
[19/05/22 09:16:04:0536129] [INFO ]: Load Balancer [0ms]:
[19/05/22 09:16:04:0537683] [INFO ]:  | >IP: 127.0.0.1:7107
[19/05/22 09:16:04:0539232] [INFO ]:  | >Queue Length: 0
[19/05/22 09:16:04:0540737] [INFO ]:  |
[19/05/22 09:16:04:0542243] [INFO ]: Lobby Servers [0ms]: 
[19/05/22 09:16:04:0543833] [INFO ]:  | Lobby Server [0] [0ms]: 
[19/05/22 09:16:04:0545557] [INFO ]:  | | >IP: 127.0.0.1:10123
[19/05/22 09:16:04:0547125] [INFO ]:  | | >Fill Level: 0/2
[19/05/22 09:16:04:0548645] [INFO ]:  |
[19/05/22 09:16:04:0550219] [INFO ]: Matchmaker [0ms]:
[19/05/22 09:16:04:0551762] [INFO ]:  | >IP: 127.0.0.1:6106
[19/05/22 09:16:04:0553548] [INFO ]:  | >Queue Length: 0
[19/05/22 09:16:04:0555106] [INFO ]:  |
[19/05/22 09:16:04:0556632] [INFO ]: Game Servers [0ms]: 
[19/05/22 09:16:04:0558117] [INFO ]:  | Game Server [0] [0ms]: 
[19/05/22 09:16:04:0559603] [INFO ]:  | | >IP: 127.0.0.1:20123
[19/05/22 09:16:04:0561275] [INFO ]:  | | >Fill Level: 0/2
[19/05/22 09:16:04:0562822] [INFO ]: ----------INFO ENDS----------
[19/05/22 09:16:05:1025043] [INFO+]: ----------INFO START----------
[19/05/22 09:16:05:1042358] [INFO ]: Full update took [0ms]
[19/05/22 09:16:05:1044651] [INFO ]: Starting Lobby Servers took [0ms]
[19/05/22 09:16:05:1047781] [INFO ]: Stopping Lobby Servers took [0ms]
[19/05/22 09:16:05:1051427] [INFO ]: Starting Game Servers took [0ms]
[19/05/22 09:16:05:1059791] [INFO ]: Starting Game Servers took [0ms]
[19/05/22 09:16:05:1064072] [INFO ]: 
[19/05/22 09:16:05:1065712] [INFO ]: Server Spooler:
[19/05/22 09:16:05:1069121] [INFO ]:  | >IP: 127.0.0.1:5105
[19/05/22 09:16:05:1071133] [INFO ]:  |
[19/05/22 09:16:05:1089789] [INFO ]: Load Balancer [0ms]:
[19/05/22 09:16:05:1098946] [INFO ]:  | >IP: 127.0.0.1:7107
[19/05/22 09:16:05:1103789] [INFO ]:  | >Queue Length: 0
[19/05/22 09:16:05:1107355] [INFO ]:  |
[19/05/22 09:16:05:1114805] [INFO ]: Lobby Servers [0ms]: 
[19/05/22 09:16:05:1122009] [INFO ]:  | Lobby Server [0] [0ms]: 
[19/05/22 09:16:05:1123944] [INFO ]:  | | >IP: 127.0.0.1:10123
[19/05/22 09:16:05:1125820] [INFO ]:  | | >Fill Level: 0/2
[19/05/22 09:16:05:1127355] [INFO ]:  |
[19/05/22 09:16:05:1128884] [INFO ]: Matchmaker [0ms]:
[19/05/22 09:16:05:1130389] [INFO ]:  | >IP: 127.0.0.1:6106
[19/05/22 09:16:05:1131943] [INFO ]:  | >Queue Length: 0
[19/05/22 09:16:05:1133450] [INFO ]:  |
[19/05/22 09:16:05:1135054] [INFO ]: Game Servers [0ms]: 
[19/05/22 09:16:05:1136536] [INFO ]:  | Game Server [0] [0ms]: 
[19/05/22 09:16:05:1137938] [INFO ]:  | | >IP: 127.0.0.1:20123
[19/05/22 09:16:05:1139502] [INFO ]:  | | >Fill Level: 0/2
[19/05/22 09:16:05:1141009] [INFO ]: ----------INFO ENDS----------
[19/05/22 09:16:06:1583644] [INFO+]: ----------INFO START----------
[19/05/22 09:16:06:1599240] [INFO ]: Full update took [0ms]
[19/05/22 09:16:06:1601932] [INFO ]: Starting Lobby Servers took [0ms]
[19/05/22 09:16:06:1604012] [INFO ]: Stopping Lobby Servers took [0ms]
[19/05/22 09:16:06:1605854] [INFO ]: Starting Game Servers took [0ms]
[19/05/22 09:16:06:1607879] [INFO ]: Starting Game Servers took [0ms]
[19/05/22 09:16:06:1609790] [INFO ]: 
[19/05/22 09:16:06:1611587] [INFO ]: Server Spooler:
[19/05/22 09:16:06:1613412] [INFO ]:  | >IP: 127.0.0.1:5105
[19/05/22 09:16:06:1615314] [INFO ]:  |
[19/05/22 09:16:06:1617088] [INFO ]: Load Balancer [0ms]:
[19/05/22 09:16:06:1618916] [INFO ]:  | >IP: 127.0.0.1:7107
[19/05/22 09:16:06:1620762] [INFO ]:  | >Queue Length: 0
[19/05/22 09:16:06:1622665] [INFO ]:  |
[19/05/22 09:16:06:1624694] [INFO ]: Lobby Servers [0ms]: 
[19/05/22 09:16:06:1626549] [INFO ]:  | Lobby Server [0] [0ms]: 
[19/05/22 09:16:06:1628390] [INFO ]:  | | >IP: 127.0.0.1:10123
[19/05/22 09:16:06:1630151] [INFO ]:  | | >Fill Level: 0/2
[19/05/22 09:16:06:1632039] [INFO ]:  |
[19/05/22 09:16:06:1633912] [INFO ]: Matchmaker [0ms]:
[19/05/22 09:16:06:1635669] [INFO ]:  | >IP: 127.0.0.1:6106
[19/05/22 09:16:06:1637419] [INFO ]:  | >Queue Length: 0
[19/05/22 09:16:06:1639385] [INFO ]:  |
[19/05/22 09:16:06:1640953] [INFO ]: Game Servers [0ms]: 
[19/05/22 09:16:06:1642647] [INFO ]:  | Game Server [0] [0ms]: 
[19/05/22 09:16:06:1644378] [INFO ]:  | | >IP: 127.0.0.1:20123
[19/05/22 09:16:06:1646542] [INFO ]:  | | >Fill Level: 0/2
[19/05/22 09:16:06:1648503] [INFO ]: ----------INFO ENDS----------
[19/05/22 09:16:07:1989673] [INFO+]: ----------INFO START----------
[19/05/22 09:16:07:1993678] [INFO ]: Full update took [0ms]
[19/05/22 09:16:07:1995393] [INFO ]: Starting Lobby Servers took [0ms]
[19/05/22 09:16:07:1997036] [INFO ]: Stopping Lobby Servers took [0ms]
[19/05/22 09:16:07:1998615] [INFO ]: Starting Game Servers took [0ms]
[19/05/22 09:16:07:2000325] [INFO ]: Starting Game Servers took [0ms]
[19/05/22 09:16:07:2001968] [INFO ]: 
[19/05/22 09:16:07:2003597] [INFO ]: Server Spooler:
[19/05/22 09:16:07:2005159] [INFO ]:  | >IP: 127.0.0.1:5105
[19/05/22 09:16:07:2006624] [INFO ]:  |
[19/05/22 09:16:07:2008171] [INFO ]: Load Balancer [0ms]:
[19/05/22 09:16:07:2009744] [INFO ]:  | >IP: 127.0.0.1:7107
[19/05/22 09:16:07:2011419] [INFO ]:  | >Queue Length: 0
[19/05/22 09:16:07:2012878] [INFO ]:  |
[19/05/22 09:16:07:2014396] [INFO ]: Lobby Servers [0ms]: 
[19/05/22 09:16:07:2015963] [INFO ]:  | Lobby Server [0] [0ms]: 
[19/05/22 09:16:07:2017616] [INFO ]:  | | >IP: 127.0.0.1:10123
[19/05/22 09:16:07:2019266] [INFO ]:  | | >Fill Level: 0/2
[19/05/22 09:16:07:2020781] [INFO ]:  |
[19/05/22 09:16:07:2022313] [INFO ]: Matchmaker [0ms]:
[19/05/22 09:16:07:2023821] [INFO ]:  | >IP: 127.0.0.1:6106
[19/05/22 09:16:07:2025354] [INFO ]:  | >Queue Length: 0
[19/05/22 09:16:07:2026969] [INFO ]:  |
[19/05/22 09:16:07:2028499] [INFO ]: Game Servers [0ms]: 
[19/05/22 09:16:07:2030053] [INFO ]:  | Game Server [0] [0ms]: 
[19/05/22 09:16:07:2031484] [INFO ]:  | | >IP: 127.0.0.1:20123
[19/05/22 09:16:07:2033068] [INFO ]:  | | >Fill Level: 0/2
[19/05/22 09:16:07:2034708] [INFO ]: ----------INFO ENDS----------
[19/05/22 09:16:08:2155064] [INFO+]: ----------INFO START----------
[19/05/22 09:16:08:2158729] [INFO ]: Full update took [0ms]
[19/05/22 09:16:08:2160010] [INFO ]: Starting Lobby Servers took [0ms]
[19/05/22 09:16:08:2161410] [INFO ]: Stopping Lobby Servers took [0ms]
[19/05/22 09:16:08:2162820] [INFO ]: Starting Game Servers took [0ms]
[19/05/22 09:16:08:2164262] [INFO ]: Starting Game Servers took [0ms]
[19/05/22 09:16:08:2165759] [INFO ]: 
[19/05/22 09:16:08:2167319] [INFO ]: Server Spooler:
[19/05/22 09:16:08:2168953] [INFO ]:  | >IP: 127.0.0.1:5105
[19/05/22 09:16:08:2170345] [INFO ]:  |
[19/05/22 09:16:08:2171876] [INFO ]: Load Balancer [0ms]:
[19/05/22 09:16:08:2173341] [INFO ]:  | >IP: 127.0.0.1:7107
[19/05/22 09:16:08:2174871] [INFO ]:  | >Queue Length: 0
[19/05/22 09:16:08:2176319] [INFO ]:  |
[19/05/22 09:16:08:2177788] [INFO ]: Lobby Servers [0ms]: 
[19/05/22 09:16:08:2179213] [INFO ]:  | Lobby Server [0] [0ms]: 
[19/05/22 09:16:08:2180666] [INFO ]:  | | >IP: 127.0.0.1:10123
[19/05/22 09:16:08:2182245] [INFO ]:  | | >Fill Level: 0/2
[19/05/22 09:16:08:2183722] [INFO ]:  |
[19/05/22 09:16:08:2185138] [INFO ]: Matchmaker [0ms]:
[19/05/22 09:16:08:2186583] [INFO ]:  | >IP: 127.0.0.1:6106
[19/05/22 09:16:08:2188056] [INFO ]:  | >Queue Length: 0
[19/05/22 09:16:08:2189602] [INFO ]:  |
[19/05/22 09:16:08:2191126] [INFO ]: Game Servers [0ms]: 
[19/05/22 09:16:08:2192705] [INFO ]:  | Game Server [0] [0ms]: 
[19/05/22 09:16:08:2194336] [INFO ]:  | | >IP: 127.0.0.1:20123
[19/05/22 09:16:08:2195820] [INFO ]:  | | >Fill Level: 0/2
[19/05/22 09:16:08:2197195] [INFO ]: ----------INFO ENDS----------
[19/05/22 09:16:09:2531564] [INFO+]: ----------INFO START----------
[19/05/22 09:16:09:2539292] [INFO ]: Full update took [0ms]
[19/05/22 09:16:09:2541973] [INFO ]: Starting Lobby Servers took [0ms]
[19/05/22 09:16:09:2544597] [INFO ]: Stopping Lobby Servers took [0ms]
[19/05/22 09:16:09:2547156] [INFO ]: Starting Game Servers took [0ms]
[19/05/22 09:16:09:2550116] [INFO ]: Starting Game Servers took [0ms]
[19/05/22 09:16:09:2552490] [INFO ]: 
[19/05/22 09:16:09:2555089] [INFO ]: Server Spooler:
[19/05/22 09:16:09:2559158] [INFO ]:  | >IP: 127.0.0.1:5105
[19/05/22 09:16:09:2561877] [INFO ]:  |
[19/05/22 09:16:09:2564893] [INFO ]: Load Balancer [0ms]:
[19/05/22 09:16:09:2567835] [INFO ]:  | >IP: 127.0.0.1:7107
[19/05/22 09:16:09:2570426] [INFO ]:  | >Queue Length: 0
[19/05/22 09:16:09:2573168] [INFO ]:  |
[19/05/22 09:16:09:2575956] [INFO ]: Lobby Servers [0ms]: 
[19/05/22 09:16:09:2578671] [INFO ]:  | Lobby Server [0] [0ms]: 
[19/05/22 09:16:09:2581477] [INFO ]:  | | >IP: 127.0.0.1:10123
[19/05/22 09:16:09:2584461] [INFO ]:  | | >Fill Level: 0/2
[19/05/22 09:16:09:2587168] [INFO ]:  |
[19/05/22 09:16:09:2589644] [INFO ]: Matchmaker [0ms]:
[19/05/22 09:16:09:2592460] [INFO ]:  | >IP: 127.0.0.1:6106
[19/05/22 09:16:09:2595148] [INFO ]:  | >Queue Length: 0
[19/05/22 09:16:09:2597777] [INFO ]:  |
[19/05/22 09:16:09:2600541] [INFO ]: Game Servers [0ms]: 
[19/05/22 09:16:09:2603168] [INFO ]:  | Game Server [0] [0ms]: 
[19/05/22 09:16:09:2606055] [INFO ]:  | | >IP: 127.0.0.1:20123
[19/05/22 09:16:09:2608848] [INFO ]:  | | >Fill Level: 0/2
[19/05/22 09:16:09:2611646] [INFO ]: ----------INFO ENDS----------
[19/05/22 09:16:10:3035152] [INFO+]: ----------INFO START----------
[19/05/22 09:16:10:3048877] [INFO ]: Full update took [0ms]
[19/05/22 09:16:10:3061074] [INFO ]: Starting Lobby Servers took [0ms]
[19/05/22 09:16:10:3070587] [INFO ]: Stopping Lobby Servers took [0ms]
[19/05/22 09:16:10:3078704] [INFO ]: Starting Game Servers took [0ms]
[19/05/22 09:16:10:3086890] [INFO ]: Starting Game Servers took [0ms]
[19/05/22 09:16:10:3094999] [INFO ]: 
[19/05/22 09:16:10:3102900] [INFO ]: Server Spooler:
[19/05/22 09:16:10:3111232] [INFO ]:  | >IP: 127.0.0.1:5105
[19/05/22 09:16:10:3119359] [INFO ]:  |
[19/05/22 09:16:10:3127138] [INFO ]: Load Balancer [0ms]:
[19/05/22 09:16:10:3135278] [INFO ]:  | >IP: 127.0.0.1:7107
[19/05/22 09:16:10:3142978] [INFO ]:  | >Queue Length: 0
[19/05/22 09:16:10:3150926] [INFO ]:  |
[19/05/22 09:16:10:3158603] [INFO ]: Lobby Servers [0ms]: 
[19/05/22 09:16:10:3166161] [INFO ]:  | Lobby Server [0] [0ms]: 
[19/05/22 09:16:10:3173777] [INFO ]:  | | >IP: 127.0.0.1:10123
[19/05/22 09:16:10:3180731] [INFO ]:  | | >Fill Level: 0/2
[19/05/22 09:16:10:3189280] [INFO ]:  |
[19/05/22 09:16:10:3196693] [INFO ]: Matchmaker [0ms]:
[19/05/22 09:16:10:3204686] [INFO ]:  | >IP: 127.0.0.1:6106
[19/05/22 09:16:10:3213161] [INFO ]:  | >Queue Length: 0
[19/05/22 09:16:10:3228709] [INFO ]:  |
[19/05/22 09:16:10:3236886] [INFO ]: Game Servers [0ms]: 
[19/05/22 09:16:10:3245032] [INFO ]:  | Game Server [0] [0ms]: 
[19/05/22 09:16:10:3252849] [INFO ]:  | | >IP: 127.0.0.1:20123
[19/05/22 09:16:10:3260648] [INFO ]:  | | >Fill Level: 0/2
[19/05/22 09:16:10:3268648] [INFO ]: ----------INFO ENDS----------
[19/05/22 09:16:11:3515636] [INFO+]: ----------INFO START----------
[19/05/22 09:16:11:3523886] [INFO ]: Full update took [0ms]
[19/05/22 09:16:11:3527898] [INFO ]: Starting Lobby Servers took [0ms]
[19/05/22 09:16:11:3532187] [INFO ]: Stopping Lobby Servers took [0ms]
[19/05/22 09:16:11:3536559] [INFO ]: Starting Game Servers took [0ms]
[19/05/22 09:16:11:3541005] [INFO ]: Starting Game Servers took [0ms]
[19/05/22 09:16:11:3545172] [INFO ]: 
[19/05/22 09:16:11:3549230] [INFO ]: Server Spooler:
[19/05/22 09:16:11:3555454] [INFO ]:  | >IP: 127.0.0.1:5105
[19/05/22 09:16:11:3559608] [INFO ]:  |
[19/05/22 09:16:11:3563747] [INFO ]: Load Balancer [0ms]:
[19/05/22 09:16:11:3569682] [INFO ]:  | >IP: 127.0.0.1:7107
[19/05/22 09:16:11:3573947] [INFO ]:  | >Queue Length: 0
[19/05/22 09:16:11:3577992] [INFO ]:  |
[19/05/22 09:16:11:3581726] [INFO ]: Lobby Servers [0ms]: 
[19/05/22 09:16:11:3585840] [INFO ]:  | Lobby Server [0] [0ms]: 
[19/05/22 09:16:11:3590109] [INFO ]:  | | >IP: 127.0.0.1:10123
[19/05/22 09:16:11:3593959] [INFO ]:  | | >Fill Level: 0/2
[19/05/22 09:16:11:3598185] [INFO ]:  |
[19/05/22 09:16:11:3602584] [INFO ]: Matchmaker [0ms]:
[19/05/22 09:16:11:3606386] [INFO ]:  | >IP: 127.0.0.1:6106
[19/05/22 09:16:11:3610691] [INFO ]:  | >Queue Length: 0
[19/05/22 09:16:11:3614798] [INFO ]:  |
[19/05/22 09:16:11:3618723] [INFO ]: Game Servers [0ms]: 
[19/05/22 09:16:11:3622717] [INFO ]:  | Game Server [0] [0ms]: 
[19/05/22 09:16:11:3627016] [INFO ]:  | | >IP: 127.0.0.1:20123
[19/05/22 09:16:11:3631043] [INFO ]:  | | >Fill Level: 0/2
[19/05/22 09:16:11:3635744] [INFO ]: ----------INFO ENDS----------
[19/05/22 09:16:12:3781823] [INFO+]: ----------INFO START----------
[19/05/22 09:16:12:3786930] [INFO ]: Full update took [0ms]
[19/05/22 09:16:12:3788873] [INFO ]: Starting Lobby Servers took [0ms]
[19/05/22 09:16:12:3791108] [INFO ]: Stopping Lobby Servers took [0ms]
[19/05/22 09:16:12:3793179] [INFO ]: Starting Game Servers took [0ms]
[19/05/22 09:16:12:3795170] [INFO ]: Starting Game Servers took [0ms]
[19/05/22 09:16:12:3797313] [INFO ]: 
[19/05/22 09:16:12:3799511] [INFO ]: Server Spooler:
[19/05/22 09:16:12:3801716] [INFO ]:  | >IP: 127.0.0.1:5105
[19/05/22 09:16:12:3803717] [INFO ]:  |
[19/05/22 09:16:12:3805712] [INFO ]: Load Balancer [0ms]:
[19/05/22 09:16:12:3807729] [INFO ]:  | >IP: 127.0.0.1:7107
[19/05/22 09:16:12:3809655] [INFO ]:  | >Queue Length: 0
[19/05/22 09:16:12:3811561] [INFO ]:  |
[19/05/22 09:16:12:3813561] [INFO ]: Lobby Servers [0ms]: 
[19/05/22 09:16:12:3815692] [INFO ]:  | Lobby Server [0] [0ms]: 
[19/05/22 09:16:12:3817617] [INFO ]:  | | >IP: 127.0.0.1:10123
[19/05/22 09:16:12:3819568] [INFO ]:  | | >Fill Level: 0/2
[19/05/22 09:16:12:3821592] [INFO ]:  |
[19/05/22 09:16:12:3823627] [INFO ]: Matchmaker [0ms]:
[19/05/22 09:16:12:3825555] [INFO ]:  | >IP: 127.0.0.1:6106
[19/05/22 09:16:12:3827255] [INFO ]:  | >Queue Length: 0
[19/05/22 09:16:12:3828965] [INFO ]:  |
[19/05/22 09:16:12:3830599] [INFO ]: Game Servers [0ms]: 
[19/05/22 09:16:12:3832467] [INFO ]:  | Game Server [0] [0ms]: 
[19/05/22 09:16:12:3834154] [INFO ]:  | | >IP: 127.0.0.1:20123
[19/05/22 09:16:12:3836013] [INFO ]:  | | >Fill Level: 0/2
[19/05/22 09:16:12:3837772] [INFO ]: ----------INFO ENDS----------
[19/05/22 09:16:13:2386135] [INFO ]: Starting lobby 1 on port 10124
[19/05/22 09:16:13:2606539] [INFO ]: Accepting client
[19/05/22 09:16:13:2665184] [INFO ]: Accepting connection
[19/05/22 09:16:13:4776153] [INFO ]: Connection established
[19/05/22 09:16:13:4789737] [INFO+]: ----------INFO START----------
[19/05/22 09:16:13:4797167] [INFO ]: Full update took [0ms]
[19/05/22 09:16:13:4802501] [INFO ]: Starting Lobby Servers took [240ms]
[19/05/22 09:16:13:4805929] [INFO ]: Stopping Lobby Servers took [0ms]
[19/05/22 09:16:13:4811011] [INFO ]: Starting Game Servers took [0ms]
[19/05/22 09:16:13:4814144] [INFO ]: Starting Game Servers took [0ms]
[19/05/22 09:16:13:4819551] [INFO ]: 
[19/05/22 09:16:13:4827860] [INFO ]: Server Spooler:
[19/05/22 09:16:13:4830141] [INFO ]:  | >IP: 127.0.0.1:5105
[19/05/22 09:16:13:4837249] [INFO ]:  |
[19/05/22 09:16:13:4840468] [INFO ]: Load Balancer [0ms]:
[19/05/22 09:16:13:4842997] [INFO ]:  | >IP: 127.0.0.1:7107
[19/05/22 09:16:13:4847225] [INFO ]:  | >Queue Length: 0
[19/05/22 09:16:13:4850151] [INFO ]:  |
[19/05/22 09:16:13:4858230] [INFO ]: Lobby Servers [0ms]: 
[19/05/22 09:16:13:4862589] [INFO ]:  | Lobby Server [0] [0ms]: 
[19/05/22 09:16:13:4864560] [INFO ]:  | | >IP: 127.0.0.1:10123
[19/05/22 09:16:13:4866601] [INFO ]:  | | >Fill Level: 1/2
[19/05/22 09:16:13:4869145] [INFO ]:  | Lobby Server [1] [0ms]: 
[19/05/22 09:16:13:4874290] [INFO ]:  | | >IP: 127.0.0.1:10124
[19/05/22 09:16:13:4884748] [INFO ]:  | | >Fill Level: 0/2
[19/05/22 09:16:13:4887410] [INFO ]:  |
[19/05/22 09:16:13:4890888] [INFO ]: Matchmaker [0ms]:
[19/05/22 09:16:13:4895153] [INFO ]:  | >IP: 127.0.0.1:6106
[19/05/22 09:16:13:4928033] [INFO ]:  | >Queue Length: 0
[19/05/22 09:16:13:4933668] [INFO ]:  |
[19/05/22 09:16:13:4936008] [INFO ]: Game Servers [0ms]: 
[19/05/22 09:16:13:4938780] [INFO ]:  | Game Server [0] [0ms]: 
[19/05/22 09:16:13:4944523] [INFO ]:  | | >IP: 127.0.0.1:20123
[19/05/22 09:16:13:4951048] [INFO ]:  | | >Fill Level: 0/2
[19/05/22 09:16:13:4957150] [INFO ]: ----------INFO ENDS----------
[19/05/22 09:16:14:5385698] [INFO+]: ----------INFO START----------
[19/05/22 09:16:14:5395856] [INFO ]: Full update took [0ms]
[19/05/22 09:16:14:5407515] [INFO ]: Starting Lobby Servers took [0ms]
[19/05/22 09:16:14:5418619] [INFO ]: Stopping Lobby Servers took [0ms]
[19/05/22 09:16:14:5427222] [INFO ]: Starting Game Servers took [0ms]
[19/05/22 09:16:14:5431094] [INFO ]: Starting Game Servers took [0ms]
[19/05/22 09:16:14:5435503] [INFO ]: 
[19/05/22 09:16:14:5440362] [INFO ]: Server Spooler:
[19/05/22 09:16:14:5445399] [INFO ]:  | >IP: 127.0.0.1:5105
[19/05/22 09:16:14:5450383] [INFO ]:  |
[19/05/22 09:16:14:5454740] [INFO ]: Load Balancer [0ms]:
[19/05/22 09:16:14:5458757] [INFO ]:  | >IP: 127.0.0.1:7107
[19/05/22 09:16:14:5462877] [INFO ]:  | >Queue Length: 0
[19/05/22 09:16:14:5467224] [INFO ]:  |
[19/05/22 09:16:14:5471243] [INFO ]: Lobby Servers [0ms]: 
[19/05/22 09:16:14:5475352] [INFO ]:  | Lobby Server [0] [0ms]: 
[19/05/22 09:16:14:5479207] [INFO ]:  | | >IP: 127.0.0.1:10123
[19/05/22 09:16:14:5483601] [INFO ]:  | | >Fill Level: 1/2
[19/05/22 09:16:14:5487474] [INFO ]:  | Lobby Server [1] [0ms]: 
[19/05/22 09:16:14:5491635] [INFO ]:  | | >IP: 127.0.0.1:10124
[19/05/22 09:16:14:5495817] [INFO ]:  | | >Fill Level: 0/2
[19/05/22 09:16:14:5500047] [INFO ]:  |
[19/05/22 09:16:14:5504035] [INFO ]: Matchmaker [0ms]:
[19/05/22 09:16:14:5508107] [INFO ]:  | >IP: 127.0.0.1:6106
[19/05/22 09:16:14:5512686] [INFO ]:  | >Queue Length: 0
[19/05/22 09:16:14:5517298] [INFO ]:  |
[19/05/22 09:16:14:5521562] [INFO ]: Game Servers [0ms]: 
[19/05/22 09:16:14:5526032] [INFO ]:  | Game Server [0] [0ms]: 
[19/05/22 09:16:14:5530109] [INFO ]:  | | >IP: 127.0.0.1:20123
[19/05/22 09:16:14:5534203] [INFO ]:  | | >Fill Level: 0/2
[19/05/22 09:16:14:5538352] [INFO ]: ----------INFO ENDS----------
[19/05/22 09:16:15:6173305] [INFO+]: ----------INFO START----------
[19/05/22 09:16:15:6188917] [INFO ]: Full update took [0ms]
[19/05/22 09:16:15:6201538] [INFO ]: Starting Lobby Servers took [0ms]
[19/05/22 09:16:15:6212657] [INFO ]: Stopping Lobby Servers took [0ms]
[19/05/22 09:16:15:6220014] [INFO ]: Starting Game Servers took [0ms]
[19/05/22 09:16:15:6229492] [INFO ]: Starting Game Servers took [0ms]
[19/05/22 09:16:15:6237961] [INFO ]: 
[19/05/22 09:16:15:6244719] [INFO ]: Server Spooler:
[19/05/22 09:16:15:6253032] [INFO ]:  | >IP: 127.0.0.1:5105
[19/05/22 09:16:15:6261641] [INFO ]:  |
[19/05/22 09:16:15:6270780] [INFO ]: Load Balancer [0ms]:
[19/05/22 09:16:15:6278458] [INFO ]:  | >IP: 127.0.0.1:7107
[19/05/22 09:16:15:6286282] [INFO ]:  | >Queue Length: 0
[19/05/22 09:16:15:6293884] [INFO ]:  |
[19/05/22 09:16:15:6302024] [INFO ]: Lobby Servers [0ms]: 
[19/05/22 09:16:15:6309754] [INFO ]:  | Lobby Server [0] [0ms]: 
[19/05/22 09:16:15:6320499] [INFO ]:  | | >IP: 127.0.0.1:10123
[19/05/22 09:16:15:6328297] [INFO ]:  | | >Fill Level: 1/2
[19/05/22 09:16:15:6336182] [INFO ]:  | Lobby Server [1] [0ms]: 
[19/05/22 09:16:15:6343705] [INFO ]:  | | >IP: 127.0.0.1:10124
[19/05/22 09:16:15:6351504] [INFO ]:  | | >Fill Level: 0/2
[19/05/22 09:16:15:6359273] [INFO ]:  |
[19/05/22 09:16:15:6366555] [INFO ]: Matchmaker [0ms]:
[19/05/22 09:16:15:6377407] [INFO ]:  | >IP: 127.0.0.1:6106
[19/05/22 09:16:15:6385024] [INFO ]:  | >Queue Length: 0
[19/05/22 09:16:15:6394525] [INFO ]:  |
[19/05/22 09:16:15:6402654] [INFO ]: Game Servers [0ms]: 
[19/05/22 09:16:15:6410335] [INFO ]:  | Game Server [0] [0ms]: 
[19/05/22 09:16:15:6418528] [INFO ]:  | | >IP: 127.0.0.1:20123
[19/05/22 09:16:15:6426274] [INFO ]:  | | >Fill Level: 0/2
[19/05/22 09:16:15:6434554] [INFO ]: ----------INFO ENDS----------
[19/05/22 09:16:16:6671723] [INFO+]: ----------INFO START----------
[19/05/22 09:16:16:6685289] [INFO ]: Full update took [0ms]
[19/05/22 09:16:16:6692302] [INFO ]: Starting Lobby Servers took [0ms]
[19/05/22 09:16:16:6698812] [INFO ]: Stopping Lobby Servers took [0ms]
[19/05/22 09:16:16:6708631] [INFO ]: Starting Game Servers took [0ms]
[19/05/22 09:16:16:6715395] [INFO ]: Starting Game Servers took [0ms]
[19/05/22 09:16:16:6723932] [INFO ]: 
[19/05/22 09:16:16:6730675] [INFO ]: Server Spooler:
[19/05/22 09:16:16:6737030] [INFO ]:  | >IP: 127.0.0.1:5105
[19/05/22 09:16:16:6743259] [INFO ]:  |
[19/05/22 09:16:16:6752521] [INFO ]: Load Balancer [0ms]:
[19/05/22 09:16:16:6760032] [INFO ]:  | >IP: 127.0.0.1:7107
[19/05/22 09:16:16:6767213] [INFO ]:  | >Queue Length: 0
[19/05/22 09:16:16:6774022] [INFO ]:  |
[19/05/22 09:16:16:6780250] [INFO ]: Lobby Servers [0ms]: 
[19/05/22 09:16:16:6787072] [INFO ]:  | Lobby Server [0] [0ms]: 
[19/05/22 09:16:16:6793842] [INFO ]:  | | >IP: 127.0.0.1:10123
[19/05/22 09:16:16:6800098] [INFO ]:  | | >Fill Level: 1/2
[19/05/22 09:16:16:6809209] [INFO ]:  | Lobby Server [1] [0ms]: 
[19/05/22 09:16:16:6816122] [INFO ]:  | | >IP: 127.0.0.1:10124
[19/05/22 09:16:16:6822770] [INFO ]:  | | >Fill Level: 0/2
[19/05/22 09:16:16:6829265] [INFO ]:  |
[19/05/22 09:16:16:6835640] [INFO ]: Matchmaker [0ms]:
[19/05/22 09:16:16:6842131] [INFO ]:  | >IP: 127.0.0.1:6106
[19/05/22 09:16:16:6851379] [INFO ]:  | >Queue Length: 0
[19/05/22 09:16:16:6857848] [INFO ]:  |
[19/05/22 09:16:16:6864294] [INFO ]: Game Servers [0ms]: 
[19/05/22 09:16:16:6872318] [INFO ]:  | Game Server [0] [0ms]: 
[19/05/22 09:16:16:6880488] [INFO ]:  | | >IP: 127.0.0.1:20123
[19/05/22 09:16:16:6886836] [INFO ]:  | | >Fill Level: 0/2
[19/05/22 09:16:16:6893802] [INFO ]: ----------INFO ENDS----------
[19/05/22 09:16:17:6945432] [INFO+]: ----------INFO START----------
[19/05/22 09:16:17:6960812] [INFO ]: Full update took [0ms]
[19/05/22 09:16:17:6976061] [INFO ]: Starting Lobby Servers took [0ms]
[19/05/22 09:16:17:6990985] [INFO ]: Stopping Lobby Servers took [0ms]
[19/05/22 09:16:17:7005761] [INFO ]: Starting Game Servers took [0ms]
[19/05/22 09:16:17:7020262] [INFO ]: Starting Game Servers took [0ms]
[19/05/22 09:16:17:7075044] [INFO ]: 
[19/05/22 09:16:17:7082939] [INFO ]: Server Spooler:
[19/05/22 09:16:17:7090739] [INFO ]:  | >IP: 127.0.0.1:5105
[19/05/22 09:16:17:7098242] [INFO ]:  |
[19/05/22 09:16:17:7105481] [INFO ]: Load Balancer [0ms]:
[19/05/22 09:16:17:7112984] [INFO ]:  | >IP: 127.0.0.1:7107
[19/05/22 09:16:17:7120087] [INFO ]:  | >Queue Length: 0
[19/05/22 09:16:17:7128063] [INFO ]:  |
[19/05/22 09:16:17:7135688] [INFO ]: Lobby Servers [0ms]: 
[19/05/22 09:16:17:7143077] [INFO ]:  | Lobby Server [0] [0ms]: 
[19/05/22 09:16:17:7150544] [INFO ]:  | | >IP: 127.0.0.1:10123
[19/05/22 09:16:17:7157967] [INFO ]:  | | >Fill Level: 1/2
[19/05/22 09:16:17:7164699] [INFO ]:  | Lobby Server [1] [0ms]: 
[19/05/22 09:16:17:7171434] [INFO ]:  | | >IP: 127.0.0.1:10124
[19/05/22 09:16:17:7178411] [INFO ]:  | | >Fill Level: 0/2
[19/05/22 09:16:17:7186391] [INFO ]:  |
[19/05/22 09:16:17:7193765] [INFO ]: Matchmaker [0ms]:
[19/05/22 09:16:17:7200893] [INFO ]:  | >IP: 127.0.0.1:6106
[19/05/22 09:16:17:7216261] [INFO ]:  | >Queue Length: 0
[19/05/22 09:16:17:7223431] [INFO ]:  |
[19/05/22 09:16:17:7230764] [INFO ]: Game Servers [0ms]: 
[19/05/22 09:16:17:7238248] [INFO ]:  | Game Server [0] [0ms]: 
[19/05/22 09:16:17:7245283] [INFO ]:  | | >IP: 127.0.0.1:20123
[19/05/22 09:16:17:7252327] [INFO ]:  | | >Fill Level: 0/2
[19/05/22 09:16:17:7260305] [INFO ]: ----------INFO ENDS----------
[19/05/22 09:16:18:7362891] [INFO+]: ----------INFO START----------
[19/05/22 09:16:18:7371325] [INFO ]: Full update took [0ms]
[19/05/22 09:16:18:7379716] [INFO ]: Starting Lobby Servers took [0ms]
[19/05/22 09:16:18:7389838] [INFO ]: Stopping Lobby Servers took [0ms]
[19/05/22 09:16:18:7394406] [INFO ]: Starting Game Servers took [0ms]
[19/05/22 09:16:18:7399067] [INFO ]: Starting Game Servers took [0ms]
[19/05/22 09:16:18:7404406] [INFO ]: 
[19/05/22 09:16:18:7408880] [INFO ]: Server Spooler:
[19/05/22 09:16:18:7413014] [INFO ]:  | >IP: 127.0.0.1:5105
[19/05/22 09:16:18:7417130] [INFO ]:  |
[19/05/22 09:16:18:7421275] [INFO ]: Load Balancer [0ms]:
[19/05/22 09:16:18:7425564] [INFO ]:  | >IP: 127.0.0.1:7107
[19/05/22 09:16:18:7429915] [INFO ]:  | >Queue Length: 0
[19/05/22 09:16:18:7434002] [INFO ]:  |
[19/05/22 09:16:18:7438583] [INFO ]: Lobby Servers [0ms]: 
[19/05/22 09:16:18:7442754] [INFO ]:  | Lobby Server [0] [0ms]: 
[19/05/22 09:16:18:7447030] [INFO ]:  | | >IP: 127.0.0.1:10123
[19/05/22 09:16:18:7451317] [INFO ]:  | | >Fill Level: 1/2
[19/05/22 09:16:18:7455318] [INFO ]:  | Lobby Server [1] [0ms]: 
[19/05/22 09:16:18:7459387] [INFO ]:  | | >IP: 127.0.0.1:10124
[19/05/22 09:16:18:7463572] [INFO ]:  | | >Fill Level: 0/2
[19/05/22 09:16:18:7467682] [INFO ]:  |
[19/05/22 09:16:18:7471587] [INFO ]: Matchmaker [0ms]:
[19/05/22 09:16:18:7475688] [INFO ]:  | >IP: 127.0.0.1:6106
[19/05/22 09:16:18:7479570] [INFO ]:  | >Queue Length: 0
[19/05/22 09:16:18:7483529] [INFO ]:  |
[19/05/22 09:16:18:7487508] [INFO ]: Game Servers [0ms]: 
[19/05/22 09:16:18:7491450] [INFO ]:  | Game Server [0] [0ms]: 
[19/05/22 09:16:18:7495499] [INFO ]:  | | >IP: 127.0.0.1:20123
[19/05/22 09:16:18:7499539] [INFO ]:  | | >Fill Level: 0/2
[19/05/22 09:16:18:7503910] [INFO ]: ----------INFO ENDS----------
[19/05/22 09:16:19:7709332] [INFO+]: ----------INFO START----------
[19/05/22 09:16:19:7736801] [INFO ]: Full update took [0ms]
[19/05/22 09:16:19:7758801] [INFO ]: Starting Lobby Servers took [0ms]
[19/05/22 09:16:19:7766773] [INFO ]: Stopping Lobby Servers took [0ms]
[19/05/22 09:16:19:7774735] [INFO ]: Starting Game Servers took [0ms]
[19/05/22 09:16:19:7782898] [INFO ]: Starting Game Servers took [0ms]
[19/05/22 09:16:19:7793334] [INFO ]: 
[19/05/22 09:16:19:7801070] [INFO ]: Server Spooler:
[19/05/22 09:16:19:7808657] [INFO ]:  | >IP: 127.0.0.1:5105
[19/05/22 09:16:19:7815920] [INFO ]:  |
[19/05/22 09:16:19:7824587] [INFO ]: Load Balancer [0ms]:
[19/05/22 09:16:19:7831317] [INFO ]:  | >IP: 127.0.0.1:7107
[19/05/22 09:16:19:7839435] [INFO ]:  | >Queue Length: 0
[19/05/22 09:16:19:7846671] [INFO ]:  |
[19/05/22 09:16:19:7853584] [INFO ]: Lobby Servers [0ms]: 
[19/05/22 09:16:19:7864314] [INFO ]:  | Lobby Server [0] [0ms]: 
[19/05/22 09:16:19:7876957] [INFO ]:  | | >IP: 127.0.0.1:10123
[19/05/22 09:16:19:7888141] [INFO ]:  | | >Fill Level: 1/2
[19/05/22 09:16:19:7909144] [INFO ]:  | Lobby Server [1] [0ms]: 
[19/05/22 09:16:19:7920093] [INFO ]:  | | >IP: 127.0.0.1:10124
[19/05/22 09:16:19:7927662] [INFO ]:  | | >Fill Level: 0/2
[19/05/22 09:16:19:7935614] [INFO ]:  |
[19/05/22 09:16:19:7943234] [INFO ]: Matchmaker [0ms]:
[19/05/22 09:16:19:7955940] [INFO ]:  | >IP: 127.0.0.1:6106
[19/05/22 09:16:19:7963329] [INFO ]:  | >Queue Length: 0
[19/05/22 09:16:19:7971220] [INFO ]:  |
[19/05/22 09:16:19:7978711] [INFO ]: Game Servers [0ms]: 
[19/05/22 09:16:19:7986240] [INFO ]:  | Game Server [0] [0ms]: 
[19/05/22 09:16:19:7994763] [INFO ]:  | | >IP: 127.0.0.1:20123
[19/05/22 09:16:19:8002864] [INFO ]:  | | >Fill Level: 0/2
[19/05/22 09:16:19:8011340] [INFO ]: ----------INFO ENDS----------
[19/05/22 09:16:20:8359050] [INFO+]: ----------INFO START----------
[19/05/22 09:16:20:8407076] [INFO ]: Full update took [0ms]
[19/05/22 09:16:20:8416483] [INFO ]: Starting Lobby Servers took [0ms]
[19/05/22 09:16:20:8424769] [INFO ]: Stopping Lobby Servers took [0ms]
[19/05/22 09:16:20:8433173] [INFO ]: Starting Game Servers took [0ms]
[19/05/22 09:16:20:8441351] [INFO ]: Starting Game Servers took [0ms]
[19/05/22 09:16:20:8449756] [INFO ]: 
[19/05/22 09:16:20:8458237] [INFO ]: Server Spooler:
[19/05/22 09:16:20:8466021] [INFO ]:  | >IP: 127.0.0.1:5105
[19/05/22 09:16:20:8473468] [INFO ]:  |
[19/05/22 09:16:20:8481053] [INFO ]: Load Balancer [0ms]:
[19/05/22 09:16:20:8488632] [INFO ]:  | >IP: 127.0.0.1:7107
[19/05/22 09:16:20:8496749] [INFO ]:  | >Queue Length: 0
[19/05/22 09:16:20:8504458] [INFO ]:  |
[19/05/22 09:16:20:8512200] [INFO ]: Lobby Servers [0ms]: 
[19/05/22 09:16:20:8520843] [INFO ]:  | Lobby Server [0] [0ms]: 
[19/05/22 09:16:20:8532233] [INFO ]:  | | >IP: 127.0.0.1:10123
[19/05/22 09:16:20:8550302] [INFO ]:  | | >Fill Level: 1/2
[19/05/22 09:16:20:8566086] [INFO ]:  | Lobby Server [1] [0ms]: 
[19/05/22 09:16:20:8574136] [INFO ]:  | | >IP: 127.0.0.1:10124
[19/05/22 09:16:20:8582022] [INFO ]:  | | >Fill Level: 0/2
[19/05/22 09:16:20:8590505] [INFO ]:  |
[19/05/22 09:16:20:8600503] [INFO ]: Matchmaker [0ms]:
[19/05/22 09:16:20:8607529] [INFO ]:  | >IP: 127.0.0.1:6106
[19/05/22 09:16:20:8615233] [INFO ]:  | >Queue Length: 0
[19/05/22 09:16:20:8623257] [INFO ]:  |
[19/05/22 09:16:20:8630975] [INFO ]: Game Servers [0ms]: 
[19/05/22 09:16:20:8638734] [INFO ]:  | Game Server [0] [0ms]: 
[19/05/22 09:16:20:8646633] [INFO ]:  | | >IP: 127.0.0.1:20123
[19/05/22 09:16:20:8654739] [INFO ]:  | | >Fill Level: 0/2
[19/05/22 09:16:20:8663479] [INFO ]: ----------INFO ENDS----------
[19/05/22 09:16:21:9060589] [INFO+]: ----------INFO START----------
[19/05/22 09:16:21:9070868] [INFO ]: Full update took [0ms]
[19/05/22 09:16:21:9079948] [INFO ]: Starting Lobby Servers took [0ms]
[19/05/22 09:16:21:9086416] [INFO ]: Stopping Lobby Servers took [0ms]
[19/05/22 09:16:21:9089275] [INFO ]: Starting Game Servers took [0ms]
[19/05/22 09:16:21:9092179] [INFO ]: Starting Game Servers took [0ms]
[19/05/22 09:16:21:9095249] [INFO ]: 
[19/05/22 09:16:21:9098126] [INFO ]: Server Spooler:
[19/05/22 09:16:21:9100808] [INFO ]:  | >IP: 127.0.0.1:5105
[19/05/22 09:16:21:9103489] [INFO ]:  |
[19/05/22 09:16:21:9106074] [INFO ]: Load Balancer [0ms]:
[19/05/22 09:16:21:9108746] [INFO ]:  | >IP: 127.0.0.1:7107
[19/05/22 09:16:21:9111372] [INFO ]:  | >Queue Length: 0
[19/05/22 09:16:21:9114121] [INFO ]:  |
[19/05/22 09:16:21:9116745] [INFO ]: Lobby Servers [0ms]: 
[19/05/22 09:16:21:9119638] [INFO ]:  | Lobby Server [0] [0ms]: 
[19/05/22 09:16:21:9122311] [INFO ]:  | | >IP: 127.0.0.1:10123
[19/05/22 09:16:21:9125049] [INFO ]:  | | >Fill Level: 1/2
[19/05/22 09:16:21:9127826] [INFO ]:  | Lobby Server [1] [0ms]: 
[19/05/22 09:16:21:9130422] [INFO ]:  | | >IP: 127.0.0.1:10124
[19/05/22 09:16:21:9133198] [INFO ]:  | | >Fill Level: 0/2
[19/05/22 09:16:21:9135836] [INFO ]:  |
[19/05/22 09:16:21:9138365] [INFO ]: Matchmaker [0ms]:
[19/05/22 09:16:21:9140939] [INFO ]:  | >IP: 127.0.0.1:6106
[19/05/22 09:16:21:9143531] [INFO ]:  | >Queue Length: 0
[19/05/22 09:16:21:9146172] [INFO ]:  |
[19/05/22 09:16:21:9148834] [INFO ]: Game Servers [0ms]: 
[19/05/22 09:16:21:9151408] [INFO ]:  | Game Server [0] [0ms]: 
[19/05/22 09:16:21:9154140] [INFO ]:  | | >IP: 127.0.0.1:20123
[19/05/22 09:16:21:9156799] [INFO ]:  | | >Fill Level: 0/2
[19/05/22 09:16:21:9159397] [INFO ]: ----------INFO ENDS----------
[19/05/22 09:16:22:9399593] [INFO+]: ----------INFO START----------
[19/05/22 09:16:22:9409640] [INFO ]: Full update took [0ms]
[19/05/22 09:16:22:9417325] [INFO ]: Starting Lobby Servers took [0ms]
[19/05/22 09:16:22:9428810] [INFO ]: Stopping Lobby Servers took [0ms]
[19/05/22 09:16:22:9436510] [INFO ]: Starting Game Servers took [0ms]
[19/05/22 09:16:22:9444184] [INFO ]: Starting Game Servers took [0ms]
[19/05/22 09:16:22:9451652] [INFO ]: 
[19/05/22 09:16:22:9459117] [INFO ]: Server Spooler:
[19/05/22 09:16:22:9466547] [INFO ]:  | >IP: 127.0.0.1:5105
[19/05/22 09:16:22:9473996] [INFO ]:  |
[19/05/22 09:16:22:9481471] [INFO ]: Load Balancer [0ms]:
[19/05/22 09:16:22:9488872] [INFO ]:  | >IP: 127.0.0.1:7107
[19/05/22 09:16:22:9496415] [INFO ]:  | >Queue Length: 0
[19/05/22 09:16:22:9503622] [INFO ]:  |
[19/05/22 09:16:22:9511619] [INFO ]: Lobby Servers [0ms]: 
[19/05/22 09:16:22:9523289] [INFO ]:  | Lobby Server [0] [0ms]: 
[19/05/22 09:16:22:9535926] [INFO ]:  | | >IP: 127.0.0.1:10123
[19/05/22 09:16:22:9545049] [INFO ]:  | | >Fill Level: 1/2
[19/05/22 09:16:22:9556481] [INFO ]:  | Lobby Server [1] [0ms]: 
[19/05/22 09:16:22:9563948] [INFO ]:  | | >IP: 127.0.0.1:10124
[19/05/22 09:16:22:9571283] [INFO ]:  | | >Fill Level: 0/2
[19/05/22 09:16:22:9579301] [INFO ]:  |
[19/05/22 09:16:22:9588194] [INFO ]: Matchmaker [0ms]:
[19/05/22 09:16:22:9595872] [INFO ]:  | >IP: 127.0.0.1:6106
[19/05/22 09:16:22:9603726] [INFO ]:  | >Queue Length: 0
[19/05/22 09:16:22:9610689] [INFO ]:  |
[19/05/22 09:16:22:9617676] [INFO ]: Game Servers [0ms]: 
[19/05/22 09:16:22:9624820] [INFO ]:  | Game Server [0] [0ms]: 
[19/05/22 09:16:22:9632580] [INFO ]:  | | >IP: 127.0.0.1:20123
[19/05/22 09:16:22:9640052] [INFO ]:  | | >Fill Level: 0/2
[19/05/22 09:16:22:9650687] [INFO ]: ----------INFO ENDS----------
[19/05/22 09:16:23:7141724] [INFO ]: Starting game server 1 on port 20124
[19/05/22 09:16:23:7593921] [INFO ]: Accepting client
[19/05/22 09:16:23:7637071] [INFO ]: Accepting connection
[19/05/22 09:16:24:0283806] [INFO ]: Connection established
[19/05/22 09:16:24:0299214] [INFO+]: ----------INFO START----------
[19/05/22 09:16:24:0307037] [INFO ]: Full update took [0ms]
[19/05/22 09:16:24:0315965] [INFO ]: Starting Lobby Servers took [0ms]
[19/05/22 09:16:24:0319767] [INFO ]: Stopping Lobby Servers took [0ms]
[19/05/22 09:16:24:0326498] [INFO ]: Starting Game Servers took [315ms]
[19/05/22 09:16:24:0331842] [INFO ]: Starting Game Servers took [0ms]
[19/05/22 09:16:24:0336056] [INFO ]: 
[19/05/22 09:16:24:0341509] [INFO ]: Server Spooler:
[19/05/22 09:16:24:0344056] [INFO ]:  | >IP: 127.0.0.1:5105
[19/05/22 09:16:24:0346029] [INFO ]:  |
[19/05/22 09:16:24:0349731] [INFO ]: Load Balancer [0ms]:
[19/05/22 09:16:24:0352708] [INFO ]:  | >IP: 127.0.0.1:7107
[19/05/22 09:16:24:0368323] [INFO ]:  | >Queue Length: 0
[19/05/22 09:16:24:0403795] [INFO ]:  |
[19/05/22 09:16:24:0410257] [INFO ]: Lobby Servers [0ms]: 
[19/05/22 09:16:24:0416887] [INFO ]:  | Lobby Server [1] [0ms]: 
[19/05/22 09:16:24:0420586] [INFO ]:  | | >IP: 127.0.0.1:10124
[19/05/22 09:16:24:0424215] [INFO ]:  | | >Fill Level: 0/2
[19/05/22 09:16:24:0427574] [INFO ]:  |
[19/05/22 09:16:24:0432394] [INFO ]: Matchmaker [0ms]:
[19/05/22 09:16:24:0437733] [INFO ]:  | >IP: 127.0.0.1:6106
[19/05/22 09:16:24:0443964] [INFO ]:  | >Queue Length: 0
[19/05/22 09:16:24:0451174] [INFO ]:  |
[19/05/22 09:16:24:0462421] [INFO ]: Game Servers [0ms]: 
[19/05/22 09:16:24:0470348] [INFO ]:  | Game Server [0] [0ms]: 
[19/05/22 09:16:24:0476157] [INFO ]:  | | >IP: 127.0.0.1:20123
[19/05/22 09:16:24:0481627] [INFO ]:  | | >Fill Level: 1/2
[19/05/22 09:16:24:0486793] [INFO ]:  | Game Server [1] [0ms]: 
[19/05/22 09:16:24:0492164] [INFO ]:  | | >IP: 127.0.0.1:20124
[19/05/22 09:16:24:0497385] [INFO ]:  | | >Fill Level: 0/2
[19/05/22 09:16:24:0503304] [INFO ]: ----------INFO ENDS----------
[19/05/22 09:16:25:0904582] [INFO+]: ----------INFO START----------
[19/05/22 09:16:25:0918698] [INFO ]: Full update took [0ms]
[19/05/22 09:16:25:0926163] [INFO ]: Starting Lobby Servers took [0ms]
[19/05/22 09:16:25:0934441] [INFO ]: Stopping Lobby Servers took [0ms]
[19/05/22 09:16:25:0942698] [INFO ]: Starting Game Servers took [0ms]
[19/05/22 09:16:25:0950721] [INFO ]: Starting Game Servers took [0ms]
[19/05/22 09:16:25:0958554] [INFO ]: 
[19/05/22 09:16:25:0966014] [INFO ]: Server Spooler:
[19/05/22 09:16:25:0973610] [INFO ]:  | >IP: 127.0.0.1:5105
[19/05/22 09:16:25:0981616] [INFO ]:  |
[19/05/22 09:16:25:0989368] [INFO ]: Load Balancer [0ms]:
[19/05/22 09:16:25:0997554] [INFO ]:  | >IP: 127.0.0.1:7107
[19/05/22 09:16:25:1005319] [INFO ]:  | >Queue Length: 0
[19/05/22 09:16:25:1012634] [INFO ]:  |
[19/05/22 09:16:25:1022993] [INFO ]: Lobby Servers [0ms]: 
[19/05/22 09:16:25:1030266] [INFO ]:  | Lobby Server [1] [0ms]: 
[19/05/22 09:16:25:1039467] [INFO ]:  | | >IP: 127.0.0.1:10124
[19/05/22 09:16:25:1052839] [INFO ]:  | | >Fill Level: 0/2
[19/05/22 09:16:25:1060694] [INFO ]:  |
[19/05/22 09:16:25:1068335] [INFO ]: Matchmaker [0ms]:
[19/05/22 09:16:25:1076123] [INFO ]:  | >IP: 127.0.0.1:6106
[19/05/22 09:16:25:1083403] [INFO ]:  | >Queue Length: 0
[19/05/22 09:16:25:1092245] [INFO ]:  |
[19/05/22 09:16:25:1100444] [INFO ]: Game Servers [0ms]: 
[19/05/22 09:16:25:1107606] [INFO ]:  | Game Server [0] [0ms]: 
[19/05/22 09:16:25:1115900] [INFO ]:  | | >IP: 127.0.0.1:20123
[19/05/22 09:16:25:1123959] [INFO ]:  | | >Fill Level: 1/2
[19/05/22 09:16:25:1131801] [INFO ]:  | Game Server [1] [0ms]: 
[19/05/22 09:16:25:1142047] [INFO ]:  | | >IP: 127.0.0.1:20124
[19/05/22 09:16:25:1149651] [INFO ]:  | | >Fill Level: 0/2
[19/05/22 09:16:25:1158086] [INFO ]: ----------INFO ENDS----------
[19/05/22 09:16:26:1335726] [INFO+]: ----------INFO START----------
[19/05/22 09:16:26:1355547] [INFO ]: Full update took [0ms]
[19/05/22 09:16:26:1365342] [INFO ]: Starting Lobby Servers took [0ms]
[19/05/22 09:16:26:1378118] [INFO ]: Stopping Lobby Servers took [0ms]
[19/05/22 09:16:26:1386015] [INFO ]: Starting Game Servers took [0ms]
[19/05/22 09:16:26:1393862] [INFO ]: Starting Game Servers took [0ms]
[19/05/22 09:16:26:1401263] [INFO ]: 
[19/05/22 09:16:26:1408725] [INFO ]: Server Spooler:
[19/05/22 09:16:26:1415907] [INFO ]:  | >IP: 127.0.0.1:5105
[19/05/22 09:16:26:1423947] [INFO ]:  |
[19/05/22 09:16:26:1431726] [INFO ]: Load Balancer [0ms]:
[19/05/22 09:16:26:1439271] [INFO ]:  | >IP: 127.0.0.1:7107
[19/05/22 09:16:26:1447467] [INFO ]:  | >Queue Length: 0
[19/05/22 09:16:26:1455074] [INFO ]:  |
[19/05/22 09:16:26:1462833] [INFO ]: Lobby Servers [0ms]: 
[19/05/22 09:16:26:1470679] [INFO ]:  | Lobby Server [1] [0ms]: 
[19/05/22 09:16:26:1478234] [INFO ]:  | | >IP: 127.0.0.1:10124
[19/05/22 09:16:26:1485542] [INFO ]:  | | >Fill Level: 0/2
[19/05/22 09:16:26:1493271] [INFO ]:  |
[19/05/22 09:16:26:1503704] [INFO ]: Matchmaker [0ms]:
[19/05/22 09:16:26:1510866] [INFO ]:  | >IP: 127.0.0.1:6106
[19/05/22 09:16:26:1523769] [INFO ]:  | >Queue Length: 0
[19/05/22 09:16:26:1531157] [INFO ]:  |
[19/05/22 09:16:26:1538160] [INFO ]: Game Servers [0ms]: 
[19/05/22 09:16:26:1546056] [INFO ]:  | Game Server [0] [0ms]: 
[19/05/22 09:16:26:1553437] [INFO ]:  | | >IP: 127.0.0.1:20123
[19/05/22 09:16:26:1561636] [INFO ]:  | | >Fill Level: 1/2
[19/05/22 09:16:26:1569513] [INFO ]:  | Game Server [1] [0ms]: 
[19/05/22 09:16:26:1577423] [INFO ]:  | | >IP: 127.0.0.1:20124
[19/05/22 09:16:26:1584957] [INFO ]:  | | >Fill Level: 0/2
[19/05/22 09:16:26:1592746] [INFO ]: ----------INFO ENDS----------
[19/05/22 09:16:27:1641191] [INFO+]: ----------INFO START----------
[19/05/22 09:16:27:1659017] [INFO ]: Full update took [0ms]
[19/05/22 09:16:27:1666835] [INFO ]: Starting Lobby Servers took [0ms]
[19/05/22 09:16:27:1676062] [INFO ]: Stopping Lobby Servers took [0ms]
[19/05/22 09:16:27:1686942] [INFO ]: Starting Game Servers took [0ms]
[19/05/22 09:16:27:1697618] [INFO ]: Starting Game Servers took [0ms]
[19/05/22 09:16:27:1708833] [INFO ]: 
[19/05/22 09:16:27:1723820] [INFO ]: Server Spooler:
[19/05/22 09:16:27:1740101] [INFO ]:  | >IP: 127.0.0.1:5105
[19/05/22 09:16:27:1747466] [INFO ]:  |
[19/05/22 09:16:27:1755208] [INFO ]: Load Balancer [0ms]:
[19/05/22 09:16:27:1764424] [INFO ]:  | >IP: 127.0.0.1:7107
[19/05/22 09:16:27:1772678] [INFO ]:  | >Queue Length: 0
[19/05/22 09:16:27:1780082] [INFO ]:  |
[19/05/22 09:16:27:1787276] [INFO ]: Lobby Servers [0ms]: 
[19/05/22 09:16:27:1794651] [INFO ]:  | Lobby Server [1] [0ms]: 
[19/05/22 09:16:27:1807019] [INFO ]:  | | >IP: 127.0.0.1:10124
[19/05/22 09:16:27:1814667] [INFO ]:  | | >Fill Level: 0/2
[19/05/22 09:16:27:1821877] [INFO ]:  |
[19/05/22 09:16:27:1829537] [INFO ]: Matchmaker [0ms]:
[19/05/22 09:16:27:1837801] [INFO ]:  | >IP: 127.0.0.1:6106
[19/05/22 09:16:27:1845330] [INFO ]:  | >Queue Length: 0
[19/05/22 09:16:27:1862025] [INFO ]:  |
[19/05/22 09:16:27:1871745] [INFO ]: Game Servers [0ms]: 
[19/05/22 09:16:27:1887899] [INFO ]:  | Game Server [0] [0ms]: 
[19/05/22 09:16:27:1896079] [INFO ]:  | | >IP: 127.0.0.1:20123
[19/05/22 09:16:27:1903903] [INFO ]:  | | >Fill Level: 1/2
[19/05/22 09:16:27:1911316] [INFO ]:  | Game Server [1] [0ms]: 
[19/05/22 09:16:27:1918442] [INFO ]:  | | >IP: 127.0.0.1:20124
[19/05/22 09:16:27:1925564] [INFO ]:  | | >Fill Level: 0/2
[19/05/22 09:16:27:1932937] [INFO ]: ----------INFO ENDS----------
[19/05/22 09:16:28:2716351] [INFO+]: ----------INFO START----------
[19/05/22 09:16:28:2719524] [INFO ]: Full update took [0ms]
[19/05/22 09:16:28:2721275] [INFO ]: Starting Lobby Servers took [0ms]
[19/05/22 09:16:28:2723507] [INFO ]: Stopping Lobby Servers took [0ms]
[19/05/22 09:16:28:2725774] [INFO ]: Starting Game Servers took [0ms]
[19/05/22 09:16:28:2727894] [INFO ]: Starting Game Servers took [105ms]
[19/05/22 09:16:28:2729828] [INFO ]: 
[19/05/22 09:16:28:2731951] [INFO ]: Server Spooler:
[19/05/22 09:16:28:2733835] [INFO ]:  | >IP: 127.0.0.1:5105
[19/05/22 09:16:28:2735605] [INFO ]:  |
[19/05/22 09:16:28:2737849] [INFO ]: Load Balancer [0ms]:
[19/05/22 09:16:28:2739938] [INFO ]:  | >IP: 127.0.0.1:7107
[19/05/22 09:16:28:2742067] [INFO ]:  | >Queue Length: 0
[19/05/22 09:16:28:2744906] [INFO ]:  |
[19/05/22 09:16:28:2747357] [INFO ]: Lobby Servers [0ms]: 
[19/05/22 09:16:28:2749492] [INFO ]:  | Lobby Server [1] [0ms]: 
[19/05/22 09:16:28:2751502] [INFO ]:  | | >IP: 127.0.0.1:10124
[19/05/22 09:16:28:2754040] [INFO ]:  | | >Fill Level: 0/2
[19/05/22 09:16:28:2756283] [INFO ]:  |
[19/05/22 09:16:28:2758435] [INFO ]: Matchmaker [0ms]:
[19/05/22 09:16:28:2760608] [INFO ]:  | >IP: 127.0.0.1:6106
[19/05/22 09:16:28:2762775] [INFO ]:  | >Queue Length: 0
[19/05/22 09:16:28:2764539] [INFO ]:  |
[19/05/22 09:16:28:2766318] [INFO ]: Game Servers [0ms]: 
[19/05/22 09:16:28:2768190] [INFO ]:  | Game Server [1] [0ms]: 
[19/05/22 09:16:28:2770460] [INFO ]:  | | >IP: 127.0.0.1:20124
[19/05/22 09:16:28:2772855] [INFO ]:  | | >Fill Level: 0/2
[19/05/22 09:16:28:2775168] [INFO ]: ----------INFO ENDS----------
[19/05/22 09:16:28:3310535] [INFO ]: Starting lobby 2 on port 10125
[19/05/22 09:16:28:3564873] [INFO ]: Accepting client
[19/05/22 09:16:28:3584776] [INFO ]: Accepting connection
[19/05/22 09:16:28:6224134] [INFO ]: Connection established
[19/05/22 09:16:29:3000356] [INFO+]: ----------INFO START----------
[19/05/22 09:16:29:3018467] [INFO ]: Full update took [0ms]
[19/05/22 09:16:29:3030258] [INFO ]: Starting Lobby Servers took [0ms]
[19/05/22 09:16:29:3039126] [INFO ]: Stopping Lobby Servers took [0ms]
[19/05/22 09:16:29:3047171] [INFO ]: Starting Game Servers took [0ms]
[19/05/22 09:16:29:3054888] [INFO ]: Starting Game Servers took [0ms]
[19/05/22 09:16:29:3063210] [INFO ]: 
[19/05/22 09:16:29:3071552] [INFO ]: Server Spooler:
[19/05/22 09:16:29:3079212] [INFO ]:  | >IP: 127.0.0.1:5105
[19/05/22 09:16:29:3086817] [INFO ]:  |
[19/05/22 09:16:29:3094423] [INFO ]: Load Balancer [0ms]:
[19/05/22 09:16:29:3102229] [INFO ]:  | >IP: 127.0.0.1:7107
[19/05/22 09:16:29:3109525] [INFO ]:  | >Queue Length: 0
[19/05/22 09:16:29:3117553] [INFO ]:  |
[19/05/22 09:16:29:3125724] [INFO ]: Lobby Servers [0ms]: 
[19/05/22 09:16:29:3132994] [INFO ]:  | Lobby Server [1] [0ms]: 
[19/05/22 09:16:29:3140621] [INFO ]:  | | >IP: 127.0.0.1:10124
[19/05/22 09:16:29:3148320] [INFO ]:  | | >Fill Level: 1/2
[19/05/22 09:16:29:3160529] [INFO ]:  | Lobby Server [2] [0ms]: 
[19/05/22 09:16:29:3167615] [INFO ]:  | | >IP: 127.0.0.1:10125
[19/05/22 09:16:29:3174708] [INFO ]:  | | >Fill Level: 0/2
[19/05/22 09:16:29:3191068] [INFO ]:  |
[19/05/22 09:16:29:3199414] [INFO ]: Matchmaker [0ms]:
[19/05/22 09:16:29:3206817] [INFO ]:  | >IP: 127.0.0.1:6106
[19/05/22 09:16:29:3214237] [INFO ]:  | >Queue Length: 0
[19/05/22 09:16:29:3221955] [INFO ]:  |
[19/05/22 09:16:29:3229102] [INFO ]: Game Servers [0ms]: 
[19/05/22 09:16:29:3236363] [INFO ]:  | Game Server [1] [0ms]: 
[19/05/22 09:16:29:3243648] [INFO ]:  | | >IP: 127.0.0.1:20124
[19/05/22 09:16:29:3250852] [INFO ]:  | | >Fill Level: 0/2
[19/05/22 09:16:29:3258131] [INFO ]: ----------INFO ENDS----------
[19/05/22 09:16:30:3496387] [INFO+]: ----------INFO START----------
[19/05/22 09:16:30:3520565] [INFO ]: Full update took [0ms]
[19/05/22 09:16:30:3529845] [INFO ]: Starting Lobby Servers took [0ms]
[19/05/22 09:16:30:3549590] [INFO ]: Stopping Lobby Servers took [0ms]
[19/05/22 09:16:30:3557534] [INFO ]: Starting Game Servers took [0ms]
[19/05/22 09:16:30:3565169] [INFO ]: Starting Game Servers took [0ms]
[19/05/22 09:16:30:3572757] [INFO ]: 
[19/05/22 09:16:30:3582909] [INFO ]: Server Spooler:
[19/05/22 09:16:30:3590196] [INFO ]:  | >IP: 127.0.0.1:5105
[19/05/22 09:16:30:3597753] [INFO ]:  |
[19/05/22 09:16:30:3605779] [INFO ]: Load Balancer [0ms]:
[19/05/22 09:16:30:3613815] [INFO ]:  | >IP: 127.0.0.1:7107
[19/05/22 09:16:30:3622310] [INFO ]:  | >Queue Length: 0
[19/05/22 09:16:30:3629976] [INFO ]:  |
[19/05/22 09:16:30:3642541] [INFO ]: Lobby Servers [0ms]: 
[19/05/22 09:16:30:3667777] [INFO ]:  | Lobby Server [1] [0ms]: 
[19/05/22 09:16:30:3695950] [INFO ]:  | | >IP: 127.0.0.1:10124
[19/05/22 09:16:30:3712791] [INFO ]:  | | >Fill Level: 1/2
[19/05/22 09:16:30:3724572] [INFO ]:  | Lobby Server [2] [0ms]: 
[19/05/22 09:16:30:3736023] [INFO ]:  | | >IP: 127.0.0.1:10125
[19/05/22 09:16:30:3746777] [INFO ]:  | | >Fill Level: 0/2
[19/05/22 09:16:30:3762881] [INFO ]:  |
[19/05/22 09:16:30:3772118] [INFO ]: Matchmaker [0ms]:
[19/05/22 09:16:30:3781815] [INFO ]:  | >IP: 127.0.0.1:6106
[19/05/22 09:16:30:3792850] [INFO ]:  | >Queue Length: 0
[19/05/22 09:16:30:3803573] [INFO ]:  |
[19/05/22 09:16:30:3812607] [INFO ]: Game Servers [0ms]: 
[19/05/22 09:16:30:3822036] [INFO ]:  | Game Server [1] [0ms]: 
[19/05/22 09:16:30:3852064] [INFO ]:  | | >IP: 127.0.0.1:20124
[19/05/22 09:16:30:3870023] [INFO ]:  | | >Fill Level: 0/2
[19/05/22 09:16:30:3890728] [INFO ]: ----------INFO ENDS----------
[19/05/22 09:16:31:4227868] [INFO+]: ----------INFO START----------
[19/05/22 09:16:31:4244663] [INFO ]: Full update took [0ms]
[19/05/22 09:16:31:4251909] [INFO ]: Starting Lobby Servers took [0ms]
[19/05/22 09:16:31:4260362] [INFO ]: Stopping Lobby Servers took [0ms]
[19/05/22 09:16:31:4268116] [INFO ]: Starting Game Servers took [0ms]
[19/05/22 09:16:31:4275856] [INFO ]: Starting Game Servers took [0ms]
[19/05/22 09:16:31:4283285] [INFO ]: 
[19/05/22 09:16:31:4290525] [INFO ]: Server Spooler:
[19/05/22 09:16:31:4297399] [INFO ]:  | >IP: 127.0.0.1:5105
[19/05/22 09:16:31:4304679] [INFO ]:  |
[19/05/22 09:16:31:4312095] [INFO ]: Load Balancer [0ms]:
[19/05/22 09:16:31:4319497] [INFO ]:  | >IP: 127.0.0.1:7107
[19/05/22 09:16:31:4327036] [INFO ]:  | >Queue Length: 0
[19/05/22 09:16:31:4335240] [INFO ]:  |
[19/05/22 09:16:31:4349092] [INFO ]: Lobby Servers [0ms]: 
[19/05/22 09:16:31:4357975] [INFO ]:  | Lobby Server [2] [0ms]: 
[19/05/22 09:16:31:4365357] [INFO ]:  | | >IP: 127.0.0.1:10125
[19/05/22 09:16:31:4372847] [INFO ]:  | | >Fill Level: 0/2
[19/05/22 09:16:31:4380298] [INFO ]:  |
[19/05/22 09:16:31:4387354] [INFO ]: Matchmaker [0ms]:
[19/05/22 09:16:31:4394873] [INFO ]:  | >IP: 127.0.0.1:6106
[19/05/22 09:16:31:4402339] [INFO ]:  | >Queue Length: 0
[19/05/22 09:16:31:4409539] [INFO ]:  |
[19/05/22 09:16:31:4416788] [INFO ]: Game Servers [0ms]: 
[19/05/22 09:16:31:4424002] [INFO ]:  | Game Server [1] [0ms]: 
[19/05/22 09:16:31:4432092] [INFO ]:  | | >IP: 127.0.0.1:20124
[19/05/22 09:16:31:4439148] [INFO ]:  | | >Fill Level: 0/2
[19/05/22 09:16:31:4447032] [INFO ]: ----------INFO ENDS----------
[19/05/22 09:16:32:4813788] [INFO+]: ----------INFO START----------
[19/05/22 09:16:32:4827976] [INFO ]: Full update took [0ms]
[19/05/22 09:16:32:4838765] [INFO ]: Starting Lobby Servers took [0ms]
[19/05/22 09:16:32:4847808] [INFO ]: Stopping Lobby Servers took [0ms]
[19/05/22 09:16:32:4857655] [INFO ]: Starting Game Servers took [0ms]
[19/05/22 09:16:32:4865635] [INFO ]: Starting Game Servers took [0ms]
[19/05/22 09:16:32:4872762] [INFO ]: 
[19/05/22 09:16:32:4882127] [INFO ]: Server Spooler:
[19/05/22 09:16:32:4891225] [INFO ]:  | >IP: 127.0.0.1:5105
[19/05/22 09:16:32:4899393] [INFO ]:  |
[19/05/22 09:16:32:4906916] [INFO ]: Load Balancer [0ms]:
[19/05/22 09:16:32:4914797] [INFO ]:  | >IP: 127.0.0.1:7107
[19/05/22 09:16:32:4922810] [INFO ]:  | >Queue Length: 0
[19/05/22 09:16:32:4930376] [INFO ]:  |
[19/05/22 09:16:32:4937617] [INFO ]: Lobby Servers [0ms]: 
[19/05/22 09:16:32:4945251] [INFO ]:  | Lobby Server [2] [0ms]: 
[19/05/22 09:16:32:4953106] [INFO ]:  | | >IP: 127.0.0.1:10125
[19/05/22 09:16:32:4960401] [INFO ]:  | | >Fill Level: 0/2
[19/05/22 09:16:32:4967416] [INFO ]:  |
[19/05/22 09:16:32:4982720] [INFO ]: Matchmaker [0ms]:
[19/05/22 09:16:32:4990694] [INFO ]:  | >IP: 127.0.0.1:6106
[19/05/22 09:16:32:4998087] [INFO ]:  | >Queue Length: 0
[19/05/22 09:16:32:5008294] [INFO ]:  |
[19/05/22 09:16:32:5015702] [INFO ]: Game Servers [0ms]: 
[19/05/22 09:16:32:5023081] [INFO ]:  | Game Server [1] [0ms]: 
[19/05/22 09:16:32:5031414] [INFO ]:  | | >IP: 127.0.0.1:20124
[19/05/22 09:16:32:5038798] [INFO ]:  | | >Fill Level: 0/2
[19/05/22 09:16:32:5046668] [INFO ]: ----------INFO ENDS----------
[19/05/22 09:16:33:5176789] [INFO+]: ----------INFO START----------
[19/05/22 09:16:33:5216062] [INFO ]: Full update took [0ms]
[19/05/22 09:16:33:5227313] [INFO ]: Starting Lobby Servers took [0ms]
[19/05/22 09:16:33:5234838] [INFO ]: Stopping Lobby Servers took [0ms]
[19/05/22 09:16:33:5242357] [INFO ]: Starting Game Servers took [0ms]
[19/05/22 09:16:33:5249564] [INFO ]: Starting Game Servers took [0ms]
[19/05/22 09:16:33:5257157] [INFO ]: 
[19/05/22 09:16:33:5264065] [INFO ]: Server Spooler:
[19/05/22 09:16:33:5272359] [INFO ]:  | >IP: 127.0.0.1:5105
[19/05/22 09:16:33:5280399] [INFO ]:  |
[19/05/22 09:16:33:5288720] [INFO ]: Load Balancer [0ms]:
[19/05/22 09:16:33:5297110] [INFO ]:  | >IP: 127.0.0.1:7107
[19/05/22 09:16:33:5305162] [INFO ]:  | >Queue Length: 0
[19/05/22 09:16:33:5313305] [INFO ]:  |
[19/05/22 09:16:33:5321620] [INFO ]: Lobby Servers [0ms]: 
[19/05/22 09:16:33:5329183] [INFO ]:  | Lobby Server [2] [0ms]: 
[19/05/22 09:16:33:5340254] [INFO ]:  | | >IP: 127.0.0.1:10125
[19/05/22 09:16:33:5347700] [INFO ]:  | | >Fill Level: 0/2
[19/05/22 09:16:33:5354849] [INFO ]:  |
[19/05/22 09:16:33:5362576] [INFO ]: Matchmaker [4ms]:
[19/05/22 09:16:33:5370002] [INFO ]:  | >IP: 127.0.0.1:6106
[19/05/22 09:16:33:5377765] [INFO ]:  | >Queue Length: 0
[19/05/22 09:16:33:5385042] [INFO ]:  |
[19/05/22 09:16:33:5392512] [INFO ]: Game Servers [0ms]: 
[19/05/22 09:16:33:5399766] [INFO ]:  | Game Server [1] [0ms]: 
[19/05/22 09:16:33:5406834] [INFO ]:  | | >IP: 127.0.0.1:20124
[19/05/22 09:16:33:5414589] [INFO ]:  | | >Fill Level: 0/2
[19/05/22 09:16:33:5422070] [INFO ]: ----------INFO ENDS----------
[19/05/22 09:16:34:5564033] [INFO+]: ----------INFO START----------
[19/05/22 09:16:34:5579309] [INFO ]: Full update took [0ms]
[19/05/22 09:16:34:5588021] [INFO ]: Starting Lobby Servers took [0ms]
[19/05/22 09:16:34:5595364] [INFO ]: Stopping Lobby Servers took [0ms]
[19/05/22 09:16:34:5603241] [INFO ]: Starting Game Servers took [0ms]
[19/05/22 09:16:34:5611379] [INFO ]: Starting Game Servers took [0ms]
[19/05/22 09:16:34:5619618] [INFO ]: 
[19/05/22 09:16:34:5627159] [INFO ]: Server Spooler:
[19/05/22 09:16:34:5633909] [INFO ]:  | >IP: 127.0.0.1:5105
[19/05/22 09:16:34:5640410] [INFO ]:  |
[19/05/22 09:16:34:5648348] [INFO ]: Load Balancer [0ms]:
[19/05/22 09:16:34:5656309] [INFO ]:  | >IP: 127.0.0.1:7107
[19/05/22 09:16:34:5666838] [INFO ]:  | >Queue Length: 0
[19/05/22 09:16:34:5674255] [INFO ]:  |
[19/05/22 09:16:34:5681657] [INFO ]: Lobby Servers [0ms]: 
[19/05/22 09:16:34:5689408] [INFO ]:  | Lobby Server [2] [0ms]: 
[19/05/22 09:16:34:5697199] [INFO ]:  | | >IP: 127.0.0.1:10125
[19/05/22 09:16:34:5704841] [INFO ]:  | | >Fill Level: 0/2
[19/05/22 09:16:34:5712676] [INFO ]:  |
[19/05/22 09:16:34:5720499] [INFO ]: Matchmaker [0ms]:
[19/05/22 09:16:34:5727695] [INFO ]:  | >IP: 127.0.0.1:6106
[19/05/22 09:16:34:5734921] [INFO ]:  | >Queue Length: 0
[19/05/22 09:16:34:5743163] [INFO ]:  |
[19/05/22 09:16:34:5753278] [INFO ]: Game Servers [0ms]: 
[19/05/22 09:16:34:5761242] [INFO ]:  | Game Server [1] [0ms]: 
[19/05/22 09:16:34:5769169] [INFO ]:  | | >IP: 127.0.0.1:20124
[19/05/22 09:16:34:5776534] [INFO ]:  | | >Fill Level: 0/2
[19/05/22 09:16:34:5784290] [INFO ]: ----------INFO ENDS----------
[19/05/22 09:16:34:8071553] [INFO ]: Escape key pressed
[19/05/22 09:16:34:8095521] [INFO ]: Shutting down network
[19/05/22 09:16:34:8107857] [INFO ]: Giving time for graceful shutdown
[19/05/22 09:16:35:8135437] [INFO ]: Terminating processes
[19/05/22 09:16:35:8168878] [INFO ]: Killing Load Balancer
[19/05/22 09:16:35:8191933] [INFO ]: Killing Matchmaker
[19/05/22 09:16:35:8213695] [INFO ]: Killing lobby servers
[19/05/22 09:16:35:8222373] [INFO ]: Killing game servers
[19/05/22 09:16:35:8243211] [WARN ]: Shutting down logging
