[27/05/22 14:01:15:6937299] [INFO ]: Logging started
[27/05/22 14:01:16:1039436] [INFO ]: Starting Load Balancer
[27/05/22 14:01:16:3536478] [INFO ]: Waiting for Load Balancer response
[27/05/22 14:01:16:3765339] [INFO ]: Accepting client
[27/05/22 14:01:16:4497226] [INFO ]: Accepting connection
[27/05/22 14:01:16:8413276] [INFO ]: Connection established
[27/05/22 14:01:17:0069375] [INFO ]: Connected in 631ms
[27/05/22 14:01:17:1313196] [INFO ]: Starting Matchmaker
[27/05/22 14:01:17:5552480] [INFO ]: Waiting for Matchmaker response
[27/05/22 14:01:17:6638677] [INFO ]: Accepting client
[27/05/22 14:01:17:7874844] [INFO ]: Accepting connection
[27/05/22 14:01:18:1751160] [INFO ]: Connection established
[27/05/22 14:01:18:2040974] [INFO ]: Connected in 540ms
[27/05/22 14:01:18:2641693] [INFO ]: Starting lobby 0 on port 10123
[27/05/22 14:01:18:3609172] [INFO ]: Accepting client
[27/05/22 14:01:18:3719462] [INFO ]: Accepting connection
[27/05/22 14:01:18:7800809] [INFO ]: Connection established
[27/05/22 14:01:18:7846727] [INFO ]: Starting lobby 1 on port 10124
[27/05/22 14:01:18:8692375] [INFO ]: Accepting client
[27/05/22 14:01:18:8847535] [INFO ]: Accepting connection
[27/05/22 14:01:19:1541721] [INFO ]: Connection established
[27/05/22 14:01:19:1630261] [INFO ]: Starting game server 0 on port 20123
[27/05/22 14:01:19:2713674] [INFO ]: Accepting client
[27/05/22 14:01:19:2818328] [INFO ]: Accepting connection
[27/05/22 14:01:19:6369396] [INFO ]: Connection established
[27/05/22 14:01:19:6445660] [INFO+]: ----------INFO START----------
[27/05/22 14:01:19:6450298] [INFO ]: Full update / target update interval =  [1425/100ms]
[27/05/22 14:01:19:6458588] [INFO ]: Starting Lobby Servers took [898ms]
[27/05/22 14:01:19:6462827] [INFO ]: Stopping Lobby Servers took [0ms]
[27/05/22 14:01:19:6467541] [INFO ]: Starting Game Servers took [481ms]
[27/05/22 14:01:19:6491579] [INFO ]: Starting Game Servers took [0ms]
[27/05/22 14:01:19:6502876] [INFO ]: 
[27/05/22 14:01:19:6537244] [INFO ]: Server Spooler:
[27/05/22 14:01:19:6574708] [INFO ]:  | >IP: 127.0.0.1:5105
[27/05/22 14:01:19:6624744] [INFO ]: Load Balancer [38ms]:
[27/05/22 14:01:19:6853227] [INFO ]:  | >IP: 127.0.0.1:7107
[27/05/22 14:01:19:7023552] [INFO ]:  | >Queue Length: 0
[27/05/22 14:01:19:7201503] [INFO ]: Lobby Servers [0ms]: 
[27/05/22 14:01:19:7216582] [INFO ]:  | Lobby Server [0] [0ms]: 
[27/05/22 14:01:19:7337530] [INFO ]:  | | >IP: 127.0.0.1:10123
[27/05/22 14:01:19:7347863] [INFO ]:  | | >Fill Level: 0/2
[27/05/22 14:01:19:7362912] [INFO ]:  | Lobby Server [1] [0ms]: 
[27/05/22 14:01:19:7367461] [INFO ]:  | | >IP: 127.0.0.1:10124
[27/05/22 14:01:19:7376909] [INFO ]:  | | >Fill Level: 0/2
[27/05/22 14:01:19:7381085] [INFO ]: Matchmaker [6ms]:
[27/05/22 14:01:19:7433858] [INFO ]:  | >IP: 127.0.0.1:6106
[27/05/22 14:01:19:7464757] [INFO ]:  | >Queue Length: 0
[27/05/22 14:01:19:7475102] [INFO ]: Game Servers [0ms]: 
[27/05/22 14:01:19:7484247] [INFO ]:  | Game Server [0] [0ms]: 
[27/05/22 14:01:19:7493538] [INFO ]:  | | >IP: 127.0.0.1:20123
[27/05/22 14:01:19:7502638] [INFO ]:  | | >Fill Level: 0/2
[27/05/22 14:01:19:7511219] [INFO ]: ----------INFO ENDS----------
[27/05/22 14:01:19:7542379] [WARN ]: Update [1536ms] took longer than update interval [100ms]
[27/05/22 14:01:20:8383323] [INFO+]: ----------INFO START----------
[27/05/22 14:01:20:8392279] [INFO ]: Full update / target update interval =  [0/100ms]
[27/05/22 14:01:20:8398056] [INFO ]: Starting Lobby Servers took [0ms]
[27/05/22 14:01:20:8403803] [INFO ]: Stopping Lobby Servers took [0ms]
[27/05/22 14:01:20:8407282] [INFO ]: Starting Game Servers took [0ms]
[27/05/22 14:01:20:8409510] [INFO ]: Starting Game Servers took [0ms]
[27/05/22 14:01:20:8411320] [INFO ]: 
[27/05/22 14:01:20:8413125] [INFO ]: Server Spooler:
[27/05/22 14:01:20:8414889] [INFO ]:  | >IP: 127.0.0.1:5105
[27/05/22 14:01:20:8416680] [INFO ]: Load Balancer [0ms]:
[27/05/22 14:01:20:8418448] [INFO ]:  | >IP: 127.0.0.1:7107
[27/05/22 14:01:20:8420165] [INFO ]:  | >Queue Length: 0
[27/05/22 14:01:20:8421876] [INFO ]: Lobby Servers [0ms]: 
[27/05/22 14:01:20:8423484] [INFO ]:  | Lobby Server [0] [0ms]: 
[27/05/22 14:01:20:8425346] [INFO ]:  | | >IP: 127.0.0.1:10123
[27/05/22 14:01:20:8427053] [INFO ]:  | | >Fill Level: 0/2
[27/05/22 14:01:20:8428791] [INFO ]:  | Lobby Server [1] [0ms]: 
[27/05/22 14:01:20:8430561] [INFO ]:  | | >IP: 127.0.0.1:10124
[27/05/22 14:01:20:8432203] [INFO ]:  | | >Fill Level: 0/2
[27/05/22 14:01:20:8434037] [INFO ]: Matchmaker [0ms]:
[27/05/22 14:01:20:8435691] [INFO ]:  | >IP: 127.0.0.1:6106
[27/05/22 14:01:20:8437361] [INFO ]:  | >Queue Length: 0
[27/05/22 14:01:20:8439161] [INFO ]: Game Servers [0ms]: 
[27/05/22 14:01:20:8441216] [INFO ]:  | Game Server [0] [0ms]: 
[27/05/22 14:01:20:8442903] [INFO ]:  | | >IP: 127.0.0.1:20123
[27/05/22 14:01:20:8444987] [INFO ]:  | | >Fill Level: 0/2
[27/05/22 14:01:20:8446775] [INFO ]: ----------INFO ENDS----------
[27/05/22 14:01:21:9234330] [INFO+]: ----------INFO START----------
[27/05/22 14:01:21:9242735] [INFO ]: Full update / target update interval =  [0/100ms]
[27/05/22 14:01:21:9244407] [INFO ]: Starting Lobby Servers took [0ms]
[27/05/22 14:01:21:9246249] [INFO ]: Stopping Lobby Servers took [0ms]
[27/05/22 14:01:21:9248228] [INFO ]: Starting Game Servers took [0ms]
[27/05/22 14:01:21:9249819] [INFO ]: Starting Game Servers took [0ms]
[27/05/22 14:01:21:9251424] [INFO ]: 
[27/05/22 14:01:21:9253086] [INFO ]: Server Spooler:
[27/05/22 14:01:21:9254682] [INFO ]:  | >IP: 127.0.0.1:5105
[27/05/22 14:01:21:9256395] [INFO ]: Load Balancer [0ms]:
[27/05/22 14:01:21:9258051] [INFO ]:  | >IP: 127.0.0.1:7107
[27/05/22 14:01:21:9259764] [INFO ]:  | >Queue Length: 0
[27/05/22 14:01:21:9261455] [INFO ]: Lobby Servers [0ms]: 
[27/05/22 14:01:21:9263087] [INFO ]:  | Lobby Server [0] [0ms]: 
[27/05/22 14:01:21:9264883] [INFO ]:  | | >IP: 127.0.0.1:10123
[27/05/22 14:01:21:9266389] [INFO ]:  | | >Fill Level: 0/2
[27/05/22 14:01:21:9267947] [INFO ]:  | Lobby Server [1] [0ms]: 
[27/05/22 14:01:21:9269594] [INFO ]:  | | >IP: 127.0.0.1:10124
[27/05/22 14:01:21:9271190] [INFO ]:  | | >Fill Level: 0/2
[27/05/22 14:01:21:9272940] [INFO ]: Matchmaker [0ms]:
[27/05/22 14:01:21:9274560] [INFO ]:  | >IP: 127.0.0.1:6106
[27/05/22 14:01:21:9276127] [INFO ]:  | >Queue Length: 0
[27/05/22 14:01:21:9277623] [INFO ]: Game Servers [0ms]: 
[27/05/22 14:01:21:9279259] [INFO ]:  | Game Server [0] [0ms]: 
[27/05/22 14:01:21:9281024] [INFO ]:  | | >IP: 127.0.0.1:20123
[27/05/22 14:01:21:9282619] [INFO ]:  | | >Fill Level: 0/2
[27/05/22 14:01:21:9284188] [INFO ]: ----------INFO ENDS----------
[27/05/22 14:01:22:6129495] [INFO ]: Escape key pressed
[27/05/22 14:01:22:6134664] [INFO ]: Shutting down network
[27/05/22 14:01:22:6137371] [INFO ]: Giving time for graceful shutdown
[27/05/22 14:01:23:6176807] [INFO ]: Terminating processes
[27/05/22 14:01:23:6187529] [INFO ]: Killing Load Balancer
[27/05/22 14:01:23:6198871] [INFO ]: Killing Matchmaker
[27/05/22 14:01:23:6202421] [INFO ]: Killing lobby servers
[27/05/22 14:01:23:6204234] [INFO ]: Killing game servers
