[13/05/22 10:14:33:1639090] [INFO ]: Logging started
[13/05/22 10:14:34:0520640] [INFO ]: Starting load balancer
[13/05/22 10:14:34:8153564] [INFO ]: Waiting for load balancer response
[13/05/22 10:14:34:8855609] [INFO ]: Accepting client
[13/05/22 10:14:35:0874289] [INFO ]: Accepting connection
[13/05/22 10:14:35:2762591] [INFO ]: Connection established
[13/05/22 10:14:35:2784717] [INFO ]: Connected in 0ms
[13/05/22 10:14:35:3301107] [INFO ]: Starting lobby 0 on port 10123
[13/05/22 10:14:35:4018611] [INFO ]: Accepting client
[13/05/22 10:14:35:4237141] [INFO ]: Accepting connection
[13/05/22 10:14:35:7984310] [INFO ]: Connection established
[13/05/22 10:14:37:2992241] [INFO ]: ----------INFO START----------
[13/05/22 10:14:37:2998789] [INFO ]: Server Spooler:
[13/05/22 10:14:37:3001383] [INFO ]:  | IP: 127.0.0.1:5105
[13/05/22 10:14:37:3004206] [INFO ]: Load Balancer [0ms]:
[13/05/22 10:14:37:3007573] [INFO ]:  | IP: 127.0.0.1:7107
[13/05/22 10:14:37:3011056] [INFO ]:  | Queue Length: 0
[13/05/22 10:14:37:3013915] [INFO ]: Lobby Servers [0ms]: 
[13/05/22 10:14:37:3016639] [INFO ]:  | Lobby Server [0] [0ms]: 
[13/05/22 10:14:37:3019627] [INFO ]:  | | IP: 127.0.0.1:10123
[13/05/22 10:14:37:3022816] [INFO ]:  | | Fill Level: 0/2
[13/05/22 10:14:37:3025551] [INFO ]: ----------INFO ENDS----------
[13/05/22 10:14:39:4315439] [INFO ]: ----------INFO START----------
[13/05/22 10:14:39:4321098] [INFO ]: Server Spooler:
[13/05/22 10:14:39:4324049] [INFO ]:  | IP: 127.0.0.1:5105
[13/05/22 10:14:39:4327250] [INFO ]: Load Balancer [0ms]:
[13/05/22 10:14:39:4330195] [INFO ]:  | IP: 127.0.0.1:7107
[13/05/22 10:14:39:4333115] [INFO ]:  | Queue Length: 0
[13/05/22 10:14:39:4336656] [INFO ]: Lobby Servers [0ms]: 
[13/05/22 10:14:39:4339408] [INFO ]:  | Lobby Server [0] [0ms]: 
[13/05/22 10:14:39:4342574] [INFO ]:  | | IP: 127.0.0.1:10123
[13/05/22 10:14:39:4345929] [INFO ]:  | | Fill Level: 0/2
[13/05/22 10:14:39:4349009] [INFO ]: ----------INFO ENDS----------
[13/05/22 10:14:41:4676388] [INFO ]: ----------INFO START----------
[13/05/22 10:14:41:4684465] [INFO ]: Server Spooler:
[13/05/22 10:14:41:4688756] [INFO ]:  | IP: 127.0.0.1:5105
[13/05/22 10:14:41:4693121] [INFO ]: Load Balancer [0ms]:
[13/05/22 10:14:41:4697189] [INFO ]:  | IP: 127.0.0.1:7107
[13/05/22 10:14:41:4701701] [INFO ]:  | Queue Length: 0
[13/05/22 10:14:41:4708086] [INFO ]: Lobby Servers [0ms]: 
[13/05/22 10:14:41:4712547] [INFO ]:  | Lobby Server [0] [0ms]: 
[13/05/22 10:14:41:4716768] [INFO ]:  | | IP: 127.0.0.1:10123
[13/05/22 10:14:41:4722345] [INFO ]:  | | Fill Level: 0/2
[13/05/22 10:14:41:4730608] [INFO ]: ----------INFO ENDS----------
[13/05/22 10:14:42:2403877] [INFO ]: Escape key pressed
[13/05/22 10:14:42:2415369] [INFO ]: Shutting down network
[13/05/22 10:14:42:2420996] [INFO ]: Giving time for graceful shutdown
[13/05/22 10:14:43:2431859] [INFO ]: Terminating processes
[13/05/22 10:14:43:2443049] [INFO ]: Killing load balancer
[13/05/22 10:14:43:2473415] [WARN ]: Shutting down logging
