[10/05/22 13:08:40:4791113] [INFO   ]: Logging started
[10/05/22 13:08:40:5959148] [INFO   ]: Starting load balancer
[10/05/22 13:08:40:8495421] [INFO   ]: Waiting for load balancer response
[10/05/22 13:08:40:8568965] [INFO   ]: Accepting client
[10/05/22 13:08:40:8580301] [DEBUG  ]: Listener socket does not exist, creating
[10/05/22 13:08:40:8755072] [INFO   ]: Accepting connection
[10/05/22 13:08:41:3911776] [INFO   ]: Connection established
[10/05/22 13:08:41:3928622] [INFO   ]: Connected in 0ms
[10/05/22 13:08:41:3957493] [DEBUG  ]: Communicating with Load Balancer
[10/05/22 13:08:41:4226465] [DEBUG  ]: Communicating with Lobbies
[10/05/22 13:08:41:6096060] [INFO   ]: Accepting client
[10/05/22 13:08:41:6232332] [INFO   ]: Accepting connection
[10/05/22 13:08:42:0300233] [INFO   ]: Connection established
[10/05/22 13:08:42:0604624] [INFO   ]: Accepting client
[10/05/22 13:08:42:0619593] [INFO   ]: Accepting connection
[10/05/22 13:08:42:3316311] [INFO   ]: Connection established
[10/05/22 13:08:42:4197349] [INFO   ]: Accepting client
[10/05/22 13:08:42:4283496] [INFO   ]: Accepting connection
[10/05/22 13:08:42:8313313] [INFO   ]: Connection established
[10/05/22 13:08:42:8663754] [INFO   ]: Accepting client
[10/05/22 13:08:42:8753122] [INFO   ]: Accepting connection
[10/05/22 13:08:43:1140367] [INFO   ]: Connection established
[10/05/22 13:08:43:1590172] [INFO   ]: Accepting client
[10/05/22 13:08:43:1635830] [INFO   ]: Accepting connection
[10/05/22 13:08:43:4481535] [INFO   ]: Connection established
[10/05/22 13:08:43:4531074] [INFO   ]: ----------INFO START----------
[10/05/22 13:08:43:4542288] [INFO   ]: Server Spooler:
[10/05/22 13:08:43:4573478] [INFO   ]:  | IP: 127.0.0.1:5105
[10/05/22 13:08:43:4591349] [INFO   ]: Load Balancer [0ms]:
[10/05/22 13:08:43:4598838] [INFO   ]:  | IP: 127.0.0.1:7107
[10/05/22 13:08:43:4615112] [INFO   ]:  | Queue Length: 0
[10/05/22 13:08:43:4622217] [INFO   ]: Lobby Servers [2ms]: 
[10/05/22 13:08:43:4634167] [INFO   ]:  | Lobby Server [0] [0ms]: 
[10/05/22 13:08:43:4681431] [INFO   ]:  | | IP: 127.0.0.1:10123
[10/05/22 13:08:43:4704807] [INFO   ]:  | | Fill Level: 0
[10/05/22 13:08:43:4726082] [INFO   ]:  | Lobby Server [1] [0ms]: 
[10/05/22 13:08:43:4737944] [INFO   ]:  | | IP: 127.0.0.1:10124
[10/05/22 13:08:43:4743452] [INFO   ]:  | | Fill Level: 0
[10/05/22 13:08:43:4749708] [INFO   ]:  | Lobby Server [2] [0ms]: 
[10/05/22 13:08:43:4755240] [INFO   ]:  | | IP: 127.0.0.1:10125
[10/05/22 13:08:43:4761200] [INFO   ]:  | | Fill Level: 0
[10/05/22 13:08:43:4766759] [INFO   ]:  | Lobby Server [3] [0ms]: 
[10/05/22 13:08:43:4772833] [INFO   ]:  | | IP: 127.0.0.1:10126
[10/05/22 13:08:43:4779279] [INFO   ]:  | | Fill Level: 0
[10/05/22 13:08:43:4784978] [INFO   ]:  | Lobby Server [4] [0ms]: 
[10/05/22 13:08:43:4840148] [INFO   ]:  | | IP: 127.0.0.1:10127
[10/05/22 13:08:43:4845658] [INFO   ]:  | | Fill Level: 0
[10/05/22 13:08:43:4861680] [INFO   ]: ----------INFO ENDS----------
[10/05/22 13:08:43:4877765] [DEBUG  ]: Communicating with Load Balancer
[10/05/22 13:08:43:4956376] [DEBUG  ]: Communicating with Lobbies
[10/05/22 13:08:43:6408977] [DEBUG  ]: Communicating with Load Balancer
[10/05/22 13:08:43:6474903] [DEBUG  ]: Communicating with Lobbies
[10/05/22 13:08:43:7273994] [DEBUG  ]: Communicating with Load Balancer
[10/05/22 13:08:43:7605371] [DEBUG  ]: Communicating with Lobbies
[10/05/22 13:08:43:8800600] [DEBUG  ]: Communicating with Load Balancer
[10/05/22 13:08:43:8939546] [DEBUG  ]: Communicating with Lobbies
[10/05/22 13:08:43:9609771] [DEBUG  ]: Communicating with Load Balancer
[10/05/22 13:08:43:9785861] [DEBUG  ]: Communicating with Lobbies
[10/05/22 13:08:44:0390764] [DEBUG  ]: Communicating with Load Balancer
[10/05/22 13:08:44:0625339] [DEBUG  ]: Communicating with Lobbies
[10/05/22 13:08:44:1430107] [DEBUG  ]: Communicating with Load Balancer
[10/05/22 13:08:44:1583672] [DEBUG  ]: Communicating with Lobbies
[10/05/22 13:08:44:2230090] [DEBUG  ]: Communicating with Load Balancer
[10/05/22 13:08:44:2538872] [DEBUG  ]: Communicating with Lobbies
[10/05/22 13:08:44:3257305] [DEBUG  ]: Communicating with Load Balancer
[10/05/22 13:08:44:3598062] [DEBUG  ]: Communicating with Lobbies
[10/05/22 13:08:44:4764645] [DEBUG  ]: Communicating with Load Balancer
[10/05/22 13:08:44:5052170] [DEBUG  ]: Communicating with Lobbies
[10/05/22 13:08:44:5776085] [DEBUG  ]: Communicating with Load Balancer
[10/05/22 13:08:44:6003804] [DEBUG  ]: Communicating with Lobbies
[10/05/22 13:08:44:6651803] [DEBUG  ]: Communicating with Load Balancer
[10/05/22 13:08:44:7038228] [DEBUG  ]: Communicating with Lobbies
[10/05/22 13:08:44:7738724] [DEBUG  ]: Communicating with Load Balancer
[10/05/22 13:08:44:8093661] [DEBUG  ]: Communicating with Lobbies
[10/05/22 13:08:44:8792376] [DEBUG  ]: Communicating with Load Balancer
[10/05/22 13:08:44:9023465] [DEBUG  ]: Communicating with Lobbies
[10/05/22 13:08:45:0154083] [DEBUG  ]: Communicating with Load Balancer
[10/05/22 13:08:45:0471839] [DEBUG  ]: Communicating with Lobbies
[10/05/22 13:08:45:1803535] [DEBUG  ]: Communicating with Load Balancer
[10/05/22 13:08:45:2287332] [DEBUG  ]: Communicating with Lobbies
[10/05/22 13:08:45:3931449] [DEBUG  ]: Communicating with Load Balancer
[10/05/22 13:08:45:4105740] [DEBUG  ]: Communicating with Lobbies
[10/05/22 13:08:45:5510667] [DEBUG  ]: Communicating with Load Balancer
[10/05/22 13:08:45:5644653] [DEBUG  ]: Communicating with Lobbies
[10/05/22 13:08:45:6963286] [DEBUG  ]: Communicating with Load Balancer
[10/05/22 13:08:45:7455661] [DEBUG  ]: Communicating with Lobbies
[10/05/22 13:08:45:8556634] [DEBUG  ]: Communicating with Load Balancer
[10/05/22 13:08:45:8683427] [DEBUG  ]: Communicating with Lobbies
[10/05/22 13:08:45:9825322] [DEBUG  ]: Communicating with Load Balancer
[10/05/22 13:08:45:9930477] [DEBUG  ]: Communicating with Lobbies
[10/05/22 13:08:46:0895241] [DEBUG  ]: Communicating with Load Balancer
[10/05/22 13:08:46:1066587] [DEBUG  ]: Communicating with Lobbies
[10/05/22 13:08:46:2190567] [DEBUG  ]: Communicating with Load Balancer
[10/05/22 13:08:46:2422365] [DEBUG  ]: Communicating with Lobbies
[10/05/22 13:08:46:3634437] [DEBUG  ]: Communicating with Load Balancer
[10/05/22 13:08:46:3829618] [DEBUG  ]: Communicating with Lobbies
[10/05/22 13:08:46:4803338] [DEBUG  ]: Communicating with Load Balancer
[10/05/22 13:08:46:4922890] [DEBUG  ]: Communicating with Lobbies
[10/05/22 13:08:46:5891949] [DEBUG  ]: Communicating with Load Balancer
[10/05/22 13:08:46:6175803] [DEBUG  ]: Communicating with Lobbies
[10/05/22 13:08:46:7124684] [DEBUG  ]: Communicating with Load Balancer
[10/05/22 13:08:46:7238402] [DEBUG  ]: Communicating with Lobbies
[10/05/22 13:08:46:8126544] [DEBUG  ]: Communicating with Load Balancer
[10/05/22 13:08:46:8251585] [DEBUG  ]: Communicating with Lobbies
[10/05/22 13:08:46:9251710] [DEBUG  ]: Communicating with Load Balancer
[10/05/22 13:08:46:9369650] [DEBUG  ]: Communicating with Lobbies
[10/05/22 13:08:47:0404237] [DEBUG  ]: Communicating with Load Balancer
[10/05/22 13:08:47:0699431] [DEBUG  ]: Communicating with Lobbies
[10/05/22 13:08:47:2439140] [DEBUG  ]: Communicating with Load Balancer
[10/05/22 13:08:47:2565076] [DEBUG  ]: Communicating with Lobbies
[10/05/22 13:08:47:3591947] [DEBUG  ]: Communicating with Load Balancer
[10/05/22 13:08:47:3881106] [DEBUG  ]: Communicating with Lobbies
[10/05/22 13:08:47:5514527] [DEBUG  ]: Communicating with Load Balancer
[10/05/22 13:08:47:5695830] [DEBUG  ]: Communicating with Lobbies
[10/05/22 13:08:47:6914799] [DEBUG  ]: Communicating with Load Balancer
[10/05/22 13:08:47:7161779] [DEBUG  ]: Communicating with Lobbies
[10/05/22 13:08:47:8200088] [DEBUG  ]: Communicating with Load Balancer
[10/05/22 13:08:47:8506599] [DEBUG  ]: Communicating with Lobbies
[10/05/22 13:08:47:9478465] [DEBUG  ]: Communicating with Load Balancer
[10/05/22 13:08:47:9665736] [DEBUG  ]: Communicating with Lobbies
[10/05/22 13:08:48:0601468] [DEBUG  ]: Communicating with Load Balancer
[10/05/22 13:08:48:0748750] [DEBUG  ]: Communicating with Lobbies
[10/05/22 13:08:48:1962653] [DEBUG  ]: Communicating with Load Balancer
[10/05/22 13:08:48:2277460] [DEBUG  ]: Communicating with Lobbies
[10/05/22 13:08:48:3439021] [DEBUG  ]: Communicating with Load Balancer
[10/05/22 13:08:48:3812517] [DEBUG  ]: Communicating with Lobbies
[10/05/22 13:08:48:4986301] [DEBUG  ]: Communicating with Load Balancer
[10/05/22 13:08:48:5340373] [DEBUG  ]: Communicating with Lobbies
[10/05/22 13:08:48:6569009] [DEBUG  ]: Communicating with Load Balancer
[10/05/22 13:08:48:7097969] [DEBUG  ]: Communicating with Lobbies
[10/05/22 13:08:48:8484161] [DEBUG  ]: Communicating with Load Balancer
[10/05/22 13:08:48:8851689] [DEBUG  ]: Communicating with Lobbies
[10/05/22 13:08:49:0110739] [DEBUG  ]: Communicating with Load Balancer
[10/05/22 13:08:49:0468096] [DEBUG  ]: Communicating with Lobbies
[10/05/22 13:08:49:1792092] [DEBUG  ]: Communicating with Load Balancer
[10/05/22 13:08:49:1923229] [DEBUG  ]: Communicating with Lobbies
[10/05/22 13:08:49:3095637] [DEBUG  ]: Communicating with Load Balancer
[10/05/22 13:08:49:3396762] [DEBUG  ]: Communicating with Lobbies
[10/05/22 13:08:49:4499798] [DEBUG  ]: Communicating with Load Balancer
[10/05/22 13:08:49:4870219] [DEBUG  ]: Communicating with Lobbies
[10/05/22 13:08:49:6108275] [DEBUG  ]: Communicating with Load Balancer
[10/05/22 13:08:49:6411745] [DEBUG  ]: Communicating with Lobbies
[10/05/22 13:08:49:7739340] [DEBUG  ]: Communicating with Load Balancer
[10/05/22 13:08:49:7995281] [DEBUG  ]: Communicating with Lobbies
[10/05/22 13:08:49:9092760] [DEBUG  ]: Communicating with Load Balancer
[10/05/22 13:08:49:9362486] [DEBUG  ]: Communicating with Lobbies
[10/05/22 13:08:50:0283990] [DEBUG  ]: Communicating with Load Balancer
[10/05/22 13:08:50:0626433] [DEBUG  ]: Communicating with Lobbies
[10/05/22 13:08:50:1694675] [DEBUG  ]: Communicating with Load Balancer
[10/05/22 13:08:50:2136404] [DEBUG  ]: Communicating with Lobbies
[10/05/22 13:08:50:3273106] [DEBUG  ]: Communicating with Load Balancer
[10/05/22 13:08:50:3436383] [DEBUG  ]: Communicating with Lobbies
[10/05/22 13:08:50:4418067] [DEBUG  ]: Communicating with Load Balancer
[10/05/22 13:08:50:4534911] [DEBUG  ]: Communicating with Lobbies
[10/05/22 13:08:50:5415055] [DEBUG  ]: Communicating with Load Balancer
[10/05/22 13:08:50:5565826] [DEBUG  ]: Communicating with Lobbies
[10/05/22 13:08:50:6555192] [DEBUG  ]: Communicating with Load Balancer
[10/05/22 13:08:50:6669055] [DEBUG  ]: Communicating with Lobbies
[10/05/22 13:08:50:7623300] [DEBUG  ]: Communicating with Load Balancer
[10/05/22 13:08:50:7968023] [DEBUG  ]: Communicating with Lobbies
[10/05/22 13:08:50:9091588] [DEBUG  ]: Communicating with Load Balancer
[10/05/22 13:08:50:9226399] [DEBUG  ]: Communicating with Lobbies
[10/05/22 13:08:51:0222271] [DEBUG  ]: Communicating with Load Balancer
[10/05/22 13:08:51:0491724] [DEBUG  ]: Communicating with Lobbies
[10/05/22 13:08:51:1574878] [DEBUG  ]: Communicating with Load Balancer
[10/05/22 13:08:51:1845868] [DEBUG  ]: Communicating with Lobbies
[10/05/22 13:08:51:2927958] [DEBUG  ]: Communicating with Load Balancer
[10/05/22 13:08:51:3196652] [DEBUG  ]: Communicating with Lobbies
[10/05/22 13:08:51:4270007] [DEBUG  ]: Communicating with Load Balancer
[10/05/22 13:08:51:4539203] [DEBUG  ]: Communicating with Lobbies
[10/05/22 13:08:51:5602788] [DEBUG  ]: Communicating with Load Balancer
[10/05/22 13:08:51:5859528] [DEBUG  ]: Communicating with Lobbies
[10/05/22 13:08:51:6936566] [DEBUG  ]: Communicating with Load Balancer
[10/05/22 13:08:51:7468862] [DEBUG  ]: Communicating with Lobbies
[10/05/22 13:08:51:8739965] [DEBUG  ]: Communicating with Load Balancer
[10/05/22 13:08:51:8887835] [DEBUG  ]: Communicating with Lobbies
[10/05/22 13:08:51:9953023] [DEBUG  ]: Communicating with Load Balancer
[10/05/22 13:08:52:0091201] [DEBUG  ]: Communicating with Lobbies
[10/05/22 13:08:52:1100343] [DEBUG  ]: Communicating with Load Balancer
[10/05/22 13:08:52:1388087] [DEBUG  ]: Communicating with Lobbies
[10/05/22 13:08:52:2588778] [DEBUG  ]: Communicating with Load Balancer
[10/05/22 13:08:52:2860246] [DEBUG  ]: Communicating with Lobbies
[10/05/22 13:08:52:3923900] [DEBUG  ]: Communicating with Load Balancer
[10/05/22 13:08:52:4200230] [DEBUG  ]: Communicating with Lobbies
[10/05/22 13:08:52:5390381] [DEBUG  ]: Communicating with Load Balancer
[10/05/22 13:08:52:5594727] [DEBUG  ]: Communicating with Lobbies
[10/05/22 13:08:52:6724123] [DEBUG  ]: Communicating with Load Balancer
[10/05/22 13:08:52:6944542] [DEBUG  ]: Communicating with Lobbies
[10/05/22 13:08:52:8118150] [DEBUG  ]: Communicating with Load Balancer
[10/05/22 13:08:52:8277966] [DEBUG  ]: Communicating with Lobbies
[10/05/22 13:08:52:9270321] [DEBUG  ]: Communicating with Load Balancer
[10/05/22 13:08:52:9489705] [DEBUG  ]: Communicating with Lobbies
[10/05/22 13:08:53:0618017] [DEBUG  ]: Communicating with Load Balancer
[10/05/22 13:08:53:0922908] [DEBUG  ]: Communicating with Lobbies
[10/05/22 13:08:53:1914023] [DEBUG  ]: Communicating with Load Balancer
[10/05/22 13:08:53:2179268] [DEBUG  ]: Communicating with Lobbies
[10/05/22 13:08:53:3329845] [DEBUG  ]: Communicating with Load Balancer
[10/05/22 13:08:53:3646354] [DEBUG  ]: Communicating with Lobbies
[10/05/22 13:08:53:4782630] [DEBUG  ]: Communicating with Load Balancer
[10/05/22 13:08:53:5092464] [DEBUG  ]: Communicating with Lobbies
[10/05/22 13:08:53:6241441] [DEBUG  ]: Communicating with Load Balancer
[10/05/22 13:08:53:6353542] [DEBUG  ]: Communicating with Lobbies
[10/05/22 13:08:53:7262460] [DEBUG  ]: Communicating with Load Balancer
[10/05/22 13:08:53:7550909] [DEBUG  ]: Communicating with Lobbies
[10/05/22 13:08:53:8768264] [DEBUG  ]: Communicating with Load Balancer
[10/05/22 13:08:53:9080351] [DEBUG  ]: Communicating with Lobbies
[10/05/22 13:08:54:0279261] [DEBUG  ]: Communicating with Load Balancer
[10/05/22 13:08:54:0506659] [DEBUG  ]: Communicating with Lobbies
[10/05/22 13:08:54:1580513] [DEBUG  ]: Communicating with Load Balancer
[10/05/22 13:08:54:1875998] [DEBUG  ]: Communicating with Lobbies
[10/05/22 13:08:54:3042763] [DEBUG  ]: Communicating with Load Balancer
[10/05/22 13:08:54:3307476] [DEBUG  ]: Communicating with Lobbies
[10/05/22 13:08:54:4426474] [DEBUG  ]: Communicating with Load Balancer
[10/05/22 13:08:54:4706316] [DEBUG  ]: Communicating with Lobbies
[10/05/22 13:08:54:5779353] [DEBUG  ]: Communicating with Load Balancer
[10/05/22 13:08:54:6057303] [DEBUG  ]: Communicating with Lobbies
[10/05/22 13:08:54:7179816] [DEBUG  ]: Communicating with Load Balancer
[10/05/22 13:08:54:7497126] [DEBUG  ]: Communicating with Lobbies
[10/05/22 13:08:54:7729522] [INFO   ]: Escape key pressed
[10/05/22 13:08:54:7761428] [INFO   ]: Shutting down network
[10/05/22 13:08:54:7775995] [INFO   ]: Giving time for graceful shutdown
[10/05/22 13:08:55:7915203] [INFO   ]: Terminating processes
[10/05/22 13:08:55:7977586] [WARNING]: Shutting down logging
