[16/05/22 11:35:00:5617613] [INFO ]: Logging started
[16/05/22 11:35:00:7042977] [INFO ]: Starting Load Balancer
[16/05/22 11:35:00:8867643] [INFO ]: Waiting for Load Balancer response
[16/05/22 11:35:00:8906596] [INFO ]: Accepting client
[16/05/22 11:35:00:9155071] [INFO ]: Accepting connection
[16/05/22 11:35:01:4038356] [INFO ]: Connection established
[16/05/22 11:35:01:4055868] [INFO ]: Connected in 517ms
[16/05/22 11:35:01:4060473] [INFO ]: Starting Matchmaker
[16/05/22 11:35:01:4523532] [INFO ]: Waiting for Matchmaker response
[16/05/22 11:35:01:4534369] [INFO ]: Accepting client
[16/05/22 11:35:01:4538761] [INFO ]: Accepting connection
[16/05/22 11:35:01:7509038] [INFO ]: Connection established
[16/05/22 11:35:01:7513755] [INFO ]: Connected in 297ms
[16/05/22 11:35:01:7657509] [INFO ]: Starting lobby 0 on port 10123
[16/05/22 11:35:01:7875624] [INFO ]: Accepting client
[16/05/22 11:35:01:7877942] [INFO ]: Accepting connection
[16/05/22 11:35:02:0225267] [INFO ]: Connection established
[16/05/22 11:35:02:0239857] [INFO ]: Starting lobby 1 on port 10124
[16/05/22 11:35:02:0457359] [INFO ]: Accepting client
[16/05/22 11:35:02:0481218] [INFO ]: Accepting connection
[16/05/22 11:35:02:3091251] [INFO ]: Connection established
[16/05/22 11:35:02:3097469] [INFO ]: Starting lobby 2 on port 10125
[16/05/22 11:35:02:3372090] [INFO ]: Accepting client
[16/05/22 11:35:02:3375738] [INFO ]: Accepting connection
[16/05/22 11:35:02:5926597] [INFO ]: Connection established
[16/05/22 11:35:02:5935036] [INFO ]: Starting lobby 3 on port 10126
[16/05/22 11:35:02:6216992] [INFO ]: Accepting client
[16/05/22 11:35:02:6226941] [INFO ]: Accepting connection
[16/05/22 11:35:02:9854052] [INFO ]: Connection established
[16/05/22 11:35:02:9877876] [INFO ]: Starting lobby 4 on port 10127
[16/05/22 11:35:03:0195099] [INFO ]: Accepting client
[16/05/22 11:35:03:0257507] [INFO ]: Accepting connection
[16/05/22 11:35:03:2877567] [INFO ]: Connection established
[16/05/22 11:35:03:2969822] [INFO ]: Starting lobby 5 on port 10128
[16/05/22 11:35:03:3356785] [INFO ]: Accepting client
[16/05/22 11:35:03:3774116] [INFO ]: Accepting connection
[16/05/22 11:35:03:6677366] [INFO ]: Connection established
[16/05/22 11:35:03:6695343] [INFO ]: Starting lobby 6 on port 10129
[16/05/22 11:35:03:7047316] [INFO ]: Accepting client
[16/05/22 11:35:03:7064303] [INFO ]: Accepting connection
[16/05/22 11:35:04:0268495] [INFO ]: Connection established
[16/05/22 11:35:04:0355924] [INFO ]: Starting lobby 7 on port 10130
[16/05/22 11:35:04:0892472] [INFO ]: Accepting client
[16/05/22 11:35:04:1042104] [INFO ]: Accepting connection
[16/05/22 11:35:04:4880096] [INFO ]: Connection established
[16/05/22 11:35:04:4963125] [INFO ]: Starting lobby 8 on port 10131
[16/05/22 11:35:04:5557492] [INFO ]: Accepting client
[16/05/22 11:35:04:5714727] [INFO ]: Accepting connection
[16/05/22 11:35:04:9019340] [INFO ]: Connection established
[16/05/22 11:35:04:9184980] [INFO ]: Starting lobby 9 on port 10132
[16/05/22 11:35:04:9558947] [INFO ]: Accepting client
[16/05/22 11:35:04:9584345] [INFO ]: Accepting connection
[16/05/22 11:35:05:2498142] [INFO ]: Connection established
[16/05/22 11:35:05:2521852] [INFO ]: Starting lobby 10 on port 10133
[16/05/22 11:35:05:2978154] [INFO ]: Accepting client
[16/05/22 11:35:05:3053568] [INFO ]: Accepting connection
[16/05/22 11:35:05:6187944] [INFO ]: Connection established
[16/05/22 11:35:05:6208937] [INFO ]: Starting lobby 11 on port 10134
[16/05/22 11:35:05:6690617] [INFO ]: Accepting client
[16/05/22 11:35:05:6744163] [INFO ]: Accepting connection
[16/05/22 11:35:06:0778120] [INFO ]: Connection established
[16/05/22 11:35:06:0877934] [INFO ]: Starting lobby 12 on port 10135
[16/05/22 11:35:06:1442097] [INFO ]: Accepting client
[16/05/22 11:35:06:1639930] [INFO ]: Accepting connection
[16/05/22 11:35:06:4434194] [INFO ]: Connection established
[16/05/22 11:35:06:4492423] [INFO ]: Starting lobby 13 on port 10136
[16/05/22 11:35:06:4891617] [INFO ]: Accepting client
[16/05/22 11:35:06:5051454] [INFO ]: Accepting connection
[16/05/22 11:35:06:7760198] [INFO ]: Connection established
[16/05/22 11:35:06:7790653] [INFO ]: Starting lobby 14 on port 10137
[16/05/22 11:35:06:8370417] [INFO ]: Accepting client
[16/05/22 11:35:06:8407650] [INFO ]: Accepting connection
[16/05/22 11:35:07:2528737] [INFO ]: Connection established
[16/05/22 11:35:07:2561946] [INFO ]: Starting game server 0 on port 20123
[16/05/22 11:35:07:3049637] [INFO ]: Accepting client
[16/05/22 11:35:07:3070636] [INFO ]: Accepting connection
[16/05/22 11:35:07:6186493] [INFO ]: Connection established
[16/05/22 11:35:07:6230366] [INFO ]: Starting game server 1 on port 20124
[16/05/22 11:35:07:6598223] [INFO ]: Accepting client
[16/05/22 11:35:07:6667787] [INFO ]: Accepting connection
[16/05/22 11:35:07:9392963] [INFO ]: Connection established
[16/05/22 11:35:07:9416180] [INFO ]: Starting game server 2 on port 20125
[16/05/22 11:35:07:9871852] [INFO ]: Accepting client
[16/05/22 11:35:07:9950459] [INFO ]: Accepting connection
[16/05/22 11:35:08:4316340] [INFO ]: Connection established
[16/05/22 11:35:08:4363011] [INFO ]: Starting game server 3 on port 20126
[16/05/22 11:35:08:4760306] [INFO ]: Accepting client
[16/05/22 11:35:08:4814100] [INFO ]: Accepting connection
[16/05/22 11:35:08:7390606] [INFO ]: Connection established
[16/05/22 11:35:08:7409829] [INFO ]: Starting game server 4 on port 20127
[16/05/22 11:35:08:7764395] [INFO ]: Accepting client
[16/05/22 11:35:08:7832738] [INFO ]: Accepting connection
[16/05/22 11:35:09:1355651] [INFO ]: Connection established
[16/05/22 11:35:09:1472123] [INFO ]: Starting game server 5 on port 20128
[16/05/22 11:35:09:2020672] [INFO ]: Accepting client
[16/05/22 11:35:09:2105857] [INFO ]: Accepting connection
[16/05/22 11:35:09:4860069] [INFO ]: Connection established
[16/05/22 11:35:09:4878598] [INFO ]: Starting game server 6 on port 20129
[16/05/22 11:35:09:5270684] [INFO ]: Accepting client
[16/05/22 11:35:09:5384872] [INFO ]: Accepting connection
[16/05/22 11:35:09:8246496] [INFO ]: Connection established
[16/05/22 11:35:09:8266501] [INFO ]: Starting game server 7 on port 20130
[16/05/22 11:35:09:8704203] [INFO ]: Accepting client
[16/05/22 11:35:09:8732934] [INFO ]: Accepting connection
[16/05/22 11:35:10:3448441] [INFO ]: Connection established
[16/05/22 11:35:10:3472364] [INFO ]: Starting game server 8 on port 20131
[16/05/22 11:35:10:3849785] [INFO ]: Accepting client
[16/05/22 11:35:10:3879473] [INFO ]: Accepting connection
[16/05/22 11:35:10:7722622] [INFO ]: Connection established
[16/05/22 11:35:10:7773354] [INFO ]: Starting game server 9 on port 20132
[16/05/22 11:35:10:8195374] [INFO ]: Accepting client
[16/05/22 11:35:10:8233519] [INFO ]: Accepting connection
[16/05/22 11:35:11:1596874] [INFO ]: Connection established
[16/05/22 11:35:11:1674322] [INFO ]: Starting game server 10 on port 20133
[16/05/22 11:35:11:2059002] [INFO ]: Accepting client
[16/05/22 11:35:11:2216049] [INFO ]: Accepting connection
[16/05/22 11:35:11:5527339] [INFO ]: Connection established
[16/05/22 11:35:11:5550227] [INFO ]: Starting game server 11 on port 20134
[16/05/22 11:35:11:5968329] [INFO ]: Accepting client
[16/05/22 11:35:11:6063161] [INFO ]: Accepting connection
[16/05/22 11:35:11:9213591] [INFO ]: Connection established
[16/05/22 11:35:11:9236651] [INFO ]: Starting game server 12 on port 20135
[16/05/22 11:35:11:9594468] [INFO ]: Accepting client
[16/05/22 11:35:11:9659018] [INFO ]: Accepting connection
[16/05/22 11:35:12:2420878] [INFO ]: Connection established
[16/05/22 11:35:12:2490489] [INFO ]: Starting game server 13 on port 20136
[16/05/22 11:35:12:3123254] [INFO ]: Accepting client
[16/05/22 11:35:12:3201418] [INFO ]: Accepting connection
[16/05/22 11:35:12:6260912] [INFO ]: Connection established
[16/05/22 11:35:12:6317356] [INFO ]: Starting game server 14 on port 20137
[16/05/22 11:35:12:6880374] [INFO ]: Accepting client
[16/05/22 11:35:12:6997115] [INFO ]: Accepting connection
[16/05/22 11:35:12:9739488] [INFO ]: Connection established
[16/05/22 11:35:12:9781908] [INFO+]: ----------INFO START----------
[16/05/22 11:35:12:9814739] [INFO ]: Full update took [11224ms]
[16/05/22 11:35:12:9902288] [INFO ]: Starting Lobby Servers took [5490ms]
[16/05/22 11:35:12:9935627] [INFO ]: Stopping Lobby Servers took [0ms]
[16/05/22 11:35:12:9953789] [INFO ]: Starting Game Servers took [5720ms]
[16/05/22 11:35:13:0031547] [INFO ]: Starting Game Servers took [0ms]
[16/05/22 11:35:13:0034120] [INFO ]: 
[16/05/22 11:35:13:0100915] [INFO ]: Server Spooler:
[16/05/22 11:35:13:0110342] [INFO ]:  | >IP: 127.0.0.1:5105
[16/05/22 11:35:13:0127616] [INFO ]:  |
[16/05/22 11:35:13:0208222] [INFO ]: Load Balancer [5ms]:
[16/05/22 11:35:13:0220851] [INFO ]:  | >IP: 127.0.0.1:7107
[16/05/22 11:35:13:0224448] [INFO ]:  | >Queue Length: 0
[16/05/22 11:35:13:0246421] [INFO ]:  |
[16/05/22 11:35:13:0261356] [INFO ]: Lobby Servers [0ms]: 
[16/05/22 11:35:13:0274771] [INFO ]:  | Lobby Server [0] [0ms]: 
[16/05/22 11:35:13:0384338] [INFO ]:  | | >IP: 127.0.0.1:10123
[16/05/22 11:35:13:0400669] [INFO ]:  | | >Fill Level: 0/2
[16/05/22 11:35:13:0428761] [INFO ]:  | Lobby Server [1] [0ms]: 
[16/05/22 11:35:13:0445780] [INFO ]:  | | >IP: 127.0.0.1:10124
[16/05/22 11:35:13:0463546] [INFO ]:  | | >Fill Level: 0/2
[16/05/22 11:35:13:0538576] [INFO ]:  | Lobby Server [2] [0ms]: 
[16/05/22 11:35:13:0552180] [INFO ]:  | | >IP: 127.0.0.1:10125
[16/05/22 11:35:13:0566529] [INFO ]:  | | >Fill Level: 0/2
[16/05/22 11:35:13:0582177] [INFO ]:  | Lobby Server [3] [0ms]: 
[16/05/22 11:35:13:0676319] [INFO ]:  | | >IP: 127.0.0.1:10126
[16/05/22 11:35:13:0709430] [INFO ]:  | | >Fill Level: 0/2
[16/05/22 11:35:13:0736131] [INFO ]:  | Lobby Server [4] [0ms]: 
[16/05/22 11:35:13:0756285] [INFO ]:  | | >IP: 127.0.0.1:10127
[16/05/22 11:35:13:0772875] [INFO ]:  | | >Fill Level: 0/2
[16/05/22 11:35:13:0790060] [INFO ]:  | Lobby Server [5] [0ms]: 
[16/05/22 11:35:13:0871562] [INFO ]:  | | >IP: 127.0.0.1:10128
[16/05/22 11:35:13:0885759] [INFO ]:  | | >Fill Level: 0/2
[16/05/22 11:35:13:0902085] [INFO ]:  | Lobby Server [6] [0ms]: 
[16/05/22 11:35:13:0972545] [INFO ]:  | | >IP: 127.0.0.1:10129
[16/05/22 11:35:13:1003039] [INFO ]:  | | >Fill Level: 0/2
[16/05/22 11:35:13:1090716] [INFO ]:  | Lobby Server [7] [0ms]: 
[16/05/22 11:35:13:1124218] [INFO ]:  | | >IP: 127.0.0.1:10130
[16/05/22 11:35:13:1140142] [INFO ]:  | | >Fill Level: 0/2
[16/05/22 11:35:13:1154184] [INFO ]:  | Lobby Server [8] [0ms]: 
[16/05/22 11:35:13:1170238] [INFO ]:  | | >IP: 127.0.0.1:10131
[16/05/22 11:35:13:1185109] [INFO ]:  | | >Fill Level: 0/2
[16/05/22 11:35:13:1201772] [INFO ]:  | Lobby Server [9] [0ms]: 
[16/05/22 11:35:13:1218545] [INFO ]:  | | >IP: 127.0.0.1:10132
[16/05/22 11:35:13:1271580] [INFO ]:  | | >Fill Level: 0/2
[16/05/22 11:35:13:1295738] [INFO ]:  | Lobby Server [10] [0ms]: 
[16/05/22 11:35:13:1313572] [INFO ]:  | | >IP: 127.0.0.1:10133
[16/05/22 11:35:13:1329911] [INFO ]:  | | >Fill Level: 0/2
[16/05/22 11:35:13:1345728] [INFO ]:  | Lobby Server [11] [0ms]: 
[16/05/22 11:35:13:1360948] [INFO ]:  | | >IP: 127.0.0.1:10134
[16/05/22 11:35:13:1401835] [INFO ]:  | | >Fill Level: 0/2
[16/05/22 11:35:13:1438191] [INFO ]:  | Lobby Server [12] [0ms]: 
[16/05/22 11:35:13:1456443] [INFO ]:  | | >IP: 127.0.0.1:10135
[16/05/22 11:35:13:1473421] [INFO ]:  | | >Fill Level: 0/2
[16/05/22 11:35:13:1489481] [INFO ]:  | Lobby Server [13] [0ms]: 
[16/05/22 11:35:13:1505270] [INFO ]:  | | >IP: 127.0.0.1:10136
[16/05/22 11:35:13:1519664] [INFO ]:  | | >Fill Level: 0/2
[16/05/22 11:35:13:1560340] [INFO ]:  | Lobby Server [14] [0ms]: 
[16/05/22 11:35:13:1606129] [INFO ]:  | | >IP: 127.0.0.1:10137
[16/05/22 11:35:13:1626582] [INFO ]:  | | >Fill Level: 0/2
[16/05/22 11:35:13:1643391] [INFO ]:  |
[16/05/22 11:35:13:1659773] [INFO ]: Matchmaker [6ms]:
[16/05/22 11:35:13:1673533] [INFO ]:  | >IP: 127.0.0.1:6106
[16/05/22 11:35:13:1721801] [INFO ]:  | >Queue Length: 0
[16/05/22 11:35:13:1735632] [INFO ]:  |
[16/05/22 11:35:13:1779752] [INFO ]: Game Servers [1ms]: 
[16/05/22 11:35:13:1794015] [INFO ]:  | Game Server [0] [0ms]: 
[16/05/22 11:35:13:1809837] [INFO ]:  | | >IP: 127.0.0.1:20123
[16/05/22 11:35:13:1823616] [INFO ]:  | | >Fill Level: 0/2
[16/05/22 11:35:13:1840151] [INFO ]:  | Game Server [1] [0ms]: 
[16/05/22 11:35:13:1874886] [INFO ]:  | | >IP: 127.0.0.1:20124
[16/05/22 11:35:13:1905712] [INFO ]:  | | >Fill Level: 0/2
[16/05/22 11:35:13:1924164] [INFO ]:  | Game Server [2] [0ms]: 
[16/05/22 11:35:13:1945840] [INFO ]:  | | >IP: 127.0.0.1:20125
[16/05/22 11:35:13:1963442] [INFO ]:  | | >Fill Level: 0/2
[16/05/22 11:35:13:1979460] [INFO ]:  | Game Server [3] [0ms]: 
[16/05/22 11:35:13:2002887] [INFO ]:  | | >IP: 127.0.0.1:20126
[16/05/22 11:35:13:2060949] [INFO ]:  | | >Fill Level: 0/2
[16/05/22 11:35:13:2090651] [INFO ]:  | Game Server [4] [0ms]: 
[16/05/22 11:35:13:2111473] [INFO ]:  | | >IP: 127.0.0.1:20127
[16/05/22 11:35:13:2135835] [INFO ]:  | | >Fill Level: 0/2
[16/05/22 11:35:13:2174253] [INFO ]:  | Game Server [5] [0ms]: 
[16/05/22 11:35:13:2189657] [INFO ]:  | | >IP: 127.0.0.1:20128
[16/05/22 11:35:13:2220334] [INFO ]:  | | >Fill Level: 0/2
[16/05/22 11:35:13:2234248] [INFO ]:  | Game Server [6] [0ms]: 
[16/05/22 11:35:13:2264692] [INFO ]:  | | >IP: 127.0.0.1:20129
[16/05/22 11:35:13:2298803] [INFO ]:  | | >Fill Level: 0/2
[16/05/22 11:35:13:2319489] [INFO ]:  | Game Server [7] [0ms]: 
[16/05/22 11:35:13:2365360] [INFO ]:  | | >IP: 127.0.0.1:20130
[16/05/22 11:35:13:2393481] [INFO ]:  | | >Fill Level: 0/2
[16/05/22 11:35:13:2415345] [INFO ]:  | Game Server [8] [0ms]: 
[16/05/22 11:35:13:2434332] [INFO ]:  | | >IP: 127.0.0.1:20131
[16/05/22 11:35:13:2455637] [INFO ]:  | | >Fill Level: 0/2
[16/05/22 11:35:13:2500806] [INFO ]:  | Game Server [9] [0ms]: 
[16/05/22 11:35:13:2516490] [INFO ]:  | | >IP: 127.0.0.1:20132
[16/05/22 11:35:13:2545049] [INFO ]:  | | >Fill Level: 0/2
[16/05/22 11:35:13:2563455] [INFO ]:  | Game Server [10] [0ms]: 
[16/05/22 11:35:13:2578971] [INFO ]:  | | >IP: 127.0.0.1:20133
[16/05/22 11:35:13:2598321] [INFO ]:  | | >Fill Level: 0/2
[16/05/22 11:35:13:2648573] [INFO ]:  | Game Server [11] [0ms]: 
[16/05/22 11:35:13:2663780] [INFO ]:  | | >IP: 127.0.0.1:20134
[16/05/22 11:35:13:2692386] [INFO ]:  | | >Fill Level: 0/2
[16/05/22 11:35:13:2708500] [INFO ]:  | Game Server [12] [0ms]: 
[16/05/22 11:35:13:2723763] [INFO ]:  | | >IP: 127.0.0.1:20135
[16/05/22 11:35:13:2745576] [INFO ]:  | | >Fill Level: 0/2
[16/05/22 11:35:13:2857920] [INFO ]:  | Game Server [13] [0ms]: 
[16/05/22 11:35:13:2863898] [INFO ]:  | | >IP: 127.0.0.1:20136
[16/05/22 11:35:13:3036489] [INFO ]:  | | >Fill Level: 0/2
[16/05/22 11:35:13:3137962] [INFO ]:  | Game Server [14] [0ms]: 
[16/05/22 11:35:13:3162058] [INFO ]:  | | >IP: 127.0.0.1:20137
[16/05/22 11:35:13:3195806] [INFO ]:  | | >Fill Level: 0/2
[16/05/22 11:35:13:3209562] [INFO ]: ----------INFO ENDS----------
[16/05/22 11:35:13:3778577] [ERROR]: Error in main transcieve loop
[16/05/22 11:35:13:4500542] [ERROR]: System.Net.Sockets.SocketException (10054): An existing connection was forcibly closed by the remote host.
   at System.Net.Sockets.Socket.Send(Byte[] buffer)
   at ServerSpooler.Transciever.LobbyServersTranscieve() in C:\Users\rober\Documents\Mixed Code Projects\Scalable-Game-Servers\Server-Spooler\Transciever.cs:line 70
   at ServerSpooler.Program.Main(String[] args) in C:\Users\rober\Documents\Mixed Code Projects\Scalable-Game-Servers\Server-Spooler\Program.cs:line 94
[16/05/22 11:35:13:4563100] [INFO ]: Shutting down network
[16/05/22 11:35:13:4574358] [INFO ]: Giving time for graceful shutdown
[16/05/22 11:35:14:4751116] [INFO ]: Terminating processes
[16/05/22 11:35:14:4816376] [INFO ]: Killing Load Balancer
[16/05/22 11:35:14:4847707] [INFO ]: Killing Matchmaker
[16/05/22 11:35:14:4871511] [INFO ]: Killing lobby servers
[16/05/22 11:35:14:5019887] [INFO ]: Killing game servers
[16/05/22 11:35:14:5142414] [WARN ]: Shutting down logging
