[16/05/22 14:03:43:9012132] [INFO ]: Logging started
[16/05/22 14:03:44:0185460] [INFO ]: Starting Load Balancer
[16/05/22 14:03:44:2296225] [INFO ]: Waiting for Load Balancer response
[16/05/22 14:03:44:2386832] [INFO ]: Accepting client
[16/05/22 14:03:44:2599809] [INFO ]: Accepting connection
[16/05/22 14:03:44:7471530] [INFO ]: Connection established
[16/05/22 14:03:44:7490936] [INFO ]: Connected in 512ms
[16/05/22 14:03:44:7498054] [INFO ]: Starting Matchmaker
[16/05/22 14:03:44:8647187] [INFO ]: Waiting for Matchmaker response
[16/05/22 14:03:44:8699103] [INFO ]: Accepting client
[16/05/22 14:03:44:8709180] [INFO ]: Accepting connection
[16/05/22 14:03:45:3333853] [INFO ]: Connection established
[16/05/22 14:03:45:3345988] [INFO ]: Connected in 464ms
[16/05/22 14:03:45:3588534] [INFO ]: Starting lobby 0 on port 10123
[16/05/22 14:03:45:4780902] [INFO ]: Accepting client
[16/05/22 14:03:45:4823151] [INFO ]: Accepting connection
[16/05/22 14:03:45:9668066] [INFO ]: Connection established
[16/05/22 14:03:45:9698605] [INFO ]: Starting game server 0 on port 20123
[16/05/22 14:03:46:0960484] [INFO ]: Accepting client
[16/05/22 14:03:46:1005925] [INFO ]: Accepting connection
[16/05/22 14:03:46:5732530] [INFO ]: Connection established
[16/05/22 14:03:46:5778554] [INFO+]: ----------INFO START----------
[16/05/22 14:03:46:5783852] [INFO ]: Full update took [1238ms]
[16/05/22 14:03:46:5791077] [INFO ]: Starting Lobby Servers took [610ms]
[16/05/22 14:03:46:5802702] [INFO ]: Stopping Lobby Servers took [0ms]
[16/05/22 14:03:46:5811521] [INFO ]: Starting Game Servers took [605ms]
[16/05/22 14:03:46:5818116] [INFO ]: Starting Game Servers took [0ms]
[16/05/22 14:03:46:5831993] [INFO ]: 
[16/05/22 14:03:46:5841303] [INFO ]: Server Spooler:
[16/05/22 14:03:46:5847147] [INFO ]:  | >IP: 127.0.0.1:5105
[16/05/22 14:03:46:5855440] [INFO ]:  |
[16/05/22 14:03:46:5864389] [INFO ]: Load Balancer [10ms]:
[16/05/22 14:03:46:5873394] [INFO ]:  | >IP: 127.0.0.1:7107
[16/05/22 14:03:46:5887945] [INFO ]:  | >Queue Length: 0
[16/05/22 14:03:46:5896909] [INFO ]:  |
[16/05/22 14:03:46:5934532] [INFO ]: Lobby Servers [0ms]: 
[16/05/22 14:03:46:5943126] [INFO ]:  | Lobby Server [0] [0ms]: 
[16/05/22 14:03:46:5953361] [INFO ]:  | | >IP: 127.0.0.1:10123
[16/05/22 14:03:46:5960232] [INFO ]:  | | >Fill Level: 0/2
[16/05/22 14:03:46:5965606] [INFO ]:  |
[16/05/22 14:03:46:5971686] [INFO ]: Matchmaker [9ms]:
[16/05/22 14:03:46:5976703] [INFO ]:  | >IP: 127.0.0.1:6106
[16/05/22 14:03:46:5983188] [INFO ]:  | >Queue Length: 0
[16/05/22 14:03:46:5988728] [INFO ]:  |
[16/05/22 14:03:46:5994709] [INFO ]: Game Servers [0ms]: 
[16/05/22 14:03:46:6000159] [INFO ]:  | Game Server [0] [0ms]: 
[16/05/22 14:03:46:6006339] [INFO ]:  | | >IP: 127.0.0.1:20123
[16/05/22 14:03:46:6012489] [INFO ]:  | | >Fill Level: 0/2
[16/05/22 14:03:46:6022833] [INFO ]: ----------INFO ENDS----------
[16/05/22 14:03:47:6210224] [INFO+]: ----------INFO START----------
[16/05/22 14:03:47:6219437] [INFO ]: Full update took [0ms]
[16/05/22 14:03:47:6224534] [INFO ]: Starting Lobby Servers took [0ms]
[16/05/22 14:03:47:6229590] [INFO ]: Stopping Lobby Servers took [0ms]
[16/05/22 14:03:47:6234540] [INFO ]: Starting Game Servers took [0ms]
[16/05/22 14:03:47:6239793] [INFO ]: Starting Game Servers took [0ms]
[16/05/22 14:03:47:6245726] [INFO ]: 
[16/05/22 14:03:47:6250552] [INFO ]: Server Spooler:
[16/05/22 14:03:47:6256456] [INFO ]:  | >IP: 127.0.0.1:5105
[16/05/22 14:03:47:6261145] [INFO ]:  |
[16/05/22 14:03:47:6266954] [INFO ]: Load Balancer [0ms]:
[16/05/22 14:03:47:6272145] [INFO ]:  | >IP: 127.0.0.1:7107
[16/05/22 14:03:47:6277459] [INFO ]:  | >Queue Length: 0
[16/05/22 14:03:47:6282537] [INFO ]:  |
[16/05/22 14:03:47:6287783] [INFO ]: Lobby Servers [0ms]: 
[16/05/22 14:03:47:6292640] [INFO ]:  | Lobby Server [0] [0ms]: 
[16/05/22 14:03:47:6298400] [INFO ]:  | | >IP: 127.0.0.1:10123
[16/05/22 14:03:47:6303596] [INFO ]:  | | >Fill Level: 0/2
[16/05/22 14:03:47:6308913] [INFO ]:  |
[16/05/22 14:03:47:6313838] [INFO ]: Matchmaker [0ms]:
[16/05/22 14:03:47:6318478] [INFO ]:  | >IP: 127.0.0.1:6106
[16/05/22 14:03:47:6323434] [INFO ]:  | >Queue Length: 0
[16/05/22 14:03:47:6328460] [INFO ]:  |
[16/05/22 14:03:47:6333440] [INFO ]: Game Servers [0ms]: 
[16/05/22 14:03:47:6339001] [INFO ]:  | Game Server [0] [0ms]: 
[16/05/22 14:03:47:6344308] [INFO ]:  | | >IP: 127.0.0.1:20123
[16/05/22 14:03:47:6349266] [INFO ]:  | | >Fill Level: 0/2
[16/05/22 14:03:47:6354401] [INFO ]: ----------INFO ENDS----------
[16/05/22 14:03:48:6521526] [INFO+]: ----------INFO START----------
[16/05/22 14:03:48:6528327] [INFO ]: Full update took [0ms]
[16/05/22 14:03:48:6531189] [INFO ]: Starting Lobby Servers took [0ms]
[16/05/22 14:03:48:6533874] [INFO ]: Stopping Lobby Servers took [0ms]
[16/05/22 14:03:48:6536547] [INFO ]: Starting Game Servers took [0ms]
[16/05/22 14:03:48:6539196] [INFO ]: Starting Game Servers took [0ms]
[16/05/22 14:03:48:6541804] [INFO ]: 
[16/05/22 14:03:48:6544509] [INFO ]: Server Spooler:
[16/05/22 14:03:48:6547119] [INFO ]:  | >IP: 127.0.0.1:5105
[16/05/22 14:03:48:6549749] [INFO ]:  |
[16/05/22 14:03:48:6552458] [INFO ]: Load Balancer [0ms]:
[16/05/22 14:03:48:6555152] [INFO ]:  | >IP: 127.0.0.1:7107
[16/05/22 14:03:48:6557804] [INFO ]:  | >Queue Length: 0
[16/05/22 14:03:48:6560493] [INFO ]:  |
[16/05/22 14:03:48:6563139] [INFO ]: Lobby Servers [0ms]: 
[16/05/22 14:03:48:6566560] [INFO ]:  | Lobby Server [0] [0ms]: 
[16/05/22 14:03:48:6569696] [INFO ]:  | | >IP: 127.0.0.1:10123
[16/05/22 14:03:48:6572534] [INFO ]:  | | >Fill Level: 0/2
[16/05/22 14:03:48:6575313] [INFO ]:  |
[16/05/22 14:03:48:6577962] [INFO ]: Matchmaker [0ms]:
[16/05/22 14:03:48:6580723] [INFO ]:  | >IP: 127.0.0.1:6106
[16/05/22 14:03:48:6583453] [INFO ]:  | >Queue Length: 0
[16/05/22 14:03:48:6586020] [INFO ]:  |
[16/05/22 14:03:48:6588834] [INFO ]: Game Servers [0ms]: 
[16/05/22 14:03:48:6591499] [INFO ]:  | Game Server [0] [0ms]: 
[16/05/22 14:03:48:6594164] [INFO ]:  | | >IP: 127.0.0.1:20123
[16/05/22 14:03:48:6596824] [INFO ]:  | | >Fill Level: 0/2
[16/05/22 14:03:48:6599526] [INFO ]: ----------INFO ENDS----------
[16/05/22 14:03:49:6895811] [INFO+]: ----------INFO START----------
[16/05/22 14:03:49:6911406] [INFO ]: Full update took [0ms]
[16/05/22 14:03:49:6917986] [INFO ]: Starting Lobby Servers took [0ms]
[16/05/22 14:03:49:6925139] [INFO ]: Stopping Lobby Servers took [0ms]
[16/05/22 14:03:49:6931682] [INFO ]: Starting Game Servers took [0ms]
[16/05/22 14:03:49:6938147] [INFO ]: Starting Game Servers took [0ms]
[16/05/22 14:03:49:6944895] [INFO ]: 
[16/05/22 14:03:49:6996123] [INFO ]: Server Spooler:
[16/05/22 14:03:49:7004236] [INFO ]:  | >IP: 127.0.0.1:5105
[16/05/22 14:03:49:7011837] [INFO ]:  |
[16/05/22 14:03:49:7018645] [INFO ]: Load Balancer [0ms]:
[16/05/22 14:03:49:7025341] [INFO ]:  | >IP: 127.0.0.1:7107
[16/05/22 14:03:49:7033289] [INFO ]:  | >Queue Length: 0
[16/05/22 14:03:49:7040186] [INFO ]:  |
[16/05/22 14:03:49:7046687] [INFO ]: Lobby Servers [0ms]: 
[16/05/22 14:03:49:7053304] [INFO ]:  | Lobby Server [0] [0ms]: 
[16/05/22 14:03:49:7062589] [INFO ]:  | | >IP: 127.0.0.1:10123
[16/05/22 14:03:49:7070342] [INFO ]:  | | >Fill Level: 0/2
[16/05/22 14:03:49:7076496] [INFO ]:  |
[16/05/22 14:03:49:7083399] [INFO ]: Matchmaker [0ms]:
[16/05/22 14:03:49:7089689] [INFO ]:  | >IP: 127.0.0.1:6106
[16/05/22 14:03:49:7095988] [INFO ]:  | >Queue Length: 0
[16/05/22 14:03:49:7102366] [INFO ]:  |
[16/05/22 14:03:49:7108601] [INFO ]: Game Servers [0ms]: 
[16/05/22 14:03:49:7115166] [INFO ]:  | Game Server [0] [0ms]: 
[16/05/22 14:03:49:7122297] [INFO ]:  | | >IP: 127.0.0.1:20123
[16/05/22 14:03:49:7129627] [INFO ]:  | | >Fill Level: 0/2
[16/05/22 14:03:49:7135946] [INFO ]: ----------INFO ENDS----------
[16/05/22 14:03:50:7213885] [INFO+]: ----------INFO START----------
[16/05/22 14:03:50:7225972] [INFO ]: Full update took [0ms]
[16/05/22 14:03:50:7238278] [INFO ]: Starting Lobby Servers took [0ms]
[16/05/22 14:03:50:7247470] [INFO ]: Stopping Lobby Servers took [0ms]
[16/05/22 14:03:50:7255644] [INFO ]: Starting Game Servers took [0ms]
[16/05/22 14:03:50:7264095] [INFO ]: Starting Game Servers took [0ms]
[16/05/22 14:03:50:7272491] [INFO ]: 
[16/05/22 14:03:50:7280106] [INFO ]: Server Spooler:
[16/05/22 14:03:50:7288012] [INFO ]:  | >IP: 127.0.0.1:5105
[16/05/22 14:03:50:7296374] [INFO ]:  |
[16/05/22 14:03:50:7304131] [INFO ]: Load Balancer [0ms]:
[16/05/22 14:03:50:7311448] [INFO ]:  | >IP: 127.0.0.1:7107
[16/05/22 14:03:50:7318913] [INFO ]:  | >Queue Length: 0
[16/05/22 14:03:50:7326867] [INFO ]:  |
[16/05/22 14:03:50:7334696] [INFO ]: Lobby Servers [0ms]: 
[16/05/22 14:03:50:7342860] [INFO ]:  | Lobby Server [0] [0ms]: 
[16/05/22 14:03:50:7350153] [INFO ]:  | | >IP: 127.0.0.1:10123
[16/05/22 14:03:50:7357787] [INFO ]:  | | >Fill Level: 0/2
[16/05/22 14:03:50:7364877] [INFO ]:  |
[16/05/22 14:03:50:7372297] [INFO ]: Matchmaker [0ms]:
[16/05/22 14:03:50:7380237] [INFO ]:  | >IP: 127.0.0.1:6106
[16/05/22 14:03:50:7387790] [INFO ]:  | >Queue Length: 0
[16/05/22 14:03:50:7398584] [INFO ]:  |
[16/05/22 14:03:50:7406196] [INFO ]: Game Servers [0ms]: 
[16/05/22 14:03:50:7414774] [INFO ]:  | Game Server [0] [0ms]: 
[16/05/22 14:03:50:7422350] [INFO ]:  | | >IP: 127.0.0.1:20123
[16/05/22 14:03:50:7430118] [INFO ]:  | | >Fill Level: 0/2
[16/05/22 14:03:50:7437500] [INFO ]: ----------INFO ENDS----------
[16/05/22 14:03:51:7529193] [INFO+]: ----------INFO START----------
[16/05/22 14:03:51:7545689] [INFO ]: Full update took [0ms]
[16/05/22 14:03:51:7552630] [INFO ]: Starting Lobby Servers took [0ms]
[16/05/22 14:03:51:7563055] [INFO ]: Stopping Lobby Servers took [0ms]
[16/05/22 14:03:51:7570853] [INFO ]: Starting Game Servers took [0ms]
[16/05/22 14:03:51:7580521] [INFO ]: Starting Game Servers took [0ms]
[16/05/22 14:03:51:7588863] [INFO ]: 
[16/05/22 14:03:51:7596704] [INFO ]: Server Spooler:
[16/05/22 14:03:51:7604581] [INFO ]:  | >IP: 127.0.0.1:5105
[16/05/22 14:03:51:7612876] [INFO ]:  |
[16/05/22 14:03:51:7620916] [INFO ]: Load Balancer [0ms]:
[16/05/22 14:03:51:7628749] [INFO ]:  | >IP: 127.0.0.1:7107
[16/05/22 14:03:51:7636743] [INFO ]:  | >Queue Length: 0
[16/05/22 14:03:51:7644450] [INFO ]:  |
[16/05/22 14:03:51:7652107] [INFO ]: Lobby Servers [0ms]: 
[16/05/22 14:03:51:7659518] [INFO ]:  | Lobby Server [0] [0ms]: 
[16/05/22 14:03:51:7667037] [INFO ]:  | | >IP: 127.0.0.1:10123
[16/05/22 14:03:51:7678661] [INFO ]:  | | >Fill Level: 0/2
[16/05/22 14:03:51:7686259] [INFO ]:  |
[16/05/22 14:03:51:7693410] [INFO ]: Matchmaker [0ms]:
[16/05/22 14:03:51:7701106] [INFO ]:  | >IP: 127.0.0.1:6106
[16/05/22 14:03:51:7709096] [INFO ]:  | >Queue Length: 0
[16/05/22 14:03:51:7716722] [INFO ]:  |
[16/05/22 14:03:51:7724055] [INFO ]: Game Servers [0ms]: 
[16/05/22 14:03:51:7735032] [INFO ]:  | Game Server [0] [0ms]: 
[16/05/22 14:03:51:7743784] [INFO ]:  | | >IP: 127.0.0.1:20123
[16/05/22 14:03:51:7755220] [INFO ]:  | | >Fill Level: 0/2
[16/05/22 14:03:51:7763971] [INFO ]: ----------INFO ENDS----------
[16/05/22 14:03:52:7997209] [INFO+]: ----------INFO START----------
[16/05/22 14:03:52:8012844] [INFO ]: Full update took [0ms]
[16/05/22 14:03:52:8021047] [INFO ]: Starting Lobby Servers took [0ms]
[16/05/22 14:03:52:8028838] [INFO ]: Stopping Lobby Servers took [0ms]
[16/05/22 14:03:52:8036761] [INFO ]: Starting Game Servers took [0ms]
[16/05/22 14:03:52:8045011] [INFO ]: Starting Game Servers took [0ms]
[16/05/22 14:03:52:8057036] [INFO ]: 
[16/05/22 14:03:52:8065418] [INFO ]: Server Spooler:
[16/05/22 14:03:52:8075097] [INFO ]:  | >IP: 127.0.0.1:5105
[16/05/22 14:03:52:8083753] [INFO ]:  |
[16/05/22 14:03:52:8091053] [INFO ]: Load Balancer [0ms]:
[16/05/22 14:03:52:8100265] [INFO ]:  | >IP: 127.0.0.1:7107
[16/05/22 14:03:52:8110720] [INFO ]:  | >Queue Length: 0
[16/05/22 14:03:52:8118530] [INFO ]:  |
[16/05/22 14:03:52:8126325] [INFO ]: Lobby Servers [0ms]: 
[16/05/22 14:03:52:8134104] [INFO ]:  | Lobby Server [0] [0ms]: 
[16/05/22 14:03:52:8142225] [INFO ]:  | | >IP: 127.0.0.1:10123
[16/05/22 14:03:52:8152981] [INFO ]:  | | >Fill Level: 0/2
[16/05/22 14:03:52:8160378] [INFO ]:  |
[16/05/22 14:03:52:8167275] [INFO ]: Matchmaker [0ms]:
[16/05/22 14:03:52:8174871] [INFO ]:  | >IP: 127.0.0.1:6106
[16/05/22 14:03:52:8182736] [INFO ]:  | >Queue Length: 0
[16/05/22 14:03:52:8191125] [INFO ]:  |
[16/05/22 14:03:52:8198802] [INFO ]: Game Servers [0ms]: 
[16/05/22 14:03:52:8206918] [INFO ]:  | Game Server [0] [0ms]: 
[16/05/22 14:03:52:8214793] [INFO ]:  | | >IP: 127.0.0.1:20123
[16/05/22 14:03:52:8222604] [INFO ]:  | | >Fill Level: 0/2
[16/05/22 14:03:52:8233788] [INFO ]: ----------INFO ENDS----------
[16/05/22 14:03:53:8498847] [INFO+]: ----------INFO START----------
[16/05/22 14:03:53:8513950] [INFO ]: Full update took [0ms]
[16/05/22 14:03:53:8521887] [INFO ]: Starting Lobby Servers took [0ms]
[16/05/22 14:03:53:8530232] [INFO ]: Stopping Lobby Servers took [0ms]
[16/05/22 14:03:53:8538276] [INFO ]: Starting Game Servers took [0ms]
[16/05/22 14:03:53:8545838] [INFO ]: Starting Game Servers took [0ms]
[16/05/22 14:03:53:8555505] [INFO ]: 
[16/05/22 14:03:53:8562591] [INFO ]: Server Spooler:
[16/05/22 14:03:53:8571710] [INFO ]:  | >IP: 127.0.0.1:5105
[16/05/22 14:03:53:8579656] [INFO ]:  |
[16/05/22 14:03:53:8587480] [INFO ]: Load Balancer [0ms]:
[16/05/22 14:03:53:8596140] [INFO ]:  | >IP: 127.0.0.1:7107
[16/05/22 14:03:53:8603619] [INFO ]:  | >Queue Length: 0
[16/05/22 14:03:53:8611335] [INFO ]:  |
[16/05/22 14:03:53:8618787] [INFO ]: Lobby Servers [0ms]: 
[16/05/22 14:03:53:8626659] [INFO ]:  | Lobby Server [0] [0ms]: 
[16/05/22 14:03:53:8634623] [INFO ]:  | | >IP: 127.0.0.1:10123
[16/05/22 14:03:53:8644462] [INFO ]:  | | >Fill Level: 0/2
[16/05/22 14:03:53:8651660] [INFO ]:  |
[16/05/22 14:03:53:8659243] [INFO ]: Matchmaker [0ms]:
[16/05/22 14:03:53:8667136] [INFO ]:  | >IP: 127.0.0.1:6106
[16/05/22 14:03:53:8674504] [INFO ]:  | >Queue Length: 0
[16/05/22 14:03:53:8682633] [INFO ]:  |
[16/05/22 14:03:53:8690351] [INFO ]: Game Servers [0ms]: 
[16/05/22 14:03:53:8698441] [INFO ]:  | Game Server [0] [0ms]: 
[16/05/22 14:03:53:8705477] [INFO ]:  | | >IP: 127.0.0.1:20123
[16/05/22 14:03:53:8713340] [INFO ]:  | | >Fill Level: 0/2
[16/05/22 14:03:53:8720186] [INFO ]: ----------INFO ENDS----------
[16/05/22 14:03:54:8811777] [INFO+]: ----------INFO START----------
[16/05/22 14:03:54:8823890] [INFO ]: Full update took [0ms]
[16/05/22 14:03:54:8831155] [INFO ]: Starting Lobby Servers took [0ms]
[16/05/22 14:03:54:8839088] [INFO ]: Stopping Lobby Servers took [0ms]
[16/05/22 14:03:54:8846470] [INFO ]: Starting Game Servers took [0ms]
[16/05/22 14:03:54:8854481] [INFO ]: Starting Game Servers took [0ms]
[16/05/22 14:03:54:8861890] [INFO ]: 
[16/05/22 14:03:54:8869968] [INFO ]: Server Spooler:
[16/05/22 14:03:54:8877383] [INFO ]:  | >IP: 127.0.0.1:5105
[16/05/22 14:03:54:8888480] [INFO ]:  |
[16/05/22 14:03:54:8895917] [INFO ]: Load Balancer [0ms]:
[16/05/22 14:03:54:8905142] [INFO ]:  | >IP: 127.0.0.1:7107
[16/05/22 14:03:54:8917258] [INFO ]:  | >Queue Length: 0
[16/05/22 14:03:54:8924745] [INFO ]:  |
[16/05/22 14:03:54:8932362] [INFO ]: Lobby Servers [0ms]: 
[16/05/22 14:03:54:8940045] [INFO ]:  | Lobby Server [0] [0ms]: 
[16/05/22 14:03:54:8947634] [INFO ]:  | | >IP: 127.0.0.1:10123
[16/05/22 14:03:54:8954348] [INFO ]:  | | >Fill Level: 0/2
[16/05/22 14:03:54:8960843] [INFO ]:  |
[16/05/22 14:03:54:8967624] [INFO ]: Matchmaker [0ms]:
[16/05/22 14:03:54:8975096] [INFO ]:  | >IP: 127.0.0.1:6106
[16/05/22 14:03:54:8981901] [INFO ]:  | >Queue Length: 0
[16/05/22 14:03:54:8991708] [INFO ]:  |
[16/05/22 14:03:54:8999263] [INFO ]: Game Servers [0ms]: 
[16/05/22 14:03:54:9006851] [INFO ]:  | Game Server [0] [0ms]: 
[16/05/22 14:03:54:9014038] [INFO ]:  | | >IP: 127.0.0.1:20123
[16/05/22 14:03:54:9022161] [INFO ]:  | | >Fill Level: 0/2
[16/05/22 14:03:54:9029488] [INFO ]: ----------INFO ENDS----------
[16/05/22 14:03:55:9235345] [INFO+]: ----------INFO START----------
[16/05/22 14:03:55:9250646] [INFO ]: Full update took [0ms]
[16/05/22 14:03:55:9260453] [INFO ]: Starting Lobby Servers took [0ms]
[16/05/22 14:03:55:9268867] [INFO ]: Stopping Lobby Servers took [0ms]
[16/05/22 14:03:55:9276068] [INFO ]: Starting Game Servers took [0ms]
[16/05/22 14:03:55:9283749] [INFO ]: Starting Game Servers took [0ms]
[16/05/22 14:03:55:9291904] [INFO ]: 
[16/05/22 14:03:55:9299861] [INFO ]: Server Spooler:
[16/05/22 14:03:55:9307600] [INFO ]:  | >IP: 127.0.0.1:5105
[16/05/22 14:03:55:9315656] [INFO ]:  |
[16/05/22 14:03:55:9323538] [INFO ]: Load Balancer [0ms]:
[16/05/22 14:03:55:9332177] [INFO ]:  | >IP: 127.0.0.1:7107
[16/05/22 14:03:55:9339945] [INFO ]:  | >Queue Length: 0
[16/05/22 14:03:55:9347677] [INFO ]:  |
[16/05/22 14:03:55:9355954] [INFO ]: Lobby Servers [0ms]: 
[16/05/22 14:03:55:9363679] [INFO ]:  | Lobby Server [0] [0ms]: 
[16/05/22 14:03:55:9371545] [INFO ]:  | | >IP: 127.0.0.1:10123
[16/05/22 14:03:55:9386698] [INFO ]:  | | >Fill Level: 0/2
[16/05/22 14:03:55:9393879] [INFO ]:  |
[16/05/22 14:03:55:9402304] [INFO ]: Matchmaker [0ms]:
[16/05/22 14:03:55:9409793] [INFO ]:  | >IP: 127.0.0.1:6106
[16/05/22 14:03:55:9417229] [INFO ]:  | >Queue Length: 0
[16/05/22 14:03:55:9425335] [INFO ]:  |
[16/05/22 14:03:55:9432085] [INFO ]: Game Servers [0ms]: 
[16/05/22 14:03:55:9440112] [INFO ]:  | Game Server [0] [0ms]: 
[16/05/22 14:03:55:9447155] [INFO ]:  | | >IP: 127.0.0.1:20123
[16/05/22 14:03:55:9454315] [INFO ]:  | | >Fill Level: 0/2
[16/05/22 14:03:55:9461626] [INFO ]: ----------INFO ENDS----------
[16/05/22 14:03:56:2304232] [INFO ]: Starting lobby 1 on port 10124
[16/05/22 14:03:56:2981315] [INFO ]: Accepting client
[16/05/22 14:03:56:3112955] [INFO ]: Accepting connection
[16/05/22 14:03:56:6992615] [INFO ]: Connection established
[16/05/22 14:03:56:9513761] [INFO+]: ----------INFO START----------
[16/05/22 14:03:56:9527268] [INFO ]: Full update took [0ms]
[16/05/22 14:03:56:9535524] [INFO ]: Starting Lobby Servers took [0ms]
[16/05/22 14:03:56:9544699] [INFO ]: Stopping Lobby Servers took [0ms]
[16/05/22 14:03:56:9556963] [INFO ]: Starting Game Servers took [0ms]
[16/05/22 14:03:56:9568935] [INFO ]: Starting Game Servers took [0ms]
[16/05/22 14:03:56:9578367] [INFO ]: 
[16/05/22 14:03:56:9585248] [INFO ]: Server Spooler:
[16/05/22 14:03:56:9592959] [INFO ]:  | >IP: 127.0.0.1:5105
[16/05/22 14:03:56:9601223] [INFO ]:  |
[16/05/22 14:03:56:9610535] [INFO ]: Load Balancer [0ms]:
[16/05/22 14:03:56:9618251] [INFO ]:  | >IP: 127.0.0.1:7107
[16/05/22 14:03:56:9625684] [INFO ]:  | >Queue Length: 0
[16/05/22 14:03:56:9642736] [INFO ]:  |
[16/05/22 14:03:56:9650714] [INFO ]: Lobby Servers [0ms]: 
[16/05/22 14:03:56:9658366] [INFO ]:  | Lobby Server [0] [0ms]: 
[16/05/22 14:03:56:9666026] [INFO ]:  | | >IP: 127.0.0.1:10123
[16/05/22 14:03:56:9674806] [INFO ]:  | | >Fill Level: 1/2
[16/05/22 14:03:56:9682591] [INFO ]:  | Lobby Server [1] [0ms]: 
[16/05/22 14:03:56:9690635] [INFO ]:  | | >IP: 127.0.0.1:10124
[16/05/22 14:03:56:9698436] [INFO ]:  | | >Fill Level: 0/2
[16/05/22 14:03:56:9706249] [INFO ]:  |
[16/05/22 14:03:56:9717160] [INFO ]: Matchmaker [0ms]:
[16/05/22 14:03:56:9728645] [INFO ]:  | >IP: 127.0.0.1:6106
[16/05/22 14:03:56:9737792] [INFO ]:  | >Queue Length: 0
[16/05/22 14:03:56:9745280] [INFO ]:  |
[16/05/22 14:03:56:9754077] [INFO ]: Game Servers [0ms]: 
[16/05/22 14:03:56:9762036] [INFO ]:  | Game Server [0] [0ms]: 
[16/05/22 14:03:56:9769329] [INFO ]:  | | >IP: 127.0.0.1:20123
[16/05/22 14:03:56:9776757] [INFO ]:  | | >Fill Level: 0/2
[16/05/22 14:03:56:9783841] [INFO ]: ----------INFO ENDS----------
[16/05/22 14:03:58:0249688] [INFO+]: ----------INFO START----------
[16/05/22 14:03:58:0262159] [INFO ]: Full update took [0ms]
[16/05/22 14:03:58:0270956] [INFO ]: Starting Lobby Servers took [0ms]
[16/05/22 14:03:58:0278693] [INFO ]: Stopping Lobby Servers took [0ms]
[16/05/22 14:03:58:0286319] [INFO ]: Starting Game Servers took [0ms]
[16/05/22 14:03:58:0294168] [INFO ]: Starting Game Servers took [0ms]
[16/05/22 14:03:58:0302072] [INFO ]: 
[16/05/22 14:03:58:0310134] [INFO ]: Server Spooler:
[16/05/22 14:03:58:0317987] [INFO ]:  | >IP: 127.0.0.1:5105
[16/05/22 14:03:58:0325533] [INFO ]:  |
[16/05/22 14:03:58:0333895] [INFO ]: Load Balancer [0ms]:
[16/05/22 14:03:58:0341094] [INFO ]:  | >IP: 127.0.0.1:7107
[16/05/22 14:03:58:0348197] [INFO ]:  | >Queue Length: 0
[16/05/22 14:03:58:0357052] [INFO ]:  |
[16/05/22 14:03:58:0364679] [INFO ]: Lobby Servers [0ms]: 
[16/05/22 14:03:58:0373324] [INFO ]:  | Lobby Server [0] [0ms]: 
[16/05/22 14:03:58:0383334] [INFO ]:  | | >IP: 127.0.0.1:10123
[16/05/22 14:03:58:0391291] [INFO ]:  | | >Fill Level: 1/2
[16/05/22 14:03:58:0399398] [INFO ]:  | Lobby Server [1] [0ms]: 
[16/05/22 14:03:58:0407051] [INFO ]:  | | >IP: 127.0.0.1:10124
[16/05/22 14:03:58:0414658] [INFO ]:  | | >Fill Level: 0/2
[16/05/22 14:03:58:0422345] [INFO ]:  |
[16/05/22 14:03:58:0429724] [INFO ]: Matchmaker [0ms]:
[16/05/22 14:03:58:0438263] [INFO ]:  | >IP: 127.0.0.1:6106
[16/05/22 14:03:58:0446210] [INFO ]:  | >Queue Length: 0
[16/05/22 14:03:58:0453738] [INFO ]:  |
[16/05/22 14:03:58:0461287] [INFO ]: Game Servers [0ms]: 
[16/05/22 14:03:58:0468928] [INFO ]:  | Game Server [0] [0ms]: 
[16/05/22 14:03:58:0480039] [INFO ]:  | | >IP: 127.0.0.1:20123
[16/05/22 14:03:58:0486870] [INFO ]:  | | >Fill Level: 0/2
[16/05/22 14:03:58:0493976] [INFO ]: ----------INFO ENDS----------
[16/05/22 14:03:59:0549947] [INFO+]: ----------INFO START----------
[16/05/22 14:03:59:0555170] [INFO ]: Full update took [0ms]
[16/05/22 14:03:59:0557728] [INFO ]: Starting Lobby Servers took [0ms]
[16/05/22 14:03:59:0560463] [INFO ]: Stopping Lobby Servers took [0ms]
[16/05/22 14:03:59:0563270] [INFO ]: Starting Game Servers took [0ms]
[16/05/22 14:03:59:0565804] [INFO ]: Starting Game Servers took [0ms]
[16/05/22 14:03:59:0568320] [INFO ]: 
[16/05/22 14:03:59:0570650] [INFO ]: Server Spooler:
[16/05/22 14:03:59:0573126] [INFO ]:  | >IP: 127.0.0.1:5105
[16/05/22 14:03:59:0575892] [INFO ]:  |
[16/05/22 14:03:59:0578533] [INFO ]: Load Balancer [0ms]:
[16/05/22 14:03:59:0581052] [INFO ]:  | >IP: 127.0.0.1:7107
[16/05/22 14:03:59:0583559] [INFO ]:  | >Queue Length: 0
[16/05/22 14:03:59:0585977] [INFO ]:  |
[16/05/22 14:03:59:0588421] [INFO ]: Lobby Servers [0ms]: 
[16/05/22 14:03:59:0591059] [INFO ]:  | Lobby Server [0] [0ms]: 
[16/05/22 14:03:59:0593649] [INFO ]:  | | >IP: 127.0.0.1:10123
[16/05/22 14:03:59:0596138] [INFO ]:  | | >Fill Level: 1/2
[16/05/22 14:03:59:0598535] [INFO ]:  | Lobby Server [1] [0ms]: 
[16/05/22 14:03:59:0601038] [INFO ]:  | | >IP: 127.0.0.1:10124
[16/05/22 14:03:59:0603507] [INFO ]:  | | >Fill Level: 0/2
[16/05/22 14:03:59:0605953] [INFO ]:  |
[16/05/22 14:03:59:0608405] [INFO ]: Matchmaker [0ms]:
[16/05/22 14:03:59:0610958] [INFO ]:  | >IP: 127.0.0.1:6106
[16/05/22 14:03:59:0613563] [INFO ]:  | >Queue Length: 0
[16/05/22 14:03:59:0615926] [INFO ]:  |
[16/05/22 14:03:59:0618448] [INFO ]: Game Servers [0ms]: 
[16/05/22 14:03:59:0620868] [INFO ]:  | Game Server [0] [0ms]: 
[16/05/22 14:03:59:0623356] [INFO ]:  | | >IP: 127.0.0.1:20123
[16/05/22 14:03:59:0625955] [INFO ]:  | | >Fill Level: 0/2
[16/05/22 14:03:59:0628486] [INFO ]: ----------INFO ENDS----------
[16/05/22 14:04:00:1098917] [INFO+]: ----------INFO START----------
[16/05/22 14:04:00:1105222] [INFO ]: Full update took [0ms]
[16/05/22 14:04:00:1108497] [INFO ]: Starting Lobby Servers took [0ms]
[16/05/22 14:04:00:1111538] [INFO ]: Stopping Lobby Servers took [0ms]
[16/05/22 14:04:00:1114773] [INFO ]: Starting Game Servers took [0ms]
[16/05/22 14:04:00:1117662] [INFO ]: Starting Game Servers took [0ms]
[16/05/22 14:04:00:1120887] [INFO ]: 
[16/05/22 14:04:00:1124078] [INFO ]: Server Spooler:
[16/05/22 14:04:00:1128454] [INFO ]:  | >IP: 127.0.0.1:5105
[16/05/22 14:04:00:1131607] [INFO ]:  |
[16/05/22 14:04:00:1134747] [INFO ]: Load Balancer [0ms]:
[16/05/22 14:04:00:1137860] [INFO ]:  | >IP: 127.0.0.1:7107
[16/05/22 14:04:00:1141085] [INFO ]:  | >Queue Length: 0
[16/05/22 14:04:00:1144355] [INFO ]:  |
[16/05/22 14:04:00:1147528] [INFO ]: Lobby Servers [0ms]: 
[16/05/22 14:04:00:1150747] [INFO ]:  | Lobby Server [0] [0ms]: 
[16/05/22 14:04:00:1153910] [INFO ]:  | | >IP: 127.0.0.1:10123
[16/05/22 14:04:00:1156997] [INFO ]:  | | >Fill Level: 1/2
[16/05/22 14:04:00:1160119] [INFO ]:  | Lobby Server [1] [0ms]: 
[16/05/22 14:04:00:1163402] [INFO ]:  | | >IP: 127.0.0.1:10124
[16/05/22 14:04:00:1166577] [INFO ]:  | | >Fill Level: 0/2
[16/05/22 14:04:00:1169687] [INFO ]:  |
[16/05/22 14:04:00:1172708] [INFO ]: Matchmaker [0ms]:
[16/05/22 14:04:00:1175821] [INFO ]:  | >IP: 127.0.0.1:6106
[16/05/22 14:04:00:1179014] [INFO ]:  | >Queue Length: 0
[16/05/22 14:04:00:1182156] [INFO ]:  |
[16/05/22 14:04:00:1185123] [INFO ]: Game Servers [0ms]: 
[16/05/22 14:04:00:1188328] [INFO ]:  | Game Server [0] [0ms]: 
[16/05/22 14:04:00:1191687] [INFO ]:  | | >IP: 127.0.0.1:20123
[16/05/22 14:04:00:1196309] [INFO ]:  | | >Fill Level: 0/2
[16/05/22 14:04:00:1199218] [INFO ]: ----------INFO ENDS----------
[16/05/22 14:04:01:1386360] [INFO+]: ----------INFO START----------
[16/05/22 14:04:01:1401710] [INFO ]: Full update took [0ms]
[16/05/22 14:04:01:1409608] [INFO ]: Starting Lobby Servers took [0ms]
[16/05/22 14:04:01:1417343] [INFO ]: Stopping Lobby Servers took [0ms]
[16/05/22 14:04:01:1424283] [INFO ]: Starting Game Servers took [0ms]
[16/05/22 14:04:01:1431389] [INFO ]: Starting Game Servers took [0ms]
[16/05/22 14:04:01:1440861] [INFO ]: 
[16/05/22 14:04:01:1449451] [INFO ]: Server Spooler:
[16/05/22 14:04:01:1459238] [INFO ]:  | >IP: 127.0.0.1:5105
[16/05/22 14:04:01:1467444] [INFO ]:  |
[16/05/22 14:04:01:1475283] [INFO ]: Load Balancer [0ms]:
[16/05/22 14:04:01:1488264] [INFO ]:  | >IP: 127.0.0.1:7107
[16/05/22 14:04:01:1509486] [INFO ]:  | >Queue Length: 0
[16/05/22 14:04:01:1517181] [INFO ]:  |
[16/05/22 14:04:01:1524272] [INFO ]: Lobby Servers [0ms]: 
[16/05/22 14:04:01:1531073] [INFO ]:  | Lobby Server [0] [0ms]: 
[16/05/22 14:04:01:1542454] [INFO ]:  | | >IP: 127.0.0.1:10123
[16/05/22 14:04:01:1551176] [INFO ]:  | | >Fill Level: 1/2
[16/05/22 14:04:01:1559137] [INFO ]:  | Lobby Server [1] [0ms]: 
[16/05/22 14:04:01:1572296] [INFO ]:  | | >IP: 127.0.0.1:10124
[16/05/22 14:04:01:1580488] [INFO ]:  | | >Fill Level: 0/2
[16/05/22 14:04:01:1587472] [INFO ]:  |
[16/05/22 14:04:01:1595444] [INFO ]: Matchmaker [0ms]:
[16/05/22 14:04:01:1603804] [INFO ]:  | >IP: 127.0.0.1:6106
[16/05/22 14:04:01:1611183] [INFO ]:  | >Queue Length: 0
[16/05/22 14:04:01:1618393] [INFO ]:  |
[16/05/22 14:04:01:1625867] [INFO ]: Game Servers [0ms]: 
[16/05/22 14:04:01:1633400] [INFO ]:  | Game Server [0] [0ms]: 
[16/05/22 14:04:01:1643366] [INFO ]:  | | >IP: 127.0.0.1:20123
[16/05/22 14:04:01:1650169] [INFO ]:  | | >Fill Level: 0/2
[16/05/22 14:04:01:1657756] [INFO ]: ----------INFO ENDS----------
[16/05/22 14:04:02:2053330] [INFO+]: ----------INFO START----------
[16/05/22 14:04:02:2064619] [INFO ]: Full update took [0ms]
[16/05/22 14:04:02:2075298] [INFO ]: Starting Lobby Servers took [0ms]
[16/05/22 14:04:02:2084182] [INFO ]: Stopping Lobby Servers took [0ms]
[16/05/22 14:04:02:2093266] [INFO ]: Starting Game Servers took [0ms]
[16/05/22 14:04:02:2102379] [INFO ]: Starting Game Servers took [0ms]
[16/05/22 14:04:02:2110581] [INFO ]: 
[16/05/22 14:04:02:2118428] [INFO ]: Server Spooler:
[16/05/22 14:04:02:2126308] [INFO ]:  | >IP: 127.0.0.1:5105
[16/05/22 14:04:02:2134300] [INFO ]:  |
[16/05/22 14:04:02:2141682] [INFO ]: Load Balancer [0ms]:
[16/05/22 14:04:02:2149512] [INFO ]:  | >IP: 127.0.0.1:7107
[16/05/22 14:04:02:2157360] [INFO ]:  | >Queue Length: 0
[16/05/22 14:04:02:2165244] [INFO ]:  |
[16/05/22 14:04:02:2172800] [INFO ]: Lobby Servers [0ms]: 
[16/05/22 14:04:02:2180788] [INFO ]:  | Lobby Server [0] [0ms]: 
[16/05/22 14:04:02:2188500] [INFO ]:  | | >IP: 127.0.0.1:10123
[16/05/22 14:04:02:2196149] [INFO ]:  | | >Fill Level: 1/2
[16/05/22 14:04:02:2206222] [INFO ]:  | Lobby Server [1] [0ms]: 
[16/05/22 14:04:02:2213643] [INFO ]:  | | >IP: 127.0.0.1:10124
[16/05/22 14:04:02:2221529] [INFO ]:  | | >Fill Level: 0/2
[16/05/22 14:04:02:2232308] [INFO ]:  |
[16/05/22 14:04:02:2239692] [INFO ]: Matchmaker [0ms]:
[16/05/22 14:04:02:2247974] [INFO ]:  | >IP: 127.0.0.1:6106
[16/05/22 14:04:02:2255271] [INFO ]:  | >Queue Length: 0
[16/05/22 14:04:02:2262603] [INFO ]:  |
[16/05/22 14:04:02:2270949] [INFO ]: Game Servers [0ms]: 
[16/05/22 14:04:02:2278303] [INFO ]:  | Game Server [0] [0ms]: 
[16/05/22 14:04:02:2285753] [INFO ]:  | | >IP: 127.0.0.1:20123
[16/05/22 14:04:02:2293059] [INFO ]:  | | >Fill Level: 0/2
[16/05/22 14:04:02:2300758] [INFO ]: ----------INFO ENDS----------
[16/05/22 14:04:03:2717482] [INFO+]: ----------INFO START----------
[16/05/22 14:04:03:2731662] [INFO ]: Full update took [0ms]
[16/05/22 14:04:03:2739136] [INFO ]: Starting Lobby Servers took [0ms]
[16/05/22 14:04:03:2746588] [INFO ]: Stopping Lobby Servers took [0ms]
[16/05/22 14:04:03:2754721] [INFO ]: Starting Game Servers took [0ms]
[16/05/22 14:04:03:2762571] [INFO ]: Starting Game Servers took [0ms]
[16/05/22 14:04:03:2771329] [INFO ]: 
[16/05/22 14:04:03:2781004] [INFO ]: Server Spooler:
[16/05/22 14:04:03:2788483] [INFO ]:  | >IP: 127.0.0.1:5105
[16/05/22 14:04:03:2795765] [INFO ]:  |
[16/05/22 14:04:03:2803282] [INFO ]: Load Balancer [0ms]:
[16/05/22 14:04:03:2810431] [INFO ]:  | >IP: 127.0.0.1:7107
[16/05/22 14:04:03:2821315] [INFO ]:  | >Queue Length: 0
[16/05/22 14:04:03:2828129] [INFO ]:  |
[16/05/22 14:04:03:2835585] [INFO ]: Lobby Servers [0ms]: 
[16/05/22 14:04:03:2842758] [INFO ]:  | Lobby Server [0] [0ms]: 
[16/05/22 14:04:03:2850324] [INFO ]:  | | >IP: 127.0.0.1:10123
[16/05/22 14:04:03:2857728] [INFO ]:  | | >Fill Level: 1/2
[16/05/22 14:04:03:2867186] [INFO ]:  | Lobby Server [1] [0ms]: 
[16/05/22 14:04:03:2875141] [INFO ]:  | | >IP: 127.0.0.1:10124
[16/05/22 14:04:03:2882477] [INFO ]:  | | >Fill Level: 0/2
[16/05/22 14:04:03:2890061] [INFO ]:  |
[16/05/22 14:04:03:2898467] [INFO ]: Matchmaker [0ms]:
[16/05/22 14:04:03:2905602] [INFO ]:  | >IP: 127.0.0.1:6106
[16/05/22 14:04:03:2913202] [INFO ]:  | >Queue Length: 0
[16/05/22 14:04:03:2920360] [INFO ]:  |
[16/05/22 14:04:03:2927597] [INFO ]: Game Servers [0ms]: 
[16/05/22 14:04:03:2935014] [INFO ]:  | Game Server [0] [0ms]: 
[16/05/22 14:04:03:2942420] [INFO ]:  | | >IP: 127.0.0.1:20123
[16/05/22 14:04:03:2949887] [INFO ]:  | | >Fill Level: 0/2
[16/05/22 14:04:03:2957232] [INFO ]: ----------INFO ENDS----------
[16/05/22 14:04:03:9373549] [INFO ]: Starting game server 1 on port 20124
[16/05/22 14:04:03:9807556] [INFO ]: Accepting client
[16/05/22 14:04:03:9852218] [INFO ]: Accepting connection
[16/05/22 14:04:04:4128402] [INFO ]: Connection established
[16/05/22 14:04:04:4136085] [INFO+]: ----------INFO START----------
[16/05/22 14:04:04:4141636] [INFO ]: Full update took [0ms]
[16/05/22 14:04:04:4145376] [INFO ]: Starting Lobby Servers took [0ms]
[16/05/22 14:04:04:4150265] [INFO ]: Stopping Lobby Servers took [0ms]
[16/05/22 14:04:04:4155112] [INFO ]: Starting Game Servers took [476ms]
[16/05/22 14:04:04:4159750] [INFO ]: Starting Game Servers took [0ms]
[16/05/22 14:04:04:4165024] [INFO ]: 
[16/05/22 14:04:04:4170225] [INFO ]: Server Spooler:
[16/05/22 14:04:04:4174700] [INFO ]:  | >IP: 127.0.0.1:5105
[16/05/22 14:04:04:4178875] [INFO ]:  |
[16/05/22 14:04:04:4182955] [INFO ]: Load Balancer [0ms]:
[16/05/22 14:04:04:4189315] [INFO ]:  | >IP: 127.0.0.1:7107
[16/05/22 14:04:04:4194129] [INFO ]:  | >Queue Length: 0
[16/05/22 14:04:04:4214178] [INFO ]:  |
[16/05/22 14:04:04:4222776] [INFO ]: Lobby Servers [0ms]: 
[16/05/22 14:04:04:4238843] [INFO ]:  | Lobby Server [1] [0ms]: 
[16/05/22 14:04:04:4255497] [INFO ]:  | | >IP: 127.0.0.1:10124
[16/05/22 14:04:04:4262935] [INFO ]:  | | >Fill Level: 0/2
[16/05/22 14:04:04:4269212] [INFO ]:  |
[16/05/22 14:04:04:4273402] [INFO ]: Matchmaker [0ms]:
[16/05/22 14:04:04:4279270] [INFO ]:  | >IP: 127.0.0.1:6106
[16/05/22 14:04:04:4283874] [INFO ]:  | >Queue Length: 0
[16/05/22 14:04:04:4289702] [INFO ]:  |
[16/05/22 14:04:04:4296696] [INFO ]: Game Servers [0ms]: 
[16/05/22 14:04:04:4301845] [INFO ]:  | Game Server [0] [0ms]: 
[16/05/22 14:04:04:4328826] [INFO ]:  | | >IP: 127.0.0.1:20123
[16/05/22 14:04:04:4336700] [INFO ]:  | | >Fill Level: 1/2
[16/05/22 14:04:04:4348951] [INFO ]:  | Game Server [1] [0ms]: 
[16/05/22 14:04:04:4354687] [INFO ]:  | | >IP: 127.0.0.1:20124
[16/05/22 14:04:04:4372120] [INFO ]:  | | >Fill Level: 0/2
[16/05/22 14:04:04:4383223] [INFO ]: ----------INFO ENDS----------
[16/05/22 14:04:05:4726423] [INFO+]: ----------INFO START----------
[16/05/22 14:04:05:4785245] [INFO ]: Full update took [0ms]
[16/05/22 14:04:05:4797810] [INFO ]: Starting Lobby Servers took [0ms]
[16/05/22 14:04:05:4813357] [INFO ]: Stopping Lobby Servers took [0ms]
[16/05/22 14:04:05:5018824] [INFO ]: Starting Game Servers took [0ms]
[16/05/22 14:04:05:5142600] [INFO ]: Starting Game Servers took [0ms]
[16/05/22 14:04:05:5174221] [INFO ]: 
[16/05/22 14:04:05:5222338] [INFO ]: Server Spooler:
[16/05/22 14:04:05:5238084] [INFO ]:  | >IP: 127.0.0.1:5105
[16/05/22 14:04:05:5244094] [INFO ]:  |
[16/05/22 14:04:05:5253695] [INFO ]: Load Balancer [1ms]:
[16/05/22 14:04:05:5263317] [INFO ]:  | >IP: 127.0.0.1:7107
[16/05/22 14:04:05:5268499] [INFO ]:  | >Queue Length: 0
[16/05/22 14:04:05:5277409] [INFO ]:  |
[16/05/22 14:04:05:5288912] [INFO ]: Lobby Servers [0ms]: 
[16/05/22 14:04:05:5294666] [INFO ]:  | Lobby Server [1] [0ms]: 
[16/05/22 14:04:05:5301620] [INFO ]:  | | >IP: 127.0.0.1:10124
[16/05/22 14:04:05:5307332] [INFO ]:  | | >Fill Level: 0/2
[16/05/22 14:04:05:5318953] [INFO ]:  |
[16/05/22 14:04:05:5322836] [INFO ]: Matchmaker [0ms]:
[16/05/22 14:04:05:5327962] [INFO ]:  | >IP: 127.0.0.1:6106
[16/05/22 14:04:05:5332787] [INFO ]:  | >Queue Length: 0
[16/05/22 14:04:05:5337825] [INFO ]:  |
[16/05/22 14:04:05:5342611] [INFO ]: Game Servers [0ms]: 
[16/05/22 14:04:05:5348239] [INFO ]:  | Game Server [0] [0ms]: 
[16/05/22 14:04:05:5353232] [INFO ]:  | | >IP: 127.0.0.1:20123
[16/05/22 14:04:05:5357510] [INFO ]:  | | >Fill Level: 1/2
[16/05/22 14:04:05:5368046] [INFO ]:  | Game Server [1] [0ms]: 
[16/05/22 14:04:05:5373686] [INFO ]:  | | >IP: 127.0.0.1:20124
[16/05/22 14:04:05:5378680] [INFO ]:  | | >Fill Level: 0/2
[16/05/22 14:04:05:5383713] [INFO ]: ----------INFO ENDS----------
[16/05/22 14:04:06:5807491] [INFO+]: ----------INFO START----------
[16/05/22 14:04:06:5821760] [INFO ]: Full update took [0ms]
[16/05/22 14:04:06:5829450] [INFO ]: Starting Lobby Servers took [0ms]
[16/05/22 14:04:06:5837601] [INFO ]: Stopping Lobby Servers took [0ms]
[16/05/22 14:04:06:5845615] [INFO ]: Starting Game Servers took [0ms]
[16/05/22 14:04:06:5853498] [INFO ]: Starting Game Servers took [0ms]
[16/05/22 14:04:06:5864836] [INFO ]: 
[16/05/22 14:04:06:5872666] [INFO ]: Server Spooler:
[16/05/22 14:04:06:5880322] [INFO ]:  | >IP: 127.0.0.1:5105
[16/05/22 14:04:06:5887994] [INFO ]:  |
[16/05/22 14:04:06:5895184] [INFO ]: Load Balancer [0ms]:
[16/05/22 14:04:06:5902399] [INFO ]:  | >IP: 127.0.0.1:7107
[16/05/22 14:04:06:5910559] [INFO ]:  | >Queue Length: 0
[16/05/22 14:04:06:5918248] [INFO ]:  |
[16/05/22 14:04:06:5925847] [INFO ]: Lobby Servers [0ms]: 
[16/05/22 14:04:06:5933335] [INFO ]:  | Lobby Server [1] [0ms]: 
[16/05/22 14:04:06:5941305] [INFO ]:  | | >IP: 127.0.0.1:10124
[16/05/22 14:04:06:5948770] [INFO ]:  | | >Fill Level: 0/2
[16/05/22 14:04:06:5955666] [INFO ]:  |
[16/05/22 14:04:06:5963479] [INFO ]: Matchmaker [0ms]:
[16/05/22 14:04:06:5971451] [INFO ]:  | >IP: 127.0.0.1:6106
[16/05/22 14:04:06:5979743] [INFO ]:  | >Queue Length: 0
[16/05/22 14:04:06:5986927] [INFO ]:  |
[16/05/22 14:04:06:5994200] [INFO ]: Game Servers [0ms]: 
[16/05/22 14:04:06:6005331] [INFO ]:  | Game Server [0] [0ms]: 
[16/05/22 14:04:06:6012822] [INFO ]:  | | >IP: 127.0.0.1:20123
[16/05/22 14:04:06:6019958] [INFO ]:  | | >Fill Level: 1/2
[16/05/22 14:04:06:6029401] [INFO ]:  | Game Server [1] [0ms]: 
[16/05/22 14:04:06:6036715] [INFO ]:  | | >IP: 127.0.0.1:20124
[16/05/22 14:04:06:6044713] [INFO ]:  | | >Fill Level: 0/2
[16/05/22 14:04:06:6052079] [INFO ]: ----------INFO ENDS----------
[16/05/22 14:04:07:6208790] [INFO+]: ----------INFO START----------
[16/05/22 14:04:07:6224976] [INFO ]: Full update took [0ms]
[16/05/22 14:04:07:6232944] [INFO ]: Starting Lobby Servers took [0ms]
[16/05/22 14:04:07:6241099] [INFO ]: Stopping Lobby Servers took [0ms]
[16/05/22 14:04:07:6249531] [INFO ]: Starting Game Servers took [0ms]
[16/05/22 14:04:07:6257076] [INFO ]: Starting Game Servers took [0ms]
[16/05/22 14:04:07:6264577] [INFO ]: 
[16/05/22 14:04:07:6272079] [INFO ]: Server Spooler:
[16/05/22 14:04:07:6280037] [INFO ]:  | >IP: 127.0.0.1:5105
[16/05/22 14:04:07:6287287] [INFO ]:  |
[16/05/22 14:04:07:6295272] [INFO ]: Load Balancer [0ms]:
[16/05/22 14:04:07:6303089] [INFO ]:  | >IP: 127.0.0.1:7107
[16/05/22 14:04:07:6310511] [INFO ]:  | >Queue Length: 0
[16/05/22 14:04:07:6317704] [INFO ]:  |
[16/05/22 14:04:07:6325786] [INFO ]: Lobby Servers [0ms]: 
[16/05/22 14:04:07:6333519] [INFO ]:  | Lobby Server [1] [0ms]: 
[16/05/22 14:04:07:6341365] [INFO ]:  | | >IP: 127.0.0.1:10124
[16/05/22 14:04:07:6349006] [INFO ]:  | | >Fill Level: 0/2
[16/05/22 14:04:07:6359393] [INFO ]:  |
[16/05/22 14:04:07:6367331] [INFO ]: Matchmaker [0ms]:
[16/05/22 14:04:07:6370229] [INFO ]:  | >IP: 127.0.0.1:6106
[16/05/22 14:04:07:6373106] [INFO ]:  | >Queue Length: 0
[16/05/22 14:04:07:6375859] [INFO ]:  |
[16/05/22 14:04:07:6378396] [INFO ]: Game Servers [0ms]: 
[16/05/22 14:04:07:6381333] [INFO ]:  | Game Server [0] [0ms]: 
[16/05/22 14:04:07:6384024] [INFO ]:  | | >IP: 127.0.0.1:20123
[16/05/22 14:04:07:6386691] [INFO ]:  | | >Fill Level: 1/2
[16/05/22 14:04:07:6389482] [INFO ]:  | Game Server [1] [0ms]: 
[16/05/22 14:04:07:6392198] [INFO ]:  | | >IP: 127.0.0.1:20124
[16/05/22 14:04:07:6396282] [INFO ]:  | | >Fill Level: 0/2
[16/05/22 14:04:07:6399091] [INFO ]: ----------INFO ENDS----------
[16/05/22 14:04:08:6534626] [INFO+]: ----------INFO START----------
[16/05/22 14:04:08:6550389] [INFO ]: Full update took [0ms]
[16/05/22 14:04:08:6557744] [INFO ]: Starting Lobby Servers took [0ms]
[16/05/22 14:04:08:6565689] [INFO ]: Stopping Lobby Servers took [0ms]
[16/05/22 14:04:08:6573552] [INFO ]: Starting Game Servers took [0ms]
[16/05/22 14:04:08:6581967] [INFO ]: Starting Game Servers took [0ms]
[16/05/22 14:04:08:6589808] [INFO ]: 
[16/05/22 14:04:08:6597626] [INFO ]: Server Spooler:
[16/05/22 14:04:08:6606103] [INFO ]:  | >IP: 127.0.0.1:5105
[16/05/22 14:04:08:6613981] [INFO ]:  |
[16/05/22 14:04:08:6621389] [INFO ]: Load Balancer [0ms]:
[16/05/22 14:04:08:6629232] [INFO ]:  | >IP: 127.0.0.1:7107
[16/05/22 14:04:08:6637168] [INFO ]:  | >Queue Length: 0
[16/05/22 14:04:08:6644659] [INFO ]:  |
[16/05/22 14:04:08:6652214] [INFO ]: Lobby Servers [0ms]: 
[16/05/22 14:04:08:6659429] [INFO ]:  | Lobby Server [1] [0ms]: 
[16/05/22 14:04:08:6667815] [INFO ]:  | | >IP: 127.0.0.1:10124
[16/05/22 14:04:08:6675478] [INFO ]:  | | >Fill Level: 0/2
[16/05/22 14:04:08:6683512] [INFO ]:  |
[16/05/22 14:04:08:6692823] [INFO ]: Matchmaker [0ms]:
[16/05/22 14:04:08:6701934] [INFO ]:  | >IP: 127.0.0.1:6106
[16/05/22 14:04:08:6714056] [INFO ]:  | >Queue Length: 0
[16/05/22 14:04:08:6724670] [INFO ]:  |
[16/05/22 14:04:08:6732233] [INFO ]: Game Servers [0ms]: 
[16/05/22 14:04:08:6740135] [INFO ]:  | Game Server [0] [0ms]: 
[16/05/22 14:04:08:6748047] [INFO ]:  | | >IP: 127.0.0.1:20123
[16/05/22 14:04:08:6755509] [INFO ]:  | | >Fill Level: 1/2
[16/05/22 14:04:08:6763363] [INFO ]:  | Game Server [1] [0ms]: 
[16/05/22 14:04:08:6770917] [INFO ]:  | | >IP: 127.0.0.1:20124
[16/05/22 14:04:08:6778290] [INFO ]:  | | >Fill Level: 0/2
[16/05/22 14:04:08:6785866] [INFO ]: ----------INFO ENDS----------
[16/05/22 14:04:09:7197260] [INFO+]: ----------INFO START----------
[16/05/22 14:04:09:7212327] [INFO ]: Full update took [0ms]
[16/05/22 14:04:09:7219730] [INFO ]: Starting Lobby Servers took [0ms]
[16/05/22 14:04:09:7226658] [INFO ]: Stopping Lobby Servers took [0ms]
[16/05/22 14:04:09:7234056] [INFO ]: Starting Game Servers took [0ms]
[16/05/22 14:04:09:7241602] [INFO ]: Starting Game Servers took [0ms]
[16/05/22 14:04:09:7249710] [INFO ]: 
[16/05/22 14:04:09:7257349] [INFO ]: Server Spooler:
[16/05/22 14:04:09:7265526] [INFO ]:  | >IP: 127.0.0.1:5105
[16/05/22 14:04:09:7273490] [INFO ]:  |
[16/05/22 14:04:09:7281323] [INFO ]: Load Balancer [0ms]:
[16/05/22 14:04:09:7288726] [INFO ]:  | >IP: 127.0.0.1:7107
[16/05/22 14:04:09:7296734] [INFO ]:  | >Queue Length: 0
[16/05/22 14:04:09:7304686] [INFO ]:  |
[16/05/22 14:04:09:7313017] [INFO ]: Lobby Servers [0ms]: 
[16/05/22 14:04:09:7320458] [INFO ]:  | Lobby Server [1] [0ms]: 
[16/05/22 14:04:09:7328063] [INFO ]:  | | >IP: 127.0.0.1:10124
[16/05/22 14:04:09:7335723] [INFO ]:  | | >Fill Level: 0/2
[16/05/22 14:04:09:7346178] [INFO ]:  |
[16/05/22 14:04:09:7355578] [INFO ]: Matchmaker [0ms]:
[16/05/22 14:04:09:7362900] [INFO ]:  | >IP: 127.0.0.1:6106
[16/05/22 14:04:09:7370530] [INFO ]:  | >Queue Length: 0
[16/05/22 14:04:09:7377659] [INFO ]:  |
[16/05/22 14:04:09:7385068] [INFO ]: Game Servers [0ms]: 
[16/05/22 14:04:09:7392515] [INFO ]:  | Game Server [0] [0ms]: 
[16/05/22 14:04:09:7399954] [INFO ]:  | | >IP: 127.0.0.1:20123
[16/05/22 14:04:09:7407447] [INFO ]:  | | >Fill Level: 1/2
[16/05/22 14:04:09:7415386] [INFO ]:  | Game Server [1] [0ms]: 
[16/05/22 14:04:09:7422990] [INFO ]:  | | >IP: 127.0.0.1:20124
[16/05/22 14:04:09:7429858] [INFO ]:  | | >Fill Level: 0/2
[16/05/22 14:04:09:7437628] [INFO ]: ----------INFO ENDS----------
[16/05/22 14:04:10:7699429] [INFO+]: ----------INFO START----------
[16/05/22 14:04:10:7713276] [INFO ]: Full update took [0ms]
[16/05/22 14:04:10:7721095] [INFO ]: Starting Lobby Servers took [0ms]
[16/05/22 14:04:10:7729322] [INFO ]: Stopping Lobby Servers took [0ms]
[16/05/22 14:04:10:7736631] [INFO ]: Starting Game Servers took [0ms]
[16/05/22 14:04:10:7744246] [INFO ]: Starting Game Servers took [0ms]
[16/05/22 14:04:10:7752814] [INFO ]: 
[16/05/22 14:04:10:7760418] [INFO ]: Server Spooler:
[16/05/22 14:04:10:7768366] [INFO ]:  | >IP: 127.0.0.1:5105
[16/05/22 14:04:10:7776004] [INFO ]:  |
[16/05/22 14:04:10:7783574] [INFO ]: Load Balancer [0ms]:
[16/05/22 14:04:10:7791745] [INFO ]:  | >IP: 127.0.0.1:7107
[16/05/22 14:04:10:7799558] [INFO ]:  | >Queue Length: 0
[16/05/22 14:04:10:7806932] [INFO ]:  |
[16/05/22 14:04:10:7814813] [INFO ]: Lobby Servers [0ms]: 
[16/05/22 14:04:10:7822723] [INFO ]:  | Lobby Server [1] [0ms]: 
[16/05/22 14:04:10:7830512] [INFO ]:  | | >IP: 127.0.0.1:10124
[16/05/22 14:04:10:7838800] [INFO ]:  | | >Fill Level: 0/2
[16/05/22 14:04:10:7845860] [INFO ]:  |
[16/05/22 14:04:10:7855235] [INFO ]: Matchmaker [0ms]:
[16/05/22 14:04:10:7862870] [INFO ]:  | >IP: 127.0.0.1:6106
[16/05/22 14:04:10:7870489] [INFO ]:  | >Queue Length: 0
[16/05/22 14:04:10:7878284] [INFO ]:  |
[16/05/22 14:04:10:7885598] [INFO ]: Game Servers [0ms]: 
[16/05/22 14:04:10:7892933] [INFO ]:  | Game Server [0] [0ms]: 
[16/05/22 14:04:10:7900788] [INFO ]:  | | >IP: 127.0.0.1:20123
[16/05/22 14:04:10:7908626] [INFO ]:  | | >Fill Level: 1/2
[16/05/22 14:04:10:7916849] [INFO ]:  | Game Server [1] [0ms]: 
[16/05/22 14:04:10:7927248] [INFO ]:  | | >IP: 127.0.0.1:20124
[16/05/22 14:04:10:7938980] [INFO ]:  | | >Fill Level: 0/2
[16/05/22 14:04:10:7945820] [INFO ]: ----------INFO ENDS----------
[16/05/22 14:04:11:8077002] [INFO+]: ----------INFO START----------
[16/05/22 14:04:11:8091657] [INFO ]: Full update took [0ms]
[16/05/22 14:04:11:8103824] [INFO ]: Starting Lobby Servers took [0ms]
[16/05/22 14:04:11:8111920] [INFO ]: Stopping Lobby Servers took [0ms]
[16/05/22 14:04:11:8120190] [INFO ]: Starting Game Servers took [0ms]
[16/05/22 14:04:11:8127536] [INFO ]: Starting Game Servers took [0ms]
[16/05/22 14:04:11:8135600] [INFO ]: 
[16/05/22 14:04:11:8143476] [INFO ]: Server Spooler:
[16/05/22 14:04:11:8151422] [INFO ]:  | >IP: 127.0.0.1:5105
[16/05/22 14:04:11:8159959] [INFO ]:  |
[16/05/22 14:04:11:8167452] [INFO ]: Load Balancer [0ms]:
[16/05/22 14:04:11:8179963] [INFO ]:  | >IP: 127.0.0.1:7107
[16/05/22 14:04:11:8189693] [INFO ]:  | >Queue Length: 0
[16/05/22 14:04:11:8197494] [INFO ]:  |
[16/05/22 14:04:11:8207091] [INFO ]: Lobby Servers [1ms]: 
[16/05/22 14:04:11:8214980] [INFO ]:  | Lobby Server [1] [1ms]: 
[16/05/22 14:04:11:8222254] [INFO ]:  | | >IP: 127.0.0.1:10124
[16/05/22 14:04:11:8230444] [INFO ]:  | | >Fill Level: 0/2
[16/05/22 14:04:11:8238360] [INFO ]:  |
[16/05/22 14:04:11:8245999] [INFO ]: Matchmaker [0ms]:
[16/05/22 14:04:11:8253653] [INFO ]:  | >IP: 127.0.0.1:6106
[16/05/22 14:04:11:8261553] [INFO ]:  | >Queue Length: 0
[16/05/22 14:04:11:8268758] [INFO ]:  |
[16/05/22 14:04:11:8276741] [INFO ]: Game Servers [0ms]: 
[16/05/22 14:04:11:8284434] [INFO ]:  | Game Server [0] [0ms]: 
[16/05/22 14:04:11:8292606] [INFO ]:  | | >IP: 127.0.0.1:20123
[16/05/22 14:04:11:8302641] [INFO ]:  | | >Fill Level: 1/2
[16/05/22 14:04:11:8309348] [INFO ]:  | Game Server [1] [0ms]: 
[16/05/22 14:04:11:8316708] [INFO ]:  | | >IP: 127.0.0.1:20124
[16/05/22 14:04:11:8324103] [INFO ]:  | | >Fill Level: 0/2
[16/05/22 14:04:11:8331562] [INFO ]: ----------INFO ENDS----------
[16/05/22 14:04:12:8555789] [INFO+]: ----------INFO START----------
[16/05/22 14:04:12:8571370] [INFO ]: Full update took [0ms]
[16/05/22 14:04:12:8580099] [INFO ]: Starting Lobby Servers took [0ms]
[16/05/22 14:04:12:8588754] [INFO ]: Stopping Lobby Servers took [0ms]
[16/05/22 14:04:12:8597128] [INFO ]: Starting Game Servers took [0ms]
[16/05/22 14:04:12:8605893] [INFO ]: Starting Game Servers took [0ms]
[16/05/22 14:04:12:8613760] [INFO ]: 
[16/05/22 14:04:12:8621174] [INFO ]: Server Spooler:
[16/05/22 14:04:12:8629230] [INFO ]:  | >IP: 127.0.0.1:5105
[16/05/22 14:04:12:8636376] [INFO ]:  |
[16/05/22 14:04:12:8643834] [INFO ]: Load Balancer [0ms]:
[16/05/22 14:04:12:8651346] [INFO ]:  | >IP: 127.0.0.1:7107
[16/05/22 14:04:12:8658806] [INFO ]:  | >Queue Length: 0
[16/05/22 14:04:12:8666073] [INFO ]:  |
[16/05/22 14:04:12:8677158] [INFO ]: Lobby Servers [0ms]: 
[16/05/22 14:04:12:8685391] [INFO ]:  | Lobby Server [1] [0ms]: 
[16/05/22 14:04:12:8694008] [INFO ]:  | | >IP: 127.0.0.1:10124
[16/05/22 14:04:12:8702948] [INFO ]:  | | >Fill Level: 0/2
[16/05/22 14:04:12:8710512] [INFO ]:  |
[16/05/22 14:04:12:8717867] [INFO ]: Matchmaker [0ms]:
[16/05/22 14:04:12:8725256] [INFO ]:  | >IP: 127.0.0.1:6106
[16/05/22 14:04:12:8733253] [INFO ]:  | >Queue Length: 0
[16/05/22 14:04:12:8740670] [INFO ]:  |
[16/05/22 14:04:12:8747948] [INFO ]: Game Servers [0ms]: 
[16/05/22 14:04:12:8755312] [INFO ]:  | Game Server [1] [0ms]: 
[16/05/22 14:04:12:8767450] [INFO ]:  | | >IP: 127.0.0.1:20124
[16/05/22 14:04:12:8775197] [INFO ]:  | | >Fill Level: 0/2
[16/05/22 14:04:12:8782428] [INFO ]: ----------INFO ENDS----------
[16/05/22 14:04:13:9261076] [INFO+]: ----------INFO START----------
[16/05/22 14:04:13:9273304] [INFO ]: Full update took [0ms]
[16/05/22 14:04:13:9280307] [INFO ]: Starting Lobby Servers took [0ms]
[16/05/22 14:04:13:9286981] [INFO ]: Stopping Lobby Servers took [0ms]
[16/05/22 14:04:13:9293112] [INFO ]: Starting Game Servers took [0ms]
[16/05/22 14:04:13:9300631] [INFO ]: Starting Game Servers took [0ms]
[16/05/22 14:04:13:9308103] [INFO ]: 
[16/05/22 14:04:13:9316235] [INFO ]: Server Spooler:
[16/05/22 14:04:13:9323494] [INFO ]:  | >IP: 127.0.0.1:5105
[16/05/22 14:04:13:9330179] [INFO ]:  |
[16/05/22 14:04:13:9336968] [INFO ]: Load Balancer [0ms]:
[16/05/22 14:04:13:9345843] [INFO ]:  | >IP: 127.0.0.1:7107
[16/05/22 14:04:13:9352516] [INFO ]:  | >Queue Length: 0
[16/05/22 14:04:13:9359396] [INFO ]:  |
[16/05/22 14:04:13:9366301] [INFO ]: Lobby Servers [0ms]: 
[16/05/22 14:04:13:9372694] [INFO ]:  | Lobby Server [1] [0ms]: 
[16/05/22 14:04:13:9379472] [INFO ]:  | | >IP: 127.0.0.1:10124
[16/05/22 14:04:13:9386668] [INFO ]:  | | >Fill Level: 0/2
[16/05/22 14:04:13:9393196] [INFO ]:  |
[16/05/22 14:04:13:9399839] [INFO ]: Matchmaker [0ms]:
[16/05/22 14:04:13:9406418] [INFO ]:  | >IP: 127.0.0.1:6106
[16/05/22 14:04:13:9413056] [INFO ]:  | >Queue Length: 0
[16/05/22 14:04:13:9419426] [INFO ]:  |
[16/05/22 14:04:13:9426746] [INFO ]: Game Servers [0ms]: 
[16/05/22 14:04:13:9433390] [INFO ]:  | Game Server [1] [0ms]: 
[16/05/22 14:04:13:9439809] [INFO ]:  | | >IP: 127.0.0.1:20124
[16/05/22 14:04:13:9446700] [INFO ]:  | | >Fill Level: 0/2
[16/05/22 14:04:13:9453431] [INFO ]: ----------INFO ENDS----------
[16/05/22 14:04:14:9696733] [INFO+]: ----------INFO START----------
[16/05/22 14:04:14:9723021] [INFO ]: Full update took [0ms]
[16/05/22 14:04:14:9743541] [INFO ]: Starting Lobby Servers took [0ms]
[16/05/22 14:04:14:9757050] [INFO ]: Stopping Lobby Servers took [0ms]
[16/05/22 14:04:14:9766085] [INFO ]: Starting Game Servers took [0ms]
[16/05/22 14:04:14:9780516] [INFO ]: Starting Game Servers took [0ms]
[16/05/22 14:04:14:9789765] [INFO ]: 
[16/05/22 14:04:14:9801553] [INFO ]: Server Spooler:
[16/05/22 14:04:14:9811911] [INFO ]:  | >IP: 127.0.0.1:5105
[16/05/22 14:04:14:9821756] [INFO ]:  |
[16/05/22 14:04:14:9832086] [INFO ]: Load Balancer [0ms]:
[16/05/22 14:04:14:9881316] [INFO ]:  | >IP: 127.0.0.1:7107
[16/05/22 14:04:14:9898539] [INFO ]:  | >Queue Length: 0
[16/05/22 14:04:14:9910504] [INFO ]:  |
[16/05/22 14:04:14:9921212] [INFO ]: Lobby Servers [0ms]: 
[16/05/22 14:04:14:9936121] [INFO ]:  | Lobby Server [1] [0ms]: 
[16/05/22 14:04:14:9956118] [INFO ]:  | | >IP: 127.0.0.1:10124
[16/05/22 14:04:14:9967552] [INFO ]:  | | >Fill Level: 0/2
[16/05/22 14:04:14:9978933] [INFO ]:  |
[16/05/22 14:04:14:9992511] [INFO ]: Matchmaker [0ms]:
[16/05/22 14:04:15:0023375] [INFO ]:  | >IP: 127.0.0.1:6106
[16/05/22 14:04:15:0057528] [INFO ]:  | >Queue Length: 0
[16/05/22 14:04:15:0073585] [INFO ]:  |
[16/05/22 14:04:15:0084642] [INFO ]: Game Servers [0ms]: 
[16/05/22 14:04:15:0094957] [INFO ]:  | Game Server [1] [0ms]: 
[16/05/22 14:04:15:0104845] [INFO ]:  | | >IP: 127.0.0.1:20124
[16/05/22 14:04:15:0115424] [INFO ]:  | | >Fill Level: 0/2
[16/05/22 14:04:15:0124999] [INFO ]: ----------INFO ENDS----------
[16/05/22 14:04:16:0353248] [INFO+]: ----------INFO START----------
[16/05/22 14:04:16:0371377] [INFO ]: Full update took [0ms]
[16/05/22 14:04:16:0379786] [INFO ]: Starting Lobby Servers took [0ms]
[16/05/22 14:04:16:0387691] [INFO ]: Stopping Lobby Servers took [0ms]
[16/05/22 14:04:16:0395361] [INFO ]: Starting Game Servers took [0ms]
[16/05/22 14:04:16:0403825] [INFO ]: Starting Game Servers took [0ms]
[16/05/22 14:04:16:0411544] [INFO ]: 
[16/05/22 14:04:16:0421232] [INFO ]: Server Spooler:
[16/05/22 14:04:16:0432188] [INFO ]:  | >IP: 127.0.0.1:5105
[16/05/22 14:04:16:0439332] [INFO ]:  |
[16/05/22 14:04:16:0447118] [INFO ]: Load Balancer [0ms]:
[16/05/22 14:04:16:0454806] [INFO ]:  | >IP: 127.0.0.1:7107
[16/05/22 14:04:16:0462959] [INFO ]:  | >Queue Length: 0
[16/05/22 14:04:16:0470336] [INFO ]:  |
[16/05/22 14:04:16:0481634] [INFO ]: Lobby Servers [0ms]: 
[16/05/22 14:04:16:0489475] [INFO ]:  | Lobby Server [1] [0ms]: 
[16/05/22 14:04:16:0499073] [INFO ]:  | | >IP: 127.0.0.1:10124
[16/05/22 14:04:16:0513862] [INFO ]:  | | >Fill Level: 0/2
[16/05/22 14:04:16:0521993] [INFO ]:  |
[16/05/22 14:04:16:0529746] [INFO ]: Matchmaker [0ms]:
[16/05/22 14:04:16:0537728] [INFO ]:  | >IP: 127.0.0.1:6106
[16/05/22 14:04:16:0546305] [INFO ]:  | >Queue Length: 0
[16/05/22 14:04:16:0554213] [INFO ]:  |
[16/05/22 14:04:16:0562078] [INFO ]: Game Servers [0ms]: 
[16/05/22 14:04:16:0569543] [INFO ]:  | Game Server [1] [0ms]: 
[16/05/22 14:04:16:0577642] [INFO ]:  | | >IP: 127.0.0.1:20124
[16/05/22 14:04:16:0585045] [INFO ]:  | | >Fill Level: 0/2
[16/05/22 14:04:16:0592926] [INFO ]: ----------INFO ENDS----------
[16/05/22 14:04:17:0970795] [INFO+]: ----------INFO START----------
[16/05/22 14:04:17:0989350] [INFO ]: Full update took [0ms]
[16/05/22 14:04:17:1006878] [INFO ]: Starting Lobby Servers took [0ms]
[16/05/22 14:04:17:1016304] [INFO ]: Stopping Lobby Servers took [0ms]
[16/05/22 14:04:17:1024876] [INFO ]: Starting Game Servers took [0ms]
[16/05/22 14:04:17:1032927] [INFO ]: Starting Game Servers took [0ms]
[16/05/22 14:04:17:1040746] [INFO ]: 
[16/05/22 14:04:17:1050689] [INFO ]: Server Spooler:
[16/05/22 14:04:17:1058466] [INFO ]:  | >IP: 127.0.0.1:5105
[16/05/22 14:04:17:1075404] [INFO ]:  |
[16/05/22 14:04:17:1088681] [INFO ]: Load Balancer [0ms]:
[16/05/22 14:04:17:1105603] [INFO ]:  | >IP: 127.0.0.1:7107
[16/05/22 14:04:17:1122211] [INFO ]:  | >Queue Length: 0
[16/05/22 14:04:17:1135028] [INFO ]:  |
[16/05/22 14:04:17:1173276] [INFO ]: Lobby Servers [0ms]: 
[16/05/22 14:04:17:1190829] [INFO ]:  | Lobby Server [1] [0ms]: 
[16/05/22 14:04:17:1207162] [INFO ]:  | | >IP: 127.0.0.1:10124
[16/05/22 14:04:17:1222222] [INFO ]:  | | >Fill Level: 0/2
[16/05/22 14:04:17:1237345] [INFO ]:  |
[16/05/22 14:04:17:1248430] [INFO ]: Matchmaker [0ms]:
[16/05/22 14:04:17:1259222] [INFO ]:  | >IP: 127.0.0.1:6106
[16/05/22 14:04:17:1272977] [INFO ]:  | >Queue Length: 0
[16/05/22 14:04:17:1286331] [INFO ]:  |
[16/05/22 14:04:17:1298125] [INFO ]: Game Servers [0ms]: 
[16/05/22 14:04:17:1307385] [INFO ]:  | Game Server [1] [0ms]: 
[16/05/22 14:04:17:1316750] [INFO ]:  | | >IP: 127.0.0.1:20124
[16/05/22 14:04:17:1327115] [INFO ]:  | | >Fill Level: 0/2
[16/05/22 14:04:17:1345288] [INFO ]: ----------INFO ENDS----------
[16/05/22 14:04:18:1468161] [INFO+]: ----------INFO START----------
[16/05/22 14:04:18:1483980] [INFO ]: Full update took [0ms]
[16/05/22 14:04:18:1492641] [INFO ]: Starting Lobby Servers took [0ms]
[16/05/22 14:04:18:1500038] [INFO ]: Stopping Lobby Servers took [0ms]
[16/05/22 14:04:18:1508401] [INFO ]: Starting Game Servers took [0ms]
[16/05/22 14:04:18:1515384] [INFO ]: Starting Game Servers took [0ms]
[16/05/22 14:04:18:1524678] [INFO ]: 
[16/05/22 14:04:18:1531974] [INFO ]: Server Spooler:
[16/05/22 14:04:18:1539342] [INFO ]:  | >IP: 127.0.0.1:5105
[16/05/22 14:04:18:1546712] [INFO ]:  |
[16/05/22 14:04:18:1553800] [INFO ]: Load Balancer [0ms]:
[16/05/22 14:04:18:1560636] [INFO ]:  | >IP: 127.0.0.1:7107
[16/05/22 14:04:18:1568077] [INFO ]:  | >Queue Length: 0
[16/05/22 14:04:18:1574626] [INFO ]:  |
[16/05/22 14:04:18:1582266] [INFO ]: Lobby Servers [0ms]: 
[16/05/22 14:04:18:1590158] [INFO ]:  | Lobby Server [1] [0ms]: 
[16/05/22 14:04:18:1597821] [INFO ]:  | | >IP: 127.0.0.1:10124
[16/05/22 14:04:18:1605489] [INFO ]:  | | >Fill Level: 0/2
[16/05/22 14:04:18:1612884] [INFO ]:  |
[16/05/22 14:04:18:1620451] [INFO ]: Matchmaker [0ms]:
[16/05/22 14:04:18:1627948] [INFO ]:  | >IP: 127.0.0.1:6106
[16/05/22 14:04:18:1638170] [INFO ]:  | >Queue Length: 0
[16/05/22 14:04:18:1646062] [INFO ]:  |
[16/05/22 14:04:18:1653584] [INFO ]: Game Servers [0ms]: 
[16/05/22 14:04:18:1660945] [INFO ]:  | Game Server [1] [0ms]: 
[16/05/22 14:04:18:1669477] [INFO ]:  | | >IP: 127.0.0.1:20124
[16/05/22 14:04:18:1677853] [INFO ]:  | | >Fill Level: 0/2
[16/05/22 14:04:18:1685210] [INFO ]: ----------INFO ENDS----------
[16/05/22 14:04:19:0956906] [INFO ]: Escape key pressed
[16/05/22 14:04:19:0976325] [INFO ]: Shutting down network
[16/05/22 14:04:19:0987420] [INFO ]: Giving time for graceful shutdown
[16/05/22 14:04:20:1050291] [INFO ]: Terminating processes
[16/05/22 14:04:20:1076766] [INFO ]: Killing Load Balancer
[16/05/22 14:04:20:1089883] [INFO ]: Killing Matchmaker
[16/05/22 14:04:20:1101854] [INFO ]: Killing lobby servers
[16/05/22 14:04:20:1110714] [INFO ]: Killing game servers
[16/05/22 14:04:20:1132402] [WARN ]: Shutting down logging
