[16/05/22 13:47:25:4614549] [INFO ]: Logging started
[16/05/22 13:47:25:5498947] [INFO ]: Starting Load Balancer
[16/05/22 13:47:25:7026647] [INFO ]: Waiting for Load Balancer response
[16/05/22 13:47:25:7110797] [INFO ]: Accepting client
[16/05/22 13:47:25:7331154] [INFO ]: Accepting connection
[16/05/22 13:47:26:2378522] [INFO ]: Connection established
[16/05/22 13:47:26:2400252] [INFO ]: Connected in 531ms
[16/05/22 13:47:26:2411335] [INFO ]: Starting Matchmaker
[16/05/22 13:47:26:4157699] [INFO ]: Waiting for Matchmaker response
[16/05/22 13:47:26:4250019] [INFO ]: Accepting client
[16/05/22 13:47:26:4277503] [INFO ]: Accepting connection
[16/05/22 13:47:27:0378757] [INFO ]: Connection established
[16/05/22 13:47:27:0400238] [INFO ]: Connected in 615ms
[16/05/22 13:47:27:0662890] [INFO ]: Starting lobby 0 on port 10123
[16/05/22 13:47:27:1652001] [INFO ]: Accepting client
[16/05/22 13:47:27:1671315] [INFO ]: Accepting connection
[16/05/22 13:47:27:6605851] [INFO ]: Connection established
[16/05/22 13:47:27:6644714] [INFO ]: Starting game server 0 on port 20123
[16/05/22 13:47:27:7425245] [INFO ]: Accepting client
[16/05/22 13:47:27:7474876] [INFO ]: Accepting connection
[16/05/22 13:47:28:2111074] [INFO ]: Connection established
[16/05/22 13:47:28:2161198] [INFO+]: ----------INFO START----------
[16/05/22 13:47:28:2168695] [INFO ]: Full update took [1169ms]
[16/05/22 13:47:28:2177019] [INFO ]: Starting Lobby Servers took [598ms]
[16/05/22 13:47:28:2203547] [INFO ]: Stopping Lobby Servers took [0ms]
[16/05/22 13:47:28:2216407] [INFO ]: Starting Game Servers took [548ms]
[16/05/22 13:47:28:2224147] [INFO ]: Starting Game Servers took [0ms]
[16/05/22 13:47:28:2232457] [INFO ]: 
[16/05/22 13:47:28:2239906] [INFO ]: Server Spooler:
[16/05/22 13:47:28:2245305] [INFO ]:  | >IP: 127.0.0.1:5105
[16/05/22 13:47:28:2250928] [INFO ]:  |
[16/05/22 13:47:28:2256584] [INFO ]: Load Balancer [11ms]:
[16/05/22 13:47:28:2282835] [INFO ]:  | >IP: 127.0.0.1:7107
[16/05/22 13:47:28:2291768] [INFO ]:  | >Queue Length: 0
[16/05/22 13:47:28:2299942] [INFO ]:  |
[16/05/22 13:47:28:2308563] [INFO ]: Lobby Servers [0ms]: 
[16/05/22 13:47:28:2317152] [INFO ]:  | Lobby Server [0] [0ms]: 
[16/05/22 13:47:28:2325550] [INFO ]:  | | >IP: 127.0.0.1:10123
[16/05/22 13:47:28:2332569] [INFO ]:  | | >Fill Level: 0/2
[16/05/22 13:47:28:2342342] [INFO ]:  |
[16/05/22 13:47:28:2352001] [INFO ]: Matchmaker [10ms]:
[16/05/22 13:47:28:2367580] [INFO ]:  | >IP: 127.0.0.1:6106
[16/05/22 13:47:28:2378463] [INFO ]:  | >Queue Length: 0
[16/05/22 13:47:28:2384836] [INFO ]:  |
[16/05/22 13:47:28:2390671] [INFO ]: Game Servers [0ms]: 
[16/05/22 13:47:28:2395448] [INFO ]:  | Game Server [0] [0ms]: 
[16/05/22 13:47:28:2400740] [INFO ]:  | | >IP: 127.0.0.1:20123
[16/05/22 13:47:28:2406159] [INFO ]:  | | >Fill Level: 0/2
[16/05/22 13:47:28:2411265] [INFO ]: ----------INFO ENDS----------
[16/05/22 13:47:29:2729645] [INFO+]: ----------INFO START----------
[16/05/22 13:47:29:2743246] [INFO ]: Full update took [0ms]
[16/05/22 13:47:29:2751303] [INFO ]: Starting Lobby Servers took [0ms]
[16/05/22 13:47:29:2759297] [INFO ]: Stopping Lobby Servers took [0ms]
[16/05/22 13:47:29:2772146] [INFO ]: Starting Game Servers took [0ms]
[16/05/22 13:47:29:2789348] [INFO ]: Starting Game Servers took [0ms]
[16/05/22 13:47:29:2797778] [INFO ]: 
[16/05/22 13:47:29:2805511] [INFO ]: Server Spooler:
[16/05/22 13:47:29:2812823] [INFO ]:  | >IP: 127.0.0.1:5105
[16/05/22 13:47:29:2819428] [INFO ]:  |
[16/05/22 13:47:29:2827371] [INFO ]: Load Balancer [0ms]:
[16/05/22 13:47:29:2834857] [INFO ]:  | >IP: 127.0.0.1:7107
[16/05/22 13:47:29:2843470] [INFO ]:  | >Queue Length: 0
[16/05/22 13:47:29:2850982] [INFO ]:  |
[16/05/22 13:47:29:2861511] [INFO ]: Lobby Servers [0ms]: 
[16/05/22 13:47:29:2868670] [INFO ]:  | Lobby Server [0] [0ms]: 
[16/05/22 13:47:29:2876029] [INFO ]:  | | >IP: 127.0.0.1:10123
[16/05/22 13:47:29:2884000] [INFO ]:  | | >Fill Level: 0/2
[16/05/22 13:47:29:2891644] [INFO ]:  |
[16/05/22 13:47:29:2899715] [INFO ]: Matchmaker [0ms]:
[16/05/22 13:47:29:2907668] [INFO ]:  | >IP: 127.0.0.1:6106
[16/05/22 13:47:29:2916182] [INFO ]:  | >Queue Length: 0
[16/05/22 13:47:29:2925189] [INFO ]:  |
[16/05/22 13:47:29:2940699] [INFO ]: Game Servers [0ms]: 
[16/05/22 13:47:29:2948905] [INFO ]:  | Game Server [0] [0ms]: 
[16/05/22 13:47:29:2957190] [INFO ]:  | | >IP: 127.0.0.1:20123
[16/05/22 13:47:29:2964781] [INFO ]:  | | >Fill Level: 0/2
[16/05/22 13:47:29:2972887] [INFO ]: ----------INFO ENDS----------
[16/05/22 13:47:30:3573649] [INFO+]: ----------INFO START----------
[16/05/22 13:47:30:3589478] [INFO ]: Full update took [0ms]
[16/05/22 13:47:30:3640889] [INFO ]: Starting Lobby Servers took [0ms]
[16/05/22 13:47:30:3649910] [INFO ]: Stopping Lobby Servers took [0ms]
[16/05/22 13:47:30:3657696] [INFO ]: Starting Game Servers took [0ms]
[16/05/22 13:47:30:3665947] [INFO ]: Starting Game Servers took [0ms]
[16/05/22 13:47:30:3673231] [INFO ]: 
[16/05/22 13:47:30:3680962] [INFO ]: Server Spooler:
[16/05/22 13:47:30:3688980] [INFO ]:  | >IP: 127.0.0.1:5105
[16/05/22 13:47:30:3696779] [INFO ]:  |
[16/05/22 13:47:30:3704566] [INFO ]: Load Balancer [0ms]:
[16/05/22 13:47:30:3712007] [INFO ]:  | >IP: 127.0.0.1:7107
[16/05/22 13:47:30:3722517] [INFO ]:  | >Queue Length: 0
[16/05/22 13:47:30:3729762] [INFO ]:  |
[16/05/22 13:47:30:3737691] [INFO ]: Lobby Servers [0ms]: 
[16/05/22 13:47:30:3745817] [INFO ]:  | Lobby Server [0] [0ms]: 
[16/05/22 13:47:30:3753723] [INFO ]:  | | >IP: 127.0.0.1:10123
[16/05/22 13:47:30:3761685] [INFO ]:  | | >Fill Level: 0/2
[16/05/22 13:47:30:3770114] [INFO ]:  |
[16/05/22 13:47:30:3777520] [INFO ]: Matchmaker [0ms]:
[16/05/22 13:47:30:3784638] [INFO ]:  | >IP: 127.0.0.1:6106
[16/05/22 13:47:30:3792090] [INFO ]:  | >Queue Length: 0
[16/05/22 13:47:30:3799702] [INFO ]:  |
[16/05/22 13:47:30:3808619] [INFO ]: Game Servers [0ms]: 
[16/05/22 13:47:30:3819158] [INFO ]:  | Game Server [0] [0ms]: 
[16/05/22 13:47:30:3826680] [INFO ]:  | | >IP: 127.0.0.1:20123
[16/05/22 13:47:30:3834416] [INFO ]:  | | >Fill Level: 0/2
[16/05/22 13:47:30:3842222] [INFO ]: ----------INFO ENDS----------
[16/05/22 13:47:31:4403049] [INFO+]: ----------INFO START----------
[16/05/22 13:47:31:4416613] [INFO ]: Full update took [0ms]
[16/05/22 13:47:31:4425540] [INFO ]: Starting Lobby Servers took [0ms]
[16/05/22 13:47:31:4433440] [INFO ]: Stopping Lobby Servers took [0ms]
[16/05/22 13:47:31:4441370] [INFO ]: Starting Game Servers took [0ms]
[16/05/22 13:47:31:4449563] [INFO ]: Starting Game Servers took [0ms]
[16/05/22 13:47:31:4458560] [INFO ]: 
[16/05/22 13:47:31:4466684] [INFO ]: Server Spooler:
[16/05/22 13:47:31:4473971] [INFO ]:  | >IP: 127.0.0.1:5105
[16/05/22 13:47:31:4481497] [INFO ]:  |
[16/05/22 13:47:31:4489119] [INFO ]: Load Balancer [0ms]:
[16/05/22 13:47:31:4497045] [INFO ]:  | >IP: 127.0.0.1:7107
[16/05/22 13:47:31:4505151] [INFO ]:  | >Queue Length: 0
[16/05/22 13:47:31:4514948] [INFO ]:  |
[16/05/22 13:47:31:4522343] [INFO ]: Lobby Servers [0ms]: 
[16/05/22 13:47:31:4530134] [INFO ]:  | Lobby Server [0] [0ms]: 
[16/05/22 13:47:31:4538030] [INFO ]:  | | >IP: 127.0.0.1:10123
[16/05/22 13:47:31:4545613] [INFO ]:  | | >Fill Level: 0/2
[16/05/22 13:47:31:4553003] [INFO ]:  |
[16/05/22 13:47:31:4559520] [INFO ]: Matchmaker [0ms]:
[16/05/22 13:47:31:4567547] [INFO ]:  | >IP: 127.0.0.1:6106
[16/05/22 13:47:31:4574618] [INFO ]:  | >Queue Length: 0
[16/05/22 13:47:31:4581975] [INFO ]:  |
[16/05/22 13:47:31:4589922] [INFO ]: Game Servers [0ms]: 
[16/05/22 13:47:31:4600051] [INFO ]:  | Game Server [0] [0ms]: 
[16/05/22 13:47:31:4608208] [INFO ]:  | | >IP: 127.0.0.1:20123
[16/05/22 13:47:31:4617659] [INFO ]:  | | >Fill Level: 0/2
[16/05/22 13:47:31:4625240] [INFO ]: ----------INFO ENDS----------
[16/05/22 13:47:32:5107942] [INFO+]: ----------INFO START----------
[16/05/22 13:47:32:5124032] [INFO ]: Full update took [0ms]
[16/05/22 13:47:32:5131991] [INFO ]: Starting Lobby Servers took [0ms]
[16/05/22 13:47:32:5139412] [INFO ]: Stopping Lobby Servers took [0ms]
[16/05/22 13:47:32:5147169] [INFO ]: Starting Game Servers took [0ms]
[16/05/22 13:47:32:5153677] [INFO ]: Starting Game Servers took [0ms]
[16/05/22 13:47:32:5160740] [INFO ]: 
[16/05/22 13:47:32:5167447] [INFO ]: Server Spooler:
[16/05/22 13:47:32:5173746] [INFO ]:  | >IP: 127.0.0.1:5105
[16/05/22 13:47:32:5179773] [INFO ]:  |
[16/05/22 13:47:32:5186480] [INFO ]: Load Balancer [0ms]:
[16/05/22 13:47:32:5193276] [INFO ]:  | >IP: 127.0.0.1:7107
[16/05/22 13:47:32:5199712] [INFO ]:  | >Queue Length: 0
[16/05/22 13:47:32:5206167] [INFO ]:  |
[16/05/22 13:47:32:5212615] [INFO ]: Lobby Servers [0ms]: 
[16/05/22 13:47:32:5219187] [INFO ]:  | Lobby Server [0] [0ms]: 
[16/05/22 13:47:32:5225788] [INFO ]:  | | >IP: 127.0.0.1:10123
[16/05/22 13:47:32:5232484] [INFO ]:  | | >Fill Level: 0/2
[16/05/22 13:47:32:5239344] [INFO ]:  |
[16/05/22 13:47:32:5247830] [INFO ]: Matchmaker [0ms]:
[16/05/22 13:47:32:5254038] [INFO ]:  | >IP: 127.0.0.1:6106
[16/05/22 13:47:32:5261514] [INFO ]:  | >Queue Length: 0
[16/05/22 13:47:32:5267956] [INFO ]:  |
[16/05/22 13:47:32:5274462] [INFO ]: Game Servers [0ms]: 
[16/05/22 13:47:32:5281240] [INFO ]:  | Game Server [0] [0ms]: 
[16/05/22 13:47:32:5287964] [INFO ]:  | | >IP: 127.0.0.1:20123
[16/05/22 13:47:32:5295024] [INFO ]:  | | >Fill Level: 0/2
[16/05/22 13:47:32:5301769] [INFO ]: ----------INFO ENDS----------
[16/05/22 13:47:33:5469879] [INFO+]: ----------INFO START----------
[16/05/22 13:47:33:5484712] [INFO ]: Full update took [0ms]
[16/05/22 13:47:33:5492594] [INFO ]: Starting Lobby Servers took [0ms]
[16/05/22 13:47:33:5499302] [INFO ]: Stopping Lobby Servers took [0ms]
[16/05/22 13:47:33:5506036] [INFO ]: Starting Game Servers took [0ms]
[16/05/22 13:47:33:5514473] [INFO ]: Starting Game Servers took [0ms]
[16/05/22 13:47:33:5521168] [INFO ]: 
[16/05/22 13:47:33:5527753] [INFO ]: Server Spooler:
[16/05/22 13:47:33:5534347] [INFO ]:  | >IP: 127.0.0.1:5105
[16/05/22 13:47:33:5541723] [INFO ]:  |
[16/05/22 13:47:33:5549345] [INFO ]: Load Balancer [0ms]:
[16/05/22 13:47:33:5556118] [INFO ]:  | >IP: 127.0.0.1:7107
[16/05/22 13:47:33:5562861] [INFO ]:  | >Queue Length: 0
[16/05/22 13:47:33:5568903] [INFO ]:  |
[16/05/22 13:47:33:5575028] [INFO ]: Lobby Servers [0ms]: 
[16/05/22 13:47:33:5581415] [INFO ]:  | Lobby Server [0] [0ms]: 
[16/05/22 13:47:33:5589722] [INFO ]:  | | >IP: 127.0.0.1:10123
[16/05/22 13:47:33:5596399] [INFO ]:  | | >Fill Level: 0/2
[16/05/22 13:47:33:5602954] [INFO ]:  |
[16/05/22 13:47:33:5609869] [INFO ]: Matchmaker [0ms]:
[16/05/22 13:47:33:5616548] [INFO ]:  | >IP: 127.0.0.1:6106
[16/05/22 13:47:33:5622664] [INFO ]:  | >Queue Length: 0
[16/05/22 13:47:33:5628740] [INFO ]:  |
[16/05/22 13:47:33:5637789] [INFO ]: Game Servers [0ms]: 
[16/05/22 13:47:33:5644291] [INFO ]:  | Game Server [0] [0ms]: 
[16/05/22 13:47:33:5650961] [INFO ]:  | | >IP: 127.0.0.1:20123
[16/05/22 13:47:33:5658416] [INFO ]:  | | >Fill Level: 0/2
[16/05/22 13:47:33:5664538] [INFO ]: ----------INFO ENDS----------
[16/05/22 13:47:34:5842946] [INFO+]: ----------INFO START----------
[16/05/22 13:47:34:5855203] [INFO ]: Full update took [0ms]
[16/05/22 13:47:34:5861361] [INFO ]: Starting Lobby Servers took [0ms]
[16/05/22 13:47:34:5868645] [INFO ]: Stopping Lobby Servers took [0ms]
[16/05/22 13:47:34:5875280] [INFO ]: Starting Game Servers took [0ms]
[16/05/22 13:47:34:5881867] [INFO ]: Starting Game Servers took [0ms]
[16/05/22 13:47:34:5888673] [INFO ]: 
[16/05/22 13:47:34:5894722] [INFO ]: Server Spooler:
[16/05/22 13:47:34:5900934] [INFO ]:  | >IP: 127.0.0.1:5105
[16/05/22 13:47:34:5907782] [INFO ]:  |
[16/05/22 13:47:34:5914028] [INFO ]: Load Balancer [0ms]:
[16/05/22 13:47:34:5920403] [INFO ]:  | >IP: 127.0.0.1:7107
[16/05/22 13:47:34:5927126] [INFO ]:  | >Queue Length: 0
[16/05/22 13:47:34:5934888] [INFO ]:  |
[16/05/22 13:47:34:5941770] [INFO ]: Lobby Servers [0ms]: 
[16/05/22 13:47:34:5949091] [INFO ]:  | Lobby Server [0] [0ms]: 
[16/05/22 13:47:34:5956261] [INFO ]:  | | >IP: 127.0.0.1:10123
[16/05/22 13:47:34:5963491] [INFO ]:  | | >Fill Level: 0/2
[16/05/22 13:47:34:5970285] [INFO ]:  |
[16/05/22 13:47:34:5979054] [INFO ]: Matchmaker [0ms]:
[16/05/22 13:47:34:5985495] [INFO ]:  | >IP: 127.0.0.1:6106
[16/05/22 13:47:34:5991786] [INFO ]:  | >Queue Length: 0
[16/05/22 13:47:34:5998474] [INFO ]:  |
[16/05/22 13:47:34:6004935] [INFO ]: Game Servers [0ms]: 
[16/05/22 13:47:34:6011267] [INFO ]:  | Game Server [0] [0ms]: 
[16/05/22 13:47:34:6017716] [INFO ]:  | | >IP: 127.0.0.1:20123
[16/05/22 13:47:34:6025125] [INFO ]:  | | >Fill Level: 0/2
[16/05/22 13:47:34:6031826] [INFO ]: ----------INFO ENDS----------
[16/05/22 13:47:35:6333894] [INFO+]: ----------INFO START----------
[16/05/22 13:47:35:6345941] [INFO ]: Full update took [0ms]
[16/05/22 13:47:35:6352353] [INFO ]: Starting Lobby Servers took [0ms]
[16/05/22 13:47:35:6359496] [INFO ]: Stopping Lobby Servers took [0ms]
[16/05/22 13:47:35:6367079] [INFO ]: Starting Game Servers took [0ms]
[16/05/22 13:47:35:6374774] [INFO ]: Starting Game Servers took [0ms]
[16/05/22 13:47:35:6383575] [INFO ]: 
[16/05/22 13:47:35:6390779] [INFO ]: Server Spooler:
[16/05/22 13:47:35:6397381] [INFO ]:  | >IP: 127.0.0.1:5105
[16/05/22 13:47:35:6404070] [INFO ]:  |
[16/05/22 13:47:35:6410535] [INFO ]: Load Balancer [0ms]:
[16/05/22 13:47:35:6418664] [INFO ]:  | >IP: 127.0.0.1:7107
[16/05/22 13:47:35:6425457] [INFO ]:  | >Queue Length: 0
[16/05/22 13:47:35:6432864] [INFO ]:  |
[16/05/22 13:47:35:6439316] [INFO ]: Lobby Servers [0ms]: 
[16/05/22 13:47:35:6446108] [INFO ]:  | Lobby Server [0] [0ms]: 
[16/05/22 13:47:35:6452709] [INFO ]:  | | >IP: 127.0.0.1:10123
[16/05/22 13:47:35:6459081] [INFO ]:  | | >Fill Level: 0/2
[16/05/22 13:47:35:6466009] [INFO ]:  |
[16/05/22 13:47:35:6472422] [INFO ]: Matchmaker [0ms]:
[16/05/22 13:47:35:6481820] [INFO ]:  | >IP: 127.0.0.1:6106
[16/05/22 13:47:35:6488746] [INFO ]:  | >Queue Length: 0
[16/05/22 13:47:35:6495261] [INFO ]:  |
[16/05/22 13:47:35:6501994] [INFO ]: Game Servers [0ms]: 
[16/05/22 13:47:35:6508513] [INFO ]:  | Game Server [0] [0ms]: 
[16/05/22 13:47:35:6515618] [INFO ]:  | | >IP: 127.0.0.1:20123
[16/05/22 13:47:35:6522473] [INFO ]:  | | >Fill Level: 0/2
[16/05/22 13:47:35:6529065] [INFO ]: ----------INFO ENDS----------
[16/05/22 13:47:36:6740209] [INFO+]: ----------INFO START----------
[16/05/22 13:47:36:6758666] [INFO ]: Full update took [0ms]
[16/05/22 13:47:36:6765838] [INFO ]: Starting Lobby Servers took [0ms]
[16/05/22 13:47:36:6775340] [INFO ]: Stopping Lobby Servers took [0ms]
[16/05/22 13:47:36:6782486] [INFO ]: Starting Game Servers took [0ms]
[16/05/22 13:47:36:6789049] [INFO ]: Starting Game Servers took [0ms]
[16/05/22 13:47:36:6795412] [INFO ]: 
[16/05/22 13:47:36:6802590] [INFO ]: Server Spooler:
[16/05/22 13:47:36:6809410] [INFO ]:  | >IP: 127.0.0.1:5105
[16/05/22 13:47:36:6815693] [INFO ]:  |
[16/05/22 13:47:36:6822465] [INFO ]: Load Balancer [0ms]:
[16/05/22 13:47:36:6828993] [INFO ]:  | >IP: 127.0.0.1:7107
[16/05/22 13:47:36:6835566] [INFO ]:  | >Queue Length: 0
[16/05/22 13:47:36:6842313] [INFO ]:  |
[16/05/22 13:47:36:6848812] [INFO ]: Lobby Servers [0ms]: 
[16/05/22 13:47:36:6858247] [INFO ]:  | Lobby Server [0] [0ms]: 
[16/05/22 13:47:36:6864759] [INFO ]:  | | >IP: 127.0.0.1:10123
[16/05/22 13:47:36:6871431] [INFO ]:  | | >Fill Level: 0/2
[16/05/22 13:47:36:6877336] [INFO ]:  |
[16/05/22 13:47:36:6884230] [INFO ]: Matchmaker [0ms]:
[16/05/22 13:47:36:6890665] [INFO ]:  | >IP: 127.0.0.1:6106
[16/05/22 13:47:36:6896734] [INFO ]:  | >Queue Length: 0
[16/05/22 13:47:36:6903376] [INFO ]:  |
[16/05/22 13:47:36:6909453] [INFO ]: Game Servers [0ms]: 
[16/05/22 13:47:36:6918958] [INFO ]:  | Game Server [0] [0ms]: 
[16/05/22 13:47:36:6925824] [INFO ]:  | | >IP: 127.0.0.1:20123
[16/05/22 13:47:36:6932353] [INFO ]:  | | >Fill Level: 0/2
[16/05/22 13:47:36:6939434] [INFO ]: ----------INFO ENDS----------
[16/05/22 13:47:37:7409686] [INFO+]: ----------INFO START----------
[16/05/22 13:47:37:7426548] [INFO ]: Full update took [0ms]
[16/05/22 13:47:37:7438349] [INFO ]: Starting Lobby Servers took [0ms]
[16/05/22 13:47:37:7445051] [INFO ]: Stopping Lobby Servers took [0ms]
[16/05/22 13:47:37:7451577] [INFO ]: Starting Game Servers took [0ms]
[16/05/22 13:47:37:7458704] [INFO ]: Starting Game Servers took [0ms]
[16/05/22 13:47:37:7466899] [INFO ]: 
[16/05/22 13:47:37:7474330] [INFO ]: Server Spooler:
[16/05/22 13:47:37:7481365] [INFO ]:  | >IP: 127.0.0.1:5105
[16/05/22 13:47:37:7487828] [INFO ]:  |
[16/05/22 13:47:37:7496272] [INFO ]: Load Balancer [0ms]:
[16/05/22 13:47:37:7503663] [INFO ]:  | >IP: 127.0.0.1:7107
[16/05/22 13:47:37:7511194] [INFO ]:  | >Queue Length: 0
[16/05/22 13:47:37:7518845] [INFO ]:  |
[16/05/22 13:47:37:7525833] [INFO ]: Lobby Servers [0ms]: 
[16/05/22 13:47:37:7532880] [INFO ]:  | Lobby Server [0] [0ms]: 
[16/05/22 13:47:37:7539639] [INFO ]:  | | >IP: 127.0.0.1:10123
[16/05/22 13:47:37:7547024] [INFO ]:  | | >Fill Level: 0/2
[16/05/22 13:47:37:7554555] [INFO ]:  |
[16/05/22 13:47:37:7563770] [INFO ]: Matchmaker [0ms]:
[16/05/22 13:47:37:7570509] [INFO ]:  | >IP: 127.0.0.1:6106
[16/05/22 13:47:37:7583934] [INFO ]:  | >Queue Length: 0
[16/05/22 13:47:37:7594433] [INFO ]:  |
[16/05/22 13:47:37:7603032] [INFO ]: Game Servers [0ms]: 
[16/05/22 13:47:37:7615121] [INFO ]:  | Game Server [0] [0ms]: 
[16/05/22 13:47:37:7621993] [INFO ]:  | | >IP: 127.0.0.1:20123
[16/05/22 13:47:37:7628729] [INFO ]:  | | >Fill Level: 0/2
[16/05/22 13:47:37:7635418] [INFO ]: ----------INFO ENDS----------
[16/05/22 13:47:38:7812732] [INFO+]: ----------INFO START----------
[16/05/22 13:47:38:7826292] [INFO ]: Full update took [0ms]
[16/05/22 13:47:38:7833961] [INFO ]: Starting Lobby Servers took [0ms]
[16/05/22 13:47:38:7842927] [INFO ]: Stopping Lobby Servers took [0ms]
[16/05/22 13:47:38:7850483] [INFO ]: Starting Game Servers took [0ms]
[16/05/22 13:47:38:7856681] [INFO ]: Starting Game Servers took [0ms]
[16/05/22 13:47:38:7864870] [INFO ]: 
[16/05/22 13:47:38:7871669] [INFO ]: Server Spooler:
[16/05/22 13:47:38:7878423] [INFO ]:  | >IP: 127.0.0.1:5105
[16/05/22 13:47:38:7885146] [INFO ]:  |
[16/05/22 13:47:38:7891740] [INFO ]: Load Balancer [0ms]:
[16/05/22 13:47:38:7898599] [INFO ]:  | >IP: 127.0.0.1:7107
[16/05/22 13:47:38:7905260] [INFO ]:  | >Queue Length: 0
[16/05/22 13:47:38:7912934] [INFO ]:  |
[16/05/22 13:47:38:7919478] [INFO ]: Lobby Servers [0ms]: 
[16/05/22 13:47:38:7926255] [INFO ]:  | Lobby Server [0] [0ms]: 
[16/05/22 13:47:38:7933107] [INFO ]:  | | >IP: 127.0.0.1:10123
[16/05/22 13:47:38:7939671] [INFO ]:  | | >Fill Level: 0/2
[16/05/22 13:47:38:7946279] [INFO ]:  |
[16/05/22 13:47:38:7955885] [INFO ]: Matchmaker [0ms]:
[16/05/22 13:47:38:7962010] [INFO ]:  | >IP: 127.0.0.1:6106
[16/05/22 13:47:38:7969400] [INFO ]:  | >Queue Length: 0
[16/05/22 13:47:38:7975551] [INFO ]:  |
[16/05/22 13:47:38:7982097] [INFO ]: Game Servers [0ms]: 
[16/05/22 13:47:38:7988952] [INFO ]:  | Game Server [0] [0ms]: 
[16/05/22 13:47:38:7995587] [INFO ]:  | | >IP: 127.0.0.1:20123
[16/05/22 13:47:38:8001997] [INFO ]:  | | >Fill Level: 0/2
[16/05/22 13:47:38:8008608] [INFO ]: ----------INFO ENDS----------
[16/05/22 13:47:39:8623691] [INFO+]: ----------INFO START----------
[16/05/22 13:47:39:8634492] [INFO ]: Full update took [0ms]
[16/05/22 13:47:39:8641552] [INFO ]: Starting Lobby Servers took [0ms]
[16/05/22 13:47:39:8648933] [INFO ]: Stopping Lobby Servers took [0ms]
[16/05/22 13:47:39:8655764] [INFO ]: Starting Game Servers took [0ms]
[16/05/22 13:47:39:8662399] [INFO ]: Starting Game Servers took [0ms]
[16/05/22 13:47:39:8669645] [INFO ]: 
[16/05/22 13:47:39:8677851] [INFO ]: Server Spooler:
[16/05/22 13:47:39:8684463] [INFO ]:  | >IP: 127.0.0.1:5105
[16/05/22 13:47:39:8691711] [INFO ]:  |
[16/05/22 13:47:39:8698393] [INFO ]: Load Balancer [0ms]:
[16/05/22 13:47:39:8704995] [INFO ]:  | >IP: 127.0.0.1:7107
[16/05/22 13:47:39:8711640] [INFO ]:  | >Queue Length: 0
[16/05/22 13:47:39:8718379] [INFO ]:  |
[16/05/22 13:47:39:8727384] [INFO ]: Lobby Servers [0ms]: 
[16/05/22 13:47:39:8734216] [INFO ]:  | Lobby Server [0] [0ms]: 
[16/05/22 13:47:39:8740931] [INFO ]:  | | >IP: 127.0.0.1:10123
[16/05/22 13:47:39:8747664] [INFO ]:  | | >Fill Level: 0/2
[16/05/22 13:47:39:8754031] [INFO ]:  |
[16/05/22 13:47:39:8760672] [INFO ]: Matchmaker [0ms]:
[16/05/22 13:47:39:8767737] [INFO ]:  | >IP: 127.0.0.1:6106
[16/05/22 13:47:39:8774557] [INFO ]:  | >Queue Length: 0
[16/05/22 13:47:39:8781019] [INFO ]:  |
[16/05/22 13:47:39:8788025] [INFO ]: Game Servers [0ms]: 
[16/05/22 13:47:39:8795612] [INFO ]:  | Game Server [0] [0ms]: 
[16/05/22 13:47:39:8802636] [INFO ]:  | | >IP: 127.0.0.1:20123
[16/05/22 13:47:39:8808922] [INFO ]:  | | >Fill Level: 0/2
[16/05/22 13:47:39:8815463] [INFO ]: ----------INFO ENDS----------
[16/05/22 13:47:40:9270566] [INFO+]: ----------INFO START----------
[16/05/22 13:47:40:9285067] [INFO ]: Full update took [0ms]
[16/05/22 13:47:40:9293687] [INFO ]: Starting Lobby Servers took [0ms]
[16/05/22 13:47:40:9302156] [INFO ]: Stopping Lobby Servers took [0ms]
[16/05/22 13:47:40:9311266] [INFO ]: Starting Game Servers took [0ms]
[16/05/22 13:47:40:9319766] [INFO ]: Starting Game Servers took [0ms]
[16/05/22 13:47:40:9330614] [INFO ]: 
[16/05/22 13:47:40:9338344] [INFO ]: Server Spooler:
[16/05/22 13:47:40:9346382] [INFO ]:  | >IP: 127.0.0.1:5105
[16/05/22 13:47:40:9353547] [INFO ]:  |
[16/05/22 13:47:40:9360900] [INFO ]: Load Balancer [0ms]:
[16/05/22 13:47:40:9369274] [INFO ]:  | >IP: 127.0.0.1:7107
[16/05/22 13:47:40:9377339] [INFO ]:  | >Queue Length: 0
[16/05/22 13:47:40:9385119] [INFO ]:  |
[16/05/22 13:47:40:9392324] [INFO ]: Lobby Servers [0ms]: 
[16/05/22 13:47:40:9400055] [INFO ]:  | Lobby Server [0] [0ms]: 
[16/05/22 13:47:40:9412734] [INFO ]:  | | >IP: 127.0.0.1:10123
[16/05/22 13:47:40:9419765] [INFO ]:  | | >Fill Level: 0/2
[16/05/22 13:47:40:9427854] [INFO ]:  |
[16/05/22 13:47:40:9435418] [INFO ]: Matchmaker [0ms]:
[16/05/22 13:47:40:9442760] [INFO ]:  | >IP: 127.0.0.1:6106
[16/05/22 13:47:40:9450319] [INFO ]:  | >Queue Length: 0
[16/05/22 13:47:40:9458012] [INFO ]:  |
[16/05/22 13:47:40:9465606] [INFO ]: Game Servers [0ms]: 
[16/05/22 13:47:40:9474224] [INFO ]:  | Game Server [0] [0ms]: 
[16/05/22 13:47:40:9481933] [INFO ]:  | | >IP: 127.0.0.1:20123
[16/05/22 13:47:40:9489503] [INFO ]:  | | >Fill Level: 0/2
[16/05/22 13:47:40:9497610] [INFO ]: ----------INFO ENDS----------
[16/05/22 13:47:41:9547509] [INFO+]: ----------INFO START----------
[16/05/22 13:47:41:9560737] [INFO ]: Full update took [0ms]
[16/05/22 13:47:41:9567521] [INFO ]: Starting Lobby Servers took [0ms]
[16/05/22 13:47:41:9574000] [INFO ]: Stopping Lobby Servers took [0ms]
[16/05/22 13:47:41:9580548] [INFO ]: Starting Game Servers took [0ms]
[16/05/22 13:47:41:9587218] [INFO ]: Starting Game Servers took [0ms]
[16/05/22 13:47:41:9594168] [INFO ]: 
[16/05/22 13:47:41:9600716] [INFO ]: Server Spooler:
[16/05/22 13:47:41:9609009] [INFO ]:  | >IP: 127.0.0.1:5105
[16/05/22 13:47:41:9615329] [INFO ]:  |
[16/05/22 13:47:41:9621691] [INFO ]: Load Balancer [0ms]:
[16/05/22 13:47:41:9628183] [INFO ]:  | >IP: 127.0.0.1:7107
[16/05/22 13:47:41:9634732] [INFO ]:  | >Queue Length: 0
[16/05/22 13:47:41:9641125] [INFO ]:  |
[16/05/22 13:47:41:9650125] [INFO ]: Lobby Servers [0ms]: 
[16/05/22 13:47:41:9656306] [INFO ]:  | Lobby Server [0] [0ms]: 
[16/05/22 13:47:41:9662781] [INFO ]:  | | >IP: 127.0.0.1:10123
[16/05/22 13:47:41:9669035] [INFO ]:  | | >Fill Level: 0/2
[16/05/22 13:47:41:9675450] [INFO ]:  |
[16/05/22 13:47:41:9682319] [INFO ]: Matchmaker [0ms]:
[16/05/22 13:47:41:9688289] [INFO ]:  | >IP: 127.0.0.1:6106
[16/05/22 13:47:41:9695566] [INFO ]:  | >Queue Length: 0
[16/05/22 13:47:41:9702212] [INFO ]:  |
[16/05/22 13:47:41:9708519] [INFO ]: Game Servers [0ms]: 
[16/05/22 13:47:41:9715452] [INFO ]:  | Game Server [0] [0ms]: 
[16/05/22 13:47:41:9722227] [INFO ]:  | | >IP: 127.0.0.1:20123
[16/05/22 13:47:41:9729138] [INFO ]:  | | >Fill Level: 0/2
[16/05/22 13:47:41:9736207] [INFO ]: ----------INFO ENDS----------
[16/05/22 13:47:42:7531503] [INFO ]: Starting lobby 1 on port 10124
[16/05/22 13:47:42:8204935] [INFO ]: Accepting client
[16/05/22 13:47:42:8361037] [INFO ]: Accepting connection
[16/05/22 13:47:43:1229786] [INFO ]: Connection established
[16/05/22 13:47:43:1256050] [INFO+]: ----------INFO START----------
[16/05/22 13:47:43:1270343] [INFO ]: Full update took [0ms]
[16/05/22 13:47:43:1298141] [INFO ]: Starting Lobby Servers took [372ms]
[16/05/22 13:47:43:1316702] [INFO ]: Stopping Lobby Servers took [0ms]
[16/05/22 13:47:43:1323423] [INFO ]: Starting Game Servers took [0ms]
[16/05/22 13:47:43:1331044] [INFO ]: Starting Game Servers took [0ms]
[16/05/22 13:47:43:1336305] [INFO ]: 
[16/05/22 13:47:43:1342571] [INFO ]: Server Spooler:
[16/05/22 13:47:43:1351365] [INFO ]:  | >IP: 127.0.0.1:5105
[16/05/22 13:47:43:1368357] [INFO ]:  |
[16/05/22 13:47:43:1375040] [INFO ]: Load Balancer [0ms]:
[16/05/22 13:47:43:1425347] [INFO ]:  | >IP: 127.0.0.1:7107
[16/05/22 13:47:43:1501357] [INFO ]:  | >Queue Length: 0
[16/05/22 13:47:43:1520437] [INFO ]:  |
[16/05/22 13:47:43:1534340] [INFO ]: Lobby Servers [0ms]: 
[16/05/22 13:47:43:1539669] [INFO ]:  | Lobby Server [0] [0ms]: 
[16/05/22 13:47:43:1546491] [INFO ]:  | | >IP: 127.0.0.1:10123
[16/05/22 13:47:43:1553580] [INFO ]:  | | >Fill Level: 1/2
[16/05/22 13:47:43:1561453] [INFO ]:  | Lobby Server [1] [0ms]: 
[16/05/22 13:47:43:1595826] [INFO ]:  | | >IP: 127.0.0.1:10124
[16/05/22 13:47:43:1616280] [INFO ]:  | | >Fill Level: 0/2
[16/05/22 13:47:43:1639514] [INFO ]:  |
[16/05/22 13:47:43:1649928] [INFO ]: Matchmaker [0ms]:
[16/05/22 13:47:43:1658390] [INFO ]:  | >IP: 127.0.0.1:6106
[16/05/22 13:47:43:1665590] [INFO ]:  | >Queue Length: 0
[16/05/22 13:47:43:1672967] [INFO ]:  |
[16/05/22 13:47:43:1688084] [INFO ]: Game Servers [0ms]: 
[16/05/22 13:47:43:1696716] [INFO ]:  | Game Server [0] [0ms]: 
[16/05/22 13:47:43:1704848] [INFO ]:  | | >IP: 127.0.0.1:20123
[16/05/22 13:47:43:1712485] [INFO ]:  | | >Fill Level: 0/2
[16/05/22 13:47:43:1718727] [INFO ]: ----------INFO ENDS----------
[16/05/22 13:47:44:2304662] [INFO+]: ----------INFO START----------
[16/05/22 13:47:44:2313755] [INFO ]: Full update took [0ms]
[16/05/22 13:47:44:2320619] [INFO ]: Starting Lobby Servers took [0ms]
[16/05/22 13:47:44:2329463] [INFO ]: Stopping Lobby Servers took [0ms]
[16/05/22 13:47:44:2340222] [INFO ]: Starting Game Servers took [0ms]
[16/05/22 13:47:44:2351398] [INFO ]: Starting Game Servers took [0ms]
[16/05/22 13:47:44:2359792] [INFO ]: 
[16/05/22 13:47:44:2367405] [INFO ]: Server Spooler:
[16/05/22 13:47:44:2376459] [INFO ]:  | >IP: 127.0.0.1:5105
[16/05/22 13:47:44:2384601] [INFO ]:  |
[16/05/22 13:47:44:2392848] [INFO ]: Load Balancer [0ms]:
[16/05/22 13:47:44:2415449] [INFO ]:  | >IP: 127.0.0.1:7107
[16/05/22 13:47:44:2442114] [INFO ]:  | >Queue Length: 0
[16/05/22 13:47:44:2457157] [INFO ]:  |
[16/05/22 13:47:44:2463941] [INFO ]: Lobby Servers [0ms]: 
[16/05/22 13:47:44:2470246] [INFO ]:  | Lobby Server [0] [0ms]: 
[16/05/22 13:47:44:2476290] [INFO ]:  | | >IP: 127.0.0.1:10123
[16/05/22 13:47:44:2483882] [INFO ]:  | | >Fill Level: 1/2
[16/05/22 13:47:44:2491152] [INFO ]:  | Lobby Server [1] [0ms]: 
[16/05/22 13:47:44:2498134] [INFO ]:  | | >IP: 127.0.0.1:10124
[16/05/22 13:47:44:2504494] [INFO ]:  | | >Fill Level: 0/2
[16/05/22 13:47:44:2514315] [INFO ]:  |
[16/05/22 13:47:44:2520966] [INFO ]: Matchmaker [0ms]:
[16/05/22 13:47:44:2527139] [INFO ]:  | >IP: 127.0.0.1:6106
[16/05/22 13:47:44:2538593] [INFO ]:  | >Queue Length: 0
[16/05/22 13:47:44:2546788] [INFO ]:  |
[16/05/22 13:47:44:2554428] [INFO ]: Game Servers [0ms]: 
[16/05/22 13:47:44:2565509] [INFO ]:  | Game Server [0] [0ms]: 
[16/05/22 13:47:44:2577275] [INFO ]:  | | >IP: 127.0.0.1:20123
[16/05/22 13:47:44:2583215] [INFO ]:  | | >Fill Level: 0/2
[16/05/22 13:47:44:2590602] [INFO ]: ----------INFO ENDS----------
[16/05/22 13:47:45:3049645] [INFO+]: ----------INFO START----------
[16/05/22 13:47:45:3066664] [INFO ]: Full update took [0ms]
[16/05/22 13:47:45:3074865] [INFO ]: Starting Lobby Servers took [0ms]
[16/05/22 13:47:45:3082980] [INFO ]: Stopping Lobby Servers took [0ms]
[16/05/22 13:47:45:3091038] [INFO ]: Starting Game Servers took [0ms]
[16/05/22 13:47:45:3098362] [INFO ]: Starting Game Servers took [0ms]
[16/05/22 13:47:45:3106115] [INFO ]: 
[16/05/22 13:47:45:3113549] [INFO ]: Server Spooler:
[16/05/22 13:47:45:3120395] [INFO ]:  | >IP: 127.0.0.1:5105
[16/05/22 13:47:45:3127866] [INFO ]:  |
[16/05/22 13:47:45:3135166] [INFO ]: Load Balancer [0ms]:
[16/05/22 13:47:45:3142778] [INFO ]:  | >IP: 127.0.0.1:7107
[16/05/22 13:47:45:3150321] [INFO ]:  | >Queue Length: 0
[16/05/22 13:47:45:3157928] [INFO ]:  |
[16/05/22 13:47:45:3164984] [INFO ]: Lobby Servers [0ms]: 
[16/05/22 13:47:45:3172481] [INFO ]:  | Lobby Server [0] [0ms]: 
[16/05/22 13:47:45:3180231] [INFO ]:  | | >IP: 127.0.0.1:10123
[16/05/22 13:47:45:3187697] [INFO ]:  | | >Fill Level: 1/2
[16/05/22 13:47:45:3194855] [INFO ]:  | Lobby Server [1] [0ms]: 
[16/05/22 13:47:45:3202688] [INFO ]:  | | >IP: 127.0.0.1:10124
[16/05/22 13:47:45:3210104] [INFO ]:  | | >Fill Level: 0/2
[16/05/22 13:47:45:3217655] [INFO ]:  |
[16/05/22 13:47:45:3227568] [INFO ]: Matchmaker [0ms]:
[16/05/22 13:47:45:3235517] [INFO ]:  | >IP: 127.0.0.1:6106
[16/05/22 13:47:45:3245233] [INFO ]:  | >Queue Length: 0
[16/05/22 13:47:45:3253028] [INFO ]:  |
[16/05/22 13:47:45:3260629] [INFO ]: Game Servers [0ms]: 
[16/05/22 13:47:45:3267708] [INFO ]:  | Game Server [0] [0ms]: 
[16/05/22 13:47:45:3275143] [INFO ]:  | | >IP: 127.0.0.1:20123
[16/05/22 13:47:45:3282953] [INFO ]:  | | >Fill Level: 0/2
[16/05/22 13:47:45:3290312] [INFO ]: ----------INFO ENDS----------
[16/05/22 13:47:46:3372465] [INFO+]: ----------INFO START----------
[16/05/22 13:47:46:3388852] [INFO ]: Full update took [0ms]
[16/05/22 13:47:46:3396664] [INFO ]: Starting Lobby Servers took [0ms]
[16/05/22 13:47:46:3403832] [INFO ]: Stopping Lobby Servers took [0ms]
[16/05/22 13:47:46:3411869] [INFO ]: Starting Game Servers took [0ms]
[16/05/22 13:47:46:3421109] [INFO ]: Starting Game Servers took [0ms]
[16/05/22 13:47:46:3429006] [INFO ]: 
[16/05/22 13:47:46:3436813] [INFO ]: Server Spooler:
[16/05/22 13:47:46:3444689] [INFO ]:  | >IP: 127.0.0.1:5105
[16/05/22 13:47:46:3451995] [INFO ]:  |
[16/05/22 13:47:46:3459648] [INFO ]: Load Balancer [0ms]:
[16/05/22 13:47:46:3466712] [INFO ]:  | >IP: 127.0.0.1:7107
[16/05/22 13:47:46:3474569] [INFO ]:  | >Queue Length: 0
[16/05/22 13:47:46:3482045] [INFO ]:  |
[16/05/22 13:47:46:3492959] [INFO ]: Lobby Servers [0ms]: 
[16/05/22 13:47:46:3500496] [INFO ]:  | Lobby Server [0] [0ms]: 
[16/05/22 13:47:46:3507720] [INFO ]:  | | >IP: 127.0.0.1:10123
[16/05/22 13:47:46:3515373] [INFO ]:  | | >Fill Level: 1/2
[16/05/22 13:47:46:3523150] [INFO ]:  | Lobby Server [1] [0ms]: 
[16/05/22 13:47:46:3530889] [INFO ]:  | | >IP: 127.0.0.1:10124
[16/05/22 13:47:46:3538788] [INFO ]:  | | >Fill Level: 0/2
[16/05/22 13:47:46:3546549] [INFO ]:  |
[16/05/22 13:47:46:3554009] [INFO ]: Matchmaker [0ms]:
[16/05/22 13:47:46:3562677] [INFO ]:  | >IP: 127.0.0.1:6106
[16/05/22 13:47:46:3583379] [INFO ]:  | >Queue Length: 0
[16/05/22 13:47:46:3604710] [INFO ]:  |
[16/05/22 13:47:46:3617483] [INFO ]: Game Servers [0ms]: 
[16/05/22 13:47:46:3632660] [INFO ]:  | Game Server [0] [0ms]: 
[16/05/22 13:47:46:3647482] [INFO ]:  | | >IP: 127.0.0.1:20123
[16/05/22 13:47:46:3664714] [INFO ]:  | | >Fill Level: 0/2
[16/05/22 13:47:46:3693100] [INFO ]: ----------INFO ENDS----------
[16/05/22 13:47:47:3748994] [INFO+]: ----------INFO START----------
[16/05/22 13:47:47:3763473] [INFO ]: Full update took [0ms]
[16/05/22 13:47:47:3771207] [INFO ]: Starting Lobby Servers took [0ms]
[16/05/22 13:47:47:3781462] [INFO ]: Stopping Lobby Servers took [0ms]
[16/05/22 13:47:47:3788786] [INFO ]: Starting Game Servers took [0ms]
[16/05/22 13:47:47:3796624] [INFO ]: Starting Game Servers took [0ms]
[16/05/22 13:47:47:3805290] [INFO ]: 
[16/05/22 13:47:47:3812912] [INFO ]: Server Spooler:
[16/05/22 13:47:47:3820337] [INFO ]:  | >IP: 127.0.0.1:5105
[16/05/22 13:47:47:3827886] [INFO ]:  |
[16/05/22 13:47:47:3836021] [INFO ]: Load Balancer [0ms]:
[16/05/22 13:47:47:3843745] [INFO ]:  | >IP: 127.0.0.1:7107
[16/05/22 13:47:47:3851268] [INFO ]:  | >Queue Length: 0
[16/05/22 13:47:47:3859241] [INFO ]:  |
[16/05/22 13:47:47:3866721] [INFO ]: Lobby Servers [0ms]: 
[16/05/22 13:47:47:3874522] [INFO ]:  | Lobby Server [0] [0ms]: 
[16/05/22 13:47:47:3882175] [INFO ]:  | | >IP: 127.0.0.1:10123
[16/05/22 13:47:47:3895505] [INFO ]:  | | >Fill Level: 1/2
[16/05/22 13:47:47:3903003] [INFO ]:  | Lobby Server [1] [0ms]: 
[16/05/22 13:47:47:3910953] [INFO ]:  | | >IP: 127.0.0.1:10124
[16/05/22 13:47:47:3918609] [INFO ]:  | | >Fill Level: 0/2
[16/05/22 13:47:47:3925913] [INFO ]:  |
[16/05/22 13:47:47:3933393] [INFO ]: Matchmaker [0ms]:
[16/05/22 13:47:47:3940809] [INFO ]:  | >IP: 127.0.0.1:6106
[16/05/22 13:47:47:3948417] [INFO ]:  | >Queue Length: 0
[16/05/22 13:47:47:3955943] [INFO ]:  |
[16/05/22 13:47:47:3963512] [INFO ]: Game Servers [0ms]: 
[16/05/22 13:47:47:3971466] [INFO ]:  | Game Server [0] [0ms]: 
[16/05/22 13:47:47:3978813] [INFO ]:  | | >IP: 127.0.0.1:20123
[16/05/22 13:47:47:3986162] [INFO ]:  | | >Fill Level: 0/2
[16/05/22 13:47:47:3993310] [INFO ]: ----------INFO ENDS----------
[16/05/22 13:47:48:4022481] [INFO+]: ----------INFO START----------
[16/05/22 13:47:48:4036043] [INFO ]: Full update took [0ms]
[16/05/22 13:47:48:4042392] [INFO ]: Starting Lobby Servers took [0ms]
[16/05/22 13:47:48:4049372] [INFO ]: Stopping Lobby Servers took [0ms]
[16/05/22 13:47:48:4057859] [INFO ]: Starting Game Servers took [0ms]
[16/05/22 13:47:48:4066067] [INFO ]: Starting Game Servers took [0ms]
[16/05/22 13:47:48:4072773] [INFO ]: 
[16/05/22 13:47:48:4079356] [INFO ]: Server Spooler:
[16/05/22 13:47:48:4086075] [INFO ]:  | >IP: 127.0.0.1:5105
[16/05/22 13:47:48:4092398] [INFO ]:  |
[16/05/22 13:47:48:4099371] [INFO ]: Load Balancer [0ms]:
[16/05/22 13:47:48:4106227] [INFO ]:  | >IP: 127.0.0.1:7107
[16/05/22 13:47:48:4112995] [INFO ]:  | >Queue Length: 0
[16/05/22 13:47:48:4118958] [INFO ]:  |
[16/05/22 13:47:48:4125594] [INFO ]: Lobby Servers [0ms]: 
[16/05/22 13:47:48:4132669] [INFO ]:  | Lobby Server [0] [0ms]: 
[16/05/22 13:47:48:4139736] [INFO ]:  | | >IP: 127.0.0.1:10123
[16/05/22 13:47:48:4146326] [INFO ]:  | | >Fill Level: 1/2
[16/05/22 13:47:48:4153248] [INFO ]:  | Lobby Server [1] [0ms]: 
[16/05/22 13:47:48:4160001] [INFO ]:  | | >IP: 127.0.0.1:10124
[16/05/22 13:47:48:4169005] [INFO ]:  | | >Fill Level: 0/2
[16/05/22 13:47:48:4176330] [INFO ]:  |
[16/05/22 13:47:48:4183172] [INFO ]: Matchmaker [0ms]:
[16/05/22 13:47:48:4190291] [INFO ]:  | >IP: 127.0.0.1:6106
[16/05/22 13:47:48:4196961] [INFO ]:  | >Queue Length: 0
[16/05/22 13:47:48:4203841] [INFO ]:  |
[16/05/22 13:47:48:4210513] [INFO ]: Game Servers [0ms]: 
[16/05/22 13:47:48:4218985] [INFO ]:  | Game Server [0] [0ms]: 
[16/05/22 13:47:48:4225616] [INFO ]:  | | >IP: 127.0.0.1:20123
[16/05/22 13:47:48:4232913] [INFO ]:  | | >Fill Level: 0/2
[16/05/22 13:47:48:4239901] [INFO ]: ----------INFO ENDS----------
[16/05/22 13:47:49:4813240] [INFO+]: ----------INFO START----------
[16/05/22 13:47:49:4826575] [INFO ]: Full update took [0ms]
[16/05/22 13:47:49:4833991] [INFO ]: Starting Lobby Servers took [0ms]
[16/05/22 13:47:49:4841087] [INFO ]: Stopping Lobby Servers took [0ms]
[16/05/22 13:47:49:4847928] [INFO ]: Starting Game Servers took [0ms]
[16/05/22 13:47:49:4856104] [INFO ]: Starting Game Servers took [0ms]
[16/05/22 13:47:49:4862735] [INFO ]: 
[16/05/22 13:47:49:4869644] [INFO ]: Server Spooler:
[16/05/22 13:47:49:4876640] [INFO ]:  | >IP: 127.0.0.1:5105
[16/05/22 13:47:49:4885278] [INFO ]:  |
[16/05/22 13:47:49:4892564] [INFO ]: Load Balancer [0ms]:
[16/05/22 13:47:49:4900434] [INFO ]:  | >IP: 127.0.0.1:7107
[16/05/22 13:47:49:4908188] [INFO ]:  | >Queue Length: 0
[16/05/22 13:47:49:4915917] [INFO ]:  |
[16/05/22 13:47:49:4923133] [INFO ]: Lobby Servers [0ms]: 
[16/05/22 13:47:49:4931003] [INFO ]:  | Lobby Server [0] [0ms]: 
[16/05/22 13:47:49:4938033] [INFO ]:  | | >IP: 127.0.0.1:10123
[16/05/22 13:47:49:4945427] [INFO ]:  | | >Fill Level: 1/2
[16/05/22 13:47:49:4952602] [INFO ]:  | Lobby Server [1] [0ms]: 
[16/05/22 13:47:49:4959082] [INFO ]:  | | >IP: 127.0.0.1:10124
[16/05/22 13:47:49:4964828] [INFO ]:  | | >Fill Level: 0/2
[16/05/22 13:47:49:4972055] [INFO ]:  |
[16/05/22 13:47:49:4979366] [INFO ]: Matchmaker [0ms]:
[16/05/22 13:47:49:4986846] [INFO ]:  | >IP: 127.0.0.1:6106
[16/05/22 13:47:49:4994955] [INFO ]:  | >Queue Length: 0
[16/05/22 13:47:49:5001913] [INFO ]:  |
[16/05/22 13:47:49:5009447] [INFO ]: Game Servers [0ms]: 
[16/05/22 13:47:49:5019487] [INFO ]:  | Game Server [0] [0ms]: 
[16/05/22 13:47:49:5027092] [INFO ]:  | | >IP: 127.0.0.1:20123
[16/05/22 13:47:49:5033469] [INFO ]:  | | >Fill Level: 0/2
[16/05/22 13:47:49:5040407] [INFO ]: ----------INFO ENDS----------
[16/05/22 13:47:50:5628999] [INFO+]: ----------INFO START----------
[16/05/22 13:47:50:5645693] [INFO ]: Full update took [0ms]
[16/05/22 13:47:50:5652935] [INFO ]: Starting Lobby Servers took [0ms]
[16/05/22 13:47:50:5661426] [INFO ]: Stopping Lobby Servers took [0ms]
[16/05/22 13:47:50:5668983] [INFO ]: Starting Game Servers took [0ms]
[16/05/22 13:47:50:5676801] [INFO ]: Starting Game Servers took [0ms]
[16/05/22 13:47:50:5684327] [INFO ]: 
[16/05/22 13:47:50:5693229] [INFO ]: Server Spooler:
[16/05/22 13:47:50:5701073] [INFO ]:  | >IP: 127.0.0.1:5105
[16/05/22 13:47:50:5708809] [INFO ]:  |
[16/05/22 13:47:50:5717829] [INFO ]: Load Balancer [0ms]:
[16/05/22 13:47:50:5725321] [INFO ]:  | >IP: 127.0.0.1:7107
[16/05/22 13:47:50:5733125] [INFO ]:  | >Queue Length: 0
[16/05/22 13:47:50:5740829] [INFO ]:  |
[16/05/22 13:47:50:5748067] [INFO ]: Lobby Servers [0ms]: 
[16/05/22 13:47:50:5755299] [INFO ]:  | Lobby Server [0] [0ms]: 
[16/05/22 13:47:50:5763191] [INFO ]:  | | >IP: 127.0.0.1:10123
[16/05/22 13:47:50:5770779] [INFO ]:  | | >Fill Level: 1/2
[16/05/22 13:47:50:5778723] [INFO ]:  | Lobby Server [1] [0ms]: 
[16/05/22 13:47:50:5786633] [INFO ]:  | | >IP: 127.0.0.1:10124
[16/05/22 13:47:50:5794013] [INFO ]:  | | >Fill Level: 0/2
[16/05/22 13:47:50:5801426] [INFO ]:  |
[16/05/22 13:47:50:5809616] [INFO ]: Matchmaker [0ms]:
[16/05/22 13:47:50:5816993] [INFO ]:  | >IP: 127.0.0.1:6106
[16/05/22 13:47:50:5824150] [INFO ]:  | >Queue Length: 0
[16/05/22 13:47:50:5832007] [INFO ]:  |
[16/05/22 13:47:50:5838703] [INFO ]: Game Servers [0ms]: 
[16/05/22 13:47:50:5845122] [INFO ]:  | Game Server [0] [0ms]: 
[16/05/22 13:47:50:5847728] [INFO ]:  | | >IP: 127.0.0.1:20123
[16/05/22 13:47:50:5850211] [INFO ]:  | | >Fill Level: 0/2
[16/05/22 13:47:50:5854210] [INFO ]: ----------INFO ENDS----------
[16/05/22 13:47:51:6269572] [INFO+]: ----------INFO START----------
[16/05/22 13:47:51:6280038] [INFO ]: Full update took [0ms]
[16/05/22 13:47:51:6291560] [INFO ]: Starting Lobby Servers took [0ms]
[16/05/22 13:47:51:6298987] [INFO ]: Stopping Lobby Servers took [0ms]
[16/05/22 13:47:51:6306473] [INFO ]: Starting Game Servers took [0ms]
[16/05/22 13:47:51:6314253] [INFO ]: Starting Game Servers took [0ms]
[16/05/22 13:47:51:6321369] [INFO ]: 
[16/05/22 13:47:51:6328880] [INFO ]: Server Spooler:
[16/05/22 13:47:51:6336273] [INFO ]:  | >IP: 127.0.0.1:5105
[16/05/22 13:47:51:6344233] [INFO ]:  |
[16/05/22 13:47:51:6351976] [INFO ]: Load Balancer [0ms]:
[16/05/22 13:47:51:6360514] [INFO ]:  | >IP: 127.0.0.1:7107
[16/05/22 13:47:51:6368211] [INFO ]:  | >Queue Length: 0
[16/05/22 13:47:51:6375585] [INFO ]:  |
[16/05/22 13:47:51:6383753] [INFO ]: Lobby Servers [0ms]: 
[16/05/22 13:47:51:6391075] [INFO ]:  | Lobby Server [0] [0ms]: 
[16/05/22 13:47:51:6398265] [INFO ]:  | | >IP: 127.0.0.1:10123
[16/05/22 13:47:51:6407058] [INFO ]:  | | >Fill Level: 1/2
[16/05/22 13:47:51:6414536] [INFO ]:  | Lobby Server [1] [0ms]: 
[16/05/22 13:47:51:6422117] [INFO ]:  | | >IP: 127.0.0.1:10124
[16/05/22 13:47:51:6429925] [INFO ]:  | | >Fill Level: 0/2
[16/05/22 13:47:51:6437110] [INFO ]:  |
[16/05/22 13:47:51:6444857] [INFO ]: Matchmaker [0ms]:
[16/05/22 13:47:51:6451911] [INFO ]:  | >IP: 127.0.0.1:6106
[16/05/22 13:47:51:6459778] [INFO ]:  | >Queue Length: 0
[16/05/22 13:47:51:6471552] [INFO ]:  |
[16/05/22 13:47:51:6479522] [INFO ]: Game Servers [0ms]: 
[16/05/22 13:47:51:6486560] [INFO ]:  | Game Server [0] [0ms]: 
[16/05/22 13:47:51:6494171] [INFO ]:  | | >IP: 127.0.0.1:20123
[16/05/22 13:47:51:6501571] [INFO ]:  | | >Fill Level: 0/2
[16/05/22 13:47:51:6508660] [INFO ]: ----------INFO ENDS----------
[16/05/22 13:47:52:6898234] [INFO+]: ----------INFO START----------
[16/05/22 13:47:52:6912600] [INFO ]: Full update took [0ms]
[16/05/22 13:47:52:6920508] [INFO ]: Starting Lobby Servers took [0ms]
[16/05/22 13:47:52:6928489] [INFO ]: Stopping Lobby Servers took [0ms]
[16/05/22 13:47:52:6935978] [INFO ]: Starting Game Servers took [0ms]
[16/05/22 13:47:52:6943374] [INFO ]: Starting Game Servers took [0ms]
[16/05/22 13:47:52:6951916] [INFO ]: 
[16/05/22 13:47:52:6959564] [INFO ]: Server Spooler:
[16/05/22 13:47:52:6966851] [INFO ]:  | >IP: 127.0.0.1:5105
[16/05/22 13:47:52:6975363] [INFO ]:  |
[16/05/22 13:47:52:6983130] [INFO ]: Load Balancer [0ms]:
[16/05/22 13:47:52:6991772] [INFO ]:  | >IP: 127.0.0.1:7107
[16/05/22 13:47:52:6999871] [INFO ]:  | >Queue Length: 0
[16/05/22 13:47:52:7007495] [INFO ]:  |
[16/05/22 13:47:52:7014723] [INFO ]: Lobby Servers [0ms]: 
[16/05/22 13:47:52:7021866] [INFO ]:  | Lobby Server [0] [0ms]: 
[16/05/22 13:47:52:7029672] [INFO ]:  | | >IP: 127.0.0.1:10123
[16/05/22 13:47:52:7037112] [INFO ]:  | | >Fill Level: 1/2
[16/05/22 13:47:52:7044012] [INFO ]:  | Lobby Server [1] [0ms]: 
[16/05/22 13:47:52:7051660] [INFO ]:  | | >IP: 127.0.0.1:10124
[16/05/22 13:47:52:7059480] [INFO ]:  | | >Fill Level: 0/2
[16/05/22 13:47:52:7066771] [INFO ]:  |
[16/05/22 13:47:52:7078049] [INFO ]: Matchmaker [0ms]:
[16/05/22 13:47:52:7085707] [INFO ]:  | >IP: 127.0.0.1:6106
[16/05/22 13:47:52:7093519] [INFO ]:  | >Queue Length: 0
[16/05/22 13:47:52:7101217] [INFO ]:  |
[16/05/22 13:47:52:7108688] [INFO ]: Game Servers [0ms]: 
[16/05/22 13:47:52:7116183] [INFO ]:  | Game Server [0] [0ms]: 
[16/05/22 13:47:52:7123931] [INFO ]:  | | >IP: 127.0.0.1:20123
[16/05/22 13:47:52:7131581] [INFO ]:  | | >Fill Level: 0/2
[16/05/22 13:47:52:7139060] [INFO ]: ----------INFO ENDS----------
[16/05/22 13:47:53:7540618] [INFO+]: ----------INFO START----------
[16/05/22 13:47:53:7556766] [INFO ]: Full update took [0ms]
[16/05/22 13:47:53:7565342] [INFO ]: Starting Lobby Servers took [0ms]
[16/05/22 13:47:53:7573371] [INFO ]: Stopping Lobby Servers took [0ms]
[16/05/22 13:47:53:7582352] [INFO ]: Starting Game Servers took [0ms]
[16/05/22 13:47:53:7589764] [INFO ]: Starting Game Servers took [0ms]
[16/05/22 13:47:53:7596953] [INFO ]: 
[16/05/22 13:47:53:7604281] [INFO ]: Server Spooler:
[16/05/22 13:47:53:7611591] [INFO ]:  | >IP: 127.0.0.1:5105
[16/05/22 13:47:53:7618992] [INFO ]:  |
[16/05/22 13:47:53:7626230] [INFO ]: Load Balancer [0ms]:
[16/05/22 13:47:53:7633932] [INFO ]:  | >IP: 127.0.0.1:7107
[16/05/22 13:47:53:7641933] [INFO ]:  | >Queue Length: 0
[16/05/22 13:47:53:7652354] [INFO ]:  |
[16/05/22 13:47:53:7660489] [INFO ]: Lobby Servers [0ms]: 
[16/05/22 13:47:53:7668742] [INFO ]:  | Lobby Server [0] [0ms]: 
[16/05/22 13:47:53:7676744] [INFO ]:  | | >IP: 127.0.0.1:10123
[16/05/22 13:47:53:7684021] [INFO ]:  | | >Fill Level: 1/2
[16/05/22 13:47:53:7692075] [INFO ]:  | Lobby Server [1] [0ms]: 
[16/05/22 13:47:53:7700029] [INFO ]:  | | >IP: 127.0.0.1:10124
[16/05/22 13:47:53:7707981] [INFO ]:  | | >Fill Level: 0/2
[16/05/22 13:47:53:7714805] [INFO ]:  |
[16/05/22 13:47:53:7721887] [INFO ]: Matchmaker [0ms]:
[16/05/22 13:47:53:7729519] [INFO ]:  | >IP: 127.0.0.1:6106
[16/05/22 13:47:53:7737618] [INFO ]:  | >Queue Length: 0
[16/05/22 13:47:53:7746053] [INFO ]:  |
[16/05/22 13:47:53:7754049] [INFO ]: Game Servers [0ms]: 
[16/05/22 13:47:53:7761876] [INFO ]:  | Game Server [0] [0ms]: 
[16/05/22 13:47:53:7769306] [INFO ]:  | | >IP: 127.0.0.1:20123
[16/05/22 13:47:53:7776824] [INFO ]:  | | >Fill Level: 0/2
[16/05/22 13:47:53:7783921] [INFO ]: ----------INFO ENDS----------
[16/05/22 13:47:54:7861592] [INFO+]: ----------INFO START----------
[16/05/22 13:47:54:7878019] [INFO ]: Full update took [0ms]
[16/05/22 13:47:54:7884854] [INFO ]: Starting Lobby Servers took [0ms]
[16/05/22 13:47:54:7892161] [INFO ]: Stopping Lobby Servers took [0ms]
[16/05/22 13:47:54:7900402] [INFO ]: Starting Game Servers took [0ms]
[16/05/22 13:47:54:7907913] [INFO ]: Starting Game Servers took [0ms]
[16/05/22 13:47:54:7915678] [INFO ]: 
[16/05/22 13:47:54:7924265] [INFO ]: Server Spooler:
[16/05/22 13:47:54:7932065] [INFO ]:  | >IP: 127.0.0.1:5105
[16/05/22 13:47:54:7939816] [INFO ]:  |
[16/05/22 13:47:54:7946901] [INFO ]: Load Balancer [0ms]:
[16/05/22 13:47:54:7953774] [INFO ]:  | >IP: 127.0.0.1:7107
[16/05/22 13:47:54:7960586] [INFO ]:  | >Queue Length: 0
[16/05/22 13:47:54:7968202] [INFO ]:  |
[16/05/22 13:47:54:7975461] [INFO ]: Lobby Servers [0ms]: 
[16/05/22 13:47:54:7986402] [INFO ]:  | Lobby Server [0] [0ms]: 
[16/05/22 13:47:54:7993909] [INFO ]:  | | >IP: 127.0.0.1:10123
[16/05/22 13:47:54:8001089] [INFO ]:  | | >Fill Level: 1/2
[16/05/22 13:47:54:8007982] [INFO ]:  | Lobby Server [1] [0ms]: 
[16/05/22 13:47:54:8015841] [INFO ]:  | | >IP: 127.0.0.1:10124
[16/05/22 13:47:54:8023266] [INFO ]:  | | >Fill Level: 0/2
[16/05/22 13:47:54:8030140] [INFO ]:  |
[16/05/22 13:47:54:8039071] [INFO ]: Matchmaker [0ms]:
[16/05/22 13:47:54:8047119] [INFO ]:  | >IP: 127.0.0.1:6106
[16/05/22 13:47:54:8054706] [INFO ]:  | >Queue Length: 0
[16/05/22 13:47:54:8062236] [INFO ]:  |
[16/05/22 13:47:54:8071211] [INFO ]: Game Servers [0ms]: 
[16/05/22 13:47:54:8078490] [INFO ]:  | Game Server [0] [0ms]: 
[16/05/22 13:47:54:8086587] [INFO ]:  | | >IP: 127.0.0.1:20123
[16/05/22 13:47:54:8093812] [INFO ]:  | | >Fill Level: 0/2
[16/05/22 13:47:54:8101065] [INFO ]: ----------INFO ENDS----------
[16/05/22 13:47:55:6765578] [INFO ]: Starting game server 1 on port 20124
[16/05/22 13:47:55:7074408] [INFO ]: Accepting client
[16/05/22 13:47:55:7100740] [INFO ]: Accepting connection
[16/05/22 13:47:56:0848772] [INFO ]: Connection established
[16/05/22 13:47:56:0876879] [INFO+]: ----------INFO START----------
[16/05/22 13:47:56:0889132] [INFO ]: Full update took [0ms]
[16/05/22 13:47:56:0903164] [INFO ]: Starting Lobby Servers took [0ms]
[16/05/22 13:47:56:0921201] [INFO ]: Stopping Lobby Servers took [0ms]
[16/05/22 13:47:56:0934219] [INFO ]: Starting Game Servers took [411ms]
[16/05/22 13:47:56:0941569] [INFO ]: Starting Game Servers took [0ms]
[16/05/22 13:47:56:0947666] [INFO ]: 
[16/05/22 13:47:56:0952460] [INFO ]: Server Spooler:
[16/05/22 13:47:56:0959115] [INFO ]:  | >IP: 127.0.0.1:5105
[16/05/22 13:47:56:0963585] [INFO ]:  |
[16/05/22 13:47:56:0969076] [INFO ]: Load Balancer [0ms]:
[16/05/22 13:47:56:0974072] [INFO ]:  | >IP: 127.0.0.1:7107
[16/05/22 13:47:56:0985636] [INFO ]:  | >Queue Length: 0
[16/05/22 13:47:56:0995488] [INFO ]:  |
[16/05/22 13:47:56:1001220] [INFO ]: Lobby Servers [0ms]: 
[16/05/22 13:47:56:1006327] [INFO ]:  | Lobby Server [1] [0ms]: 
[16/05/22 13:47:56:1012633] [INFO ]:  | | >IP: 127.0.0.1:10124
[16/05/22 13:47:56:1017644] [INFO ]:  | | >Fill Level: 0/2
[16/05/22 13:47:56:1023130] [INFO ]:  |
[16/05/22 13:47:56:1028033] [INFO ]: Matchmaker [0ms]:
[16/05/22 13:47:56:1038154] [INFO ]:  | >IP: 127.0.0.1:6106
[16/05/22 13:47:56:1058118] [INFO ]:  | >Queue Length: 0
[16/05/22 13:47:56:1083571] [INFO ]:  |
[16/05/22 13:47:56:1110824] [INFO ]: Game Servers [0ms]: 
[16/05/22 13:47:56:1115789] [INFO ]:  | Game Server [0] [0ms]: 
[16/05/22 13:47:56:1121773] [INFO ]:  | | >IP: 127.0.0.1:20123
[16/05/22 13:47:56:1128144] [INFO ]:  | | >Fill Level: 1/2
[16/05/22 13:47:56:1132547] [INFO ]:  | Game Server [1] [0ms]: 
[16/05/22 13:47:56:1137789] [INFO ]:  | | >IP: 127.0.0.1:20124
[16/05/22 13:47:56:1143060] [INFO ]:  | | >Fill Level: 0/2
[16/05/22 13:47:56:1155906] [INFO ]: ----------INFO ENDS----------
[16/05/22 13:47:57:1595035] [INFO+]: ----------INFO START----------
[16/05/22 13:47:57:1608022] [INFO ]: Full update took [0ms]
[16/05/22 13:47:57:1615243] [INFO ]: Starting Lobby Servers took [0ms]
[16/05/22 13:47:57:1623574] [INFO ]: Stopping Lobby Servers took [0ms]
[16/05/22 13:47:57:1632051] [INFO ]: Starting Game Servers took [0ms]
[16/05/22 13:47:57:1642123] [INFO ]: Starting Game Servers took [0ms]
[16/05/22 13:47:57:1650923] [INFO ]: 
[16/05/22 13:47:57:1658423] [INFO ]: Server Spooler:
[16/05/22 13:47:57:1665609] [INFO ]:  | >IP: 127.0.0.1:5105
[16/05/22 13:47:57:1672984] [INFO ]:  |
[16/05/22 13:47:57:1680055] [INFO ]: Load Balancer [0ms]:
[16/05/22 13:47:57:1687420] [INFO ]:  | >IP: 127.0.0.1:7107
[16/05/22 13:47:57:1694497] [INFO ]:  | >Queue Length: 0
[16/05/22 13:47:57:1707857] [INFO ]:  |
[16/05/22 13:47:57:1714996] [INFO ]: Lobby Servers [0ms]: 
[16/05/22 13:47:57:1722620] [INFO ]:  | Lobby Server [1] [0ms]: 
[16/05/22 13:47:57:1730249] [INFO ]:  | | >IP: 127.0.0.1:10124
[16/05/22 13:47:57:1737723] [INFO ]:  | | >Fill Level: 0/2
[16/05/22 13:47:57:1745205] [INFO ]:  |
[16/05/22 13:47:57:1753096] [INFO ]: Matchmaker [0ms]:
[16/05/22 13:47:57:1760455] [INFO ]:  | >IP: 127.0.0.1:6106
[16/05/22 13:47:57:1767913] [INFO ]:  | >Queue Length: 0
[16/05/22 13:47:57:1775143] [INFO ]:  |
[16/05/22 13:47:57:1782465] [INFO ]: Game Servers [0ms]: 
[16/05/22 13:47:57:1789632] [INFO ]:  | Game Server [0] [0ms]: 
[16/05/22 13:47:57:1796388] [INFO ]:  | | >IP: 127.0.0.1:20123
[16/05/22 13:47:57:1802949] [INFO ]:  | | >Fill Level: 1/2
[16/05/22 13:47:57:1809920] [INFO ]:  | Game Server [1] [0ms]: 
[16/05/22 13:47:57:1817848] [INFO ]:  | | >IP: 127.0.0.1:20124
[16/05/22 13:47:57:1825274] [INFO ]:  | | >Fill Level: 0/2
[16/05/22 13:47:57:1832880] [INFO ]: ----------INFO ENDS----------
[16/05/22 13:47:58:2053871] [INFO+]: ----------INFO START----------
[16/05/22 13:47:58:2064798] [INFO ]: Full update took [0ms]
[16/05/22 13:47:58:2072837] [INFO ]: Starting Lobby Servers took [0ms]
[16/05/22 13:47:58:2083856] [INFO ]: Stopping Lobby Servers took [0ms]
[16/05/22 13:47:58:2091276] [INFO ]: Starting Game Servers took [0ms]
[16/05/22 13:47:58:2098754] [INFO ]: Starting Game Servers took [0ms]
[16/05/22 13:47:58:2106964] [INFO ]: 
[16/05/22 13:47:58:2114591] [INFO ]: Server Spooler:
[16/05/22 13:47:58:2122890] [INFO ]:  | >IP: 127.0.0.1:5105
[16/05/22 13:47:58:2131575] [INFO ]:  |
[16/05/22 13:47:58:2141286] [INFO ]: Load Balancer [0ms]:
[16/05/22 13:47:58:2150111] [INFO ]:  | >IP: 127.0.0.1:7107
[16/05/22 13:47:58:2157305] [INFO ]:  | >Queue Length: 0
[16/05/22 13:47:58:2164708] [INFO ]:  |
[16/05/22 13:47:58:2172663] [INFO ]: Lobby Servers [0ms]: 
[16/05/22 13:47:58:2180736] [INFO ]:  | Lobby Server [1] [0ms]: 
[16/05/22 13:47:58:2189033] [INFO ]:  | | >IP: 127.0.0.1:10124
[16/05/22 13:47:58:2203218] [INFO ]:  | | >Fill Level: 0/2
[16/05/22 13:47:58:2211080] [INFO ]:  |
[16/05/22 13:47:58:2219834] [INFO ]: Matchmaker [0ms]:
[16/05/22 13:47:58:2228556] [INFO ]:  | >IP: 127.0.0.1:6106
[16/05/22 13:47:58:2236294] [INFO ]:  | >Queue Length: 0
[16/05/22 13:47:58:2244703] [INFO ]:  |
[16/05/22 13:47:58:2252125] [INFO ]: Game Servers [0ms]: 
[16/05/22 13:47:58:2260074] [INFO ]:  | Game Server [0] [0ms]: 
[16/05/22 13:47:58:2268098] [INFO ]:  | | >IP: 127.0.0.1:20123
[16/05/22 13:47:58:2277001] [INFO ]:  | | >Fill Level: 1/2
[16/05/22 13:47:58:2305514] [INFO ]:  | Game Server [1] [0ms]: 
[16/05/22 13:47:58:2320648] [INFO ]:  | | >IP: 127.0.0.1:20124
[16/05/22 13:47:58:2330948] [INFO ]:  | | >Fill Level: 0/2
[16/05/22 13:47:58:2349623] [INFO ]: ----------INFO ENDS----------
[16/05/22 13:47:59:2488277] [INFO+]: ----------INFO START----------
[16/05/22 13:47:59:2501612] [INFO ]: Full update took [0ms]
[16/05/22 13:47:59:2509480] [INFO ]: Starting Lobby Servers took [0ms]
[16/05/22 13:47:59:2519435] [INFO ]: Stopping Lobby Servers took [0ms]
[16/05/22 13:47:59:2563727] [INFO ]: Starting Game Servers took [0ms]
[16/05/22 13:47:59:2573083] [INFO ]: Starting Game Servers took [0ms]
[16/05/22 13:47:59:2581253] [INFO ]: 
[16/05/22 13:47:59:2594946] [INFO ]: Server Spooler:
[16/05/22 13:47:59:2603206] [INFO ]:  | >IP: 127.0.0.1:5105
[16/05/22 13:47:59:2611397] [INFO ]:  |
[16/05/22 13:47:59:2619318] [INFO ]: Load Balancer [0ms]:
[16/05/22 13:47:59:2627844] [INFO ]:  | >IP: 127.0.0.1:7107
[16/05/22 13:47:59:2635652] [INFO ]:  | >Queue Length: 0
[16/05/22 13:47:59:2643127] [INFO ]:  |
[16/05/22 13:47:59:2650172] [INFO ]: Lobby Servers [0ms]: 
[16/05/22 13:47:59:2657685] [INFO ]:  | Lobby Server [1] [0ms]: 
[16/05/22 13:47:59:2665677] [INFO ]:  | | >IP: 127.0.0.1:10124
[16/05/22 13:47:59:2676177] [INFO ]:  | | >Fill Level: 0/2
[16/05/22 13:47:59:2683347] [INFO ]:  |
[16/05/22 13:47:59:2696808] [INFO ]: Matchmaker [0ms]:
[16/05/22 13:47:59:2724124] [INFO ]:  | >IP: 127.0.0.1:6106
[16/05/22 13:47:59:2732393] [INFO ]:  | >Queue Length: 0
[16/05/22 13:47:59:2740015] [INFO ]:  |
[16/05/22 13:47:59:2747755] [INFO ]: Game Servers [0ms]: 
[16/05/22 13:47:59:2756848] [INFO ]:  | Game Server [0] [0ms]: 
[16/05/22 13:47:59:2765519] [INFO ]:  | | >IP: 127.0.0.1:20123
[16/05/22 13:47:59:2777603] [INFO ]:  | | >Fill Level: 1/2
[16/05/22 13:47:59:2784735] [INFO ]:  | Game Server [1] [0ms]: 
[16/05/22 13:47:59:2792697] [INFO ]:  | | >IP: 127.0.0.1:20124
[16/05/22 13:47:59:2800928] [INFO ]:  | | >Fill Level: 0/2
[16/05/22 13:47:59:2809203] [INFO ]: ----------INFO ENDS----------
[16/05/22 13:48:00:3461919] [INFO+]: ----------INFO START----------
[16/05/22 13:48:00:3478365] [INFO ]: Full update took [0ms]
[16/05/22 13:48:00:3487135] [INFO ]: Starting Lobby Servers took [0ms]
[16/05/22 13:48:00:3495491] [INFO ]: Stopping Lobby Servers took [0ms]
[16/05/22 13:48:00:3503327] [INFO ]: Starting Game Servers took [0ms]
[16/05/22 13:48:00:3511604] [INFO ]: Starting Game Servers took [0ms]
[16/05/22 13:48:00:3520579] [INFO ]: 
[16/05/22 13:48:00:3528962] [INFO ]: Server Spooler:
[16/05/22 13:48:00:3536938] [INFO ]:  | >IP: 127.0.0.1:5105
[16/05/22 13:48:00:3544734] [INFO ]:  |
[16/05/22 13:48:00:3552592] [INFO ]: Load Balancer [0ms]:
[16/05/22 13:48:00:3560352] [INFO ]:  | >IP: 127.0.0.1:7107
[16/05/22 13:48:00:3568100] [INFO ]:  | >Queue Length: 0
[16/05/22 13:48:00:3575997] [INFO ]:  |
[16/05/22 13:48:00:3583371] [INFO ]: Lobby Servers [0ms]: 
[16/05/22 13:48:00:3590581] [INFO ]:  | Lobby Server [1] [0ms]: 
[16/05/22 13:48:00:3598353] [INFO ]:  | | >IP: 127.0.0.1:10124
[16/05/22 13:48:00:3609590] [INFO ]:  | | >Fill Level: 0/2
[16/05/22 13:48:00:3617311] [INFO ]:  |
[16/05/22 13:48:00:3625005] [INFO ]: Matchmaker [0ms]:
[16/05/22 13:48:00:3632845] [INFO ]:  | >IP: 127.0.0.1:6106
[16/05/22 13:48:00:3640262] [INFO ]:  | >Queue Length: 0
[16/05/22 13:48:00:3648055] [INFO ]:  |
[16/05/22 13:48:00:3655915] [INFO ]: Game Servers [0ms]: 
[16/05/22 13:48:00:3663746] [INFO ]:  | Game Server [0] [0ms]: 
[16/05/22 13:48:00:3671468] [INFO ]:  | | >IP: 127.0.0.1:20123
[16/05/22 13:48:00:3678808] [INFO ]:  | | >Fill Level: 1/2
[16/05/22 13:48:00:3686659] [INFO ]:  | Game Server [1] [0ms]: 
[16/05/22 13:48:00:3695119] [INFO ]:  | | >IP: 127.0.0.1:20124
[16/05/22 13:48:00:3702867] [INFO ]:  | | >Fill Level: 0/2
[16/05/22 13:48:00:3710766] [INFO ]: ----------INFO ENDS----------
[16/05/22 13:48:01:3907450] [INFO+]: ----------INFO START----------
[16/05/22 13:48:01:3922282] [INFO ]: Full update took [0ms]
[16/05/22 13:48:01:3930401] [INFO ]: Starting Lobby Servers took [0ms]
[16/05/22 13:48:01:3938335] [INFO ]: Stopping Lobby Servers took [0ms]
[16/05/22 13:48:01:3946023] [INFO ]: Starting Game Servers took [0ms]
[16/05/22 13:48:01:3954295] [INFO ]: Starting Game Servers took [0ms]
[16/05/22 13:48:01:3962377] [INFO ]: 
[16/05/22 13:48:01:3969994] [INFO ]: Server Spooler:
[16/05/22 13:48:01:3977636] [INFO ]:  | >IP: 127.0.0.1:5105
[16/05/22 13:48:01:3985263] [INFO ]:  |
[16/05/22 13:48:01:3993150] [INFO ]: Load Balancer [0ms]:
[16/05/22 13:48:01:4000917] [INFO ]:  | >IP: 127.0.0.1:7107
[16/05/22 13:48:01:4008440] [INFO ]:  | >Queue Length: 0
[16/05/22 13:48:01:4015778] [INFO ]:  |
[16/05/22 13:48:01:4025732] [INFO ]: Lobby Servers [0ms]: 
[16/05/22 13:48:01:4040412] [INFO ]:  | Lobby Server [1] [0ms]: 
[16/05/22 13:48:01:4048203] [INFO ]:  | | >IP: 127.0.0.1:10124
[16/05/22 13:48:01:4057549] [INFO ]:  | | >Fill Level: 0/2
[16/05/22 13:48:01:4065182] [INFO ]:  |
[16/05/22 13:48:01:4072915] [INFO ]: Matchmaker [0ms]:
[16/05/22 13:48:01:4083539] [INFO ]:  | >IP: 127.0.0.1:6106
[16/05/22 13:48:01:4091220] [INFO ]:  | >Queue Length: 0
[16/05/22 13:48:01:4099099] [INFO ]:  |
[16/05/22 13:48:01:4106793] [INFO ]: Game Servers [0ms]: 
[16/05/22 13:48:01:4113654] [INFO ]:  | Game Server [0] [0ms]: 
[16/05/22 13:48:01:4121130] [INFO ]:  | | >IP: 127.0.0.1:20123
[16/05/22 13:48:01:4128556] [INFO ]:  | | >Fill Level: 1/2
[16/05/22 13:48:01:4136686] [INFO ]:  | Game Server [1] [0ms]: 
[16/05/22 13:48:01:4144793] [INFO ]:  | | >IP: 127.0.0.1:20124
[16/05/22 13:48:01:4152393] [INFO ]:  | | >Fill Level: 0/2
[16/05/22 13:48:01:4159833] [INFO ]: ----------INFO ENDS----------
[16/05/22 13:48:02:4366605] [INFO+]: ----------INFO START----------
[16/05/22 13:48:02:4380417] [INFO ]: Full update took [0ms]
[16/05/22 13:48:02:4386187] [INFO ]: Starting Lobby Servers took [0ms]
[16/05/22 13:48:02:4392347] [INFO ]: Stopping Lobby Servers took [0ms]
[16/05/22 13:48:02:4398620] [INFO ]: Starting Game Servers took [0ms]
[16/05/22 13:48:02:4404331] [INFO ]: Starting Game Servers took [0ms]
[16/05/22 13:48:02:4436941] [INFO ]: 
[16/05/22 13:48:02:4443552] [INFO ]: Server Spooler:
[16/05/22 13:48:02:4449630] [INFO ]:  | >IP: 127.0.0.1:5105
[16/05/22 13:48:02:4455688] [INFO ]:  |
[16/05/22 13:48:02:4461823] [INFO ]: Load Balancer [0ms]:
[16/05/22 13:48:02:4467799] [INFO ]:  | >IP: 127.0.0.1:7107
[16/05/22 13:48:02:4474047] [INFO ]:  | >Queue Length: 0
[16/05/22 13:48:02:4480844] [INFO ]:  |
[16/05/22 13:48:02:4489716] [INFO ]: Lobby Servers [0ms]: 
[16/05/22 13:48:02:4495605] [INFO ]:  | Lobby Server [1] [0ms]: 
[16/05/22 13:48:02:4502265] [INFO ]:  | | >IP: 127.0.0.1:10124
[16/05/22 13:48:02:4509272] [INFO ]:  | | >Fill Level: 0/2
[16/05/22 13:48:02:4517905] [INFO ]:  |
[16/05/22 13:48:02:4524628] [INFO ]: Matchmaker [0ms]:
[16/05/22 13:48:02:4531516] [INFO ]:  | >IP: 127.0.0.1:6106
[16/05/22 13:48:02:4538248] [INFO ]:  | >Queue Length: 0
[16/05/22 13:48:02:4544937] [INFO ]:  |
[16/05/22 13:48:02:4551457] [INFO ]: Game Servers [0ms]: 
[16/05/22 13:48:02:4558092] [INFO ]:  | Game Server [0] [0ms]: 
[16/05/22 13:48:02:4565103] [INFO ]:  | | >IP: 127.0.0.1:20123
[16/05/22 13:48:02:4572228] [INFO ]:  | | >Fill Level: 1/2
[16/05/22 13:48:02:4579184] [INFO ]:  | Game Server [1] [0ms]: 
[16/05/22 13:48:02:4588825] [INFO ]:  | | >IP: 127.0.0.1:20124
[16/05/22 13:48:02:4596288] [INFO ]:  | | >Fill Level: 0/2
[16/05/22 13:48:02:4602976] [INFO ]: ----------INFO ENDS----------
[16/05/22 13:48:03:5048905] [INFO+]: ----------INFO START----------
[16/05/22 13:48:03:5062981] [INFO ]: Full update took [0ms]
[16/05/22 13:48:03:5069484] [INFO ]: Starting Lobby Servers took [0ms]
[16/05/22 13:48:03:5076523] [INFO ]: Stopping Lobby Servers took [0ms]
[16/05/22 13:48:03:5082856] [INFO ]: Starting Game Servers took [0ms]
[16/05/22 13:48:03:5089501] [INFO ]: Starting Game Servers took [0ms]
[16/05/22 13:48:03:5096922] [INFO ]: 
[16/05/22 13:48:03:5103653] [INFO ]: Server Spooler:
[16/05/22 13:48:03:5111395] [INFO ]:  | >IP: 127.0.0.1:5105
[16/05/22 13:48:03:5118131] [INFO ]:  |
[16/05/22 13:48:03:5124237] [INFO ]: Load Balancer [0ms]:
[16/05/22 13:48:03:5130502] [INFO ]:  | >IP: 127.0.0.1:7107
[16/05/22 13:48:03:5137403] [INFO ]:  | >Queue Length: 0
[16/05/22 13:48:03:5143835] [INFO ]:  |
[16/05/22 13:48:03:5149940] [INFO ]: Lobby Servers [0ms]: 
[16/05/22 13:48:03:5156215] [INFO ]:  | Lobby Server [1] [0ms]: 
[16/05/22 13:48:03:5162292] [INFO ]:  | | >IP: 127.0.0.1:10124
[16/05/22 13:48:03:5169215] [INFO ]:  | | >Fill Level: 0/2
[16/05/22 13:48:03:5175890] [INFO ]:  |
[16/05/22 13:48:03:5184172] [INFO ]: Matchmaker [0ms]:
[16/05/22 13:48:03:5194062] [INFO ]:  | >IP: 127.0.0.1:6106
[16/05/22 13:48:03:5200306] [INFO ]:  | >Queue Length: 0
[16/05/22 13:48:03:5206669] [INFO ]:  |
[16/05/22 13:48:03:5213364] [INFO ]: Game Servers [0ms]: 
[16/05/22 13:48:03:5219205] [INFO ]:  | Game Server [0] [0ms]: 
[16/05/22 13:48:03:5225848] [INFO ]:  | | >IP: 127.0.0.1:20123
[16/05/22 13:48:03:5232353] [INFO ]:  | | >Fill Level: 1/2
[16/05/22 13:48:03:5238681] [INFO ]:  | Game Server [1] [0ms]: 
[16/05/22 13:48:03:5245142] [INFO ]:  | | >IP: 127.0.0.1:20124
[16/05/22 13:48:03:5251359] [INFO ]:  | | >Fill Level: 0/2
[16/05/22 13:48:03:5257567] [INFO ]: ----------INFO ENDS----------
[16/05/22 13:48:04:5783804] [INFO+]: ----------INFO START----------
[16/05/22 13:48:04:5798512] [INFO ]: Full update took [0ms]
[16/05/22 13:48:04:5804872] [INFO ]: Starting Lobby Servers took [0ms]
[16/05/22 13:48:04:5812210] [INFO ]: Stopping Lobby Servers took [0ms]
[16/05/22 13:48:04:5819294] [INFO ]: Starting Game Servers took [0ms]
[16/05/22 13:48:04:5826567] [INFO ]: Starting Game Servers took [0ms]
[16/05/22 13:48:04:5834662] [INFO ]: 
[16/05/22 13:48:04:5841632] [INFO ]: Server Spooler:
[16/05/22 13:48:04:5848385] [INFO ]:  | >IP: 127.0.0.1:5105
[16/05/22 13:48:04:5855996] [INFO ]:  |
[16/05/22 13:48:04:5862466] [INFO ]: Load Balancer [0ms]:
[16/05/22 13:48:04:5869774] [INFO ]:  | >IP: 127.0.0.1:7107
[16/05/22 13:48:04:5876306] [INFO ]:  | >Queue Length: 0
[16/05/22 13:48:04:5883323] [INFO ]:  |
[16/05/22 13:48:04:5890154] [INFO ]: Lobby Servers [0ms]: 
[16/05/22 13:48:04:5897433] [INFO ]:  | Lobby Server [1] [0ms]: 
[16/05/22 13:48:04:5904300] [INFO ]:  | | >IP: 127.0.0.1:10124
[16/05/22 13:48:04:5911103] [INFO ]:  | | >Fill Level: 0/2
[16/05/22 13:48:04:5917804] [INFO ]:  |
[16/05/22 13:48:04:5924699] [INFO ]: Matchmaker [0ms]:
[16/05/22 13:48:04:5933493] [INFO ]:  | >IP: 127.0.0.1:6106
[16/05/22 13:48:04:5939795] [INFO ]:  | >Queue Length: 0
[16/05/22 13:48:04:5947193] [INFO ]:  |
[16/05/22 13:48:04:5953730] [INFO ]: Game Servers [0ms]: 
[16/05/22 13:48:04:5960411] [INFO ]:  | Game Server [0] [0ms]: 
[16/05/22 13:48:04:5967078] [INFO ]:  | | >IP: 127.0.0.1:20123
[16/05/22 13:48:04:5973974] [INFO ]:  | | >Fill Level: 1/2
[16/05/22 13:48:04:5980467] [INFO ]:  | Game Server [1] [0ms]: 
[16/05/22 13:48:04:5986991] [INFO ]:  | | >IP: 127.0.0.1:20124
[16/05/22 13:48:04:5993709] [INFO ]:  | | >Fill Level: 0/2
[16/05/22 13:48:04:5999984] [INFO ]: ----------INFO ENDS----------
[16/05/22 13:48:05:6421083] [INFO+]: ----------INFO START----------
[16/05/22 13:48:05:6435149] [INFO ]: Full update took [0ms]
[16/05/22 13:48:05:6441661] [INFO ]: Starting Lobby Servers took [0ms]
[16/05/22 13:48:05:6448675] [INFO ]: Stopping Lobby Servers took [0ms]
[16/05/22 13:48:05:6454943] [INFO ]: Starting Game Servers took [0ms]
[16/05/22 13:48:05:6462107] [INFO ]: Starting Game Servers took [0ms]
[16/05/22 13:48:05:6470527] [INFO ]: 
[16/05/22 13:48:05:6477031] [INFO ]: Server Spooler:
[16/05/22 13:48:05:6483803] [INFO ]:  | >IP: 127.0.0.1:5105
[16/05/22 13:48:05:6490693] [INFO ]:  |
[16/05/22 13:48:05:6497226] [INFO ]: Load Balancer [0ms]:
[16/05/22 13:48:05:6504332] [INFO ]:  | >IP: 127.0.0.1:7107
[16/05/22 13:48:05:6511327] [INFO ]:  | >Queue Length: 0
[16/05/22 13:48:05:6517471] [INFO ]:  |
[16/05/22 13:48:05:6523846] [INFO ]: Lobby Servers [0ms]: 
[16/05/22 13:48:05:6530950] [INFO ]:  | Lobby Server [1] [0ms]: 
[16/05/22 13:48:05:6536875] [INFO ]:  | | >IP: 127.0.0.1:10124
[16/05/22 13:48:05:6543479] [INFO ]:  | | >Fill Level: 0/2
[16/05/22 13:48:05:6550178] [INFO ]:  |
[16/05/22 13:48:05:6556552] [INFO ]: Matchmaker [0ms]:
[16/05/22 13:48:05:6563297] [INFO ]:  | >IP: 127.0.0.1:6106
[16/05/22 13:48:05:6570156] [INFO ]:  | >Queue Length: 0
[16/05/22 13:48:05:6576698] [INFO ]:  |
[16/05/22 13:48:05:6583271] [INFO ]: Game Servers [0ms]: 
[16/05/22 13:48:05:6589766] [INFO ]:  | Game Server [0] [0ms]: 
[16/05/22 13:48:05:6596018] [INFO ]:  | | >IP: 127.0.0.1:20123
[16/05/22 13:48:05:6602512] [INFO ]:  | | >Fill Level: 1/2
[16/05/22 13:48:05:6609468] [INFO ]:  | Game Server [1] [0ms]: 
[16/05/22 13:48:05:6616175] [INFO ]:  | | >IP: 127.0.0.1:20124
[16/05/22 13:48:05:6623036] [INFO ]:  | | >Fill Level: 0/2
[16/05/22 13:48:05:6629648] [INFO ]: ----------INFO ENDS----------
[16/05/22 13:48:06:6668295] [INFO+]: ----------INFO START----------
[16/05/22 13:48:06:6684527] [INFO ]: Full update took [0ms]
[16/05/22 13:48:06:6692360] [INFO ]: Starting Lobby Servers took [0ms]
[16/05/22 13:48:06:6699503] [INFO ]: Stopping Lobby Servers took [0ms]
[16/05/22 13:48:06:6705814] [INFO ]: Starting Game Servers took [0ms]
[16/05/22 13:48:06:6712729] [INFO ]: Starting Game Servers took [0ms]
[16/05/22 13:48:06:6719971] [INFO ]: 
[16/05/22 13:48:06:6725984] [INFO ]: Server Spooler:
[16/05/22 13:48:06:6732221] [INFO ]:  | >IP: 127.0.0.1:5105
[16/05/22 13:48:06:6738492] [INFO ]:  |
[16/05/22 13:48:06:6745339] [INFO ]: Load Balancer [0ms]:
[16/05/22 13:48:06:6751833] [INFO ]:  | >IP: 127.0.0.1:7107
[16/05/22 13:48:06:6758720] [INFO ]:  | >Queue Length: 0
[16/05/22 13:48:06:6765343] [INFO ]:  |
[16/05/22 13:48:06:6772373] [INFO ]: Lobby Servers [0ms]: 
[16/05/22 13:48:06:6779328] [INFO ]:  | Lobby Server [1] [0ms]: 
[16/05/22 13:48:06:6785970] [INFO ]:  | | >IP: 127.0.0.1:10124
[16/05/22 13:48:06:6794549] [INFO ]:  | | >Fill Level: 0/2
[16/05/22 13:48:06:6800608] [INFO ]:  |
[16/05/22 13:48:06:6807258] [INFO ]: Matchmaker [0ms]:
[16/05/22 13:48:06:6813739] [INFO ]:  | >IP: 127.0.0.1:6106
[16/05/22 13:48:06:6820170] [INFO ]:  | >Queue Length: 0
[16/05/22 13:48:06:6826664] [INFO ]:  |
[16/05/22 13:48:06:6833459] [INFO ]: Game Servers [0ms]: 
[16/05/22 13:48:06:6840095] [INFO ]:  | Game Server [0] [0ms]: 
[16/05/22 13:48:06:6847923] [INFO ]:  | | >IP: 127.0.0.1:20123
[16/05/22 13:48:06:6854431] [INFO ]:  | | >Fill Level: 1/2
[16/05/22 13:48:06:6861156] [INFO ]:  | Game Server [1] [0ms]: 
[16/05/22 13:48:06:6868202] [INFO ]:  | | >IP: 127.0.0.1:20124
[16/05/22 13:48:06:6874599] [INFO ]:  | | >Fill Level: 0/2
[16/05/22 13:48:06:6880727] [INFO ]: ----------INFO ENDS----------
[16/05/22 13:48:07:7035450] [INFO+]: ----------INFO START----------
[16/05/22 13:48:07:7049485] [INFO ]: Full update took [0ms]
[16/05/22 13:48:07:7056717] [INFO ]: Starting Lobby Servers took [0ms]
[16/05/22 13:48:07:7063481] [INFO ]: Stopping Lobby Servers took [0ms]
[16/05/22 13:48:07:7070486] [INFO ]: Starting Game Servers took [0ms]
[16/05/22 13:48:07:7077282] [INFO ]: Starting Game Servers took [0ms]
[16/05/22 13:48:07:7084244] [INFO ]: 
[16/05/22 13:48:07:7090935] [INFO ]: Server Spooler:
[16/05/22 13:48:07:7097180] [INFO ]:  | >IP: 127.0.0.1:5105
[16/05/22 13:48:07:7103567] [INFO ]:  |
[16/05/22 13:48:07:7110422] [INFO ]: Load Balancer [0ms]:
[16/05/22 13:48:07:7116449] [INFO ]:  | >IP: 127.0.0.1:7107
[16/05/22 13:48:07:7123168] [INFO ]:  | >Queue Length: 0
[16/05/22 13:48:07:7129717] [INFO ]:  |
[16/05/22 13:48:07:7136019] [INFO ]: Lobby Servers [0ms]: 
[16/05/22 13:48:07:7142481] [INFO ]:  | Lobby Server [1] [0ms]: 
[16/05/22 13:48:07:7149091] [INFO ]:  | | >IP: 127.0.0.1:10124
[16/05/22 13:48:07:7158673] [INFO ]:  | | >Fill Level: 0/2
[16/05/22 13:48:07:7164973] [INFO ]:  |
[16/05/22 13:48:07:7172782] [INFO ]: Matchmaker [0ms]:
[16/05/22 13:48:07:7179540] [INFO ]:  | >IP: 127.0.0.1:6106
[16/05/22 13:48:07:7186718] [INFO ]:  | >Queue Length: 0
[16/05/22 13:48:07:7193512] [INFO ]:  |
[16/05/22 13:48:07:7200934] [INFO ]: Game Servers [0ms]: 
[16/05/22 13:48:07:7207711] [INFO ]:  | Game Server [0] [0ms]: 
[16/05/22 13:48:07:7214146] [INFO ]:  | | >IP: 127.0.0.1:20123
[16/05/22 13:48:07:7221515] [INFO ]:  | | >Fill Level: 1/2
[16/05/22 13:48:07:7228514] [INFO ]:  | Game Server [1] [0ms]: 
[16/05/22 13:48:07:7235261] [INFO ]:  | | >IP: 127.0.0.1:20124
[16/05/22 13:48:07:7241999] [INFO ]:  | | >Fill Level: 0/2
[16/05/22 13:48:07:7248331] [INFO ]: ----------INFO ENDS----------
[16/05/22 13:48:08:7757691] [INFO+]: ----------INFO START----------
[16/05/22 13:48:08:7765237] [INFO ]: Full update took [0ms]
[16/05/22 13:48:08:7769119] [INFO ]: Starting Lobby Servers took [0ms]
[16/05/22 13:48:08:7776870] [INFO ]: Stopping Lobby Servers took [0ms]
[16/05/22 13:48:08:7782613] [INFO ]: Starting Game Servers took [0ms]
[16/05/22 13:48:08:7785890] [INFO ]: Starting Game Servers took [0ms]
[16/05/22 13:48:08:7789118] [INFO ]: 
[16/05/22 13:48:08:7792582] [INFO ]: Server Spooler:
[16/05/22 13:48:08:7795798] [INFO ]:  | >IP: 127.0.0.1:5105
[16/05/22 13:48:08:7798818] [INFO ]:  |
[16/05/22 13:48:08:7801651] [INFO ]: Load Balancer [0ms]:
[16/05/22 13:48:08:7804883] [INFO ]:  | >IP: 127.0.0.1:7107
[16/05/22 13:48:08:7808018] [INFO ]:  | >Queue Length: 0
[16/05/22 13:48:08:7811216] [INFO ]:  |
[16/05/22 13:48:08:7814238] [INFO ]: Lobby Servers [0ms]: 
[16/05/22 13:48:08:7817594] [INFO ]:  | Lobby Server [1] [0ms]: 
[16/05/22 13:48:08:7821214] [INFO ]:  | | >IP: 127.0.0.1:10124
[16/05/22 13:48:08:7824757] [INFO ]:  | | >Fill Level: 0/2
[16/05/22 13:48:08:7828637] [INFO ]:  |
[16/05/22 13:48:08:7837159] [INFO ]: Matchmaker [0ms]:
[16/05/22 13:48:08:7841432] [INFO ]:  | >IP: 127.0.0.1:6106
[16/05/22 13:48:08:7845110] [INFO ]:  | >Queue Length: 0
[16/05/22 13:48:08:7851170] [INFO ]:  |
[16/05/22 13:48:08:7857247] [INFO ]: Game Servers [0ms]: 
[16/05/22 13:48:08:7861342] [INFO ]:  | Game Server [0] [0ms]: 
[16/05/22 13:48:08:7865268] [INFO ]:  | | >IP: 127.0.0.1:20123
[16/05/22 13:48:08:7869067] [INFO ]:  | | >Fill Level: 1/2
[16/05/22 13:48:08:7872873] [INFO ]:  | Game Server [1] [0ms]: 
[16/05/22 13:48:08:7876498] [INFO ]:  | | >IP: 127.0.0.1:20124
[16/05/22 13:48:08:7880838] [INFO ]:  | | >Fill Level: 0/2
[16/05/22 13:48:08:7884560] [INFO ]: ----------INFO ENDS----------
[16/05/22 13:48:09:8242676] [INFO+]: ----------INFO START----------
[16/05/22 13:48:09:8258917] [INFO ]: Full update took [0ms]
[16/05/22 13:48:09:8267156] [INFO ]: Starting Lobby Servers took [0ms]
[16/05/22 13:48:09:8274980] [INFO ]: Stopping Lobby Servers took [0ms]
[16/05/22 13:48:09:8282681] [INFO ]: Starting Game Servers took [0ms]
[16/05/22 13:48:09:8291748] [INFO ]: Starting Game Servers took [0ms]
[16/05/22 13:48:09:8299230] [INFO ]: 
[16/05/22 13:48:09:8306746] [INFO ]: Server Spooler:
[16/05/22 13:48:09:8314233] [INFO ]:  | >IP: 127.0.0.1:5105
[16/05/22 13:48:09:8321525] [INFO ]:  |
[16/05/22 13:48:09:8328423] [INFO ]: Load Balancer [0ms]:
[16/05/22 13:48:09:8335994] [INFO ]:  | >IP: 127.0.0.1:7107
[16/05/22 13:48:09:8344364] [INFO ]:  | >Queue Length: 0
[16/05/22 13:48:09:8351915] [INFO ]:  |
[16/05/22 13:48:09:8359668] [INFO ]: Lobby Servers [0ms]: 
[16/05/22 13:48:09:8367252] [INFO ]:  | Lobby Server [1] [0ms]: 
[16/05/22 13:48:09:8378615] [INFO ]:  | | >IP: 127.0.0.1:10124
[16/05/22 13:48:09:8386247] [INFO ]:  | | >Fill Level: 0/2
[16/05/22 13:48:09:8393267] [INFO ]:  |
[16/05/22 13:48:09:8400405] [INFO ]: Matchmaker [0ms]:
[16/05/22 13:48:09:8407864] [INFO ]:  | >IP: 127.0.0.1:6106
[16/05/22 13:48:09:8415471] [INFO ]:  | >Queue Length: 0
[16/05/22 13:48:09:8423790] [INFO ]:  |
[16/05/22 13:48:09:8431599] [INFO ]: Game Servers [0ms]: 
[16/05/22 13:48:09:8438761] [INFO ]:  | Game Server [0] [0ms]: 
[16/05/22 13:48:09:8446347] [INFO ]:  | | >IP: 127.0.0.1:20123
[16/05/22 13:48:09:8454032] [INFO ]:  | | >Fill Level: 1/2
[16/05/22 13:48:09:8461927] [INFO ]:  | Game Server [1] [0ms]: 
[16/05/22 13:48:09:8468631] [INFO ]:  | | >IP: 127.0.0.1:20124
[16/05/22 13:48:09:8475795] [INFO ]:  | | >Fill Level: 0/2
[16/05/22 13:48:09:8484007] [INFO ]: ----------INFO ENDS----------
[16/05/22 13:48:10:9462063] [INFO+]: ----------INFO START----------
[16/05/22 13:48:10:9474851] [INFO ]: Full update took [0ms]
[16/05/22 13:48:10:9524683] [INFO ]: Starting Lobby Servers took [0ms]
[16/05/22 13:48:10:9570568] [INFO ]: Stopping Lobby Servers took [0ms]
[16/05/22 13:48:10:9587851] [INFO ]: Starting Game Servers took [0ms]
[16/05/22 13:48:10:9594218] [INFO ]: Starting Game Servers took [103ms]
[16/05/22 13:48:10:9601321] [INFO ]: 
[16/05/22 13:48:10:9613294] [INFO ]: Server Spooler:
[16/05/22 13:48:10:9643395] [INFO ]:  | >IP: 127.0.0.1:5105
[16/05/22 13:48:10:9652317] [INFO ]:  |
[16/05/22 13:48:10:9657323] [INFO ]: Load Balancer [0ms]:
[16/05/22 13:48:10:9680549] [INFO ]:  | >IP: 127.0.0.1:7107
[16/05/22 13:48:10:9707922] [INFO ]:  | >Queue Length: 0
[16/05/22 13:48:10:9717222] [INFO ]:  |
[16/05/22 13:48:10:9723237] [INFO ]: Lobby Servers [0ms]: 
[16/05/22 13:48:10:9728799] [INFO ]:  | Lobby Server [1] [0ms]: 
[16/05/22 13:48:10:9734540] [INFO ]:  | | >IP: 127.0.0.1:10124
[16/05/22 13:48:10:9743481] [INFO ]:  | | >Fill Level: 0/2
[16/05/22 13:48:10:9750314] [INFO ]:  |
[16/05/22 13:48:10:9757942] [INFO ]: Matchmaker [0ms]:
[16/05/22 13:48:10:9764459] [INFO ]:  | >IP: 127.0.0.1:6106
[16/05/22 13:48:10:9769176] [INFO ]:  | >Queue Length: 0
[16/05/22 13:48:10:9775578] [INFO ]:  |
[16/05/22 13:48:10:9780221] [INFO ]: Game Servers [0ms]: 
[16/05/22 13:48:10:9785302] [INFO ]:  | Game Server [1] [0ms]: 
[16/05/22 13:48:10:9790324] [INFO ]:  | | >IP: 127.0.0.1:20124
[16/05/22 13:48:10:9797288] [INFO ]:  | | >Fill Level: 0/2
[16/05/22 13:48:10:9802370] [INFO ]: ----------INFO ENDS----------
[16/05/22 13:48:11:0342936] [INFO ]: Starting lobby 2 on port 10125
[16/05/22 13:48:11:0747652] [INFO ]: Accepting client
[16/05/22 13:48:11:0795745] [INFO ]: Accepting connection
[16/05/22 13:48:11:4827348] [INFO ]: Connection established
[16/05/22 13:48:11:9858455] [INFO+]: ----------INFO START----------
[16/05/22 13:48:11:9875025] [INFO ]: Full update took [0ms]
[16/05/22 13:48:11:9882642] [INFO ]: Starting Lobby Servers took [0ms]
[16/05/22 13:48:11:9890204] [INFO ]: Stopping Lobby Servers took [0ms]
[16/05/22 13:48:11:9897701] [INFO ]: Starting Game Servers took [0ms]
[16/05/22 13:48:11:9905419] [INFO ]: Starting Game Servers took [0ms]
[16/05/22 13:48:11:9912891] [INFO ]: 
[16/05/22 13:48:11:9920984] [INFO ]: Server Spooler:
[16/05/22 13:48:11:9929481] [INFO ]:  | >IP: 127.0.0.1:5105
[16/05/22 13:48:11:9937041] [INFO ]:  |
[16/05/22 13:48:11:9944813] [INFO ]: Load Balancer [0ms]:
[16/05/22 13:48:11:9952622] [INFO ]:  | >IP: 127.0.0.1:7107
[16/05/22 13:48:11:9960354] [INFO ]:  | >Queue Length: 0
[16/05/22 13:48:11:9967770] [INFO ]:  |
[16/05/22 13:48:11:9975032] [INFO ]: Lobby Servers [0ms]: 
[16/05/22 13:48:11:9982728] [INFO ]:  | Lobby Server [1] [0ms]: 
[16/05/22 13:48:11:9990365] [INFO ]:  | | >IP: 127.0.0.1:10124
[16/05/22 13:48:12:0001176] [INFO ]:  | | >Fill Level: 1/2
[16/05/22 13:48:12:0013500] [INFO ]:  | Lobby Server [2] [0ms]: 
[16/05/22 13:48:12:0020930] [INFO ]:  | | >IP: 127.0.0.1:10125
[16/05/22 13:48:12:0029152] [INFO ]:  | | >Fill Level: 0/2
[16/05/22 13:48:12:0036887] [INFO ]:  |
[16/05/22 13:48:12:0043910] [INFO ]: Matchmaker [0ms]:
[16/05/22 13:48:12:0051765] [INFO ]:  | >IP: 127.0.0.1:6106
[16/05/22 13:48:12:0059304] [INFO ]:  | >Queue Length: 0
[16/05/22 13:48:12:0066837] [INFO ]:  |
[16/05/22 13:48:12:0074254] [INFO ]: Game Servers [0ms]: 
[16/05/22 13:48:12:0081862] [INFO ]:  | Game Server [1] [0ms]: 
[16/05/22 13:48:12:0089356] [INFO ]:  | | >IP: 127.0.0.1:20124
[16/05/22 13:48:12:0100068] [INFO ]:  | | >Fill Level: 0/2
[16/05/22 13:48:12:0107837] [INFO ]: ----------INFO ENDS----------
[16/05/22 13:48:13:0439388] [INFO+]: ----------INFO START----------
[16/05/22 13:48:13:0453294] [INFO ]: Full update took [0ms]
[16/05/22 13:48:13:0461308] [INFO ]: Starting Lobby Servers took [0ms]
[16/05/22 13:48:13:0469361] [INFO ]: Stopping Lobby Servers took [0ms]
[16/05/22 13:48:13:0477205] [INFO ]: Starting Game Servers took [0ms]
[16/05/22 13:48:13:0485240] [INFO ]: Starting Game Servers took [0ms]
[16/05/22 13:48:13:0499308] [INFO ]: 
[16/05/22 13:48:13:0507555] [INFO ]: Server Spooler:
[16/05/22 13:48:13:0518313] [INFO ]:  | >IP: 127.0.0.1:5105
[16/05/22 13:48:13:0525896] [INFO ]:  |
[16/05/22 13:48:13:0533132] [INFO ]: Load Balancer [0ms]:
[16/05/22 13:48:13:0540270] [INFO ]:  | >IP: 127.0.0.1:7107
[16/05/22 13:48:13:0547718] [INFO ]:  | >Queue Length: 0
[16/05/22 13:48:13:0554957] [INFO ]:  |
[16/05/22 13:48:13:0563421] [INFO ]: Lobby Servers [0ms]: 
[16/05/22 13:48:13:0571714] [INFO ]:  | Lobby Server [1] [0ms]: 
[16/05/22 13:48:13:0585272] [INFO ]:  | | >IP: 127.0.0.1:10124
[16/05/22 13:48:13:0602666] [INFO ]:  | | >Fill Level: 1/2
[16/05/22 13:48:13:0611032] [INFO ]:  | Lobby Server [2] [0ms]: 
[16/05/22 13:48:13:0621636] [INFO ]:  | | >IP: 127.0.0.1:10125
[16/05/22 13:48:13:0644874] [INFO ]:  | | >Fill Level: 0/2
[16/05/22 13:48:13:0653897] [INFO ]:  |
[16/05/22 13:48:13:0670839] [INFO ]: Matchmaker [0ms]:
[16/05/22 13:48:13:0689572] [INFO ]:  | >IP: 127.0.0.1:6106
[16/05/22 13:48:13:0697262] [INFO ]:  | >Queue Length: 0
[16/05/22 13:48:13:0704816] [INFO ]:  |
[16/05/22 13:48:13:0712790] [INFO ]: Game Servers [0ms]: 
[16/05/22 13:48:13:0719767] [INFO ]:  | Game Server [1] [0ms]: 
[16/05/22 13:48:13:0727809] [INFO ]:  | | >IP: 127.0.0.1:20124
[16/05/22 13:48:13:0735773] [INFO ]:  | | >Fill Level: 0/2
[16/05/22 13:48:13:0745032] [INFO ]: ----------INFO ENDS----------
[16/05/22 13:48:14:0819900] [INFO+]: ----------INFO START----------
[16/05/22 13:48:14:0836891] [INFO ]: Full update took [0ms]
[16/05/22 13:48:14:0845935] [INFO ]: Starting Lobby Servers took [0ms]
[16/05/22 13:48:14:0854125] [INFO ]: Stopping Lobby Servers took [0ms]
[16/05/22 13:48:14:0865654] [INFO ]: Starting Game Servers took [0ms]
[16/05/22 13:48:14:0874444] [INFO ]: Starting Game Servers took [0ms]
[16/05/22 13:48:14:0883012] [INFO ]: 
[16/05/22 13:48:14:0890850] [INFO ]: Server Spooler:
[16/05/22 13:48:14:0898785] [INFO ]:  | >IP: 127.0.0.1:5105
[16/05/22 13:48:14:0907269] [INFO ]:  |
[16/05/22 13:48:14:0914466] [INFO ]: Load Balancer [0ms]:
[16/05/22 13:48:14:0921510] [INFO ]:  | >IP: 127.0.0.1:7107
[16/05/22 13:48:14:0928791] [INFO ]:  | >Queue Length: 0
[16/05/22 13:48:14:0936799] [INFO ]:  |
[16/05/22 13:48:14:0944425] [INFO ]: Lobby Servers [0ms]: 
[16/05/22 13:48:14:0951845] [INFO ]:  | Lobby Server [1] [0ms]: 
[16/05/22 13:48:14:0959106] [INFO ]:  | | >IP: 127.0.0.1:10124
[16/05/22 13:48:14:0966430] [INFO ]:  | | >Fill Level: 1/2
[16/05/22 13:48:14:0973466] [INFO ]:  | Lobby Server [2] [0ms]: 
[16/05/22 13:48:14:0980556] [INFO ]:  | | >IP: 127.0.0.1:10125
[16/05/22 13:48:14:0987685] [INFO ]:  | | >Fill Level: 0/2
[16/05/22 13:48:14:0999131] [INFO ]:  |
[16/05/22 13:48:14:1006237] [INFO ]: Matchmaker [0ms]:
[16/05/22 13:48:14:1015983] [INFO ]:  | >IP: 127.0.0.1:6106
[16/05/22 13:48:14:1023407] [INFO ]:  | >Queue Length: 0
[16/05/22 13:48:14:1030428] [INFO ]:  |
[16/05/22 13:48:14:1038055] [INFO ]: Game Servers [0ms]: 
[16/05/22 13:48:14:1045367] [INFO ]:  | Game Server [1] [0ms]: 
[16/05/22 13:48:14:1053222] [INFO ]:  | | >IP: 127.0.0.1:20124
[16/05/22 13:48:14:1060418] [INFO ]:  | | >Fill Level: 0/2
[16/05/22 13:48:14:1067676] [INFO ]: ----------INFO ENDS----------
[16/05/22 13:48:15:1510305] [INFO+]: ----------INFO START----------
[16/05/22 13:48:15:1523728] [INFO ]: Full update took [0ms]
[16/05/22 13:48:15:1531281] [INFO ]: Starting Lobby Servers took [0ms]
[16/05/22 13:48:15:1539817] [INFO ]: Stopping Lobby Servers took [0ms]
[16/05/22 13:48:15:1550994] [INFO ]: Starting Game Servers took [0ms]
[16/05/22 13:48:15:1558742] [INFO ]: Starting Game Servers took [0ms]
[16/05/22 13:48:15:1566417] [INFO ]: 
[16/05/22 13:48:15:1574195] [INFO ]: Server Spooler:
[16/05/22 13:48:15:1582079] [INFO ]:  | >IP: 127.0.0.1:5105
[16/05/22 13:48:15:1589614] [INFO ]:  |
[16/05/22 13:48:15:1596849] [INFO ]: Load Balancer [0ms]:
[16/05/22 13:48:15:1603998] [INFO ]:  | >IP: 127.0.0.1:7107
[16/05/22 13:48:15:1611523] [INFO ]:  | >Queue Length: 0
[16/05/22 13:48:15:1619314] [INFO ]:  |
[16/05/22 13:48:15:1626853] [INFO ]: Lobby Servers [0ms]: 
[16/05/22 13:48:15:1634217] [INFO ]:  | Lobby Server [1] [0ms]: 
[16/05/22 13:48:15:1643690] [INFO ]:  | | >IP: 127.0.0.1:10124
[16/05/22 13:48:15:1673420] [INFO ]:  | | >Fill Level: 1/2
[16/05/22 13:48:15:1685596] [INFO ]:  | Lobby Server [2] [0ms]: 
[16/05/22 13:48:15:1694183] [INFO ]:  | | >IP: 127.0.0.1:10125
[16/05/22 13:48:15:1703321] [INFO ]:  | | >Fill Level: 0/2
[16/05/22 13:48:15:1721412] [INFO ]:  |
[16/05/22 13:48:15:1731691] [INFO ]: Matchmaker [0ms]:
[16/05/22 13:48:15:1739245] [INFO ]:  | >IP: 127.0.0.1:6106
[16/05/22 13:48:15:1746452] [INFO ]:  | >Queue Length: 0
[16/05/22 13:48:15:1757072] [INFO ]:  |
[16/05/22 13:48:15:1764544] [INFO ]: Game Servers [0ms]: 
[16/05/22 13:48:15:1771761] [INFO ]:  | Game Server [1] [0ms]: 
[16/05/22 13:48:15:1779360] [INFO ]:  | | >IP: 127.0.0.1:20124
[16/05/22 13:48:15:1787093] [INFO ]:  | | >Fill Level: 0/2
[16/05/22 13:48:15:1795179] [INFO ]: ----------INFO ENDS----------
[16/05/22 13:48:16:2359414] [INFO+]: ----------INFO START----------
[16/05/22 13:48:16:2376877] [INFO ]: Full update took [0ms]
[16/05/22 13:48:16:2385571] [INFO ]: Starting Lobby Servers took [0ms]
[16/05/22 13:48:16:2393681] [INFO ]: Stopping Lobby Servers took [0ms]
[16/05/22 13:48:16:2401724] [INFO ]: Starting Game Servers took [0ms]
[16/05/22 13:48:16:2409378] [INFO ]: Starting Game Servers took [0ms]
[16/05/22 13:48:16:2418519] [INFO ]: 
[16/05/22 13:48:16:2427659] [INFO ]: Server Spooler:
[16/05/22 13:48:16:2436189] [INFO ]:  | >IP: 127.0.0.1:5105
[16/05/22 13:48:16:2443985] [INFO ]:  |
[16/05/22 13:48:16:2451171] [INFO ]: Load Balancer [0ms]:
[16/05/22 13:48:16:2458347] [INFO ]:  | >IP: 127.0.0.1:7107
[16/05/22 13:48:16:2468793] [INFO ]:  | >Queue Length: 0
[16/05/22 13:48:16:2476003] [INFO ]:  |
[16/05/22 13:48:16:2492695] [INFO ]: Lobby Servers [0ms]: 
[16/05/22 13:48:16:2507230] [INFO ]:  | Lobby Server [1] [0ms]: 
[16/05/22 13:48:16:2519980] [INFO ]:  | | >IP: 127.0.0.1:10124
[16/05/22 13:48:16:2528849] [INFO ]:  | | >Fill Level: 1/2
[16/05/22 13:48:16:2536202] [INFO ]:  | Lobby Server [2] [0ms]: 
[16/05/22 13:48:16:2543270] [INFO ]:  | | >IP: 127.0.0.1:10125
[16/05/22 13:48:16:2550888] [INFO ]:  | | >Fill Level: 0/2
[16/05/22 13:48:16:2558302] [INFO ]:  |
[16/05/22 13:48:16:2568586] [INFO ]: Matchmaker [0ms]:
[16/05/22 13:48:16:2577567] [INFO ]:  | >IP: 127.0.0.1:6106
[16/05/22 13:48:16:2585821] [INFO ]:  | >Queue Length: 0
[16/05/22 13:48:16:2593701] [INFO ]:  |
[16/05/22 13:48:16:2601303] [INFO ]: Game Servers [0ms]: 
[16/05/22 13:48:16:2609211] [INFO ]:  | Game Server [1] [0ms]: 
[16/05/22 13:48:16:2617513] [INFO ]:  | | >IP: 127.0.0.1:20124
[16/05/22 13:48:16:2625705] [INFO ]:  | | >Fill Level: 0/2
[16/05/22 13:48:16:2633321] [INFO ]: ----------INFO ENDS----------
[16/05/22 13:48:17:3172105] [INFO+]: ----------INFO START----------
[16/05/22 13:48:17:3186119] [INFO ]: Full update took [0ms]
[16/05/22 13:48:17:3194212] [INFO ]: Starting Lobby Servers took [0ms]
[16/05/22 13:48:17:3203946] [INFO ]: Stopping Lobby Servers took [0ms]
[16/05/22 13:48:17:3212395] [INFO ]: Starting Game Servers took [0ms]
[16/05/22 13:48:17:3219706] [INFO ]: Starting Game Servers took [0ms]
[16/05/22 13:48:17:3227622] [INFO ]: 
[16/05/22 13:48:17:3236085] [INFO ]: Server Spooler:
[16/05/22 13:48:17:3243693] [INFO ]:  | >IP: 127.0.0.1:5105
[16/05/22 13:48:17:3251372] [INFO ]:  |
[16/05/22 13:48:17:3259441] [INFO ]: Load Balancer [0ms]:
[16/05/22 13:48:17:3267056] [INFO ]:  | >IP: 127.0.0.1:7107
[16/05/22 13:48:17:3274263] [INFO ]:  | >Queue Length: 0
[16/05/22 13:48:17:3281670] [INFO ]:  |
[16/05/22 13:48:17:3289531] [INFO ]: Lobby Servers [0ms]: 
[16/05/22 13:48:17:3297509] [INFO ]:  | Lobby Server [1] [0ms]: 
[16/05/22 13:48:17:3304927] [INFO ]:  | | >IP: 127.0.0.1:10124
[16/05/22 13:48:17:3312050] [INFO ]:  | | >Fill Level: 1/2
[16/05/22 13:48:17:3328648] [INFO ]:  | Lobby Server [2] [0ms]: 
[16/05/22 13:48:17:3338050] [INFO ]:  | | >IP: 127.0.0.1:10125
[16/05/22 13:48:17:3351505] [INFO ]:  | | >Fill Level: 0/2
[16/05/22 13:48:17:3360795] [INFO ]:  |
[16/05/22 13:48:17:3367892] [INFO ]: Matchmaker [0ms]:
[16/05/22 13:48:17:3375960] [INFO ]:  | >IP: 127.0.0.1:6106
[16/05/22 13:48:17:3383321] [INFO ]:  | >Queue Length: 0
[16/05/22 13:48:17:3390945] [INFO ]:  |
[16/05/22 13:48:17:3398415] [INFO ]: Game Servers [0ms]: 
[16/05/22 13:48:17:3406288] [INFO ]:  | Game Server [1] [0ms]: 
[16/05/22 13:48:17:3414079] [INFO ]:  | | >IP: 127.0.0.1:20124
[16/05/22 13:48:17:3422033] [INFO ]:  | | >Fill Level: 0/2
[16/05/22 13:48:17:3429596] [INFO ]: ----------INFO ENDS----------
[16/05/22 13:48:18:3697289] [INFO+]: ----------INFO START----------
[16/05/22 13:48:18:3709810] [INFO ]: Full update took [0ms]
[16/05/22 13:48:18:3717611] [INFO ]: Starting Lobby Servers took [0ms]
[16/05/22 13:48:18:3725259] [INFO ]: Stopping Lobby Servers took [0ms]
[16/05/22 13:48:18:3733409] [INFO ]: Starting Game Servers took [0ms]
[16/05/22 13:48:18:3741020] [INFO ]: Starting Game Servers took [0ms]
[16/05/22 13:48:18:3749275] [INFO ]: 
[16/05/22 13:48:18:3756647] [INFO ]: Server Spooler:
[16/05/22 13:48:18:3764819] [INFO ]:  | >IP: 127.0.0.1:5105
[16/05/22 13:48:18:3772568] [INFO ]:  |
[16/05/22 13:48:18:3780322] [INFO ]: Load Balancer [0ms]:
[16/05/22 13:48:18:3787362] [INFO ]:  | >IP: 127.0.0.1:7107
[16/05/22 13:48:18:3794108] [INFO ]:  | >Queue Length: 0
[16/05/22 13:48:18:3801530] [INFO ]:  |
[16/05/22 13:48:18:3809249] [INFO ]: Lobby Servers [0ms]: 
[16/05/22 13:48:18:3817724] [INFO ]:  | Lobby Server [1] [0ms]: 
[16/05/22 13:48:18:3825832] [INFO ]:  | | >IP: 127.0.0.1:10124
[16/05/22 13:48:18:3833554] [INFO ]:  | | >Fill Level: 1/2
[16/05/22 13:48:18:3841077] [INFO ]:  | Lobby Server [2] [0ms]: 
[16/05/22 13:48:18:3849004] [INFO ]:  | | >IP: 127.0.0.1:10125
[16/05/22 13:48:18:3857066] [INFO ]:  | | >Fill Level: 0/2
[16/05/22 13:48:18:3866498] [INFO ]:  |
[16/05/22 13:48:18:3873193] [INFO ]: Matchmaker [0ms]:
[16/05/22 13:48:18:3880727] [INFO ]:  | >IP: 127.0.0.1:6106
[16/05/22 13:48:18:3887450] [INFO ]:  | >Queue Length: 0
[16/05/22 13:48:18:3894594] [INFO ]:  |
[16/05/22 13:48:18:3901496] [INFO ]: Game Servers [0ms]: 
[16/05/22 13:48:18:3908987] [INFO ]:  | Game Server [1] [0ms]: 
[16/05/22 13:48:18:3916533] [INFO ]:  | | >IP: 127.0.0.1:20124
[16/05/22 13:48:18:3924174] [INFO ]:  | | >Fill Level: 0/2
[16/05/22 13:48:18:3931908] [INFO ]: ----------INFO ENDS----------
[16/05/22 13:48:19:4344525] [INFO+]: ----------INFO START----------
[16/05/22 13:48:19:4358019] [INFO ]: Full update took [0ms]
[16/05/22 13:48:19:4365332] [INFO ]: Starting Lobby Servers took [0ms]
[16/05/22 13:48:19:4373211] [INFO ]: Stopping Lobby Servers took [0ms]
[16/05/22 13:48:19:4380823] [INFO ]: Starting Game Servers took [0ms]
[16/05/22 13:48:19:4388661] [INFO ]: Starting Game Servers took [0ms]
[16/05/22 13:48:19:4396231] [INFO ]: 
[16/05/22 13:48:19:4403576] [INFO ]: Server Spooler:
[16/05/22 13:48:19:4411252] [INFO ]:  | >IP: 127.0.0.1:5105
[16/05/22 13:48:19:4419015] [INFO ]:  |
[16/05/22 13:48:19:4426795] [INFO ]: Load Balancer [0ms]:
[16/05/22 13:48:19:4434622] [INFO ]:  | >IP: 127.0.0.1:7107
[16/05/22 13:48:19:4442431] [INFO ]:  | >Queue Length: 0
[16/05/22 13:48:19:4449804] [INFO ]:  |
[16/05/22 13:48:19:4457085] [INFO ]: Lobby Servers [0ms]: 
[16/05/22 13:48:19:4464380] [INFO ]:  | Lobby Server [1] [0ms]: 
[16/05/22 13:48:19:4472279] [INFO ]:  | | >IP: 127.0.0.1:10124
[16/05/22 13:48:19:4481239] [INFO ]:  | | >Fill Level: 1/2
[16/05/22 13:48:19:4489597] [INFO ]:  | Lobby Server [2] [0ms]: 
[16/05/22 13:48:19:4497367] [INFO ]:  | | >IP: 127.0.0.1:10125
[16/05/22 13:48:19:4510089] [INFO ]:  | | >Fill Level: 0/2
[16/05/22 13:48:19:4517653] [INFO ]:  |
[16/05/22 13:48:19:4524789] [INFO ]: Matchmaker [0ms]:
[16/05/22 13:48:19:4532400] [INFO ]:  | >IP: 127.0.0.1:6106
[16/05/22 13:48:19:4540230] [INFO ]:  | >Queue Length: 0
[16/05/22 13:48:19:4547609] [INFO ]:  |
[16/05/22 13:48:19:4555461] [INFO ]: Game Servers [0ms]: 
[16/05/22 13:48:19:4562872] [INFO ]:  | Game Server [1] [0ms]: 
[16/05/22 13:48:19:4570888] [INFO ]:  | | >IP: 127.0.0.1:20124
[16/05/22 13:48:19:4578749] [INFO ]:  | | >Fill Level: 0/2
[16/05/22 13:48:19:4586681] [INFO ]: ----------INFO ENDS----------
[16/05/22 13:48:20:5100802] [INFO+]: ----------INFO START----------
[16/05/22 13:48:20:5116425] [INFO ]: Full update took [0ms]
[16/05/22 13:48:20:5124139] [INFO ]: Starting Lobby Servers took [0ms]
[16/05/22 13:48:20:5135330] [INFO ]: Stopping Lobby Servers took [0ms]
[16/05/22 13:48:20:5149428] [INFO ]: Starting Game Servers took [0ms]
[16/05/22 13:48:20:5158234] [INFO ]: Starting Game Servers took [0ms]
[16/05/22 13:48:20:5165994] [INFO ]: 
[16/05/22 13:48:20:5173526] [INFO ]: Server Spooler:
[16/05/22 13:48:20:5181062] [INFO ]:  | >IP: 127.0.0.1:5105
[16/05/22 13:48:20:5188831] [INFO ]:  |
[16/05/22 13:48:20:5197464] [INFO ]: Load Balancer [0ms]:
[16/05/22 13:48:20:5204780] [INFO ]:  | >IP: 127.0.0.1:7107
[16/05/22 13:48:20:5211906] [INFO ]:  | >Queue Length: 0
[16/05/22 13:48:20:5220847] [INFO ]:  |
[16/05/22 13:48:20:5233406] [INFO ]: Lobby Servers [0ms]: 
[16/05/22 13:48:20:5240480] [INFO ]:  | Lobby Server [2] [0ms]: 
[16/05/22 13:48:20:5247887] [INFO ]:  | | >IP: 127.0.0.1:10125
[16/05/22 13:48:20:5255549] [INFO ]:  | | >Fill Level: 0/2
[16/05/22 13:48:20:5264637] [INFO ]:  |
[16/05/22 13:48:20:5271951] [INFO ]: Matchmaker [0ms]:
[16/05/22 13:48:20:5279652] [INFO ]:  | >IP: 127.0.0.1:6106
[16/05/22 13:48:20:5286796] [INFO ]:  | >Queue Length: 0
[16/05/22 13:48:20:5294074] [INFO ]:  |
[16/05/22 13:48:20:5301299] [INFO ]: Game Servers [0ms]: 
[16/05/22 13:48:20:5309591] [INFO ]:  | Game Server [1] [0ms]: 
[16/05/22 13:48:20:5317029] [INFO ]:  | | >IP: 127.0.0.1:20124
[16/05/22 13:48:20:5325574] [INFO ]:  | | >Fill Level: 0/2
[16/05/22 13:48:20:5333631] [INFO ]: ----------INFO ENDS----------
[16/05/22 13:48:21:5602408] [INFO+]: ----------INFO START----------
[16/05/22 13:48:21:5614553] [INFO ]: Full update took [0ms]
[16/05/22 13:48:21:5621293] [INFO ]: Starting Lobby Servers took [0ms]
[16/05/22 13:48:21:5628156] [INFO ]: Stopping Lobby Servers took [0ms]
[16/05/22 13:48:21:5634709] [INFO ]: Starting Game Servers took [0ms]
[16/05/22 13:48:21:5642220] [INFO ]: Starting Game Servers took [0ms]
[16/05/22 13:48:21:5649193] [INFO ]: 
[16/05/22 13:48:21:5655772] [INFO ]: Server Spooler:
[16/05/22 13:48:21:5663845] [INFO ]:  | >IP: 127.0.0.1:5105
[16/05/22 13:48:21:5670809] [INFO ]:  |
[16/05/22 13:48:21:5678252] [INFO ]: Load Balancer [0ms]:
[16/05/22 13:48:21:5684640] [INFO ]:  | >IP: 127.0.0.1:7107
[16/05/22 13:48:21:5691341] [INFO ]:  | >Queue Length: 0
[16/05/22 13:48:21:5697797] [INFO ]:  |
[16/05/22 13:48:21:5704272] [INFO ]: Lobby Servers [0ms]: 
[16/05/22 13:48:21:5710741] [INFO ]:  | Lobby Server [2] [0ms]: 
[16/05/22 13:48:21:5717757] [INFO ]:  | | >IP: 127.0.0.1:10125
[16/05/22 13:48:21:5724157] [INFO ]:  | | >Fill Level: 0/2
[16/05/22 13:48:21:5731224] [INFO ]:  |
[16/05/22 13:48:21:5738347] [INFO ]: Matchmaker [0ms]:
[16/05/22 13:48:21:5745864] [INFO ]:  | >IP: 127.0.0.1:6106
[16/05/22 13:48:21:5752589] [INFO ]:  | >Queue Length: 0
[16/05/22 13:48:21:5758986] [INFO ]:  |
[16/05/22 13:48:21:5765443] [INFO ]: Game Servers [0ms]: 
[16/05/22 13:48:21:5771846] [INFO ]:  | Game Server [1] [0ms]: 
[16/05/22 13:48:21:5781213] [INFO ]:  | | >IP: 127.0.0.1:20124
[16/05/22 13:48:21:5787229] [INFO ]:  | | >Fill Level: 0/2
[16/05/22 13:48:21:5793954] [INFO ]: ----------INFO ENDS----------
[16/05/22 13:48:22:6240934] [INFO+]: ----------INFO START----------
[16/05/22 13:48:22:6249377] [INFO ]: Full update took [0ms]
[16/05/22 13:48:22:6256610] [INFO ]: Starting Lobby Servers took [0ms]
[16/05/22 13:48:22:6261306] [INFO ]: Stopping Lobby Servers took [0ms]
[16/05/22 13:48:22:6266562] [INFO ]: Starting Game Servers took [0ms]
[16/05/22 13:48:22:6271579] [INFO ]: Starting Game Servers took [0ms]
[16/05/22 13:48:22:6276584] [INFO ]: 
[16/05/22 13:48:22:6281118] [INFO ]: Server Spooler:
[16/05/22 13:48:22:6285850] [INFO ]:  | >IP: 127.0.0.1:5105
[16/05/22 13:48:22:6290722] [INFO ]:  |
[16/05/22 13:48:22:6296388] [INFO ]: Load Balancer [0ms]:
[16/05/22 13:48:22:6301069] [INFO ]:  | >IP: 127.0.0.1:7107
[16/05/22 13:48:22:6318411] [INFO ]:  | >Queue Length: 0
[16/05/22 13:48:22:6323725] [INFO ]:  |
[16/05/22 13:48:22:6327470] [INFO ]: Lobby Servers [0ms]: 
[16/05/22 13:48:22:6331190] [INFO ]:  | Lobby Server [2] [0ms]: 
[16/05/22 13:48:22:6334967] [INFO ]:  | | >IP: 127.0.0.1:10125
[16/05/22 13:48:22:6338529] [INFO ]:  | | >Fill Level: 0/2
[16/05/22 13:48:22:6342313] [INFO ]:  |
[16/05/22 13:48:22:6345775] [INFO ]: Matchmaker [0ms]:
[16/05/22 13:48:22:6349364] [INFO ]:  | >IP: 127.0.0.1:6106
[16/05/22 13:48:22:6352978] [INFO ]:  | >Queue Length: 0
[16/05/22 13:48:22:6356796] [INFO ]:  |
[16/05/22 13:48:22:6360601] [INFO ]: Game Servers [0ms]: 
[16/05/22 13:48:22:6364404] [INFO ]:  | Game Server [1] [0ms]: 
[16/05/22 13:48:22:6368790] [INFO ]:  | | >IP: 127.0.0.1:20124
[16/05/22 13:48:22:6372440] [INFO ]:  | | >Fill Level: 0/2
[16/05/22 13:48:22:6376494] [INFO ]: ----------INFO ENDS----------
[16/05/22 13:48:23:6649759] [INFO+]: ----------INFO START----------
[16/05/22 13:48:23:6665162] [INFO ]: Full update took [0ms]
[16/05/22 13:48:23:6672321] [INFO ]: Starting Lobby Servers took [0ms]
[16/05/22 13:48:23:6680118] [INFO ]: Stopping Lobby Servers took [0ms]
[16/05/22 13:48:23:6687673] [INFO ]: Starting Game Servers took [0ms]
[16/05/22 13:48:23:6695770] [INFO ]: Starting Game Servers took [0ms]
[16/05/22 13:48:23:6704217] [INFO ]: 
[16/05/22 13:48:23:6712078] [INFO ]: Server Spooler:
[16/05/22 13:48:23:6719855] [INFO ]:  | >IP: 127.0.0.1:5105
[16/05/22 13:48:23:6727695] [INFO ]:  |
[16/05/22 13:48:23:6735350] [INFO ]: Load Balancer [0ms]:
[16/05/22 13:48:23:6742279] [INFO ]:  | >IP: 127.0.0.1:7107
[16/05/22 13:48:23:6750494] [INFO ]:  | >Queue Length: 0
[16/05/22 13:48:23:6758451] [INFO ]:  |
[16/05/22 13:48:23:6769215] [INFO ]: Lobby Servers [0ms]: 
[16/05/22 13:48:23:6776449] [INFO ]:  | Lobby Server [2] [0ms]: 
[16/05/22 13:48:23:6783705] [INFO ]:  | | >IP: 127.0.0.1:10125
[16/05/22 13:48:23:6791551] [INFO ]:  | | >Fill Level: 0/2
[16/05/22 13:48:23:6799216] [INFO ]:  |
[16/05/22 13:48:23:6808108] [INFO ]: Matchmaker [0ms]:
[16/05/22 13:48:23:6815126] [INFO ]:  | >IP: 127.0.0.1:6106
[16/05/22 13:48:23:6823302] [INFO ]:  | >Queue Length: 0
[16/05/22 13:48:23:6829969] [INFO ]:  |
[16/05/22 13:48:23:6837034] [INFO ]: Game Servers [0ms]: 
[16/05/22 13:48:23:6844133] [INFO ]:  | Game Server [1] [0ms]: 
[16/05/22 13:48:23:6852091] [INFO ]:  | | >IP: 127.0.0.1:20124
[16/05/22 13:48:23:6859329] [INFO ]:  | | >Fill Level: 0/2
[16/05/22 13:48:23:6866495] [INFO ]: ----------INFO ENDS----------
[16/05/22 13:48:24:7259198] [INFO+]: ----------INFO START----------
[16/05/22 13:48:24:7278331] [INFO ]: Full update took [0ms]
[16/05/22 13:48:24:7285405] [INFO ]: Starting Lobby Servers took [0ms]
[16/05/22 13:48:24:7294098] [INFO ]: Stopping Lobby Servers took [0ms]
[16/05/22 13:48:24:7306521] [INFO ]: Starting Game Servers took [0ms]
[16/05/22 13:48:24:7314619] [INFO ]: Starting Game Servers took [0ms]
[16/05/22 13:48:24:7322330] [INFO ]: 
[16/05/22 13:48:24:7329781] [INFO ]: Server Spooler:
[16/05/22 13:48:24:7340450] [INFO ]:  | >IP: 127.0.0.1:5105
[16/05/22 13:48:24:7348995] [INFO ]:  |
[16/05/22 13:48:24:7357173] [INFO ]: Load Balancer [0ms]:
[16/05/22 13:48:24:7364375] [INFO ]:  | >IP: 127.0.0.1:7107
[16/05/22 13:48:24:7373172] [INFO ]:  | >Queue Length: 0
[16/05/22 13:48:24:7380455] [INFO ]:  |
[16/05/22 13:48:24:7387869] [INFO ]: Lobby Servers [0ms]: 
[16/05/22 13:48:24:7395319] [INFO ]:  | Lobby Server [2] [0ms]: 
[16/05/22 13:48:24:7402925] [INFO ]:  | | >IP: 127.0.0.1:10125
[16/05/22 13:48:24:7410734] [INFO ]:  | | >Fill Level: 0/2
[16/05/22 13:48:24:7417627] [INFO ]:  |
[16/05/22 13:48:24:7425369] [INFO ]: Matchmaker [0ms]:
[16/05/22 13:48:24:7436055] [INFO ]:  | >IP: 127.0.0.1:6106
[16/05/22 13:48:24:7445872] [INFO ]:  | >Queue Length: 0
[16/05/22 13:48:24:7454853] [INFO ]:  |
[16/05/22 13:48:24:7462199] [INFO ]: Game Servers [0ms]: 
[16/05/22 13:48:24:7473760] [INFO ]:  | Game Server [1] [0ms]: 
[16/05/22 13:48:24:7481383] [INFO ]:  | | >IP: 127.0.0.1:20124
[16/05/22 13:48:24:7488985] [INFO ]:  | | >Fill Level: 0/2
[16/05/22 13:48:24:7496764] [INFO ]: ----------INFO ENDS----------
[16/05/22 13:48:25:7529107] [INFO+]: ----------INFO START----------
[16/05/22 13:48:25:7541431] [INFO ]: Full update took [0ms]
[16/05/22 13:48:25:7547629] [INFO ]: Starting Lobby Servers took [0ms]
[16/05/22 13:48:25:7553220] [INFO ]: Stopping Lobby Servers took [0ms]
[16/05/22 13:48:25:7558508] [INFO ]: Starting Game Servers took [0ms]
[16/05/22 13:48:25:7563867] [INFO ]: Starting Game Servers took [0ms]
[16/05/22 13:48:25:7569030] [INFO ]: 
[16/05/22 13:48:25:7575183] [INFO ]: Server Spooler:
[16/05/22 13:48:25:7580613] [INFO ]:  | >IP: 127.0.0.1:5105
[16/05/22 13:48:25:7586328] [INFO ]:  |
[16/05/22 13:48:25:7591946] [INFO ]: Load Balancer [0ms]:
[16/05/22 13:48:25:7597697] [INFO ]:  | >IP: 127.0.0.1:7107
[16/05/22 13:48:25:7603073] [INFO ]:  | >Queue Length: 0
[16/05/22 13:48:25:7608438] [INFO ]:  |
[16/05/22 13:48:25:7616020] [INFO ]: Lobby Servers [0ms]: 
[16/05/22 13:48:25:7623287] [INFO ]:  | Lobby Server [2] [0ms]: 
[16/05/22 13:48:25:7632643] [INFO ]:  | | >IP: 127.0.0.1:10125
[16/05/22 13:48:25:7639850] [INFO ]:  | | >Fill Level: 0/2
[16/05/22 13:48:25:7647449] [INFO ]:  |
[16/05/22 13:48:25:7654639] [INFO ]: Matchmaker [0ms]:
[16/05/22 13:48:25:7662732] [INFO ]:  | >IP: 127.0.0.1:6106
[16/05/22 13:48:25:7670475] [INFO ]:  | >Queue Length: 0
[16/05/22 13:48:25:7678718] [INFO ]:  |
[16/05/22 13:48:25:7686132] [INFO ]: Game Servers [0ms]: 
[16/05/22 13:48:25:7693980] [INFO ]:  | Game Server [1] [0ms]: 
[16/05/22 13:48:25:7705317] [INFO ]:  | | >IP: 127.0.0.1:20124
[16/05/22 13:48:25:7713981] [INFO ]:  | | >Fill Level: 0/2
[16/05/22 13:48:25:7723125] [INFO ]: ----------INFO ENDS----------
[16/05/22 13:48:26:6009402] [INFO ]: Escape key pressed
[16/05/22 13:48:26:6029310] [INFO ]: Shutting down network
[16/05/22 13:48:26:6040301] [INFO ]: Giving time for graceful shutdown
[16/05/22 13:48:27:6123891] [INFO ]: Terminating processes
[16/05/22 13:48:27:6156325] [INFO ]: Killing Load Balancer
[16/05/22 13:48:27:6171895] [INFO ]: Killing Matchmaker
[16/05/22 13:48:27:6183339] [INFO ]: Killing lobby servers
[16/05/22 13:48:27:6191580] [INFO ]: Killing game servers
[16/05/22 13:48:27:6211553] [WARN ]: Shutting down logging
