[12/05/22 18:19:04:6985164] [INFO ]: Logging started
[12/05/22 18:19:04:7236233] [INFO ]: Starting load balancer
[12/05/22 18:19:04:7887560] [INFO ]: Waiting for load balancer response
[12/05/22 18:19:04:7895766] [INFO ]: Accepting client
[12/05/22 18:19:04:7936034] [INFO ]: Accepting connection
[12/05/22 18:19:04:9221711] [INFO ]: Connection established
[12/05/22 18:19:04:9227015] [INFO ]: Connected in 0ms
[12/05/22 18:19:04:9261005] [INFO ]: Starting lobby 0 on port 10123
[12/05/22 18:19:04:9626241] [INFO ]: Accepting client
[12/05/22 18:19:04:9629802] [INFO ]: Accepting connection
[12/05/22 18:19:05:0772174] [INFO ]: Connection established
[12/05/22 18:19:05:0778954] [INFO ]: Starting lobby 1 on port 10124
[12/05/22 18:19:05:0877471] [INFO ]: Accepting client
[12/05/22 18:19:05:0879549] [INFO ]: Accepting connection
[12/05/22 18:19:05:1856678] [INFO ]: Connection established
[12/05/22 18:19:05:1860679] [INFO ]: Starting lobby 2 on port 10125
[12/05/22 18:19:05:1958383] [INFO ]: Accepting client
[12/05/22 18:19:05:1960586] [INFO ]: Accepting connection
[12/05/22 18:19:05:2941538] [INFO ]: Connection established
[12/05/22 18:19:05:2945697] [INFO ]: Starting lobby 3 on port 10126
[12/05/22 18:19:05:3043797] [INFO ]: Accepting client
[12/05/22 18:19:05:3045847] [INFO ]: Accepting connection
[12/05/22 18:19:05:4026599] [INFO ]: Connection established
[12/05/22 18:19:05:4031112] [INFO ]: Starting lobby 4 on port 10127
[12/05/22 18:19:05:4129177] [INFO ]: Accepting client
[12/05/22 18:19:05:4131206] [INFO ]: Accepting connection
[12/05/22 18:19:05:5112037] [INFO ]: Connection established
[12/05/22 18:19:09:3761139] [INFO ]: Escape key pressed
[12/05/22 18:19:09:3764892] [INFO ]: Shutting down network
[12/05/22 18:19:09:3766626] [INFO ]: Giving time for graceful shutdown
[12/05/22 18:19:10:3848660] [INFO ]: Terminating processes
[12/05/22 18:19:10:3854026] [INFO ]: Killing load balancer
[12/05/22 18:19:10:3863250] [WARN ]: Shutting down logging
