[16/05/22 11:39:00:0194854] [INFO ]: Logging started
[16/05/22 11:39:00:1668108] [INFO ]: Starting Load Balancer
[16/05/22 11:39:00:3696417] [INFO ]: Waiting for Load Balancer response
[16/05/22 11:39:00:3735938] [INFO ]: Accepting client
[16/05/22 11:39:00:3963554] [INFO ]: Accepting connection
[16/05/22 11:39:00:8466913] [INFO ]: Connection established
[16/05/22 11:39:00:8477085] [INFO ]: Connected in 475ms
[16/05/22 11:39:00:8483376] [INFO ]: Starting Matchmaker
[16/05/22 11:39:00:9541635] [INFO ]: Waiting for Matchmaker response
[16/05/22 11:39:00:9563659] [INFO ]: Accepting client
[16/05/22 11:39:00:9569451] [INFO ]: Accepting connection
[16/05/22 11:39:01:3669809] [INFO ]: Connection established
[16/05/22 11:39:01:3753746] [INFO ]: Connected in 419ms
[16/05/22 11:39:01:4023353] [INFO ]: Starting lobby 0 on port 10123
[16/05/22 11:39:01:5077087] [INFO ]: Accepting client
[16/05/22 11:39:01:5133890] [INFO ]: Accepting connection
[16/05/22 11:39:02:0144812] [INFO ]: Connection established
[16/05/22 11:39:02:0181022] [INFO ]: Starting game server 0 on port 20123
[16/05/22 11:39:02:1070378] [INFO ]: Accepting client
[16/05/22 11:39:02:1085036] [INFO ]: Accepting connection
[16/05/22 11:39:02:5685397] [INFO ]: Connection established
[16/05/22 11:39:02:5742519] [INFO+]: ----------INFO START----------
[16/05/22 11:39:02:5749841] [INFO ]: Full update took [1192ms]
[16/05/22 11:39:02:5764474] [INFO ]: Starting Lobby Servers took [615ms]
[16/05/22 11:39:02:5787944] [INFO ]: Stopping Lobby Servers took [0ms]
[16/05/22 11:39:02:5795076] [INFO ]: Starting Game Servers took [553ms]
[16/05/22 11:39:02:5804578] [INFO ]: Starting Game Servers took [0ms]
[16/05/22 11:39:02:5810930] [INFO ]: 
[16/05/22 11:39:02:5815543] [INFO ]: Server Spooler:
[16/05/22 11:39:02:5821503] [INFO ]:  | >IP: 127.0.0.1:5105
[16/05/22 11:39:02:5830613] [INFO ]:  |
[16/05/22 11:39:02:5864245] [INFO ]: Load Balancer [12ms]:
[16/05/22 11:39:02:5877956] [INFO ]:  | >IP: 127.0.0.1:7107
[16/05/22 11:39:02:5892792] [INFO ]:  | >Queue Length: 0
[16/05/22 11:39:02:5899394] [INFO ]:  |
[16/05/22 11:39:02:5909602] [INFO ]: Lobby Servers [0ms]: 
[16/05/22 11:39:02:5919086] [INFO ]:  | Lobby Server [0] [0ms]: 
[16/05/22 11:39:02:5933399] [INFO ]:  | | >IP: 127.0.0.1:10123
[16/05/22 11:39:02:5939404] [INFO ]:  | | >Fill Level: 0/2
[16/05/22 11:39:02:5943773] [INFO ]:  |
[16/05/22 11:39:02:5953937] [INFO ]: Matchmaker [8ms]:
[16/05/22 11:39:02:5965597] [INFO ]:  | >IP: 127.0.0.1:6106
[16/05/22 11:39:02:5974952] [INFO ]:  | >Queue Length: 0
[16/05/22 11:39:02:5981740] [INFO ]:  |
[16/05/22 11:39:02:5989832] [INFO ]: Game Servers [0ms]: 
[16/05/22 11:39:02:5999912] [INFO ]:  | Game Server [0] [0ms]: 
[16/05/22 11:39:02:6008510] [INFO ]:  | | >IP: 127.0.0.1:20123
[16/05/22 11:39:02:6025470] [INFO ]:  | | >Fill Level: 0/2
[16/05/22 11:39:02:6033859] [INFO ]: ----------INFO ENDS----------
[16/05/22 11:39:03:6594621] [INFO+]: ----------INFO START----------
[16/05/22 11:39:03:6607184] [INFO ]: Full update took [0ms]
[16/05/22 11:39:03:6614995] [INFO ]: Starting Lobby Servers took [0ms]
[16/05/22 11:39:03:6622799] [INFO ]: Stopping Lobby Servers took [0ms]
[16/05/22 11:39:03:6630020] [INFO ]: Starting Game Servers took [0ms]
[16/05/22 11:39:03:6637728] [INFO ]: Starting Game Servers took [0ms]
[16/05/22 11:39:03:6646703] [INFO ]: 
[16/05/22 11:39:03:6654024] [INFO ]: Server Spooler:
[16/05/22 11:39:03:6661788] [INFO ]:  | >IP: 127.0.0.1:5105
[16/05/22 11:39:03:6669411] [INFO ]:  |
[16/05/22 11:39:03:6676335] [INFO ]: Load Balancer [0ms]:
[16/05/22 11:39:03:6685373] [INFO ]:  | >IP: 127.0.0.1:7107
[16/05/22 11:39:03:6692827] [INFO ]:  | >Queue Length: 0
[16/05/22 11:39:03:6700026] [INFO ]:  |
[16/05/22 11:39:03:6711406] [INFO ]: Lobby Servers [0ms]: 
[16/05/22 11:39:03:6719318] [INFO ]:  | Lobby Server [0] [0ms]: 
[16/05/22 11:39:03:6727790] [INFO ]:  | | >IP: 127.0.0.1:10123
[16/05/22 11:39:03:6735956] [INFO ]:  | | >Fill Level: 0/2
[16/05/22 11:39:03:6746463] [INFO ]:  |
[16/05/22 11:39:03:6752636] [INFO ]: Matchmaker [0ms]:
[16/05/22 11:39:03:6760604] [INFO ]:  | >IP: 127.0.0.1:6106
[16/05/22 11:39:03:6768037] [INFO ]:  | >Queue Length: 0
[16/05/22 11:39:03:6776039] [INFO ]:  |
[16/05/22 11:39:03:6783481] [INFO ]: Game Servers [0ms]: 
[16/05/22 11:39:03:6791197] [INFO ]:  | Game Server [0] [0ms]: 
[16/05/22 11:39:03:6799004] [INFO ]:  | | >IP: 127.0.0.1:20123
[16/05/22 11:39:03:6806465] [INFO ]:  | | >Fill Level: 0/2
[16/05/22 11:39:03:6813433] [INFO ]: ----------INFO ENDS----------
[16/05/22 11:39:04:7318598] [INFO+]: ----------INFO START----------
[16/05/22 11:39:04:7331483] [INFO ]: Full update took [0ms]
[16/05/22 11:39:04:7338330] [INFO ]: Starting Lobby Servers took [0ms]
[16/05/22 11:39:04:7347732] [INFO ]: Stopping Lobby Servers took [0ms]
[16/05/22 11:39:04:7355529] [INFO ]: Starting Game Servers took [0ms]
[16/05/22 11:39:04:7362547] [INFO ]: Starting Game Servers took [0ms]
[16/05/22 11:39:04:7369213] [INFO ]: 
[16/05/22 11:39:04:7375654] [INFO ]: Server Spooler:
[16/05/22 11:39:04:7382402] [INFO ]:  | >IP: 127.0.0.1:5105
[16/05/22 11:39:04:7389089] [INFO ]:  |
[16/05/22 11:39:04:7396076] [INFO ]: Load Balancer [0ms]:
[16/05/22 11:39:04:7402831] [INFO ]:  | >IP: 127.0.0.1:7107
[16/05/22 11:39:04:7408933] [INFO ]:  | >Queue Length: 0
[16/05/22 11:39:04:7415730] [INFO ]:  |
[16/05/22 11:39:04:7422521] [INFO ]: Lobby Servers [0ms]: 
[16/05/22 11:39:04:7428800] [INFO ]:  | Lobby Server [0] [0ms]: 
[16/05/22 11:39:04:7436158] [INFO ]:  | | >IP: 127.0.0.1:10123
[16/05/22 11:39:04:7444748] [INFO ]:  | | >Fill Level: 0/2
[16/05/22 11:39:04:7450582] [INFO ]:  |
[16/05/22 11:39:04:7457539] [INFO ]: Matchmaker [0ms]:
[16/05/22 11:39:04:7464121] [INFO ]:  | >IP: 127.0.0.1:6106
[16/05/22 11:39:04:7470352] [INFO ]:  | >Queue Length: 0
[16/05/22 11:39:04:7477159] [INFO ]:  |
[16/05/22 11:39:04:7483467] [INFO ]: Game Servers [0ms]: 
[16/05/22 11:39:04:7489677] [INFO ]:  | Game Server [0] [0ms]: 
[16/05/22 11:39:04:7496085] [INFO ]:  | | >IP: 127.0.0.1:20123
[16/05/22 11:39:04:7502485] [INFO ]:  | | >Fill Level: 0/2
[16/05/22 11:39:04:7510564] [INFO ]: ----------INFO ENDS----------
[16/05/22 11:39:05:8041384] [INFO+]: ----------INFO START----------
[16/05/22 11:39:05:8056271] [INFO ]: Full update took [0ms]
[16/05/22 11:39:05:8062797] [INFO ]: Starting Lobby Servers took [0ms]
[16/05/22 11:39:05:8069560] [INFO ]: Stopping Lobby Servers took [0ms]
[16/05/22 11:39:05:8076465] [INFO ]: Starting Game Servers took [0ms]
[16/05/22 11:39:05:8083640] [INFO ]: Starting Game Servers took [0ms]
[16/05/22 11:39:05:8089970] [INFO ]: 
[16/05/22 11:39:05:8097980] [INFO ]: Server Spooler:
[16/05/22 11:39:05:8104990] [INFO ]:  | >IP: 127.0.0.1:5105
[16/05/22 11:39:05:8111119] [INFO ]:  |
[16/05/22 11:39:05:8117139] [INFO ]: Load Balancer [0ms]:
[16/05/22 11:39:05:8123723] [INFO ]:  | >IP: 127.0.0.1:7107
[16/05/22 11:39:05:8130354] [INFO ]:  | >Queue Length: 0
[16/05/22 11:39:05:8136893] [INFO ]:  |
[16/05/22 11:39:05:8143450] [INFO ]: Lobby Servers [0ms]: 
[16/05/22 11:39:05:8149807] [INFO ]:  | Lobby Server [0] [0ms]: 
[16/05/22 11:39:05:8156720] [INFO ]:  | | >IP: 127.0.0.1:10123
[16/05/22 11:39:05:8163510] [INFO ]:  | | >Fill Level: 0/2
[16/05/22 11:39:05:8209328] [INFO ]:  |
[16/05/22 11:39:05:8215781] [INFO ]: Matchmaker [0ms]:
[16/05/22 11:39:05:8222473] [INFO ]:  | >IP: 127.0.0.1:6106
[16/05/22 11:39:05:8229217] [INFO ]:  | >Queue Length: 0
[16/05/22 11:39:05:8235954] [INFO ]:  |
[16/05/22 11:39:05:8242120] [INFO ]: Game Servers [0ms]: 
[16/05/22 11:39:05:8248908] [INFO ]:  | Game Server [0] [0ms]: 
[16/05/22 11:39:05:8255355] [INFO ]:  | | >IP: 127.0.0.1:20123
[16/05/22 11:39:05:8262003] [INFO ]:  | | >Fill Level: 0/2
[16/05/22 11:39:05:8269040] [INFO ]: ----------INFO ENDS----------
[16/05/22 11:39:06:8698453] [INFO+]: ----------INFO START----------
[16/05/22 11:39:06:8709664] [INFO ]: Full update took [0ms]
[16/05/22 11:39:06:8716028] [INFO ]: Starting Lobby Servers took [0ms]
[16/05/22 11:39:06:8722211] [INFO ]: Stopping Lobby Servers took [0ms]
[16/05/22 11:39:06:8728689] [INFO ]: Starting Game Servers took [0ms]
[16/05/22 11:39:06:8735001] [INFO ]: Starting Game Servers took [0ms]
[16/05/22 11:39:06:8741443] [INFO ]: 
[16/05/22 11:39:06:8747411] [INFO ]: Server Spooler:
[16/05/22 11:39:06:8753528] [INFO ]:  | >IP: 127.0.0.1:5105
[16/05/22 11:39:06:8759914] [INFO ]:  |
[16/05/22 11:39:06:8766588] [INFO ]: Load Balancer [0ms]:
[16/05/22 11:39:06:8772956] [INFO ]:  | >IP: 127.0.0.1:7107
[16/05/22 11:39:06:8780027] [INFO ]:  | >Queue Length: 0
[16/05/22 11:39:06:8786528] [INFO ]:  |
[16/05/22 11:39:06:8792711] [INFO ]: Lobby Servers [0ms]: 
[16/05/22 11:39:06:8800933] [INFO ]:  | Lobby Server [0] [0ms]: 
[16/05/22 11:39:06:8808209] [INFO ]:  | | >IP: 127.0.0.1:10123
[16/05/22 11:39:06:8814874] [INFO ]:  | | >Fill Level: 0/2
[16/05/22 11:39:06:8821070] [INFO ]:  |
[16/05/22 11:39:06:8827472] [INFO ]: Matchmaker [0ms]:
[16/05/22 11:39:06:8834257] [INFO ]:  | >IP: 127.0.0.1:6106
[16/05/22 11:39:06:8842815] [INFO ]:  | >Queue Length: 0
[16/05/22 11:39:06:8849240] [INFO ]:  |
[16/05/22 11:39:06:8856168] [INFO ]: Game Servers [0ms]: 
[16/05/22 11:39:06:8863329] [INFO ]:  | Game Server [0] [0ms]: 
[16/05/22 11:39:06:8870454] [INFO ]:  | | >IP: 127.0.0.1:20123
[16/05/22 11:39:06:8877594] [INFO ]:  | | >Fill Level: 0/2
[16/05/22 11:39:06:8884912] [INFO ]: ----------INFO ENDS----------
[16/05/22 11:39:07:9143391] [INFO+]: ----------INFO START----------
[16/05/22 11:39:07:9157982] [INFO ]: Full update took [0ms]
[16/05/22 11:39:07:9164850] [INFO ]: Starting Lobby Servers took [0ms]
[16/05/22 11:39:07:9173013] [INFO ]: Stopping Lobby Servers took [0ms]
[16/05/22 11:39:07:9179529] [INFO ]: Starting Game Servers took [0ms]
[16/05/22 11:39:07:9185799] [INFO ]: Starting Game Servers took [0ms]
[16/05/22 11:39:07:9191604] [INFO ]: 
[16/05/22 11:39:07:9197649] [INFO ]: Server Spooler:
[16/05/22 11:39:07:9203915] [INFO ]:  | >IP: 127.0.0.1:5105
[16/05/22 11:39:07:9210684] [INFO ]:  |
[16/05/22 11:39:07:9217926] [INFO ]: Load Balancer [0ms]:
[16/05/22 11:39:07:9224166] [INFO ]:  | >IP: 127.0.0.1:7107
[16/05/22 11:39:07:9230404] [INFO ]:  | >Queue Length: 0
[16/05/22 11:39:07:9237332] [INFO ]:  |
[16/05/22 11:39:07:9246269] [INFO ]: Lobby Servers [0ms]: 
[16/05/22 11:39:07:9253096] [INFO ]:  | Lobby Server [0] [0ms]: 
[16/05/22 11:39:07:9260312] [INFO ]:  | | >IP: 127.0.0.1:10123
[16/05/22 11:39:07:9267316] [INFO ]:  | | >Fill Level: 0/2
[16/05/22 11:39:07:9273703] [INFO ]:  |
[16/05/22 11:39:07:9280707] [INFO ]: Matchmaker [0ms]:
[16/05/22 11:39:07:9287885] [INFO ]:  | >IP: 127.0.0.1:6106
[16/05/22 11:39:07:9294302] [INFO ]:  | >Queue Length: 0
[16/05/22 11:39:07:9301034] [INFO ]:  |
[16/05/22 11:39:07:9307781] [INFO ]: Game Servers [0ms]: 
[16/05/22 11:39:07:9314804] [INFO ]:  | Game Server [0] [0ms]: 
[16/05/22 11:39:07:9321447] [INFO ]:  | | >IP: 127.0.0.1:20123
[16/05/22 11:39:07:9330326] [INFO ]:  | | >Fill Level: 0/2
[16/05/22 11:39:07:9337518] [INFO ]: ----------INFO ENDS----------
[16/05/22 11:39:08:7624812] [INFO ]: Starting lobby 1 on port 10124
[16/05/22 11:39:08:7810995] [INFO ]: Accepting client
[16/05/22 11:39:08:7822299] [INFO ]: Accepting connection
[16/05/22 11:39:09:0255511] [INFO ]: Connection established
[16/05/22 11:39:09:0266164] [INFO+]: ----------INFO START----------
[16/05/22 11:39:09:0274935] [INFO ]: Full update took [0ms]
[16/05/22 11:39:09:0282632] [INFO ]: Starting Lobby Servers took [264ms]
[16/05/22 11:39:09:0297076] [INFO ]: Stopping Lobby Servers took [0ms]
[16/05/22 11:39:09:0308309] [INFO ]: Starting Game Servers took [0ms]
[16/05/22 11:39:09:0322099] [INFO ]: Starting Game Servers took [0ms]
[16/05/22 11:39:09:0349126] [INFO ]: 
[16/05/22 11:39:09:0405987] [INFO ]: Server Spooler:
[16/05/22 11:39:09:0434041] [INFO ]:  | >IP: 127.0.0.1:5105
[16/05/22 11:39:09:0441821] [INFO ]:  |
[16/05/22 11:39:09:0449691] [INFO ]: Load Balancer [0ms]:
[16/05/22 11:39:09:0459149] [INFO ]:  | >IP: 127.0.0.1:7107
[16/05/22 11:39:09:0466569] [INFO ]:  | >Queue Length: 0
[16/05/22 11:39:09:0472249] [INFO ]:  |
[16/05/22 11:39:09:0478382] [INFO ]: Lobby Servers [0ms]: 
[16/05/22 11:39:09:0484115] [INFO ]:  | Lobby Server [0] [0ms]: 
[16/05/22 11:39:09:0489877] [INFO ]:  | | >IP: 127.0.0.1:10123
[16/05/22 11:39:09:0494762] [INFO ]:  | | >Fill Level: 1/2
[16/05/22 11:39:09:0524699] [INFO ]:  | Lobby Server [1] [0ms]: 
[16/05/22 11:39:09:0530598] [INFO ]:  | | >IP: 127.0.0.1:10124
[16/05/22 11:39:09:0544400] [INFO ]:  | | >Fill Level: 0/2
[16/05/22 11:39:09:0564171] [INFO ]:  |
[16/05/22 11:39:09:0582079] [INFO ]: Matchmaker [0ms]:
[16/05/22 11:39:09:0593719] [INFO ]:  | >IP: 127.0.0.1:6106
[16/05/22 11:39:09:0600713] [INFO ]:  | >Queue Length: 0
[16/05/22 11:39:09:0608734] [INFO ]:  |
[16/05/22 11:39:09:0614946] [INFO ]: Game Servers [0ms]: 
[16/05/22 11:39:09:0629295] [INFO ]:  | Game Server [0] [0ms]: 
[16/05/22 11:39:09:0635538] [INFO ]:  | | >IP: 127.0.0.1:20123
[16/05/22 11:39:09:0641132] [INFO ]:  | | >Fill Level: 0/2
[16/05/22 11:39:09:0646930] [INFO ]: ----------INFO ENDS----------
[16/05/22 11:39:10:1130770] [INFO+]: ----------INFO START----------
[16/05/22 11:39:10:1140328] [INFO ]: Full update took [0ms]
[16/05/22 11:39:10:1151707] [INFO ]: Starting Lobby Servers took [0ms]
[16/05/22 11:39:10:1159561] [INFO ]: Stopping Lobby Servers took [0ms]
[16/05/22 11:39:10:1172922] [INFO ]: Starting Game Servers took [0ms]
[16/05/22 11:39:10:1181933] [INFO ]: Starting Game Servers took [0ms]
[16/05/22 11:39:10:1189440] [INFO ]: 
[16/05/22 11:39:10:1196817] [INFO ]: Server Spooler:
[16/05/22 11:39:10:1204040] [INFO ]:  | >IP: 127.0.0.1:5105
[16/05/22 11:39:10:1211197] [INFO ]:  |
[16/05/22 11:39:10:1218641] [INFO ]: Load Balancer [0ms]:
[16/05/22 11:39:10:1226251] [INFO ]:  | >IP: 127.0.0.1:7107
[16/05/22 11:39:10:1233826] [INFO ]:  | >Queue Length: 0
[16/05/22 11:39:10:1241175] [INFO ]:  |
[16/05/22 11:39:10:1252065] [INFO ]: Lobby Servers [0ms]: 
[16/05/22 11:39:10:1260017] [INFO ]:  | Lobby Server [0] [0ms]: 
[16/05/22 11:39:10:1270168] [INFO ]:  | | >IP: 127.0.0.1:10123
[16/05/22 11:39:10:1278179] [INFO ]:  | | >Fill Level: 1/2
[16/05/22 11:39:10:1286103] [INFO ]:  | Lobby Server [1] [0ms]: 
[16/05/22 11:39:10:1293661] [INFO ]:  | | >IP: 127.0.0.1:10124
[16/05/22 11:39:10:1300531] [INFO ]:  | | >Fill Level: 0/2
[16/05/22 11:39:10:1307449] [INFO ]:  |
[16/05/22 11:39:10:1314449] [INFO ]: Matchmaker [0ms]:
[16/05/22 11:39:10:1321617] [INFO ]:  | >IP: 127.0.0.1:6106
[16/05/22 11:39:10:1329314] [INFO ]:  | >Queue Length: 0
[16/05/22 11:39:10:1341619] [INFO ]:  |
[16/05/22 11:39:10:1352701] [INFO ]: Game Servers [0ms]: 
[16/05/22 11:39:10:1362515] [INFO ]:  | Game Server [0] [0ms]: 
[16/05/22 11:39:10:1370321] [INFO ]:  | | >IP: 127.0.0.1:20123
[16/05/22 11:39:10:1378283] [INFO ]:  | | >Fill Level: 0/2
[16/05/22 11:39:10:1385637] [INFO ]: ----------INFO ENDS----------
[16/05/22 11:39:11:1698056] [INFO+]: ----------INFO START----------
[16/05/22 11:39:11:1707600] [INFO ]: Full update took [0ms]
[16/05/22 11:39:11:1715828] [INFO ]: Starting Lobby Servers took [0ms]
[16/05/22 11:39:11:1725967] [INFO ]: Stopping Lobby Servers took [0ms]
[16/05/22 11:39:11:1732810] [INFO ]: Starting Game Servers took [0ms]
[16/05/22 11:39:11:1739223] [INFO ]: Starting Game Servers took [0ms]
[16/05/22 11:39:11:1746016] [INFO ]: 
[16/05/22 11:39:11:1752572] [INFO ]: Server Spooler:
[16/05/22 11:39:11:1759358] [INFO ]:  | >IP: 127.0.0.1:5105
[16/05/22 11:39:11:1766298] [INFO ]:  |
[16/05/22 11:39:11:1772274] [INFO ]: Load Balancer [0ms]:
[16/05/22 11:39:11:1778516] [INFO ]:  | >IP: 127.0.0.1:7107
[16/05/22 11:39:11:1785312] [INFO ]:  | >Queue Length: 0
[16/05/22 11:39:11:1792170] [INFO ]:  |
[16/05/22 11:39:11:1798944] [INFO ]: Lobby Servers [0ms]: 
[16/05/22 11:39:11:1805570] [INFO ]:  | Lobby Server [0] [0ms]: 
[16/05/22 11:39:11:1812793] [INFO ]:  | | >IP: 127.0.0.1:10123
[16/05/22 11:39:11:1819887] [INFO ]:  | | >Fill Level: 1/2
[16/05/22 11:39:11:1830017] [INFO ]:  | Lobby Server [1] [0ms]: 
[16/05/22 11:39:11:1836709] [INFO ]:  | | >IP: 127.0.0.1:10124
[16/05/22 11:39:11:1843443] [INFO ]:  | | >Fill Level: 0/2
[16/05/22 11:39:11:1852360] [INFO ]:  |
[16/05/22 11:39:11:1859562] [INFO ]: Matchmaker [0ms]:
[16/05/22 11:39:11:1866463] [INFO ]:  | >IP: 127.0.0.1:6106
[16/05/22 11:39:11:1873297] [INFO ]:  | >Queue Length: 0
[16/05/22 11:39:11:1882184] [INFO ]:  |
[16/05/22 11:39:11:1888675] [INFO ]: Game Servers [0ms]: 
[16/05/22 11:39:11:1895759] [INFO ]:  | Game Server [0] [0ms]: 
[16/05/22 11:39:11:1902864] [INFO ]:  | | >IP: 127.0.0.1:20123
[16/05/22 11:39:11:1910118] [INFO ]:  | | >Fill Level: 0/2
[16/05/22 11:39:11:1916660] [INFO ]: ----------INFO ENDS----------
[16/05/22 11:39:12:2514619] [INFO+]: ----------INFO START----------
[16/05/22 11:39:12:2531801] [INFO ]: Full update took [0ms]
[16/05/22 11:39:12:2539859] [INFO ]: Starting Lobby Servers took [0ms]
[16/05/22 11:39:12:2550071] [INFO ]: Stopping Lobby Servers took [0ms]
[16/05/22 11:39:12:2559278] [INFO ]: Starting Game Servers took [0ms]
[16/05/22 11:39:12:2567274] [INFO ]: Starting Game Servers took [0ms]
[16/05/22 11:39:12:2576533] [INFO ]: 
[16/05/22 11:39:12:2587504] [INFO ]: Server Spooler:
[16/05/22 11:39:12:2595580] [INFO ]:  | >IP: 127.0.0.1:5105
[16/05/22 11:39:12:2604014] [INFO ]:  |
[16/05/22 11:39:12:2612189] [INFO ]: Load Balancer [0ms]:
[16/05/22 11:39:12:2620147] [INFO ]:  | >IP: 127.0.0.1:7107
[16/05/22 11:39:12:2627656] [INFO ]:  | >Queue Length: 0
[16/05/22 11:39:12:2634794] [INFO ]:  |
[16/05/22 11:39:12:2642287] [INFO ]: Lobby Servers [0ms]: 
[16/05/22 11:39:12:2650410] [INFO ]:  | Lobby Server [0] [0ms]: 
[16/05/22 11:39:12:2661674] [INFO ]:  | | >IP: 127.0.0.1:10123
[16/05/22 11:39:12:2669146] [INFO ]:  | | >Fill Level: 1/2
[16/05/22 11:39:12:2677332] [INFO ]:  | Lobby Server [1] [0ms]: 
[16/05/22 11:39:12:2689698] [INFO ]:  | | >IP: 127.0.0.1:10124
[16/05/22 11:39:12:2697697] [INFO ]:  | | >Fill Level: 0/2
[16/05/22 11:39:12:2705738] [INFO ]:  |
[16/05/22 11:39:12:2717291] [INFO ]: Matchmaker [0ms]:
[16/05/22 11:39:12:2724941] [INFO ]:  | >IP: 127.0.0.1:6106
[16/05/22 11:39:12:2733429] [INFO ]:  | >Queue Length: 0
[16/05/22 11:39:12:2741236] [INFO ]:  |
[16/05/22 11:39:12:2748497] [INFO ]: Game Servers [0ms]: 
[16/05/22 11:39:12:2755654] [INFO ]:  | Game Server [0] [0ms]: 
[16/05/22 11:39:12:2762970] [INFO ]:  | | >IP: 127.0.0.1:20123
[16/05/22 11:39:12:2771877] [INFO ]:  | | >Fill Level: 0/2
[16/05/22 11:39:12:2780967] [INFO ]: ----------INFO ENDS----------
[16/05/22 11:39:13:3231874] [INFO+]: ----------INFO START----------
[16/05/22 11:39:13:3246619] [INFO ]: Full update took [0ms]
[16/05/22 11:39:13:3253694] [INFO ]: Starting Lobby Servers took [0ms]
[16/05/22 11:39:13:3261742] [INFO ]: Stopping Lobby Servers took [0ms]
[16/05/22 11:39:13:3269467] [INFO ]: Starting Game Servers took [0ms]
[16/05/22 11:39:13:3276864] [INFO ]: Starting Game Servers took [0ms]
[16/05/22 11:39:13:3284724] [INFO ]: 
[16/05/22 11:39:13:3293742] [INFO ]: Server Spooler:
[16/05/22 11:39:13:3300506] [INFO ]:  | >IP: 127.0.0.1:5105
[16/05/22 11:39:13:3308128] [INFO ]:  |
[16/05/22 11:39:13:3315557] [INFO ]: Load Balancer [0ms]:
[16/05/22 11:39:13:3324974] [INFO ]:  | >IP: 127.0.0.1:7107
[16/05/22 11:39:13:3332089] [INFO ]:  | >Queue Length: 0
[16/05/22 11:39:13:3340371] [INFO ]:  |
[16/05/22 11:39:13:3347517] [INFO ]: Lobby Servers [0ms]: 
[16/05/22 11:39:13:3354980] [INFO ]:  | Lobby Server [0] [0ms]: 
[16/05/22 11:39:13:3362212] [INFO ]:  | | >IP: 127.0.0.1:10123
[16/05/22 11:39:13:3369505] [INFO ]:  | | >Fill Level: 1/2
[16/05/22 11:39:13:3376460] [INFO ]:  | Lobby Server [1] [0ms]: 
[16/05/22 11:39:13:3383964] [INFO ]:  | | >IP: 127.0.0.1:10124
[16/05/22 11:39:13:3391905] [INFO ]:  | | >Fill Level: 0/2
[16/05/22 11:39:13:3399558] [INFO ]:  |
[16/05/22 11:39:13:3406986] [INFO ]: Matchmaker [0ms]:
[16/05/22 11:39:13:3414399] [INFO ]:  | >IP: 127.0.0.1:6106
[16/05/22 11:39:13:3421527] [INFO ]:  | >Queue Length: 0
[16/05/22 11:39:13:3428730] [INFO ]:  |
[16/05/22 11:39:13:3435912] [INFO ]: Game Servers [0ms]: 
[16/05/22 11:39:13:3448247] [INFO ]:  | Game Server [0] [0ms]: 
[16/05/22 11:39:13:3456173] [INFO ]:  | | >IP: 127.0.0.1:20123
[16/05/22 11:39:13:3464305] [INFO ]:  | | >Fill Level: 0/2
[16/05/22 11:39:13:3473014] [INFO ]: ----------INFO ENDS----------
[16/05/22 11:39:14:3582863] [INFO+]: ----------INFO START----------
[16/05/22 11:39:14:3590256] [INFO ]: Full update took [0ms]
[16/05/22 11:39:14:3593650] [INFO ]: Starting Lobby Servers took [0ms]
[16/05/22 11:39:14:3596988] [INFO ]: Stopping Lobby Servers took [0ms]
[16/05/22 11:39:14:3599973] [INFO ]: Starting Game Servers took [0ms]
[16/05/22 11:39:14:3603652] [INFO ]: Starting Game Servers took [0ms]
[16/05/22 11:39:14:3606891] [INFO ]: 
[16/05/22 11:39:14:3610745] [INFO ]: Server Spooler:
[16/05/22 11:39:14:3614000] [INFO ]:  | >IP: 127.0.0.1:5105
[16/05/22 11:39:14:3617037] [INFO ]:  |
[16/05/22 11:39:14:3620231] [INFO ]: Load Balancer [0ms]:
[16/05/22 11:39:14:3623409] [INFO ]:  | >IP: 127.0.0.1:7107
[16/05/22 11:39:14:3626815] [INFO ]:  | >Queue Length: 0
[16/05/22 11:39:14:3630126] [INFO ]:  |
[16/05/22 11:39:14:3633386] [INFO ]: Lobby Servers [0ms]: 
[16/05/22 11:39:14:3636726] [INFO ]:  | Lobby Server [0] [0ms]: 
[16/05/22 11:39:14:3639953] [INFO ]:  | | >IP: 127.0.0.1:10123
[16/05/22 11:39:14:3643139] [INFO ]:  | | >Fill Level: 1/2
[16/05/22 11:39:14:3646572] [INFO ]:  | Lobby Server [1] [0ms]: 
[16/05/22 11:39:14:3649895] [INFO ]:  | | >IP: 127.0.0.1:10124
[16/05/22 11:39:14:3655345] [INFO ]:  | | >Fill Level: 0/2
[16/05/22 11:39:14:3661989] [INFO ]:  |
[16/05/22 11:39:14:3670001] [INFO ]: Matchmaker [0ms]:
[16/05/22 11:39:14:3673567] [INFO ]:  | >IP: 127.0.0.1:6106
[16/05/22 11:39:14:3677045] [INFO ]:  | >Queue Length: 0
[16/05/22 11:39:14:3682092] [INFO ]:  |
[16/05/22 11:39:14:3689592] [INFO ]: Game Servers [0ms]: 
[16/05/22 11:39:14:3694904] [INFO ]:  | Game Server [0] [0ms]: 
[16/05/22 11:39:14:3698302] [INFO ]:  | | >IP: 127.0.0.1:20123
[16/05/22 11:39:14:3701533] [INFO ]:  | | >Fill Level: 0/2
[16/05/22 11:39:14:3704675] [INFO ]: ----------INFO ENDS----------
[16/05/22 11:39:15:4196188] [INFO+]: ----------INFO START----------
[16/05/22 11:39:15:4211479] [INFO ]: Full update took [0ms]
[16/05/22 11:39:15:4218236] [INFO ]: Starting Lobby Servers took [0ms]
[16/05/22 11:39:15:4225884] [INFO ]: Stopping Lobby Servers took [0ms]
[16/05/22 11:39:15:4233965] [INFO ]: Starting Game Servers took [0ms]
[16/05/22 11:39:15:4242160] [INFO ]: Starting Game Servers took [0ms]
[16/05/22 11:39:15:4249655] [INFO ]: 
[16/05/22 11:39:15:4256606] [INFO ]: Server Spooler:
[16/05/22 11:39:15:4265820] [INFO ]:  | >IP: 127.0.0.1:5105
[16/05/22 11:39:15:4274266] [INFO ]:  |
[16/05/22 11:39:15:4281491] [INFO ]: Load Balancer [0ms]:
[16/05/22 11:39:15:4288954] [INFO ]:  | >IP: 127.0.0.1:7107
[16/05/22 11:39:15:4296250] [INFO ]:  | >Queue Length: 0
[16/05/22 11:39:15:4303307] [INFO ]:  |
[16/05/22 11:39:15:4311280] [INFO ]: Lobby Servers [0ms]: 
[16/05/22 11:39:15:4320055] [INFO ]:  | Lobby Server [0] [0ms]: 
[16/05/22 11:39:15:4328335] [INFO ]:  | | >IP: 127.0.0.1:10123
[16/05/22 11:39:15:4335868] [INFO ]:  | | >Fill Level: 1/2
[16/05/22 11:39:15:4343406] [INFO ]:  | Lobby Server [1] [0ms]: 
[16/05/22 11:39:15:4350846] [INFO ]:  | | >IP: 127.0.0.1:10124
[16/05/22 11:39:15:4358167] [INFO ]:  | | >Fill Level: 0/2
[16/05/22 11:39:15:4365664] [INFO ]:  |
[16/05/22 11:39:15:4372752] [INFO ]: Matchmaker [0ms]:
[16/05/22 11:39:15:4379669] [INFO ]:  | >IP: 127.0.0.1:6106
[16/05/22 11:39:15:4387060] [INFO ]:  | >Queue Length: 0
[16/05/22 11:39:15:4394774] [INFO ]:  |
[16/05/22 11:39:15:4402375] [INFO ]: Game Servers [0ms]: 
[16/05/22 11:39:15:4447601] [INFO ]:  | Game Server [0] [0ms]: 
[16/05/22 11:39:15:4455325] [INFO ]:  | | >IP: 127.0.0.1:20123
[16/05/22 11:39:15:4462632] [INFO ]:  | | >Fill Level: 0/2
[16/05/22 11:39:15:4470252] [INFO ]: ----------INFO ENDS----------
[16/05/22 11:39:16:4747437] [INFO+]: ----------INFO START----------
[16/05/22 11:39:16:4751749] [INFO ]: Full update took [0ms]
[16/05/22 11:39:16:4754756] [INFO ]: Starting Lobby Servers took [0ms]
[16/05/22 11:39:16:4760115] [INFO ]: Stopping Lobby Servers took [0ms]
[16/05/22 11:39:16:4762721] [INFO ]: Starting Game Servers took [0ms]
[16/05/22 11:39:16:4765378] [INFO ]: Starting Game Servers took [0ms]
[16/05/22 11:39:16:4768184] [INFO ]: 
[16/05/22 11:39:16:4770891] [INFO ]: Server Spooler:
[16/05/22 11:39:16:4773604] [INFO ]:  | >IP: 127.0.0.1:5105
[16/05/22 11:39:16:4776223] [INFO ]:  |
[16/05/22 11:39:16:4778845] [INFO ]: Load Balancer [0ms]:
[16/05/22 11:39:16:4781669] [INFO ]:  | >IP: 127.0.0.1:7107
[16/05/22 11:39:16:4784344] [INFO ]:  | >Queue Length: 0
[16/05/22 11:39:16:4787045] [INFO ]:  |
[16/05/22 11:39:16:4789699] [INFO ]: Lobby Servers [0ms]: 
[16/05/22 11:39:16:4792384] [INFO ]:  | Lobby Server [0] [0ms]: 
[16/05/22 11:39:16:4795159] [INFO ]:  | | >IP: 127.0.0.1:10123
[16/05/22 11:39:16:4798052] [INFO ]:  | | >Fill Level: 1/2
[16/05/22 11:39:16:4800675] [INFO ]:  | Lobby Server [1] [0ms]: 
[16/05/22 11:39:16:4803320] [INFO ]:  | | >IP: 127.0.0.1:10124
[16/05/22 11:39:16:4806166] [INFO ]:  | | >Fill Level: 0/2
[16/05/22 11:39:16:4808794] [INFO ]:  |
[16/05/22 11:39:16:4811484] [INFO ]: Matchmaker [0ms]:
[16/05/22 11:39:16:4816956] [INFO ]:  | >IP: 127.0.0.1:6106
[16/05/22 11:39:16:4820798] [INFO ]:  | >Queue Length: 0
[16/05/22 11:39:16:4823806] [INFO ]:  |
[16/05/22 11:39:16:4829750] [INFO ]: Game Servers [0ms]: 
[16/05/22 11:39:16:4832841] [INFO ]:  | Game Server [0] [0ms]: 
[16/05/22 11:39:16:4835905] [INFO ]:  | | >IP: 127.0.0.1:20123
[16/05/22 11:39:16:4839220] [INFO ]:  | | >Fill Level: 0/2
[16/05/22 11:39:16:4843789] [INFO ]: ----------INFO ENDS----------
[16/05/22 11:39:17:5343359] [INFO+]: ----------INFO START----------
[16/05/22 11:39:17:5357370] [INFO ]: Full update took [0ms]
[16/05/22 11:39:17:5366692] [INFO ]: Starting Lobby Servers took [0ms]
[16/05/22 11:39:17:5375622] [INFO ]: Stopping Lobby Servers took [0ms]
[16/05/22 11:39:17:5383811] [INFO ]: Starting Game Servers took [0ms]
[16/05/22 11:39:17:5391556] [INFO ]: Starting Game Servers took [0ms]
[16/05/22 11:39:17:5400797] [INFO ]: 
[16/05/22 11:39:17:5408288] [INFO ]: Server Spooler:
[16/05/22 11:39:17:5416077] [INFO ]:  | >IP: 127.0.0.1:5105
[16/05/22 11:39:17:5423654] [INFO ]:  |
[16/05/22 11:39:17:5430842] [INFO ]: Load Balancer [0ms]:
[16/05/22 11:39:17:5438523] [INFO ]:  | >IP: 127.0.0.1:7107
[16/05/22 11:39:17:5446548] [INFO ]:  | >Queue Length: 0
[16/05/22 11:39:17:5449189] [INFO ]:  |
[16/05/22 11:39:17:5452414] [INFO ]: Lobby Servers [0ms]: 
[16/05/22 11:39:17:5455126] [INFO ]:  | Lobby Server [0] [0ms]: 
[16/05/22 11:39:17:5458058] [INFO ]:  | | >IP: 127.0.0.1:10123
[16/05/22 11:39:17:5460776] [INFO ]:  | | >Fill Level: 1/2
[16/05/22 11:39:17:5463759] [INFO ]:  | Lobby Server [1] [0ms]: 
[16/05/22 11:39:17:5466491] [INFO ]:  | | >IP: 127.0.0.1:10124
[16/05/22 11:39:17:5469045] [INFO ]:  | | >Fill Level: 0/2
[16/05/22 11:39:17:5471785] [INFO ]:  |
[16/05/22 11:39:17:5475761] [INFO ]: Matchmaker [0ms]:
[16/05/22 11:39:17:5478661] [INFO ]:  | >IP: 127.0.0.1:6106
[16/05/22 11:39:17:5481543] [INFO ]:  | >Queue Length: 0
[16/05/22 11:39:17:5484287] [INFO ]:  |
[16/05/22 11:39:17:5486952] [INFO ]: Game Servers [0ms]: 
[16/05/22 11:39:17:5489498] [INFO ]:  | Game Server [0] [0ms]: 
[16/05/22 11:39:17:5492125] [INFO ]:  | | >IP: 127.0.0.1:20123
[16/05/22 11:39:17:5494895] [INFO ]:  | | >Fill Level: 0/2
[16/05/22 11:39:17:5497505] [INFO ]: ----------INFO ENDS----------
[16/05/22 11:39:18:6015747] [INFO+]: ----------INFO START----------
[16/05/22 11:39:18:6029425] [INFO ]: Full update took [0ms]
[16/05/22 11:39:18:6038155] [INFO ]: Starting Lobby Servers took [0ms]
[16/05/22 11:39:18:6046697] [INFO ]: Stopping Lobby Servers took [0ms]
[16/05/22 11:39:18:6055083] [INFO ]: Starting Game Servers took [0ms]
[16/05/22 11:39:18:6063057] [INFO ]: Starting Game Servers took [0ms]
[16/05/22 11:39:18:6071908] [INFO ]: 
[16/05/22 11:39:18:6078964] [INFO ]: Server Spooler:
[16/05/22 11:39:18:6086299] [INFO ]:  | >IP: 127.0.0.1:5105
[16/05/22 11:39:18:6093850] [INFO ]:  |
[16/05/22 11:39:18:6101909] [INFO ]: Load Balancer [0ms]:
[16/05/22 11:39:18:6109567] [INFO ]:  | >IP: 127.0.0.1:7107
[16/05/22 11:39:18:6117331] [INFO ]:  | >Queue Length: 0
[16/05/22 11:39:18:6125008] [INFO ]:  |
[16/05/22 11:39:18:6132305] [INFO ]: Lobby Servers [0ms]: 
[16/05/22 11:39:18:6140644] [INFO ]:  | Lobby Server [0] [0ms]: 
[16/05/22 11:39:18:6151010] [INFO ]:  | | >IP: 127.0.0.1:10123
[16/05/22 11:39:18:6158562] [INFO ]:  | | >Fill Level: 1/2
[16/05/22 11:39:18:6166555] [INFO ]:  | Lobby Server [1] [0ms]: 
[16/05/22 11:39:18:6174766] [INFO ]:  | | >IP: 127.0.0.1:10124
[16/05/22 11:39:18:6182466] [INFO ]:  | | >Fill Level: 0/2
[16/05/22 11:39:18:6192790] [INFO ]:  |
[16/05/22 11:39:18:6200330] [INFO ]: Matchmaker [0ms]:
[16/05/22 11:39:18:6207861] [INFO ]:  | >IP: 127.0.0.1:6106
[16/05/22 11:39:18:6215175] [INFO ]:  | >Queue Length: 0
[16/05/22 11:39:18:6222396] [INFO ]:  |
[16/05/22 11:39:18:6229099] [INFO ]: Game Servers [0ms]: 
[16/05/22 11:39:18:6236897] [INFO ]:  | Game Server [0] [0ms]: 
[16/05/22 11:39:18:6244617] [INFO ]:  | | >IP: 127.0.0.1:20123
[16/05/22 11:39:18:6253062] [INFO ]:  | | >Fill Level: 0/2
[16/05/22 11:39:18:6260870] [INFO ]: ----------INFO ENDS----------
[16/05/22 11:39:19:6412279] [INFO+]: ----------INFO START----------
[16/05/22 11:39:19:6424198] [INFO ]: Full update took [0ms]
[16/05/22 11:39:19:6429615] [INFO ]: Starting Lobby Servers took [0ms]
[16/05/22 11:39:19:6435801] [INFO ]: Stopping Lobby Servers took [0ms]
[16/05/22 11:39:19:6441592] [INFO ]: Starting Game Servers took [0ms]
[16/05/22 11:39:19:6447812] [INFO ]: Starting Game Servers took [0ms]
[16/05/22 11:39:19:6453826] [INFO ]: 
[16/05/22 11:39:19:6459932] [INFO ]: Server Spooler:
[16/05/22 11:39:19:6465582] [INFO ]:  | >IP: 127.0.0.1:5105
[16/05/22 11:39:19:6471198] [INFO ]:  |
[16/05/22 11:39:19:6477587] [INFO ]: Load Balancer [0ms]:
[16/05/22 11:39:19:6483719] [INFO ]:  | >IP: 127.0.0.1:7107
[16/05/22 11:39:19:6489224] [INFO ]:  | >Queue Length: 0
[16/05/22 11:39:19:6494789] [INFO ]:  |
[16/05/22 11:39:19:6500407] [INFO ]: Lobby Servers [0ms]: 
[16/05/22 11:39:19:6506264] [INFO ]:  | Lobby Server [1] [0ms]: 
[16/05/22 11:39:19:6511957] [INFO ]:  | | >IP: 127.0.0.1:10124
[16/05/22 11:39:19:6517803] [INFO ]:  | | >Fill Level: 0/2
[16/05/22 11:39:19:6523626] [INFO ]:  |
[16/05/22 11:39:19:6529063] [INFO ]: Matchmaker [0ms]:
[16/05/22 11:39:19:6534349] [INFO ]:  | >IP: 127.0.0.1:6106
[16/05/22 11:39:19:6540299] [INFO ]:  | >Queue Length: 0
[16/05/22 11:39:19:6546129] [INFO ]:  |
[16/05/22 11:39:19:6551819] [INFO ]: Game Servers [0ms]: 
[16/05/22 11:39:19:6557373] [INFO ]:  | Game Server [0] [0ms]: 
[16/05/22 11:39:19:6566049] [INFO ]:  | | >IP: 127.0.0.1:20123
[16/05/22 11:39:19:6571892] [INFO ]:  | | >Fill Level: 0/2
[16/05/22 11:39:19:6577442] [INFO ]: ----------INFO ENDS----------
[16/05/22 11:39:20:6605678] [INFO+]: ----------INFO START----------
[16/05/22 11:39:20:6635770] [INFO ]: Full update took [0ms]
[16/05/22 11:39:20:6654226] [INFO ]: Starting Lobby Servers took [0ms]
[16/05/22 11:39:20:6662817] [INFO ]: Stopping Lobby Servers took [0ms]
[16/05/22 11:39:20:6665836] [INFO ]: Starting Game Servers took [0ms]
[16/05/22 11:39:20:6668687] [INFO ]: Starting Game Servers took [0ms]
[16/05/22 11:39:20:6671409] [INFO ]: 
[16/05/22 11:39:20:6674144] [INFO ]: Server Spooler:
[16/05/22 11:39:20:6677670] [INFO ]:  | >IP: 127.0.0.1:5105
[16/05/22 11:39:20:6680479] [INFO ]:  |
[16/05/22 11:39:20:6683417] [INFO ]: Load Balancer [0ms]:
[16/05/22 11:39:20:6686563] [INFO ]:  | >IP: 127.0.0.1:7107
[16/05/22 11:39:20:6689386] [INFO ]:  | >Queue Length: 0
[16/05/22 11:39:20:6692152] [INFO ]:  |
[16/05/22 11:39:20:6695064] [INFO ]: Lobby Servers [0ms]: 
[16/05/22 11:39:20:6697983] [INFO ]:  | Lobby Server [1] [0ms]: 
[16/05/22 11:39:20:6700844] [INFO ]:  | | >IP: 127.0.0.1:10124
[16/05/22 11:39:20:6703844] [INFO ]:  | | >Fill Level: 0/2
[16/05/22 11:39:20:6706723] [INFO ]:  |
[16/05/22 11:39:20:6709663] [INFO ]: Matchmaker [0ms]:
[16/05/22 11:39:20:6712589] [INFO ]:  | >IP: 127.0.0.1:6106
[16/05/22 11:39:20:6715576] [INFO ]:  | >Queue Length: 0
[16/05/22 11:39:20:6718297] [INFO ]:  |
[16/05/22 11:39:20:6721066] [INFO ]: Game Servers [0ms]: 
[16/05/22 11:39:20:6723895] [INFO ]:  | Game Server [0] [0ms]: 
[16/05/22 11:39:20:6726781] [INFO ]:  | | >IP: 127.0.0.1:20123
[16/05/22 11:39:20:6729553] [INFO ]:  | | >Fill Level: 0/2
[16/05/22 11:39:20:6732331] [INFO ]: ----------INFO ENDS----------
[16/05/22 11:39:21:7341443] [INFO+]: ----------INFO START----------
[16/05/22 11:39:21:7368456] [INFO ]: Full update took [0ms]
[16/05/22 11:39:21:7375185] [INFO ]: Starting Lobby Servers took [0ms]
[16/05/22 11:39:21:7381557] [INFO ]: Stopping Lobby Servers took [0ms]
[16/05/22 11:39:21:7397755] [INFO ]: Starting Game Servers took [0ms]
[16/05/22 11:39:21:7414618] [INFO ]: Starting Game Servers took [0ms]
[16/05/22 11:39:21:7421429] [INFO ]: 
[16/05/22 11:39:21:7427917] [INFO ]: Server Spooler:
[16/05/22 11:39:21:7434805] [INFO ]:  | >IP: 127.0.0.1:5105
[16/05/22 11:39:21:7442274] [INFO ]:  |
[16/05/22 11:39:21:7448921] [INFO ]: Load Balancer [0ms]:
[16/05/22 11:39:21:7455769] [INFO ]:  | >IP: 127.0.0.1:7107
[16/05/22 11:39:21:7464375] [INFO ]:  | >Queue Length: 0
[16/05/22 11:39:21:7470997] [INFO ]:  |
[16/05/22 11:39:21:7477628] [INFO ]: Lobby Servers [0ms]: 
[16/05/22 11:39:21:7484119] [INFO ]:  | Lobby Server [1] [0ms]: 
[16/05/22 11:39:21:7490952] [INFO ]:  | | >IP: 127.0.0.1:10124
[16/05/22 11:39:21:7496973] [INFO ]:  | | >Fill Level: 0/2
[16/05/22 11:39:21:7503684] [INFO ]:  |
[16/05/22 11:39:21:7509975] [INFO ]: Matchmaker [0ms]:
[16/05/22 11:39:21:7516998] [INFO ]:  | >IP: 127.0.0.1:6106
[16/05/22 11:39:21:7523495] [INFO ]:  | >Queue Length: 0
[16/05/22 11:39:21:7530228] [INFO ]:  |
[16/05/22 11:39:21:7536360] [INFO ]: Game Servers [0ms]: 
[16/05/22 11:39:21:7542539] [INFO ]:  | Game Server [0] [0ms]: 
[16/05/22 11:39:21:7548949] [INFO ]:  | | >IP: 127.0.0.1:20123
[16/05/22 11:39:21:7555215] [INFO ]:  | | >Fill Level: 0/2
[16/05/22 11:39:21:7562801] [INFO ]: ----------INFO ENDS----------
[16/05/22 11:39:22:7586272] [INFO+]: ----------INFO START----------
[16/05/22 11:39:22:7601045] [INFO ]: Full update took [0ms]
[16/05/22 11:39:22:7608762] [INFO ]: Starting Lobby Servers took [0ms]
[16/05/22 11:39:22:7615866] [INFO ]: Stopping Lobby Servers took [0ms]
[16/05/22 11:39:22:7622674] [INFO ]: Starting Game Servers took [0ms]
[16/05/22 11:39:22:7629927] [INFO ]: Starting Game Servers took [0ms]
[16/05/22 11:39:22:7639318] [INFO ]: 
[16/05/22 11:39:22:7646380] [INFO ]: Server Spooler:
[16/05/22 11:39:22:7653361] [INFO ]:  | >IP: 127.0.0.1:5105
[16/05/22 11:39:22:7660012] [INFO ]:  |
[16/05/22 11:39:22:7667025] [INFO ]: Load Balancer [0ms]:
[16/05/22 11:39:22:7674067] [INFO ]:  | >IP: 127.0.0.1:7107
[16/05/22 11:39:22:7680543] [INFO ]:  | >Queue Length: 0
[16/05/22 11:39:22:7687093] [INFO ]:  |
[16/05/22 11:39:22:7694268] [INFO ]: Lobby Servers [0ms]: 
[16/05/22 11:39:22:7700709] [INFO ]:  | Lobby Server [1] [0ms]: 
[16/05/22 11:39:22:7707404] [INFO ]:  | | >IP: 127.0.0.1:10124
[16/05/22 11:39:22:7714139] [INFO ]:  | | >Fill Level: 0/2
[16/05/22 11:39:22:7721477] [INFO ]:  |
[16/05/22 11:39:22:7728743] [INFO ]: Matchmaker [0ms]:
[16/05/22 11:39:22:7735888] [INFO ]:  | >IP: 127.0.0.1:6106
[16/05/22 11:39:22:7742759] [INFO ]:  | >Queue Length: 0
[16/05/22 11:39:22:7748567] [INFO ]:  |
[16/05/22 11:39:22:7755025] [INFO ]: Game Servers [0ms]: 
[16/05/22 11:39:22:7761333] [INFO ]:  | Game Server [0] [0ms]: 
[16/05/22 11:39:22:7768126] [INFO ]:  | | >IP: 127.0.0.1:20123
[16/05/22 11:39:22:7774887] [INFO ]:  | | >Fill Level: 0/2
[16/05/22 11:39:22:7781875] [INFO ]: ----------INFO ENDS----------
[16/05/22 11:39:23:7914879] [INFO+]: ----------INFO START----------
[16/05/22 11:39:23:7928397] [INFO ]: Full update took [0ms]
[16/05/22 11:39:23:7934479] [INFO ]: Starting Lobby Servers took [0ms]
[16/05/22 11:39:23:7940417] [INFO ]: Stopping Lobby Servers took [0ms]
[16/05/22 11:39:23:7947065] [INFO ]: Starting Game Servers took [0ms]
[16/05/22 11:39:23:7954988] [INFO ]: Starting Game Servers took [0ms]
[16/05/22 11:39:23:7961848] [INFO ]: 
[16/05/22 11:39:23:7968421] [INFO ]: Server Spooler:
[16/05/22 11:39:23:7974967] [INFO ]:  | >IP: 127.0.0.1:5105
[16/05/22 11:39:23:7981419] [INFO ]:  |
[16/05/22 11:39:23:7988424] [INFO ]: Load Balancer [0ms]:
[16/05/22 11:39:23:7994089] [INFO ]:  | >IP: 127.0.0.1:7107
[16/05/22 11:39:23:8000719] [INFO ]:  | >Queue Length: 0
[16/05/22 11:39:23:8007636] [INFO ]:  |
[16/05/22 11:39:23:8014058] [INFO ]: Lobby Servers [0ms]: 
[16/05/22 11:39:23:8020339] [INFO ]:  | Lobby Server [1] [0ms]: 
[16/05/22 11:39:23:8026926] [INFO ]:  | | >IP: 127.0.0.1:10124
[16/05/22 11:39:23:8034285] [INFO ]:  | | >Fill Level: 0/2
[16/05/22 11:39:23:8040899] [INFO ]:  |
[16/05/22 11:39:23:8047465] [INFO ]: Matchmaker [0ms]:
[16/05/22 11:39:23:8054434] [INFO ]:  | >IP: 127.0.0.1:6106
[16/05/22 11:39:23:8061150] [INFO ]:  | >Queue Length: 0
[16/05/22 11:39:23:8069730] [INFO ]:  |
[16/05/22 11:39:23:8077262] [INFO ]: Game Servers [0ms]: 
[16/05/22 11:39:23:8083785] [INFO ]:  | Game Server [0] [0ms]: 
[16/05/22 11:39:23:8090288] [INFO ]:  | | >IP: 127.0.0.1:20123
[16/05/22 11:39:23:8096775] [INFO ]:  | | >Fill Level: 0/2
[16/05/22 11:39:23:8103393] [INFO ]: ----------INFO ENDS----------
[16/05/22 11:39:24:8163682] [INFO+]: ----------INFO START----------
[16/05/22 11:39:24:8173934] [INFO ]: Full update took [0ms]
[16/05/22 11:39:24:8183855] [INFO ]: Starting Lobby Servers took [0ms]
[16/05/22 11:39:24:8190637] [INFO ]: Stopping Lobby Servers took [0ms]
[16/05/22 11:39:24:8199318] [INFO ]: Starting Game Servers took [0ms]
[16/05/22 11:39:24:8205758] [INFO ]: Starting Game Servers took [0ms]
[16/05/22 11:39:24:8220426] [INFO ]: 
[16/05/22 11:39:24:8228179] [INFO ]: Server Spooler:
[16/05/22 11:39:24:8239686] [INFO ]:  | >IP: 127.0.0.1:5105
[16/05/22 11:39:24:8252933] [INFO ]:  |
[16/05/22 11:39:24:8261483] [INFO ]: Load Balancer [0ms]:
[16/05/22 11:39:24:8269007] [INFO ]:  | >IP: 127.0.0.1:7107
[16/05/22 11:39:24:8283291] [INFO ]:  | >Queue Length: 0
[16/05/22 11:39:24:8289964] [INFO ]:  |
[16/05/22 11:39:24:8314167] [INFO ]: Lobby Servers [0ms]: 
[16/05/22 11:39:24:8335961] [INFO ]:  | Lobby Server [1] [0ms]: 
[16/05/22 11:39:24:8347288] [INFO ]:  | | >IP: 127.0.0.1:10124
[16/05/22 11:39:24:8356062] [INFO ]:  | | >Fill Level: 0/2
[16/05/22 11:39:24:8364474] [INFO ]:  |
[16/05/22 11:39:24:8372421] [INFO ]: Matchmaker [0ms]:
[16/05/22 11:39:24:8387517] [INFO ]:  | >IP: 127.0.0.1:6106
[16/05/22 11:39:24:8396575] [INFO ]:  | >Queue Length: 0
[16/05/22 11:39:24:8406873] [INFO ]:  |
[16/05/22 11:39:24:8422492] [INFO ]: Game Servers [0ms]: 
[16/05/22 11:39:24:8431904] [INFO ]:  | Game Server [0] [0ms]: 
[16/05/22 11:39:24:8448226] [INFO ]:  | | >IP: 127.0.0.1:20123
[16/05/22 11:39:24:8546260] [INFO ]:  | | >Fill Level: 0/2
[16/05/22 11:39:24:8693361] [INFO ]: ----------INFO ENDS----------
[16/05/22 11:39:25:9291709] [INFO+]: ----------INFO START----------
[16/05/22 11:39:25:9300118] [INFO ]: Full update took [0ms]
[16/05/22 11:39:25:9304636] [INFO ]: Starting Lobby Servers took [0ms]
[16/05/22 11:39:25:9309033] [INFO ]: Stopping Lobby Servers took [0ms]
[16/05/22 11:39:25:9313499] [INFO ]: Starting Game Servers took [0ms]
[16/05/22 11:39:25:9317776] [INFO ]: Starting Game Servers took [0ms]
[16/05/22 11:39:25:9321790] [INFO ]: 
[16/05/22 11:39:25:9325965] [INFO ]: Server Spooler:
[16/05/22 11:39:25:9330220] [INFO ]:  | >IP: 127.0.0.1:5105
[16/05/22 11:39:25:9334685] [INFO ]:  |
[16/05/22 11:39:25:9338917] [INFO ]: Load Balancer [0ms]:
[16/05/22 11:39:25:9343537] [INFO ]:  | >IP: 127.0.0.1:7107
[16/05/22 11:39:25:9347568] [INFO ]:  | >Queue Length: 0
[16/05/22 11:39:25:9352022] [INFO ]:  |
[16/05/22 11:39:25:9356438] [INFO ]: Lobby Servers [0ms]: 
[16/05/22 11:39:25:9361467] [INFO ]:  | Lobby Server [1] [0ms]: 
[16/05/22 11:39:25:9365840] [INFO ]:  | | >IP: 127.0.0.1:10124
[16/05/22 11:39:25:9370552] [INFO ]:  | | >Fill Level: 0/2
[16/05/22 11:39:25:9374833] [INFO ]:  |
[16/05/22 11:39:25:9378914] [INFO ]: Matchmaker [0ms]:
[16/05/22 11:39:25:9383250] [INFO ]:  | >IP: 127.0.0.1:6106
[16/05/22 11:39:25:9388011] [INFO ]:  | >Queue Length: 0
[16/05/22 11:39:25:9392110] [INFO ]:  |
[16/05/22 11:39:25:9396230] [INFO ]: Game Servers [0ms]: 
[16/05/22 11:39:25:9400463] [INFO ]:  | Game Server [0] [0ms]: 
[16/05/22 11:39:25:9405334] [INFO ]:  | | >IP: 127.0.0.1:20123
[16/05/22 11:39:25:9409823] [INFO ]:  | | >Fill Level: 0/2
[16/05/22 11:39:25:9414369] [INFO ]: ----------INFO ENDS----------
[16/05/22 11:39:26:8251983] [INFO ]: Escape key pressed
[16/05/22 11:39:26:8271429] [INFO ]: Shutting down network
[16/05/22 11:39:26:8281285] [INFO ]: Giving time for graceful shutdown
[16/05/22 11:39:27:8421433] [INFO ]: Terminating processes
[16/05/22 11:39:27:8453746] [INFO ]: Killing Load Balancer
[16/05/22 11:39:27:8468121] [INFO ]: Killing Matchmaker
[16/05/22 11:39:27:8480290] [INFO ]: Killing lobby servers
[16/05/22 11:39:27:8488227] [INFO ]: Killing game servers
[16/05/22 11:39:27:8510403] [WARN ]: Shutting down logging
