[30/05/22 20:55:04:2677049] [INFO ]: Logging started
[30/05/22 20:55:26:1576605] [INFO+]: Connecting to Load Balancer
[30/05/22 20:55:26:1815463] [INFO+]: Connecting to Lobby Server
[30/05/22 20:55:26:2450712] [INFO ]: Logged in
[30/05/22 20:55:26:2454743] [INFO ]: Currency: 0
[30/05/22 20:57:03:4206827] [INFO+]: Connecting to Matchmaker
[30/05/22 20:57:03:4274911] [INFO+]: Connecting to Game Server
[30/05/22 20:57:03:4283144] [INFO ]: Waiting for second player to join
[30/05/22 20:57:03:4444746] [INFO ]: 1 2 3 
[30/05/22 20:57:03:4446766] [INFO ]: 4 5 6 
[30/05/22 20:57:03:4447933] [INFO ]: 7 8 9 
[30/05/22 20:57:03:4449078] [INFO ]: 
[30/05/22 20:57:03:4450307] [INFO ]: You are X
[30/05/22 20:57:03:4452790] [INFO ]: O's turn
[30/05/22 20:57:11:5658411] [INFO ]: O 2 3 
[30/05/22 20:57:15:5206370] [INFO ]: 4 5 6 
[30/05/22 20:57:15:5213655] [INFO ]: 7 8 9 
[30/05/22 20:57:15:5219126] [INFO ]: 
[30/05/22 20:57:15:5225485] [INFO ]: You are X
[30/05/22 20:57:15:5229905] [INFO ]: X's turn
[30/05/22 20:57:17:6407784] [INFO ]: O 2 3 
[30/05/22 20:57:17:6422900] [INFO ]: 4 X 6 
[30/05/22 20:57:17:6431410] [INFO ]: 7 8 9 
[30/05/22 20:57:17:6438089] [INFO ]: 
[30/05/22 20:57:17:6443805] [INFO ]: You are X
[30/05/22 20:57:17:6450797] [INFO ]: O's turn
[30/05/22 20:57:21:9963858] [INFO ]: O 2 3 
[30/05/22 20:57:21:9980001] [INFO ]: 4 X 6 
[30/05/22 20:57:21:9985790] [INFO ]: 7 8 O 
[30/05/22 20:57:21:9992137] [INFO ]: 
[30/05/22 20:57:22:0000758] [INFO ]: You are X
[30/05/22 20:57:22:0008225] [INFO ]: X's turn
[30/05/22 20:57:25:6077147] [INFO ]: O 2 X 
[30/05/22 20:57:25:6095035] [INFO ]: 4 X 6 
[30/05/22 20:57:25:6102679] [INFO ]: 7 8 O 
[30/05/22 20:57:25:6109560] [INFO ]: 
[30/05/22 20:57:25:6117659] [INFO ]: You are X
[30/05/22 20:57:25:6127565] [INFO ]: O's turn
[30/05/22 20:57:28:1963970] [INFO ]: O 2 X 
[30/05/22 20:57:28:1986520] [INFO ]: 4 X 6 
[30/05/22 20:57:28:1991125] [INFO ]: O 8 O 
[30/05/22 20:57:28:1997953] [INFO ]: 
[30/05/22 20:57:28:2006102] [INFO ]: You are X
[30/05/22 20:57:28:2013526] [INFO ]: X's turn
[30/05/22 20:57:31:3582955] [INFO ]: O 2 X 
[30/05/22 20:57:31:3585476] [INFO ]: X X 6 
[30/05/22 20:57:31:3612332] [INFO ]: O 8 O 
[30/05/22 20:57:31:3620976] [INFO ]: 
[30/05/22 20:57:31:3635912] [INFO ]: You are X
[30/05/22 20:57:31:3645040] [INFO ]: O's turn
[30/05/22 20:57:34:4426886] [INFO ]: O 2 X 
[30/05/22 20:57:34:4449187] [INFO ]: X X 6 
[30/05/22 20:57:34:4456433] [INFO ]: O O O 
[30/05/22 20:57:34:4466286] [INFO ]: 
[30/05/22 20:57:34:4474144] [INFO ]: You are X
[30/05/22 20:57:34:4481934] [INFO ]: O wins
[30/05/22 20:57:34:4489764] [INFO+]: Connecting to Load Balancer
[30/05/22 20:57:34:4591866] [INFO+]: Connecting to Lobby Server
[30/05/22 20:57:34:4905457] [INFO ]: Logged in
[30/05/22 20:57:34:4920615] [INFO ]: Currency: 0
[30/05/22 20:59:27:2580010] [WARN ]: Shutting down logging
