[30/05/22 20:56:41:3480976] [INFO ]: Logging started
[30/05/22 20:56:54:9138036] [INFO+]: Connecting to Load Balancer
[30/05/22 20:56:54:9338455] [INFO+]: Connecting to Lobby Server
[30/05/22 20:56:54:9786077] [INFO ]: Logged in
[30/05/22 20:56:54:9790512] [INFO ]: Currency: 0
[30/05/22 20:56:57:1803050] [INFO+]: Connecting to Matchmaker
[30/05/22 20:56:57:1981928] [INFO+]: Connecting to Game Server
[30/05/22 20:56:57:1990460] [INFO ]: Waiting for second player to join
[30/05/22 20:57:03:4444155] [INFO ]: 1 2 3 
[30/05/22 20:57:03:4448341] [INFO ]: 4 5 6 
[30/05/22 20:57:03:4449501] [INFO ]: 7 8 9 
[30/05/22 20:57:03:4450618] [INFO ]: 
[30/05/22 20:57:03:4451721] [INFO ]: You are O
[30/05/22 20:57:03:4452827] [INFO ]: O's turn
[30/05/22 20:57:11:5657987] [INFO ]: O 2 3 
[30/05/22 20:57:11:5663580] [INFO ]: 4 5 6 
[30/05/22 20:57:11:5668452] [INFO ]: 7 8 9 
[30/05/22 20:57:11:5671952] [INFO ]: 
[30/05/22 20:57:11:5675980] [INFO ]: You are O
[30/05/22 20:57:11:5679207] [INFO ]: X's turn
[30/05/22 20:57:17:6406855] [INFO ]: O 2 3 
[30/05/22 20:57:17:6428394] [INFO ]: 4 X 6 
[30/05/22 20:57:17:6435298] [INFO ]: 7 8 9 
[30/05/22 20:57:17:6442457] [INFO ]: 
[30/05/22 20:57:17:6449981] [INFO ]: You are O
[30/05/22 20:57:17:6457949] [INFO ]: O's turn
[30/05/22 20:57:21:9963686] [INFO ]: O 2 3 
[30/05/22 20:57:21:9967971] [INFO ]: 4 X 6 
[30/05/22 20:57:21:9977215] [INFO ]: 7 8 O 
[30/05/22 20:57:21:9984572] [INFO ]: 
[30/05/22 20:57:21:9992084] [INFO ]: You are O
[30/05/22 20:57:22:0000326] [INFO ]: X's turn
[30/05/22 20:57:25:6076707] [INFO ]: O 2 X 
[30/05/22 20:57:25:6095927] [INFO ]: 4 X 6 
[30/05/22 20:57:25:6103453] [INFO ]: 7 8 O 
[30/05/22 20:57:25:6110186] [INFO ]: 
[30/05/22 20:57:25:6117295] [INFO ]: You are O
[30/05/22 20:57:25:6128081] [INFO ]: O's turn
[30/05/22 20:57:28:1963487] [INFO ]: O 2 X 
[30/05/22 20:57:28:1983714] [INFO ]: 4 X 6 
[30/05/22 20:57:28:1990631] [INFO ]: O 8 O 
[30/05/22 20:57:28:1997507] [INFO ]: 
[30/05/22 20:57:28:2006022] [INFO ]: You are O
[30/05/22 20:57:28:2012761] [INFO ]: X's turn
[30/05/22 20:57:31:3582343] [INFO ]: O 2 X 
[30/05/22 20:57:31:3603753] [INFO ]: X X 6 
[30/05/22 20:57:31:3613004] [INFO ]: O 8 O 
[30/05/22 20:57:31:3622274] [INFO ]: 
[30/05/22 20:57:31:3636334] [INFO ]: You are O
[30/05/22 20:57:31:3645370] [INFO ]: O's turn
[30/05/22 20:57:34:4426560] [INFO ]: O 2 X 
[30/05/22 20:57:34:4435839] [INFO ]: X X 6 
[30/05/22 20:57:34:4456245] [INFO ]: O O O 
[30/05/22 20:57:34:4463250] [INFO ]: 
[30/05/22 20:57:34:4473497] [INFO ]: You are O
[30/05/22 20:57:34:4482087] [INFO ]: O wins
[30/05/22 20:57:34:4490440] [INFO+]: Connecting to Load Balancer
[30/05/22 20:57:34:4748598] [INFO+]: Connecting to Lobby Server
[30/05/22 20:57:34:4907348] [ERROR]: Incorrect password
[30/05/22 20:57:34:4920872] [ERROR]: Lobby Server connection failed
[30/05/22 20:57:47:6765014] [INFO+]: Connecting to Load Balancer
[30/05/22 20:57:47:6806889] [INFO+]: Connecting to Lobby Server
[30/05/22 20:57:47:6966772] [INFO ]: Logged in
[30/05/22 20:57:47:6976795] [INFO ]: Currency: 0
[30/05/22 20:59:24:1778506] [WARN ]: Shutting down logging
