[14/05/22 21:47:42:6137398] [INFO ]: Logging started
[14/05/22 21:48:02:0283134] [INFO ]: Connecting to Load Balancer
[14/05/22 21:48:02:0340674] [DEBUG]: Socket connected to 127.0.0.1:7107
[14/05/22 21:48:02:0350873] [DEBUG]: Waiting for response from load balance
[14/05/22 21:48:02:0352496] [DEBUG]: Starting Load Balancer recieve
[14/05/22 21:48:02:0354116] [DEBUG]: Recieved
[14/05/22 21:48:02:0355719] [INFO ]: Position in queue: 0
[14/05/22 21:48:02:0357216] [DEBUG]: Starting Load Balancer recieve
[14/05/22 21:48:02:0433064] [DEBUG]: Recieved
[14/05/22 21:48:02:0437157] [INFO ]: Being transfered to 127.0.0.1:10123
[14/05/22 21:48:02:0444422] [DEBUG]: Socket connected to 127.0.0.1:10123
[14/05/22 21:48:14:4087538] [INFO ]: Connecting to Matchmaker
[14/05/22 21:48:14:4245542] [ERROR]: System.FormatException: An invalid IP address was specified.
 ---> System.Net.Sockets.SocketException (10022): An invalid argument was supplied.
   --- End of inner exception stack trace ---
   at System.Net.IPAddressParser.Parse(ReadOnlySpan`1 ipSpan, Boolean tryParse)
   at System.Net.IPAddress.Parse(String ipString)
   at NoGuiClient.MatchmakerClient.Connect() in C:\Users\rober\Documents\Mixed Code Projects\Scalable-Game-Servers\NoGui-Client\MatchmakerClient.cs:line 18
   at NoGuiClient.MatchmakerClient.Run() in C:\Users\rober\Documents\Mixed Code Projects\Scalable-Game-Servers\NoGui-Client\MatchmakerClient.cs:line 11
   at NoGuiClient.NetworkController.ConnectToMatchmaker() in C:\Users\rober\Documents\Mixed Code Projects\Scalable-Game-Servers\NoGui-Client\NetworkController.cs:line 42
   at NoGuiClient.NetworkController.ConnectToLobby(String IP, Int32 Port) in C:\Users\rober\Documents\Mixed Code Projects\Scalable-Game-Servers\NoGui-Client\NetworkController.cs:line 32
   at NoGuiClient.NetworkController.ConnectToLoadBalancer() in C:\Users\rober\Documents\Mixed Code Projects\Scalable-Game-Servers\NoGui-Client\NetworkController.cs:line 15
   at NoGuiClient.NetworkController.Start() in C:\Users\rober\Documents\Mixed Code Projects\Scalable-Game-Servers\NoGui-Client\NetworkController.cs:line 7
   at NoGuiClient.Program.ProtectedMain(String[] args) in C:\Users\rober\Documents\Mixed Code Projects\Scalable-Game-Servers\NoGui-Client\Program.cs:line 58
   at NoGuiClient.Program.Main(String[] args) in C:\Users\rober\Documents\Mixed Code Projects\Scalable-Game-Servers\NoGui-Client\Program.cs:line 22
[14/05/22 21:48:14:4259161] [WARN ]: Shutting down logging
