[16/05/22 13:49:35:7444801] [INFO ]: Logging started
[16/05/22 13:49:42:3345615] [INFO+]: Connecting to Load Balancer
[16/05/22 13:49:42:3524625] [DEBUG]: Socket connected to 127.0.0.1:7107
[16/05/22 13:49:42:3551934] [DEBUG]: Waiting for response from load balance
[16/05/22 13:49:42:3556668] [DEBUG]: Starting Load Balancer recieve
[16/05/22 13:49:42:3570023] [DEBUG]: Recieved
[16/05/22 13:49:42:3581332] [INFO ]: Position in queue: 0
[16/05/22 13:49:42:3587546] [DEBUG]: Starting Load Balancer recieve
[16/05/22 13:49:42:3645461] [DEBUG]: Recieved
[16/05/22 13:49:42:3656729] [INFO ]: Being transfered to 127.0.0.1:10123
[16/05/22 13:49:42:3663431] [INFO+]: Connecting to Lobby Server
[16/05/22 13:49:42:3679827] [DEBUG]: Socket connected to 127.0.0.1:10123
[16/05/22 13:49:44:3388522] [INFO ]: Sending echo request
[16/05/22 13:49:44:3396960] [INFO ]: Waiting for echo response
[16/05/22 13:49:44:3541645] [INFO+]: Recieved name [ned is gay] in 14ms
[16/05/22 13:49:45:4597961] [INFO ]: Sending echo request
[16/05/22 13:49:45:4607358] [INFO ]: Waiting for echo response
[16/05/22 13:49:45:4727984] [INFO+]: Recieved name [ned is gay] in 12ms
[16/05/22 13:49:48:8053833] [INFO ]: Sending counter request
[16/05/22 13:49:48:8058864] [INFO ]: Waiting for response
[16/05/22 13:49:48:8192561] [INFO+]: Recieved [0] in 13ms
[16/05/22 13:49:49:4618645] [INFO ]: Sending counter request
[16/05/22 13:49:49:4627226] [INFO ]: Waiting for response
[16/05/22 13:49:49:4748489] [INFO+]: Recieved [1] in 12ms
[16/05/22 13:49:50:5592505] [INFO ]: Connecting to Matchmaker
[16/05/22 13:49:50:5613676] [DEBUG]: Socket connected to 127.0.0.1:6106
[16/05/22 13:49:50:5628917] [DEBUG]: Waiting for response from Matchmaker
[16/05/22 13:49:50:5634251] [DEBUG]: Starting Matchmaker recieve
[16/05/22 13:49:50:5643733] [DEBUG]: Recieved
[16/05/22 13:49:50:5649841] [INFO ]: Position in queue: 0
[16/05/22 13:49:50:5653079] [DEBUG]: Starting Matchmaker recieve
[16/05/22 13:49:50:5683707] [DEBUG]: Recieved
[16/05/22 13:49:50:5687471] [INFO ]: Being transfered to 127.0.0.1:20123
[16/05/22 13:49:50:5693274] [INFO ]: Connecting to Game Server
[16/05/22 13:49:50:5711587] [DEBUG]: Socket connected to 127.0.0.1:20123
[16/05/22 13:50:06:1734127] [INFO+]: Connecting to Load Balancer
[16/05/22 13:50:06:1752779] [DEBUG]: Socket connected to 127.0.0.1:7107
[16/05/22 13:50:06:1766848] [DEBUG]: Waiting for response from load balance
[16/05/22 13:50:06:1772298] [DEBUG]: Starting Load Balancer recieve
[16/05/22 13:50:06:1778065] [DEBUG]: Recieved
[16/05/22 13:50:06:1781981] [INFO ]: Position in queue: 0
[16/05/22 13:50:06:1786325] [DEBUG]: Starting Load Balancer recieve
[16/05/22 13:50:06:1899318] [DEBUG]: Recieved
[16/05/22 13:50:06:1903113] [INFO ]: Being transfered to 127.0.0.1:10124
[16/05/22 13:50:06:1905855] [INFO+]: Connecting to Lobby Server
[16/05/22 13:50:06:1912808] [DEBUG]: Socket connected to 127.0.0.1:10124
[16/05/22 13:50:11:8985383] [WARN ]: Shutting down logging
