[09/05/22 15:32:54:8582073] [INFO   ]: Logging started
[09/05/22 15:32:54:8699272] [INFO   ]: Starting Spooler receive
[09/05/22 15:32:56:1275164] [DEBUG  ]: Recieving packet from Spooler of len 2
[09/05/22 15:32:56:1278743] [INFO   ]: Spooler requested update
[09/05/22 15:32:56:3279333] [DEBUG  ]: Recieving packet from Spooler of len 2
[09/05/22 15:32:56:3281509] [INFO   ]: Spooler requested update
[09/05/22 15:32:56:5111822] [DEBUG  ]: Recieving packet from Spooler of len 2
[09/05/22 15:32:56:5114436] [INFO   ]: Spooler requested update
[09/05/22 15:32:56:6795277] [DEBUG  ]: Recieving packet from Spooler of len 2
[09/05/22 15:32:56:6797389] [INFO   ]: Spooler requested update
[09/05/22 15:32:56:8502074] [DEBUG  ]: Recieving packet from Spooler of len 2
[09/05/22 15:32:56:8504314] [INFO   ]: Spooler requested update
[09/05/22 15:32:57:0198326] [DEBUG  ]: Recieving packet from Spooler of len 2
[09/05/22 15:32:57:0200526] [INFO   ]: Spooler requested update
[09/05/22 15:32:57:1882647] [DEBUG  ]: Recieving packet from Spooler of len 2
[09/05/22 15:32:57:1884766] [INFO   ]: Spooler requested update
[09/05/22 15:32:57:3602047] [DEBUG  ]: Recieving packet from Spooler of len 2
[09/05/22 15:32:57:3604323] [INFO   ]: Spooler requested update
[09/05/22 15:32:57:5304981] [DEBUG  ]: Recieving packet from Spooler of len 2
[09/05/22 15:32:57:5307149] [INFO   ]: Spooler requested update
[09/05/22 15:32:57:6994299] [DEBUG  ]: Recieving packet from Spooler of len 2
[09/05/22 15:32:57:6996349] [INFO   ]: Spooler requested update
[09/05/22 15:32:57:8765797] [DEBUG  ]: Recieving packet from Spooler of len 2
[09/05/22 15:32:57:8767922] [INFO   ]: Spooler requested update
[09/05/22 15:32:58:0642631] [DEBUG  ]: Recieving packet from Spooler of len 2
[09/05/22 15:32:58:0644864] [INFO   ]: Spooler requested update
[09/05/22 15:32:58:2512594] [DEBUG  ]: Recieving packet from Spooler of len 2
[09/05/22 15:32:58:2515059] [INFO   ]: Spooler requested update
[09/05/22 15:32:58:4776612] [DEBUG  ]: Recieving packet from Spooler of len 2
[09/05/22 15:32:58:4783831] [INFO   ]: Spooler requested update
[09/05/22 15:32:58:7981659] [DEBUG  ]: Recieving packet from Spooler of len 2
[09/05/22 15:32:58:8027674] [INFO   ]: Spooler requested update
[09/05/22 15:32:59:0409719] [DEBUG  ]: Recieving packet from Spooler of len 2
[09/05/22 15:32:59:0416984] [INFO   ]: Spooler requested update
[09/05/22 15:32:59:2644169] [DEBUG  ]: Recieving packet from Spooler of len 2
[09/05/22 15:32:59:2651178] [INFO   ]: Spooler requested update
[09/05/22 15:32:59:5781565] [DEBUG  ]: Recieving packet from Spooler of len 2
[09/05/22 15:32:59:5791032] [INFO   ]: Spooler requested update
[09/05/22 15:32:59:8244697] [DEBUG  ]: Recieving packet from Spooler of len 2
[09/05/22 15:32:59:8252861] [INFO   ]: Spooler requested update
[09/05/22 15:33:00:0491572] [DEBUG  ]: Recieving packet from Spooler of len 2
[09/05/22 15:33:00:0531845] [INFO   ]: Spooler requested update
[09/05/22 15:33:00:2632255] [DEBUG  ]: Recieving packet from Spooler of len 2
[09/05/22 15:33:00:2639735] [INFO   ]: Spooler requested update
[09/05/22 15:33:00:4806974] [DEBUG  ]: Recieving packet from Spooler of len 2
[09/05/22 15:33:00:4814007] [INFO   ]: Spooler requested update
[09/05/22 15:33:00:6988361] [DEBUG  ]: Recieving packet from Spooler of len 2
[09/05/22 15:33:00:7030246] [INFO   ]: Spooler requested update
[09/05/22 15:33:00:9401423] [DEBUG  ]: Recieving packet from Spooler of len 2
[09/05/22 15:33:00:9412843] [INFO   ]: Spooler requested update
[09/05/22 15:33:01:1766346] [DEBUG  ]: Recieving packet from Spooler of len 2
[09/05/22 15:33:01:1775705] [INFO   ]: Spooler requested update
[09/05/22 15:33:01:4182136] [DEBUG  ]: Recieving packet from Spooler of len 2
[09/05/22 15:33:01:4189174] [INFO   ]: Spooler requested update
[09/05/22 15:33:01:6508020] [DEBUG  ]: Recieving packet from Spooler of len 2
[09/05/22 15:33:01:6515179] [INFO   ]: Spooler requested update
[09/05/22 15:33:01:8755757] [DEBUG  ]: Recieving packet from Spooler of len 2
[09/05/22 15:33:01:8762973] [INFO   ]: Spooler requested update
[09/05/22 15:33:02:0969421] [DEBUG  ]: Recieving packet from Spooler of len 2
[09/05/22 15:33:02:0977229] [INFO   ]: Spooler requested update
[09/05/22 15:33:02:3419051] [DEBUG  ]: Recieving packet from Spooler of len 2
[09/05/22 15:33:02:3456312] [INFO   ]: Spooler requested update
[09/05/22 15:33:02:5884147] [DEBUG  ]: Recieving packet from Spooler of len 2
[09/05/22 15:33:02:5891220] [INFO   ]: Spooler requested update
[09/05/22 15:33:02:8188308] [DEBUG  ]: Recieving packet from Spooler of len 2
[09/05/22 15:33:02:8197885] [INFO   ]: Spooler requested update
[09/05/22 15:33:03:0441156] [DEBUG  ]: Recieving packet from Spooler of len 2
[09/05/22 15:33:03:0448462] [INFO   ]: Spooler requested update
[09/05/22 15:33:03:2783868] [DEBUG  ]: Recieving packet from Spooler of len 2
[09/05/22 15:33:03:2790960] [INFO   ]: Spooler requested update
[09/05/22 15:33:03:5160373] [DEBUG  ]: Recieving packet from Spooler of len 2
[09/05/22 15:33:03:5167941] [INFO   ]: Spooler requested update
[09/05/22 15:33:03:7503212] [DEBUG  ]: Recieving packet from Spooler of len 2
[09/05/22 15:33:03:7510351] [INFO   ]: Spooler requested update
[09/05/22 15:33:03:9979283] [DEBUG  ]: Recieving packet from Spooler of len 2
[09/05/22 15:33:03:9988321] [INFO   ]: Spooler requested update
[09/05/22 15:33:04:2427747] [DEBUG  ]: Recieving packet from Spooler of len 2
[09/05/22 15:33:04:2450531] [INFO   ]: Spooler requested update
[09/05/22 15:33:04:4991819] [DEBUG  ]: Recieving packet from Spooler of len 2
[09/05/22 15:33:04:5001886] [INFO   ]: Spooler requested update
[09/05/22 15:33:04:8081811] [DEBUG  ]: Recieving packet from Spooler of len 2
[09/05/22 15:33:04:8089184] [INFO   ]: Spooler requested update
[09/05/22 15:33:05:0465079] [DEBUG  ]: Recieving packet from Spooler of len 2
[09/05/22 15:33:05:0476483] [INFO   ]: Spooler requested update
[09/05/22 15:33:05:2764104] [DEBUG  ]: Recieving packet from Spooler of len 2
[09/05/22 15:33:05:2771724] [INFO   ]: Spooler requested update
[09/05/22 15:33:05:5113161] [DEBUG  ]: Recieving packet from Spooler of len 2
[09/05/22 15:33:05:5120496] [INFO   ]: Spooler requested update
[09/05/22 15:33:05:7404816] [DEBUG  ]: Recieving packet from Spooler of len 2
[09/05/22 15:33:05:7412163] [INFO   ]: Spooler requested update
[09/05/22 15:33:05:9727209] [DEBUG  ]: Recieving packet from Spooler of len 2
[09/05/22 15:33:05:9734316] [INFO   ]: Spooler requested update
[09/05/22 15:33:06:2056604] [DEBUG  ]: Recieving packet from Spooler of len 2
[09/05/22 15:33:06:2064136] [INFO   ]: Spooler requested update
[09/05/22 15:33:06:4311658] [DEBUG  ]: Recieving packet from Spooler of len 2
[09/05/22 15:33:06:4352822] [INFO   ]: Spooler requested update
[09/05/22 15:33:06:6850306] [DEBUG  ]: Recieving packet from Spooler of len 2
[09/05/22 15:33:06:6859134] [INFO   ]: Spooler requested update
[09/05/22 15:33:06:9169593] [DEBUG  ]: Recieving packet from Spooler of len 2
[09/05/22 15:33:06:9176816] [INFO   ]: Spooler requested update
[09/05/22 15:33:07:1684329] [DEBUG  ]: Recieving packet from Spooler of len 2
[09/05/22 15:33:07:1691878] [INFO   ]: Spooler requested update
[09/05/22 15:33:07:4010554] [DEBUG  ]: Recieving packet from Spooler of len 2
[09/05/22 15:33:07:4018905] [INFO   ]: Spooler requested update
[09/05/22 15:33:07:6459158] [DEBUG  ]: Recieving packet from Spooler of len 2
[09/05/22 15:33:07:6468145] [INFO   ]: Spooler requested update
[09/05/22 15:33:07:8762525] [DEBUG  ]: Recieving packet from Spooler of len 2
[09/05/22 15:33:07:8770955] [INFO   ]: Spooler requested update
[09/05/22 15:33:08:1114477] [DEBUG  ]: Recieving packet from Spooler of len 2
[09/05/22 15:33:08:1121747] [INFO   ]: Spooler requested update
[09/05/22 15:33:08:3418279] [DEBUG  ]: Recieving packet from Spooler of len 2
[09/05/22 15:33:08:3425935] [INFO   ]: Spooler requested update
[09/05/22 15:33:08:5732405] [DEBUG  ]: Recieving packet from Spooler of len 2
[09/05/22 15:33:08:5739702] [INFO   ]: Spooler requested update
[09/05/22 15:33:08:8000230] [DEBUG  ]: Recieving packet from Spooler of len 2
[09/05/22 15:33:08:8007351] [INFO   ]: Spooler requested update
[09/05/22 15:33:09:0342799] [DEBUG  ]: Recieving packet from Spooler of len 2
[09/05/22 15:33:09:0350816] [INFO   ]: Spooler requested update
[09/05/22 15:33:09:3051295] [DEBUG  ]: Recieving packet from Spooler of len 2
[09/05/22 15:33:09:3058486] [INFO   ]: Spooler requested update
[09/05/22 15:33:09:5530651] [DEBUG  ]: Recieving packet from Spooler of len 2
[09/05/22 15:33:09:5537935] [INFO   ]: Spooler requested update
[09/05/22 15:33:09:7994544] [DEBUG  ]: Recieving packet from Spooler of len 2
[09/05/22 15:33:09:8001397] [INFO   ]: Spooler requested update
[09/05/22 15:33:10:0219372] [DEBUG  ]: Recieving packet from Spooler of len 2
[09/05/22 15:33:10:0226912] [INFO   ]: Spooler requested update
[09/05/22 15:33:10:2599587] [DEBUG  ]: Recieving packet from Spooler of len 2
[09/05/22 15:33:10:2608409] [INFO   ]: Spooler requested update
[09/05/22 15:33:10:4884952] [DEBUG  ]: Recieving packet from Spooler of len 2
[09/05/22 15:33:10:4894041] [INFO   ]: Spooler requested update
[09/05/22 15:33:10:7222823] [DEBUG  ]: Recieving packet from Spooler of len 2
[09/05/22 15:33:10:7233406] [INFO   ]: Spooler requested update
[09/05/22 15:33:10:9644639] [DEBUG  ]: Recieving packet from Spooler of len 2
[09/05/22 15:33:10:9655717] [INFO   ]: Spooler requested update
[09/05/22 15:33:11:2375982] [DEBUG  ]: Recieving packet from Spooler of len 2
[09/05/22 15:33:11:2383132] [INFO   ]: Spooler requested update
[09/05/22 15:33:11:4693511] [DEBUG  ]: Recieving packet from Spooler of len 2
[09/05/22 15:33:11:4700662] [INFO   ]: Spooler requested update
[09/05/22 15:33:11:6853215] [DEBUG  ]: Recieving packet from Spooler of len 2
[09/05/22 15:33:11:6860171] [INFO   ]: Spooler requested update
[09/05/22 15:33:11:9093823] [DEBUG  ]: Recieving packet from Spooler of len 2
[09/05/22 15:33:11:9100978] [INFO   ]: Spooler requested update
[09/05/22 15:33:12:1360671] [DEBUG  ]: Recieving packet from Spooler of len 2
[09/05/22 15:33:12:1368152] [INFO   ]: Spooler requested update
[09/05/22 15:33:12:3513729] [DEBUG  ]: Recieving packet from Spooler of len 2
[09/05/22 15:33:12:3520897] [INFO   ]: Spooler requested update
[09/05/22 15:33:12:5685963] [DEBUG  ]: Recieving packet from Spooler of len 2
[09/05/22 15:33:12:5692927] [INFO   ]: Spooler requested update
[09/05/22 15:33:12:7864986] [DEBUG  ]: Recieving packet from Spooler of len 2
[09/05/22 15:33:12:7872139] [INFO   ]: Spooler requested update
[09/05/22 15:33:13:0105198] [DEBUG  ]: Recieving packet from Spooler of len 2
[09/05/22 15:33:13:0112405] [INFO   ]: Spooler requested update
[09/05/22 15:33:13:2359901] [DEBUG  ]: Recieving packet from Spooler of len 2
[09/05/22 15:33:13:2397446] [INFO   ]: Spooler requested update
[09/05/22 15:33:13:4510533] [DEBUG  ]: Recieving packet from Spooler of len 2
[09/05/22 15:33:13:4517480] [INFO   ]: Spooler requested update
[09/05/22 15:33:13:6696451] [DEBUG  ]: Recieving packet from Spooler of len 2
[09/05/22 15:33:13:6703350] [INFO   ]: Spooler requested update
[09/05/22 15:33:13:8850162] [DEBUG  ]: Recieving packet from Spooler of len 2
[09/05/22 15:33:13:8857177] [INFO   ]: Spooler requested update
[09/05/22 15:33:14:1027321] [DEBUG  ]: Recieving packet from Spooler of len 2
[09/05/22 15:33:14:1035056] [INFO   ]: Spooler requested update
[09/05/22 15:33:14:3203065] [DEBUG  ]: Recieving packet from Spooler of len 2
[09/05/22 15:33:14:3237543] [INFO   ]: Spooler requested update
[09/05/22 15:33:14:5504371] [DEBUG  ]: Recieving packet from Spooler of len 2
[09/05/22 15:33:14:5515685] [INFO   ]: Spooler requested update
[09/05/22 15:33:14:7949224] [DEBUG  ]: Recieving packet from Spooler of len 2
[09/05/22 15:33:14:7956468] [INFO   ]: Spooler requested update
[09/05/22 15:33:15:0283138] [DEBUG  ]: Recieving packet from Spooler of len 2
[09/05/22 15:33:15:0293986] [INFO   ]: Spooler requested update
[09/05/22 15:33:15:2547185] [DEBUG  ]: Recieving packet from Spooler of