[09/05/22 15:32:50:8980249] [INFO   ]: Logging started
[09/05/22 15:32:50:9105172] [INFO   ]: Starting Spooler receive
[09/05/22 15:32:56:0480035] [DEBUG  ]: Recieving packet from Spooler of len 2
[09/05/22 15:32:56:0483905] [INFO   ]: Spooler requested update
[09/05/22 15:32:56:3105600] [DEBUG  ]: Recieving packet from Spooler of len 2
[09/05/22 15:32:56:3108318] [INFO   ]: Spooler requested update
[09/05/22 15:32:56:4952044] [DEBUG  ]: Recieving packet from Spooler of len 2
[09/05/22 15:32:56:4954548] [INFO   ]: Spooler requested update
[09/05/22 15:32:56:6653137] [DEBUG  ]: Recieving packet from Spooler of len 2
[09/05/22 15:32:56:6655372] [INFO   ]: Spooler requested update
[09/05/22 15:32:56:8357193] [DEBUG  ]: Recieving packet from Spooler of len 2
[09/05/22 15:32:56:8359523] [INFO   ]: Spooler requested update
[09/05/22 15:32:57:0057863] [DEBUG  ]: Recieving packet from Spooler of len 2
[09/05/22 15:32:57:0059999] [INFO   ]: Spooler requested update
[09/05/22 15:32:57:1745090] [DEBUG  ]: Recieving packet from Spooler of len 2
[09/05/22 15:32:57:1747191] [INFO   ]: Spooler requested update
[09/05/22 15:32:57:3457022] [DEBUG  ]: Recieving packet from Spooler of len 2
[09/05/22 15:32:57:3459250] [INFO   ]: Spooler requested update
[09/05/22 15:32:57:5165048] [DEBUG  ]: Recieving packet from Spooler of len 2
[09/05/22 15:32:57:5167172] [INFO   ]: Spooler requested update
[09/05/22 15:32:57:6860496] [DEBUG  ]: Recieving packet from Spooler of len 2
[09/05/22 15:32:57:6862533] [INFO   ]: Spooler requested update
[09/05/22 15:32:57:8624595] [DEBUG  ]: Recieving packet from Spooler of len 2
[09/05/22 15:32:57:8626665] [INFO   ]: Spooler requested update
[09/05/22 15:32:58:0494123] [DEBUG  ]: Recieving packet from Spooler of len 2
[09/05/22 15:32:58:0496527] [INFO   ]: Spooler requested update
[09/05/22 15:32:58:2357975] [DEBUG  ]: Recieving packet from Spooler of len 2
[09/05/22 15:32:58:2360263] [INFO   ]: Spooler requested update
[09/05/22 15:32:58:4239922] [DEBUG  ]: Recieving packet from Spooler of len 2
[09/05/22 15:32:58:4248466] [INFO   ]: Spooler requested update
[09/05/22 15:32:58:6572419] [DEBUG  ]: Recieving packet from Spooler of len 2
[09/05/22 15:32:58:6583031] [INFO   ]: Spooler requested update
[09/05/22 15:32:58:9901954] [DEBUG  ]: Recieving packet from Spooler of len 2
[09/05/22 15:32:58:9909104] [INFO   ]: Spooler requested update
[09/05/22 15:32:59:2085111] [DEBUG  ]: Recieving packet from Spooler of len 2
[09/05/22 15:32:59:2092628] [INFO   ]: Spooler requested update
[09/05/22 15:32:59:4433176] [DEBUG  ]: Recieving packet from Spooler of len 2
[09/05/22 15:32:59:4440613] [INFO   ]: Spooler requested update
[09/05/22 15:32:59:7599988] [DEBUG  ]: Recieving packet from Spooler of len 2
[09/05/22 15:32:59:7607877] [INFO   ]: Spooler requested update
[09/05/22 15:32:59:9979757] [DEBUG  ]: Recieving packet from Spooler of len 2
[09/05/22 15:32:59:9987971] [INFO   ]: Spooler requested update
[09/05/22 15:33:00:2135418] [DEBUG  ]: Recieving packet from Spooler of len 2
[09/05/22 15:33:00:2142360] [INFO   ]: Spooler requested update
[09/05/22 15:33:00:4308533] [DEBUG  ]: Recieving packet from Spooler of len 2
[09/05/22 15:33:00:4319118] [INFO   ]: Spooler requested update
[09/05/22 15:33:00:6475922] [DEBUG  ]: Recieving packet from Spooler of len 2
[09/05/22 15:33:00:6483442] [INFO   ]: Spooler requested update
[09/05/22 15:33:00:8779531] [DEBUG  ]: Recieving packet from Spooler of len 2
[09/05/22 15:33:00:8793073] [INFO   ]: Spooler requested update
[09/05/22 15:33:01:1127244] [DEBUG  ]: Recieving packet from Spooler of len 2
[09/05/22 15:33:01:1135690] [INFO   ]: Spooler requested update
[09/05/22 15:33:01:3640831] [DEBUG  ]: Recieving packet from Spooler of len 2
[09/05/22 15:33:01:3648082] [INFO   ]: Spooler requested update
[09/05/22 15:33:01:5950449] [DEBUG  ]: Recieving packet from Spooler of len 2
[09/05/22 15:33:01:5958799] [INFO   ]: Spooler requested update
[09/05/22 15:33:01:8256838] [DEBUG  ]: Recieving packet from Spooler of len 2
[09/05/22 15:33:01:8264406] [INFO   ]: Spooler requested update
[09/05/22 15:33:02:0431944] [DEBUG  ]: Recieving packet from Spooler of len 2
[09/05/22 15:33:02:0439228] [INFO   ]: Spooler requested update
[09/05/22 15:33:02:2760174] [DEBUG  ]: Recieving packet from Spooler of len 2
[09/05/22 15:33:02:2771701] [INFO   ]: Spooler requested update
[09/05/22 15:33:02:5245397] [DEBUG  ]: Recieving packet from Spooler of len 2
[09/05/22 15:33:02:5252970] [INFO   ]: Spooler requested update
[09/05/22 15:33:02:7554165] [DEBUG  ]: Recieving packet from Spooler of len 2
[09/05/22 15:33:02:7561476] [INFO   ]: Spooler requested update
[09/05/22 15:33:02:9882027] [DEBUG  ]: Recieving packet from Spooler of len 2
[09/05/22 15:33:02:9889386] [INFO   ]: Spooler requested update
[09/05/22 15:33:03:2205427] [DEBUG  ]: Recieving packet from Spooler of len 2
[09/05/22 15:33:03:2213167] [INFO   ]: Spooler requested update
[09/05/22 15:33:03:4550776] [DEBUG  ]: Recieving packet from Spooler of len 2
[09/05/22 15:33:03:4559055] [INFO   ]: Spooler requested update
[09/05/22 15:33:03:6865327] [DEBUG  ]: Recieving packet from Spooler of len 2
[09/05/22 15:33:03:6873584] [INFO   ]: Spooler requested update
[09/05/22 15:33:03:9254451] [DEBUG  ]: Recieving packet from Spooler of len 2
[09/05/22 15:33:03:9262437] [INFO   ]: Spooler requested update
[09/05/22 15:33:04:1735407] [DEBUG  ]: Recieving packet from Spooler of len 2
[09/05/22 15:33:04:1742541] [INFO   ]: Spooler requested update
[09/05/22 15:33:04:4365247] [DEBUG  ]: Recieving packet from Spooler of len 2
[09/05/22 15:33:04:4373942] [INFO   ]: Spooler requested update
[09/05/22 15:33:04:6947452] [DEBUG  ]: Recieving packet from Spooler of len 2
[09/05/22 15:33:04:6955151] [INFO   ]: Spooler requested update
[09/05/22 15:33:04:9874765] [DEBUG  ]: Recieving packet from Spooler of len 2
[09/05/22 15:33:04:9881734] [INFO   ]: Spooler requested update
[09/05/22 15:33:05:2197118] [DEBUG  ]: Recieving packet from Spooler of len 2
[09/05/22 15:33:05:2205149] [INFO   ]: Spooler requested update
[09/05/22 15:33:05:4533454] [DEBUG  ]: Recieving packet from Spooler of len 2
[09/05/22 15:33:05:4540593] [INFO   ]: Spooler requested update
[09/05/22 15:33:05:6845070] [DEBUG  ]: Recieving packet from Spooler of len 2
[09/05/22 15:33:05:6851880] [INFO   ]: Spooler requested update
[09/05/22 15:33:05:9155068] [DEBUG  ]: Recieving packet from Spooler of len 2
[09/05/22 15:33:05:9166539] [INFO   ]: Spooler requested update
[09/05/22 15:33:06:1486490] [DEBUG  ]: Recieving packet from Spooler of len 2
[09/05/22 15:33:06:1493505] [INFO   ]: Spooler requested update
[09/05/22 15:33:06:3796969] [DEBUG  ]: Recieving packet from Spooler of len 2
[09/05/22 15:33:06:3803974] [INFO   ]: Spooler requested update
[09/05/22 15:33:06:6183120] [DEBUG  ]: Recieving packet from Spooler of len 2
[09/05/22 15:33:06:6194120] [INFO   ]: Spooler requested update
[09/05/22 15:33:06:8609923] [DEBUG  ]: Recieving packet from Spooler of len 2
[09/05/22 15:33:06:8618067] [INFO   ]: Spooler requested update
[09/05/22 15:33:07:0915310] [DEBUG  ]: Recieving packet from Spooler of len 2
[09/05/22 15:33:07:0922448] [INFO   ]: Spooler requested update
[09/05/22 15:33:07:3394557] [DEBUG  ]: Recieving packet from Spooler of len 2
[09/05/22 15:33:07:3401466] [INFO   ]: Spooler requested update
[09/05/22 15:33:07:5774191] [DEBUG  ]: Recieving packet from Spooler of len 2
[09/05/22 15:33:07:5781182] [INFO   ]: Spooler requested update
[09/05/22 15:33:07:8198615] [DEBUG  ]: Recieving packet from Spooler of len 2
[09/05/22 15:33:07:8205620] [INFO   ]: Spooler requested update
[09/05/22 15:33:08:0513984] [DEBUG  ]: Recieving packet from Spooler of len 2
[09/05/22 15:33:08:0520990] [INFO   ]: Spooler requested update
[09/05/22 15:33:08:2845911] [DEBUG  ]: Recieving packet from Spooler of len 2
[09/05/22 15:33:08:2854166] [INFO   ]: Spooler requested update
[09/05/22 15:33:08:5137452] [DEBUG  ]: Recieving packet from Spooler of len 2
[09/05/22 15:33:08:5144518] [INFO   ]: Spooler requested update
[09/05/22 15:33:08:7443567] [DEBUG  ]: Recieving packet from Spooler of len 2
[09/05/22 15:33:08:7454359] [INFO   ]: Spooler requested update
[09/05/22 15:33:08:9794128] [DEBUG  ]: Recieving packet from Spooler of len 2
[09/05/22 15:33:08:9801299] [INFO   ]: Spooler requested update
[09/05/22 15:33:09:2101224] [DEBUG  ]: Recieving packet from Spooler of len 2
[09/05/22 15:33:09:2108286] [INFO   ]: Spooler requested update
[09/05/22 15:33:09:4924448] [DEBUG  ]: Recieving packet from Spooler of len 2
[09/05/22 15:33:09:4939514] [INFO   ]: Spooler requested update
[09/05/22 15:33:09:7390376] [DEBUG  ]: Recieving packet from Spooler of len 2
[09/05/22 15:33:09:7397198] [INFO   ]: Spooler requested update
[09/05/22 15:33:09:9663449] [DEBUG  ]: Recieving packet from Spooler of len 2
[09/05/22 15:33:09:9670400] [INFO   ]: Spooler requested update
[09/05/22 15:33:10:1985220] [DEBUG  ]: Recieving packet from Spooler of len 2
[09/05/22 15:33:10:1992269] [INFO   ]: Spooler requested update
[09/05/22 15:33:10:4313443] [DEBUG  ]: Recieving packet from Spooler of len 2
[09/05/22 15:33:10:4320510] [INFO   ]: Spooler requested update
[09/05/22 15:33:10:6655039] [DEBUG  ]: Recieving packet from Spooler of len 2
[09/05/22 15:33:10:6662267] [INFO   ]: Spooler requested update
[09/05/22 15:33:10:8973705] [DEBUG  ]: Recieving packet from Spooler of len 2
[09/05/22 15:33:10:8980674] [INFO   ]: Spooler requested update
[09/05/22 15:33:11:1437101] [DEBUG  ]: Recieving packet from Spooler of len 2
[09/05/22 15:33:11:1445329] [INFO   ]: Spooler requested update
[09/05/22 15:33:11:4203656] [DEBUG  ]: Recieving packet from Spooler of len 2
[09/05/22 15:33:11:4211581] [INFO   ]: Spooler requested update
[09/05/22 15:33:11:6370038] [DEBUG  ]: Recieving packet from Spooler of len 2
[09/05/22 15:33:11:6377403] [INFO   ]: Spooler requested update
[09/05/22 15:33:11:8538601] [DEBUG  ]: Recieving packet from Spooler of len 2
[09/05/22 15:33:11:8545342] [INFO   ]: Spooler requested update
[09/05/22 15:33:12:0866548] [DEBUG  ]: Recieving packet from Spooler of len 2
[09/05/22 15:33:12:0873500] [INFO   ]: Spooler requested update
[09/05/22 15:33:12:3025799] [DEBUG  ]: Recieving packet from Spooler of len 2
[09/05/22 15:33:12:3034212] [INFO   ]: Spooler requested update
[09/05/22 15:33:12:5196613] [DEBUG  ]: Recieving packet from Spooler of len 2
[09/05/22 15:33:12:5203779] [INFO   ]: Spooler requested update
[09/05/22 15:33:12:7368032] [DEBUG  ]: Recieving packet from Spooler of len 2
[09/05/22 15:33:12:7375450] [INFO   ]: Spooler requested update
[09/05/22 15:33:12:9528099] [DEBUG  ]: Recieving packet from Spooler of len 2
[09/05/22 15:33:12:9537419] [INFO   ]: Spooler requested update
[09/05/22 15:33:13:1855918] [DEBUG  ]: Recieving packet from Spooler of len 2
[09/05/22 15:33:13:1863349] [INFO   ]: Spooler requested update
[09/05/22 15:33:13:4019442] [DEBUG  ]: Recieving packet from Spooler of len 2
[09/05/22 15:33:13:4026336] [INFO   ]: Spooler requested update
[09/05/22 15:33:13:6186186] [DEBUG  ]: Recieving packet from Spooler of len 2
[09/05/22 15:33:13:6194758] [INFO   ]: Spooler requested update
[09/05/22 15:33:13:8356576] [DEBUG  ]: Recieving packet from Spooler of len 2
[09/05/22 15:33:13:8364681] [INFO   ]: Spooler requested update
[09/05/22 15:33:14:0530636] [DEBUG  ]: Recieving packet from Spooler of len 2
[09/05/22 15:33:14:0537621] [INFO   ]: Spooler requested update
[09/05/22 15:33:14:2701573] [DEBUG  ]: Recieving packet from Spooler of len 2
[09/05/22 15:33:14:2708485] [INFO   ]: Spooler requested update
[09/05/22 15:33:14:4893547] [DEBUG  ]: Recieving packet from Spooler of len 2
[09/05/22 15:33:14:4915581] [INFO   ]: Spooler requested update
[09/05/22 15:33:14:7310806] [DEBUG  ]: Recieving packet from Spooler of len 2
[09/05/22 15:33:14:7327280] [INFO   ]: Spooler requested update
[09/05/22 15:33:14:9667196] [DEBUG  ]: Recieving packet from Spooler of len 2
[09/05/22 15:33:14:9679456] [INFO   ]: Spooler requested update
[09/05/22 15:33:15:2014038] [DEBUG  ]: Recieving packet from Spooler of