[09/05/22 15:32:55:0725098] [INFO   ]: Logging started
[09/05/22 15:32:55:0853508] [INFO   ]: Starting Spooler receive
[09/05/22 15:32:56:1315976] [DEBUG  ]: Recieving packet from Spooler of len 2
[09/05/22 15:32:56:1319386] [INFO   ]: Spooler requested update
[09/05/22 15:32:56:3287758] [DEBUG  ]: Recieving packet from Spooler of len 2
[09/05/22 15:32:56:3289871] [INFO   ]: Spooler requested update
[09/05/22 15:32:56:5120818] [DEBUG  ]: Recieving packet from Spooler of len 2
[09/05/22 15:32:56:5123385] [INFO   ]: Spooler requested update
[09/05/22 15:32:56:6802432] [DEBUG  ]: Recieving packet from Spooler of len 2
[09/05/22 15:32:56:6804499] [INFO   ]: Spooler requested update
[09/05/22 15:32:56:8509791] [DEBUG  ]: Recieving packet from Spooler of len 2
[09/05/22 15:32:56:8512340] [INFO   ]: Spooler requested update
[09/05/22 15:32:57:0205914] [DEBUG  ]: Recieving packet from Spooler of len 2
[09/05/22 15:32:57:0208277] [INFO   ]: Spooler requested update
[09/05/22 15:32:57:1889864] [DEBUG  ]: Recieving packet from Spooler of len 2
[09/05/22 15:32:57:1892020] [INFO   ]: Spooler requested update
[09/05/22 15:32:57:3609654] [DEBUG  ]: Recieving packet from Spooler of len 2
[09/05/22 15:32:57:3611936] [INFO   ]: Spooler requested update
[09/05/22 15:32:57:5312193] [DEBUG  ]: Recieving packet from Spooler of len 2
[09/05/22 15:32:57:5314543] [INFO   ]: Spooler requested update
[09/05/22 15:32:57:7001398] [DEBUG  ]: Recieving packet from Spooler of len 2
[09/05/22 15:32:57:7003441] [INFO   ]: Spooler requested update
[09/05/22 15:32:57:8773171] [DEBUG  ]: Recieving packet from Spooler of len 2
[09/05/22 15:32:57:8775300] [INFO   ]: Spooler requested update
[09/05/22 15:32:58:0652283] [DEBUG  ]: Recieving packet from Spooler of len 2
[09/05/22 15:32:58:0654427] [INFO   ]: Spooler requested update
[09/05/22 15:32:58:2520335] [DEBUG  ]: Recieving packet from Spooler of len 2
[09/05/22 15:32:58:2522571] [INFO   ]: Spooler requested update
[09/05/22 15:32:58:4801314] [DEBUG  ]: Recieving packet from Spooler of len 2
[09/05/22 15:32:58:4809308] [INFO   ]: Spooler requested update
[09/05/22 15:32:58:8055032] [DEBUG  ]: Recieving packet from Spooler of len 2
[09/05/22 15:32:58:8066193] [INFO   ]: Spooler requested update
[09/05/22 15:32:59:0461249] [DEBUG  ]: Recieving packet from Spooler of len 2
[09/05/22 15:32:59:0469463] [INFO   ]: Spooler requested update
[09/05/22 15:32:59:2698598] [DEBUG  ]: Recieving packet from Spooler of len 2
[09/05/22 15:32:59:2705882] [INFO   ]: Spooler requested update
[09/05/22 15:32:59:5807138] [DEBUG  ]: Recieving packet from Spooler of len 2
[09/05/22 15:32:59:5814615] [INFO   ]: Spooler requested update
[09/05/22 15:32:59:8273819] [DEBUG  ]: Recieving packet from Spooler of len 2
[09/05/22 15:32:59:8280920] [INFO   ]: Spooler requested update
[09/05/22 15:33:00:0551251] [DEBUG  ]: Recieving packet from Spooler of len 2
[09/05/22 15:33:00:0558237] [INFO   ]: Spooler requested update
[09/05/22 15:33:00:2655207] [DEBUG  ]: Recieving packet from Spooler of len 2
[09/05/22 15:33:00:2688463] [INFO   ]: Spooler requested update
[09/05/22 15:33:00:4857512] [DEBUG  ]: Recieving packet from Spooler of len 2
[09/05/22 15:33:00:4865662] [INFO   ]: Spooler requested update
[09/05/22 15:33:00:7048777] [DEBUG  ]: Recieving packet from Spooler of len 2
[09/05/22 15:33:00:7055798] [INFO   ]: Spooler requested update
[09/05/22 15:33:00:9431337] [DEBUG  ]: Recieving packet from Spooler of len 2
[09/05/22 15:33:00:9438425] [INFO   ]: Spooler requested update
[09/05/22 15:33:01:1793799] [DEBUG  ]: Recieving packet from Spooler of len 2
[09/05/22 15:33:01:1838952] [INFO   ]: Spooler requested update
[09/05/22 15:33:01:4208279] [DEBUG  ]: Recieving packet from Spooler of len 2
[09/05/22 15:33:01:4215422] [INFO   ]: Spooler requested update
[09/05/22 15:33:01:6530651] [DEBUG  ]: Recieving packet from Spooler of len 2
[09/05/22 15:33:01:6537860] [INFO   ]: Spooler requested update
[09/05/22 15:33:01:8815822] [DEBUG  ]: Recieving packet from Spooler of len 2
[09/05/22 15:33:01:8823275] [INFO   ]: Spooler requested update
[09/05/22 15:33:02:0993348] [DEBUG  ]: Recieving packet from Spooler of len 2
[09/05/22 15:33:02:1001077] [INFO   ]: Spooler requested update
[09/05/22 15:33:02:3477970] [DEBUG  ]: Recieving packet from Spooler of len 2
[09/05/22 15:33:02:3486860] [INFO   ]: Spooler requested update
[09/05/22 15:33:02:5906627] [DEBUG  ]: Recieving packet from Spooler of len 2
[09/05/22 15:33:02:5933529] [INFO   ]: Spooler requested update
[09/05/22 15:33:02:8219547] [DEBUG  ]: Recieving packet from Spooler of len 2
[09/05/22 15:33:02:8250978] [INFO   ]: Spooler requested update
[09/05/22 15:33:03:0463778] [DEBUG  ]: Recieving packet from Spooler of len 2
[09/05/22 15:33:03:0471046] [INFO   ]: Spooler requested update
[09/05/22 15:33:03:2831910] [DEBUG  ]: Recieving packet from Spooler of len 2
[09/05/22 15:33:03:2839121] [INFO   ]: Spooler requested update
[09/05/22 15:33:03:5183521] [DEBUG  ]: Recieving packet from Spooler of len 2
[09/05/22 15:33:03:5190669] [INFO   ]: Spooler requested update
[09/05/22 15:33:03:7544768] [DEBUG  ]: Recieving packet from Spooler of len 2
[09/05/22 15:33:03:7552803] [INFO   ]: Spooler requested update
[09/05/22 15:33:04:0034785] [DEBUG  ]: Recieving packet from Spooler of len 2
[09/05/22 15:33:04:0041903] [INFO   ]: Spooler requested update
[09/05/22 15:33:04:2465810] [DEBUG  ]: Recieving packet from Spooler of len 2
[09/05/22 15:33:04:2474875] [INFO   ]: Spooler requested update
[09/05/22 15:33:04:5019697] [DEBUG  ]: Recieving packet from Spooler of len 2
[09/05/22 15:33:04:5027916] [INFO   ]: Spooler requested update
[09/05/22 15:33:04:8177740] [DEBUG  ]: Recieving packet from Spooler of len 2
[09/05/22 15:33:04:8185013] [INFO   ]: Spooler requested update
[09/05/22 15:33:05:0491727] [DEBUG  ]: Recieving packet from Spooler of len 2
[09/05/22 15:33:05:0498966] [INFO   ]: Spooler requested update
[09/05/22 15:33:05:2786984] [DEBUG  ]: Recieving packet from Spooler of len 2
[09/05/22 15:33:05:2796046] [INFO   ]: Spooler requested update
[09/05/22 15:33:05:5135182] [DEBUG  ]: Recieving packet from Spooler of len 2
[09/05/22 15:33:05:5143629] [INFO   ]: Spooler requested update
[09/05/22 15:33:05:7427633] [DEBUG  ]: Recieving packet from Spooler of len 2
[09/05/22 15:33:05:7439232] [INFO   ]: Spooler requested update
[09/05/22 15:33:05:9782917] [DEBUG  ]: Recieving packet from Spooler of len 2
[09/05/22 15:33:05:9791181] [INFO   ]: Spooler requested update
[09/05/22 15:33:06:2080756] [DEBUG  ]: Recieving packet from Spooler of len 2
[09/05/22 15:33:06:2088615] [INFO   ]: Spooler requested update
[09/05/22 15:33:06:4367809] [DEBUG  ]: Recieving packet from Spooler of len 2
[09/05/22 15:33:06:4375699] [INFO   ]: Spooler requested update
[09/05/22 15:33:06:6878646] [DEBUG  ]: Recieving packet from Spooler of len 2
[09/05/22 15:33:06:6888094] [INFO   ]: Spooler requested update
[09/05/22 15:33:06:9191531] [DEBUG  ]: Recieving packet from Spooler of len 2
[09/05/22 15:33:06:9198477] [INFO   ]: Spooler requested update
[09/05/22 15:33:07:1706795] [DEBUG  ]: Recieving packet from Spooler of len 2
[09/05/22 15:33:07:1714590] [INFO   ]: Spooler requested update
[09/05/22 15:33:07:4038320] [DEBUG  ]: Recieving packet from Spooler of len 2
[09/05/22 15:33:07:4045400] [INFO   ]: Spooler requested update
[09/05/22 15:33:07:6484273] [DEBUG  ]: Recieving packet from Spooler of len 2
[09/05/22 15:33:07:6501009] [INFO   ]: Spooler requested update
[09/05/22 15:33:07:8785655] [DEBUG  ]: Recieving packet from Spooler of len 2
[09/05/22 15:33:07:8792969] [INFO   ]: Spooler requested update
[09/05/22 15:33:08:1136905] [DEBUG  ]: Recieving packet from Spooler of len 2
[09/05/22 15:33:08:1144061] [INFO   ]: Spooler requested update
[09/05/22 15:33:08:3440627] [DEBUG  ]: Recieving packet from Spooler of len 2
[09/05/22 15:33:08:3448048] [INFO   ]: Spooler requested update
[09/05/22 15:33:08:5762210] [DEBUG  ]: Recieving packet from Spooler of len 2
[09/05/22 15:33:08:5773083] [INFO   ]: Spooler requested update
[09/05/22 15:33:08:8039944] [DEBUG  ]: Recieving packet from Spooler of len 2
[09/05/22 15:33:08:8047761] [INFO   ]: Spooler requested update
[09/05/22 15:33:09:0370240] [DEBUG  ]: Recieving packet from Spooler of len 2
[09/05/22 15:33:09:0377810] [INFO   ]: Spooler requested update
[09/05/22 15:33:09:3090298] [DEBUG  ]: Recieving packet from Spooler of len 2
[09/05/22 15:33:09:3159176] [INFO   ]: Spooler requested update
[09/05/22 15:33:09:5585802] [DEBUG  ]: Recieving packet from Spooler of len 2
[09/05/22 15:33:09:5595957] [INFO   ]: Spooler requested update
[09/05/22 15:33:09:8018109] [DEBUG  ]: Recieving packet from Spooler of len 2
[09/05/22 15:33:09:8060888] [INFO   ]: Spooler requested update
[09/05/22 15:33:10:0242753] [DEBUG  ]: Recieving packet from Spooler of len 2
[09/05/22 15:33:10:0252723] [INFO   ]: Spooler requested update
[09/05/22 15:33:10:2622335] [DEBUG  ]: Recieving packet from Spooler of len 2
[09/05/22 15:33:10:2629960] [INFO   ]: Spooler requested update
[09/05/22 15:33:10:4909498] [DEBUG  ]: Recieving packet from Spooler of len 2
[09/05/22 15:33:10:4916672] [INFO   ]: Spooler requested update
[09/05/22 15:33:10:7255238] [DEBUG  ]: Recieving packet from Spooler of len 2
[09/05/22 15:33:10:7262463] [INFO   ]: Spooler requested update
[09/05/22 15:33:10:9670645] [DEBUG  ]: Recieving packet from Spooler of len 2
[09/05/22 15:33:10:9678519] [INFO   ]: Spooler requested update
[09/05/22 15:33:11:2417527] [DEBUG  ]: Recieving packet from Spooler of len 2
[09/05/22 15:33:11:2424788] [INFO   ]: Spooler requested update
[09/05/22 15:33:11:4717167] [DEBUG  ]: Recieving packet from Spooler of len 2
[09/05/22 15:33:11:4745652] [INFO   ]: Spooler requested update
[09/05/22 15:33:11:6875610] [DEBUG  ]: Recieving packet from Spooler of len 2
[09/05/22 15:33:11:6882529] [INFO   ]: Spooler requested update
[09/05/22 15:33:11:9117310] [DEBUG  ]: Recieving packet from Spooler of len 2
[09/05/22 15:33:11:9124269] [INFO   ]: Spooler requested update
[09/05/22 15:33:12:1414856] [DEBUG  ]: Recieving packet from Spooler of len 2
[09/05/22 15:33:12:1422270] [INFO   ]: Spooler requested update
[09/05/22 15:33:12:3542939] [DEBUG  ]: Recieving packet from Spooler of len 2
[09/05/22 15:33:12:3577324] [INFO   ]: Spooler requested update
[09/05/22 15:33:12:5709502] [DEBUG  ]: Recieving packet from Spooler of len 2
[09/05/22 15:33:12:5746653] [INFO   ]: Spooler requested update
[09/05/22 15:33:12:7919542] [DEBUG  ]: Recieving packet from Spooler of len 2
[09/05/22 15:33:12:7927014] [INFO   ]: Spooler requested update
[09/05/22 15:33:13:0127115] [DEBUG  ]: Recieving packet from Spooler of len 2
[09/05/22 15:33:13:0134493] [INFO   ]: Spooler requested update
[09/05/22 15:33:13:2417780] [DEBUG  ]: Recieving packet from Spooler of len 2
[09/05/22 15:33:13:2425106] [INFO   ]: Spooler requested update
[09/05/22 15:33:13:4532345] [DEBUG  ]: Recieving packet from Spooler of len 2
[09/05/22 15:33:13:4572223] [INFO   ]: Spooler requested update
[09/05/22 15:33:13:6747343] [DEBUG  ]: Recieving packet from Spooler of len 2
[09/05/22 15:33:13:6754470] [INFO   ]: Spooler requested update
[09/05/22 15:33:13:8871952] [DEBUG  ]: Recieving packet from Spooler of len 2
[09/05/22 15:33:13:8909535] [INFO   ]: Spooler requested update
[09/05/22 15:33:14:1077841] [DEBUG  ]: Recieving packet from Spooler of len 2
[09/05/22 15:33:14:1084803] [INFO   ]: Spooler requested update
[09/05/22 15:33:14:3252845] [DEBUG  ]: Recieving packet from Spooler of len 2
[09/05/22 15:33:14:3260020] [INFO   ]: Spooler requested update
[09/05/22 15:33:14:5561698] [DEBUG  ]: Recieving packet from Spooler of len 2
[09/05/22 15:33:14:5574633] [INFO   ]: Spooler requested update
[09/05/22 15:33:14:7971995] [DEBUG  ]: Recieving packet from Spooler of len 2
[09/05/22 15:33:14:7979912] [INFO   ]: Spooler requested update
[09/05/22 15:33:15:0343612] [DEBUG  ]: Recieving packet from Spooler of len 2
[09/05/22 15:33:15:0356244] [INFO   ]: Spooler requested update
[09/05/22 15:33:15:2571751] [DEBUG  ]: Recieving packet from Spooler of