[09/05/22 15:32:52:1879258] [INFO   ]: Logging started
[09/05/22 15:32:52:1999416] [INFO   ]: Starting Spooler receive
[09/05/22 15:32:56:0751102] [DEBUG  ]: Recieving packet from Spooler of len 2
[09/05/22 15:32:56:0755202] [INFO   ]: Spooler requested update
[09/05/22 15:32:56:3164156] [DEBUG  ]: Recieving packet from Spooler of len 2
[09/05/22 15:32:56:3166343] [INFO   ]: Spooler requested update
[09/05/22 15:32:56:5004629] [DEBUG  ]: Recieving packet from Spooler of len 2
[09/05/22 15:32:56:5006937] [INFO   ]: Spooler requested update
[09/05/22 15:32:56:6699128] [DEBUG  ]: Recieving packet from Spooler of len 2
[09/05/22 15:32:56:6701231] [INFO   ]: Spooler requested update
[09/05/22 15:32:56:8403497] [DEBUG  ]: Recieving packet from Spooler of len 2
[09/05/22 15:32:56:8405725] [INFO   ]: Spooler requested update
[09/05/22 15:32:57:0103361] [DEBUG  ]: Recieving packet from Spooler of len 2
[09/05/22 15:32:57:0105585] [INFO   ]: Spooler requested update
[09/05/22 15:32:57:1790411] [DEBUG  ]: Recieving packet from Spooler of len 2
[09/05/22 15:32:57:1792772] [INFO   ]: Spooler requested update
[09/05/22 15:32:57:3502280] [DEBUG  ]: Recieving packet from Spooler of len 2
[09/05/22 15:32:57:3504748] [INFO   ]: Spooler requested update
[09/05/22 15:32:57:5209917] [DEBUG  ]: Recieving packet from Spooler of len 2
[09/05/22 15:32:57:5212086] [INFO   ]: Spooler requested update
[09/05/22 15:32:57:6902985] [DEBUG  ]: Recieving packet from Spooler of len 2
[09/05/22 15:32:57:6904990] [INFO   ]: Spooler requested update
[09/05/22 15:32:57:8671832] [DEBUG  ]: Recieving packet from Spooler of len 2
[09/05/22 15:32:57:8673952] [INFO   ]: Spooler requested update
[09/05/22 15:32:58:0543463] [DEBUG  ]: Recieving packet from Spooler of len 2
[09/05/22 15:32:58:0545529] [INFO   ]: Spooler requested update
[09/05/22 15:32:58:2409951] [DEBUG  ]: Recieving packet from Spooler of len 2
[09/05/22 15:32:58:2412357] [INFO   ]: Spooler requested update
[09/05/22 15:32:58:4420967] [DEBUG  ]: Recieving packet from Spooler of len 2
[09/05/22 15:32:58:4428478] [INFO   ]: Spooler requested update
[09/05/22 15:32:58:7000056] [DEBUG  ]: Recieving packet from Spooler of len 2
[09/05/22 15:32:58:7042372] [INFO   ]: Spooler requested update
[09/05/22 15:32:59:0055732] [DEBUG  ]: Recieving packet from Spooler of len 2
[09/05/22 15:32:59:0064747] [INFO   ]: Spooler requested update
[09/05/22 15:32:59:2232913] [DEBUG  ]: Recieving packet from Spooler of len 2
[09/05/22 15:32:59:2240017] [INFO   ]: Spooler requested update
[09/05/22 15:32:59:4978559] [DEBUG  ]: Recieving packet from Spooler of len 2
[09/05/22 15:32:59:4995202] [INFO   ]: Spooler requested update
[09/05/22 15:32:59:7801885] [DEBUG  ]: Recieving packet from Spooler of len 2
[09/05/22 15:32:59:7810617] [INFO   ]: Spooler requested update
[09/05/22 15:33:00:0139777] [DEBUG  ]: Recieving packet from Spooler of len 2
[09/05/22 15:33:00:0146971] [INFO   ]: Spooler requested update
[09/05/22 15:33:00:2281841] [DEBUG  ]: Recieving packet from Spooler of len 2
[09/05/22 15:33:00:2288693] [INFO   ]: Spooler requested update
[09/05/22 15:33:00:4461909] [DEBUG  ]: Recieving packet from Spooler of len 2
[09/05/22 15:33:00:4472762] [INFO   ]: Spooler requested update
[09/05/22 15:33:00:6643253] [DEBUG  ]: Recieving packet from Spooler of len 2
[09/05/22 15:33:00:6650239] [INFO   ]: Spooler requested update
[09/05/22 15:33:00:8979675] [DEBUG  ]: Recieving packet from Spooler of len 2
[09/05/22 15:33:00:8989881] [INFO   ]: Spooler requested update
[09/05/22 15:33:01:1298209] [DEBUG  ]: Recieving packet from Spooler of len 2
[09/05/22 15:33:01:1308646] [INFO   ]: Spooler requested update
[09/05/22 15:33:01:3796022] [DEBUG  ]: Recieving packet from Spooler of len 2
[09/05/22 15:33:01:3804094] [INFO   ]: Spooler requested update
[09/05/22 15:33:01:6103498] [DEBUG  ]: Recieving packet from Spooler of len 2
[09/05/22 15:33:01:6112730] [INFO   ]: Spooler requested update
[09/05/22 15:33:01:8404164] [DEBUG  ]: Recieving packet from Spooler of len 2
[09/05/22 15:33:01:8411199] [INFO   ]: Spooler requested update
[09/05/22 15:33:02:0584810] [DEBUG  ]: Recieving packet from Spooler of len 2
[09/05/22 15:33:02:0592271] [INFO   ]: Spooler requested update
[09/05/22 15:33:02:2993847] [DEBUG  ]: Recieving packet from Spooler of len 2
[09/05/22 15:33:02:3003397] [INFO   ]: Spooler requested update
[09/05/22 15:33:02:5434454] [DEBUG  ]: Recieving packet from Spooler of len 2
[09/05/22 15:33:02:5486624] [INFO   ]: Spooler requested update
[09/05/22 15:33:02:7712595] [DEBUG  ]: Recieving packet from Spooler of len 2
[09/05/22 15:33:02:7719610] [INFO   ]: Spooler requested update
[09/05/22 15:33:03:0047770] [DEBUG  ]: Recieving packet from Spooler of len 2
[09/05/22 15:33:03:0054978] [INFO   ]: Spooler requested update
[09/05/22 15:33:03:2351291] [DEBUG  ]: Recieving packet from Spooler of len 2
[09/05/22 15:33:03:2358539] [INFO   ]: Spooler requested update
[09/05/22 15:33:03:4721661] [DEBUG  ]: Recieving packet from Spooler of len 2
[09/05/22 15:33:03:4730027] [INFO   ]: Spooler requested update
[09/05/22 15:33:03:7055207] [DEBUG  ]: Recieving packet from Spooler of len 2
[09/05/22 15:33:03:7114837] [INFO   ]: Spooler requested update
[09/05/22 15:33:03:9459932] [DEBUG  ]: Recieving packet from Spooler of len 2
[09/05/22 15:33:03:9471499] [INFO   ]: Spooler requested update
[09/05/22 15:33:04:1953616] [DEBUG  ]: Recieving packet from Spooler of len 2
[09/05/22 15:33:04:1961911] [INFO   ]: Spooler requested update
[09/05/22 15:33:04:4582752] [DEBUG  ]: Recieving packet from Spooler of len 2
[09/05/22 15:33:04:4594811] [INFO   ]: Spooler requested update
[09/05/22 15:33:04:7323875] [DEBUG  ]: Recieving packet from Spooler of len 2
[09/05/22 15:33:04:7331416] [INFO   ]: Spooler requested update
[09/05/22 15:33:05:0040106] [DEBUG  ]: Recieving packet from Spooler of len 2
[09/05/22 15:33:05:0047223] [INFO   ]: Spooler requested update
[09/05/22 15:33:05:2358079] [DEBUG  ]: Recieving packet from Spooler of len 2
[09/05/22 15:33:05:2365535] [INFO   ]: Spooler requested update
[09/05/22 15:33:05:4694342] [DEBUG  ]: Recieving packet from Spooler of len 2
[09/05/22 15:33:05:4701820] [INFO   ]: Spooler requested update
[09/05/22 15:33:05:7009422] [DEBUG  ]: Recieving packet from Spooler of len 2
[09/05/22 15:33:05:7017216] [INFO   ]: Spooler requested update
[09/05/22 15:33:05:9314485] [DEBUG  ]: Recieving packet from Spooler of len 2
[09/05/22 15:33:05:9321871] [INFO   ]: Spooler requested update
[09/05/22 15:33:06:1636722] [DEBUG  ]: Recieving packet from Spooler of len 2
[09/05/22 15:33:06:1643678] [INFO   ]: Spooler requested update
[09/05/22 15:33:06:3942921] [DEBUG  ]: Recieving packet from Spooler of len 2
[09/05/22 15:33:06:3954760] [INFO   ]: Spooler requested update
[09/05/22 15:33:06:6394641] [DEBUG  ]: Recieving packet from Spooler of len 2
[09/05/22 15:33:06:6401895] [INFO   ]: Spooler requested update
[09/05/22 15:33:06:8766680] [DEBUG  ]: Recieving packet from Spooler of len 2
[09/05/22 15:33:06:8774149] [INFO   ]: Spooler requested update
[09/05/22 15:33:07:1060054] [DEBUG  ]: Recieving packet from Spooler of len 2
[09/05/22 15:33:07:1067000] [INFO   ]: Spooler requested update
[09/05/22 15:33:07:3564708] [DEBUG  ]: Recieving packet from Spooler of len 2
[09/05/22 15:33:07:3576308] [INFO   ]: Spooler requested update
[09/05/22 15:33:07:5979617] [DEBUG  ]: Recieving packet from Spooler of len 2
[09/05/22 15:33:07:5988844] [INFO   ]: Spooler requested update
[09/05/22 15:33:07:8343533] [DEBUG  ]: Recieving packet from Spooler of len 2
[09/05/22 15:33:07:8351814] [INFO   ]: Spooler requested update
[09/05/22 15:33:08:0668788] [DEBUG  ]: Recieving packet from Spooler of len 2
[09/05/22 15:33:08:0675748] [INFO   ]: Spooler requested update
[09/05/22 15:33:08:3003891] [DEBUG  ]: Recieving packet from Spooler of len 2
[09/05/22 15:33:08:3011146] [INFO   ]: Spooler requested update
[09/05/22 15:33:08:5330791] [DEBUG  ]: Recieving packet from Spooler of len 2
[09/05/22 15:33:08:5361333] [INFO   ]: Spooler requested update
[09/05/22 15:33:08:7601876] [DEBUG  ]: Recieving packet from Spooler of len 2
[09/05/22 15:33:08:7612593] [INFO   ]: Spooler requested update
[09/05/22 15:33:08:9951700] [DEBUG  ]: Recieving packet from Spooler of len 2
[09/05/22 15:33:08:9960784] [INFO   ]: Spooler requested update
[09/05/22 15:33:09:2365602] [DEBUG  ]: Recieving packet from Spooler of len 2
[09/05/22 15:33:09:2373232] [INFO   ]: Spooler requested update
[09/05/22 15:33:09:5135953] [DEBUG  ]: Recieving packet from Spooler of len 2
[09/05/22 15:33:09:5142975] [INFO   ]: Spooler requested update
[09/05/22 15:33:09:7587417] [DEBUG  ]: Recieving packet from Spooler of len 2
[09/05/22 15:33:09:7602213] [INFO   ]: Spooler requested update
[09/05/22 15:33:09:9840063] [DEBUG  ]: Recieving packet from Spooler of len 2
[09/05/22 15:33:09:9847288] [INFO   ]: Spooler requested update
[09/05/22 15:33:10:2131045] [DEBUG  ]: Recieving packet from Spooler of len 2
[09/05/22 15:33:10:2141302] [INFO   ]: Spooler requested update
[09/05/22 15:33:10:4474335] [DEBUG  ]: Recieving packet from Spooler of len 2
[09/05/22 15:33:10:4481298] [INFO   ]: Spooler requested update
[09/05/22 15:33:10:6802862] [DEBUG  ]: Recieving packet from Spooler of len 2
[09/05/22 15:33:10:6813200] [INFO   ]: Spooler requested update
[09/05/22 15:33:10:9188412] [DEBUG  ]: Recieving packet from Spooler of len 2
[09/05/22 15:33:10:9195822] [INFO   ]: Spooler requested update
[09/05/22 15:33:11:1608550] [DEBUG  ]: Recieving packet from Spooler of len 2
[09/05/22 15:33:11:1619161] [INFO   ]: Spooler requested update
[09/05/22 15:33:11:4350413] [DEBUG  ]: Recieving packet from Spooler of len 2
[09/05/22 15:33:11:4357551] [INFO   ]: Spooler requested update
[09/05/22 15:33:11:6509117] [DEBUG  ]: Recieving packet from Spooler of len 2
[09/05/22 15:33:11:6517534] [INFO   ]: Spooler requested update
[09/05/22 15:33:11:8694144] [DEBUG  ]: Recieving packet from Spooler of len 2
[09/05/22 15:33:11:8701074] [INFO   ]: Spooler requested update
[09/05/22 15:33:12:1007649] [DEBUG  ]: Recieving packet from Spooler of len 2
[09/05/22 15:33:12:1014696] [INFO   ]: Spooler requested update
[09/05/22 15:33:12:3170386] [DEBUG  ]: Recieving packet from Spooler of len 2
[09/05/22 15:33:12:3177525] [INFO   ]: Spooler requested update
[09/05/22 15:33:12:5338018] [DEBUG  ]: Recieving packet from Spooler of len 2
[09/05/22 15:33:12:5345131] [INFO   ]: Spooler requested update
[09/05/22 15:33:12:7513487] [DEBUG  ]: Recieving packet from Spooler of len 2
[09/05/22 15:33:12:7520453] [INFO   ]: Spooler requested update
[09/05/22 15:33:12:9678776] [DEBUG  ]: Recieving packet from Spooler of len 2
[09/05/22 15:33:12:9685870] [INFO   ]: Spooler requested update
[09/05/22 15:33:13:2008382] [DEBUG  ]: Recieving packet from Spooler of len 2
[09/05/22 15:33:13:2015675] [INFO   ]: Spooler requested update
[09/05/22 15:33:13:4158790] [DEBUG  ]: Recieving packet from Spooler of len 2
[09/05/22 15:33:13:4169402] [INFO   ]: Spooler requested update
[09/05/22 15:33:13:6342421] [DEBUG  ]: Recieving packet from Spooler of len 2
[09/05/22 15:33:13:6349239] [INFO   ]: Spooler requested update
[09/05/22 15:33:13:8509497] [DEBUG  ]: Recieving packet from Spooler of len 2
[09/05/22 15:33:13:8517524] [INFO   ]: Spooler requested update
[09/05/22 15:33:14:0679410] [DEBUG  ]: Recieving packet from Spooler of len 2
[09/05/22 15:33:14:0686576] [INFO   ]: Spooler requested update
[09/05/22 15:33:14:2852294] [DEBUG  ]: Recieving packet from Spooler of len 2
[09/05/22 15:33:14:2859916] [INFO   ]: Spooler requested update
[09/05/22 15:33:14:5093024] [DEBUG  ]: Recieving packet from Spooler of len 2
[09/05/22 15:33:14:5100396] [INFO   ]: Spooler requested update
[09/05/22 15:33:14:7501528] [DEBUG  ]: Recieving packet from Spooler of len 2
[09/05/22 15:33:14:7513884] [INFO   ]: Spooler requested update
[09/05/22 15:33:14:9844312] [DEBUG  ]: Recieving packet from Spooler of len 2
[09/05/22 15:33:14:9853504] [INFO   ]: Spooler requested update
[09/05/22 15:33:15:2152980] [DEBUG  ]: Recieving packet from Spooler of