[09/05/22 15:32:51:5455379] [INFO   ]: Logging started
[09/05/22 15:32:51:5577402] [INFO   ]: Starting Spooler receive
[09/05/22 15:32:56:0618649] [DEBUG  ]: Recieving packet from Spooler of len 2
[09/05/22 15:32:56:0622103] [INFO   ]: Spooler requested update
[09/05/22 15:32:56:3136853] [DEBUG  ]: Recieving packet from Spooler of len 2
[09/05/22 15:32:56:3139093] [INFO   ]: Spooler requested update
[09/05/22 15:32:56:4977225] [DEBUG  ]: Recieving packet from Spooler of len 2
[09/05/22 15:32:56:4980027] [INFO   ]: Spooler requested update
[09/05/22 15:32:56:6677083] [DEBUG  ]: Recieving packet from Spooler of len 2
[09/05/22 15:32:56:6679184] [INFO   ]: Spooler requested update
[09/05/22 15:32:56:8380599] [DEBUG  ]: Recieving packet from Spooler of len 2
[09/05/22 15:32:56:8382945] [INFO   ]: Spooler requested update
[09/05/22 15:32:57:0080579] [DEBUG  ]: Recieving packet from Spooler of len 2
[09/05/22 15:32:57:0082689] [INFO   ]: Spooler requested update
[09/05/22 15:32:57:1766821] [DEBUG  ]: Recieving packet from Spooler of len 2
[09/05/22 15:32:57:1768907] [INFO   ]: Spooler requested update
[09/05/22 15:32:57:3479322] [DEBUG  ]: Recieving packet from Spooler of len 2
[09/05/22 15:32:57:3481612] [INFO   ]: Spooler requested update
[09/05/22 15:32:57:5187438] [DEBUG  ]: Recieving packet from Spooler of len 2
[09/05/22 15:32:57:5189708] [INFO   ]: Spooler requested update
[09/05/22 15:32:57:6881220] [DEBUG  ]: Recieving packet from Spooler of len 2
[09/05/22 15:32:57:6883474] [INFO   ]: Spooler requested update
[09/05/22 15:32:57:8646446] [DEBUG  ]: Recieving packet from Spooler of len 2
[09/05/22 15:32:57:8649346] [INFO   ]: Spooler requested update
[09/05/22 15:32:58:0519819] [DEBUG  ]: Recieving packet from Spooler of len 2
[09/05/22 15:32:58:0522307] [INFO   ]: Spooler requested update
[09/05/22 15:32:58:2385248] [DEBUG  ]: Recieving packet from Spooler of len 2
[09/05/22 15:32:58:2388197] [INFO   ]: Spooler requested update
[09/05/22 15:32:58:4314996] [DEBUG  ]: Recieving packet from Spooler of len 2
[09/05/22 15:32:58:4322585] [INFO   ]: Spooler requested update
[09/05/22 15:32:58:6679266] [DEBUG  ]: Recieving packet from Spooler of len 2
[09/05/22 15:32:58:6707962] [INFO   ]: Spooler requested update
[09/05/22 15:32:58:9985160] [DEBUG  ]: Recieving packet from Spooler of len 2
[09/05/22 15:32:58:9992579] [INFO   ]: Spooler requested update
[09/05/22 15:32:59:2163440] [DEBUG  ]: Recieving packet from Spooler of len 2
[09/05/22 15:32:59:2170444] [INFO   ]: Spooler requested update
[09/05/22 15:32:59:4530209] [DEBUG  ]: Recieving packet from Spooler of len 2
[09/05/22 15:32:59:4539009] [INFO   ]: Spooler requested update
[09/05/22 15:32:59:7689993] [DEBUG  ]: Recieving packet from Spooler of len 2
[09/05/22 15:32:59:7698344] [INFO   ]: Spooler requested update
[09/05/22 15:33:00:0060061] [DEBUG  ]: Recieving packet from Spooler of len 2
[09/05/22 15:33:00:0068815] [INFO   ]: Spooler requested update
[09/05/22 15:33:00:2213575] [DEBUG  ]: Recieving packet from Spooler of len 2
[09/05/22 15:33:00:2220523] [INFO   ]: Spooler requested update
[09/05/22 15:33:00:4390999] [DEBUG  ]: Recieving packet from Spooler of len 2
[09/05/22 15:33:00:4398194] [INFO   ]: Spooler requested update
[09/05/22 15:33:00:6558250] [DEBUG  ]: Recieving packet from Spooler of len 2
[09/05/22 15:33:00:6565146] [INFO   ]: Spooler requested update
[09/05/22 15:33:00:8890474] [DEBUG  ]: Recieving packet from Spooler of len 2
[09/05/22 15:33:00:8900101] [INFO   ]: Spooler requested update
[09/05/22 15:33:01:1206393] [DEBUG  ]: Recieving packet from Spooler of len 2
[09/05/22 15:33:01:1213342] [INFO   ]: Spooler requested update
[09/05/22 15:33:01:3725173] [DEBUG  ]: Recieving packet from Spooler of len 2
[09/05/22 15:33:01:3732875] [INFO   ]: Spooler requested update
[09/05/22 15:33:01:6031388] [DEBUG  ]: Recieving packet from Spooler of len 2
[09/05/22 15:33:01:6038577] [INFO   ]: Spooler requested update
[09/05/22 15:33:01:8330524] [DEBUG  ]: Recieving packet from Spooler of len 2
[09/05/22 15:33:01:8337808] [INFO   ]: Spooler requested update
[09/05/22 15:33:02:0512644] [DEBUG  ]: Recieving packet from Spooler of len 2
[09/05/22 15:33:02:0520082] [INFO   ]: Spooler requested update
[09/05/22 15:33:02:2866368] [DEBUG  ]: Recieving packet from Spooler of len 2
[09/05/22 15:33:02:2877985] [INFO   ]: Spooler requested update
[09/05/22 15:33:02:5343917] [DEBUG  ]: Recieving packet from Spooler of len 2
[09/05/22 15:33:02:5352569] [INFO   ]: Spooler requested update
[09/05/22 15:33:02:7637874] [DEBUG  ]: Recieving packet from Spooler of len 2
[09/05/22 15:33:02:7645235] [INFO   ]: Spooler requested update
[09/05/22 15:33:02:9976969] [DEBUG  ]: Recieving packet from Spooler of len 2
[09/05/22 15:33:02:9984069] [INFO   ]: Spooler requested update
[09/05/22 15:33:03:2281217] [DEBUG  ]: Recieving packet from Spooler of len 2
[09/05/22 15:33:03:2288353] [INFO   ]: Spooler requested update
[09/05/22 15:33:03:4634786] [DEBUG  ]: Recieving packet from Spooler of len 2
[09/05/22 15:33:03:4641860] [INFO   ]: Spooler requested update
[09/05/22 15:33:03:6981585] [DEBUG  ]: Recieving packet from Spooler of len 2
[09/05/22 15:33:03:6989675] [INFO   ]: Spooler requested update
[09/05/22 15:33:03:9345519] [DEBUG  ]: Recieving packet from Spooler of len 2
[09/05/22 15:33:03:9356045] [INFO   ]: Spooler requested update
[09/05/22 15:33:04:1822342] [DEBUG  ]: Recieving packet from Spooler of len 2
[09/05/22 15:33:04:1834623] [INFO   ]: Spooler requested update
[09/05/22 15:33:04:4454224] [DEBUG  ]: Recieving packet from Spooler of len 2
[09/05/22 15:33:04:4461734] [INFO   ]: Spooler requested update
[09/05/22 15:33:04:7041726] [DEBUG  ]: Recieving packet from Spooler of len 2
[09/05/22 15:33:04:7048827] [INFO   ]: Spooler requested update
[09/05/22 15:33:04:9952517] [DEBUG  ]: Recieving packet from Spooler of len 2
[09/05/22 15:33:04:9960067] [INFO   ]: Spooler requested update
[09/05/22 15:33:05:2285305] [DEBUG  ]: Recieving packet from Spooler of len 2
[09/05/22 15:33:05:2292336] [INFO   ]: Spooler requested update
[09/05/22 15:33:05:4606436] [DEBUG  ]: Recieving packet from Spooler of len 2
[09/05/22 15:33:05:4614112] [INFO   ]: Spooler requested update
[09/05/22 15:33:05:6921300] [DEBUG  ]: Recieving packet from Spooler of len 2
[09/05/22 15:33:05:6929222] [INFO   ]: Spooler requested update
[09/05/22 15:33:05:9236569] [DEBUG  ]: Recieving packet from Spooler of len 2
[09/05/22 15:33:05:9243771] [INFO   ]: Spooler requested update
[09/05/22 15:33:06:1564428] [DEBUG  ]: Recieving packet from Spooler of len 2
[09/05/22 15:33:06:1571438] [INFO   ]: Spooler requested update
[09/05/22 15:33:06:3876010] [DEBUG  ]: Recieving packet from Spooler of len 2
[09/05/22 15:33:06:3882970] [INFO   ]: Spooler requested update
[09/05/22 15:33:06:6275192] [DEBUG  ]: Recieving packet from Spooler of len 2
[09/05/22 15:33:06:6282453] [INFO   ]: Spooler requested update
[09/05/22 15:33:06:8689609] [DEBUG  ]: Recieving packet from Spooler of len 2
[09/05/22 15:33:06:8696625] [INFO   ]: Spooler requested update
[09/05/22 15:33:07:0989070] [DEBUG  ]: Recieving packet from Spooler of len 2
[09/05/22 15:33:07:0996459] [INFO   ]: Spooler requested update
[09/05/22 15:33:07:3486748] [DEBUG  ]: Recieving packet from Spooler of len 2
[09/05/22 15:33:07:3496611] [INFO   ]: Spooler requested update
[09/05/22 15:33:07:5874365] [DEBUG  ]: Recieving packet from Spooler of len 2
[09/05/22 15:33:07:5881326] [INFO   ]: Spooler requested update
[09/05/22 15:33:07:8277332] [DEBUG  ]: Recieving packet from Spooler of len 2
[09/05/22 15:33:07:8284364] [INFO   ]: Spooler requested update
[09/05/22 15:33:08:0594437] [DEBUG  ]: Recieving packet from Spooler of len 2
[09/05/22 15:33:08:0601741] [INFO   ]: Spooler requested update
[09/05/22 15:33:08:2927368] [DEBUG  ]: Recieving packet from Spooler of len 2
[09/05/22 15:33:08:2937609] [INFO   ]: Spooler requested update
[09/05/22 15:33:08:5255476] [DEBUG  ]: Recieving packet from Spooler of len 2
[09/05/22 15:33:08:5263733] [INFO   ]: Spooler requested update
[09/05/22 15:33:08:7522446] [DEBUG  ]: Recieving packet from Spooler of len 2
[09/05/22 15:33:08:7530000] [INFO   ]: Spooler requested update
[09/05/22 15:33:08:9873980] [DEBUG  ]: Recieving packet from Spooler of len 2
[09/05/22 15:33:08:9881138] [INFO   ]: Spooler requested update
[09/05/22 15:33:09:2213824] [DEBUG  ]: Recieving packet from Spooler of len 2
[09/05/22 15:33:09:2221633] [INFO   ]: Spooler requested update
[09/05/22 15:33:09:5019467] [DEBUG  ]: Recieving packet from Spooler of len 2
[09/05/22 15:33:09:5030618] [INFO   ]: Spooler requested update
[09/05/22 15:33:09:7467398] [DEBUG  ]: Recieving packet from Spooler of len 2
[09/05/22 15:33:09:7474489] [INFO   ]: Spooler requested update
[09/05/22 15:33:09:9765323] [DEBUG  ]: Recieving packet from Spooler of len 2
[09/05/22 15:33:09:9773692] [INFO   ]: Spooler requested update
[09/05/22 15:33:10:2060818] [DEBUG  ]: Recieving packet from Spooler of len 2
[09/05/22 15:33:10:2068939] [INFO   ]: Spooler requested update
[09/05/22 15:33:10:4385328] [DEBUG  ]: Recieving packet from Spooler of len 2
[09/05/22 15:33:10:4392252] [INFO   ]: Spooler requested update
[09/05/22 15:33:10:6730843] [DEBUG  ]: Recieving packet from Spooler of len 2
[09/05/22 15:33:10:6738785] [INFO   ]: Spooler requested update
[09/05/22 15:33:10:9058201] [DEBUG  ]: Recieving packet from Spooler of len 2
[09/05/22 15:33:10:9065666] [INFO   ]: Spooler requested update
[09/05/22 15:33:11:1528182] [DEBUG  ]: Recieving packet from Spooler of len 2
[09/05/22 15:33:11:1535306] [INFO   ]: Spooler requested update
[09/05/22 15:33:11:4278592] [DEBUG  ]: Recieving packet from Spooler of len 2
[09/05/22 15:33:11:4285612] [INFO   ]: Spooler requested update
[09/05/22 15:33:11:6442343] [DEBUG  ]: Recieving packet from Spooler of len 2
[09/05/22 15:33:11:6449251] [INFO   ]: Spooler requested update
[09/05/22 15:33:11:8614238] [DEBUG  ]: Recieving packet from Spooler of len 2
[09/05/22 15:33:11:8621092] [INFO   ]: Spooler requested update
[09/05/22 15:33:12:0940727] [DEBUG  ]: Recieving packet from Spooler of len 2
[09/05/22 15:33:12:0948686] [INFO   ]: Spooler requested update
[09/05/22 15:33:12:3104109] [DEBUG  ]: Recieving packet from Spooler of len 2
[09/05/22 15:33:12:3110923] [INFO   ]: Spooler requested update
[09/05/22 15:33:12:5268966] [DEBUG  ]: Recieving packet from Spooler of len 2
[09/05/22 15:33:12:5276073] [INFO   ]: Spooler requested update
[09/05/22 15:33:12:7442872] [DEBUG  ]: Recieving packet from Spooler of len 2
[09/05/22 15:33:12:7450279] [INFO   ]: Spooler requested update
[09/05/22 15:33:12:9611170] [DEBUG  ]: Recieving packet from Spooler of len 2
[09/05/22 15:33:12:9618368] [INFO   ]: Spooler requested update
[09/05/22 15:33:13:1934768] [DEBUG  ]: Recieving packet from Spooler of len 2
[09/05/22 15:33:13:1941541] [INFO   ]: Spooler requested update
[09/05/22 15:33:13:4089594] [DEBUG  ]: Recieving packet from Spooler of len 2
[09/05/22 15:33:13:4096611] [INFO   ]: Spooler requested update
[09/05/22 15:33:13:6263595] [DEBUG  ]: Recieving packet from Spooler of len 2
[09/05/22 15:33:13:6270679] [INFO   ]: Spooler requested update
[09/05/22 15:33:13:8442540] [DEBUG  ]: Recieving packet from Spooler of len 2
[09/05/22 15:33:13:8449359] [INFO   ]: Spooler requested update
[09/05/22 15:33:14:0608219] [DEBUG  ]: Recieving packet from Spooler of len 2
[09/05/22 15:33:14:0615554] [INFO   ]: Spooler requested update
[09/05/22 15:33:14:2780160] [DEBUG  ]: Recieving packet from Spooler of len 2
[09/05/22 15:33:14:2787254] [INFO   ]: Spooler requested update
[09/05/22 15:33:14:4994608] [DEBUG  ]: Recieving packet from Spooler of len 2
[09/05/22 15:33:14:5001723] [INFO   ]: Spooler requested update
[09/05/22 15:33:14:7417616] [DEBUG  ]: Recieving packet from Spooler of len 2
[09/05/22 15:33:14:7433239] [INFO   ]: Spooler requested update
[09/05/22 15:33:14:9760122] [DEBUG  ]: Recieving packet from Spooler of len 2
[09/05/22 15:33:14:9775248] [INFO   ]: Spooler requested update
[09/05/22 15:33:15:2083920] [DEBUG  ]: Recieving packet from Spooler of