[09/05/22 15:32:51:3327964] [INFO   ]: Logging started
[09/05/22 15:32:51:3457755] [INFO   ]: Starting Spooler receive
[09/05/22 15:32:56:0575763] [DEBUG  ]: Recieving packet from Spooler of len 2
[09/05/22 15:32:56:0579387] [INFO   ]: Spooler requested update
[09/05/22 15:32:56:3127315] [DEBUG  ]: Recieving packet from Spooler of len 2
[09/05/22 15:32:56:3130011] [INFO   ]: Spooler requested update
[09/05/22 15:32:56:4968452] [DEBUG  ]: Recieving packet from Spooler of len 2
[09/05/22 15:32:56:4970907] [INFO   ]: Spooler requested update
[09/05/22 15:32:56:6669596] [DEBUG  ]: Recieving packet from Spooler of len 2
[09/05/22 15:32:56:6671810] [INFO   ]: Spooler requested update
[09/05/22 15:32:56:8373108] [DEBUG  ]: Recieving packet from Spooler of len 2
[09/05/22 15:32:56:8375299] [INFO   ]: Spooler requested update
[09/05/22 15:32:57:0072739] [DEBUG  ]: Recieving packet from Spooler of len 2
[09/05/22 15:32:57:0075133] [INFO   ]: Spooler requested update
[09/05/22 15:32:57:1759389] [DEBUG  ]: Recieving packet from Spooler of len 2
[09/05/22 15:32:57:1761634] [INFO   ]: Spooler requested update
[09/05/22 15:32:57:3472276] [DEBUG  ]: Recieving packet from Spooler of len 2
[09/05/22 15:32:57:3474385] [INFO   ]: Spooler requested update
[09/05/22 15:32:57:5180104] [DEBUG  ]: Recieving packet from Spooler of len 2
[09/05/22 15:32:57:5182244] [INFO   ]: Spooler requested update
[09/05/22 15:32:57:6874495] [DEBUG  ]: Recieving packet from Spooler of len 2
[09/05/22 15:32:57:6876313] [INFO   ]: Spooler requested update
[09/05/22 15:32:57:8639272] [DEBUG  ]: Recieving packet from Spooler of len 2
[09/05/22 15:32:57:8641343] [INFO   ]: Spooler requested update
[09/05/22 15:32:58:0511598] [DEBUG  ]: Recieving packet from Spooler of len 2
[09/05/22 15:32:58:0514230] [INFO   ]: Spooler requested update
[09/05/22 15:32:58:2377317] [DEBUG  ]: Recieving packet from Spooler of len 2
[09/05/22 15:32:58:2379749] [INFO   ]: Spooler requested update
[09/05/22 15:32:58:4287934] [DEBUG  ]: Recieving packet from Spooler of len 2
[09/05/22 15:32:58:4295259] [INFO   ]: Spooler requested update
[09/05/22 15:32:58:6646411] [DEBUG  ]: Recieving packet from Spooler of len 2
[09/05/22 15:32:58:6656780] [INFO   ]: Spooler requested update
[09/05/22 15:32:58:9949060] [DEBUG  ]: Recieving packet from Spooler of len 2
[09/05/22 15:32:58:9956042] [INFO   ]: Spooler requested update
[09/05/22 15:32:59:2141108] [DEBUG  ]: Recieving packet from Spooler of len 2
[09/05/22 15:32:59:2148047] [INFO   ]: Spooler requested update
[09/05/22 15:32:59:4499540] [DEBUG  ]: Recieving packet from Spooler of len 2
[09/05/22 15:32:59:4511515] [INFO   ]: Spooler requested update
[09/05/22 15:32:59:7660281] [DEBUG  ]: Recieving packet from Spooler of len 2
[09/05/22 15:32:59:7671043] [INFO   ]: Spooler requested update
[09/05/22 15:33:00:0026825] [DEBUG  ]: Recieving packet from Spooler of len 2
[09/05/22 15:33:00:0041795] [INFO   ]: Spooler requested update
[09/05/22 15:33:00:2182196] [DEBUG  ]: Recieving packet from Spooler of len 2
[09/05/22 15:33:00:2191132] [INFO   ]: Spooler requested update
[09/05/22 15:33:00:4358435] [DEBUG  ]: Recieving packet from Spooler of len 2
[09/05/22 15:33:00:4373347] [INFO   ]: Spooler requested update
[09/05/22 15:33:00:6527474] [DEBUG  ]: Recieving packet from Spooler of len 2
[09/05/22 15:33:00:6542557] [INFO   ]: Spooler requested update
[09/05/22 15:33:00:8842331] [DEBUG  ]: Recieving packet from Spooler of len 2
[09/05/22 15:33:00:8851828] [INFO   ]: Spooler requested update
[09/05/22 15:33:01:1175039] [DEBUG  ]: Recieving packet from Spooler of len 2
[09/05/22 15:33:01:1189194] [INFO   ]: Spooler requested update
[09/05/22 15:33:01:3700092] [DEBUG  ]: Recieving packet from Spooler of len 2
[09/05/22 15:33:01:3708366] [INFO   ]: Spooler requested update
[09/05/22 15:33:01:6008779] [DEBUG  ]: Recieving packet from Spooler of len 2
[09/05/22 15:33:01:6015758] [INFO   ]: Spooler requested update
[09/05/22 15:33:01:8302636] [DEBUG  ]: Recieving packet from Spooler of len 2
[09/05/22 15:33:01:8314494] [INFO   ]: Spooler requested update
[09/05/22 15:33:02:0488746] [DEBUG  ]: Recieving packet from Spooler of len 2
[09/05/22 15:33:02:0496541] [INFO   ]: Spooler requested update
[09/05/22 15:33:02:2834933] [DEBUG  ]: Recieving packet from Spooler of len 2
[09/05/22 15:33:02:2844846] [INFO   ]: Spooler requested update
[09/05/22 15:33:02:5314022] [DEBUG  ]: Recieving packet from Spooler of len 2
[09/05/22 15:33:02:5323811] [INFO   ]: Spooler requested update
[09/05/22 15:33:02:7604474] [DEBUG  ]: Recieving packet from Spooler of len 2
[09/05/22 15:33:02:7618833] [INFO   ]: Spooler requested update
[09/05/22 15:33:02:9946277] [DEBUG  ]: Recieving packet from Spooler of len 2
[09/05/22 15:33:02:9953739] [INFO   ]: Spooler requested update
[09/05/22 15:33:03:2251027] [DEBUG  ]: Recieving packet from Spooler of len 2
[09/05/22 15:33:03:2265693] [INFO   ]: Spooler requested update
[09/05/22 15:33:03:4611052] [DEBUG  ]: Recieving packet from Spooler of len 2
[09/05/22 15:33:03:4619778] [INFO   ]: Spooler requested update
[09/05/22 15:33:03:6948850] [DEBUG  ]: Recieving packet from Spooler of len 2
[09/05/22 15:33:03:6956563] [INFO   ]: Spooler requested update
[09/05/22 15:33:03:9312073] [DEBUG  ]: Recieving packet from Spooler of len 2
[09/05/22 15:33:03:9325395] [INFO   ]: Spooler requested update
[09/05/22 15:33:04:1787149] [DEBUG  ]: Recieving packet from Spooler of len 2
[09/05/22 15:33:04:1796685] [INFO   ]: Spooler requested update
[09/05/22 15:33:04:4423272] [DEBUG  ]: Recieving packet from Spooler of len 2
[09/05/22 15:33:04:4434487] [INFO   ]: Spooler requested update
[09/05/22 15:33:04:7018300] [DEBUG  ]: Recieving packet from Spooler of len 2
[09/05/22 15:33:04:7026347] [INFO   ]: Spooler requested update
[09/05/22 15:33:04:9920408] [DEBUG  ]: Recieving packet from Spooler of len 2
[09/05/22 15:33:04:9935148] [INFO   ]: Spooler requested update
[09/05/22 15:33:05:2247768] [DEBUG  ]: Recieving packet from Spooler of len 2
[09/05/22 15:33:05:2269785] [INFO   ]: Spooler requested update
[09/05/22 15:33:05:4583282] [DEBUG  ]: Recieving packet from Spooler of len 2
[09/05/22 15:33:05:4590438] [INFO   ]: Spooler requested update
[09/05/22 15:33:05:6890887] [DEBUG  ]: Recieving packet from Spooler of len 2
[09/05/22 15:33:05:6905599] [INFO   ]: Spooler requested update
[09/05/22 15:33:05:9208244] [DEBUG  ]: Recieving packet from Spooler of len 2
[09/05/22 15:33:05:9221675] [INFO   ]: Spooler requested update
[09/05/22 15:33:06:1540515] [DEBUG  ]: Recieving packet from Spooler of len 2
[09/05/22 15:33:06:1548138] [INFO   ]: Spooler requested update
[09/05/22 15:33:06:3843560] [DEBUG  ]: Recieving packet from Spooler of len 2
[09/05/22 15:33:06:3855803] [INFO   ]: Spooler requested update
[09/05/22 15:33:06:6240906] [DEBUG  ]: Recieving packet from Spooler of len 2
[09/05/22 15:33:06:6254004] [INFO   ]: Spooler requested update
[09/05/22 15:33:06:8662036] [DEBUG  ]: Recieving packet from Spooler of len 2
[09/05/22 15:33:06:8674157] [INFO   ]: Spooler requested update
[09/05/22 15:33:07:0960205] [DEBUG  ]: Recieving packet from Spooler of len 2
[09/05/22 15:33:07:0973637] [INFO   ]: Spooler requested update
[09/05/22 15:33:07:3455260] [DEBUG  ]: Recieving packet from Spooler of len 2
[09/05/22 15:33:07:3462287] [INFO   ]: Spooler requested update
[09/05/22 15:33:07:5836303] [DEBUG  ]: Recieving packet from Spooler of len 2
[09/05/22 15:33:07:5844224] [INFO   ]: Spooler requested update
[09/05/22 15:33:07:8252519] [DEBUG  ]: Recieving packet from Spooler of len 2
[09/05/22 15:33:07:8261889] [INFO   ]: Spooler requested update
[09/05/22 15:33:08:0566505] [DEBUG  ]: Recieving packet from Spooler of len 2
[09/05/22 15:33:08:0574048] [INFO   ]: Spooler requested update
[09/05/22 15:33:08:2900467] [DEBUG  ]: Recieving packet from Spooler of len 2
[09/05/22 15:33:08:2907973] [INFO   ]: Spooler requested update
[09/05/22 15:33:08:5219766] [DEBUG  ]: Recieving packet from Spooler of len 2
[09/05/22 15:33:08:5231691] [INFO   ]: Spooler requested update
[09/05/22 15:33:08:7491808] [DEBUG  ]: Recieving packet from Spooler of len 2
[09/05/22 15:33:08:7507062] [INFO   ]: Spooler requested update
[09/05/22 15:33:08:9847468] [DEBUG  ]: Recieving packet from Spooler of len 2
[09/05/22 15:33:08:9854965] [INFO   ]: Spooler requested update
[09/05/22 15:33:09:2186182] [DEBUG  ]: Recieving packet from Spooler of len 2
[09/05/22 15:33:09:2193613] [INFO   ]: Spooler requested update
[09/05/22 15:33:09:4993939] [DEBUG  ]: Recieving packet from Spooler of len 2
[09/05/22 15:33:09:5001357] [INFO   ]: Spooler requested update
[09/05/22 15:33:09:7443524] [DEBUG  ]: Recieving packet from Spooler of len 2
[09/05/22 15:33:09:7450984] [INFO   ]: Spooler requested update
[09/05/22 15:33:09:9712875] [DEBUG  ]: Recieving packet from Spooler of len 2
[09/05/22 15:33:09:9720727] [INFO   ]: Spooler requested update
[09/05/22 15:33:10:2029677] [DEBUG  ]: Recieving packet from Spooler of len 2
[09/05/22 15:33:10:2036541] [INFO   ]: Spooler requested update
[09/05/22 15:33:10:4362134] [DEBUG  ]: Recieving packet from Spooler of len 2
[09/05/22 15:33:10:4370254] [INFO   ]: Spooler requested update
[09/05/22 15:33:10:6708076] [DEBUG  ]: Recieving packet from Spooler of len 2
[09/05/22 15:33:10:6715116] [INFO   ]: Spooler requested update
[09/05/22 15:33:10:9030873] [DEBUG  ]: Recieving packet from Spooler of len 2
[09/05/22 15:33:10:9038088] [INFO   ]: Spooler requested update
[09/05/22 15:33:11:1498923] [DEBUG  ]: Recieving packet from Spooler of len 2
[09/05/22 15:33:11:1511254] [INFO   ]: Spooler requested update
[09/05/22 15:33:11:4255947] [DEBUG  ]: Recieving packet from Spooler of len 2
[09/05/22 15:33:11:4263157] [INFO   ]: Spooler requested update
[09/05/22 15:33:11:6414605] [DEBUG  ]: Recieving packet from Spooler of len 2
[09/05/22 15:33:11:6427142] [INFO   ]: Spooler requested update
[09/05/22 15:33:11:8582887] [DEBUG  ]: Recieving packet from Spooler of len 2
[09/05/22 15:33:11:8590366] [INFO   ]: Spooler requested update
[09/05/22 15:33:12:0912453] [DEBUG  ]: Recieving packet from Spooler of len 2
[09/05/22 15:33:12:0924979] [INFO   ]: Spooler requested update
[09/05/22 15:33:12:3072246] [DEBUG  ]: Recieving packet from Spooler of len 2
[09/05/22 15:33:12:3079918] [INFO   ]: Spooler requested update
[09/05/22 15:33:12:5241957] [DEBUG  ]: Recieving packet from Spooler of len 2
[09/05/22 15:33:12:5253979] [INFO   ]: Spooler requested update
[09/05/22 15:33:12:7420144] [DEBUG  ]: Recieving packet from Spooler of len 2
[09/05/22 15:33:12:7427687] [INFO   ]: Spooler requested update
[09/05/22 15:33:12:9584254] [DEBUG  ]: Recieving packet from Spooler of len 2
[09/05/22 15:33:12:9591524] [INFO   ]: Spooler requested update
[09/05/22 15:33:13:1911565] [DEBUG  ]: Recieving packet from Spooler of len 2
[09/05/22 15:33:13:1918991] [INFO   ]: Spooler requested update
[09/05/22 15:33:13:4062751] [DEBUG  ]: Recieving packet from Spooler of len 2
[09/05/22 15:33:13:4070523] [INFO   ]: Spooler requested update
[09/05/22 15:33:13:6231904] [DEBUG  ]: Recieving packet from Spooler of len 2
[09/05/22 15:33:13:6239919] [INFO   ]: Spooler requested update
[09/05/22 15:33:13:8409790] [DEBUG  ]: Recieving packet from Spooler of len 2
[09/05/22 15:33:13:8423880] [INFO   ]: Spooler requested update
[09/05/22 15:33:14:0583402] [DEBUG  ]: Recieving packet from Spooler of len 2
[09/05/22 15:33:14:0590789] [INFO   ]: Spooler requested update
[09/05/22 15:33:14:2757124] [DEBUG  ]: Recieving packet from Spooler of len 2
[09/05/22 15:33:14:2764152] [INFO   ]: Spooler requested update
[09/05/22 15:33:14:4972416] [DEBUG  ]: Recieving packet from Spooler of len 2
[09/05/22 15:33:14:4979393] [INFO   ]: Spooler requested update
[09/05/22 15:33:14:7380259] [DEBUG  ]: Recieving packet from Spooler of len 2
[09/05/22 15:33:14:7398344] [INFO   ]: Spooler requested update
[09/05/22 15:33:14:9727478] [DEBUG  ]: Recieving packet from Spooler of len 2
[09/05/22 15:33:14:9741571] [INFO   ]: Spooler requested update
[09/05/22 15:33:15:2061522] [DEBUG  ]: Recieving packet from Spooler of