[09/05/22 15:32:53:0552464] [INFO   ]: Logging started
[09/05/22 15:32:53:0676454] [INFO   ]: Starting Spooler receive
[09/05/22 15:32:56:0937029] [DEBUG  ]: Recieving packet from Spooler of len 2
[09/05/22 15:32:56:0940755] [INFO   ]: Spooler requested update
[09/05/22 15:32:56:3207584] [DEBUG  ]: Recieving packet from Spooler of len 2
[09/05/22 15:32:56:3209722] [INFO   ]: Spooler requested update
[09/05/22 15:32:56:5042915] [DEBUG  ]: Recieving packet from Spooler of len 2
[09/05/22 15:32:56:5045540] [INFO   ]: Spooler requested update
[09/05/22 15:32:56:6730628] [DEBUG  ]: Recieving packet from Spooler of len 2
[09/05/22 15:32:56:6732659] [INFO   ]: Spooler requested update
[09/05/22 15:32:56:8438157] [DEBUG  ]: Recieving packet from Spooler of len 2
[09/05/22 15:32:56:8441143] [INFO   ]: Spooler requested update
[09/05/22 15:32:57:0135178] [DEBUG  ]: Recieving packet from Spooler of len 2
[09/05/22 15:32:57:0137720] [INFO   ]: Spooler requested update
[09/05/22 15:32:57:1819165] [DEBUG  ]: Recieving packet from Spooler of len 2
[09/05/22 15:32:57:1821399] [INFO   ]: Spooler requested update
[09/05/22 15:32:57:3536970] [DEBUG  ]: Recieving packet from Spooler of len 2
[09/05/22 15:32:57:3539172] [INFO   ]: Spooler requested update
[09/05/22 15:32:57:5240862] [DEBUG  ]: Recieving packet from Spooler of len 2
[09/05/22 15:32:57:5243075] [INFO   ]: Spooler requested update
[09/05/22 15:32:57:6931071] [DEBUG  ]: Recieving packet from Spooler of len 2
[09/05/22 15:32:57:6933243] [INFO   ]: Spooler requested update
[09/05/22 15:32:57:8703118] [DEBUG  ]: Recieving packet from Spooler of len 2
[09/05/22 15:32:57:8705301] [INFO   ]: Spooler requested update
[09/05/22 15:32:58:0575966] [DEBUG  ]: Recieving packet from Spooler of len 2
[09/05/22 15:32:58:0578341] [INFO   ]: Spooler requested update
[09/05/22 15:32:58:2443467] [DEBUG  ]: Recieving packet from Spooler of len 2
[09/05/22 15:32:58:2445865] [INFO   ]: Spooler requested update
[09/05/22 15:32:58:4519735] [DEBUG  ]: Recieving packet from Spooler of len 2
[09/05/22 15:32:58:4527013] [INFO   ]: Spooler requested update
[09/05/22 15:32:58:7260044] [DEBUG  ]: Recieving packet from Spooler of len 2
[09/05/22 15:32:58:7335888] [INFO   ]: Spooler requested update
[09/05/22 15:32:59:0183876] [DEBUG  ]: Recieving packet from Spooler of len 2
[09/05/22 15:32:59:0193004] [INFO   ]: Spooler requested update
[09/05/22 15:32:59:2401680] [DEBUG  ]: Recieving packet from Spooler of len 2
[09/05/22 15:32:59:2408626] [INFO   ]: Spooler requested update
[09/05/22 15:32:59:5268614] [DEBUG  ]: Recieving packet from Spooler of len 2
[09/05/22 15:32:59:5276363] [INFO   ]: Spooler requested update
[09/05/22 15:32:59:7946485] [DEBUG  ]: Recieving packet from Spooler of len 2
[09/05/22 15:32:59:7953784] [INFO   ]: Spooler requested update
[09/05/22 15:33:00:0274711] [DEBUG  ]: Recieving packet from Spooler of len 2
[09/05/22 15:33:00:0281774] [INFO   ]: Spooler requested update
[09/05/22 15:33:00:2406361] [DEBUG  ]: Recieving packet from Spooler of len 2
[09/05/22 15:33:00:2413329] [INFO   ]: Spooler requested update
[09/05/22 15:33:00:4588681] [DEBUG  ]: Recieving packet from Spooler of len 2
[09/05/22 15:33:00:4598397] [INFO   ]: Spooler requested update
[09/05/22 15:33:00:6773338] [DEBUG  ]: Recieving packet from Spooler of len 2
[09/05/22 15:33:00:6781123] [INFO   ]: Spooler requested update
[09/05/22 15:33:00:9121924] [DEBUG  ]: Recieving packet from Spooler of len 2
[09/05/22 15:33:00:9135060] [INFO   ]: Spooler requested update
[09/05/22 15:33:01:1465549] [DEBUG  ]: Recieving packet from Spooler of len 2
[09/05/22 15:33:01:1472888] [INFO   ]: Spooler requested update
[09/05/22 15:33:01:3925173] [DEBUG  ]: Recieving packet from Spooler of len 2
[09/05/22 15:33:01:3932808] [INFO   ]: Spooler requested update
[09/05/22 15:33:01:6246300] [DEBUG  ]: Recieving packet from Spooler of len 2
[09/05/22 15:33:01:6253941] [INFO   ]: Spooler requested update
[09/05/22 15:33:01:8539712] [DEBUG  ]: Recieving packet from Spooler of len 2
[09/05/22 15:33:01:8547031] [INFO   ]: Spooler requested update
[09/05/22 15:33:02:0719545] [DEBUG  ]: Recieving packet from Spooler of len 2
[09/05/22 15:33:02:0729659] [INFO   ]: Spooler requested update
[09/05/22 15:33:02:3146530] [DEBUG  ]: Recieving packet from Spooler of len 2
[09/05/22 15:33:02:3156461] [INFO   ]: Spooler requested update
[09/05/22 15:33:02:5632930] [DEBUG  ]: Recieving packet from Spooler of len 2
[09/05/22 15:33:02:5641525] [INFO   ]: Spooler requested update
[09/05/22 15:33:02:7870110] [DEBUG  ]: Recieving packet from Spooler of len 2
[09/05/22 15:33:02:7877088] [INFO   ]: Spooler requested update
[09/05/22 15:33:03:0189498] [DEBUG  ]: Recieving packet from Spooler of len 2
[09/05/22 15:33:03:0197386] [INFO   ]: Spooler requested update
[09/05/22 15:33:03:2513980] [DEBUG  ]: Recieving packet from Spooler of len 2
[09/05/22 15:33:03:2521147] [INFO   ]: Spooler requested update
[09/05/22 15:33:03:4891230] [DEBUG  ]: Recieving packet from Spooler of len 2
[09/05/22 15:33:03:4926088] [INFO   ]: Spooler requested update
[09/05/22 15:33:03:7204784] [DEBUG  ]: Recieving packet from Spooler of len 2
[09/05/22 15:33:03:7213199] [INFO   ]: Spooler requested update
[09/05/22 15:33:03:9662928] [DEBUG  ]: Recieving packet from Spooler of len 2
[09/05/22 15:33:03:9671054] [INFO   ]: Spooler requested update
[09/05/22 15:33:04:2101919] [DEBUG  ]: Recieving packet from Spooler of len 2
[09/05/22 15:33:04:2114620] [INFO   ]: Spooler requested update
[09/05/22 15:33:04:4715397] [DEBUG  ]: Recieving packet from Spooler of len 2
[09/05/22 15:33:04:4723040] [INFO   ]: Spooler requested update
[09/05/22 15:33:04:7554389] [DEBUG  ]: Recieving packet from Spooler of len 2
[09/05/22 15:33:04:7562149] [INFO   ]: Spooler requested update
[09/05/22 15:33:05:0198662] [DEBUG  ]: Recieving packet from Spooler of len 2
[09/05/22 15:33:05:0207633] [INFO   ]: Spooler requested update
[09/05/22 15:33:05:2494122] [DEBUG  ]: Recieving packet from Spooler of len 2
[09/05/22 15:33:05:2501789] [INFO   ]: Spooler requested update
[09/05/22 15:33:05:4845655] [DEBUG  ]: Recieving packet from Spooler of len 2
[09/05/22 15:33:05:4854208] [INFO   ]: Spooler requested update
[09/05/22 15:33:05:7155270] [DEBUG  ]: Recieving packet from Spooler of len 2
[09/05/22 15:33:05:7162523] [INFO   ]: Spooler requested update
[09/05/22 15:33:05:9483934] [DEBUG  ]: Recieving packet from Spooler of len 2
[09/05/22 15:33:05:9491136] [INFO   ]: Spooler requested update
[09/05/22 15:33:06:1808075] [DEBUG  ]: Recieving packet from Spooler of len 2
[09/05/22 15:33:06:1820706] [INFO   ]: Spooler requested update
[09/05/22 15:33:06:4094112] [DEBUG  ]: Recieving packet from Spooler of len 2
[09/05/22 15:33:06:4101016] [INFO   ]: Spooler requested update
[09/05/22 15:33:06:6574071] [DEBUG  ]: Recieving packet from Spooler of len 2
[09/05/22 15:33:06:6581105] [INFO   ]: Spooler requested update
[09/05/22 15:33:06:8908291] [DEBUG  ]: Recieving packet from Spooler of len 2
[09/05/22 15:33:06:8920532] [INFO   ]: Spooler requested update
[09/05/22 15:33:07:1197605] [DEBUG  ]: Recieving packet from Spooler of len 2
[09/05/22 15:33:07:1204653] [INFO   ]: Spooler requested update
[09/05/22 15:33:07:3725606] [DEBUG  ]: Recieving packet from Spooler of len 2
[09/05/22 15:33:07:3735617] [INFO   ]: Spooler requested update
[09/05/22 15:33:07:6119884] [DEBUG  ]: Recieving packet from Spooler of len 2
[09/05/22 15:33:07:6131216] [INFO   ]: Spooler requested update
[09/05/22 15:33:07:8510568] [DEBUG  ]: Recieving packet from Spooler of len 2
[09/05/22 15:33:07:8518739] [INFO   ]: Spooler requested update
[09/05/22 15:33:08:0807380] [DEBUG  ]: Recieving packet from Spooler of len 2
[09/05/22 15:33:08:0814222] [INFO   ]: Spooler requested update
[09/05/22 15:33:08:3170425] [DEBUG  ]: Recieving packet from Spooler of len 2
[09/05/22 15:33:08:3201271] [INFO   ]: Spooler requested update
[09/05/22 15:33:08:5467101] [DEBUG  ]: Recieving packet from Spooler of len 2
[09/05/22 15:33:08:5474480] [INFO   ]: Spooler requested update
[09/05/22 15:33:08:7733277] [DEBUG  ]: Recieving packet from Spooler of len 2
[09/05/22 15:33:08:7740214] [INFO   ]: Spooler requested update
[09/05/22 15:33:09:0091697] [DEBUG  ]: Recieving packet from Spooler of len 2
[09/05/22 15:33:09:0100044] [INFO   ]: Spooler requested update
[09/05/22 15:33:09:2624135] [DEBUG  ]: Recieving packet from Spooler of len 2
[09/05/22 15:33:09:2631756] [INFO   ]: Spooler requested update
[09/05/22 15:33:09:5276139] [DEBUG  ]: Recieving packet from Spooler of len 2
[09/05/22 15:33:09:5283234] [INFO   ]: Spooler requested update
[09/05/22 15:33:09:7743124] [DEBUG  ]: Recieving packet from Spooler of len 2
[09/05/22 15:33:09:7754296] [INFO   ]: Spooler requested update
[09/05/22 15:33:09:9960045] [DEBUG  ]: Recieving packet from Spooler of len 2
[09/05/22 15:33:09:9968186] [INFO   ]: Spooler requested update
[09/05/22 15:33:10:2338000] [DEBUG  ]: Recieving packet from Spooler of len 2
[09/05/22 15:33:10:2345143] [INFO   ]: Spooler requested update
[09/05/22 15:33:10:4640623] [DEBUG  ]: Recieving packet from Spooler of len 2
[09/05/22 15:33:10:4647857] [INFO   ]: Spooler requested update
[09/05/22 15:33:10:6959375] [DEBUG  ]: Recieving packet from Spooler of len 2
[09/05/22 15:33:10:6967006] [INFO   ]: Spooler requested update
[09/05/22 15:33:10:9358778] [DEBUG  ]: Recieving packet from Spooler of len 2
[09/05/22 15:33:10:9367188] [INFO   ]: Spooler requested update
[09/05/22 15:33:11:1936498] [DEBUG  ]: Recieving packet from Spooler of len 2
[09/05/22 15:33:11:1950932] [INFO   ]: Spooler requested update
[09/05/22 15:33:11:4471803] [DEBUG  ]: Recieving packet from Spooler of len 2
[09/05/22 15:33:11:4478739] [INFO   ]: Spooler requested update
[09/05/22 15:33:11:6638189] [DEBUG  ]: Recieving packet from Spooler of len 2
[09/05/22 15:33:11:6645825] [INFO   ]: Spooler requested update
[09/05/22 15:33:11:8834720] [DEBUG  ]: Recieving packet from Spooler of len 2
[09/05/22 15:33:11:8841906] [INFO   ]: Spooler requested update
[09/05/22 15:33:12:1143775] [DEBUG  ]: Recieving packet from Spooler of len 2
[09/05/22 15:33:12:1150881] [INFO   ]: Spooler requested update
[09/05/22 15:33:12:3294076] [DEBUG  ]: Recieving packet from Spooler of len 2
[09/05/22 15:33:12:3301547] [INFO   ]: Spooler requested update
[09/05/22 15:33:12:5467805] [DEBUG  ]: Recieving packet from Spooler of len 2
[09/05/22 15:33:12:5474917] [INFO   ]: Spooler requested update
[09/05/22 15:33:12:7651180] [DEBUG  ]: Recieving packet from Spooler of len 2
[09/05/22 15:33:12:7658032] [INFO   ]: Spooler requested update
[09/05/22 15:33:12:9831448] [DEBUG  ]: Recieving packet from Spooler of len 2
[09/05/22 15:33:12:9840643] [INFO   ]: Spooler requested update
[09/05/22 15:33:13:2140947] [DEBUG  ]: Recieving packet from Spooler of len 2
[09/05/22 15:33:13:2147977] [INFO   ]: Spooler requested update
[09/05/22 15:33:13:4287646] [DEBUG  ]: Recieving packet from Spooler of len 2
[09/05/22 15:33:13:4295299] [INFO   ]: Spooler requested update
[09/05/22 15:33:13:6466651] [DEBUG  ]: Recieving packet from Spooler of len 2
[09/05/22 15:33:13:6473774] [INFO   ]: Spooler requested update
[09/05/22 15:33:13:8634550] [DEBUG  ]: Recieving packet from Spooler of len 2
[09/05/22 15:33:13:8642694] [INFO   ]: Spooler requested update
[09/05/22 15:33:14:0805873] [DEBUG  ]: Recieving packet from Spooler of len 2
[09/05/22 15:33:14:0813205] [INFO   ]: Spooler requested update
[09/05/22 15:33:14:2984818] [DEBUG  ]: Recieving packet from Spooler of len 2
[09/05/22 15:33:14:2991850] [INFO   ]: Spooler requested update
[09/05/22 15:33:14:5208604] [DEBUG  ]: Recieving packet from Spooler of len 2
[09/05/22 15:33:14:5252913] [INFO   ]: Spooler requested update
[09/05/22 15:33:14:7639663] [DEBUG  ]: Recieving packet from Spooler of len 2
[09/05/22 15:33:14:7646776] [INFO   ]: Spooler requested update
[09/05/22 15:33:14:9999117] [DEBUG  ]: Recieving packet from Spooler of len 2
[09/05/22 15:33:15:0007725] [INFO   ]: Spooler requested update
[09/05/22 15:33:15:2272272] [DEBUG  ]: Recieving packet from Spooler of