[09/05/22 15:32:50:5566350] [INFO   ]: Logging started
[09/05/22 15:32:50:5681451] [INFO   ]: Starting Spooler receive
[09/05/22 15:32:56:0412515] [DEBUG  ]: Recieving packet from Spooler of len 2
[09/05/22 15:32:56:0416107] [INFO   ]: Spooler requested update
[09/05/22 15:32:56:3090021] [DEBUG  ]: Recieving packet from Spooler of len 2
[09/05/22 15:32:56:3092379] [INFO   ]: Spooler requested update
[09/05/22 15:32:56:4940524] [DEBUG  ]: Recieving packet from Spooler of len 2
[09/05/22 15:32:56:4942772] [INFO   ]: Spooler requested update
[09/05/22 15:32:56:6642017] [DEBUG  ]: Recieving packet from Spooler of len 2
[09/05/22 15:32:56:6644291] [INFO   ]: Spooler requested update
[09/05/22 15:32:56:8345405] [DEBUG  ]: Recieving packet from Spooler of len 2
[09/05/22 15:32:56:8347752] [INFO   ]: Spooler requested update
[09/05/22 15:32:57:0045409] [DEBUG  ]: Recieving packet from Spooler of len 2
[09/05/22 15:32:57:0048122] [INFO   ]: Spooler requested update
[09/05/22 15:32:57:1734104] [DEBUG  ]: Recieving packet from Spooler of len 2
[09/05/22 15:32:57:1736348] [INFO   ]: Spooler requested update
[09/05/22 15:32:57:3444863] [DEBUG  ]: Recieving packet from Spooler of len 2
[09/05/22 15:32:57:3447369] [INFO   ]: Spooler requested update
[09/05/22 15:32:57:5153291] [DEBUG  ]: Recieving packet from Spooler of len 2
[09/05/22 15:32:57:5155751] [INFO   ]: Spooler requested update
[09/05/22 15:32:57:6848644] [DEBUG  ]: Recieving packet from Spooler of len 2
[09/05/22 15:32:57:6851023] [INFO   ]: Spooler requested update
[09/05/22 15:32:57:8612561] [DEBUG  ]: Recieving packet from Spooler of len 2
[09/05/22 15:32:57:8615284] [INFO   ]: Spooler requested update
[09/05/22 15:32:58:0481865] [DEBUG  ]: Recieving packet from Spooler of len 2
[09/05/22 15:32:58:0484191] [INFO   ]: Spooler requested update
[09/05/22 15:32:58:2344705] [DEBUG  ]: Recieving packet from Spooler of len 2
[09/05/22 15:32:58:2348033] [INFO   ]: Spooler requested update
[09/05/22 15:32:58:4198338] [DEBUG  ]: Recieving packet from Spooler of len 2
[09/05/22 15:32:58:4208444] [INFO   ]: Spooler requested update
[09/05/22 15:32:58:6519717] [DEBUG  ]: Recieving packet from Spooler of len 2
[09/05/22 15:32:58:6531822] [INFO   ]: Spooler requested update
[09/05/22 15:32:58:9868165] [DEBUG  ]: Recieving packet from Spooler of len 2
[09/05/22 15:32:58:9875319] [INFO   ]: Spooler requested update
[09/05/22 15:32:59:2042434] [DEBUG  ]: Recieving packet from Spooler of len 2
[09/05/22 15:32:59:2049725] [INFO   ]: Spooler requested update
[09/05/22 15:32:59:4393200] [DEBUG  ]: Recieving packet from Spooler of len 2
[09/05/22 15:32:59:4402181] [INFO   ]: Spooler requested update
[09/05/22 15:32:59:7555967] [DEBUG  ]: Recieving packet from Spooler of len 2
[09/05/22 15:32:59:7566738] [INFO   ]: Spooler requested update
[09/05/22 15:32:59:9945250] [DEBUG  ]: Recieving packet from Spooler of len 2
[09/05/22 15:32:59:9953093] [INFO   ]: Spooler requested update
[09/05/22 15:33:00:2101211] [DEBUG  ]: Recieving packet from Spooler of len 2
[09/05/22 15:33:00:2108974] [INFO   ]: Spooler requested update
[09/05/22 15:33:00:4273856] [DEBUG  ]: Recieving packet from Spooler of len 2
[09/05/22 15:33:00:4282019] [INFO   ]: Spooler requested update
[09/05/22 15:33:00:6439191] [DEBUG  ]: Recieving packet from Spooler of len 2
[09/05/22 15:33:00:6446872] [INFO   ]: Spooler requested update
[09/05/22 15:33:00:8715692] [DEBUG  ]: Recieving packet from Spooler of len 2
[09/05/22 15:33:00:8724623] [INFO   ]: Spooler requested update
[09/05/22 15:33:01:1086772] [DEBUG  ]: Recieving packet from Spooler of len 2
[09/05/22 15:33:01:1099666] [INFO   ]: Spooler requested update
[09/05/22 15:33:01:3596121] [DEBUG  ]: Recieving packet from Spooler of len 2
[09/05/22 15:33:01:3606701] [INFO   ]: Spooler requested update
[09/05/22 15:33:01:5909368] [DEBUG  ]: Recieving packet from Spooler of len 2
[09/05/22 15:33:01:5917290] [INFO   ]: Spooler requested update
[09/05/22 15:33:01:8221915] [DEBUG  ]: Recieving packet from Spooler of len 2
[09/05/22 15:33:01:8229653] [INFO   ]: Spooler requested update
[09/05/22 15:33:02:0394564] [DEBUG  ]: Recieving packet from Spooler of len 2
[09/05/22 15:33:02:0402949] [INFO   ]: Spooler requested update
[09/05/22 15:33:02:2714618] [DEBUG  ]: Recieving packet from Spooler of len 2
[09/05/22 15:33:02:2722921] [INFO   ]: Spooler requested update
[09/05/22 15:33:02:5208138] [DEBUG  ]: Recieving packet from Spooler of len 2
[09/05/22 15:33:02:5215576] [INFO   ]: Spooler requested update
[09/05/22 15:33:02:7517712] [DEBUG  ]: Recieving packet from Spooler of len 2
[09/05/22 15:33:02:7525290] [INFO   ]: Spooler requested update
[09/05/22 15:33:02:9847055] [DEBUG  ]: Recieving packet from Spooler of len 2
[09/05/22 15:33:02:9854693] [INFO   ]: Spooler requested update
[09/05/22 15:33:03:2170257] [DEBUG  ]: Recieving packet from Spooler of len 2
[09/05/22 15:33:03:2177573] [INFO   ]: Spooler requested update
[09/05/22 15:33:03:4509151] [DEBUG  ]: Recieving packet from Spooler of len 2
[09/05/22 15:33:03:4517683] [INFO   ]: Spooler requested update
[09/05/22 15:33:03:6828869] [DEBUG  ]: Recieving packet from Spooler of len 2
[09/05/22 15:33:03:6836354] [INFO   ]: Spooler requested update
[09/05/22 15:33:03:9202665] [DEBUG  ]: Recieving packet from Spooler of len 2
[09/05/22 15:33:03:9215019] [INFO   ]: Spooler requested update
[09/05/22 15:33:04:1686551] [DEBUG  ]: Recieving packet from Spooler of len 2
[09/05/22 15:33:04:1697564] [INFO   ]: Spooler requested update
[09/05/22 15:33:04:4316106] [DEBUG  ]: Recieving packet from Spooler of len 2
[09/05/22 15:33:04:4323526] [INFO   ]: Spooler requested update
[09/05/22 15:33:04:6897337] [DEBUG  ]: Recieving packet from Spooler of len 2
[09/05/22 15:33:04:6904645] [INFO   ]: Spooler requested update
[09/05/22 15:33:04:9839977] [DEBUG  ]: Recieving packet from Spooler of len 2
[09/05/22 15:33:04:9847720] [INFO   ]: Spooler requested update
[09/05/22 15:33:05:2160631] [DEBUG  ]: Recieving packet from Spooler of len 2
[09/05/22 15:33:05:2167763] [INFO   ]: Spooler requested update
[09/05/22 15:33:05:4499913] [DEBUG  ]: Recieving packet from Spooler of len 2
[09/05/22 15:33:05:4507174] [INFO   ]: Spooler requested update
[09/05/22 15:33:05:6804225] [DEBUG  ]: Recieving packet from Spooler of len 2
[09/05/22 15:33:05:6811432] [INFO   ]: Spooler requested update
[09/05/22 15:33:05:9120817] [DEBUG  ]: Recieving packet from Spooler of len 2
[09/05/22 15:33:05:9127975] [INFO   ]: Spooler requested update
[09/05/22 15:33:06:1452627] [DEBUG  ]: Recieving packet from Spooler of len 2
[09/05/22 15:33:06:1460382] [INFO   ]: Spooler requested update
[09/05/22 15:33:06:3762666] [DEBUG  ]: Recieving packet from Spooler of len 2
[09/05/22 15:33:06:3769825] [INFO   ]: Spooler requested update
[09/05/22 15:33:06:6132045] [DEBUG  ]: Recieving packet from Spooler of len 2
[09/05/22 15:33:06:6140063] [INFO   ]: Spooler requested update
[09/05/22 15:33:06:8574679] [DEBUG  ]: Recieving packet from Spooler of len 2
[09/05/22 15:33:06:8582216] [INFO   ]: Spooler requested update
[09/05/22 15:33:07:0879746] [DEBUG  ]: Recieving packet from Spooler of len 2
[09/05/22 15:33:07:0888005] [INFO   ]: Spooler requested update
[09/05/22 15:33:07:3355316] [DEBUG  ]: Recieving packet from Spooler of len 2
[09/05/22 15:33:07:3362258] [INFO   ]: Spooler requested update
[09/05/22 15:33:07:5726114] [DEBUG  ]: Recieving packet from Spooler of len 2
[09/05/22 15:33:07:5735892] [INFO   ]: Spooler requested update
[09/05/22 15:33:07:8158938] [DEBUG  ]: Recieving packet from Spooler of len 2
[09/05/22 15:33:07:8165928] [INFO   ]: Spooler requested update
[09/05/22 15:33:08:0478584] [DEBUG  ]: Recieving packet from Spooler of len 2
[09/05/22 15:33:08:0487082] [INFO   ]: Spooler requested update
[09/05/22 15:33:08:2804389] [DEBUG  ]: Recieving packet from Spooler of len 2
[09/05/22 15:33:08:2813984] [INFO   ]: Spooler requested update
[09/05/22 15:33:08:5102295] [DEBUG  ]: Recieving packet from Spooler of len 2
[09/05/22 15:33:08:5109480] [INFO   ]: Spooler requested update
[09/05/22 15:33:08:7407369] [DEBUG  ]: Recieving packet from Spooler of len 2
[09/05/22 15:33:08:7414435] [INFO   ]: Spooler requested update
[09/05/22 15:33:08:9755616] [DEBUG  ]: Recieving packet from Spooler of len 2
[09/05/22 15:33:08:9766583] [INFO   ]: Spooler requested update
[09/05/22 15:33:09:2062362] [DEBUG  ]: Recieving packet from Spooler of len 2
[09/05/22 15:33:09:2073622] [INFO   ]: Spooler requested update
[09/05/22 15:33:09:4880790] [DEBUG  ]: Recieving packet from Spooler of len 2
[09/05/22 15:33:09:4891423] [INFO   ]: Spooler requested update
[09/05/22 15:33:09:7350472] [DEBUG  ]: Recieving packet from Spooler of len 2
[09/05/22 15:33:09:7357745] [INFO   ]: Spooler requested update
[09/05/22 15:33:09:9627306] [DEBUG  ]: Recieving packet from Spooler of len 2
[09/05/22 15:33:09:9634474] [INFO   ]: Spooler requested update
[09/05/22 15:33:10:1949870] [DEBUG  ]: Recieving packet from Spooler of len 2
[09/05/22 15:33:10:1957130] [INFO   ]: Spooler requested update
[09/05/22 15:33:10:4275816] [DEBUG  ]: Recieving packet from Spooler of len 2
[09/05/22 15:33:10:4282867] [INFO   ]: Spooler requested update
[09/05/22 15:33:10:6616455] [DEBUG  ]: Recieving packet from Spooler of len 2
[09/05/22 15:33:10:6623803] [INFO   ]: Spooler requested update
[09/05/22 15:33:10:8931387] [DEBUG  ]: Recieving packet from Spooler of len 2
[09/05/22 15:33:10:8938428] [INFO   ]: Spooler requested update
[09/05/22 15:33:11:1399250] [DEBUG  ]: Recieving packet from Spooler of len 2
[09/05/22 15:33:11:1408081] [INFO   ]: Spooler requested update
[09/05/22 15:33:11:4169593] [DEBUG  ]: Recieving packet from Spooler of len 2
[09/05/22 15:33:11:4176844] [INFO   ]: Spooler requested update
[09/05/22 15:33:11:6335665] [DEBUG  ]: Recieving packet from Spooler of len 2
[09/05/22 15:33:11:6343217] [INFO   ]: Spooler requested update
[09/05/22 15:33:11:8499545] [DEBUG  ]: Recieving packet from Spooler of len 2
[09/05/22 15:33:11:8508338] [INFO   ]: Spooler requested update
[09/05/22 15:33:12:0832960] [DEBUG  ]: Recieving packet from Spooler of len 2
[09/05/22 15:33:12:0840243] [INFO   ]: Spooler requested update
[09/05/22 15:33:12:2991991] [DEBUG  ]: Recieving packet from Spooler of len 2
[09/05/22 15:33:12:2999596] [INFO   ]: Spooler requested update
[09/05/22 15:33:12:5161817] [DEBUG  ]: Recieving packet from Spooler of len 2
[09/05/22 15:33:12:5169913] [INFO   ]: Spooler requested update
[09/05/22 15:33:12:7334566] [DEBUG  ]: Recieving packet from Spooler of len 2
[09/05/22 15:33:12:7342068] [INFO   ]: Spooler requested update
[09/05/22 15:33:12:9489599] [DEBUG  ]: Recieving packet from Spooler of len 2
[09/05/22 15:33:12:9497096] [INFO   ]: Spooler requested update
[09/05/22 15:33:13:1819073] [DEBUG  ]: Recieving packet from Spooler of len 2
[09/05/22 15:33:13:1826389] [INFO   ]: Spooler requested update
[09/05/22 15:33:13:3984248] [DEBUG  ]: Recieving packet from Spooler of len 2
[09/05/22 15:33:13:3993006] [INFO   ]: Spooler requested update
[09/05/22 15:33:13:6152004] [DEBUG  ]: Recieving packet from Spooler of len 2
[09/05/22 15:33:13:6159783] [INFO   ]: Spooler requested update
[09/05/22 15:33:13:8320838] [DEBUG  ]: Recieving packet from Spooler of len 2
[09/05/22 15:33:13:8328612] [INFO   ]: Spooler requested update
[09/05/22 15:33:14:0494811] [DEBUG  ]: Recieving packet from Spooler of len 2
[09/05/22 15:33:14:0502663] [INFO   ]: Spooler requested update
[09/05/22 15:33:14:2664113] [DEBUG  ]: Recieving packet from Spooler of len 2
[09/05/22 15:33:14:2675728] [INFO   ]: Spooler requested update
[09/05/22 15:33:14:4840591] [DEBUG  ]: Recieving packet from Spooler of len 2
[09/05/22 15:33:14:4853794] [INFO   ]: Spooler requested update
[09/05/22 15:33:14:7258635] [DEBUG  ]: Recieving packet from Spooler of len 2
[09/05/22 15:33:14:7274460] [INFO   ]: Spooler requested update
[09/05/22 15:33:14:9635186] [DEBUG  ]: Recieving packet from Spooler of len 2
[09/05/22 15:33:14:9642618] [INFO   ]: Spooler requested update
[09/05/22 15:33:15:1977137] [DEBUG  ]: Recieving packet from Spooler of