[09/05/22 15:32:51:8658376] [INFO   ]: Logging started
[09/05/22 15:32:51:8773838] [INFO   ]: Starting Spooler receive
[09/05/22 15:32:56:0680887] [DEBUG  ]: Recieving packet from Spooler of len 2
[09/05/22 15:32:56:0684477] [INFO   ]: Spooler requested update
[09/05/22 15:32:56:3150602] [DEBUG  ]: Recieving packet from Spooler of len 2
[09/05/22 15:32:56:3152795] [INFO   ]: Spooler requested update
[09/05/22 15:32:56:4992378] [DEBUG  ]: Recieving packet from Spooler of len 2
[09/05/22 15:32:56:4994718] [INFO   ]: Spooler requested update
[09/05/22 15:32:56:6688048] [DEBUG  ]: Recieving packet from Spooler of len 2
[09/05/22 15:32:56:6690249] [INFO   ]: Spooler requested update
[09/05/22 15:32:56:8392137] [DEBUG  ]: Recieving packet from Spooler of len 2
[09/05/22 15:32:56:8394382] [INFO   ]: Spooler requested update
[09/05/22 15:32:57:0091885] [DEBUG  ]: Recieving packet from Spooler of len 2
[09/05/22 15:32:57:0094103] [INFO   ]: Spooler requested update
[09/05/22 15:32:57:1778440] [DEBUG  ]: Recieving packet from Spooler of len 2
[09/05/22 15:32:57:1781033] [INFO   ]: Spooler requested update
[09/05/22 15:32:57:3490083] [DEBUG  ]: Recieving packet from Spooler of len 2
[09/05/22 15:32:57:3492357] [INFO   ]: Spooler requested update
[09/05/22 15:32:57:5198565] [DEBUG  ]: Recieving packet from Spooler of len 2
[09/05/22 15:32:57:5200669] [INFO   ]: Spooler requested update
[09/05/22 15:32:57:6892023] [DEBUG  ]: Recieving packet from Spooler of len 2
[09/05/22 15:32:57:6894200] [INFO   ]: Spooler requested update
[09/05/22 15:32:57:8659934] [DEBUG  ]: Recieving packet from Spooler of len 2
[09/05/22 15:32:57:8662312] [INFO   ]: Spooler requested update
[09/05/22 15:32:58:0532623] [DEBUG  ]: Recieving packet from Spooler of len 2
[09/05/22 15:32:58:0534720] [INFO   ]: Spooler requested update
[09/05/22 15:32:58:2398025] [DEBUG  ]: Recieving packet from Spooler of len 2
[09/05/22 15:32:58:2400139] [INFO   ]: Spooler requested update
[09/05/22 15:32:58:4351045] [DEBUG  ]: Recieving packet from Spooler of len 2
[09/05/22 15:32:58:4358315] [INFO   ]: Spooler requested update
[09/05/22 15:32:58:6870338] [DEBUG  ]: Recieving packet from Spooler of len 2
[09/05/22 15:32:58:6906984] [INFO   ]: Spooler requested update
[09/05/22 15:32:59:0019317] [DEBUG  ]: Recieving packet from Spooler of len 2
[09/05/22 15:32:59:0026361] [INFO   ]: Spooler requested update
[09/05/22 15:32:59:2198172] [DEBUG  ]: Recieving packet from Spooler of len 2
[09/05/22 15:32:59:2205593] [INFO   ]: Spooler requested update
[09/05/22 15:32:59:4721607] [DEBUG  ]: Recieving packet from Spooler of len 2
[09/05/22 15:32:59:4737146] [INFO   ]: Spooler requested update
[09/05/22 15:32:59:7759533] [DEBUG  ]: Recieving packet from Spooler of len 2
[09/05/22 15:32:59:7768195] [INFO   ]: Spooler requested update
[09/05/22 15:33:00:0099632] [DEBUG  ]: Recieving packet from Spooler of len 2
[09/05/22 15:33:00:0107220] [INFO   ]: Spooler requested update
[09/05/22 15:33:00:2247577] [DEBUG  ]: Recieving packet from Spooler of len 2
[09/05/22 15:33:00:2254483] [INFO   ]: Spooler requested update
[09/05/22 15:33:00:4426428] [DEBUG  ]: Recieving packet from Spooler of len 2
[09/05/22 15:33:00:4433392] [INFO   ]: Spooler requested update
[09/05/22 15:33:00:6592592] [DEBUG  ]: Recieving packet from Spooler of len 2
[09/05/22 15:33:00:6600222] [INFO   ]: Spooler requested update
[09/05/22 15:33:00:8936961] [DEBUG  ]: Recieving packet from Spooler of len 2
[09/05/22 15:33:00:8944269] [INFO   ]: Spooler requested update
[09/05/22 15:33:01:1240256] [DEBUG  ]: Recieving packet from Spooler of len 2
[09/05/22 15:33:01:1249360] [INFO   ]: Spooler requested update
[09/05/22 15:33:01:3761113] [DEBUG  ]: Recieving packet from Spooler of len 2
[09/05/22 15:33:01:3768109] [INFO   ]: Spooler requested update
[09/05/22 15:33:01:6066802] [DEBUG  ]: Recieving packet from Spooler of len 2
[09/05/22 15:33:01:6073949] [INFO   ]: Spooler requested update
[09/05/22 15:33:01:8368436] [DEBUG  ]: Recieving packet from Spooler of len 2
[09/05/22 15:33:01:8375394] [INFO   ]: Spooler requested update
[09/05/22 15:33:02:0546878] [DEBUG  ]: Recieving packet from Spooler of len 2
[09/05/22 15:33:02:0554231] [INFO   ]: Spooler requested update
[09/05/22 15:33:02:2915387] [DEBUG  ]: Recieving packet from Spooler of len 2
[09/05/22 15:33:02:2925336] [INFO   ]: Spooler requested update
[09/05/22 15:33:02:5387622] [DEBUG  ]: Recieving packet from Spooler of len 2
[09/05/22 15:33:02:5397101] [INFO   ]: Spooler requested update
[09/05/22 15:33:02:7672989] [DEBUG  ]: Recieving packet from Spooler of len 2
[09/05/22 15:33:02:7681126] [INFO   ]: Spooler requested update
[09/05/22 15:33:03:0009926] [DEBUG  ]: Recieving packet from Spooler of len 2
[09/05/22 15:33:03:0017219] [INFO   ]: Spooler requested update
[09/05/22 15:33:03:2314623] [DEBUG  ]: Recieving packet from Spooler of len 2
[09/05/22 15:33:03:2321714] [INFO   ]: Spooler requested update
[09/05/22 15:33:03:4667712] [DEBUG  ]: Recieving packet from Spooler of len 2
[09/05/22 15:33:03:4674637] [INFO   ]: Spooler requested update
[09/05/22 15:33:03:7019467] [DEBUG  ]: Recieving packet from Spooler of len 2
[09/05/22 15:33:03:7028021] [INFO   ]: Spooler requested update
[09/05/22 15:33:03:9407920] [DEBUG  ]: Recieving packet from Spooler of len 2
[09/05/22 15:33:03:9419577] [INFO   ]: Spooler requested update
[09/05/22 15:33:04:1886336] [DEBUG  ]: Recieving packet from Spooler of len 2
[09/05/22 15:33:04:1912339] [INFO   ]: Spooler requested update
[09/05/22 15:33:04:4497950] [DEBUG  ]: Recieving packet from Spooler of len 2
[09/05/22 15:33:04:4524237] [INFO   ]: Spooler requested update
[09/05/22 15:33:04:7165582] [DEBUG  ]: Recieving packet from Spooler of len 2
[09/05/22 15:33:04:7174269] [INFO   ]: Spooler requested update
[09/05/22 15:33:04:9998718] [DEBUG  ]: Recieving packet from Spooler of len 2
[09/05/22 15:33:05:0006452] [INFO   ]: Spooler requested update
[09/05/22 15:33:05:2320206] [DEBUG  ]: Recieving packet from Spooler of len 2
[09/05/22 15:33:05:2327922] [INFO   ]: Spooler requested update
[09/05/22 15:33:05:4645914] [DEBUG  ]: Recieving packet from Spooler of len 2
[09/05/22 15:33:05:4653159] [INFO   ]: Spooler requested update
[09/05/22 15:33:05:6975391] [DEBUG  ]: Recieving packet from Spooler of len 2
[09/05/22 15:33:05:6983227] [INFO   ]: Spooler requested update
[09/05/22 15:33:05:9271252] [DEBUG  ]: Recieving packet from Spooler of len 2
[09/05/22 15:33:05:9279441] [INFO   ]: Spooler requested update
[09/05/22 15:33:06:1597900] [DEBUG  ]: Recieving packet from Spooler of len 2
[09/05/22 15:33:06:1605179] [INFO   ]: Spooler requested update
[09/05/22 15:33:06:3909129] [DEBUG  ]: Recieving packet from Spooler of len 2
[09/05/22 15:33:06:3916047] [INFO   ]: Spooler requested update
[09/05/22 15:33:06:6316349] [DEBUG  ]: Recieving packet from Spooler of len 2
[09/05/22 15:33:06:6348086] [INFO   ]: Spooler requested update
[09/05/22 15:33:06:8727657] [DEBUG  ]: Recieving packet from Spooler of len 2
[09/05/22 15:33:06:8734464] [INFO   ]: Spooler requested update
[09/05/22 15:33:07:1026049] [DEBUG  ]: Recieving packet from Spooler of len 2
[09/05/22 15:33:07:1033453] [INFO   ]: Spooler requested update
[09/05/22 15:33:07:3529638] [DEBUG  ]: Recieving packet from Spooler of len 2
[09/05/22 15:33:07:3536512] [INFO   ]: Spooler requested update
[09/05/22 15:33:07:5917200] [DEBUG  ]: Recieving packet from Spooler of len 2
[09/05/22 15:33:07:5944863] [INFO   ]: Spooler requested update
[09/05/22 15:33:07:8310173] [DEBUG  ]: Recieving packet from Spooler of len 2
[09/05/22 15:33:07:8317581] [INFO   ]: Spooler requested update
[09/05/22 15:33:08:0634345] [DEBUG  ]: Recieving packet from Spooler of len 2
[09/05/22 15:33:08:0641502] [INFO   ]: Spooler requested update
[09/05/22 15:33:08:2969579] [DEBUG  ]: Recieving packet from Spooler of len 2
[09/05/22 15:33:08:2977198] [INFO   ]: Spooler requested update
[09/05/22 15:33:08:5293057] [DEBUG  ]: Recieving packet from Spooler of len 2
[09/05/22 15:33:08:5300409] [INFO   ]: Spooler requested update
[09/05/22 15:33:08:7566659] [DEBUG  ]: Recieving packet from Spooler of len 2
[09/05/22 15:33:08:7573955] [INFO   ]: Spooler requested update
[09/05/22 15:33:08:9911909] [DEBUG  ]: Recieving packet from Spooler of len 2
[09/05/22 15:33:08:9923689] [INFO   ]: Spooler requested update
[09/05/22 15:33:09:2248486] [DEBUG  ]: Recieving packet from Spooler of len 2
[09/05/22 15:33:09:2255466] [INFO   ]: Spooler requested update
[09/05/22 15:33:09:5060303] [DEBUG  ]: Recieving packet from Spooler of len 2
[09/05/22 15:33:09:5071963] [INFO   ]: Spooler requested update
[09/05/22 15:33:09:7517989] [DEBUG  ]: Recieving packet from Spooler of len 2
[09/05/22 15:33:09:7524952] [INFO   ]: Spooler requested update
[09/05/22 15:33:09:9800697] [DEBUG  ]: Recieving packet from Spooler of len 2
[09/05/22 15:33:09:9807742] [INFO   ]: Spooler requested update
[09/05/22 15:33:10:2095815] [DEBUG  ]: Recieving packet from Spooler of len 2
[09/05/22 15:33:10:2103539] [INFO   ]: Spooler requested update
[09/05/22 15:33:10:4439765] [DEBUG  ]: Recieving packet from Spooler of len 2
[09/05/22 15:33:10:4447999] [INFO   ]: Spooler requested update
[09/05/22 15:33:10:6765417] [DEBUG  ]: Recieving packet from Spooler of len 2
[09/05/22 15:33:10:6774984] [INFO   ]: Spooler requested update
[09/05/22 15:33:10:9110371] [DEBUG  ]: Recieving packet from Spooler of len 2
[09/05/22 15:33:10:9117838] [INFO   ]: Spooler requested update
[09/05/22 15:33:11:1567917] [DEBUG  ]: Recieving packet from Spooler of len 2
[09/05/22 15:33:11:1577093] [INFO   ]: Spooler requested update
[09/05/22 15:33:11:4317569] [DEBUG  ]: Recieving packet from Spooler of len 2
[09/05/22 15:33:11:4324581] [INFO   ]: Spooler requested update
[09/05/22 15:33:11:6475547] [DEBUG  ]: Recieving packet from Spooler of len 2
[09/05/22 15:33:11:6482497] [INFO   ]: Spooler requested update
[09/05/22 15:33:11:8656402] [DEBUG  ]: Recieving packet from Spooler of len 2
[09/05/22 15:33:11:8664605] [INFO   ]: Spooler requested update
[09/05/22 15:33:12:0974760] [DEBUG  ]: Recieving packet from Spooler of len 2
[09/05/22 15:33:12:0981833] [INFO   ]: Spooler requested update
[09/05/22 15:33:12:3137020] [DEBUG  ]: Recieving packet from Spooler of len 2
[09/05/22 15:33:12:3143947] [INFO   ]: Spooler requested update
[09/05/22 15:33:12:5302626] [DEBUG  ]: Recieving packet from Spooler of len 2
[09/05/22 15:33:12:5310448] [INFO   ]: Spooler requested update
[09/05/22 15:33:12:7479780] [DEBUG  ]: Recieving packet from Spooler of len 2
[09/05/22 15:33:12:7487066] [INFO   ]: Spooler requested update
[09/05/22 15:33:12:9645093] [DEBUG  ]: Recieving packet from Spooler of len 2
[09/05/22 15:33:12:9652325] [INFO   ]: Spooler requested update
[09/05/22 15:33:13:1973229] [DEBUG  ]: Recieving packet from Spooler of len 2
[09/05/22 15:33:13:1980725] [INFO   ]: Spooler requested update
[09/05/22 15:33:13:4125000] [DEBUG  ]: Recieving packet from Spooler of len 2
[09/05/22 15:33:13:4132427] [INFO   ]: Spooler requested update
[09/05/22 15:33:13:6302361] [DEBUG  ]: Recieving packet from Spooler of len 2
[09/05/22 15:33:13:6309374] [INFO   ]: Spooler requested update
[09/05/22 15:33:13:8475276] [DEBUG  ]: Recieving packet from Spooler of len 2
[09/05/22 15:33:13:8482630] [INFO   ]: Spooler requested update
[09/05/22 15:33:14:0645017] [DEBUG  ]: Recieving packet from Spooler of len 2
[09/05/22 15:33:14:0652364] [INFO   ]: Spooler requested update
[09/05/22 15:33:14:2814189] [DEBUG  ]: Recieving packet from Spooler of len 2
[09/05/22 15:33:14:2821264] [INFO   ]: Spooler requested update
[09/05/22 15:33:14:5032955] [DEBUG  ]: Recieving packet from Spooler of len 2
[09/05/22 15:33:14:5040770] [INFO   ]: Spooler requested update
[09/05/22 15:33:14:7465313] [DEBUG  ]: Recieving packet from Spooler of len 2
[09/05/22 15:33:14:7475435] [INFO   ]: Spooler requested update
[09/05/22 15:33:14:9803185] [DEBUG  ]: Recieving packet from Spooler of len 2
[09/05/22 15:33:14:9815104] [INFO   ]: Spooler requested update
[09/05/22 15:33:15:2118656] [DEBUG  ]: Recieving packet from Spooler of