[09/05/22 15:32:52:8396275] [INFO   ]: Logging started
[09/05/22 15:32:52:8528845] [INFO   ]: Starting Spooler receive
[09/05/22 15:32:56:0895231] [DEBUG  ]: Recieving packet from Spooler of len 2
[09/05/22 15:32:56:0899256] [INFO   ]: Spooler requested update
[09/05/22 15:32:56:3198536] [DEBUG  ]: Recieving packet from Spooler of len 2
[09/05/22 15:32:56:3200903] [INFO   ]: Spooler requested update
[09/05/22 15:32:56:5031314] [DEBUG  ]: Recieving packet from Spooler of len 2
[09/05/22 15:32:56:5035406] [INFO   ]: Spooler requested update
[09/05/22 15:32:56:6723299] [DEBUG  ]: Recieving packet from Spooler of len 2
[09/05/22 15:32:56:6725383] [INFO   ]: Spooler requested update
[09/05/22 15:32:56:8426396] [DEBUG  ]: Recieving packet from Spooler of len 2
[09/05/22 15:32:56:8428643] [INFO   ]: Spooler requested update
[09/05/22 15:32:57:0126367] [DEBUG  ]: Recieving packet from Spooler of len 2
[09/05/22 15:32:57:0128513] [INFO   ]: Spooler requested update
[09/05/22 15:32:57:1812211] [DEBUG  ]: Recieving packet from Spooler of len 2
[09/05/22 15:32:57:1814241] [INFO   ]: Spooler requested update
[09/05/22 15:32:57:3529121] [DEBUG  ]: Recieving packet from Spooler of len 2
[09/05/22 15:32:57:3531485] [INFO   ]: Spooler requested update
[09/05/22 15:32:57:5232520] [DEBUG  ]: Recieving packet from Spooler of len 2
[09/05/22 15:32:57:5235327] [INFO   ]: Spooler requested update
[09/05/22 15:32:57:6923880] [DEBUG  ]: Recieving packet from Spooler of len 2
[09/05/22 15:32:57:6925883] [INFO   ]: Spooler requested update
[09/05/22 15:32:57:8695676] [DEBUG  ]: Recieving packet from Spooler of len 2
[09/05/22 15:32:57:8697893] [INFO   ]: Spooler requested update
[09/05/22 15:32:58:0567523] [DEBUG  ]: Recieving packet from Spooler of len 2
[09/05/22 15:32:58:0570677] [INFO   ]: Spooler requested update
[09/05/22 15:32:58:2435691] [DEBUG  ]: Recieving packet from Spooler of len 2
[09/05/22 15:32:58:2437994] [INFO   ]: Spooler requested update
[09/05/22 15:32:58:4495582] [DEBUG  ]: Recieving packet from Spooler of len 2
[09/05/22 15:32:58:4503481] [INFO   ]: Spooler requested update
[09/05/22 15:32:58:7214974] [DEBUG  ]: Recieving packet from Spooler of len 2
[09/05/22 15:32:58:7225491] [INFO   ]: Spooler requested update
[09/05/22 15:32:59:0159939] [DEBUG  ]: Recieving packet from Spooler of len 2
[09/05/22 15:32:59:0167585] [INFO   ]: Spooler requested update
[09/05/22 15:32:59:2372423] [DEBUG  ]: Recieving packet from Spooler of len 2
[09/05/22 15:32:59:2379364] [INFO   ]: Spooler requested update
[09/05/22 15:32:59:5089276] [DEBUG  ]: Recieving packet from Spooler of len 2
[09/05/22 15:32:59:5098186] [INFO   ]: Spooler requested update
[09/05/22 15:32:59:7920425] [DEBUG  ]: Recieving packet from Spooler of len 2
[09/05/22 15:32:59:7930685] [INFO   ]: Spooler requested update
[09/05/22 15:33:00:0251497] [DEBUG  ]: Recieving packet from Spooler of len 2
[09/05/22 15:33:00:0259157] [INFO   ]: Spooler requested update
[09/05/22 15:33:00:2354949] [DEBUG  ]: Recieving packet from Spooler of len 2
[09/05/22 15:33:00:2390894] [INFO   ]: Spooler requested update
[09/05/22 15:33:00:4565693] [DEBUG  ]: Recieving packet from Spooler of len 2
[09/05/22 15:33:00:4572772] [INFO   ]: Spooler requested update
[09/05/22 15:33:00:6747861] [DEBUG  ]: Recieving packet from Spooler of len 2
[09/05/22 15:33:00:6755749] [INFO   ]: Spooler requested update
[09/05/22 15:33:00:9098100] [DEBUG  ]: Recieving packet from Spooler of len 2
[09/05/22 15:33:00:9105105] [INFO   ]: Spooler requested update
[09/05/22 15:33:01:1438742] [DEBUG  ]: Recieving packet from Spooler of len 2
[09/05/22 15:33:01:1448215] [INFO   ]: Spooler requested update
[09/05/22 15:33:01:3899663] [DEBUG  ]: Recieving packet from Spooler of len 2
[09/05/22 15:33:01:3907959] [INFO   ]: Spooler requested update
[09/05/22 15:33:01:6216656] [DEBUG  ]: Recieving packet from Spooler of len 2
[09/05/22 15:33:01:6224490] [INFO   ]: Spooler requested update
[09/05/22 15:33:01:8517232] [DEBUG  ]: Recieving packet from Spooler of len 2
[09/05/22 15:33:01:8524311] [INFO   ]: Spooler requested update
[09/05/22 15:33:02:0694840] [DEBUG  ]: Recieving packet from Spooler of len 2
[09/05/22 15:33:02:0701916] [INFO   ]: Spooler requested update
[09/05/22 15:33:02:3092535] [DEBUG  ]: Recieving packet from Spooler of len 2
[09/05/22 15:33:02:3100852] [INFO   ]: Spooler requested update
[09/05/22 15:33:02:5576643] [DEBUG  ]: Recieving packet from Spooler of len 2
[09/05/22 15:33:02:5591705] [INFO   ]: Spooler requested update
[09/05/22 15:33:02:7846929] [DEBUG  ]: Recieving packet from Spooler of len 2
[09/05/22 15:33:02:7853904] [INFO   ]: Spooler requested update
[09/05/22 15:33:03:0165513] [DEBUG  ]: Recieving packet from Spooler of len 2
[09/05/22 15:33:03:0174455] [INFO   ]: Spooler requested update
[09/05/22 15:33:03:2491091] [DEBUG  ]: Recieving packet from Spooler of len 2
[09/05/22 15:33:03:2498148] [INFO   ]: Spooler requested update
[09/05/22 15:33:03:4867408] [DEBUG  ]: Recieving packet from Spooler of len 2
[09/05/22 15:33:03:4875351] [INFO   ]: Spooler requested update
[09/05/22 15:33:03:7182107] [DEBUG  ]: Recieving packet from Spooler of len 2
[09/05/22 15:33:03:7189376] [INFO   ]: Spooler requested update
[09/05/22 15:33:03:9590505] [DEBUG  ]: Recieving packet from Spooler of len 2
[09/05/22 15:33:03:9643735] [INFO   ]: Spooler requested update
[09/05/22 15:33:04:2071749] [DEBUG  ]: Recieving packet from Spooler of len 2
[09/05/22 15:33:04:2082005] [INFO   ]: Spooler requested update
[09/05/22 15:33:04:4688077] [DEBUG  ]: Recieving packet from Spooler of len 2
[09/05/22 15:33:04:4698765] [INFO   ]: Spooler requested update
[09/05/22 15:33:04:7479736] [DEBUG  ]: Recieving packet from Spooler of len 2
[09/05/22 15:33:04:7487321] [INFO   ]: Spooler requested update
[09/05/22 15:33:05:0176661] [DEBUG  ]: Recieving packet from Spooler of len 2
[09/05/22 15:33:05:0183821] [INFO   ]: Spooler requested update
[09/05/22 15:33:05:2469013] [DEBUG  ]: Recieving packet from Spooler of len 2
[09/05/22 15:33:05:2478007] [INFO   ]: Spooler requested update
[09/05/22 15:33:05:4821330] [DEBUG  ]: Recieving packet from Spooler of len 2
[09/05/22 15:33:05:4830172] [INFO   ]: Spooler requested update
[09/05/22 15:33:05:7129498] [DEBUG  ]: Recieving packet from Spooler of len 2
[09/05/22 15:33:05:7137021] [INFO   ]: Spooler requested update
[09/05/22 15:33:05:9461233] [DEBUG  ]: Recieving packet from Spooler of len 2
[09/05/22 15:33:05:9468557] [INFO   ]: Spooler requested update
[09/05/22 15:33:06:1785048] [DEBUG  ]: Recieving packet from Spooler of len 2
[09/05/22 15:33:06:1792064] [INFO   ]: Spooler requested update
[09/05/22 15:33:06:4070676] [DEBUG  ]: Recieving packet from Spooler of len 2
[09/05/22 15:33:06:4078316] [INFO   ]: Spooler requested update
[09/05/22 15:33:06:6520387] [DEBUG  ]: Recieving packet from Spooler of len 2
[09/05/22 15:33:06:6531770] [INFO   ]: Spooler requested update
[09/05/22 15:33:06:8886638] [DEBUG  ]: Recieving packet from Spooler of len 2
[09/05/22 15:33:06:8894134] [INFO   ]: Spooler requested update
[09/05/22 15:33:07:1172452] [DEBUG  ]: Recieving packet from Spooler of len 2
[09/05/22 15:33:07:1180665] [INFO   ]: Spooler requested update
[09/05/22 15:33:07:3702359] [DEBUG  ]: Recieving packet from Spooler of len 2
[09/05/22 15:33:07:3709894] [INFO   ]: Spooler requested update
[09/05/22 15:33:07:6064688] [DEBUG  ]: Recieving packet from Spooler of len 2
[09/05/22 15:33:07:6102140] [INFO   ]: Spooler requested update
[09/05/22 15:33:07:8487502] [DEBUG  ]: Recieving packet from Spooler of len 2
[09/05/22 15:33:07:8495395] [INFO   ]: Spooler requested update
[09/05/22 15:33:08:0784817] [DEBUG  ]: Recieving packet from Spooler of len 2
[09/05/22 15:33:08:0791916] [INFO   ]: Spooler requested update
[09/05/22 15:33:08:3146886] [DEBUG  ]: Recieving packet from Spooler of len 2
[09/05/22 15:33:08:3154783] [INFO   ]: Spooler requested update
[09/05/22 15:33:08:5443099] [DEBUG  ]: Recieving packet from Spooler of len 2
[09/05/22 15:33:08:5451693] [INFO   ]: Spooler requested update
[09/05/22 15:33:08:7709279] [DEBUG  ]: Recieving packet from Spooler of len 2
[09/05/22 15:33:08:7716283] [INFO   ]: Spooler requested update
[09/05/22 15:33:09:0065054] [DEBUG  ]: Recieving packet from Spooler of len 2
[09/05/22 15:33:09:0075729] [INFO   ]: Spooler requested update
[09/05/22 15:33:09:2591279] [DEBUG  ]: Recieving packet from Spooler of len 2
[09/05/22 15:33:09:2598747] [INFO   ]: Spooler requested update
[09/05/22 15:33:09:5220717] [DEBUG  ]: Recieving packet from Spooler of len 2
[09/05/22 15:33:09:5233105] [INFO   ]: Spooler requested update
[09/05/22 15:33:09:7694626] [DEBUG  ]: Recieving packet from Spooler of len 2
[09/05/22 15:33:09:7701922] [INFO   ]: Spooler requested update
[09/05/22 15:33:09:9933454] [DEBUG  ]: Recieving packet from Spooler of len 2
[09/05/22 15:33:09:9940694] [INFO   ]: Spooler requested update
[09/05/22 15:33:10:2315181] [DEBUG  ]: Recieving packet from Spooler of len 2
[09/05/22 15:33:10:2322484] [INFO   ]: Spooler requested update
[09/05/22 15:33:10:4612558] [DEBUG  ]: Recieving packet from Spooler of len 2
[09/05/22 15:33:10:4620103] [INFO   ]: Spooler requested update
[09/05/22 15:33:10:6934218] [DEBUG  ]: Recieving packet from Spooler of len 2
[09/05/22 15:33:10:6941233] [INFO   ]: Spooler requested update
[09/05/22 15:33:10:9319625] [DEBUG  ]: Recieving packet from Spooler of len 2
[09/05/22 15:33:10:9335477] [INFO   ]: Spooler requested update
[09/05/22 15:33:11:1893514] [DEBUG  ]: Recieving packet from Spooler of len 2
[09/05/22 15:33:11:1903467] [INFO   ]: Spooler requested update
[09/05/22 15:33:11:4448743] [DEBUG  ]: Recieving packet from Spooler of len 2
[09/05/22 15:33:11:4455674] [INFO   ]: Spooler requested update
[09/05/22 15:33:11:6581179] [DEBUG  ]: Recieving packet from Spooler of len 2
[09/05/22 15:33:11:6620313] [INFO   ]: Spooler requested update
[09/05/22 15:33:11:8807043] [DEBUG  ]: Recieving packet from Spooler of len 2
[09/05/22 15:33:11:8814255] [INFO   ]: Spooler requested update
[09/05/22 15:33:12:1120825] [DEBUG  ]: Recieving packet from Spooler of len 2
[09/05/22 15:33:12:1128260] [INFO   ]: Spooler requested update
[09/05/22 15:33:12:3243374] [DEBUG  ]: Recieving packet from Spooler of len 2
[09/05/22 15:33:12:3278416] [INFO   ]: Spooler requested update
[09/05/22 15:33:12:5407912] [DEBUG  ]: Recieving packet from Spooler of len 2
[09/05/22 15:33:12:5452396] [INFO   ]: Spooler requested update
[09/05/22 15:33:12:7629180] [DEBUG  ]: Recieving packet from Spooler of len 2
[09/05/22 15:33:12:7636197] [INFO   ]: Spooler requested update
[09/05/22 15:33:12:9803927] [DEBUG  ]: Recieving packet from Spooler of len 2
[09/05/22 15:33:12:9813528] [INFO   ]: Spooler requested update
[09/05/22 15:33:13:2116913] [DEBUG  ]: Recieving packet from Spooler of len 2
[09/05/22 15:33:13:2124407] [INFO   ]: Spooler requested update
[09/05/22 15:33:13:4262246] [DEBUG  ]: Recieving packet from Spooler of len 2
[09/05/22 15:33:13:4272694] [INFO   ]: Spooler requested update
[09/05/22 15:33:13:6444824] [DEBUG  ]: Recieving packet from Spooler of len 2
[09/05/22 15:33:13:6451861] [INFO   ]: Spooler requested update
[09/05/22 15:33:13:8612115] [DEBUG  ]: Recieving packet from Spooler of len 2
[09/05/22 15:33:13:8619076] [INFO   ]: Spooler requested update
[09/05/22 15:33:14:0782297] [DEBUG  ]: Recieving packet from Spooler of len 2
[09/05/22 15:33:14:0789742] [INFO   ]: Spooler requested update
[09/05/22 15:33:14:2962397] [DEBUG  ]: Recieving packet from Spooler of len 2
[09/05/22 15:33:14:2969613] [INFO   ]: Spooler requested update
[09/05/22 15:33:14:5180184] [DEBUG  ]: Recieving packet from Spooler of len 2
[09/05/22 15:33:14:5191416] [INFO   ]: Spooler requested update
[09/05/22 15:33:14:7617112] [DEBUG  ]: Recieving packet from Spooler of len 2
[09/05/22 15:33:14:7624633] [INFO   ]: Spooler requested update
[09/05/22 15:33:14:9968116] [DEBUG  ]: Recieving packet from Spooler of len 2
[09/05/22 15:33:14:9978030] [INFO   ]: Spooler requested update
[09/05/22 15:33:15:2249418] [DEBUG  ]: Recieving packet from Spooler of