[09/05/22 15:32:53:8832555] [INFO   ]: Logging started
[09/05/22 15:32:53:8950185] [INFO   ]: Starting Spooler receive
[09/05/22 15:32:56:1085509] [DEBUG  ]: Recieving packet from Spooler of len 2
[09/05/22 15:32:56:1089113] [INFO   ]: Spooler requested update
[09/05/22 15:32:56:3238781] [DEBUG  ]: Recieving packet from Spooler of len 2
[09/05/22 15:32:56:3241134] [INFO   ]: Spooler requested update
[09/05/22 15:32:56:5074138] [DEBUG  ]: Recieving packet from Spooler of len 2
[09/05/22 15:32:56:5076437] [INFO   ]: Spooler requested update
[09/05/22 15:32:56:6760625] [DEBUG  ]: Recieving packet from Spooler of len 2
[09/05/22 15:32:56:6762651] [INFO   ]: Spooler requested update
[09/05/22 15:32:56:8468159] [DEBUG  ]: Recieving packet from Spooler of len 2
[09/05/22 15:32:56:8470378] [INFO   ]: Spooler requested update
[09/05/22 15:32:57:0162578] [DEBUG  ]: Recieving packet from Spooler of len 2
[09/05/22 15:32:57:0164747] [INFO   ]: Spooler requested update
[09/05/22 15:32:57:1850431] [DEBUG  ]: Recieving packet from Spooler of len 2
[09/05/22 15:32:57:1852465] [INFO   ]: Spooler requested update
[09/05/22 15:32:57:3567347] [DEBUG  ]: Recieving packet from Spooler of len 2
[09/05/22 15:32:57:3569433] [INFO   ]: Spooler requested update
[09/05/22 15:32:57:5271506] [DEBUG  ]: Recieving packet from Spooler of len 2
[09/05/22 15:32:57:5273854] [INFO   ]: Spooler requested update
[09/05/22 15:32:57:6959942] [DEBUG  ]: Recieving packet from Spooler of len 2
[09/05/22 15:32:57:6962021] [INFO   ]: Spooler requested update
[09/05/22 15:32:57:8731104] [DEBUG  ]: Recieving packet from Spooler of len 2
[09/05/22 15:32:57:8733318] [INFO   ]: Spooler requested update
[09/05/22 15:32:58:0603967] [DEBUG  ]: Recieving packet from Spooler of len 2
[09/05/22 15:32:58:0606425] [INFO   ]: Spooler requested update
[09/05/22 15:32:58:2474901] [DEBUG  ]: Recieving packet from Spooler of len 2
[09/05/22 15:32:58:2477208] [INFO   ]: Spooler requested update
[09/05/22 15:32:58:4638262] [DEBUG  ]: Recieving packet from Spooler of len 2
[09/05/22 15:32:58:4645695] [INFO   ]: Spooler requested update
[09/05/22 15:32:58:7620156] [DEBUG  ]: Recieving packet from Spooler of len 2
[09/05/22 15:32:58:7633076] [INFO   ]: Spooler requested update
[09/05/22 15:32:59:0298815] [DEBUG  ]: Recieving packet from Spooler of len 2
[09/05/22 15:32:59:0305980] [INFO   ]: Spooler requested update
[09/05/22 15:32:59:2505788] [DEBUG  ]: Recieving packet from Spooler of len 2
[09/05/22 15:32:59:2513060] [INFO   ]: Spooler requested update
[09/05/22 15:32:59:5424448] [DEBUG  ]: Recieving packet from Spooler of len 2
[09/05/22 15:32:59:5437000] [INFO   ]: Spooler requested update
[09/05/22 15:32:59:8069326] [DEBUG  ]: Recieving packet from Spooler of len 2
[09/05/22 15:32:59:8077112] [INFO   ]: Spooler requested update
[09/05/22 15:33:00:0386615] [DEBUG  ]: Recieving packet from Spooler of len 2
[09/05/22 15:33:00:0393693] [INFO   ]: Spooler requested update
[09/05/22 15:33:00:2493404] [DEBUG  ]: Recieving packet from Spooler of len 2
[09/05/22 15:33:00:2501301] [INFO   ]: Spooler requested update
[09/05/22 15:33:00:4702775] [DEBUG  ]: Recieving packet from Spooler of len 2
[09/05/22 15:33:00:4709656] [INFO   ]: Spooler requested update
[09/05/22 15:33:00:6881311] [DEBUG  ]: Recieving packet from Spooler of len 2
[09/05/22 15:33:00:6889363] [INFO   ]: Spooler requested update
[09/05/22 15:33:00:9235459] [DEBUG  ]: Recieving packet from Spooler of len 2
[09/05/22 15:33:00:9242594] [INFO   ]: Spooler requested update
[09/05/22 15:33:01:1597965] [DEBUG  ]: Recieving packet from Spooler of len 2
[09/05/22 15:33:01:1604771] [INFO   ]: Spooler requested update
[09/05/22 15:33:01:4036319] [DEBUG  ]: Recieving packet from Spooler of len 2
[09/05/22 15:33:01:4044524] [INFO   ]: Spooler requested update
[09/05/22 15:33:01:6361017] [DEBUG  ]: Recieving packet from Spooler of len 2
[09/05/22 15:33:01:6369066] [INFO   ]: Spooler requested update
[09/05/22 15:33:01:8647504] [DEBUG  ]: Recieving packet from Spooler of len 2
[09/05/22 15:33:01:8654793] [INFO   ]: Spooler requested update
[09/05/22 15:33:02:0834628] [DEBUG  ]: Recieving packet from Spooler of len 2
[09/05/22 15:33:02:0841808] [INFO   ]: Spooler requested update
[09/05/22 15:33:02:3254056] [DEBUG  ]: Recieving packet from Spooler of len 2
[09/05/22 15:33:02:3264120] [INFO   ]: Spooler requested update
[09/05/22 15:33:02:5741538] [DEBUG  ]: Recieving packet from Spooler of len 2
[09/05/22 15:33:02:5775982] [INFO   ]: Spooler requested update
[09/05/22 15:33:02:7979947] [DEBUG  ]: Recieving packet from Spooler of len 2
[09/05/22 15:33:02:7986997] [INFO   ]: Spooler requested update
[09/05/22 15:33:03:0315362] [DEBUG  ]: Recieving packet from Spooler of len 2
[09/05/22 15:33:03:0322463] [INFO   ]: Spooler requested update
[09/05/22 15:33:03:2631517] [DEBUG  ]: Recieving packet from Spooler of len 2
[09/05/22 15:33:03:2638727] [INFO   ]: Spooler requested update
[09/05/22 15:33:03:5016033] [DEBUG  ]: Recieving packet from Spooler of len 2
[09/05/22 15:33:03:5023881] [INFO   ]: Spooler requested update
[09/05/22 15:33:03:7316822] [DEBUG  ]: Recieving packet from Spooler of len 2
[09/05/22 15:33:03:7324209] [INFO   ]: Spooler requested update
[09/05/22 15:33:03:9821741] [DEBUG  ]: Recieving packet from Spooler of len 2
[09/05/22 15:33:03:9836069] [INFO   ]: Spooler requested update
[09/05/22 15:33:04:2262595] [DEBUG  ]: Recieving packet from Spooler of len 2
[09/05/22 15:33:04:2276155] [INFO   ]: Spooler requested update
[09/05/22 15:33:04:4805403] [DEBUG  ]: Recieving packet from Spooler of len 2
[09/05/22 15:33:04:4843111] [INFO   ]: Spooler requested update
[09/05/22 15:33:04:7724518] [DEBUG  ]: Recieving packet from Spooler of len 2
[09/05/22 15:33:04:7732031] [INFO   ]: Spooler requested update
[09/05/22 15:33:05:0329303] [DEBUG  ]: Recieving packet from Spooler of len 2
[09/05/22 15:33:05:0341054] [INFO   ]: Spooler requested update
[09/05/22 15:33:05:2621537] [DEBUG  ]: Recieving packet from Spooler of len 2
[09/05/22 15:33:05:2628729] [INFO   ]: Spooler requested update
[09/05/22 15:33:05:4972032] [DEBUG  ]: Recieving packet from Spooler of len 2
[09/05/22 15:33:05:4979024] [INFO   ]: Spooler requested update
[09/05/22 15:33:05:7268245] [DEBUG  ]: Recieving packet from Spooler of len 2
[09/05/22 15:33:05:7275651] [INFO   ]: Spooler requested update
[09/05/22 15:33:05:9580531] [DEBUG  ]: Recieving packet from Spooler of len 2
[09/05/22 15:33:05:9587344] [INFO   ]: Spooler requested update
[09/05/22 15:33:06:1932234] [DEBUG  ]: Recieving packet from Spooler of len 2
[09/05/22 15:33:06:1939462] [INFO   ]: Spooler requested update
[09/05/22 15:33:06:4207475] [DEBUG  ]: Recieving packet from Spooler of len 2
[09/05/22 15:33:06:4215075] [INFO   ]: Spooler requested update
[09/05/22 15:33:06:6697804] [DEBUG  ]: Recieving packet from Spooler of len 2
[09/05/22 15:33:06:6705123] [INFO   ]: Spooler requested update
[09/05/22 15:33:06:9025711] [DEBUG  ]: Recieving packet from Spooler of len 2
[09/05/22 15:33:06:9032584] [INFO   ]: Spooler requested update
[09/05/22 15:33:07:1424437] [DEBUG  ]: Recieving packet from Spooler of len 2
[09/05/22 15:33:07:1449756] [INFO   ]: Spooler requested update
[09/05/22 15:33:07:3861850] [DEBUG  ]: Recieving packet from Spooler of len 2
[09/05/22 15:33:07:3874037] [INFO   ]: Spooler requested update
[09/05/22 15:33:07:6300622] [DEBUG  ]: Recieving packet from Spooler of len 2
[09/05/22 15:33:07:6313259] [INFO   ]: Spooler requested update
[09/05/22 15:33:07:8618852] [DEBUG  ]: Recieving packet from Spooler of len 2
[09/05/22 15:33:07:8626011] [INFO   ]: Spooler requested update
[09/05/22 15:33:08:0932680] [DEBUG  ]: Recieving packet from Spooler of len 2
[09/05/22 15:33:08:0939658] [INFO   ]: Spooler requested update
[09/05/22 15:33:08:3289854] [DEBUG  ]: Recieving packet from Spooler of len 2
[09/05/22 15:33:08:3297896] [INFO   ]: Spooler requested update
[09/05/22 15:33:08:5587433] [DEBUG  ]: Recieving packet from Spooler of len 2
[09/05/22 15:33:08:5596351] [INFO   ]: Spooler requested update
[09/05/22 15:33:08:7848134] [DEBUG  ]: Recieving packet from Spooler of len 2
[09/05/22 15:33:08:7855202] [INFO   ]: Spooler requested update
[09/05/22 15:33:09:0202480] [DEBUG  ]: Recieving packet from Spooler of len 2
[09/05/22 15:33:09:0213647] [INFO   ]: Spooler requested update
[09/05/22 15:33:09:2880716] [DEBUG  ]: Recieving packet from Spooler of len 2
[09/05/22 15:33:09:2889088] [INFO   ]: Spooler requested update
[09/05/22 15:33:09:5368457] [DEBUG  ]: Recieving packet from Spooler of len 2
[09/05/22 15:33:09:5376287] [INFO   ]: Spooler requested update
[09/05/22 15:33:09:7845547] [DEBUG  ]: Recieving packet from Spooler of len 2
[09/05/22 15:33:09:7852400] [INFO   ]: Spooler requested update
[09/05/22 15:33:10:0090214] [DEBUG  ]: Recieving packet from Spooler of len 2
[09/05/22 15:33:10:0098452] [INFO   ]: Spooler requested update
[09/05/22 15:33:10:2446708] [DEBUG  ]: Recieving packet from Spooler of len 2
[09/05/22 15:33:10:2457907] [INFO   ]: Spooler requested update
[09/05/22 15:33:10:4755086] [DEBUG  ]: Recieving packet from Spooler of len 2
[09/05/22 15:33:10:4763333] [INFO   ]: Spooler requested update
[09/05/22 15:33:10:7079567] [DEBUG  ]: Recieving packet from Spooler of len 2
[09/05/22 15:33:10:7087789] [INFO   ]: Spooler requested update
[09/05/22 15:33:10:9493590] [DEBUG  ]: Recieving packet from Spooler of len 2
[09/05/22 15:33:10:9501213] [INFO   ]: Spooler requested update
[09/05/22 15:33:11:2121946] [DEBUG  ]: Recieving packet from Spooler of len 2
[09/05/22 15:33:11:2133063] [INFO   ]: Spooler requested update
[09/05/22 15:33:11:4552922] [DEBUG  ]: Recieving packet from Spooler of len 2
[09/05/22 15:33:11:4590123] [INFO   ]: Spooler requested update
[09/05/22 15:33:11:6720462] [DEBUG  ]: Recieving packet from Spooler of len 2
[09/05/22 15:33:11:6727349] [INFO   ]: Spooler requested update
[09/05/22 15:33:11:8943090] [DEBUG  ]: Recieving packet from Spooler of len 2
[09/05/22 15:33:11:8950243] [INFO   ]: Spooler requested update
[09/05/22 15:33:12:1232099] [DEBUG  ]: Recieving packet from Spooler of len 2
[09/05/22 15:33:12:1258267] [INFO   ]: Spooler requested update
[09/05/22 15:33:12:3379657] [DEBUG  ]: Recieving packet from Spooler of len 2
[09/05/22 15:33:12:3386570] [INFO   ]: Spooler requested update
[09/05/22 15:33:12:5549529] [DEBUG  ]: Recieving packet from Spooler of len 2
[09/05/22 15:33:12:5584143] [INFO   ]: Spooler requested update
[09/05/22 15:33:12:7758031] [DEBUG  ]: Recieving packet from Spooler of len 2
[09/05/22 15:33:12:7765025] [INFO   ]: Spooler requested update
[09/05/22 15:33:12:9968501] [DEBUG  ]: Recieving packet from Spooler of len 2
[09/05/22 15:33:12:9977229] [INFO   ]: Spooler requested update
[09/05/22 15:33:13:2249889] [DEBUG  ]: Recieving packet from Spooler of len 2
[09/05/22 15:33:13:2257206] [INFO   ]: Spooler requested update
[09/05/22 15:33:13:4369950] [DEBUG  ]: Recieving packet from Spooler of len 2
[09/05/22 15:33:13:4378300] [INFO   ]: Spooler requested update
[09/05/22 15:33:13:6586518] [DEBUG  ]: Recieving packet from Spooler of len 2
[09/05/22 15:33:13:6593941] [INFO   ]: Spooler requested update
[09/05/22 15:33:13:8744067] [DEBUG  ]: Recieving packet from Spooler of len 2
[09/05/22 15:33:13:8751058] [INFO   ]: Spooler requested update
[09/05/22 15:33:14:0923673] [DEBUG  ]: Recieving packet from Spooler of len 2
[09/05/22 15:33:14:0931039] [INFO   ]: Spooler requested update
[09/05/22 15:33:14:3100864] [DEBUG  ]: Recieving packet from Spooler of len 2
[09/05/22 15:33:14:3107782] [INFO   ]: Spooler requested update
[09/05/22 15:33:14:5350430] [DEBUG  ]: Recieving packet from Spooler of len 2
[09/05/22 15:33:14:5358972] [INFO   ]: Spooler requested update
[09/05/22 15:33:14:7795564] [DEBUG  ]: Recieving packet from Spooler of len 2
[09/05/22 15:33:14:7803663] [INFO   ]: Spooler requested update
[09/05/22 15:33:15:0130158] [DEBUG  ]: Recieving packet from Spooler of len 2
[09/05/22 15:33:15:0139300] [INFO   ]: Spooler requested update
[09/05/22 15:33:15:2398229] [DEBUG  ]: Recieving packet from Spooler of