[09/05/22 15:32:53:2720498] [INFO   ]: Logging started
[09/05/22 15:32:53:2836984] [INFO   ]: Starting Spooler receive
[09/05/22 15:32:56:0979358] [DEBUG  ]: Recieving packet from Spooler of len 2
[09/05/22 15:32:56:0982908] [INFO   ]: Spooler requested update
[09/05/22 15:32:56:3216516] [DEBUG  ]: Recieving packet from Spooler of len 2
[09/05/22 15:32:56:3218747] [INFO   ]: Spooler requested update
[09/05/22 15:32:56:5052057] [DEBUG  ]: Recieving packet from Spooler of len 2
[09/05/22 15:32:56:5054954] [INFO   ]: Spooler requested update
[09/05/22 15:32:56:6741555] [DEBUG  ]: Recieving packet from Spooler of len 2
[09/05/22 15:32:56:6744272] [INFO   ]: Spooler requested update
[09/05/22 15:32:56:8448406] [DEBUG  ]: Recieving packet from Spooler of len 2
[09/05/22 15:32:56:8450766] [INFO   ]: Spooler requested update
[09/05/22 15:32:57:0143608] [DEBUG  ]: Recieving packet from Spooler of len 2
[09/05/22 15:32:57:0145816] [INFO   ]: Spooler requested update
[09/05/22 15:32:57:1826621] [DEBUG  ]: Recieving packet from Spooler of len 2
[09/05/22 15:32:57:1828667] [INFO   ]: Spooler requested update
[09/05/22 15:32:57:3548216] [DEBUG  ]: Recieving packet from Spooler of len 2
[09/05/22 15:32:57:3550673] [INFO   ]: Spooler requested update
[09/05/22 15:32:57:5250992] [DEBUG  ]: Recieving packet from Spooler of len 2
[09/05/22 15:32:57:5254168] [INFO   ]: Spooler requested update
[09/05/22 15:32:57:6938104] [DEBUG  ]: Recieving packet from Spooler of len 2
[09/05/22 15:32:57:6940115] [INFO   ]: Spooler requested update
[09/05/22 15:32:57:8710902] [DEBUG  ]: Recieving packet from Spooler of len 2
[09/05/22 15:32:57:8713175] [INFO   ]: Spooler requested update
[09/05/22 15:32:58:0583616] [DEBUG  ]: Recieving packet from Spooler of len 2
[09/05/22 15:32:58:0585993] [INFO   ]: Spooler requested update
[09/05/22 15:32:58:2451856] [DEBUG  ]: Recieving packet from Spooler of len 2
[09/05/22 15:32:58:2455743] [INFO   ]: Spooler requested update
[09/05/22 15:32:58:4576908] [DEBUG  ]: Recieving packet from Spooler of len 2
[09/05/22 15:32:58:4585008] [INFO   ]: Spooler requested update
[09/05/22 15:32:58:7367468] [DEBUG  ]: Recieving packet from Spooler of len 2
[09/05/22 15:32:58:7377744] [INFO   ]: Spooler requested update
[09/05/22 15:32:59:0210636] [DEBUG  ]: Recieving packet from Spooler of len 2
[09/05/22 15:32:59:0217825] [INFO   ]: Spooler requested update
[09/05/22 15:32:59:2428837] [DEBUG  ]: Recieving packet from Spooler of len 2
[09/05/22 15:32:59:2453700] [INFO   ]: Spooler requested update
[09/05/22 15:32:59:5297915] [DEBUG  ]: Recieving packet from Spooler of len 2
[09/05/22 15:32:59:5308668] [INFO   ]: Spooler requested update
[09/05/22 15:32:59:7968424] [DEBUG  ]: Recieving packet from Spooler of len 2
[09/05/22 15:32:59:7978658] [INFO   ]: Spooler requested update
[09/05/22 15:33:00:0300724] [DEBUG  ]: Recieving packet from Spooler of len 2
[09/05/22 15:33:00:0307768] [INFO   ]: Spooler requested update
[09/05/22 15:33:00:2428761] [DEBUG  ]: Recieving packet from Spooler of len 2
[09/05/22 15:33:00:2435804] [INFO   ]: Spooler requested update
[09/05/22 15:33:00:4619265] [DEBUG  ]: Recieving packet from Spooler of len 2
[09/05/22 15:33:00:4626373] [INFO   ]: Spooler requested update
[09/05/22 15:33:00:6797340] [DEBUG  ]: Recieving packet from Spooler of len 2
[09/05/22 15:33:00:6804542] [INFO   ]: Spooler requested update
[09/05/22 15:33:00:9151141] [DEBUG  ]: Recieving packet from Spooler of len 2
[09/05/22 15:33:00:9159168] [INFO   ]: Spooler requested update
[09/05/22 15:33:01:1510966] [DEBUG  ]: Recieving packet from Spooler of len 2
[09/05/22 15:33:01:1524373] [INFO   ]: Spooler requested update
[09/05/22 15:33:01:3950101] [DEBUG  ]: Recieving packet from Spooler of len 2
[09/05/22 15:33:01:3957840] [INFO   ]: Spooler requested update
[09/05/22 15:33:01:6269946] [DEBUG  ]: Recieving packet from Spooler of len 2
[09/05/22 15:33:01:6277223] [INFO   ]: Spooler requested update
[09/05/22 15:33:01:8562628] [DEBUG  ]: Recieving packet from Spooler of len 2
[09/05/22 15:33:01:8569821] [INFO   ]: Spooler requested update
[09/05/22 15:33:02:0745771] [DEBUG  ]: Recieving packet from Spooler of len 2
[09/05/22 15:33:02:0753548] [INFO   ]: Spooler requested update
[09/05/22 15:33:02:3175757] [DEBUG  ]: Recieving packet from Spooler of len 2
[09/05/22 15:33:02:3183799] [INFO   ]: Spooler requested update
[09/05/22 15:33:02:5660528] [DEBUG  ]: Recieving packet from Spooler of len 2
[09/05/22 15:33:02:5671989] [INFO   ]: Spooler requested update
[09/05/22 15:33:02:7902452] [DEBUG  ]: Recieving packet from Spooler of len 2
[09/05/22 15:33:02:7909543] [INFO   ]: Spooler requested update
[09/05/22 15:33:03:0213553] [DEBUG  ]: Recieving packet from Spooler of len 2
[09/05/22 15:33:03:0220910] [INFO   ]: Spooler requested update
[09/05/22 15:33:03:2556375] [DEBUG  ]: Recieving packet from Spooler of len 2
[09/05/22 15:33:03:2565008] [INFO   ]: Spooler requested update
[09/05/22 15:33:03:4941646] [DEBUG  ]: Recieving packet from Spooler of len 2
[09/05/22 15:33:03:4949418] [INFO   ]: Spooler requested update
[09/05/22 15:33:03:7256787] [DEBUG  ]: Recieving packet from Spooler of len 2
[09/05/22 15:33:03:7264771] [INFO   ]: Spooler requested update
[09/05/22 15:33:03:9714187] [DEBUG  ]: Recieving packet from Spooler of len 2
[09/05/22 15:33:03:9722390] [INFO   ]: Spooler requested update
[09/05/22 15:33:04:2134769] [DEBUG  ]: Recieving packet from Spooler of len 2
[09/05/22 15:33:04:2143406] [INFO   ]: Spooler requested update
[09/05/22 15:33:04:4740782] [DEBUG  ]: Recieving packet from Spooler of len 2
[09/05/22 15:33:04:4749852] [INFO   ]: Spooler requested update
[09/05/22 15:33:04:7578373] [DEBUG  ]: Recieving packet from Spooler of len 2
[09/05/22 15:33:04:7585953] [INFO   ]: Spooler requested update
[09/05/22 15:33:05:0224359] [DEBUG  ]: Recieving packet from Spooler of len 2
[09/05/22 15:33:05:0259695] [INFO   ]: Spooler requested update
[09/05/22 15:33:05:2518568] [DEBUG  ]: Recieving packet from Spooler of len 2
[09/05/22 15:33:05:2525888] [INFO   ]: Spooler requested update
[09/05/22 15:33:05:4870883] [DEBUG  ]: Recieving packet from Spooler of len 2
[09/05/22 15:33:05:4878539] [INFO   ]: Spooler requested update
[09/05/22 15:33:05:7178288] [DEBUG  ]: Recieving packet from Spooler of len 2
[09/05/22 15:33:05:7185661] [INFO   ]: Spooler requested update
[09/05/22 15:33:05:9505791] [DEBUG  ]: Recieving packet from Spooler of len 2
[09/05/22 15:33:05:9513271] [INFO   ]: Spooler requested update
[09/05/22 15:33:06:1836016] [DEBUG  ]: Recieving packet from Spooler of len 2
[09/05/22 15:33:06:1843052] [INFO   ]: Spooler requested update
[09/05/22 15:33:06:4116860] [DEBUG  ]: Recieving packet from Spooler of len 2
[09/05/22 15:33:06:4124474] [INFO   ]: Spooler requested update
[09/05/22 15:33:06:6600088] [DEBUG  ]: Recieving packet from Spooler of len 2
[09/05/22 15:33:06:6608222] [INFO   ]: Spooler requested update
[09/05/22 15:33:06:8935760] [DEBUG  ]: Recieving packet from Spooler of len 2
[09/05/22 15:33:06:8942860] [INFO   ]: Spooler requested update
[09/05/22 15:33:07:1244895] [DEBUG  ]: Recieving packet from Spooler of len 2
[09/05/22 15:33:07:1252062] [INFO   ]: Spooler requested update
[09/05/22 15:33:07:3779162] [DEBUG  ]: Recieving packet from Spooler of len 2
[09/05/22 15:33:07:3788058] [INFO   ]: Spooler requested update
[09/05/22 15:33:07:6146293] [DEBUG  ]: Recieving packet from Spooler of len 2
[09/05/22 15:33:07:6155914] [INFO   ]: Spooler requested update
[09/05/22 15:33:07:8534203] [DEBUG  ]: Recieving packet from Spooler of len 2
[09/05/22 15:33:07:8562807] [INFO   ]: Spooler requested update
[09/05/22 15:33:08:0846851] [DEBUG  ]: Recieving packet from Spooler of len 2
[09/05/22 15:33:08:0853987] [INFO   ]: Spooler requested update
[09/05/22 15:33:08:3217285] [DEBUG  ]: Recieving packet from Spooler of len 2
[09/05/22 15:33:08:3224563] [INFO   ]: Spooler requested update
[09/05/22 15:33:08:5526696] [DEBUG  ]: Recieving packet from Spooler of len 2
[09/05/22 15:33:08:5536879] [INFO   ]: Spooler requested update
[09/05/22 15:33:08:7761227] [DEBUG  ]: Recieving packet from Spooler of len 2
[09/05/22 15:33:08:7768655] [INFO   ]: Spooler requested update
[09/05/22 15:33:09:0115665] [DEBUG  ]: Recieving packet from Spooler of len 2
[09/05/22 15:33:09:0122945] [INFO   ]: Spooler requested update
[09/05/22 15:33:09:2732258] [DEBUG  ]: Recieving packet from Spooler of len 2
[09/05/22 15:33:09:2743873] [INFO   ]: Spooler requested update
[09/05/22 15:33:09:5301652] [DEBUG  ]: Recieving packet from Spooler of len 2
[09/05/22 15:33:09:5312668] [INFO   ]: Spooler requested update
[09/05/22 15:33:09:7783135] [DEBUG  ]: Recieving packet from Spooler of len 2
[09/05/22 15:33:09:7795068] [INFO   ]: Spooler requested update
[09/05/22 15:33:09:9983998] [DEBUG  ]: Recieving packet from Spooler of len 2
[09/05/22 15:33:09:9996923] [INFO   ]: Spooler requested update
[09/05/22 15:33:10:2377195] [DEBUG  ]: Recieving packet from Spooler of len 2
[09/05/22 15:33:10:2384390] [INFO   ]: Spooler requested update
[09/05/22 15:33:10:4663366] [DEBUG  ]: Recieving packet from Spooler of len 2
[09/05/22 15:33:10:4705608] [INFO   ]: Spooler requested update
[09/05/22 15:33:10:7017117] [DEBUG  ]: Recieving packet from Spooler of len 2
[09/05/22 15:33:10:7024305] [INFO   ]: Spooler requested update
[09/05/22 15:33:10:9402871] [DEBUG  ]: Recieving packet from Spooler of len 2
[09/05/22 15:33:10:9414154] [INFO   ]: Spooler requested update
[09/05/22 15:33:11:2018535] [DEBUG  ]: Recieving packet from Spooler of len 2
[09/05/22 15:33:11:2032158] [INFO   ]: Spooler requested update
[09/05/22 15:33:11:4494106] [DEBUG  ]: Recieving packet from Spooler of len 2
[09/05/22 15:33:11:4502074] [INFO   ]: Spooler requested update
[09/05/22 15:33:11:6665194] [DEBUG  ]: Recieving packet from Spooler of len 2
[09/05/22 15:33:11:6672432] [INFO   ]: Spooler requested update
[09/05/22 15:33:11:8857121] [DEBUG  ]: Recieving packet from Spooler of len 2
[09/05/22 15:33:11:8864416] [INFO   ]: Spooler requested update
[09/05/22 15:33:12:1172144] [DEBUG  ]: Recieving packet from Spooler of len 2
[09/05/22 15:33:12:1180976] [INFO   ]: Spooler requested update
[09/05/22 15:33:12:3318790] [DEBUG  ]: Recieving packet from Spooler of len 2
[09/05/22 15:33:12:3326017] [INFO   ]: Spooler requested update
[09/05/22 15:33:12:5490989] [DEBUG  ]: Recieving packet from Spooler of len 2
[09/05/22 15:33:12:5498056] [INFO   ]: Spooler requested update
[09/05/22 15:33:12:7672928] [DEBUG  ]: Recieving packet from Spooler of len 2
[09/05/22 15:33:12:7679945] [INFO   ]: Spooler requested update
[09/05/22 15:33:12:9859886] [DEBUG  ]: Recieving packet from Spooler of len 2
[09/05/22 15:33:12:9868923] [INFO   ]: Spooler requested update
[09/05/22 15:33:13:2164053] [DEBUG  ]: Recieving packet from Spooler of len 2
[09/05/22 15:33:13:2171047] [INFO   ]: Spooler requested update
[09/05/22 15:33:13:4314454] [DEBUG  ]: Recieving packet from Spooler of len 2
[09/05/22 15:33:13:4321367] [INFO   ]: Spooler requested update
[09/05/22 15:33:13:6498105] [DEBUG  ]: Recieving packet from Spooler of len 2
[09/05/22 15:33:13:6505809] [INFO   ]: Spooler requested update
[09/05/22 15:33:13:8658430] [DEBUG  ]: Recieving packet from Spooler of len 2
[09/05/22 15:33:13:8665826] [INFO   ]: Spooler requested update
[09/05/22 15:33:14:0828178] [DEBUG  ]: Recieving packet from Spooler of len 2
[09/05/22 15:33:14:0835248] [INFO   ]: Spooler requested update
[09/05/22 15:33:14:3007453] [DEBUG  ]: Recieving packet from Spooler of len 2
[09/05/22 15:33:14:3014829] [INFO   ]: Spooler requested update
[09/05/22 15:33:14:5274547] [DEBUG  ]: Recieving packet from Spooler of len 2
[09/05/22 15:33:14:5281629] [INFO   ]: Spooler requested update
[09/05/22 15:33:14:7670897] [DEBUG  ]: Recieving packet from Spooler of len 2
[09/05/22 15:33:14:7678181] [INFO   ]: Spooler requested update
[09/05/22 15:33:15:0057690] [DEBUG  ]: Recieving packet from Spooler of len 2
[09/05/22 15:33:15:0064768] [INFO   ]: Spooler requested update
[09/05/22 15:33:15:2294535] [DEBUG  ]: Recieving packet from Spooler of