[09/05/22 15:32:54:3135953] [INFO   ]: Logging started
[09/05/22 15:32:54:3265690] [INFO   ]: Starting Spooler receive
[09/05/22 15:32:56:1170065] [DEBUG  ]: Recieving packet from Spooler of len 2
[09/05/22 15:32:56:1173601] [INFO   ]: Spooler requested update
[09/05/22 15:32:56:3257111] [DEBUG  ]: Recieving packet from Spooler of len 2
[09/05/22 15:32:56:3259263] [INFO   ]: Spooler requested update
[09/05/22 15:32:56:5090740] [DEBUG  ]: Recieving packet from Spooler of len 2
[09/05/22 15:32:56:5093283] [INFO   ]: Spooler requested update
[09/05/22 15:32:56:6775625] [DEBUG  ]: Recieving packet from Spooler of len 2
[09/05/22 15:32:56:6777890] [INFO   ]: Spooler requested update
[09/05/22 15:32:56:8483275] [DEBUG  ]: Recieving packet from Spooler of len 2
[09/05/22 15:32:56:8485554] [INFO   ]: Spooler requested update
[09/05/22 15:32:57:0178486] [DEBUG  ]: Recieving packet from Spooler of len 2
[09/05/22 15:32:57:0180728] [INFO   ]: Spooler requested update
[09/05/22 15:32:57:1864518] [DEBUG  ]: Recieving packet from Spooler of len 2
[09/05/22 15:32:57:1866746] [INFO   ]: Spooler requested update
[09/05/22 15:32:57:3582121] [DEBUG  ]: Recieving packet from Spooler of len 2
[09/05/22 15:32:57:3584459] [INFO   ]: Spooler requested update
[09/05/22 15:32:57:5286458] [DEBUG  ]: Recieving packet from Spooler of len 2
[09/05/22 15:32:57:5288810] [INFO   ]: Spooler requested update
[09/05/22 15:32:57:6974611] [DEBUG  ]: Recieving packet from Spooler of len 2
[09/05/22 15:32:57:6977169] [INFO   ]: Spooler requested update
[09/05/22 15:32:57:8746889] [DEBUG  ]: Recieving packet from Spooler of len 2
[09/05/22 15:32:57:8749246] [INFO   ]: Spooler requested update
[09/05/22 15:32:58:0621248] [DEBUG  ]: Recieving packet from Spooler of len 2
[09/05/22 15:32:58:0623499] [INFO   ]: Spooler requested update
[09/05/22 15:32:58:2491608] [DEBUG  ]: Recieving packet from Spooler of len 2
[09/05/22 15:32:58:2493851] [INFO   ]: Spooler requested update
[09/05/22 15:32:58:4684397] [DEBUG  ]: Recieving packet from Spooler of len 2
[09/05/22 15:32:58:4716277] [INFO   ]: Spooler requested update
[09/05/22 15:32:58:7736527] [DEBUG  ]: Recieving packet from Spooler of len 2
[09/05/22 15:32:58:7783999] [INFO   ]: Spooler requested update
[09/05/22 15:32:59:0345688] [DEBUG  ]: Recieving packet from Spooler of len 2
[09/05/22 15:32:59:0353619] [INFO   ]: Spooler requested update
[09/05/22 15:32:59:2551573] [DEBUG  ]: Recieving packet from Spooler of len 2
[09/05/22 15:32:59:2558737] [INFO   ]: Spooler requested update
[09/05/22 15:32:59:5479260] [DEBUG  ]: Recieving packet from Spooler of len 2
[09/05/22 15:32:59:5486484] [INFO   ]: Spooler requested update
[09/05/22 15:32:59:8123682] [DEBUG  ]: Recieving packet from Spooler of len 2
[09/05/22 15:32:59:8138515] [INFO   ]: Spooler requested update
[09/05/22 15:33:00:0432238] [DEBUG  ]: Recieving packet from Spooler of len 2
[09/05/22 15:33:00:0439605] [INFO   ]: Spooler requested update
[09/05/22 15:33:00:2566036] [DEBUG  ]: Recieving packet from Spooler of len 2
[09/05/22 15:33:00:2574585] [INFO   ]: Spooler requested update
[09/05/22 15:33:00:4748432] [DEBUG  ]: Recieving packet from Spooler of len 2
[09/05/22 15:33:00:4756085] [INFO   ]: Spooler requested update
[09/05/22 15:33:00:6927784] [DEBUG  ]: Recieving packet from Spooler of len 2
[09/05/22 15:33:00:6935342] [INFO   ]: Spooler requested update
[09/05/22 15:33:00:9292806] [DEBUG  ]: Recieving packet from Spooler of len 2
[09/05/22 15:33:00:9300349] [INFO   ]: Spooler requested update
[09/05/22 15:33:01:1693483] [DEBUG  ]: Recieving packet from Spooler of len 2
[09/05/22 15:33:01:1700741] [INFO   ]: Spooler requested update
[09/05/22 15:33:01:4088917] [DEBUG  ]: Recieving packet from Spooler of len 2
[09/05/22 15:33:01:4096863] [INFO   ]: Spooler requested update
[09/05/22 15:33:01:6415537] [DEBUG  ]: Recieving packet from Spooler of len 2
[09/05/22 15:33:01:6422540] [INFO   ]: Spooler requested update
[09/05/22 15:33:01:8696728] [DEBUG  ]: Recieving packet from Spooler of len 2
[09/05/22 15:33:01:8703790] [INFO   ]: Spooler requested update
[09/05/22 15:33:02:0885025] [DEBUG  ]: Recieving packet from Spooler of len 2
[09/05/22 15:33:02:0892284] [INFO   ]: Spooler requested update
[09/05/22 15:33:02:3341595] [DEBUG  ]: Recieving packet from Spooler of len 2
[09/05/22 15:33:02:3351832] [INFO   ]: Spooler requested update
[09/05/22 15:33:02:5820150] [DEBUG  ]: Recieving packet from Spooler of len 2
[09/05/22 15:33:02:5828507] [INFO   ]: Spooler requested update
[09/05/22 15:33:02:8055297] [DEBUG  ]: Recieving packet from Spooler of len 2
[09/05/22 15:33:02:8064529] [INFO   ]: Spooler requested update
[09/05/22 15:33:03:0360419] [DEBUG  ]: Recieving packet from Spooler of len 2
[09/05/22 15:33:03:0367716] [INFO   ]: Spooler requested update
[09/05/22 15:33:03:2692024] [DEBUG  ]: Recieving packet from Spooler of len 2
[09/05/22 15:33:03:2699702] [INFO   ]: Spooler requested update
[09/05/22 15:33:03:5103913] [DEBUG  ]: Recieving packet from Spooler of len 2
[09/05/22 15:33:03:5111243] [INFO   ]: Spooler requested update
[09/05/22 15:33:03:7435176] [DEBUG  ]: Recieving packet from Spooler of len 2
[09/05/22 15:33:03:7442350] [INFO   ]: Spooler requested update
[09/05/22 15:33:03:9900394] [DEBUG  ]: Recieving packet from Spooler of len 2
[09/05/22 15:33:03:9913233] [INFO   ]: Spooler requested update
[09/05/22 15:33:04:2321081] [DEBUG  ]: Recieving packet from Spooler of len 2
[09/05/22 15:33:04:2365370] [INFO   ]: Spooler requested update
[09/05/22 15:33:04:4886867] [DEBUG  ]: Recieving packet from Spooler of len 2
[09/05/22 15:33:04:4895092] [INFO   ]: Spooler requested update
[09/05/22 15:33:04:7902347] [DEBUG  ]: Recieving packet from Spooler of len 2
[09/05/22 15:33:04:7931259] [INFO   ]: Spooler requested update
[09/05/22 15:33:05:0387429] [DEBUG  ]: Recieving packet from Spooler of len 2
[09/05/22 15:33:05:0416546] [INFO   ]: Spooler requested update
[09/05/22 15:33:05:2682365] [DEBUG  ]: Recieving packet from Spooler of len 2
[09/05/22 15:33:05:2689857] [INFO   ]: Spooler requested update
[09/05/22 15:33:05:5020032] [DEBUG  ]: Recieving packet from Spooler of len 2
[09/05/22 15:33:05:5027049] [INFO   ]: Spooler requested update
[09/05/22 15:33:05:7317795] [DEBUG  ]: Recieving packet from Spooler of len 2
[09/05/22 15:33:05:7325182] [INFO   ]: Spooler requested update
[09/05/22 15:33:05:9633407] [DEBUG  ]: Recieving packet from Spooler of len 2
[09/05/22 15:33:05:9640633] [INFO   ]: Spooler requested update
[09/05/22 15:33:06:1978382] [DEBUG  ]: Recieving packet from Spooler of len 2
[09/05/22 15:33:06:1985852] [INFO   ]: Spooler requested update
[09/05/22 15:33:06:4254224] [DEBUG  ]: Recieving packet from Spooler of len 2
[09/05/22 15:33:06:4261940] [INFO   ]: Spooler requested update
[09/05/22 15:33:06:6756918] [DEBUG  ]: Recieving packet from Spooler of len 2
[09/05/22 15:33:06:6764520] [INFO   ]: Spooler requested update
[09/05/22 15:33:06:9070564] [DEBUG  ]: Recieving packet from Spooler of len 2
[09/05/22 15:33:06:9077949] [INFO   ]: Spooler requested update
[09/05/22 15:33:07:1567250] [DEBUG  ]: Recieving packet from Spooler of len 2
[09/05/22 15:33:07:1574221] [INFO   ]: Spooler requested update
[09/05/22 15:33:07:3941522] [DEBUG  ]: Recieving packet from Spooler of len 2
[09/05/22 15:33:07:3950705] [INFO   ]: Spooler requested update
[09/05/22 15:33:07:6367860] [DEBUG  ]: Recieving packet from Spooler of len 2
[09/05/22 15:33:07:6393241] [INFO   ]: Spooler requested update
[09/05/22 15:33:07:8670242] [DEBUG  ]: Recieving packet from Spooler of len 2
[09/05/22 15:33:07:8677508] [INFO   ]: Spooler requested update
[09/05/22 15:33:08:0995305] [DEBUG  ]: Recieving packet from Spooler of len 2
[09/05/22 15:33:08:1002576] [INFO   ]: Spooler requested update
[09/05/22 15:33:08:3360779] [DEBUG  ]: Recieving packet from Spooler of len 2
[09/05/22 15:33:08:3367906] [INFO   ]: Spooler requested update
[09/05/22 15:33:08:5639894] [DEBUG  ]: Recieving packet from Spooler of len 2
[09/05/22 15:33:08:5677313] [INFO   ]: Spooler requested update
[09/05/22 15:33:08:7914708] [DEBUG  ]: Recieving packet from Spooler of len 2
[09/05/22 15:33:08:7922169] [INFO   ]: Spooler requested update
[09/05/22 15:33:09:0259966] [DEBUG  ]: Recieving packet from Spooler of len 2
[09/05/22 15:33:09:0267124] [INFO   ]: Spooler requested update
[09/05/22 15:33:09:2938545] [DEBUG  ]: Recieving packet from Spooler of len 2
[09/05/22 15:33:09:2947225] [INFO   ]: Spooler requested update
[09/05/22 15:33:09:5453625] [DEBUG  ]: Recieving packet from Spooler of len 2
[09/05/22 15:33:09:5461716] [INFO   ]: Spooler requested update
[09/05/22 15:33:09:7929808] [DEBUG  ]: Recieving packet from Spooler of len 2
[09/05/22 15:33:09:7936787] [INFO   ]: Spooler requested update
[09/05/22 15:33:10:0137962] [DEBUG  ]: Recieving packet from Spooler of len 2
[09/05/22 15:33:10:0145349] [INFO   ]: Spooler requested update
[09/05/22 15:33:10:2501552] [DEBUG  ]: Recieving packet from Spooler of len 2
[09/05/22 15:33:10:2537904] [INFO   ]: Spooler requested update
[09/05/22 15:33:10:4803207] [DEBUG  ]: Recieving packet from Spooler of len 2
[09/05/22 15:33:10:4810631] [INFO   ]: Spooler requested update
[09/05/22 15:33:10:7131086] [DEBUG  ]: Recieving packet from Spooler of len 2
[09/05/22 15:33:10:7138963] [INFO   ]: Spooler requested update
[09/05/22 15:33:10:9555996] [DEBUG  ]: Recieving packet from Spooler of len 2
[09/05/22 15:33:10:9564006] [INFO   ]: Spooler requested update
[09/05/22 15:33:11:2183562] [DEBUG  ]: Recieving packet from Spooler of len 2
[09/05/22 15:33:11:2190943] [INFO   ]: Spooler requested update
[09/05/22 15:33:11:4635423] [DEBUG  ]: Recieving packet from Spooler of len 2
[09/05/22 15:33:11:4643973] [INFO   ]: Spooler requested update
[09/05/22 15:33:11:6794327] [DEBUG  ]: Recieving packet from Spooler of len 2
[09/05/22 15:33:11:6802430] [INFO   ]: Spooler requested update
[09/05/22 15:33:11:8990229] [DEBUG  ]: Recieving packet from Spooler of len 2
[09/05/22 15:33:11:9002198] [INFO   ]: Spooler requested update
[09/05/22 15:33:12:1295203] [DEBUG  ]: Recieving packet from Spooler of len 2
[09/05/22 15:33:12:1303701] [INFO   ]: Spooler requested update
[09/05/22 15:33:12:3452643] [DEBUG  ]: Recieving packet from Spooler of len 2
[09/05/22 15:33:12:3461569] [INFO   ]: Spooler requested update
[09/05/22 15:33:12:5630622] [DEBUG  ]: Recieving packet from Spooler of len 2
[09/05/22 15:33:12:5637643] [INFO   ]: Spooler requested update
[09/05/22 15:33:12:7807573] [DEBUG  ]: Recieving packet from Spooler of len 2
[09/05/22 15:33:12:7815028] [INFO   ]: Spooler requested update
[09/05/22 15:33:13:0022598] [DEBUG  ]: Recieving packet from Spooler of len 2
[09/05/22 15:33:13:0029690] [INFO   ]: Spooler requested update
[09/05/22 15:33:13:2302152] [DEBUG  ]: Recieving packet from Spooler of len 2
[09/05/22 15:33:13:2309570] [INFO   ]: Spooler requested update
[09/05/22 15:33:13:4447361] [DEBUG  ]: Recieving packet from Spooler of len 2
[09/05/22 15:33:13:4455266] [INFO   ]: Spooler requested update
[09/05/22 15:33:13:6631852] [DEBUG  ]: Recieving packet from Spooler of len 2
[09/05/22 15:33:13:6640717] [INFO   ]: Spooler requested update
[09/05/22 15:33:13:8789861] [DEBUG  ]: Recieving packet from Spooler of len 2
[09/05/22 15:33:13:8797384] [INFO   ]: Spooler requested update
[09/05/22 15:33:14:0970834] [DEBUG  ]: Recieving packet from Spooler of len 2
[09/05/22 15:33:14:0978444] [INFO   ]: Spooler requested update
[09/05/22 15:33:14:3145585] [DEBUG  ]: Recieving packet from Spooler of len 2
[09/05/22 15:33:14:3152848] [INFO   ]: Spooler requested update
[09/05/22 15:33:14:5438204] [DEBUG  ]: Recieving packet from Spooler of len 2
[09/05/22 15:33:14:5445867] [INFO   ]: Spooler requested update
[09/05/22 15:33:14:7842380] [DEBUG  ]: Recieving packet from Spooler of len 2
[09/05/22 15:33:14:7871881] [INFO   ]: Spooler requested update
[09/05/22 15:33:15:0211161] [DEBUG  ]: Recieving packet from Spooler of len 2
[09/05/22 15:33:15:0220849] [INFO   ]: Spooler requested update
[09/05/22 15:33:15:2467167] [DEBUG  ]: Recieving packet from Spooler of