[09/05/22 15:32:51:4404329] [INFO   ]: Logging started
[09/05/22 15:32:51:4533073] [INFO   ]: Starting Spooler receive
[09/05/22 15:32:56:0597652] [DEBUG  ]: Recieving packet from Spooler of len 2
[09/05/22 15:32:56:0601448] [INFO   ]: Spooler requested update
[09/05/22 15:32:56:3132307] [DEBUG  ]: Recieving packet from Spooler of len 2
[09/05/22 15:32:56:3134567] [INFO   ]: Spooler requested update
[09/05/22 15:32:56:4972639] [DEBUG  ]: Recieving packet from Spooler of len 2
[09/05/22 15:32:56:4975160] [INFO   ]: Spooler requested update
[09/05/22 15:32:56:6673372] [DEBUG  ]: Recieving packet from Spooler of len 2
[09/05/22 15:32:56:6675542] [INFO   ]: Spooler requested update
[09/05/22 15:32:56:8376786] [DEBUG  ]: Recieving packet from Spooler of len 2
[09/05/22 15:32:56:8379041] [INFO   ]: Spooler requested update
[09/05/22 15:32:57:0076720] [DEBUG  ]: Recieving packet from Spooler of len 2
[09/05/22 15:32:57:0079011] [INFO   ]: Spooler requested update
[09/05/22 15:32:57:1763090] [DEBUG  ]: Recieving packet from Spooler of len 2
[09/05/22 15:32:57:1765332] [INFO   ]: Spooler requested update
[09/05/22 15:32:57:3475910] [DEBUG  ]: Recieving packet from Spooler of len 2
[09/05/22 15:32:57:3477854] [INFO   ]: Spooler requested update
[09/05/22 15:32:57:5183726] [DEBUG  ]: Recieving packet from Spooler of len 2
[09/05/22 15:32:57:5185956] [INFO   ]: Spooler requested update
[09/05/22 15:32:57:6877662] [DEBUG  ]: Recieving packet from Spooler of len 2
[09/05/22 15:32:57:6879727] [INFO   ]: Spooler requested update
[09/05/22 15:32:57:8642825] [DEBUG  ]: Recieving packet from Spooler of len 2
[09/05/22 15:32:57:8644806] [INFO   ]: Spooler requested update
[09/05/22 15:32:58:0516024] [DEBUG  ]: Recieving packet from Spooler of len 2
[09/05/22 15:32:58:0518322] [INFO   ]: Spooler requested update
[09/05/22 15:32:58:2381397] [DEBUG  ]: Recieving packet from Spooler of len 2
[09/05/22 15:32:58:2383724] [INFO   ]: Spooler requested update
[09/05/22 15:32:58:4299447] [DEBUG  ]: Recieving packet from Spooler of len 2
[09/05/22 15:32:58:4310828] [INFO   ]: Spooler requested update
[09/05/22 15:32:58:6662479] [DEBUG  ]: Recieving packet from Spooler of len 2
[09/05/22 15:32:58:6673258] [INFO   ]: Spooler requested update
[09/05/22 15:32:58:9969266] [DEBUG  ]: Recieving packet from Spooler of len 2
[09/05/22 15:32:58:9976203] [INFO   ]: Spooler requested update
[09/05/22 15:32:59:2152339] [DEBUG  ]: Recieving packet from Spooler of len 2
[09/05/22 15:32:59:2159375] [INFO   ]: Spooler requested update
[09/05/22 15:32:59:4516330] [DEBUG  ]: Recieving packet from Spooler of len 2
[09/05/22 15:32:59:4524014] [INFO   ]: Spooler requested update
[09/05/22 15:32:59:7675808] [DEBUG  ]: Recieving packet from Spooler of len 2
[09/05/22 15:32:59:7683687] [INFO   ]: Spooler requested update
[09/05/22 15:33:00:0046606] [DEBUG  ]: Recieving packet from Spooler of len 2
[09/05/22 15:33:00:0054868] [INFO   ]: Spooler requested update
[09/05/22 15:33:00:2201370] [DEBUG  ]: Recieving packet from Spooler of len 2
[09/05/22 15:33:00:2209342] [INFO   ]: Spooler requested update
[09/05/22 15:33:00:4377676] [DEBUG  ]: Recieving packet from Spooler of len 2
[09/05/22 15:33:00:4384888] [INFO   ]: Spooler requested update
[09/05/22 15:33:00:6546731] [DEBUG  ]: Recieving packet from Spooler of len 2
[09/05/22 15:33:00:6553905] [INFO   ]: Spooler requested update
[09/05/22 15:33:00:8875316] [DEBUG  ]: Recieving packet from Spooler of len 2
[09/05/22 15:33:00:8883723] [INFO   ]: Spooler requested update
[09/05/22 15:33:01:1193352] [DEBUG  ]: Recieving packet from Spooler of len 2
[09/05/22 15:33:01:1200318] [INFO   ]: Spooler requested update
[09/05/22 15:33:01:3712655] [DEBUG  ]: Recieving packet from Spooler of len 2
[09/05/22 15:33:01:3720330] [INFO   ]: Spooler requested update
[09/05/22 15:33:01:6019763] [DEBUG  ]: Recieving packet from Spooler of len 2
[09/05/22 15:33:01:6026847] [INFO   ]: Spooler requested update
[09/05/22 15:33:01:8318763] [DEBUG  ]: Recieving packet from Spooler of len 2
[09/05/22 15:33:01:8325930] [INFO   ]: Spooler requested update
[09/05/22 15:33:02:0500815] [DEBUG  ]: Recieving packet from Spooler of len 2
[09/05/22 15:33:02:0508065] [INFO   ]: Spooler requested update
[09/05/22 15:33:02:2850541] [DEBUG  ]: Recieving packet from Spooler of len 2
[09/05/22 15:33:02:2860394] [INFO   ]: Spooler requested update
[09/05/22 15:33:02:5329518] [DEBUG  ]: Recieving packet from Spooler of len 2
[09/05/22 15:33:02:5338048] [INFO   ]: Spooler requested update
[09/05/22 15:33:02:7622788] [DEBUG  ]: Recieving packet from Spooler of len 2
[09/05/22 15:33:02:7629712] [INFO   ]: Spooler requested update
[09/05/22 15:33:02:9957833] [DEBUG  ]: Recieving packet from Spooler of len 2
[09/05/22 15:33:02:9965061] [INFO   ]: Spooler requested update
[09/05/22 15:33:03:2270217] [DEBUG  ]: Recieving packet from Spooler of len 2
[09/05/22 15:33:03:2277307] [INFO   ]: Spooler requested update
[09/05/22 15:33:03:4623721] [DEBUG  ]: Recieving packet from Spooler of len 2
[09/05/22 15:33:03:4630767] [INFO   ]: Spooler requested update
[09/05/22 15:33:03:6960785] [DEBUG  ]: Recieving packet from Spooler of len 2
[09/05/22 15:33:03:6967938] [INFO   ]: Spooler requested update
[09/05/22 15:33:03:9333905] [DEBUG  ]: Recieving packet from Spooler of len 2
[09/05/22 15:33:03:9341479] [INFO   ]: Spooler requested update
[09/05/22 15:33:04:1800983] [DEBUG  ]: Recieving packet from Spooler of len 2
[09/05/22 15:33:04:1818218] [INFO   ]: Spooler requested update
[09/05/22 15:33:04:4438404] [DEBUG  ]: Recieving packet from Spooler of len 2
[09/05/22 15:33:04:4445410] [INFO   ]: Spooler requested update
[09/05/22 15:33:04:7030309] [DEBUG  ]: Recieving packet from Spooler of len 2
[09/05/22 15:33:04:7037876] [INFO   ]: Spooler requested update
[09/05/22 15:33:04:9939390] [DEBUG  ]: Recieving packet from Spooler of len 2
[09/05/22 15:33:04:9948106] [INFO   ]: Spooler requested update
[09/05/22 15:33:05:2273910] [DEBUG  ]: Recieving packet from Spooler of len 2
[09/05/22 15:33:05:2281293] [INFO   ]: Spooler requested update
[09/05/22 15:33:05:4594375] [DEBUG  ]: Recieving packet from Spooler of len 2
[09/05/22 15:33:05:4601703] [INFO   ]: Spooler requested update
[09/05/22 15:33:05:6909750] [DEBUG  ]: Recieving packet from Spooler of len 2
[09/05/22 15:33:05:6917303] [INFO   ]: Spooler requested update
[09/05/22 15:33:05:9225756] [DEBUG  ]: Recieving packet from Spooler of len 2
[09/05/22 15:33:05:9232711] [INFO   ]: Spooler requested update
[09/05/22 15:33:06:1552288] [DEBUG  ]: Recieving packet from Spooler of len 2
[09/05/22 15:33:06:1560225] [INFO   ]: Spooler requested update
[09/05/22 15:33:06:3860043] [DEBUG  ]: Recieving packet from Spooler of len 2
[09/05/22 15:33:06:3867619] [INFO   ]: Spooler requested update
[09/05/22 15:33:06:6257938] [DEBUG  ]: Recieving packet from Spooler of len 2
[09/05/22 15:33:06:6264902] [INFO   ]: Spooler requested update
[09/05/22 15:33:06:8678406] [DEBUG  ]: Recieving packet from Spooler of len 2
[09/05/22 15:33:06:8685685] [INFO   ]: Spooler requested update
[09/05/22 15:33:07:0977921] [DEBUG  ]: Recieving packet from Spooler of len 2
[09/05/22 15:33:07:0985043] [INFO   ]: Spooler requested update
[09/05/22 15:33:07:3467066] [DEBUG  ]: Recieving packet from Spooler of len 2
[09/05/22 15:33:07:3474228] [INFO   ]: Spooler requested update
[09/05/22 15:33:07:5853808] [DEBUG  ]: Recieving packet from Spooler of len 2
[09/05/22 15:33:07:5860691] [INFO   ]: Spooler requested update
[09/05/22 15:33:07:8265841] [DEBUG  ]: Recieving packet from Spooler of len 2
[09/05/22 15:33:07:8273028] [INFO   ]: Spooler requested update
[09/05/22 15:33:08:0578035] [DEBUG  ]: Recieving packet from Spooler of len 2
[09/05/22 15:33:08:0585066] [INFO   ]: Spooler requested update
[09/05/22 15:33:08:2912372] [DEBUG  ]: Recieving packet from Spooler of len 2
[09/05/22 15:33:08:2922160] [INFO   ]: Spooler requested update
[09/05/22 15:33:08:5235803] [DEBUG  ]: Recieving packet from Spooler of len 2
[09/05/22 15:33:08:5242650] [INFO   ]: Spooler requested update
[09/05/22 15:33:08:7510911] [DEBUG  ]: Recieving packet from Spooler of len 2
[09/05/22 15:33:08:7518364] [INFO   ]: Spooler requested update
[09/05/22 15:33:08:9859593] [DEBUG  ]: Recieving packet from Spooler of len 2
[09/05/22 15:33:08:9869114] [INFO   ]: Spooler requested update
[09/05/22 15:33:09:2198582] [DEBUG  ]: Recieving packet from Spooler of len 2
[09/05/22 15:33:09:2205741] [INFO   ]: Spooler requested update
[09/05/22 15:33:09:5005245] [DEBUG  ]: Recieving packet from Spooler of len 2
[09/05/22 15:33:09:5015175] [INFO   ]: Spooler requested update
[09/05/22 15:33:09:7455011] [DEBUG  ]: Recieving packet from Spooler of len 2
[09/05/22 15:33:09:7462129] [INFO   ]: Spooler requested update
[09/05/22 15:33:09:9731016] [DEBUG  ]: Recieving packet from Spooler of len 2
[09/05/22 15:33:09:9738224] [INFO   ]: Spooler requested update
[09/05/22 15:33:10:2040401] [DEBUG  ]: Recieving packet from Spooler of len 2
[09/05/22 15:33:10:2055660] [INFO   ]: Spooler requested update
[09/05/22 15:33:10:4374153] [DEBUG  ]: Recieving packet from Spooler of len 2
[09/05/22 15:33:10:4381332] [INFO   ]: Spooler requested update
[09/05/22 15:33:10:6719236] [DEBUG  ]: Recieving packet from Spooler of len 2
[09/05/22 15:33:10:6728060] [INFO   ]: Spooler requested update
[09/05/22 15:33:10:9042017] [DEBUG  ]: Recieving packet from Spooler of len 2
[09/05/22 15:33:10:9053789] [INFO   ]: Spooler requested update
[09/05/22 15:33:11:1516057] [DEBUG  ]: Recieving packet from Spooler of len 2
[09/05/22 15:33:11:1523418] [INFO   ]: Spooler requested update
[09/05/22 15:33:11:4267127] [DEBUG  ]: Recieving packet from Spooler of len 2
[09/05/22 15:33:11:4274496] [INFO   ]: Spooler requested update
[09/05/22 15:33:11:6431528] [DEBUG  ]: Recieving packet from Spooler of len 2
[09/05/22 15:33:11:6438570] [INFO   ]: Spooler requested update
[09/05/22 15:33:11:8601268] [DEBUG  ]: Recieving packet from Spooler of len 2
[09/05/22 15:33:11:8610341] [INFO   ]: Spooler requested update
[09/05/22 15:33:12:0929178] [DEBUG  ]: Recieving packet from Spooler of len 2
[09/05/22 15:33:12:0936823] [INFO   ]: Spooler requested update
[09/05/22 15:33:12:3091820] [DEBUG  ]: Recieving packet from Spooler of len 2
[09/05/22 15:33:12:3100137] [INFO   ]: Spooler requested update
[09/05/22 15:33:12:5258110] [DEBUG  ]: Recieving packet from Spooler of len 2
[09/05/22 15:33:12:5265037] [INFO   ]: Spooler requested update
[09/05/22 15:33:12:7431816] [DEBUG  ]: Recieving packet from Spooler of len 2
[09/05/22 15:33:12:7438986] [INFO   ]: Spooler requested update
[09/05/22 15:33:12:9595373] [DEBUG  ]: Recieving packet from Spooler of len 2
[09/05/22 15:33:12:9602462] [INFO   ]: Spooler requested update
[09/05/22 15:33:13:1922857] [DEBUG  ]: Recieving packet from Spooler of len 2
[09/05/22 15:33:13:1930673] [INFO   ]: Spooler requested update
[09/05/22 15:33:13:4078699] [DEBUG  ]: Recieving packet from Spooler of len 2
[09/05/22 15:33:13:4085673] [INFO   ]: Spooler requested update
[09/05/22 15:33:13:6243807] [DEBUG  ]: Recieving packet from Spooler of len 2
[09/05/22 15:33:13:6259427] [INFO   ]: Spooler requested update
[09/05/22 15:33:13:8429023] [DEBUG  ]: Recieving packet from Spooler of len 2
[09/05/22 15:33:13:8437582] [INFO   ]: Spooler requested update
[09/05/22 15:33:14:0594848] [DEBUG  ]: Recieving packet from Spooler of len 2
[09/05/22 15:33:14:0601862] [INFO   ]: Spooler requested update
[09/05/22 15:33:14:2768407] [DEBUG  ]: Recieving packet from Spooler of len 2
[09/05/22 15:33:14:2776057] [INFO   ]: Spooler requested update
[09/05/22 15:33:14:4983389] [DEBUG  ]: Recieving packet from Spooler of len 2
[09/05/22 15:33:14:4990680] [INFO   ]: Spooler requested update
[09/05/22 15:33:14:7402434] [DEBUG  ]: Recieving packet from Spooler of len 2
[09/05/22 15:33:14:7413738] [INFO   ]: Spooler requested update
[09/05/22 15:33:14:9746152] [DEBUG  ]: Recieving packet from Spooler of len 2
[09/05/22 15:33:14:9756069] [INFO   ]: Spooler requested update
[09/05/22 15:33:15:2072660] [DEBUG  ]: Recieving packet from Spooler of