[09/05/22 15:38:05:9709818] [INFO   ]: Logging started
[09/05/22 15:38:05:9817236] [INFO   ]: Starting Spooler receive
[09/05/22 15:38:06:2779405] [DEBUG  ]: Recieving packet from Spooler of len 2
[09/05/22 15:38:06:2783050] [INFO   ]: Spooler requested update
[09/05/22 15:38:06:7972758] [DEBUG  ]: Recieving packet from Spooler of len 2
[09/05/22 15:38:06:7974663] [INFO   ]: Spooler requested update
[09/05/22 15:38:07:3097869] [DEBUG  ]: Recieving packet from Spooler of len 2
[09/05/22 15:38:07:3100103] [INFO   ]: Spooler requested update
[09/05/22 15:38:07:8210009] [DEBUG  ]: Recieving packet from Spooler of len 2
[09/05/22 15:38:07:8212012] [INFO   ]: Spooler requested update
[09/05/22 15:38:08:3315368] [DEBUG  ]: Recieving packet from Spooler of len 2
[09/05/22 15:38:08:3317379] [INFO   ]: Spooler requested update
[09/05/22 15:38:08:8552098] [DEBUG  ]: Recieving packet from Spooler of len 2
[09/05/22 15:38:08:8554101] [INFO   ]: Spooler requested update
[09/05/22 15:38:09:3656069] [DEBUG  ]: Recieving packet from Spooler of len 2
[09/05/22 15:38:09:3658025] [INFO   ]: Spooler requested update
[09/05/22 15:38:09:8750856] [DEBUG  ]: Recieving packet from Spooler of len 2
[09/05/22 15:38:09:8752977] [INFO   ]: Spooler requested update
[09/05/22 15:38:10:4000862] [DEBUG  ]: Recieving packet from Spooler of len 2
[09/05/22 15:38:10:4002797] [INFO   ]: Spooler requested update
[09/05/22 15:38:10:9103448] [DEBUG  ]: Recieving packet from Spooler of len 2
[09/05/22 15:38:10:9105426] [INFO   ]: Spooler requested update
[09/05/22 15:38:11:4208693] [DEBUG  ]: Recieving packet from Spooler of len 2
[09/05/22 15:38:11:4210911] [INFO   ]: Spooler requested update
[09/05/22 15:38:11:9309930] [DEBUG  ]: Recieving packet from Spooler of len 2
[09/05/22 15:38:11:9312120] [INFO   ]: Spooler requested update
[09/05/22 15:38:12:4408359] [DEBUG  ]: Recieving packet from Spooler of len 2
[09/05/22 15:38:12:4410540] [INFO   ]: Spooler requested update
[09/05/22 15:38:12:9514963] [DEBUG  ]: Recieving packet from Spooler of len 2
[09/05/22 15:38:12:9522173] [INFO   ]: Spooler requested update
[09/05/22 15:38:13:4777622] [DEBUG  ]: Recieving packet from Spooler of len 2
[09/05/22 15:38:13:4791119] [INFO   ]: Spooler requested update
[09/05/22 15:38:14:0036712] [DEBUG  ]: Recieving packet from Spooler of len 2
[09/05/22 15:38:14:0043221] [INFO   ]: Spooler requested update
[09/05/22 15:38:14:5295334] [DEBUG  ]: Recieving packet from Spooler of len 2
[09/05/22 15:38:14:5301589] [INFO   ]: Spooler requested update
[09/05/22 15:38:15:0541126] [DEBUG  ]: Recieving packet from Spooler of len 2
[09/05/22 15:38:15:0552155] [INFO   ]: Spooler requested update
[09/05/22 15:38:15:5799168] [DEBUG  ]: Recieving packet from Spooler of len 2
[09/05/22 15:38:15:5805461] [INFO   ]: Spooler requested update
[09/05/22 15:38:16:1061112] [DEBUG  ]: Recieving packet from Spooler of len 2
[09/05/22 15:38:16:1069085] [INFO   ]: Spooler requested update
[09/05/22 15:38:16:6325097] [DEBUG  ]: Recieving packet from Spooler of len 2
[09/05/22 15:38:16:6337967] [INFO   ]: Spooler requested update
[09/05/22 15:38:17:1590120] [DEBUG  ]: Recieving packet from Spooler of len 2
[09/05/22 15:38:17:1597114] [INFO   ]: Spooler requested update
[09/05/22 15:38:17:6846331] [DEBUG  ]: Recieving packet from Spooler of len 2
[09/05/22 15:38:17:6853470] [INFO   ]: Spooler requested update
[09/05/22 15:38:18:2121706] [DEBUG  ]: Recieving packet from Spooler of len 2
[09/05/22 15:38:18:2129101] [INFO   ]: Spooler requested update
[09/05/22 15:38:18:7370340] [DEBUG  ]: Recieving packet from Spooler of len 2
[09/05/22 15:38:18:7377252] [INFO   ]: Spooler requested update
[09/05/22 15:38:19:2640676] [DEBUG  ]: Recieving packet from Spooler of len 2
[09/05/22 15:38:19:2647225] [INFO   ]: Spooler requested update
[09/05/22 15:38:19:7887700] [DEBUG  ]: Recieving packet from Spooler of len 2
[09/05/22 15:38:19:7894568] [INFO   ]: Spooler requested update
[09/05/22 15:38:20:3155045] [DEBUG  ]: Recieving packet from Spooler of len 2
[09/05/22 15:38:20:3161830] [INFO   ]: Spooler requested update
[09/05/22 15:38:20:8403262] [DEBUG  ]: Recieving packet from Spooler of len 2
[09/05/22 15:38:20:8410303] [INFO   ]: Spooler requested update
[09/05/22 15:38:21:3664053] [DEBUG  ]: Recieving packet from Spooler of len 2
[09/05/22 15:38:21:3673922] [INFO   ]: Spooler requested update
[09/05/22 15:38:21:8919684] [DEBUG  ]: Recieving packet from Spooler of len 2
[09/05/22 15:38:21:8926077] [INFO   ]: Spooler requested update
[09/05/22 15:38:22:4187510] [DEBUG  ]: Recieving packet from Spooler of len 2
[09/05/22 15:38:22:4193929] [INFO   ]: Spooler requested update
[09/05/22 15:38:22:9456319] [DEBUG  ]: Recieving packet from Spooler of len 2
[09/05/22 15:38:22:9462956] [INFO   ]: Spooler requested update
[09/05/22 15:38:23:4720960] [DEBUG  ]: Recieving packet from Spooler of len 2
[09/05/22 15:38:23:4727620] [INFO   ]: Spooler requested update
[09/05/22 15:38:23:9967399] [DEBUG  ]: Recieving packet from Spooler of len 2
[09/05/22 15:38:23:9973810] [INFO   ]: Spooler requested update
[09/05/22 15:38:24:5217018] [DEBUG  ]: Recieving packet from Spooler of len 2
[09/05/22 15:38:24:5224438] [INFO   ]: Spooler requested update
[09/05/22 15:38:25:0463388] [DEBUG  ]: Recieving packet from Spooler of len 2
[09/05/22 15:38:25:0471148] [INFO   ]: Spooler requested update
[09/05/22 15:38:25:5730858] [DEBUG  ]: Recieving packet from Spooler of len 2
[09/05/22 15:38:25:5737122] [INFO   ]: Spooler requested update
[09/05/22 15:38:26:0987256] [DEBUG  ]: Recieving packet from Spooler of len 2
[09/05/22 15:38:26:0994197] [INFO   ]: Spooler requested update
[09/05/22 15:38:26:6238902] [DEBUG  ]: Recieving packet from Spooler of len 2
[09/05/22 15:38:26:6245497] [INFO   ]: Spooler requested update
[09/05/22 15:38:27:1493268] [DEBUG  ]: Recieving packet from Spooler of len 2
[09/05/22 15:38:27:1499663] [INFO   ]: Spooler requested update
[09/05/22 15:38:27:6751074] [DEBUG  ]: Recieving packet from Spooler of len 2
[09/05/22 15:38:27:6757515] [INFO   ]: Spooler requested update
[09/05/22 15:38:28:2009233] [DEBUG  ]: Recieving packet from Spooler of len 2
[09/05/22 15:38:28:2015268] [INFO   ]: Spooler requested update
[09/05/22 15:38:28:7260528] [DEBUG  ]: Recieving packet from Spooler of len 2
[09/05/22 15:38:28:7267021] [INFO   ]: Spooler requested update
[09/05/22 15:38:29:2510263] [DEBUG  ]: Recieving packet from Spooler of len 2
[09/05/22 15:38:29:2516822] [INFO   ]: Spooler requested update
[09/05/22 15:38:29:7776440] [DEBUG  ]: Recieving packet from Spooler of len 2
[09/05/22 15:38:29:7782828] [INFO   ]: Spooler requested update
[09/05/22 15:38:30:3037138] [DEBUG  ]: Recieving packet from Spooler of len 2
[09/05/22 15:38:30:3044074] [INFO   ]: Spooler requested update
[09/05/22 15:38:30:8302328] [DEBUG  ]: Recieving packet from Spooler of len 2
[09/05/22 15:38:30:8308589] [INFO   ]: Spooler requested update
[09/05/22 15:38:31:3570340] [DEBUG  ]: Recieving packet from Spooler of len 2
[09/05/22 15:38:31:3576679] [INFO   ]: Spooler requested update
[09/05/22 15:38:31:8813987] [DEBUG  ]: Recieving packet from Spooler of len 2
[09/05/22 15:38:31:8820739] [INFO   ]: Spooler requested update
[09/05/22 15:38:32:4073178] [DEBUG  ]: Recieving packet from Spooler of len 2
[09/05/22 15:38:32:4081251] [INFO   ]: Spooler requested update
[09/05/22 15:38:32:9332095] [DEBUG  ]: Recieving packet from Spooler of len 2
[09/05/22 15:38:32:9338620] [INFO   ]: Spooler requested update
[09/05/22 15:38:33:4599014] [DEBUG  ]: Recieving packet from Spooler of len 2
[09/05/22 15:38:33:4605393] [INFO   ]: Spooler requested update
[09/05/22 15:38:33:9854440] [DEBUG  ]: Recieving packet from Spooler of len 2
[09/05/22 15:38:33:9862018] [INFO   ]: Spooler requested update
[09/05/22 15:38:34:5139640] [DEBUG  ]: Recieving packet from Spooler of len 2
[09/05/22 15:38:34:5152137] [INFO   ]: Spooler requested update
[09/05/22 15:38:35:0380568] [DEBUG  ]: Recieving packet from Spooler of len 2
[09/05/22 15:38:35:0386959] [INFO   ]: Spooler requested update
[09/05/22 15:38:35:5655095] [DEBUG  ]: Recieving packet from Spooler of len 2
[09/05/22 15:38:35:5662115] [INFO   ]: Spooler requested update
[09/05/22 15:38:36:0921562] [DEBUG  ]: Recieving packet from Spooler of len 2
[09/05/22 15:38:36:0928177] [INFO   ]: Spooler requested update
[09/05/22 15:38:36:6202864] [DEBUG  ]: Recieving packet from Spooler of len 2
[09/05/22 15:38:36:6213443] [INFO   ]: Spooler requested update
[09/05/22 15:38:37:1466304] [DEBUG  ]: Recieving packet from Spooler of len 2
[09/05/22 15:38:37:1472776] [INFO   ]: Spooler requested update
[09/05/22 15:38:37:6734898] [DEBUG  ]: Recieving packet from Spooler of len 2
[09/05/22 15:38:37:6742595] [INFO   ]: Spooler requested update
[09/05/22 15:38:38:1994286] [DEBUG  ]: Recieving packet from Spooler of len 2
[09/05/22 15:38:38:2001161] [INFO   ]: Spooler requested update
[09/05/22 15:38:38:7274200] [DEBUG  ]: Recieving packet from Spooler of len 2
[09/05/22 15:38:38:7282873] [INFO   ]: Spooler requested update
[09/05/22 15:38:39:2533394] [DEBUG  ]: Recieving packet from Spooler of len 2
[09/05/22 15:38:39:2540005] [INFO   ]: Spooler requested update
[09/05/22 15:38:39:7773505] [DEBUG  ]: Recieving packet from Spooler of len 2
[09/05/22 15:38:39:7780070] [INFO   ]: Spooler requested update
[09/05/22 15:38:40:3114235] [DEBUG  ]: Recieving packet from Spooler of len 2
[09/05/22 15:38:40:3129911] [INFO   ]: Spooler requested update
[09/05/22 15:38:40:8457324] [DEBUG  ]: Recieving packet from Spooler of len 2
[09/05/22 15:38:40:8464094] [INFO   ]: Spooler requested update
[09/05/22 15:38:41:3737070] [DEBUG  ]: Recieving packet from Spooler of len 2
[09/05/22 15:38:41:3743303] [INFO   ]: Spooler requested update
[09/05/22 15:38:41:8957835] [DEBUG  ]: Recieving packet from Spooler of len 2
[09/05/22 15:38:41:8964193] [INFO   ]: Spooler requested update
[09/05/22 15:38:42:4237345] [DEBUG  ]: Recieving packet from Spooler of len 2
[09/05/22 15:38:42:4246061] [INFO   ]: Spooler requested update
[09/05/22 15:38:42:9475439] [DEBUG  ]: Recieving packet from Spooler of len 2
[09/05/22 15:38:42:9482423] [INFO   ]: Spooler requested update
[09/05/22 15:38:43:4734388] [DEBUG  ]: Recieving packet from Spooler of len 2
[09/05/22 15:38:43:4740594] [INFO   ]: Spooler requested update
[09/05/22 15:38:43:9980541] [DEBUG  ]: Recieving packet from Spooler of len 2
[09/05/22 15:38:43:9988205] [INFO   ]: Spooler requested update
[09/05/22 15:38:44:5243295] [DEBUG  ]: Recieving packet from Spooler of len 2
[09/05/22 15:38:44:5250612] [INFO   ]: Spooler requested update
[09/05/22 15:38:45:0508381] [DEBUG  ]: Recieving packet from Spooler of len 2
[09/05/22 15:38:45:0516839] [INFO   ]: Spooler requested update
[09/05/22 15:38:45:5752861] [DEBUG  ]: Recieving packet from Spooler of len 2
[09/05/22 15:38:45:5760018] [INFO   ]: Spooler requested update
[09/05/22 15:38:46:1013999] [DEBUG  ]: Recieving packet from Spooler of len 2
[09/05/22 15:38:46:1020502] [INFO   ]: Spooler requested update
[09/05/22 15:38:46:6261415] [DEBUG  ]: Recieving packet from Spooler of len 2
[09/05/22 15:38:46:6268130] [INFO   ]: Spooler requested update
[09/05/22 15:38:47:1519992] [DEBUG  ]: Recieving packet from Spooler of len 2
[09/05/22 15:38:47:1528525] [INFO   ]: Spooler requested update
[09/05/22 15:38:47:6769562] [DEBUG  ]: Recieving packet from Spooler of len 2
[09/05/22 15:38:47:6776442] [INFO   ]: Spooler requested update
[09/05/22 15:38:48:2029661] [DEBUG  ]: Recieving packet from Spooler of len 2
[09/05/22 15:38:48:2036360] [INFO   ]: Spooler requested update
[09/05/22 15:38:48:7286050] [DEBUG  ]: Recieving packet from Spooler of len 2
[09/05/22 15:38:48:7292866] [INFO   ]: Spooler requested update
[09/05/22 15:38:49:2532844] [DEBUG  ]: Recieving packet from Spooler of len 2
[09/05/22 15:38:49:2539692] [INFO   ]: Spooler requested update
[09/05/22 15:38:49:7778197] [DEBUG  ]: Recieving packet from Spooler of len 2
[09/05/22 15:38:49:7786144] [INFO   ]: Spooler requested update
[09/05/22 15:38:50:3058746] [DEBUG  ]: Recieving packet from Spooler of len 2
[09/05/22 15:38:50:3065505] [INFO   ]: Spooler requested update
[09/05/22 15:38:50:8290022] [DEBUG  ]: Recieving packet from Spooler of len 2
[09/05/22 15:38:50:8296604] [INFO   ]: Spooler requested update
[09/05/22 15:38:51:3553860] [DEBUG  ]: Recieving packet from Spooler of len 2
[09/05/22 15:38:51:3563143] [INFO   ]: Spooler requested update
[09/05/22 15:38:51:8812802] [DEBUG  ]: Recieving packet from Spooler of len 2
[09/05/22 15:38:51:8823419] [INFO   ]: Spooler requested update
[09/05/22 15:38:52:4079364] [DEBUG  ]: Recieving packet from Spooler of len 2
[09/05/22 15:38:52:4091847] [INFO   ]: Spooler requested update
[09/05/22 15:38:52:9311488] [DEBUG  ]: Recieving packet from Spooler of len 2
[09/05/22 15:38:52:9318226] [INFO   ]: Spooler requested update
[09/05/22 15:38:53:4559916] [DEBUG  ]: Recieving packet from Spooler of len 2
[09/05/22 15:38:53:4566682] [INFO   ]: Spooler requested update
[09/05/22 15:38:53:9827692] [DEBUG  ]: Recieving packet from Spooler of len 2
[09/05/22 15:38:53:9834768] [INFO   ]: Spooler requested update
[09/05/22 15:38:54:5064370] [DEBUG  ]: Recieving packet from Spooler of len 2
[09/05/22 15:38:54:5073367] [INFO   ]: Spooler requested update
[09/05/22 15:38:55:0315162] [DEBUG  ]: Recieving packet from Spooler of len 2
[09/05/22 15:38:55:0321277] [INFO   ]: Spooler requested update
[09/05/22 15:38:55:5593951] [DEBUG  ]: Recieving packet from Spooler of len 2
[09/05/22 15:38:55:5600934] [INFO   ]: Spooler requested update
[09/05/22 15:38:56:0818676] [DEBUG  ]: Recieving packet from Spooler of len 2
[09/05/22 15:38:56:0825213] [INFO   ]: Spooler requested update
[09/05/22 15:38:56:6060927] [DEBUG  ]: Recieving packet from Spooler of len 2
[09/05/22 15:38:56:6067338] [INFO   ]: Spooler requested update
[09/05/22 15:38:57:1319608] [DEBUG  ]: Recieving packet from Spooler of len 2
[09/05/22 15:38:57:1329352] [INFO   ]: Spooler requested update
[09/05/22 15:38:57:6572882] [DEBUG  ]: Recieving packet from Spooler of len 2
[09/05/22 15:38:57:6579463] [INFO   ]: Spooler requested update
[09/05/22 15:38:58:1834851] [DEBUG  ]: Recieving packet from Spooler of len 2
[09/05/22 15:38:58:1842197] [INFO   ]: Spooler requested update
[09/05/22 15:38:58:7103277] [DEBUG  ]: Recieving packet from Spooler of len 2
[09/05/22 15:38:58:7117168] [INFO   ]: Spooler requested update
[09/05/22 15:38:59:2342169] [DEBUG  ]: Recieving packet from Spooler of len 2
[09/05/22 15:38:59:2348316] [INFO   ]: Spooler requested update
[09/05/22 15:38:59:7615792] [DEBUG  ]: Recieving packet from Spooler of len 2
[09/05/22 15:38:59:7622310] [INFO   ]: Spooler requested update
[09/05/22 15:39:00:2883167] [DEBUG  ]: Recieving packet from Spooler of len 2
[09/05/22 15:39:00:2889666] [INFO   ]: Spooler requested update
[09/05/22 15:39:00:8149690] [DEBUG  ]: Recieving packet from Spooler of len 2
[09/05/22 15:39:00:8156680] [INFO   ]: Spooler requested update
[09/05/22 15:39:01:3399586] [DEBUG  ]: Recieving packet from Spooler of len 2
[09/05/22 15:39:01:3408343] [INFO   ]: Spooler requested update
[09/05/22 15:39:01:8661993] [DEBUG  ]: Recieving packet from Spooler of len 2
[09/05/22 15:39:01:8668644] [INFO   ]: Spooler requested update
[09/05/22 15:39:02:3921754] [DEBUG  ]: Recieving packet from Spooler of len 2
[09/05/22 15:39:02:3928565] [INFO   ]: Spooler requested update
[09/05/22 15:39:02:9187319] [DEBUG  ]: Recieving packet from Spooler of len 2
[09/05/22 15:39:02:9194805] [INFO   ]: Spooler requested update
[09/05/22 15:39:03:4444778] [DEBUG  ]: Recieving packet from Spooler of len 2
[09/05/22 15:39:03:4451271] [INFO   ]: Spooler requested update
[09/05/22 15:39:03:9695719] [DEBUG  ]: Recieving packet from Spooler of len 2
[09/05/22 15:39:03:9702651] [INFO   ]: Spooler requested update
[09/05/22 15:39:04:4956760] [DEBUG  ]: Recieving packet from Spooler of len 2
[09/05/22 15:39:04:4963330] [INFO   ]: Spooler requested update
[09/05/22 15:39:05:0209193] [DEBUG  ]: Recieving packet from Spooler of len 2
[09/05/22 15:39:05:0215583] [INFO   ]: Spooler requested update
[09/05/22 15:39:05:5465382] [DEBUG  ]: Recieving packet from Spooler of len 2
[09/05/22 15:39:05:5471547] [INFO   ]: Spooler requested update
[09/05/22 15:39:06:0727896] [DEBUG  ]: Recieving packet from Spooler of len 2
[09/05/22 15:39:06:0734469] [INFO   ]: Spooler requested update
[09/05/22 15:39:06:5988905] [DEBUG  ]: Recieving packet from Spooler of len 2
[09/05/22 15:39:06:5995330] [INFO   ]: Spooler requested update
[09/05/22 15:39:07:1255539] [DEBUG  ]: Recieving packet from Spooler of len 2
[09/05/22 15:39:07:1264144] [INFO   ]: Spooler requested update
[09/05/22 15:39:07:6527228] [DEBUG  ]: Recieving packet from Spooler of len 2
[09/05/22 15:39:07:6533571] [INFO   ]: Spooler requested update
[09/05/22 15:39:08:1787836] [DEBUG  ]: Recieving packet from Spooler of len 2
[09/05/22 15:39:08:1797124] [INFO   ]: Spooler requested update
[09/05/22 15:39:08:7038826] [DEBUG  ]: Recieving packet from Spooler of len 2
[09/05/22 15:39:08:7045714] [INFO   ]: Spooler requested update
[09/05/22 15:39:09:2298141] [DEBUG  ]: Recieving packet from Spooler of len 2
[09/05/22 15:39:09:2305073] [INFO   ]: Spooler requested update
[09/05/22 15:39:09:7559558] [DEBUG  ]: Recieving packet from Spooler of len 2
[09/05/22 15:39:09:7566224] [INFO   ]: Spooler requested update
[09/05/22 15:39:10:2824657] [DEBUG  ]: Recieving packet from Spooler of len 2
[09/05/22 15:39:10:2831193] [INFO   ]: Spooler requested update
[09/05/22 15:39:10:8086823] [DEBUG  ]: Recieving packet from Spooler of len 2
[09/05/22 15:39:10:8093070] [INFO   ]: Spooler requested update
[09/05/22 15:39:11:3349733] [DEBUG  ]: Recieving packet from Spooler of len 2
[09/05/22 15:39:11:3356066] [INFO   ]: Spooler requested update
[09/05/22 15:39:11:8605719] [DEBUG  ]: Recieving packet from Spooler of len 2
[09/05/22 15:39:11:8612328] [INFO   ]: Spooler requested update
[09/05/22 15:39:12:3858364] [DEBUG  ]: Recieving packet from Spooler of len 2
[09/05/22 15:39:12:3865093] [INFO   ]: Spooler requested update
[09/05/22 15:39:12:9113981] [DEBUG  ]: Recieving packet from Spooler of len 2
[09/05/22 15:39:12:9120352] [INFO   ]: Spooler requested update
[09/05/22 15:39:13:4367309] [DEBUG  ]: Recieving packet from Spooler of len 2
[09/05/22 15:39:13:4373613] [INFO   ]: Spooler requested update
[09/05/22 15:39:13:9627241] [DEBUG  ]: Recieving packet from Spooler of len 2
[09/05/22 15:39:13:9633752] [INFO   ]: Spooler requested update
[09/05/22 15:39:14:4890867] [DEBUG  ]: Recieving packet from Spooler of len 2
[09/05/22 15:39:14:4897314] [INFO   ]: Spooler requested update
[09/05/22 15:39:15:0155330] [DEBUG  ]: Recieving packet from Spooler of len 2
[09/05/22 15:39:15:0161669] [INFO   ]: Spooler requested update
[09/05/22 15:39:15:5409127] [DEBUG  ]: Recieving packet from Spooler of len 2
[09/05/22 15:39:15:5415699] [INFO   ]: Spooler requested update
[09/05/22 15:39:16:0654811] [DEBUG  ]: Recieving packet from Spooler of len 2
[09/05/22 15:39:16:0661004] [INFO   ]: Spooler requested update
[09/05/22 15:39:16:5935569] [DEBUG  ]: Recieving packet from Spooler of len 2
[09/05/22 15:39:16:5944232] [INFO   ]: Spooler requested update
[09/05/22 15:39:17:1206443] [DEBUG  ]: Recieving packet from Spooler of len 2
[09/05/22 15:39:17:1213269] [INFO   ]: Spooler requested update
[09/05/22 15:39:17:6451174] [DEBUG  ]: Recieving packet from Spooler of len 2
[09/05/22 15:39:17:6457692] [INFO   ]: Spooler requested update
[09/05/22 15:39:18:1708032] [DEBUG  ]: Recieving packet from Spooler of len 2
[09/05/22 15:39:18:1714655] [INFO   ]: Spooler requested update
[09/05/22 15:39:18:6955196] [DEBUG  ]: Recieving packet from Spooler of len 2
[09/05/22 15:39:18:6965975] [INFO   ]: Spooler requested update
[09/05/22 15:39:19:2223068] [DEBUG  ]: Recieving packet from Spooler of len 2
[09/05/22 15:39:19:2229295] [INFO   ]: Spooler requested update
[09/05/22 15:39:19:7476444] [DEBUG  ]: Recieving packet from Spooler of len 2
[09/05/22 15:39:19:7483061] [INFO   ]: Spooler requested update
[09/05/22 15:39:20:2751673] [DEBUG  ]: Recieving packet from Spooler of len 2
[09/05/22 15:39:20:2758727] [INFO   ]: Spooler requested update
[09/05/22 15:39:20:7991542] [DEBUG  ]: Recieving packet from Spooler of len 2
[09/05/22 15:39:20:7998196] [INFO   ]: Spooler requested update
[09/05/22 15:39:21:3241325] [DEBUG  ]: Recieving packet from Spooler of len 2
[09/05/22 15:39:21:3247911] [INFO   ]: Spooler requested update
[09/05/22 15:39:21:8510401] [DEBUG  ]: Recieving packet from Spooler of len 2
[09/05/22 15:39:21:8517106] [INFO   ]: Spooler requested update
[09/05/22 15:39:22:3766958] [DEBUG  ]: Recieving packet from Spooler of len 2
[09/05/22 15:39:22:3773948] [INFO   ]: Spooler requested update
[09/05/22 15:39:22:9027324] [DEBUG  ]: Recieving packet from Spooler of len 2
[09/05/22 15:39:22:9033810] [INFO   ]: Spooler requested update
[09/05/22 15:39:23:4287426] [DEBUG  ]: Recieving packet from Spooler of len 2
[09/05/22 15:39:23:4297364] [INFO   ]: Spooler requested update
[09/05/22 15:39:23:9539463] [DEBUG  ]: Recieving packet from Spooler of len 2
[09/05/22 15:39:23:9545760] [INFO   ]: Spooler requested update
[09/05/22 15:39:24:4804984] [DEBUG  ]: Recieving packet from Spooler of len 2
[09/05/22 15:39:24:4811438] [INFO   ]: Spooler requested update
[09/05/22 15:39:25:0066970] [DEBUG  ]: Recieving packet from Spooler of len 2
[09/05/22 15:39:25:0073229] [INFO   ]: Spooler requested update
[09/05/22 15:39:25:5345609] [DEBUG  ]: Recieving packet from Spooler of len 2
[09/05/22 15:39:25:5351892] [INFO   ]: Spooler requested update
[09/05/22 15:39:26:0594765] [DEBUG  ]: Recieving packet from Spooler of len 2
[09/05/22 15:39:26:0601116] [INFO   ]: Spooler requested update
[09/05/22 15:39:26:5862518] [DEBUG  ]: Recieving packet from Spooler of len 2
[09/05/22 15:39:26:5869418] [INFO   ]: Spooler requested update
[09/05/22 15:39:27:1116635] [DEBUG  ]: Recieving packet from Spooler of len 2
[09/05/22 15:39:27:1122965] [INFO   ]: Spooler requested update
[09/05/22 15:39:27:6365820] [DEBUG  ]: Recieving packet from Spooler of len 2
[09/05/22 15:39:27:6372116] [INFO   ]: Spooler requested update
[09/05/22 15:39:28:1621519] [DEBUG  ]: Recieving packet from Spooler of len 2
[09/05/22 15:39:28:1627914] [INFO   ]: Spooler requested update
[09/05/22 15:39:28:6867336] [DEBUG  ]: Recieving packet from Spooler of len 2
[09/05/22 15:39:28:6873986] [INFO   ]: Spooler requested update
[09/05/22 15:39:29:2130695] [DEBUG  ]: Recieving packet from Spooler of len 2
[09/05/22 15:39:29:2137138] [INFO   ]: Spooler requested update
[09/05/22 15:39:29:7393034] [DEBUG  ]: Recieving packet from Spooler of len 2
[09/05/22 15:39:29:7399394] [INFO   ]: Spooler requested update
[09/05/22 15:39:30:2650391] [DEBUG  ]: Recieving packet from Spooler of len 2
[09/05/22 15:39:30:2656786] [INFO   ]: Spooler requested update
[09/05/22 15:39:30:7911753] [DEBUG  ]: Recieving packet from Spooler of len 2
[09/05/22 15:39:30:7918125] [INFO   ]: Spooler requested update
[09/05/22 15:39:31:3157539] [DEBUG  ]: Recieving packet from Spooler of len 2
[09/05/22 15:39:31:3164036] [INFO   ]: Spooler requested update
[09/05/22 15:39:31:8420633] [DEBUG  ]: Recieving packet from Spooler of len 2
[09/05/22 15:39:31:8426782] [INFO   ]: Spooler requested update
[09/05/22 15:39:32:3682225] [DEBUG  ]: Recieving packet from Spooler of len 2
[09/05/22 15:39:32:3688399] [INFO   ]: Spooler requested update
[09/05/22 15:39:32:8947416] [DEBUG  ]: Recieving packet from Spooler of len 2
[09/05/22 15:39:32:8953872] [INFO   ]: Spooler requested update
[09/05/22 15:39:33:4207345] [DEBUG  ]: Recieving packet from Spooler of len 2
[09/05/22 15:39:33:4214025] [INFO   ]: Spooler requested update
[09/05/22 15:39:33:9473631] [DEBUG  ]: Recieving packet from Spooler of len 2
[09/05/22 15:39:33:9479838] [INFO   ]: Spooler requested update
[09/05/22 15:39:34:4731581] [DEBUG  ]: Recieving packet from Spooler of len 2
[09/05/22 15:39:34:4738024] [INFO   ]: Spooler requested update
[09/05/22 15:39:34:9995083] [DEBUG  ]: Recieving packet from Spooler of len 2
[09/05/22 15:39:35:0001791] [INFO   ]: S