[09/05/22 15:32:54:5288221] [INFO   ]: Logging started
[09/05/22 15:32:54:5411220] [INFO   ]: Starting Spooler receive
[09/05/22 15:32:56:1211252] [DEBUG  ]: Recieving packet from Spooler of len 2
[09/05/22 15:32:56:1214926] [INFO   ]: Spooler requested update
[09/05/22 15:32:56:3265709] [DEBUG  ]: Recieving packet from Spooler of len 2
[09/05/22 15:32:56:3268045] [INFO   ]: Spooler requested update
[09/05/22 15:32:56:5099032] [DEBUG  ]: Recieving packet from Spooler of len 2
[09/05/22 15:32:56:5101314] [INFO   ]: Spooler requested update
[09/05/22 15:32:56:6783204] [DEBUG  ]: Recieving packet from Spooler of len 2
[09/05/22 15:32:56:6785388] [INFO   ]: Spooler requested update
[09/05/22 15:32:56:8490874] [DEBUG  ]: Recieving packet from Spooler of len 2
[09/05/22 15:32:56:8493095] [INFO   ]: Spooler requested update
[09/05/22 15:32:57:0186428] [DEBUG  ]: Recieving packet from Spooler of len 2
[09/05/22 15:32:57:0188799] [INFO   ]: Spooler requested update
[09/05/22 15:32:57:1871890] [DEBUG  ]: Recieving packet from Spooler of len 2
[09/05/22 15:32:57:1873917] [INFO   ]: Spooler requested update
[09/05/22 15:32:57:3590127] [DEBUG  ]: Recieving packet from Spooler of len 2
[09/05/22 15:32:57:3592428] [INFO   ]: Spooler requested update
[09/05/22 15:32:57:5294002] [DEBUG  ]: Recieving packet from Spooler of len 2
[09/05/22 15:32:57:5296065] [INFO   ]: Spooler requested update
[09/05/22 15:32:57:6982706] [DEBUG  ]: Recieving packet from Spooler of len 2
[09/05/22 15:32:57:6984912] [INFO   ]: Spooler requested update
[09/05/22 15:32:57:8754468] [DEBUG  ]: Recieving packet from Spooler of len 2
[09/05/22 15:32:57:8756755] [INFO   ]: Spooler requested update
[09/05/22 15:32:58:0630167] [DEBUG  ]: Recieving packet from Spooler of len 2
[09/05/22 15:32:58:0632437] [INFO   ]: Spooler requested update
[09/05/22 15:32:58:2499153] [DEBUG  ]: Recieving packet from Spooler of len 2
[09/05/22 15:32:58:2501510] [INFO   ]: Spooler requested update
[09/05/22 15:32:58:4741744] [DEBUG  ]: Recieving packet from Spooler of len 2
[09/05/22 15:32:58:4749131] [INFO   ]: Spooler requested update
[09/05/22 15:32:58:7856812] [DEBUG  ]: Recieving packet from Spooler of len 2
[09/05/22 15:32:58:7900776] [INFO   ]: Spooler requested update
[09/05/22 15:32:59:0368760] [DEBUG  ]: Recieving packet from Spooler of len 2
[09/05/22 15:32:59:0375898] [INFO   ]: Spooler requested update
[09/05/22 15:32:59:2573993] [DEBUG  ]: Recieving packet from Spooler of len 2
[09/05/22 15:32:59:2580958] [INFO   ]: Spooler requested update
[09/05/22 15:32:59:5637031] [DEBUG  ]: Recieving packet from Spooler of len 2
[09/05/22 15:32:59:5644456] [INFO   ]: Spooler requested update
[09/05/22 15:32:59:8163607] [DEBUG  ]: Recieving packet from Spooler of len 2
[09/05/22 15:32:59:8213816] [INFO   ]: Spooler requested update
[09/05/22 15:33:00:0457007] [DEBUG  ]: Recieving packet from Spooler of len 2
[09/05/22 15:33:00:0464105] [INFO   ]: Spooler requested update
[09/05/22 15:33:00:2596918] [DEBUG  ]: Recieving packet from Spooler of len 2
[09/05/22 15:33:00:2604102] [INFO   ]: Spooler requested update
[09/05/22 15:33:00:4772273] [DEBUG  ]: Recieving packet from Spooler of len 2
[09/05/22 15:33:00:4779337] [INFO   ]: Spooler requested update
[09/05/22 15:33:00:6951609] [DEBUG  ]: Recieving packet from Spooler of len 2
[09/05/22 15:33:00:6959912] [INFO   ]: Spooler requested update
[09/05/22 15:33:00:9350379] [DEBUG  ]: Recieving packet from Spooler of len 2
[09/05/22 15:33:00:9364850] [INFO   ]: Spooler requested update
[09/05/22 15:33:01:1721198] [DEBUG  ]: Recieving packet from Spooler of len 2
[09/05/22 15:33:01:1733863] [INFO   ]: Spooler requested update
[09/05/22 15:33:01:4113716] [DEBUG  ]: Recieving packet from Spooler of len 2
[09/05/22 15:33:01:4120832] [INFO   ]: Spooler requested update
[09/05/22 15:33:01:6438010] [DEBUG  ]: Recieving packet from Spooler of len 2
[09/05/22 15:33:01:6445106] [INFO   ]: Spooler requested update
[09/05/22 15:33:01:8720820] [DEBUG  ]: Recieving packet from Spooler of len 2
[09/05/22 15:33:01:8728782] [INFO   ]: Spooler requested update
[09/05/22 15:33:02:0908034] [DEBUG  ]: Recieving packet from Spooler of len 2
[09/05/22 15:33:02:0915213] [INFO   ]: Spooler requested update
[09/05/22 15:33:02:3370670] [DEBUG  ]: Recieving packet from Spooler of len 2
[09/05/22 15:33:02:3379226] [INFO   ]: Spooler requested update
[09/05/22 15:33:02:5845105] [DEBUG  ]: Recieving packet from Spooler of len 2
[09/05/22 15:33:02:5852528] [INFO   ]: Spooler requested update
[09/05/22 15:33:02:8122662] [DEBUG  ]: Recieving packet from Spooler of len 2
[09/05/22 15:33:02:8131084] [INFO   ]: Spooler requested update
[09/05/22 15:33:03:0383652] [DEBUG  ]: Recieving packet from Spooler of len 2
[09/05/22 15:33:03:0390697] [INFO   ]: Spooler requested update
[09/05/22 15:33:03:2715953] [DEBUG  ]: Recieving packet from Spooler of len 2
[09/05/22 15:33:03:2749681] [INFO   ]: Spooler requested update
[09/05/22 15:33:03:5125927] [DEBUG  ]: Recieving packet from Spooler of len 2
[09/05/22 15:33:03:5133613] [INFO   ]: Spooler requested update
[09/05/22 15:33:03:7457635] [DEBUG  ]: Recieving packet from Spooler of len 2
[09/05/22 15:33:03:7465332] [INFO   ]: Spooler requested update
[09/05/22 15:33:03:9935932] [DEBUG  ]: Recieving packet from Spooler of len 2
[09/05/22 15:33:03:9944007] [INFO   ]: Spooler requested update
[09/05/22 15:33:04:2385959] [DEBUG  ]: Recieving packet from Spooler of len 2
[09/05/22 15:33:04:2396752] [INFO   ]: Spooler requested update
[09/05/22 15:33:04:4910930] [DEBUG  ]: Recieving packet from Spooler of len 2
[09/05/22 15:33:04:4918542] [INFO   ]: Spooler requested update
[09/05/22 15:33:04:7950027] [DEBUG  ]: Recieving packet from Spooler of len 2
[09/05/22 15:33:04:7957704] [INFO   ]: Spooler requested update
[09/05/22 15:33:05:0431649] [DEBUG  ]: Recieving packet from Spooler of len 2
[09/05/22 15:33:05:0438631] [INFO   ]: Spooler requested update
[09/05/22 15:33:05:2705573] [DEBUG  ]: Recieving packet from Spooler of len 2
[09/05/22 15:33:05:2736923] [INFO   ]: Spooler requested update
[09/05/22 15:33:05:5072604] [DEBUG  ]: Recieving packet from Spooler of len 2
[09/05/22 15:33:05:5079674] [INFO   ]: Spooler requested update
[09/05/22 15:33:05:7349021] [DEBUG  ]: Recieving packet from Spooler of len 2
[09/05/22 15:33:05:7356311] [INFO   ]: Spooler requested update
[09/05/22 15:33:05:9656596] [DEBUG  ]: Recieving packet from Spooler of len 2
[09/05/22 15:33:05:9665365] [INFO   ]: Spooler requested update
[09/05/22 15:33:06:2022794] [DEBUG  ]: Recieving packet from Spooler of len 2
[09/05/22 15:33:06:2030040] [INFO   ]: Spooler requested update
[09/05/22 15:33:06:4280005] [DEBUG  ]: Recieving packet from Spooler of len 2
[09/05/22 15:33:06:4286931] [INFO   ]: Spooler requested update
[09/05/22 15:33:06:6785402] [DEBUG  ]: Recieving packet from Spooler of len 2
[09/05/22 15:33:06:6819306] [INFO   ]: Spooler requested update
[09/05/22 15:33:06:9133505] [DEBUG  ]: Recieving packet from Spooler of len 2
[09/05/22 15:33:06:9140820] [INFO   ]: Spooler requested update
[09/05/22 15:33:07:1649598] [DEBUG  ]: Recieving packet from Spooler of len 2
[09/05/22 15:33:07:1657084] [INFO   ]: Spooler requested update
[09/05/22 15:33:07:3971144] [DEBUG  ]: Recieving packet from Spooler of len 2
[09/05/22 15:33:07:3978206] [INFO   ]: Spooler requested update
[09/05/22 15:33:07:6408658] [DEBUG  ]: Recieving packet from Spooler of len 2
[09/05/22 15:33:07:6416884] [INFO   ]: Spooler requested update
[09/05/22 15:33:07:8726473] [DEBUG  ]: Recieving packet from Spooler of len 2
[09/05/22 15:33:07:8733718] [INFO   ]: Spooler requested update
[09/05/22 15:33:08:1040024] [DEBUG  ]: Recieving packet from Spooler of len 2
[09/05/22 15:33:08:1047443] [INFO   ]: Spooler requested update
[09/05/22 15:33:08:3383382] [DEBUG  ]: Recieving packet from Spooler of len 2
[09/05/22 15:33:08:3390867] [INFO   ]: Spooler requested update
[09/05/22 15:33:08:5694331] [DEBUG  ]: Recieving packet from Spooler of len 2
[09/05/22 15:33:08:5701303] [INFO   ]: Spooler requested update
[09/05/22 15:33:08:7939185] [DEBUG  ]: Recieving packet from Spooler of len 2
[09/05/22 15:33:08:7948541] [INFO   ]: Spooler requested update
[09/05/22 15:33:09:0281988] [DEBUG  ]: Recieving packet from Spooler of len 2
[09/05/22 15:33:09:0315035] [INFO   ]: Spooler requested update
[09/05/22 15:33:09:3014347] [DEBUG  ]: Recieving packet from Spooler of len 2
[09/05/22 15:33:09:3022279] [INFO   ]: Spooler requested update
[09/05/22 15:33:09:5479284] [DEBUG  ]: Recieving packet from Spooler of len 2
[09/05/22 15:33:09:5487324] [INFO   ]: Spooler requested update
[09/05/22 15:33:09:7957954] [DEBUG  ]: Recieving packet from Spooler of len 2
[09/05/22 15:33:09:7965359] [INFO   ]: Spooler requested update
[09/05/22 15:33:10:0164212] [DEBUG  ]: Recieving packet from Spooler of len 2
[09/05/22 15:33:10:0171293] [INFO   ]: Spooler requested update
[09/05/22 15:33:10:2557098] [DEBUG  ]: Recieving packet from Spooler of len 2
[09/05/22 15:33:10:2564148] [INFO   ]: Spooler requested update
[09/05/22 15:33:10:4851485] [DEBUG  ]: Recieving packet from Spooler of len 2
[09/05/22 15:33:10:4858526] [INFO   ]: Spooler requested update
[09/05/22 15:33:10:7188404] [DEBUG  ]: Recieving packet from Spooler of len 2
[09/05/22 15:33:10:7195826] [INFO   ]: Spooler requested update
[09/05/22 15:33:10:9582936] [DEBUG  ]: Recieving packet from Spooler of len 2
[09/05/22 15:33:10:9590678] [INFO   ]: Spooler requested update
[09/05/22 15:33:11:2276524] [DEBUG  ]: Recieving packet from Spooler of len 2
[09/05/22 15:33:11:2283802] [INFO   ]: Spooler requested update
[09/05/22 15:33:11:4659133] [DEBUG  ]: Recieving packet from Spooler of len 2
[09/05/22 15:33:11:4666940] [INFO   ]: Spooler requested update
[09/05/22 15:33:11:6818401] [DEBUG  ]: Recieving packet from Spooler of len 2
[09/05/22 15:33:11:6825605] [INFO   ]: Spooler requested update
[09/05/22 15:33:11:9017673] [DEBUG  ]: Recieving packet from Spooler of len 2
[09/05/22 15:33:11:9025177] [INFO   ]: Spooler requested update
[09/05/22 15:33:12:1319181] [DEBUG  ]: Recieving packet from Spooler of len 2
[09/05/22 15:33:12:1328675] [INFO   ]: Spooler requested update
[09/05/22 15:33:12:3476438] [DEBUG  ]: Recieving packet from Spooler of len 2
[09/05/22 15:33:12:3484063] [INFO   ]: Spooler requested update
[09/05/22 15:33:12:5652782] [DEBUG  ]: Recieving packet from Spooler of len 2
[09/05/22 15:33:12:5659812] [INFO   ]: Spooler requested update
[09/05/22 15:33:12:7830185] [DEBUG  ]: Recieving packet from Spooler of len 2
[09/05/22 15:33:12:7838159] [INFO   ]: Spooler requested update
[09/05/22 15:33:13:0071383] [DEBUG  ]: Recieving packet from Spooler of len 2
[09/05/22 15:33:13:0078325] [INFO   ]: Spooler requested update
[09/05/22 15:33:13:2324946] [DEBUG  ]: Recieving packet from Spooler of len 2
[09/05/22 15:33:13:2332439] [INFO   ]: Spooler requested update
[09/05/22 15:33:13:4474144] [DEBUG  ]: Recieving packet from Spooler of len 2
[09/05/22 15:33:13:4481157] [INFO   ]: Spooler requested update
[09/05/22 15:33:13:6660217] [DEBUG  ]: Recieving packet from Spooler of len 2
[09/05/22 15:33:13:6668566] [INFO   ]: Spooler requested update
[09/05/22 15:33:13:8812233] [DEBUG  ]: Recieving packet from Spooler of len 2
[09/05/22 15:33:13:8822834] [INFO   ]: Spooler requested update
[09/05/22 15:33:14:0993806] [DEBUG  ]: Recieving packet from Spooler of len 2
[09/05/22 15:33:14:1000998] [INFO   ]: Spooler requested update
[09/05/22 15:33:14:3168042] [DEBUG  ]: Recieving packet from Spooler of len 2
[09/05/22 15:33:14:3176375] [INFO   ]: Spooler requested update
[09/05/22 15:33:14:5465367] [DEBUG  ]: Recieving packet from Spooler of len 2
[09/05/22 15:33:14:5475330] [INFO   ]: Spooler requested update
[09/05/22 15:33:14:7887140] [DEBUG  ]: Recieving packet from Spooler of len 2
[09/05/22 15:33:14:7894100] [INFO   ]: Spooler requested update
[09/05/22 15:33:15:0240925] [DEBUG  ]: Recieving packet from Spooler of len 2
[09/05/22 15:33:15:0253981] [INFO   ]: Spooler requested update
[09/05/22 15:33:15:2513185] [DEBUG  ]: Recieving packet from Spooler of