[09/05/22 15:38:05:8732999] [INFO   ]: Logging started
[09/05/22 15:38:05:8848592] [INFO   ]: Starting Spooler receive
[09/05/22 15:38:06:2757807] [DEBUG  ]: Recieving packet from Spooler of len 2
[09/05/22 15:38:06:2761499] [INFO   ]: Spooler requested update
[09/05/22 15:38:06:7968283] [DEBUG  ]: Recieving packet from Spooler of len 2
[09/05/22 15:38:06:7970626] [INFO   ]: Spooler requested update
[09/05/22 15:38:07:3093219] [DEBUG  ]: Recieving packet from Spooler of len 2
[09/05/22 15:38:07:3096067] [INFO   ]: Spooler requested update
[09/05/22 15:38:07:8205782] [DEBUG  ]: Recieving packet from Spooler of len 2
[09/05/22 15:38:07:8208110] [INFO   ]: Spooler requested update
[09/05/22 15:38:08:3311073] [DEBUG  ]: Recieving packet from Spooler of len 2
[09/05/22 15:38:08:3313695] [INFO   ]: Spooler requested update
[09/05/22 15:38:08:8548111] [DEBUG  ]: Recieving packet from Spooler of len 2
[09/05/22 15:38:08:8550458] [INFO   ]: Spooler requested update
[09/05/22 15:38:09:3651232] [DEBUG  ]: Recieving packet from Spooler of len 2
[09/05/22 15:38:09:3654180] [INFO   ]: Spooler requested update
[09/05/22 15:38:09:8746696] [DEBUG  ]: Recieving packet from Spooler of len 2
[09/05/22 15:38:09:8749262] [INFO   ]: Spooler requested update
[09/05/22 15:38:10:3997014] [DEBUG  ]: Recieving packet from Spooler of len 2
[09/05/22 15:38:10:3999257] [INFO   ]: Spooler requested update
[09/05/22 15:38:10:9099389] [DEBUG  ]: Recieving packet from Spooler of len 2
[09/05/22 15:38:10:9101722] [INFO   ]: Spooler requested update
[09/05/22 15:38:11:4203269] [DEBUG  ]: Recieving packet from Spooler of len 2
[09/05/22 15:38:11:4206827] [INFO   ]: Spooler requested update
[09/05/22 15:38:11:9303943] [DEBUG  ]: Recieving packet from Spooler of len 2
[09/05/22 15:38:11:9307865] [INFO   ]: Spooler requested update
[09/05/22 15:38:12:4403151] [DEBUG  ]: Recieving packet from Spooler of len 2
[09/05/22 15:38:12:4406718] [INFO   ]: Spooler requested update
[09/05/22 15:38:12:9503168] [DEBUG  ]: Recieving packet from Spooler of len 2
[09/05/22 15:38:12:9510769] [INFO   ]: Spooler requested update
[09/05/22 15:38:13:4765117] [DEBUG  ]: Recieving packet from Spooler of len 2
[09/05/22 15:38:13:4772870] [INFO   ]: Spooler requested update
[09/05/22 15:38:14:0023884] [DEBUG  ]: Recieving packet from Spooler of len 2
[09/05/22 15:38:14:0032145] [INFO   ]: Spooler requested update
[09/05/22 15:38:14:5282365] [DEBUG  ]: Recieving packet from Spooler of len 2
[09/05/22 15:38:14:5291125] [INFO   ]: Spooler requested update
[09/05/22 15:38:15:0528524] [DEBUG  ]: Recieving packet from Spooler of len 2
[09/05/22 15:38:15:0536818] [INFO   ]: Spooler requested update
[09/05/22 15:38:15:5788363] [DEBUG  ]: Recieving packet from Spooler of len 2
[09/05/22 15:38:15:5795188] [INFO   ]: Spooler requested update
[09/05/22 15:38:16:1049569] [DEBUG  ]: Recieving packet from Spooler of len 2
[09/05/22 15:38:16:1056979] [INFO   ]: Spooler requested update
[09/05/22 15:38:16:6313666] [DEBUG  ]: Recieving packet from Spooler of len 2
[09/05/22 15:38:16:6320712] [INFO   ]: Spooler requested update
[09/05/22 15:38:17:1578961] [DEBUG  ]: Recieving packet from Spooler of len 2
[09/05/22 15:38:17:1585928] [INFO   ]: Spooler requested update
[09/05/22 15:38:17:6835322] [DEBUG  ]: Recieving packet from Spooler of len 2
[09/05/22 15:38:17:6842314] [INFO   ]: Spooler requested update
[09/05/22 15:38:18:2104764] [DEBUG  ]: Recieving packet from Spooler of len 2
[09/05/22 15:38:18:2111327] [INFO   ]: Spooler requested update
[09/05/22 15:38:18:7359638] [DEBUG  ]: Recieving packet from Spooler of len 2
[09/05/22 15:38:18:7366375] [INFO   ]: Spooler requested update
[09/05/22 15:38:19:2628879] [DEBUG  ]: Recieving packet from Spooler of len 2
[09/05/22 15:38:19:2635961] [INFO   ]: Spooler requested update
[09/05/22 15:38:19:7877204] [DEBUG  ]: Recieving packet from Spooler of len 2
[09/05/22 15:38:19:7883823] [INFO   ]: Spooler requested update
[09/05/22 15:38:20:3143971] [DEBUG  ]: Recieving packet from Spooler of len 2
[09/05/22 15:38:20:3151078] [INFO   ]: Spooler requested update
[09/05/22 15:38:20:8391941] [DEBUG  ]: Recieving packet from Spooler of len 2
[09/05/22 15:38:20:8399177] [INFO   ]: Spooler requested update
[09/05/22 15:38:21:3651855] [DEBUG  ]: Recieving packet from Spooler of len 2
[09/05/22 15:38:21:3658999] [INFO   ]: Spooler requested update
[09/05/22 15:38:21:8908104] [DEBUG  ]: Recieving packet from Spooler of len 2
[09/05/22 15:38:21:8915328] [INFO   ]: Spooler requested update
[09/05/22 15:38:22:4176664] [DEBUG  ]: Recieving packet from Spooler of len 2
[09/05/22 15:38:22:4183559] [INFO   ]: Spooler requested update
[09/05/22 15:38:22:9442405] [DEBUG  ]: Recieving packet from Spooler of len 2
[09/05/22 15:38:22:9452256] [INFO   ]: Spooler requested update
[09/05/22 15:38:23:4709839] [DEBUG  ]: Recieving packet from Spooler of len 2
[09/05/22 15:38:23:4716956] [INFO   ]: Spooler requested update
[09/05/22 15:38:23:9955988] [DEBUG  ]: Recieving packet from Spooler of len 2
[09/05/22 15:38:23:9962895] [INFO   ]: Spooler requested update
[09/05/22 15:38:24:5205888] [DEBUG  ]: Recieving packet from Spooler of len 2
[09/05/22 15:38:24:5212954] [INFO   ]: Spooler requested update
[09/05/22 15:38:25:0452580] [DEBUG  ]: Recieving packet from Spooler of len 2
[09/05/22 15:38:25:0459434] [INFO   ]: Spooler requested update
[09/05/22 15:38:25:5718057] [DEBUG  ]: Recieving packet from Spooler of len 2
[09/05/22 15:38:25:5726720] [INFO   ]: Spooler requested update
[09/05/22 15:38:26:0976734] [DEBUG  ]: Recieving packet from Spooler of len 2
[09/05/22 15:38:26:0983323] [INFO   ]: Spooler requested update
[09/05/22 15:38:26:6228421] [DEBUG  ]: Recieving packet from Spooler of len 2
[09/05/22 15:38:26:6235025] [INFO   ]: Spooler requested update
[09/05/22 15:38:27:1482870] [DEBUG  ]: Recieving packet from Spooler of len 2
[09/05/22 15:38:27:1489361] [INFO   ]: Spooler requested update
[09/05/22 15:38:27:6739753] [DEBUG  ]: Recieving packet from Spooler of len 2
[09/05/22 15:38:27:6747200] [INFO   ]: Spooler requested update
[09/05/22 15:38:28:1998602] [DEBUG  ]: Recieving packet from Spooler of len 2
[09/05/22 15:38:28:2005321] [INFO   ]: Spooler requested update
[09/05/22 15:38:28:7247486] [DEBUG  ]: Recieving packet from Spooler of len 2
[09/05/22 15:38:28:7256559] [INFO   ]: Spooler requested update
[09/05/22 15:38:29:2499863] [DEBUG  ]: Recieving packet from Spooler of len 2
[09/05/22 15:38:29:2506345] [INFO   ]: Spooler requested update
[09/05/22 15:38:29:7765798] [DEBUG  ]: Recieving packet from Spooler of len 2
[09/05/22 15:38:29:7772495] [INFO   ]: Spooler requested update
[09/05/22 15:38:30:3026435] [DEBUG  ]: Recieving packet from Spooler of len 2
[09/05/22 15:38:30:3033282] [INFO   ]: Spooler requested update
[09/05/22 15:38:30:8291225] [DEBUG  ]: Recieving packet from Spooler of len 2
[09/05/22 15:38:30:8298487] [INFO   ]: Spooler requested update
[09/05/22 15:38:31:3559403] [DEBUG  ]: Recieving packet from Spooler of len 2
[09/05/22 15:38:31:3566420] [INFO   ]: Spooler requested update
[09/05/22 15:38:31:8803109] [DEBUG  ]: Recieving packet from Spooler of len 2
[09/05/22 15:38:31:8810024] [INFO   ]: Spooler requested update
[09/05/22 15:38:32:4062064] [DEBUG  ]: Recieving packet from Spooler of len 2
[09/05/22 15:38:32:4069092] [INFO   ]: Spooler requested update
[09/05/22 15:38:32:9321301] [DEBUG  ]: Recieving packet from Spooler of len 2
[09/05/22 15:38:32:9328048] [INFO   ]: Spooler requested update
[09/05/22 15:38:33:4588650] [DEBUG  ]: Recieving packet from Spooler of len 2
[09/05/22 15:38:33:4595287] [INFO   ]: Spooler requested update
[09/05/22 15:38:33:9843506] [DEBUG  ]: Recieving packet from Spooler of len 2
[09/05/22 15:38:33:9850438] [INFO   ]: Spooler requested update
[09/05/22 15:38:34:5128643] [DEBUG  ]: Recieving packet from Spooler of len 2
[09/05/22 15:38:34:5135692] [INFO   ]: Spooler requested update
[09/05/22 15:38:35:0369792] [DEBUG  ]: Recieving packet from Spooler of len 2
[09/05/22 15:38:35:0376606] [INFO   ]: Spooler requested update
[09/05/22 15:38:35:5642134] [DEBUG  ]: Recieving packet from Spooler of len 2
[09/05/22 15:38:35:5649447] [INFO   ]: Spooler requested update
[09/05/22 15:38:36:0910591] [DEBUG  ]: Recieving packet from Spooler of len 2
[09/05/22 15:38:36:0917714] [INFO   ]: Spooler requested update
[09/05/22 15:38:36:6187150] [DEBUG  ]: Recieving packet from Spooler of len 2
[09/05/22 15:38:36:6198226] [INFO   ]: Spooler requested update
[09/05/22 15:38:37:1453906] [DEBUG  ]: Recieving packet from Spooler of len 2
[09/05/22 15:38:37:1462398] [INFO   ]: Spooler requested update
[09/05/22 15:38:37:6722046] [DEBUG  ]: Recieving packet from Spooler of len 2
[09/05/22 15:38:37:6730525] [INFO   ]: Spooler requested update
[09/05/22 15:38:38:1983330] [DEBUG  ]: Recieving packet from Spooler of len 2
[09/05/22 15:38:38:1990226] [INFO   ]: Spooler requested update
[09/05/22 15:38:38:7257185] [DEBUG  ]: Recieving packet from Spooler of len 2
[09/05/22 15:38:38:7268253] [INFO   ]: Spooler requested update
[09/05/22 15:38:39:2519035] [DEBUG  ]: Recieving packet from Spooler of len 2
[09/05/22 15:38:39:2529446] [INFO   ]: Spooler requested update
[09/05/22 15:38:39:7762711] [DEBUG  ]: Recieving packet from Spooler of len 2
[09/05/22 15:38:39:7769679] [INFO   ]: Spooler requested update
[09/05/22 15:38:40:3092998] [DEBUG  ]: Recieving packet from Spooler of len 2
[09/05/22 15:38:40:3111657] [INFO   ]: Spooler requested update
[09/05/22 15:38:40:8440228] [DEBUG  ]: Recieving packet from Spooler of len 2
[09/05/22 15:38:40:8453347] [INFO   ]: Spooler requested update
[09/05/22 15:38:41:3720377] [DEBUG  ]: Recieving packet from Spooler of len 2
[09/05/22 15:38:41:3733263] [INFO   ]: Spooler requested update
[09/05/22 15:38:41:8946725] [DEBUG  ]: Recieving packet from Spooler of len 2
[09/05/22 15:38:41:8953833] [INFO   ]: Spooler requested update
[09/05/22 15:38:42:4220530] [DEBUG  ]: Recieving packet from Spooler of len 2
[09/05/22 15:38:42:4233264] [INFO   ]: Spooler requested update
[09/05/22 15:38:42:9463865] [DEBUG  ]: Recieving packet from Spooler of len 2
[09/05/22 15:38:42:9471257] [INFO   ]: Spooler requested update
[09/05/22 15:38:43:4723574] [DEBUG  ]: Recieving packet from Spooler of len 2
[09/05/22 15:38:43:4730416] [INFO   ]: Spooler requested update
[09/05/22 15:38:43:9964730] [DEBUG  ]: Recieving packet from Spooler of len 2
[09/05/22 15:38:43:9976556] [INFO   ]: Spooler requested update
[09/05/22 15:38:44:5232040] [DEBUG  ]: Recieving packet from Spooler of len 2
[09/05/22 15:38:44:5239053] [INFO   ]: Spooler requested update
[09/05/22 15:38:45:0493929] [DEBUG  ]: Recieving packet from Spooler of len 2
[09/05/22 15:38:45:0503503] [INFO   ]: Spooler requested update
[09/05/22 15:38:45:5741887] [DEBUG  ]: Recieving packet from Spooler of len 2
[09/05/22 15:38:45:5748776] [INFO   ]: Spooler requested update
[09/05/22 15:38:46:1002269] [DEBUG  ]: Recieving packet from Spooler of len 2
[09/05/22 15:38:46:1009532] [INFO   ]: Spooler requested update
[09/05/22 15:38:46:6250223] [DEBUG  ]: Recieving packet from Spooler of len 2
[09/05/22 15:38:46:6257399] [INFO   ]: Spooler requested update
[09/05/22 15:38:47:1502994] [DEBUG  ]: Recieving packet from Spooler of len 2
[09/05/22 15:38:47:1516006] [INFO   ]: Spooler requested update
[09/05/22 15:38:47:6758402] [DEBUG  ]: Recieving packet from Spooler of len 2
[09/05/22 15:38:47:6765527] [INFO   ]: Spooler requested update
[09/05/22 15:38:48:2018638] [DEBUG  ]: Recieving packet from Spooler of len 2
[09/05/22 15:38:48:2025773] [INFO   ]: Spooler requested update
[09/05/22 15:38:48:7274332] [DEBUG  ]: Recieving packet from Spooler of len 2
[09/05/22 15:38:48:7281131] [INFO   ]: Spooler requested update
[09/05/22 15:38:49:2521391] [DEBUG  ]: Recieving packet from Spooler of len 2
[09/05/22 15:38:49:2528859] [INFO   ]: Spooler requested update
[09/05/22 15:38:49:7767251] [DEBUG  ]: Recieving packet from Spooler of len 2
[09/05/22 15:38:49:7773742] [INFO   ]: Spooler requested update
[09/05/22 15:38:50:3046451] [DEBUG  ]: Recieving packet from Spooler of len 2
[09/05/22 15:38:50:3054721] [INFO   ]: Spooler requested update
[09/05/22 15:38:50:8279147] [DEBUG  ]: Recieving packet from Spooler of len 2
[09/05/22 15:38:50:8286229] [INFO   ]: Spooler requested update
[09/05/22 15:38:51:3539693] [DEBUG  ]: Recieving packet from Spooler of len 2
[09/05/22 15:38:51:3546590] [INFO   ]: Spooler requested update
[09/05/22 15:38:51:8800204] [DEBUG  ]: Recieving packet from Spooler of len 2
[09/05/22 15:38:51:8807955] [INFO   ]: Spooler requested update
[09/05/22 15:38:52:4068049] [DEBUG  ]: Recieving packet from Spooler of len 2
[09/05/22 15:38:52:4075558] [INFO   ]: Spooler requested update
[09/05/22 15:38:52:9300492] [DEBUG  ]: Recieving packet from Spooler of len 2
[09/05/22 15:38:52:9307298] [INFO   ]: Spooler requested update
[09/05/22 15:38:53:4548821] [DEBUG  ]: Recieving packet from Spooler of len 2
[09/05/22 15:38:53:4555919] [INFO   ]: Spooler requested update
[09/05/22 15:38:53:9815193] [DEBUG  ]: Recieving packet from Spooler of len 2
[09/05/22 15:38:53:9821754] [INFO   ]: Spooler requested update
[09/05/22 15:38:54:5052144] [DEBUG  ]: Recieving packet from Spooler of len 2
[09/05/22 15:38:54:5060074] [INFO   ]: Spooler requested update
[09/05/22 15:38:55:0303908] [DEBUG  ]: Recieving packet from Spooler of len 2
[09/05/22 15:38:55:0310934] [INFO   ]: Spooler requested update
[09/05/22 15:38:55:5578560] [DEBUG  ]: Recieving packet from Spooler of len 2
[09/05/22 15:38:55:5589108] [INFO   ]: Spooler requested update
[09/05/22 15:38:56:0808148] [DEBUG  ]: Recieving packet from Spooler of len 2
[09/05/22 15:38:56:0814918] [INFO   ]: Spooler requested update
[09/05/22 15:38:56:6049397] [DEBUG  ]: Recieving packet from Spooler of len 2
[09/05/22 15:38:56:6056904] [INFO   ]: Spooler requested update
[09/05/22 15:38:57:1309161] [DEBUG  ]: Recieving packet from Spooler of len 2
[09/05/22 15:38:57:1315738] [INFO   ]: Spooler requested update
[09/05/22 15:38:57:6561975] [DEBUG  ]: Recieving packet from Spooler of len 2
[09/05/22 15:38:57:6568910] [INFO   ]: Spooler requested update
[09/05/22 15:38:58:1823800] [DEBUG  ]: Recieving packet from Spooler of len 2
[09/05/22 15:38:58:1830930] [INFO   ]: Spooler requested update
[09/05/22 15:38:58:7090987] [DEBUG  ]: Recieving packet from Spooler of len 2
[09/05/22 15:38:58:7099455] [INFO   ]: Spooler requested update
[09/05/22 15:38:59:2331492] [DEBUG  ]: Recieving packet from Spooler of len 2
[09/05/22 15:38:59:2338185] [INFO   ]: Spooler requested update
[09/05/22 15:38:59:7604404] [DEBUG  ]: Recieving packet from Spooler of len 2
[09/05/22 15:38:59:7611776] [INFO   ]: Spooler requested update
[09/05/22 15:39:00:2872058] [DEBUG  ]: Recieving packet from Spooler of len 2
[09/05/22 15:39:00:2879112] [INFO   ]: Spooler requested update
[09/05/22 15:39:00:8137762] [DEBUG  ]: Recieving packet from Spooler of len 2
[09/05/22 15:39:00:8145437] [INFO   ]: Spooler requested update
[09/05/22 15:39:01:3388350] [DEBUG  ]: Recieving packet from Spooler of len 2
[09/05/22 15:39:01:3395537] [INFO   ]: Spooler requested update
[09/05/22 15:39:01:8651221] [DEBUG  ]: Recieving packet from Spooler of len 2
[09/05/22 15:39:01:8657884] [INFO   ]: Spooler requested update
[09/05/22 15:39:02:3910206] [DEBUG  ]: Recieving packet from Spooler of len 2
[09/05/22 15:39:02:3917815] [INFO   ]: Spooler requested update
[09/05/22 15:39:02:9176773] [DEBUG  ]: Recieving packet from Spooler of len 2
[09/05/22 15:39:02:9183492] [INFO   ]: Spooler requested update
[09/05/22 15:39:03:4433734] [DEBUG  ]: Recieving packet from Spooler of len 2
[09/05/22 15:39:03:4440316] [INFO   ]: Spooler requested update
[09/05/22 15:39:03:9684714] [DEBUG  ]: Recieving packet from Spooler of len 2
[09/05/22 15:39:03:9691500] [INFO   ]: Spooler requested update
[09/05/22 15:39:04:4945992] [DEBUG  ]: Recieving packet from Spooler of len 2
[09/05/22 15:39:04:4952517] [INFO   ]: Spooler requested update
[09/05/22 15:39:05:0198034] [DEBUG  ]: Recieving packet from Spooler of len 2
[09/05/22 15:39:05:0205211] [INFO   ]: Spooler requested update
[09/05/22 15:39:05:5454195] [DEBUG  ]: Recieving packet from Spooler of len 2
[09/05/22 15:39:05:5461241] [INFO   ]: Spooler requested update
[09/05/22 15:39:06:0717289] [DEBUG  ]: Recieving packet from Spooler of len 2
[09/05/22 15:39:06:0723744] [INFO   ]: Spooler requested update
[09/05/22 15:39:06:5978196] [DEBUG  ]: Recieving packet from Spooler of len 2
[09/05/22 15:39:06:5985090] [INFO   ]: Spooler requested update
[09/05/22 15:39:07:1243994] [DEBUG  ]: Recieving packet from Spooler of len 2
[09/05/22 15:39:07:1251011] [INFO   ]: Spooler requested update
[09/05/22 15:39:07:6515849] [DEBUG  ]: Recieving packet from Spooler of len 2
[09/05/22 15:39:07:6523228] [INFO   ]: Spooler requested update
[09/05/22 15:39:08:1777019] [DEBUG  ]: Recieving packet from Spooler of len 2
[09/05/22 15:39:08:1783792] [INFO   ]: Spooler requested update
[09/05/22 15:39:08:7027736] [DEBUG  ]: Recieving packet from Spooler of len 2
[09/05/22 15:39:08:7034576] [INFO   ]: Spooler requested update
[09/05/22 15:39:09:2287088] [DEBUG  ]: Recieving packet from Spooler of len 2
[09/05/22 15:39:09:2294108] [INFO   ]: Spooler requested update
[09/05/22 15:39:09:7548534] [DEBUG  ]: Recieving packet from Spooler of len 2
[09/05/22 15:39:09:7555321] [INFO   ]: Spooler requested update
[09/05/22 15:39:10:2814168] [DEBUG  ]: Recieving packet from Spooler of len 2
[09/05/22 15:39:10:2820896] [INFO   ]: Spooler requested update
[09/05/22 15:39:10:8076184] [DEBUG  ]: Recieving packet from Spooler of len 2
[09/05/22 15:39:10:8082983] [INFO   ]: Spooler requested update
[09/05/22 15:39:11:3338915] [DEBUG  ]: Recieving packet from Spooler of len 2
[09/05/22 15:39:11:3345676] [INFO   ]: Spooler requested update
[09/05/22 15:39:11:8595414] [DEBUG  ]: Recieving packet from Spooler of len 2
[09/05/22 15:39:11:8601852] [INFO   ]: Spooler requested update
[09/05/22 15:39:12:3847473] [DEBUG  ]: Recieving packet from Spooler of len 2
[09/05/22 15:39:12:3854249] [INFO   ]: Spooler requested update
[09/05/22 15:39:12:9103659] [DEBUG  ]: Recieving packet from Spooler of len 2
[09/05/22 15:39:12:9110088] [INFO   ]: Spooler requested update
[09/05/22 15:39:13:4356762] [DEBUG  ]: Recieving packet from Spooler of len 2
[09/05/22 15:39:13:4363312] [INFO   ]: Spooler requested update
[09/05/22 15:39:13:9616497] [DEBUG  ]: Recieving packet from Spooler of len 2
[09/05/22 15:39:13:9623228] [INFO   ]: Spooler requested update
[09/05/22 15:39:14:4880159] [DEBUG  ]: Recieving packet from Spooler of len 2
[09/05/22 15:39:14:4886861] [INFO   ]: Spooler requested update
[09/05/22 15:39:15:0144530] [DEBUG  ]: Recieving packet from Spooler of len 2
[09/05/22 15:39:15:0151482] [INFO   ]: Spooler requested update
[09/05/22 15:39:15:5393842] [DEBUG  ]: Recieving packet from Spooler of len 2
[09/05/22 15:39:15:5400740] [INFO   ]: Spooler requested update
[09/05/22 15:39:16:0644247] [DEBUG  ]: Recieving packet from Spooler of len 2
[09/05/22 15:39:16:0650902] [INFO   ]: Spooler requested update
[09/05/22 15:39:16:5914299] [DEBUG  ]: Recieving packet from Spooler of len 2
[09/05/22 15:39:16:5930505] [INFO   ]: Spooler requested update
[09/05/22 15:39:17:1189741] [DEBUG  ]: Recieving packet from Spooler of len 2
[09/05/22 15:39:17:1197014] [INFO   ]: Spooler requested update
[09/05/22 15:39:17:6440077] [DEBUG  ]: Recieving packet from Spooler of len 2
[09/05/22 15:39:17:6446989] [INFO   ]: Spooler requested update
[09/05/22 15:39:18:1697160] [DEBUG  ]: Recieving packet from Spooler of len 2
[09/05/22 15:39:18:1704042] [INFO   ]: Spooler requested update
[09/05/22 15:39:18:6944095] [DEBUG  ]: Recieving packet from Spooler of len 2
[09/05/22 15:39:18:6950991] [INFO   ]: Spooler requested update
[09/05/22 15:39:19:2211748] [DEBUG  ]: Recieving packet from Spooler of len 2
[09/05/22 15:39:19:2218951] [INFO   ]: Spooler requested update
[09/05/22 15:39:19:7465328] [DEBUG  ]: Recieving packet from Spooler of len 2
[09/05/22 15:39:19:7472494] [INFO   ]: Spooler requested update
[09/05/22 15:39:20:2736392] [DEBUG  ]: Recieving packet from Spooler of len 2
[09/05/22 15:39:20:2742917] [INFO   ]: Spooler requested update
[09/05/22 15:39:20:7980161] [DEBUG  ]: Recieving packet from Spooler of len 2
[09/05/22 15:39:20:7987410] [INFO   ]: Spooler requested update
[09/05/22 15:39:21:3230830] [DEBUG  ]: Recieving packet from Spooler of len 2
[09/05/22 15:39:21:3237531] [INFO   ]: Spooler requested update
[09/05/22 15:39:21:8499909] [DEBUG  ]: Recieving packet from Spooler of len 2
[09/05/22 15:39:21:8506475] [INFO   ]: Spooler requested update
[09/05/22 15:39:22:3755501] [DEBUG  ]: Recieving packet from Spooler of len 2
[09/05/22 15:39:22:3762408] [INFO   ]: Spooler requested update
[09/05/22 15:39:22:9016952] [DEBUG  ]: Recieving packet from Spooler of len 2
[09/05/22 15:39:22:9023403] [INFO   ]: Spooler requested update
[09/05/22 15:39:23:4276691] [DEBUG  ]: Recieving packet from Spooler of len 2
[09/05/22 15:39:23:4283601] [INFO   ]: Spooler requested update
[09/05/22 15:39:23:9528973] [DEBUG  ]: Recieving packet from Spooler of len 2
[09/05/22 15:39:23:9535600] [INFO   ]: Spooler requested update
[09/05/22 15:39:24:4794774] [DEBUG  ]: Recieving packet from Spooler of len 2
[09/05/22 15:39:24:4801104] [INFO   ]: Spooler requested update
[09/05/22 15:39:25:0056118] [DEBUG  ]: Recieving packet from Spooler of len 2
[09/05/22 15:39:25:0062928] [INFO   ]: Spooler requested update
[09/05/22 15:39:25:5335119] [DEBUG  ]: Recieving packet from Spooler of len 2
[09/05/22 15:39:25:5341776] [INFO   ]: Spooler requested update
[09/05/22 15:39:26:0583968] [DEBUG  ]: Recieving packet from Spooler of len 2
[09/05/22 15:39:26:0590736] [INFO   ]: Spooler requested update
[09/05/22 15:39:26:5851472] [DEBUG  ]: Recieving packet from Spooler of len 2
[09/05/22 15:39:26:5858389] [INFO   ]: Spooler requested update
[09/05/22 15:39:27:1105409] [DEBUG  ]: Recieving packet from Spooler of len 2
[09/05/22 15:39:27:1112680] [INFO   ]: Spooler requested update
[09/05/22 15:39:27:6355194] [DEBUG  ]: Recieving packet from Spooler of len 2
[09/05/22 15:39:27:6361757] [INFO   ]: Spooler requested update
[09/05/22 15:39:28:1610058] [DEBUG  ]: Recieving packet from Spooler of len 2
[09/05/22 15:39:28:1617391] [INFO   ]: Spooler requested update
[09/05/22 15:39:28:6856425] [DEBUG  ]: Recieving packet from Spooler of len 2
[09/05/22 15:39:28:6863500] [INFO   ]: Spooler requested update
[09/05/22 15:39:29:2119310] [DEBUG  ]: Recieving packet from Spooler of len 2
[09/05/22 15:39:29:2126703] [INFO   ]: Spooler requested update
[09/05/22 15:39:29:7382587] [DEBUG  ]: Recieving packet from Spooler of len 2
[09/05/22 15:39:29:7389211] [INFO   ]: Spooler requested update
[09/05/22 15:39:30:2639600] [DEBUG  ]: Recieving packet from Spooler of len 2
[09/05/22 15:39:30:2646142] [INFO   ]: Spooler requested update
[09/05/22 15:39:30:7901286] [DEBUG  ]: Recieving packet from Spooler of len 2
[09/05/22 15:39:30:7907992] [INFO   ]: Spooler requested update
[09/05/22 15:39:31:3146504] [DEBUG  ]: Recieving packet from Spooler of len 2
[09/05/22 15:39:31:3153496] [INFO   ]: Spooler requested update
[09/05/22 15:39:31:8409901] [DEBUG  ]: Recieving packet from Spooler of len 2
[09/05/22 15:39:31:8416827] [INFO   ]: Spooler requested update
[09/05/22 15:39:32:3671549] [DEBUG  ]: Recieving packet from Spooler of len 2
[09/05/22 15:39:32:3678288] [INFO   ]: Spooler requested update
[09/05/22 15:39:32:8936665] [DEBUG  ]: Recieving packet from Spooler of len 2
[09/05/22 15:39:32:8943103] [INFO   ]: Spooler requested update
[09/05/22 15:39:33:4194997] [DEBUG  ]: Recieving packet from Spooler of len 2
[09/05/22 15:39:33:4201649] [INFO   ]: Spooler requested update
[09/05/22 15:39:33:9462837] [DEBUG  ]: Recieving packet from Spooler of len 2
[09/05/22 15:39:33:9469467] [INFO   ]: Spooler requested update
[09/05/22 15:39:34:4720352] [DEBUG  ]: Recieving packet from Spooler of len 2
[09/05/22 15:39:34:4727097] [INFO   ]: Spooler requested update
[09/05/22 15:39:34:9984646] [DEBUG  ]: Recieving packet from Spooler of len 2
[09/05/22 15:39:34:9991153] [INFO   ]: S