[09/05/22 15:32:51:6451059] [INFO   ]: Logging started
[09/05/22 15:32:51:6570120] [INFO   ]: Starting Spooler receive
[09/05/22 15:32:56:0638754] [DEBUG  ]: Recieving packet from Spooler of len 2
[09/05/22 15:32:56:0642275] [INFO   ]: Spooler requested update
[09/05/22 15:32:56:3141482] [DEBUG  ]: Recieving packet from Spooler of len 2
[09/05/22 15:32:56:3143731] [INFO   ]: Spooler requested update
[09/05/22 15:32:56:4982080] [DEBUG  ]: Recieving packet from Spooler of len 2
[09/05/22 15:32:56:4984894] [INFO   ]: Spooler requested update
[09/05/22 15:32:56:6680723] [DEBUG  ]: Recieving packet from Spooler of len 2
[09/05/22 15:32:56:6682788] [INFO   ]: Spooler requested update
[09/05/22 15:32:56:8384619] [DEBUG  ]: Recieving packet from Spooler of len 2
[09/05/22 15:32:56:8386832] [INFO   ]: Spooler requested update
[09/05/22 15:32:57:0084189] [DEBUG  ]: Recieving packet from Spooler of len 2
[09/05/22 15:32:57:0086555] [INFO   ]: Spooler requested update
[09/05/22 15:32:57:1770426] [DEBUG  ]: Recieving packet from Spooler of len 2
[09/05/22 15:32:57:1772652] [INFO   ]: Spooler requested update
[09/05/22 15:32:57:3483122] [DEBUG  ]: Recieving packet from Spooler of len 2
[09/05/22 15:32:57:3485130] [INFO   ]: Spooler requested update
[09/05/22 15:32:57:5191189] [DEBUG  ]: Recieving packet from Spooler of len 2
[09/05/22 15:32:57:5193449] [INFO   ]: Spooler requested update
[09/05/22 15:32:57:6885005] [DEBUG  ]: Recieving packet from Spooler of len 2
[09/05/22 15:32:57:6887071] [INFO   ]: Spooler requested update
[09/05/22 15:32:57:8651152] [DEBUG  ]: Recieving packet from Spooler of len 2
[09/05/22 15:32:57:8653115] [INFO   ]: Spooler requested update
[09/05/22 15:32:58:0523861] [DEBUG  ]: Recieving packet from Spooler of len 2
[09/05/22 15:32:58:0526271] [INFO   ]: Spooler requested update
[09/05/22 15:32:58:2389966] [DEBUG  ]: Recieving packet from Spooler of len 2
[09/05/22 15:32:58:2392568] [INFO   ]: Spooler requested update
[09/05/22 15:32:58:4326913] [DEBUG  ]: Recieving packet from Spooler of len 2
[09/05/22 15:32:58:4334574] [INFO   ]: Spooler requested update
[09/05/22 15:32:58:6723915] [DEBUG  ]: Recieving packet from Spooler of len 2
[09/05/22 15:32:58:6810221] [INFO   ]: Spooler requested update
[09/05/22 15:32:58:9996731] [DEBUG  ]: Recieving packet from Spooler of len 2
[09/05/22 15:32:59:0003717] [INFO   ]: Spooler requested update
[09/05/22 15:32:59:2174639] [DEBUG  ]: Recieving packet from Spooler of len 2
[09/05/22 15:32:59:2182000] [INFO   ]: Spooler requested update
[09/05/22 15:32:59:4544058] [DEBUG  ]: Recieving packet from Spooler of len 2
[09/05/22 15:32:59:4553188] [INFO   ]: Spooler requested update
[09/05/22 15:32:59:7702550] [DEBUG  ]: Recieving packet from Spooler of len 2
[09/05/22 15:32:59:7737573] [INFO   ]: Spooler requested update
[09/05/22 15:33:00:0073234] [DEBUG  ]: Recieving packet from Spooler of len 2
[09/05/22 15:33:00:0082737] [INFO   ]: Spooler requested update
[09/05/22 15:33:00:2224831] [DEBUG  ]: Recieving packet from Spooler of len 2
[09/05/22 15:33:00:2231782] [INFO   ]: Spooler requested update
[09/05/22 15:33:00:4402550] [DEBUG  ]: Recieving packet from Spooler of len 2
[09/05/22 15:33:00:4409724] [INFO   ]: Spooler requested update
[09/05/22 15:33:00:6569340] [DEBUG  ]: Recieving packet from Spooler of len 2
[09/05/22 15:33:00:6576287] [INFO   ]: Spooler requested update
[09/05/22 15:33:00:8905274] [DEBUG  ]: Recieving packet from Spooler of len 2
[09/05/22 15:33:00:8916206] [INFO   ]: Spooler requested update
[09/05/22 15:33:01:1217410] [DEBUG  ]: Recieving packet from Spooler of len 2
[09/05/22 15:33:01:1224861] [INFO   ]: Spooler requested update
[09/05/22 15:33:01:3737375] [DEBUG  ]: Recieving packet from Spooler of len 2
[09/05/22 15:33:01:3745485] [INFO   ]: Spooler requested update
[09/05/22 15:33:01:6042652] [DEBUG  ]: Recieving packet from Spooler of len 2
[09/05/22 15:33:01:6049861] [INFO   ]: Spooler requested update
[09/05/22 15:33:01:8342000] [DEBUG  ]: Recieving packet from Spooler of len 2
[09/05/22 15:33:01:8350849] [INFO   ]: Spooler requested update
[09/05/22 15:33:02:0524268] [DEBUG  ]: Recieving packet from Spooler of len 2
[09/05/22 15:33:02:0531322] [INFO   ]: Spooler requested update
[09/05/22 15:33:02:2883558] [DEBUG  ]: Recieving packet from Spooler of len 2
[09/05/22 15:33:02:2893715] [INFO   ]: Spooler requested update
[09/05/22 15:33:02:5358144] [DEBUG  ]: Recieving packet from Spooler of len 2
[09/05/22 15:33:02:5366938] [INFO   ]: Spooler requested update
[09/05/22 15:33:02:7649517] [DEBUG  ]: Recieving packet from Spooler of len 2
[09/05/22 15:33:02:7656533] [INFO   ]: Spooler requested update
[09/05/22 15:33:02:9988066] [DEBUG  ]: Recieving packet from Spooler of len 2
[09/05/22 15:33:02:9995088] [INFO   ]: Spooler requested update
[09/05/22 15:33:03:2292344] [DEBUG  ]: Recieving packet from Spooler of len 2
[09/05/22 15:33:03:2299379] [INFO   ]: Spooler requested update
[09/05/22 15:33:03:4645897] [DEBUG  ]: Recieving packet from Spooler of len 2
[09/05/22 15:33:03:4652771] [INFO   ]: Spooler requested update
[09/05/22 15:33:03:6993786] [DEBUG  ]: Recieving packet from Spooler of len 2
[09/05/22 15:33:03:7001828] [INFO   ]: Spooler requested update
[09/05/22 15:33:03:9360071] [DEBUG  ]: Recieving packet from Spooler of len 2
[09/05/22 15:33:03:9371479] [INFO   ]: Spooler requested update
[09/05/22 15:33:04:1839443] [DEBUG  ]: Recieving packet from Spooler of len 2
[09/05/22 15:33:04:1848322] [INFO   ]: Spooler requested update
[09/05/22 15:33:04:4466218] [DEBUG  ]: Recieving packet from Spooler of len 2
[09/05/22 15:33:04:4475647] [INFO   ]: Spooler requested update
[09/05/22 15:33:04:7052745] [DEBUG  ]: Recieving packet from Spooler of len 2
[09/05/22 15:33:04:7059511] [INFO   ]: Spooler requested update
[09/05/22 15:33:04:9973984] [DEBUG  ]: Recieving packet from Spooler of len 2
[09/05/22 15:33:04:9981446] [INFO   ]: Spooler requested update
[09/05/22 15:33:05:2296306] [DEBUG  ]: Recieving packet from Spooler of len 2
[09/05/22 15:33:05:2304010] [INFO   ]: Spooler requested update
[09/05/22 15:33:05:4622638] [DEBUG  ]: Recieving packet from Spooler of len 2
[09/05/22 15:33:05:4630487] [INFO   ]: Spooler requested update
[09/05/22 15:33:05:6952067] [DEBUG  ]: Recieving packet from Spooler of len 2
[09/05/22 15:33:05:6960098] [INFO   ]: Spooler requested update
[09/05/22 15:33:05:9247688] [DEBUG  ]: Recieving packet from Spooler of len 2
[09/05/22 15:33:05:9255244] [INFO   ]: Spooler requested update
[09/05/22 15:33:06:1575289] [DEBUG  ]: Recieving packet from Spooler of len 2
[09/05/22 15:33:06:1582489] [INFO   ]: Spooler requested update
[09/05/22 15:33:06:3886895] [DEBUG  ]: Recieving packet from Spooler of len 2
[09/05/22 15:33:06:3893864] [INFO   ]: Spooler requested update
[09/05/22 15:33:06:6286858] [DEBUG  ]: Recieving packet from Spooler of len 2
[09/05/22 15:33:06:6295964] [INFO   ]: Spooler requested update
[09/05/22 15:33:06:8700643] [DEBUG  ]: Recieving packet from Spooler of len 2
[09/05/22 15:33:06:8710846] [INFO   ]: Spooler requested update
[09/05/22 15:33:07:1000340] [DEBUG  ]: Recieving packet from Spooler of len 2
[09/05/22 15:33:07:1009550] [INFO   ]: Spooler requested update
[09/05/22 15:33:07:3500528] [DEBUG  ]: Recieving packet from Spooler of len 2
[09/05/22 15:33:07:3509938] [INFO   ]: Spooler requested update
[09/05/22 15:33:07:5885136] [DEBUG  ]: Recieving packet from Spooler of len 2
[09/05/22 15:33:07:5896322] [INFO   ]: Spooler requested update
[09/05/22 15:33:07:8288329] [DEBUG  ]: Recieving packet from Spooler of len 2
[09/05/22 15:33:07:8295569] [INFO   ]: Spooler requested update
[09/05/22 15:33:08:0605644] [DEBUG  ]: Recieving packet from Spooler of len 2
[09/05/22 15:33:08:0615912] [INFO   ]: Spooler requested update
[09/05/22 15:33:08:2942845] [DEBUG  ]: Recieving packet from Spooler of len 2
[09/05/22 15:33:08:2952861] [INFO   ]: Spooler requested update
[09/05/22 15:33:08:5269972] [DEBUG  ]: Recieving packet from Spooler of len 2
[09/05/22 15:33:08:5277157] [INFO   ]: Spooler requested update
[09/05/22 15:33:08:7542912] [DEBUG  ]: Recieving packet from Spooler of len 2
[09/05/22 15:33:08:7550042] [INFO   ]: Spooler requested update
[09/05/22 15:33:08:9885031] [DEBUG  ]: Recieving packet from Spooler of len 2
[09/05/22 15:33:08:9892352] [INFO   ]: Spooler requested update
[09/05/22 15:33:09:2225602] [DEBUG  ]: Recieving packet from Spooler of len 2
[09/05/22 15:33:09:2233209] [INFO   ]: Spooler requested update
[09/05/22 15:33:09:5034803] [DEBUG  ]: Recieving packet from Spooler of len 2
[09/05/22 15:33:09:5042065] [INFO   ]: Spooler requested update
[09/05/22 15:33:09:7478376] [DEBUG  ]: Recieving packet from Spooler of len 2
[09/05/22 15:33:09:7485326] [INFO   ]: Spooler requested update
[09/05/22 15:33:09:9777756] [DEBUG  ]: Recieving packet from Spooler of len 2
[09/05/22 15:33:09:9784798] [INFO   ]: Spooler requested update
[09/05/22 15:33:10:2073097] [DEBUG  ]: Recieving packet from Spooler of len 2
[09/05/22 15:33:10:2080131] [INFO   ]: Spooler requested update
[09/05/22 15:33:10:4396227] [DEBUG  ]: Recieving packet from Spooler of len 2
[09/05/22 15:33:10:4403351] [INFO   ]: Spooler requested update
[09/05/22 15:33:10:6742635] [DEBUG  ]: Recieving packet from Spooler of len 2
[09/05/22 15:33:10:6749614] [INFO   ]: Spooler requested update
[09/05/22 15:33:10:9073074] [DEBUG  ]: Recieving packet from Spooler of len 2
[09/05/22 15:33:10:9080031] [INFO   ]: Spooler requested update
[09/05/22 15:33:11:1539970] [DEBUG  ]: Recieving packet from Spooler of len 2
[09/05/22 15:33:11:1549707] [INFO   ]: Spooler requested update
[09/05/22 15:33:11:4291638] [DEBUG  ]: Recieving packet from Spooler of len 2
[09/05/22 15:33:11:4302889] [INFO   ]: Spooler requested update
[09/05/22 15:33:11:6453186] [DEBUG  ]: Recieving packet from Spooler of len 2
[09/05/22 15:33:11:6459998] [INFO   ]: Spooler requested update
[09/05/22 15:33:11:8625109] [DEBUG  ]: Recieving packet from Spooler of len 2
[09/05/22 15:33:11:8633913] [INFO   ]: Spooler requested update
[09/05/22 15:33:12:0952701] [DEBUG  ]: Recieving packet from Spooler of len 2
[09/05/22 15:33:12:0959737] [INFO   ]: Spooler requested update
[09/05/22 15:33:12:3114844] [DEBUG  ]: Recieving packet from Spooler of len 2
[09/05/22 15:33:12:3122087] [INFO   ]: Spooler requested update
[09/05/22 15:33:12:5279887] [DEBUG  ]: Recieving packet from Spooler of len 2
[09/05/22 15:33:12:5286929] [INFO   ]: Spooler requested update
[09/05/22 15:33:12:7454828] [DEBUG  ]: Recieving packet from Spooler of len 2
[09/05/22 15:33:12:7462278] [INFO   ]: Spooler requested update
[09/05/22 15:33:12:9622596] [DEBUG  ]: Recieving packet from Spooler of len 2
[09/05/22 15:33:12:9630232] [INFO   ]: Spooler requested update
[09/05/22 15:33:13:1946715] [DEBUG  ]: Recieving packet from Spooler of len 2
[09/05/22 15:33:13:1954963] [INFO   ]: Spooler requested update
[09/05/22 15:33:13:4101493] [DEBUG  ]: Recieving packet from Spooler of len 2
[09/05/22 15:33:13:4109527] [INFO   ]: Spooler requested update
[09/05/22 15:33:13:6274927] [DEBUG  ]: Recieving packet from Spooler of len 2
[09/05/22 15:33:13:6282500] [INFO   ]: Spooler requested update
[09/05/22 15:33:13:8453326] [DEBUG  ]: Recieving packet from Spooler of len 2
[09/05/22 15:33:13:8460415] [INFO   ]: Spooler requested update
[09/05/22 15:33:14:0619401] [DEBUG  ]: Recieving packet from Spooler of len 2
[09/05/22 15:33:14:0628820] [INFO   ]: Spooler requested update
[09/05/22 15:33:14:2791056] [DEBUG  ]: Recieving packet from Spooler of len 2
[09/05/22 15:33:14:2798602] [INFO   ]: Spooler requested update
[09/05/22 15:33:14:5005610] [DEBUG  ]: Recieving packet from Spooler of len 2
[09/05/22 15:33:14:5013028] [INFO   ]: Spooler requested update
[09/05/22 15:33:14:7437619] [DEBUG  ]: Recieving packet from Spooler of len 2
[09/05/22 15:33:14:7445615] [INFO   ]: Spooler requested update
[09/05/22 15:33:14:9780125] [DEBUG  ]: Recieving packet from Spooler of len 2
[09/05/22 15:33:14:9788434] [INFO   ]: Spooler requested update
[09/05/22 15:33:15:2094892] [DEBUG  ]: Recieving packet from Spooler of