[09/05/22 15:32:54:4186012] [INFO   ]: Logging started
[09/05/22 15:32:54:4309510] [INFO   ]: Starting Spooler receive
[09/05/22 15:32:56:1190738] [DEBUG  ]: Recieving packet from Spooler of len 2
[09/05/22 15:32:56:1194301] [INFO   ]: Spooler requested update
[09/05/22 15:32:56:3261306] [DEBUG  ]: Recieving packet from Spooler of len 2
[09/05/22 15:32:56:3263513] [INFO   ]: Spooler requested update
[09/05/22 15:32:56:5095006] [DEBUG  ]: Recieving packet from Spooler of len 2
[09/05/22 15:32:56:5097294] [INFO   ]: Spooler requested update
[09/05/22 15:32:56:6779493] [DEBUG  ]: Recieving packet from Spooler of len 2
[09/05/22 15:32:56:6781634] [INFO   ]: Spooler requested update
[09/05/22 15:32:56:8487155] [DEBUG  ]: Recieving packet from Spooler of len 2
[09/05/22 15:32:56:8489383] [INFO   ]: Spooler requested update
[09/05/22 15:32:57:0182394] [DEBUG  ]: Recieving packet from Spooler of len 2
[09/05/22 15:32:57:0184643] [INFO   ]: Spooler requested update
[09/05/22 15:32:57:1868233] [DEBUG  ]: Recieving packet from Spooler of len 2
[09/05/22 15:32:57:1870414] [INFO   ]: Spooler requested update
[09/05/22 15:32:57:3586278] [DEBUG  ]: Recieving packet from Spooler of len 2
[09/05/22 15:32:57:3588538] [INFO   ]: Spooler requested update
[09/05/22 15:32:57:5290286] [DEBUG  ]: Recieving packet from Spooler of len 2
[09/05/22 15:32:57:5292392] [INFO   ]: Spooler requested update
[09/05/22 15:32:57:6978968] [DEBUG  ]: Recieving packet from Spooler of len 2
[09/05/22 15:32:57:6981178] [INFO   ]: Spooler requested update
[09/05/22 15:32:57:8750813] [DEBUG  ]: Recieving packet from Spooler of len 2
[09/05/22 15:32:57:8752935] [INFO   ]: Spooler requested update
[09/05/22 15:32:58:0625170] [DEBUG  ]: Recieving packet from Spooler of len 2
[09/05/22 15:32:58:0628160] [INFO   ]: Spooler requested update
[09/05/22 15:32:58:2495405] [DEBUG  ]: Recieving packet from Spooler of len 2
[09/05/22 15:32:58:2497621] [INFO   ]: Spooler requested update
[09/05/22 15:32:58:4729289] [DEBUG  ]: Recieving packet from Spooler of len 2
[09/05/22 15:32:58:4737357] [INFO   ]: Spooler requested update
[09/05/22 15:32:58:7803751] [DEBUG  ]: Recieving packet from Spooler of len 2
[09/05/22 15:32:58:7852779] [INFO   ]: Spooler requested update
[09/05/22 15:32:59:0357592] [DEBUG  ]: Recieving packet from Spooler of len 2
[09/05/22 15:32:59:0364686] [INFO   ]: Spooler requested update
[09/05/22 15:32:59:2562823] [DEBUG  ]: Recieving packet from Spooler of len 2
[09/05/22 15:32:59:2570014] [INFO   ]: Spooler requested update
[09/05/22 15:32:59:5490619] [DEBUG  ]: Recieving packet from Spooler of len 2
[09/05/22 15:32:59:5497613] [INFO   ]: Spooler requested update
[09/05/22 15:32:59:8147491] [DEBUG  ]: Recieving packet from Spooler of len 2
[09/05/22 15:32:59:8159460] [INFO   ]: Spooler requested update
[09/05/22 15:33:00:0443665] [DEBUG  ]: Recieving packet from Spooler of len 2
[09/05/22 15:33:00:0452366] [INFO   ]: Spooler requested update
[09/05/22 15:33:00:2584565] [DEBUG  ]: Recieving packet from Spooler of len 2
[09/05/22 15:33:00:2592623] [INFO   ]: Spooler requested update
[09/05/22 15:33:00:4760591] [DEBUG  ]: Recieving packet from Spooler of len 2
[09/05/22 15:33:00:4768050] [INFO   ]: Spooler requested update
[09/05/22 15:33:00:6939898] [DEBUG  ]: Recieving packet from Spooler of len 2
[09/05/22 15:33:00:6947362] [INFO   ]: Spooler requested update
[09/05/22 15:33:00:9304577] [DEBUG  ]: Recieving packet from Spooler of len 2
[09/05/22 15:33:00:9347415] [INFO   ]: Spooler requested update
[09/05/22 15:33:01:1704905] [DEBUG  ]: Recieving packet from Spooler of len 2
[09/05/22 15:33:01:1716776] [INFO   ]: Spooler requested update
[09/05/22 15:33:01:4101972] [DEBUG  ]: Recieving packet from Spooler of len 2
[09/05/22 15:33:01:4109437] [INFO   ]: Spooler requested update
[09/05/22 15:33:01:6426765] [DEBUG  ]: Recieving packet from Spooler of len 2
[09/05/22 15:33:01:6433923] [INFO   ]: Spooler requested update
[09/05/22 15:33:01:8708514] [DEBUG  ]: Recieving packet from Spooler of len 2
[09/05/22 15:33:01:8716025] [INFO   ]: Spooler requested update
[09/05/22 15:33:02:0896420] [DEBUG  ]: Recieving packet from Spooler of len 2
[09/05/22 15:33:02:0903883] [INFO   ]: Spooler requested update
[09/05/22 15:33:02:3357335] [DEBUG  ]: Recieving packet from Spooler of len 2
[09/05/22 15:33:02:3366093] [INFO   ]: Spooler requested update
[09/05/22 15:33:02:5832922] [DEBUG  ]: Recieving packet from Spooler of len 2
[09/05/22 15:33:02:5840795] [INFO   ]: Spooler requested update
[09/05/22 15:33:02:8070694] [DEBUG  ]: Recieving packet from Spooler of len 2
[09/05/22 15:33:02:8116641] [INFO   ]: Spooler requested update
[09/05/22 15:33:03:0371614] [DEBUG  ]: Recieving packet from Spooler of len 2
[09/05/22 15:33:03:0379298] [INFO   ]: Spooler requested update
[09/05/22 15:33:03:2703865] [DEBUG  ]: Recieving packet from Spooler of len 2
[09/05/22 15:33:03:2711099] [INFO   ]: Spooler requested update
[09/05/22 15:33:03:5115067] [DEBUG  ]: Recieving packet from Spooler of len 2
[09/05/22 15:33:03:5122065] [INFO   ]: Spooler requested update
[09/05/22 15:33:03:7446387] [DEBUG  ]: Recieving packet from Spooler of len 2
[09/05/22 15:33:03:7453568] [INFO   ]: Spooler requested update
[09/05/22 15:33:03:9917269] [DEBUG  ]: Recieving packet from Spooler of len 2
[09/05/22 15:33:03:9924239] [INFO   ]: Spooler requested update
[09/05/22 15:33:04:2368185] [DEBUG  ]: Recieving packet from Spooler of len 2
[09/05/22 15:33:04:2381741] [INFO   ]: Spooler requested update
[09/05/22 15:33:04:4899223] [DEBUG  ]: Recieving packet from Spooler of len 2
[09/05/22 15:33:04:4906587] [INFO   ]: Spooler requested update
[09/05/22 15:33:04:7938540] [DEBUG  ]: Recieving packet from Spooler of len 2
[09/05/22 15:33:04:7945798] [INFO   ]: Spooler requested update
[09/05/22 15:33:05:0420525] [DEBUG  ]: Recieving packet from Spooler of len 2
[09/05/22 15:33:05:0427583] [INFO   ]: Spooler requested update
[09/05/22 15:33:05:2693738] [DEBUG  ]: Recieving packet from Spooler of len 2
[09/05/22 15:33:05:2701328] [INFO   ]: Spooler requested update
[09/05/22 15:33:05:5030719] [DEBUG  ]: Recieving packet from Spooler of len 2
[09/05/22 15:33:05:5068087] [INFO   ]: Spooler requested update
[09/05/22 15:33:05:7329635] [DEBUG  ]: Recieving packet from Spooler of len 2
[09/05/22 15:33:05:7336643] [INFO   ]: Spooler requested update
[09/05/22 15:33:05:9644490] [DEBUG  ]: Recieving packet from Spooler of len 2
[09/05/22 15:33:05:9651926] [INFO   ]: Spooler requested update
[09/05/22 15:33:06:1989796] [DEBUG  ]: Recieving packet from Spooler of len 2
[09/05/22 15:33:06:1996847] [INFO   ]: Spooler requested update
[09/05/22 15:33:06:4265862] [DEBUG  ]: Recieving packet from Spooler of len 2
[09/05/22 15:33:06:4276084] [INFO   ]: Spooler requested update
[09/05/22 15:33:06:6773530] [DEBUG  ]: Recieving packet from Spooler of len 2
[09/05/22 15:33:06:6780808] [INFO   ]: Spooler requested update
[09/05/22 15:33:06:9097497] [DEBUG  ]: Recieving packet from Spooler of len 2
[09/05/22 15:33:06:9105109] [INFO   ]: Spooler requested update
[09/05/22 15:33:07:1578209] [DEBUG  ]: Recieving packet from Spooler of len 2
[09/05/22 15:33:07:1596544] [INFO   ]: Spooler requested update
[09/05/22 15:33:07:3959178] [DEBUG  ]: Recieving packet from Spooler of len 2
[09/05/22 15:33:07:3967260] [INFO   ]: Spooler requested update
[09/05/22 15:33:07:6395915] [DEBUG  ]: Recieving packet from Spooler of len 2
[09/05/22 15:33:07:6403414] [INFO   ]: Spooler requested update
[09/05/22 15:33:07:8681497] [DEBUG  ]: Recieving packet from Spooler of len 2
[09/05/22 15:33:07:8694181] [INFO   ]: Spooler requested update
[09/05/22 15:33:08:1006515] [DEBUG  ]: Recieving packet from Spooler of len 2
[09/05/22 15:33:08:1036038] [INFO   ]: Spooler requested update
[09/05/22 15:33:08:3371968] [DEBUG  ]: Recieving packet from Spooler of len 2
[09/05/22 15:33:08:3379441] [INFO   ]: Spooler requested update
[09/05/22 15:33:08:5682307] [DEBUG  ]: Recieving packet from Spooler of len 2
[09/05/22 15:33:08:5690213] [INFO   ]: Spooler requested update
[09/05/22 15:33:08:7926113] [DEBUG  ]: Recieving packet from Spooler of len 2
[09/05/22 15:33:08:7935016] [INFO   ]: Spooler requested update
[09/05/22 15:33:09:0271029] [DEBUG  ]: Recieving packet from Spooler of len 2
[09/05/22 15:33:09:0277999] [INFO   ]: Spooler requested update
[09/05/22 15:33:09:2951328] [DEBUG  ]: Recieving packet from Spooler of len 2
[09/05/22 15:33:09:2958768] [INFO   ]: Spooler requested update
[09/05/22 15:33:09:5465739] [DEBUG  ]: Recieving packet from Spooler of len 2
[09/05/22 15:33:09:5475444] [INFO   ]: Spooler requested update
[09/05/22 15:33:09:7940719] [DEBUG  ]: Recieving packet from Spooler of len 2
[09/05/22 15:33:09:7953362] [INFO   ]: Spooler requested update
[09/05/22 15:33:10:0147468] [DEBUG  ]: Recieving packet from Spooler of len 2
[09/05/22 15:33:10:0160120] [INFO   ]: Spooler requested update
[09/05/22 15:33:10:2541834] [DEBUG  ]: Recieving packet from Spooler of len 2
[09/05/22 15:33:10:2552881] [INFO   ]: Spooler requested update
[09/05/22 15:33:10:4814877] [DEBUG  ]: Recieving packet from Spooler of len 2
[09/05/22 15:33:10:4847449] [INFO   ]: Spooler requested update
[09/05/22 15:33:10:7176968] [DEBUG  ]: Recieving packet from Spooler of len 2
[09/05/22 15:33:10:7184264] [INFO   ]: Spooler requested update
[09/05/22 15:33:10:9571421] [DEBUG  ]: Recieving packet from Spooler of len 2
[09/05/22 15:33:10:9578686] [INFO   ]: Spooler requested update
[09/05/22 15:33:11:2261304] [DEBUG  ]: Recieving packet from Spooler of len 2
[09/05/22 15:33:11:2271539] [INFO   ]: Spooler requested update
[09/05/22 15:33:11:4648082] [DEBUG  ]: Recieving packet from Spooler of len 2
[09/05/22 15:33:11:4655207] [INFO   ]: Spooler requested update
[09/05/22 15:33:11:6806450] [DEBUG  ]: Recieving packet from Spooler of len 2
[09/05/22 15:33:11:6814253] [INFO   ]: Spooler requested update
[09/05/22 15:33:11:9006153] [DEBUG  ]: Recieving packet from Spooler of len 2
[09/05/22 15:33:11:9013473] [INFO   ]: Spooler requested update
[09/05/22 15:33:12:1307696] [DEBUG  ]: Recieving packet from Spooler of len 2
[09/05/22 15:33:12:1315063] [INFO   ]: Spooler requested update
[09/05/22 15:33:12:3465589] [DEBUG  ]: Recieving packet from Spooler of len 2
[09/05/22 15:33:12:3472685] [INFO   ]: Spooler requested update
[09/05/22 15:33:12:5641616] [DEBUG  ]: Recieving packet from Spooler of len 2
[09/05/22 15:33:12:5648779] [INFO   ]: Spooler requested update
[09/05/22 15:33:12:7818949] [DEBUG  ]: Recieving packet from Spooler of len 2
[09/05/22 15:33:12:7825901] [INFO   ]: Spooler requested update
[09/05/22 15:33:13:0036543] [DEBUG  ]: Recieving packet from Spooler of len 2
[09/05/22 15:33:13:0067224] [INFO   ]: Spooler requested update
[09/05/22 15:33:13:2313469] [DEBUG  ]: Recieving packet from Spooler of len 2
[09/05/22 15:33:13:2320842] [INFO   ]: Spooler requested update
[09/05/22 15:33:13:4462929] [DEBUG  ]: Recieving packet from Spooler of len 2
[09/05/22 15:33:13:4470299] [INFO   ]: Spooler requested update
[09/05/22 15:33:13:6645175] [DEBUG  ]: Recieving packet from Spooler of len 2
[09/05/22 15:33:13:6655562] [INFO   ]: Spooler requested update
[09/05/22 15:33:13:8801439] [DEBUG  ]: Recieving packet from Spooler of len 2
[09/05/22 15:33:13:8808363] [INFO   ]: Spooler requested update
[09/05/22 15:33:14:0982561] [DEBUG  ]: Recieving packet from Spooler of len 2
[09/05/22 15:33:14:0989497] [INFO   ]: Spooler requested update
[09/05/22 15:33:14:3156792] [DEBUG  ]: Recieving packet from Spooler of len 2
[09/05/22 15:33:14:3163853] [INFO   ]: Spooler requested update
[09/05/22 15:33:14:5454369] [DEBUG  ]: Recieving packet from Spooler of len 2
[09/05/22 15:33:14:5461500] [INFO   ]: Spooler requested update
[09/05/22 15:33:14:7876257] [DEBUG  ]: Recieving packet from Spooler of len 2
[09/05/22 15:33:14:7883222] [INFO   ]: Spooler requested update
[09/05/22 15:33:15:0225241] [DEBUG  ]: Recieving packet from Spooler of len 2
[09/05/22 15:33:15:0236741] [INFO   ]: Spooler requested update
[09/05/22 15:33:15:2478171] [DEBUG  ]: Recieving packet from Spooler of