[09/05/22 15:32:53:1688914] [INFO   ]: Logging started
[09/05/22 15:32:53:1820933] [INFO   ]: Starting Spooler receive
[09/05/22 15:32:56:0957617] [DEBUG  ]: Recieving packet from Spooler of len 2
[09/05/22 15:32:56:0961403] [INFO   ]: Spooler requested update
[09/05/22 15:32:56:3211907] [DEBUG  ]: Recieving packet from Spooler of len 2
[09/05/22 15:32:56:3214265] [INFO   ]: Spooler requested update
[09/05/22 15:32:56:5047565] [DEBUG  ]: Recieving packet from Spooler of len 2
[09/05/22 15:32:56:5050187] [INFO   ]: Spooler requested update
[09/05/22 15:32:56:6735070] [DEBUG  ]: Recieving packet from Spooler of len 2
[09/05/22 15:32:56:6739682] [INFO   ]: Spooler requested update
[09/05/22 15:32:56:8443374] [DEBUG  ]: Recieving packet from Spooler of len 2
[09/05/22 15:32:56:8445694] [INFO   ]: Spooler requested update
[09/05/22 15:32:57:0139629] [DEBUG  ]: Recieving packet from Spooler of len 2
[09/05/22 15:32:57:0141975] [INFO   ]: Spooler requested update
[09/05/22 15:32:57:1822884] [DEBUG  ]: Recieving packet from Spooler of len 2
[09/05/22 15:32:57:1825028] [INFO   ]: Spooler requested update
[09/05/22 15:32:57:3540711] [DEBUG  ]: Recieving packet from Spooler of len 2
[09/05/22 15:32:57:3546296] [INFO   ]: Spooler requested update
[09/05/22 15:32:57:5245686] [DEBUG  ]: Recieving packet from Spooler of len 2
[09/05/22 15:32:57:5249185] [INFO   ]: Spooler requested update
[09/05/22 15:32:57:6934692] [DEBUG  ]: Recieving packet from Spooler of len 2
[09/05/22 15:32:57:6936679] [INFO   ]: Spooler requested update
[09/05/22 15:32:57:8706805] [DEBUG  ]: Recieving packet from Spooler of len 2
[09/05/22 15:32:57:8709150] [INFO   ]: Spooler requested update
[09/05/22 15:32:58:0579949] [DEBUG  ]: Recieving packet from Spooler of len 2
[09/05/22 15:32:58:0582106] [INFO   ]: Spooler requested update
[09/05/22 15:32:58:2447842] [DEBUG  ]: Recieving packet from Spooler of len 2
[09/05/22 15:32:58:2450095] [INFO   ]: Spooler requested update
[09/05/22 15:32:58:4531268] [DEBUG  ]: Recieving packet from Spooler of len 2
[09/05/22 15:32:58:4572332] [INFO   ]: Spooler requested update
[09/05/22 15:32:58:7340298] [DEBUG  ]: Recieving packet from Spooler of len 2
[09/05/22 15:32:58:7361749] [INFO   ]: Spooler requested update
[09/05/22 15:32:59:0197186] [DEBUG  ]: Recieving packet from Spooler of len 2
[09/05/22 15:32:59:0205893] [INFO   ]: Spooler requested update
[09/05/22 15:32:59:2417878] [DEBUG  ]: Recieving packet from Spooler of len 2
[09/05/22 15:32:59:2424876] [INFO   ]: Spooler requested update
[09/05/22 15:32:59:5280596] [DEBUG  ]: Recieving packet from Spooler of len 2
[09/05/22 15:32:59:5292747] [INFO   ]: Spooler requested update
[09/05/22 15:32:59:7958169] [DEBUG  ]: Recieving packet from Spooler of len 2
[09/05/22 15:32:59:7966163] [INFO   ]: Spooler requested update
[09/05/22 15:33:00:0285882] [DEBUG  ]: Recieving packet from Spooler of len 2
[09/05/22 15:33:00:0296691] [INFO   ]: Spooler requested update
[09/05/22 15:33:00:2417504] [DEBUG  ]: Recieving packet from Spooler of len 2
[09/05/22 15:33:00:2424564] [INFO   ]: Spooler requested update
[09/05/22 15:33:00:4607939] [DEBUG  ]: Recieving packet from Spooler of len 2
[09/05/22 15:33:00:4615124] [INFO   ]: Spooler requested update
[09/05/22 15:33:00:6785657] [DEBUG  ]: Recieving packet from Spooler of len 2
[09/05/22 15:33:00:6792942] [INFO   ]: Spooler requested update
[09/05/22 15:33:00:9139349] [DEBUG  ]: Recieving packet from Spooler of len 2
[09/05/22 15:33:00:9148173] [INFO   ]: Spooler requested update
[09/05/22 15:33:01:1476882] [DEBUG  ]: Recieving packet from Spooler of len 2
[09/05/22 15:33:01:1506778] [INFO   ]: Spooler requested update
[09/05/22 15:33:01:3937412] [DEBUG  ]: Recieving packet from Spooler of len 2
[09/05/22 15:33:01:3945549] [INFO   ]: Spooler requested update
[09/05/22 15:33:01:6258335] [DEBUG  ]: Recieving packet from Spooler of len 2
[09/05/22 15:33:01:6265857] [INFO   ]: Spooler requested update
[09/05/22 15:33:01:8551108] [DEBUG  ]: Recieving packet from Spooler of len 2
[09/05/22 15:33:01:8558442] [INFO   ]: Spooler requested update
[09/05/22 15:33:02:0734062] [DEBUG  ]: Recieving packet from Spooler of len 2
[09/05/22 15:33:02:0741467] [INFO   ]: Spooler requested update
[09/05/22 15:33:02:3162008] [DEBUG  ]: Recieving packet from Spooler of len 2
[09/05/22 15:33:02:3170863] [INFO   ]: Spooler requested update
[09/05/22 15:33:02:5646244] [DEBUG  ]: Recieving packet from Spooler of len 2
[09/05/22 15:33:02:5654773] [INFO   ]: Spooler requested update
[09/05/22 15:33:02:7888234] [DEBUG  ]: Recieving packet from Spooler of len 2
[09/05/22 15:33:02:7898451] [INFO   ]: Spooler requested update
[09/05/22 15:33:03:0201720] [DEBUG  ]: Recieving packet from Spooler of len 2
[09/05/22 15:33:03:0209454] [INFO   ]: Spooler requested update
[09/05/22 15:33:03:2544315] [DEBUG  ]: Recieving packet from Spooler of len 2
[09/05/22 15:33:03:2552164] [INFO   ]: Spooler requested update
[09/05/22 15:33:03:4930366] [DEBUG  ]: Recieving packet from Spooler of len 2
[09/05/22 15:33:03:4937509] [INFO   ]: Spooler requested update
[09/05/22 15:33:03:7240010] [DEBUG  ]: Recieving packet from Spooler of len 2
[09/05/22 15:33:03:7247755] [INFO   ]: Spooler requested update
[09/05/22 15:33:03:9677485] [DEBUG  ]: Recieving packet from Spooler of len 2
[09/05/22 15:33:03:9684849] [INFO   ]: Spooler requested update
[09/05/22 15:33:04:2118758] [DEBUG  ]: Recieving packet from Spooler of len 2
[09/05/22 15:33:04:2127383] [INFO   ]: Spooler requested update
[09/05/22 15:33:04:4727137] [DEBUG  ]: Recieving packet from Spooler of len 2
[09/05/22 15:33:04:4736081] [INFO   ]: Spooler requested update
[09/05/22 15:33:04:7566362] [DEBUG  ]: Recieving packet from Spooler of len 2
[09/05/22 15:33:04:7574231] [INFO   ]: Spooler requested update
[09/05/22 15:33:05:0211991] [DEBUG  ]: Recieving packet from Spooler of len 2
[09/05/22 15:33:05:0220110] [INFO   ]: Spooler requested update
[09/05/22 15:33:05:2506943] [DEBUG  ]: Recieving packet from Spooler of len 2
[09/05/22 15:33:05:2514569] [INFO   ]: Spooler requested update
[09/05/22 15:33:05:4858285] [DEBUG  ]: Recieving packet from Spooler of len 2
[09/05/22 15:33:05:4865545] [INFO   ]: Spooler requested update
[09/05/22 15:33:05:7166431] [DEBUG  ]: Recieving packet from Spooler of len 2
[09/05/22 15:33:05:7173804] [INFO   ]: Spooler requested update
[09/05/22 15:33:05:9495045] [DEBUG  ]: Recieving packet from Spooler of len 2
[09/05/22 15:33:05:9501900] [INFO   ]: Spooler requested update
[09/05/22 15:33:06:1824740] [DEBUG  ]: Recieving packet from Spooler of len 2
[09/05/22 15:33:06:1831907] [INFO   ]: Spooler requested update
[09/05/22 15:33:06:4104830] [DEBUG  ]: Recieving packet from Spooler of len 2
[09/05/22 15:33:06:4112867] [INFO   ]: Spooler requested update
[09/05/22 15:33:06:6585054] [DEBUG  ]: Recieving packet from Spooler of len 2
[09/05/22 15:33:06:6596182] [INFO   ]: Spooler requested update
[09/05/22 15:33:06:8924968] [DEBUG  ]: Recieving packet from Spooler of len 2
[09/05/22 15:33:06:8931957] [INFO   ]: Spooler requested update
[09/05/22 15:33:07:1232993] [DEBUG  ]: Recieving packet from Spooler of len 2
[09/05/22 15:33:07:1240865] [INFO   ]: Spooler requested update
[09/05/22 15:33:07:3739551] [DEBUG  ]: Recieving packet from Spooler of len 2
[09/05/22 15:33:07:3775179] [INFO   ]: Spooler requested update
[09/05/22 15:33:07:6135163] [DEBUG  ]: Recieving packet from Spooler of len 2
[09/05/22 15:33:07:6142336] [INFO   ]: Spooler requested update
[09/05/22 15:33:07:8522704] [DEBUG  ]: Recieving packet from Spooler of len 2
[09/05/22 15:33:07:8530296] [INFO   ]: Spooler requested update
[09/05/22 15:33:08:0835537] [DEBUG  ]: Recieving packet from Spooler of len 2
[09/05/22 15:33:08:0842981] [INFO   ]: Spooler requested update
[09/05/22 15:33:08:3205198] [DEBUG  ]: Recieving packet from Spooler of len 2
[09/05/22 15:33:08:3213266] [INFO   ]: Spooler requested update
[09/05/22 15:33:08:5512800] [DEBUG  ]: Recieving packet from Spooler of len 2
[09/05/22 15:33:08:5522355] [INFO   ]: Spooler requested update
[09/05/22 15:33:08:7750273] [DEBUG  ]: Recieving packet from Spooler of len 2
[09/05/22 15:33:08:7757364] [INFO   ]: Spooler requested update
[09/05/22 15:33:09:0104124] [DEBUG  ]: Recieving packet from Spooler of len 2
[09/05/22 15:33:09:0111740] [INFO   ]: Spooler requested update
[09/05/22 15:33:09:2635797] [DEBUG  ]: Recieving packet from Spooler of len 2
[09/05/22 15:33:09:2642775] [INFO   ]: Spooler requested update
[09/05/22 15:33:09:5289281] [DEBUG  ]: Recieving packet from Spooler of len 2
[09/05/22 15:33:09:5297426] [INFO   ]: Spooler requested update
[09/05/22 15:33:09:7758414] [DEBUG  ]: Recieving packet from Spooler of len 2
[09/05/22 15:33:09:7765555] [INFO   ]: Spooler requested update
[09/05/22 15:33:09:9972485] [DEBUG  ]: Recieving packet from Spooler of len 2
[09/05/22 15:33:09:9979806] [INFO   ]: Spooler requested update
[09/05/22 15:33:10:2349092] [DEBUG  ]: Recieving packet from Spooler of len 2
[09/05/22 15:33:10:2373161] [INFO   ]: Spooler requested update
[09/05/22 15:33:10:4651733] [DEBUG  ]: Recieving packet from Spooler of len 2
[09/05/22 15:33:10:4658871] [INFO   ]: Spooler requested update
[09/05/22 15:33:10:6979733] [DEBUG  ]: Recieving packet from Spooler of len 2
[09/05/22 15:33:10:7012754] [INFO   ]: Spooler requested update
[09/05/22 15:33:10:9391650] [DEBUG  ]: Recieving packet from Spooler of len 2
[09/05/22 15:33:10:9398856] [INFO   ]: Spooler requested update
[09/05/22 15:33:11:1998238] [DEBUG  ]: Recieving packet from Spooler of len 2
[09/05/22 15:33:11:2012143] [INFO   ]: Spooler requested update
[09/05/22 15:33:11:4482641] [DEBUG  ]: Recieving packet from Spooler of len 2
[09/05/22 15:33:11:4489744] [INFO   ]: Spooler requested update
[09/05/22 15:33:11:6652758] [DEBUG  ]: Recieving packet from Spooler of len 2
[09/05/22 15:33:11:6661108] [INFO   ]: Spooler requested update
[09/05/22 15:33:11:8845935] [DEBUG  ]: Recieving packet from Spooler of len 2
[09/05/22 15:33:11:8853110] [INFO   ]: Spooler requested update
[09/05/22 15:33:12:1154933] [DEBUG  ]: Recieving packet from Spooler of len 2
[09/05/22 15:33:12:1167669] [INFO   ]: Spooler requested update
[09/05/22 15:33:12:3306090] [DEBUG  ]: Recieving packet from Spooler of len 2
[09/05/22 15:33:12:3314416] [INFO   ]: Spooler requested update
[09/05/22 15:33:12:5479310] [DEBUG  ]: Recieving packet from Spooler of len 2
[09/05/22 15:33:12:5486952] [INFO   ]: Spooler requested update
[09/05/22 15:33:12:7661954] [DEBUG  ]: Recieving packet from Spooler of len 2
[09/05/22 15:33:12:7668985] [INFO   ]: Spooler requested update
[09/05/22 15:33:12:9845911] [DEBUG  ]: Recieving packet from Spooler of len 2
[09/05/22 15:33:12:9854876] [INFO   ]: Spooler requested update
[09/05/22 15:33:13:2152465] [DEBUG  ]: Recieving packet from Spooler of len 2
[09/05/22 15:33:13:2160032] [INFO   ]: Spooler requested update
[09/05/22 15:33:13:4299230] [DEBUG  ]: Recieving packet from Spooler of len 2
[09/05/22 15:33:13:4310484] [INFO   ]: Spooler requested update
[09/05/22 15:33:13:6486272] [DEBUG  ]: Recieving packet from Spooler of len 2
[09/05/22 15:33:13:6493810] [INFO   ]: Spooler requested update
[09/05/22 15:33:13:8647136] [DEBUG  ]: Recieving packet from Spooler of len 2
[09/05/22 15:33:13:8654471] [INFO   ]: Spooler requested update
[09/05/22 15:33:14:0817044] [DEBUG  ]: Recieving packet from Spooler of len 2
[09/05/22 15:33:14:0824276] [INFO   ]: Spooler requested update
[09/05/22 15:33:14:2995873] [DEBUG  ]: Recieving packet from Spooler of len 2
[09/05/22 15:33:14:3002969] [INFO   ]: Spooler requested update
[09/05/22 15:33:14:5257091] [DEBUG  ]: Recieving packet from Spooler of len 2
[09/05/22 15:33:14:5264388] [INFO   ]: Spooler requested update
[09/05/22 15:33:14:7659526] [DEBUG  ]: Recieving packet from Spooler of len 2
[09/05/22 15:33:14:7666892] [INFO   ]: Spooler requested update
[09/05/22 15:33:15:0010315] [DEBUG  ]: Recieving packet from Spooler of len 2
[09/05/22 15:33:15:0053694] [INFO   ]: Spooler requested update
[09/05/22 15:33:15:2283534] [DEBUG  ]: Recieving packet from Spooler of