[09/05/22 15:38:06:0641406] [INFO   ]: Logging started
[09/05/22 15:38:06:0748845] [INFO   ]: Starting Spooler receive
[09/05/22 15:38:06:2799737] [DEBUG  ]: Recieving packet from Spooler of len 2
[09/05/22 15:38:06:2803049] [INFO   ]: Spooler requested update
[09/05/22 15:38:06:7976616] [DEBUG  ]: Recieving packet from Spooler of len 2
[09/05/22 15:38:06:7978549] [INFO   ]: Spooler requested update
[09/05/22 15:38:07:3101831] [DEBUG  ]: Recieving packet from Spooler of len 2
[09/05/22 15:38:07:3104313] [INFO   ]: Spooler requested update
[09/05/22 15:38:07:8213680] [DEBUG  ]: Recieving packet from Spooler of len 2
[09/05/22 15:38:07:8215843] [INFO   ]: Spooler requested update
[09/05/22 15:38:08:3319032] [DEBUG  ]: Recieving packet from Spooler of len 2
[09/05/22 15:38:08:3321038] [INFO   ]: Spooler requested update
[09/05/22 15:38:08:8555838] [DEBUG  ]: Recieving packet from Spooler of len 2
[09/05/22 15:38:08:8557819] [INFO   ]: Spooler requested update
[09/05/22 15:38:09:3659491] [DEBUG  ]: Recieving packet from Spooler of len 2
[09/05/22 15:38:09:3661344] [INFO   ]: Spooler requested update
[09/05/22 15:38:09:8754442] [DEBUG  ]: Recieving packet from Spooler of len 2
[09/05/22 15:38:09:8756542] [INFO   ]: Spooler requested update
[09/05/22 15:38:10:4004236] [DEBUG  ]: Recieving packet from Spooler of len 2
[09/05/22 15:38:10:4007373] [INFO   ]: Spooler requested update
[09/05/22 15:38:10:9106963] [DEBUG  ]: Recieving packet from Spooler of len 2
[09/05/22 15:38:10:9108919] [INFO   ]: Spooler requested update
[09/05/22 15:38:11:4212691] [DEBUG  ]: Recieving packet from Spooler of len 2
[09/05/22 15:38:11:4214798] [INFO   ]: Spooler requested update
[09/05/22 15:38:11:9313879] [DEBUG  ]: Recieving packet from Spooler of len 2
[09/05/22 15:38:11:9316318] [INFO   ]: Spooler requested update
[09/05/22 15:38:12:4412120] [DEBUG  ]: Recieving packet from Spooler of len 2
[09/05/22 15:38:12:4414129] [INFO   ]: Spooler requested update
[09/05/22 15:38:12:9526360] [DEBUG  ]: Recieving packet from Spooler of len 2
[09/05/22 15:38:12:9533653] [INFO   ]: Spooler requested update
[09/05/22 15:38:13:4795554] [DEBUG  ]: Recieving packet from Spooler of len 2
[09/05/22 15:38:13:4802283] [INFO   ]: Spooler requested update
[09/05/22 15:38:14:0048398] [DEBUG  ]: Recieving packet from Spooler of len 2
[09/05/22 15:38:14:0056224] [INFO   ]: Spooler requested update
[09/05/22 15:38:14:5307671] [DEBUG  ]: Recieving packet from Spooler of len 2
[09/05/22 15:38:14:5315661] [INFO   ]: Spooler requested update
[09/05/22 15:38:15:0556515] [DEBUG  ]: Recieving packet from Spooler of len 2
[09/05/22 15:38:15:0563179] [INFO   ]: Spooler requested update
[09/05/22 15:38:15:5809805] [DEBUG  ]: Recieving packet from Spooler of len 2
[09/05/22 15:38:15:5816272] [INFO   ]: Spooler requested update
[09/05/22 15:38:16:1074119] [DEBUG  ]: Recieving packet from Spooler of len 2
[09/05/22 15:38:16:1081634] [INFO   ]: Spooler requested update
[09/05/22 15:38:16:6342642] [DEBUG  ]: Recieving packet from Spooler of len 2
[09/05/22 15:38:16:6349911] [INFO   ]: Spooler requested update
[09/05/22 15:38:17:1602558] [DEBUG  ]: Recieving packet from Spooler of len 2
[09/05/22 15:38:17:1609304] [INFO   ]: Spooler requested update
[09/05/22 15:38:17:6859339] [DEBUG  ]: Recieving packet from Spooler of len 2
[09/05/22 15:38:17:6865915] [INFO   ]: Spooler requested update
[09/05/22 15:38:18:2133277] [DEBUG  ]: Recieving packet from Spooler of len 2
[09/05/22 15:38:18:2140058] [INFO   ]: Spooler requested update
[09/05/22 15:38:18:7382890] [DEBUG  ]: Recieving packet from Spooler of len 2
[09/05/22 15:38:18:7389580] [INFO   ]: Spooler requested update
[09/05/22 15:38:19:2651915] [DEBUG  ]: Recieving packet from Spooler of len 2
[09/05/22 15:38:19:2658453] [INFO   ]: Spooler requested update
[09/05/22 15:38:19:7898619] [DEBUG  ]: Recieving packet from Spooler of len 2
[09/05/22 15:38:19:7907806] [INFO   ]: Spooler requested update
[09/05/22 15:38:20:3165752] [DEBUG  ]: Recieving packet from Spooler of len 2
[09/05/22 15:38:20:3172306] [INFO   ]: Spooler requested update
[09/05/22 15:38:20:8414567] [DEBUG  ]: Recieving packet from Spooler of len 2
[09/05/22 15:38:20:8421112] [INFO   ]: Spooler requested update
[09/05/22 15:38:21:3678827] [DEBUG  ]: Recieving packet from Spooler of len 2
[09/05/22 15:38:21:3685561] [INFO   ]: Spooler requested update
[09/05/22 15:38:21:8930612] [DEBUG  ]: Recieving packet from Spooler of len 2
[09/05/22 15:38:21:8937458] [INFO   ]: Spooler requested update
[09/05/22 15:38:22:4197750] [DEBUG  ]: Recieving packet from Spooler of len 2
[09/05/22 15:38:22:4204621] [INFO   ]: Spooler requested update
[09/05/22 15:38:22:9466894] [DEBUG  ]: Recieving packet from Spooler of len 2
[09/05/22 15:38:22:9473719] [INFO   ]: Spooler requested update
[09/05/22 15:38:23:4731394] [DEBUG  ]: Recieving packet from Spooler of len 2
[09/05/22 15:38:23:4738183] [INFO   ]: Spooler requested update
[09/05/22 15:38:23:9977720] [DEBUG  ]: Recieving packet from Spooler of len 2
[09/05/22 15:38:23:9984230] [INFO   ]: Spooler requested update
[09/05/22 15:38:24:5228364] [DEBUG  ]: Recieving packet from Spooler of len 2
[09/05/22 15:38:24:5234995] [INFO   ]: Spooler requested update
[09/05/22 15:38:25:0475068] [DEBUG  ]: Recieving packet from Spooler of len 2
[09/05/22 15:38:25:0481677] [INFO   ]: Spooler requested update
[09/05/22 15:38:25:5740844] [DEBUG  ]: Recieving packet from Spooler of len 2
[09/05/22 15:38:25:5750100] [INFO   ]: Spooler requested update
[09/05/22 15:38:26:0998463] [DEBUG  ]: Recieving packet from Spooler of len 2
[09/05/22 15:38:26:1004974] [INFO   ]: Spooler requested update
[09/05/22 15:38:26:6249252] [DEBUG  ]: Recieving packet from Spooler of len 2
[09/05/22 15:38:26:6255490] [INFO   ]: Spooler requested update
[09/05/22 15:38:27:1503561] [DEBUG  ]: Recieving packet from Spooler of len 2
[09/05/22 15:38:27:1509944] [INFO   ]: Spooler requested update
[09/05/22 15:38:27:6761449] [DEBUG  ]: Recieving packet from Spooler of len 2
[09/05/22 15:38:27:6767848] [INFO   ]: Spooler requested update
[09/05/22 15:38:28:2018949] [DEBUG  ]: Recieving packet from Spooler of len 2
[09/05/22 15:38:28:2025548] [INFO   ]: Spooler requested update
[09/05/22 15:38:28:7270899] [DEBUG  ]: Recieving packet from Spooler of len 2
[09/05/22 15:38:28:7277281] [INFO   ]: Spooler requested update
[09/05/22 15:38:29:2520591] [DEBUG  ]: Recieving packet from Spooler of len 2
[09/05/22 15:38:29:2527545] [INFO   ]: Spooler requested update
[09/05/22 15:38:29:7787401] [DEBUG  ]: Recieving packet from Spooler of len 2
[09/05/22 15:38:29:7793985] [INFO   ]: Spooler requested update
[09/05/22 15:38:30:3052277] [DEBUG  ]: Recieving packet from Spooler of len 2
[09/05/22 15:38:30:3058902] [INFO   ]: Spooler requested update
[09/05/22 15:38:30:8312923] [DEBUG  ]: Recieving packet from Spooler of len 2
[09/05/22 15:38:30:8319402] [INFO   ]: Spooler requested update
[09/05/22 15:38:31:3580610] [DEBUG  ]: Recieving packet from Spooler of len 2
[09/05/22 15:38:31:3587231] [INFO   ]: Spooler requested update
[09/05/22 15:38:31:8825004] [DEBUG  ]: Recieving packet from Spooler of len 2
[09/05/22 15:38:31:8831646] [INFO   ]: Spooler requested update
[09/05/22 15:38:32:4085341] [DEBUG  ]: Recieving packet from Spooler of len 2
[09/05/22 15:38:32:4091562] [INFO   ]: Spooler requested update
[09/05/22 15:38:32:9342438] [DEBUG  ]: Recieving packet from Spooler of len 2
[09/05/22 15:38:32:9349408] [INFO   ]: Spooler requested update
[09/05/22 15:38:33:4609134] [DEBUG  ]: Recieving packet from Spooler of len 2
[09/05/22 15:38:33:4615739] [INFO   ]: Spooler requested update
[09/05/22 15:38:33:9865850] [DEBUG  ]: Recieving packet from Spooler of len 2
[09/05/22 15:38:33:9872402] [INFO   ]: Spooler requested update
[09/05/22 15:38:34:5156563] [DEBUG  ]: Recieving packet from Spooler of len 2
[09/05/22 15:38:34:5164148] [INFO   ]: Spooler requested update
[09/05/22 15:38:35:0390739] [DEBUG  ]: Recieving packet from Spooler of len 2
[09/05/22 15:38:35:0397153] [INFO   ]: Spooler requested update
[09/05/22 15:38:35:5666177] [DEBUG  ]: Recieving packet from Spooler of len 2
[09/05/22 15:38:35:5673016] [INFO   ]: Spooler requested update
[09/05/22 15:38:36:0931915] [DEBUG  ]: Recieving packet from Spooler of len 2
[09/05/22 15:38:36:0938674] [INFO   ]: Spooler requested update
[09/05/22 15:38:36:6218157] [DEBUG  ]: Recieving packet from Spooler of len 2
[09/05/22 15:38:36:6226931] [INFO   ]: Spooler requested update
[09/05/22 15:38:37:1476700] [DEBUG  ]: Recieving packet from Spooler of len 2
[09/05/22 15:38:37:1492870] [INFO   ]: Spooler requested update
[09/05/22 15:38:37:6751236] [DEBUG  ]: Recieving packet from Spooler of len 2
[09/05/22 15:38:37:6757891] [INFO   ]: Spooler requested update
[09/05/22 15:38:38:2005134] [DEBUG  ]: Recieving packet from Spooler of len 2
[09/05/22 15:38:38:2011418] [INFO   ]: Spooler requested update
[09/05/22 15:38:38:7304711] [DEBUG  ]: Recieving packet from Spooler of len 2
[09/05/22 15:38:38:7312836] [INFO   ]: Spooler requested update
[09/05/22 15:38:39:2543846] [DEBUG  ]: Recieving packet from Spooler of len 2
[09/05/22 15:38:39:2553380] [INFO   ]: Spooler requested update
[09/05/22 15:38:39:7783849] [DEBUG  ]: Recieving packet from Spooler of len 2
[09/05/22 15:38:39:7790363] [INFO   ]: Spooler requested update
[09/05/22 15:38:40:3133202] [DEBUG  ]: Recieving packet from Spooler of len 2
[09/05/22 15:38:40:3163062] [INFO   ]: Spooler requested update
[09/05/22 15:38:40:8473734] [DEBUG  ]: Recieving packet from Spooler of len 2
[09/05/22 15:38:40:8482564] [INFO   ]: Spooler requested update
[09/05/22 15:38:41:3755467] [DEBUG  ]: Recieving packet from Spooler of len 2
[09/05/22 15:38:41:3762164] [INFO   ]: Spooler requested update
[09/05/22 15:38:41:8967981] [DEBUG  ]: Recieving packet from Spooler of len 2
[09/05/22 15:38:41:8977122] [INFO   ]: Spooler requested update
[09/05/22 15:38:42:4258398] [DEBUG  ]: Recieving packet from Spooler of len 2
[09/05/22 15:38:42:4266368] [INFO   ]: Spooler requested update
[09/05/22 15:38:42:9486411] [DEBUG  ]: Recieving packet from Spooler of len 2
[09/05/22 15:38:42:9493183] [INFO   ]: Spooler requested update
[09/05/22 15:38:43:4744528] [DEBUG  ]: Recieving packet from Spooler of len 2
[09/05/22 15:38:43:4751742] [INFO   ]: Spooler requested update
[09/05/22 15:38:43:9992106] [DEBUG  ]: Recieving packet from Spooler of len 2
[09/05/22 15:38:43:9998819] [INFO   ]: Spooler requested update
[09/05/22 15:38:44:5254567] [DEBUG  ]: Recieving packet from Spooler of len 2
[09/05/22 15:38:44:5261054] [INFO   ]: Spooler requested update
[09/05/22 15:38:45:0522840] [DEBUG  ]: Recieving packet from Spooler of len 2
[09/05/22 15:38:45:0529961] [INFO   ]: Spooler requested update
[09/05/22 15:38:45:5763999] [DEBUG  ]: Recieving packet from Spooler of len 2
[09/05/22 15:38:45:5775522] [INFO   ]: Spooler requested update
[09/05/22 15:38:46:1024833] [DEBUG  ]: Recieving packet from Spooler of len 2
[09/05/22 15:38:46:1034726] [INFO   ]: Spooler requested update
[09/05/22 15:38:46:6272114] [DEBUG  ]: Recieving packet from Spooler of len 2
[09/05/22 15:38:46:6278527] [INFO   ]: Spooler requested update
[09/05/22 15:38:47:1532324] [DEBUG  ]: Recieving packet from Spooler of len 2
[09/05/22 15:38:47:1538771] [INFO   ]: Spooler requested update
[09/05/22 15:38:47:6780301] [DEBUG  ]: Recieving packet from Spooler of len 2
[09/05/22 15:38:47:6786645] [INFO   ]: Spooler requested update
[09/05/22 15:38:48:2040219] [DEBUG  ]: Recieving packet from Spooler of len 2
[09/05/22 15:38:48:2047456] [INFO   ]: Spooler requested update
[09/05/22 15:38:48:7297325] [DEBUG  ]: Recieving packet from Spooler of len 2
[09/05/22 15:38:48:7305802] [INFO   ]: Spooler requested update
[09/05/22 15:38:49:2543476] [DEBUG  ]: Recieving packet from Spooler of len 2
[09/05/22 15:38:49:2550683] [INFO   ]: Spooler requested update
[09/05/22 15:38:49:7795006] [DEBUG  ]: Recieving packet from Spooler of len 2
[09/05/22 15:38:49:7801444] [INFO   ]: Spooler requested update
[09/05/22 15:38:50:3069416] [DEBUG  ]: Recieving packet from Spooler of len 2
[09/05/22 15:38:50:3083934] [INFO   ]: Spooler requested update
[09/05/22 15:38:50:8300665] [DEBUG  ]: Recieving packet from Spooler of len 2
[09/05/22 15:38:50:8307804] [INFO   ]: Spooler requested update
[09/05/22 15:38:51:3567705] [DEBUG  ]: Recieving packet from Spooler of len 2
[09/05/22 15:38:51:3574426] [INFO   ]: Spooler requested update
[09/05/22 15:38:51:8827805] [DEBUG  ]: Recieving packet from Spooler of len 2
[09/05/22 15:38:51:8834732] [INFO   ]: Spooler requested update
[09/05/22 15:38:52:4096203] [DEBUG  ]: Recieving packet from Spooler of len 2
[09/05/22 15:38:52:4102878] [INFO   ]: Spooler requested update
[09/05/22 15:38:52:9322387] [DEBUG  ]: Recieving packet from Spooler of len 2
[09/05/22 15:38:52:9329122] [INFO   ]: Spooler requested update
[09/05/22 15:38:53:4570529] [DEBUG  ]: Recieving packet from Spooler of len 2
[09/05/22 15:38:53:4577422] [INFO   ]: Spooler requested update
[09/05/22 15:38:53:9838721] [DEBUG  ]: Recieving packet from Spooler of len 2
[09/05/22 15:38:53:9849254] [INFO   ]: Spooler requested update
[09/05/22 15:38:54:5077549] [DEBUG  ]: Recieving packet from Spooler of len 2
[09/05/22 15:38:54:5084661] [INFO   ]: Spooler requested update
[09/05/22 15:38:55:0325000] [DEBUG  ]: Recieving packet from Spooler of len 2
[09/05/22 15:38:55:0331285] [INFO   ]: Spooler requested update
[09/05/22 15:38:55:5605006] [DEBUG  ]: Recieving packet from Spooler of len 2
[09/05/22 15:38:55:5614410] [INFO   ]: Spooler requested update
[09/05/22 15:38:56:0829082] [DEBUG  ]: Recieving packet from Spooler of len 2
[09/05/22 15:38:56:0835775] [INFO   ]: Spooler requested update
[09/05/22 15:38:56:6071339] [DEBUG  ]: Recieving packet from Spooler of len 2
[09/05/22 15:38:56:6077881] [INFO   ]: Spooler requested update
[09/05/22 15:38:57:1333763] [DEBUG  ]: Recieving packet from Spooler of len 2
[09/05/22 15:38:57:1340382] [INFO   ]: Spooler requested update
[09/05/22 15:38:57:6583347] [DEBUG  ]: Recieving packet from Spooler of len 2
[09/05/22 15:38:57:6589965] [INFO   ]: Spooler requested update
[09/05/22 15:38:58:1846134] [DEBUG  ]: Recieving packet from Spooler of len 2
[09/05/22 15:38:58:1853144] [INFO   ]: Spooler requested update
[09/05/22 15:38:58:7122993] [DEBUG  ]: Recieving packet from Spooler of len 2
[09/05/22 15:38:58:7136192] [INFO   ]: Spooler requested update
[09/05/22 15:38:59:2352185] [DEBUG  ]: Recieving packet from Spooler of len 2
[09/05/22 15:38:59:2358400] [INFO   ]: Spooler requested update
[09/05/22 15:38:59:7626323] [DEBUG  ]: Recieving packet from Spooler of len 2
[09/05/22 15:38:59:7632974] [INFO   ]: Spooler requested update
[09/05/22 15:39:00:2893641] [DEBUG  ]: Recieving packet from Spooler of len 2
[09/05/22 15:39:00:2905633] [INFO   ]: Spooler requested update
[09/05/22 15:39:00:8160809] [DEBUG  ]: Recieving packet from Spooler of len 2
[09/05/22 15:39:00:8173580] [INFO   ]: Spooler requested update
[09/05/22 15:39:01:3412325] [DEBUG  ]: Recieving packet from Spooler of len 2
[09/05/22 15:39:01:3419084] [INFO   ]: Spooler requested update
[09/05/22 15:39:01:8674102] [DEBUG  ]: Recieving packet from Spooler of len 2
[09/05/22 15:39:01:8680600] [INFO   ]: Spooler requested update
[09/05/22 15:39:02:3932452] [DEBUG  ]: Recieving packet from Spooler of len 2
[09/05/22 15:39:02:3939215] [INFO   ]: Spooler requested update
[09/05/22 15:39:02:9198607] [DEBUG  ]: Recieving packet from Spooler of len 2
[09/05/22 15:39:02:9205148] [INFO   ]: Spooler requested update
[09/05/22 15:39:03:4456205] [DEBUG  ]: Recieving packet from Spooler of len 2
[09/05/22 15:39:03:4463364] [INFO   ]: Spooler requested update
[09/05/22 15:39:03:9707046] [DEBUG  ]: Recieving packet from Spooler of len 2
[09/05/22 15:39:03:9714393] [INFO   ]: Spooler requested update
[09/05/22 15:39:04:4967401] [DEBUG  ]: Recieving packet from Spooler of len 2
[09/05/22 15:39:04:4974753] [INFO   ]: Spooler requested update
[09/05/22 15:39:05:0219392] [DEBUG  ]: Recieving packet from Spooler of len 2
[09/05/22 15:39:05:0226114] [INFO   ]: Spooler requested update
[09/05/22 15:39:05:5475473] [DEBUG  ]: Recieving packet from Spooler of len 2
[09/05/22 15:39:05:5482294] [INFO   ]: Spooler requested update
[09/05/22 15:39:06:0738340] [DEBUG  ]: Recieving packet from Spooler of len 2
[09/05/22 15:39:06:0744899] [INFO   ]: Spooler requested update
[09/05/22 15:39:06:6000039] [DEBUG  ]: Recieving packet from Spooler of len 2
[09/05/22 15:39:06:6006357] [INFO   ]: Spooler requested update
[09/05/22 15:39:07:1268515] [DEBUG  ]: Recieving packet from Spooler of len 2
[09/05/22 15:39:07:1274998] [INFO   ]: Spooler requested update
[09/05/22 15:39:07:6537360] [DEBUG  ]: Recieving packet from Spooler of len 2
[09/05/22 15:39:07:6543822] [INFO   ]: Spooler requested update
[09/05/22 15:39:08:1801100] [DEBUG  ]: Recieving packet from Spooler of len 2
[09/05/22 15:39:08:1807515] [INFO   ]: Spooler requested update
[09/05/22 15:39:08:7049843] [DEBUG  ]: Recieving packet from Spooler of len 2
[09/05/22 15:39:08:7056072] [INFO   ]: Spooler requested update
[09/05/22 15:39:09:2308951] [DEBUG  ]: Recieving packet from Spooler of len 2
[09/05/22 15:39:09:2315811] [INFO   ]: Spooler requested update
[09/05/22 15:39:09:7570220] [DEBUG  ]: Recieving packet from Spooler of len 2
[09/05/22 15:39:09:7576914] [INFO   ]: Spooler requested update
[09/05/22 15:39:10:2835088] [DEBUG  ]: Recieving packet from Spooler of len 2
[09/05/22 15:39:10:2841500] [INFO   ]: Spooler requested update
[09/05/22 15:39:10:8096951] [DEBUG  ]: Recieving packet from Spooler of len 2
[09/05/22 15:39:10:8103157] [INFO   ]: Spooler requested update
[09/05/22 15:39:11:3360042] [DEBUG  ]: Recieving packet from Spooler of len 2
[09/05/22 15:39:11:3366236] [INFO   ]: Spooler requested update
[09/05/22 15:39:11:8616119] [DEBUG  ]: Recieving packet from Spooler of len 2
[09/05/22 15:39:11:8622322] [INFO   ]: Spooler requested update
[09/05/22 15:39:12:3869092] [DEBUG  ]: Recieving packet from Spooler of len 2
[09/05/22 15:39:12:3875903] [INFO   ]: Spooler requested update
[09/05/22 15:39:12:9124320] [DEBUG  ]: Recieving packet from Spooler of len 2
[09/05/22 15:39:12:9130897] [INFO   ]: Spooler requested update
[09/05/22 15:39:13:4377548] [DEBUG  ]: Recieving packet from Spooler of len 2
[09/05/22 15:39:13:4383917] [INFO   ]: Spooler requested update
[09/05/22 15:39:13:9637612] [DEBUG  ]: Recieving packet from Spooler of len 2
[09/05/22 15:39:13:9644067] [INFO   ]: Spooler requested update
[09/05/22 15:39:14:4901266] [DEBUG  ]: Recieving packet from Spooler of len 2
[09/05/22 15:39:14:4907649] [INFO   ]: Spooler requested update
[09/05/22 15:39:15:0165497] [DEBUG  ]: Recieving packet from Spooler of len 2
[09/05/22 15:39:15:0172023] [INFO   ]: Spooler requested update
[09/05/22 15:39:15:5419582] [DEBUG  ]: Recieving packet from Spooler of len 2
[09/05/22 15:39:15:5425842] [INFO   ]: Spooler requested update
[09/05/22 15:39:16:0664749] [DEBUG  ]: Recieving packet from Spooler of len 2
[09/05/22 15:39:16:0670914] [INFO   ]: Spooler requested update
[09/05/22 15:39:16:5949336] [DEBUG  ]: Recieving packet from Spooler of len 2
[09/05/22 15:39:16:5958688] [INFO   ]: Spooler requested update
[09/05/22 15:39:17:1217100] [DEBUG  ]: Recieving packet from Spooler of len 2
[09/05/22 15:39:17:1223688] [INFO   ]: Spooler requested update
[09/05/22 15:39:17:6462064] [DEBUG  ]: Recieving packet from Spooler of len 2
[09/05/22 15:39:17:6468545] [INFO   ]: Spooler requested update
[09/05/22 15:39:18:1718647] [DEBUG  ]: Recieving packet from Spooler of len 2
[09/05/22 15:39:18:1724994] [INFO   ]: Spooler requested update
[09/05/22 15:39:18:6969816] [DEBUG  ]: Recieving packet from Spooler of len 2
[09/05/22 15:39:18:6976288] [INFO   ]: Spooler requested update
[09/05/22 15:39:19:2233263] [DEBUG  ]: Recieving packet from Spooler of len 2
[09/05/22 15:39:19:2239521] [INFO   ]: Spooler requested update
[09/05/22 15:39:19:7486892] [DEBUG  ]: Recieving packet from Spooler of len 2
[09/05/22 15:39:19:7493358] [INFO   ]: Spooler requested update
[09/05/22 15:39:20:2762560] [DEBUG  ]: Recieving packet from Spooler of len 2
[09/05/22 15:39:20:2768940] [INFO   ]: Spooler requested update
[09/05/22 15:39:20:8002083] [DEBUG  ]: Recieving packet from Spooler of len 2
[09/05/22 15:39:20:8008607] [INFO   ]: Spooler requested update
[09/05/22 15:39:21:3251742] [DEBUG  ]: Recieving packet from Spooler of len 2
[09/05/22 15:39:21:3258264] [INFO   ]: Spooler requested update
[09/05/22 15:39:21:8520957] [DEBUG  ]: Recieving packet from Spooler of len 2
[09/05/22 15:39:21:8527450] [INFO   ]: Spooler requested update
[09/05/22 15:39:22:3778159] [DEBUG  ]: Recieving packet from Spooler of len 2
[09/05/22 15:39:22:3784575] [INFO   ]: Spooler requested update
[09/05/22 15:39:22:9037676] [DEBUG  ]: Recieving packet from Spooler of len 2
[09/05/22 15:39:22:9043937] [INFO   ]: Spooler requested update
[09/05/22 15:39:23:4301375] [DEBUG  ]: Recieving packet from Spooler of len 2
[09/05/22 15:39:23:4308051] [INFO   ]: Spooler requested update
[09/05/22 15:39:23:9549586] [DEBUG  ]: Recieving packet from Spooler of len 2
[09/05/22 15:39:23:9555989] [INFO   ]: Spooler requested update
[09/05/22 15:39:24:4815924] [DEBUG  ]: Recieving packet from Spooler of len 2
[09/05/22 15:39:24:4822382] [INFO   ]: Spooler requested update
[09/05/22 15:39:25:0077152] [DEBUG  ]: Recieving packet from Spooler of len 2
[09/05/22 15:39:25:0083432] [INFO   ]: Spooler requested update
[09/05/22 15:39:25:5355926] [DEBUG  ]: Recieving packet from Spooler of len 2
[09/05/22 15:39:25:5362568] [INFO   ]: Spooler requested update
[09/05/22 15:39:26:0605106] [DEBUG  ]: Recieving packet from Spooler of len 2
[09/05/22 15:39:26:0611519] [INFO   ]: Spooler requested update
[09/05/22 15:39:26:5873140] [DEBUG  ]: Recieving packet from Spooler of len 2
[09/05/22 15:39:26:5879358] [INFO   ]: Spooler requested update
[09/05/22 15:39:27:1127055] [DEBUG  ]: Recieving packet from Spooler of len 2
[09/05/22 15:39:27:1133370] [INFO   ]: Spooler requested update
[09/05/22 15:39:27:6376860] [DEBUG  ]: Recieving packet from Spooler of len 2
[09/05/22 15:39:27:6383507] [INFO   ]: Spooler requested update
[09/05/22 15:39:28:1632142] [DEBUG  ]: Recieving packet from Spooler of len 2
[09/05/22 15:39:28:1638678] [INFO   ]: Spooler requested update
[09/05/22 15:39:28:6877710] [DEBUG  ]: Recieving packet from Spooler of len 2
[09/05/22 15:39:28:6883995] [INFO   ]: Spooler requested update
[09/05/22 15:39:29:2141037] [DEBUG  ]: Recieving packet from Spooler of len 2
[09/05/22 15:39:29:2147483] [INFO   ]: Spooler requested update
[09/05/22 15:39:29:7403166] [DEBUG  ]: Recieving packet from Spooler of len 2
[09/05/22 15:39:29:7409530] [INFO   ]: Spooler requested update
[09/05/22 15:39:30:2660765] [DEBUG  ]: Recieving packet from Spooler of len 2
[09/05/22 15:39:30:2666928] [INFO   ]: Spooler requested update
[09/05/22 15:39:30:7922008] [DEBUG  ]: Recieving packet from Spooler of len 2
[09/05/22 15:39:30:7928492] [INFO   ]: Spooler requested update
[09/05/22 15:39:31:3167997] [DEBUG  ]: Recieving packet from Spooler of len 2
[09/05/22 15:39:31:3174794] [INFO   ]: Spooler requested update
[09/05/22 15:39:31:8430664] [DEBUG  ]: Recieving packet from Spooler of len 2
[09/05/22 15:39:31:8437066] [INFO   ]: Spooler requested update
[09/05/22 15:39:32:3692683] [DEBUG  ]: Recieving packet from Spooler of len 2
[09/05/22 15:39:32:3703489] [INFO   ]: Spooler requested update
[09/05/22 15:39:32:8957700] [DEBUG  ]: Recieving packet from Spooler of len 2
[09/05/22 15:39:32:8963986] [INFO   ]: Spooler requested update
[09/05/22 15:39:33:4217969] [DEBUG  ]: Recieving packet from Spooler of len 2
[09/05/22 15:39:33:4224584] [INFO   ]: Spooler requested update
[09/05/22 15:39:33:9483853] [DEBUG  ]: Recieving packet from Spooler of len 2
[09/05/22 15:39:33:9490355] [INFO   ]: Spooler requested update
[09/05/22 15:39:34:4741795] [DEBUG  ]: Recieving packet from Spooler of len 2
[09/05/22 15:39:34:4748058] [INFO   ]: Spooler requested update
[09/05/22 15:39:35:0005772] [DEBUG  ]: Recieving packet from Spooler of len 2
[09/05/22 15:39:35:0012591] [INFO   ]: S