[09/05/22 15:32:50:6680478] [INFO   ]: Logging started
[09/05/22 15:32:50:6789364] [INFO   ]: Starting Spooler receive
[09/05/22 15:32:56:0434955] [DEBUG  ]: Recieving packet from Spooler of len 2
[09/05/22 15:32:56:0439511] [INFO   ]: Spooler requested update
[09/05/22 15:32:56:3094888] [DEBUG  ]: Recieving packet from Spooler of len 2
[09/05/22 15:32:56:3097260] [INFO   ]: Spooler requested update
[09/05/22 15:32:56:4944330] [DEBUG  ]: Recieving packet from Spooler of len 2
[09/05/22 15:32:56:4946587] [INFO   ]: Spooler requested update
[09/05/22 15:32:56:6645879] [DEBUG  ]: Recieving packet from Spooler of len 2
[09/05/22 15:32:56:6648006] [INFO   ]: Spooler requested update
[09/05/22 15:32:56:8349289] [DEBUG  ]: Recieving packet from Spooler of len 2
[09/05/22 15:32:56:8351593] [INFO   ]: Spooler requested update
[09/05/22 15:32:57:0050116] [DEBUG  ]: Recieving packet from Spooler of len 2
[09/05/22 15:32:57:0052548] [INFO   ]: Spooler requested update
[09/05/22 15:32:57:1737854] [DEBUG  ]: Recieving packet from Spooler of len 2
[09/05/22 15:32:57:1740001] [INFO   ]: Spooler requested update
[09/05/22 15:32:57:3449112] [DEBUG  ]: Recieving packet from Spooler of len 2
[09/05/22 15:32:57:3451578] [INFO   ]: Spooler requested update
[09/05/22 15:32:57:5157337] [DEBUG  ]: Recieving packet from Spooler of len 2
[09/05/22 15:32:57:5159670] [INFO   ]: Spooler requested update
[09/05/22 15:32:57:6852792] [DEBUG  ]: Recieving packet from Spooler of len 2
[09/05/22 15:32:57:6855212] [INFO   ]: Spooler requested update
[09/05/22 15:32:57:8616972] [DEBUG  ]: Recieving packet from Spooler of len 2
[09/05/22 15:32:57:8619175] [INFO   ]: Spooler requested update
[09/05/22 15:32:58:0485648] [DEBUG  ]: Recieving packet from Spooler of len 2
[09/05/22 15:32:58:0488647] [INFO   ]: Spooler requested update
[09/05/22 15:32:58:2349985] [DEBUG  ]: Recieving packet from Spooler of len 2
[09/05/22 15:32:58:2352395] [INFO   ]: Spooler requested update
[09/05/22 15:32:58:4212669] [DEBUG  ]: Recieving packet from Spooler of len 2
[09/05/22 15:32:58:4220210] [INFO   ]: Spooler requested update
[09/05/22 15:32:58:6536540] [DEBUG  ]: Recieving packet from Spooler of len 2
[09/05/22 15:32:58:6543824] [INFO   ]: Spooler requested update
[09/05/22 15:32:58:9879657] [DEBUG  ]: Recieving packet from Spooler of len 2
[09/05/22 15:32:58:9886696] [INFO   ]: Spooler requested update
[09/05/22 15:32:59:2054441] [DEBUG  ]: Recieving packet from Spooler of len 2
[09/05/22 15:32:59:2067725] [INFO   ]: Spooler requested update
[09/05/22 15:32:59:4407417] [DEBUG  ]: Recieving packet from Spooler of len 2
[09/05/22 15:32:59:4415089] [INFO   ]: Spooler requested update
[09/05/22 15:32:59:7572145] [DEBUG  ]: Recieving packet from Spooler of len 2
[09/05/22 15:32:59:7581759] [INFO   ]: Spooler requested update
[09/05/22 15:32:59:9957172] [DEBUG  ]: Recieving packet from Spooler of len 2
[09/05/22 15:32:59:9964339] [INFO   ]: Spooler requested update
[09/05/22 15:33:00:2112939] [DEBUG  ]: Recieving packet from Spooler of len 2
[09/05/22 15:33:00:2119936] [INFO   ]: Spooler requested update
[09/05/22 15:33:00:4286190] [DEBUG  ]: Recieving packet from Spooler of len 2
[09/05/22 15:33:00:4293079] [INFO   ]: Spooler requested update
[09/05/22 15:33:00:6451174] [DEBUG  ]: Recieving packet from Spooler of len 2
[09/05/22 15:33:00:6458752] [INFO   ]: Spooler requested update
[09/05/22 15:33:00:8737828] [DEBUG  ]: Recieving packet from Spooler of len 2
[09/05/22 15:33:00:8754997] [INFO   ]: Spooler requested update
[09/05/22 15:33:01:1104116] [DEBUG  ]: Recieving packet from Spooler of len 2
[09/05/22 15:33:01:1111390] [INFO   ]: Spooler requested update
[09/05/22 15:33:01:3616494] [DEBUG  ]: Recieving packet from Spooler of len 2
[09/05/22 15:33:01:3624071] [INFO   ]: Spooler requested update
[09/05/22 15:33:01:5921442] [DEBUG  ]: Recieving packet from Spooler of len 2
[09/05/22 15:33:01:5930086] [INFO   ]: Spooler requested update
[09/05/22 15:33:01:8233902] [DEBUG  ]: Recieving packet from Spooler of len 2
[09/05/22 15:33:01:8241464] [INFO   ]: Spooler requested update
[09/05/22 15:33:02:0407602] [DEBUG  ]: Recieving packet from Spooler of len 2
[09/05/22 15:33:02:0415194] [INFO   ]: Spooler requested update
[09/05/22 15:33:02:2728188] [DEBUG  ]: Recieving packet from Spooler of len 2
[09/05/22 15:33:02:2740572] [INFO   ]: Spooler requested update
[09/05/22 15:33:02:5220252] [DEBUG  ]: Recieving packet from Spooler of len 2
[09/05/22 15:33:02:5227884] [INFO   ]: Spooler requested update
[09/05/22 15:33:02:7529700] [DEBUG  ]: Recieving packet from Spooler of len 2
[09/05/22 15:33:02:7538305] [INFO   ]: Spooler requested update
[09/05/22 15:33:02:9859006] [DEBUG  ]: Recieving packet from Spooler of len 2
[09/05/22 15:33:02:9866041] [INFO   ]: Spooler requested update
[09/05/22 15:33:03:2181627] [DEBUG  ]: Recieving packet from Spooler of len 2
[09/05/22 15:33:03:2189412] [INFO   ]: Spooler requested update
[09/05/22 15:33:03:4523863] [DEBUG  ]: Recieving packet from Spooler of len 2
[09/05/22 15:33:03:4532506] [INFO   ]: Spooler requested update
[09/05/22 15:33:03:6841708] [DEBUG  ]: Recieving packet from Spooler of len 2
[09/05/22 15:33:03:6849277] [INFO   ]: Spooler requested update
[09/05/22 15:33:03:9219159] [DEBUG  ]: Recieving packet from Spooler of len 2
[09/05/22 15:33:03:9228225] [INFO   ]: Spooler requested update
[09/05/22 15:33:04:1701647] [DEBUG  ]: Recieving packet from Spooler of len 2
[09/05/22 15:33:04:1716212] [INFO   ]: Spooler requested update
[09/05/22 15:33:04:4327613] [DEBUG  ]: Recieving packet from Spooler of len 2
[09/05/22 15:33:04:4335788] [INFO   ]: Spooler requested update
[09/05/22 15:33:04:6908656] [DEBUG  ]: Recieving packet from Spooler of len 2
[09/05/22 15:33:04:6916020] [INFO   ]: Spooler requested update
[09/05/22 15:33:04:9851869] [DEBUG  ]: Recieving packet from Spooler of len 2
[09/05/22 15:33:04:9859310] [INFO   ]: Spooler requested update
[09/05/22 15:33:05:2171856] [DEBUG  ]: Recieving packet from Spooler of len 2
[09/05/22 15:33:05:2178874] [INFO   ]: Spooler requested update
[09/05/22 15:33:05:4511152] [DEBUG  ]: Recieving packet from Spooler of len 2
[09/05/22 15:33:05:4518285] [INFO   ]: Spooler requested update
[09/05/22 15:33:05:6815894] [DEBUG  ]: Recieving packet from Spooler of len 2
[09/05/22 15:33:05:6824105] [INFO   ]: Spooler requested update
[09/05/22 15:33:05:9132104] [DEBUG  ]: Recieving packet from Spooler of len 2
[09/05/22 15:33:05:9139062] [INFO   ]: Spooler requested update
[09/05/22 15:33:06:1464374] [DEBUG  ]: Recieving packet from Spooler of len 2
[09/05/22 15:33:06:1471404] [INFO   ]: Spooler requested update
[09/05/22 15:33:06:3773839] [DEBUG  ]: Recieving packet from Spooler of len 2
[09/05/22 15:33:06:3780928] [INFO   ]: Spooler requested update
[09/05/22 15:33:06:6145306] [DEBUG  ]: Recieving packet from Spooler of len 2
[09/05/22 15:33:06:6156932] [INFO   ]: Spooler requested update
[09/05/22 15:33:06:8586282] [DEBUG  ]: Recieving packet from Spooler of len 2
[09/05/22 15:33:06:8593814] [INFO   ]: Spooler requested update
[09/05/22 15:33:07:0893315] [DEBUG  ]: Recieving packet from Spooler of len 2
[09/05/22 15:33:07:0900286] [INFO   ]: Spooler requested update
[09/05/22 15:33:07:3366173] [DEBUG  ]: Recieving packet from Spooler of len 2
[09/05/22 15:33:07:3373432] [INFO   ]: Spooler requested update
[09/05/22 15:33:07:5740279] [DEBUG  ]: Recieving packet from Spooler of len 2
[09/05/22 15:33:07:5751114] [INFO   ]: Spooler requested update
[09/05/22 15:33:07:8170036] [DEBUG  ]: Recieving packet from Spooler of len 2
[09/05/22 15:33:07:8177219] [INFO   ]: Spooler requested update
[09/05/22 15:33:08:0491202] [DEBUG  ]: Recieving packet from Spooler of len 2
[09/05/22 15:33:08:0498229] [INFO   ]: Spooler requested update
[09/05/22 15:33:08:2818717] [DEBUG  ]: Recieving packet from Spooler of len 2
[09/05/22 15:33:08:2827641] [INFO   ]: Spooler requested update
[09/05/22 15:33:08:5114588] [DEBUG  ]: Recieving packet from Spooler of len 2
[09/05/22 15:33:08:5121989] [INFO   ]: Spooler requested update
[09/05/22 15:33:08:7419544] [DEBUG  ]: Recieving packet from Spooler of len 2
[09/05/22 15:33:08:7427639] [INFO   ]: Spooler requested update
[09/05/22 15:33:08:9771885] [DEBUG  ]: Recieving packet from Spooler of len 2
[09/05/22 15:33:08:9779068] [INFO   ]: Spooler requested update
[09/05/22 15:33:09:2077717] [DEBUG  ]: Recieving packet from Spooler of len 2
[09/05/22 15:33:09:2085231] [INFO   ]: Spooler requested update
[09/05/22 15:33:09:4895561] [DEBUG  ]: Recieving packet from Spooler of len 2
[09/05/22 15:33:09:4902974] [INFO   ]: Spooler requested update
[09/05/22 15:33:09:7361966] [DEBUG  ]: Recieving packet from Spooler of len 2
[09/05/22 15:33:09:7373875] [INFO   ]: Spooler requested update
[09/05/22 15:33:09:9640335] [DEBUG  ]: Recieving packet from Spooler of len 2
[09/05/22 15:33:09:9647841] [INFO   ]: Spooler requested update
[09/05/22 15:33:10:1961288] [DEBUG  ]: Recieving packet from Spooler of len 2
[09/05/22 15:33:10:1969222] [INFO   ]: Spooler requested update
[09/05/22 15:33:10:4286761] [DEBUG  ]: Recieving packet from Spooler of len 2
[09/05/22 15:33:10:4294044] [INFO   ]: Spooler requested update
[09/05/22 15:33:10:6631457] [DEBUG  ]: Recieving packet from Spooler of len 2
[09/05/22 15:33:10:6638622] [INFO   ]: Spooler requested update
[09/05/22 15:33:10:8942761] [DEBUG  ]: Recieving packet from Spooler of len 2
[09/05/22 15:33:10:8955919] [INFO   ]: Spooler requested update
[09/05/22 15:33:11:1411749] [DEBUG  ]: Recieving packet from Spooler of len 2
[09/05/22 15:33:11:1419256] [INFO   ]: Spooler requested update
[09/05/22 15:33:11:4180674] [DEBUG  ]: Recieving packet from Spooler of len 2
[09/05/22 15:33:11:4187918] [INFO   ]: Spooler requested update
[09/05/22 15:33:11:6347122] [DEBUG  ]: Recieving packet from Spooler of len 2
[09/05/22 15:33:11:6354107] [INFO   ]: Spooler requested update
[09/05/22 15:33:11:8512515] [DEBUG  ]: Recieving packet from Spooler of len 2
[09/05/22 15:33:11:8519668] [INFO   ]: Spooler requested update
[09/05/22 15:33:12:0844136] [DEBUG  ]: Recieving packet from Spooler of len 2
[09/05/22 15:33:12:0851695] [INFO   ]: Spooler requested update
[09/05/22 15:33:12:3003651] [DEBUG  ]: Recieving packet from Spooler of len 2
[09/05/22 15:33:12:3010724] [INFO   ]: Spooler requested update
[09/05/22 15:33:12:5173761] [DEBUG  ]: Recieving packet from Spooler of len 2
[09/05/22 15:33:12:5180877] [INFO   ]: Spooler requested update
[09/05/22 15:33:12:7346120] [DEBUG  ]: Recieving packet from Spooler of len 2
[09/05/22 15:33:12:7353311] [INFO   ]: Spooler requested update
[09/05/22 15:33:12:9501783] [DEBUG  ]: Recieving packet from Spooler of len 2
[09/05/22 15:33:12:9512952] [INFO   ]: Spooler requested update
[09/05/22 15:33:13:1831027] [DEBUG  ]: Recieving packet from Spooler of len 2
[09/05/22 15:33:13:1838679] [INFO   ]: Spooler requested update
[09/05/22 15:33:13:3996974] [DEBUG  ]: Recieving packet from Spooler of len 2
[09/05/22 15:33:13:4004121] [INFO   ]: Spooler requested update
[09/05/22 15:33:13:6163864] [DEBUG  ]: Recieving packet from Spooler of len 2
[09/05/22 15:33:13:6170976] [INFO   ]: Spooler requested update
[09/05/22 15:33:13:8332575] [DEBUG  ]: Recieving packet from Spooler of len 2
[09/05/22 15:33:13:8339563] [INFO   ]: Spooler requested update
[09/05/22 15:33:14:0507335] [DEBUG  ]: Recieving packet from Spooler of len 2
[09/05/22 15:33:14:0515298] [INFO   ]: Spooler requested update
[09/05/22 15:33:14:2679724] [DEBUG  ]: Recieving packet from Spooler of len 2
[09/05/22 15:33:14:2686638] [INFO   ]: Spooler requested update
[09/05/22 15:33:14:4857881] [DEBUG  ]: Recieving packet from Spooler of len 2
[09/05/22 15:33:14:4869524] [INFO   ]: Spooler requested update
[09/05/22 15:33:14:7278884] [DEBUG  ]: Recieving packet from Spooler of len 2
[09/05/22 15:33:14:7292203] [INFO   ]: Spooler requested update
[09/05/22 15:33:14:9646629] [DEBUG  ]: Recieving packet from Spooler of len 2
[09/05/22 15:33:14:9653665] [INFO   ]: Spooler requested update
[09/05/22 15:33:15:1990855] [DEBUG  ]: Recieving packet from Spooler of