[09/05/22 15:32:50:4581649] [INFO   ]: Logging started
[09/05/22 15:32:50:4692491] [INFO   ]: Starting Spooler receive
[09/05/22 15:32:56:0387340] [DEBUG  ]: Recieving packet from Spooler of len 2
[09/05/22 15:32:56:0393756] [INFO   ]: Spooler requested update
[09/05/22 15:32:56:3084824] [DEBUG  ]: Recieving packet from Spooler of len 2
[09/05/22 15:32:56:3087375] [INFO   ]: Spooler requested update
[09/05/22 15:32:56:4935871] [DEBUG  ]: Recieving packet from Spooler of len 2
[09/05/22 15:32:56:4938780] [INFO   ]: Spooler requested update
[09/05/22 15:32:56:6637525] [DEBUG  ]: Recieving packet from Spooler of len 2
[09/05/22 15:32:56:6640301] [INFO   ]: Spooler requested update
[09/05/22 15:32:56:8340440] [DEBUG  ]: Recieving packet from Spooler of len 2
[09/05/22 15:32:56:8343341] [INFO   ]: Spooler requested update
[09/05/22 15:32:57:0040316] [DEBUG  ]: Recieving packet from Spooler of len 2
[09/05/22 15:32:57:0043358] [INFO   ]: Spooler requested update
[09/05/22 15:32:57:1730047] [DEBUG  ]: Recieving packet from Spooler of len 2
[09/05/22 15:32:57:1732462] [INFO   ]: Spooler requested update
[09/05/22 15:32:57:3440100] [DEBUG  ]: Recieving packet from Spooler of len 2
[09/05/22 15:32:57:3443039] [INFO   ]: Spooler requested update
[09/05/22 15:32:57:5148737] [DEBUG  ]: Recieving packet from Spooler of len 2
[09/05/22 15:32:57:5151487] [INFO   ]: Spooler requested update
[09/05/22 15:32:57:6844234] [DEBUG  ]: Recieving packet from Spooler of len 2
[09/05/22 15:32:57:6846764] [INFO   ]: Spooler requested update
[09/05/22 15:32:57:8606663] [DEBUG  ]: Recieving packet from Spooler of len 2
[09/05/22 15:32:57:8610592] [INFO   ]: Spooler requested update
[09/05/22 15:32:58:0477599] [DEBUG  ]: Recieving packet from Spooler of len 2
[09/05/22 15:32:58:0480086] [INFO   ]: Spooler requested update
[09/05/22 15:32:58:2340345] [DEBUG  ]: Recieving packet from Spooler of len 2
[09/05/22 15:32:58:2342997] [INFO   ]: Spooler requested update
[09/05/22 15:32:58:4183129] [DEBUG  ]: Recieving packet from Spooler of len 2
[09/05/22 15:32:58:4193612] [INFO   ]: Spooler requested update
[09/05/22 15:32:58:6502615] [DEBUG  ]: Recieving packet from Spooler of len 2
[09/05/22 15:32:58:6514706] [INFO   ]: Spooler requested update
[09/05/22 15:32:58:9856216] [DEBUG  ]: Recieving packet from Spooler of len 2
[09/05/22 15:32:58:9864004] [INFO   ]: Spooler requested update
[09/05/22 15:32:59:2030912] [DEBUG  ]: Recieving packet from Spooler of len 2
[09/05/22 15:32:59:2038347] [INFO   ]: Spooler requested update
[09/05/22 15:32:59:4379007] [DEBUG  ]: Recieving packet from Spooler of len 2
[09/05/22 15:32:59:4388204] [INFO   ]: Spooler requested update
[09/05/22 15:32:59:7524783] [DEBUG  ]: Recieving packet from Spooler of len 2
[09/05/22 15:32:59:7541990] [INFO   ]: Spooler requested update
[09/05/22 15:32:59:9932541] [DEBUG  ]: Recieving packet from Spooler of len 2
[09/05/22 15:32:59:9941015] [INFO   ]: Spooler requested update
[09/05/22 15:33:00:2089780] [DEBUG  ]: Recieving packet from Spooler of len 2
[09/05/22 15:33:00:2096949] [INFO   ]: Spooler requested update
[09/05/22 15:33:00:4262283] [DEBUG  ]: Recieving packet from Spooler of len 2
[09/05/22 15:33:00:4269668] [INFO   ]: Spooler requested update
[09/05/22 15:33:00:6427444] [DEBUG  ]: Recieving packet from Spooler of len 2
[09/05/22 15:33:00:6434965] [INFO   ]: Spooler requested update
[09/05/22 15:33:00:8694316] [DEBUG  ]: Recieving packet from Spooler of len 2
[09/05/22 15:33:00:8710583] [INFO   ]: Spooler requested update
[09/05/22 15:33:01:1073418] [DEBUG  ]: Recieving packet from Spooler of len 2
[09/05/22 15:33:01:1081205] [INFO   ]: Spooler requested update
[09/05/22 15:33:01:3576122] [DEBUG  ]: Recieving packet from Spooler of len 2
[09/05/22 15:33:01:3587007] [INFO   ]: Spooler requested update
[09/05/22 15:33:01:5896696] [DEBUG  ]: Recieving packet from Spooler of len 2
[09/05/22 15:33:01:5905028] [INFO   ]: Spooler requested update
[09/05/22 15:33:01:8209165] [DEBUG  ]: Recieving packet from Spooler of len 2
[09/05/22 15:33:01:8217590] [INFO   ]: Spooler requested update
[09/05/22 15:33:02:0381933] [DEBUG  ]: Recieving packet from Spooler of len 2
[09/05/22 15:33:02:0390159] [INFO   ]: Spooler requested update
[09/05/22 15:33:02:2701809] [DEBUG  ]: Recieving packet from Spooler of len 2
[09/05/22 15:33:02:2710162] [INFO   ]: Spooler requested update
[09/05/22 15:33:02:5195841] [DEBUG  ]: Recieving packet from Spooler of len 2
[09/05/22 15:33:02:5203501] [INFO   ]: Spooler requested update
[09/05/22 15:33:02:7505375] [DEBUG  ]: Recieving packet from Spooler of len 2
[09/05/22 15:33:02:7513755] [INFO   ]: Spooler requested update
[09/05/22 15:33:02:9835577] [DEBUG  ]: Recieving packet from Spooler of len 2
[09/05/22 15:33:02:9843019] [INFO   ]: Spooler requested update
[09/05/22 15:33:03:2158345] [DEBUG  ]: Recieving packet from Spooler of len 2
[09/05/22 15:33:03:2166340] [INFO   ]: Spooler requested update
[09/05/22 15:33:03:4494875] [DEBUG  ]: Recieving packet from Spooler of len 2
[09/05/22 15:33:03:4503553] [INFO   ]: Spooler requested update
[09/05/22 15:33:03:6817231] [DEBUG  ]: Recieving packet from Spooler of len 2
[09/05/22 15:33:03:6824772] [INFO   ]: Spooler requested update
[09/05/22 15:33:03:9190881] [DEBUG  ]: Recieving packet from Spooler of len 2
[09/05/22 15:33:03:9198562] [INFO   ]: Spooler requested update
[09/05/22 15:33:04:1671309] [DEBUG  ]: Recieving packet from Spooler of len 2
[09/05/22 15:33:04:1682326] [INFO   ]: Spooler requested update
[09/05/22 15:33:04:4296420] [DEBUG  ]: Recieving packet from Spooler of len 2
[09/05/22 15:33:04:4304450] [INFO   ]: Spooler requested update
[09/05/22 15:33:04:6884518] [DEBUG  ]: Recieving packet from Spooler of len 2
[09/05/22 15:33:04:6893318] [INFO   ]: Spooler requested update
[09/05/22 15:33:04:9828372] [DEBUG  ]: Recieving packet from Spooler of len 2
[09/05/22 15:33:04:9835838] [INFO   ]: Spooler requested update
[09/05/22 15:33:05:2149375] [DEBUG  ]: Recieving packet from Spooler of len 2
[09/05/22 15:33:05:2156665] [INFO   ]: Spooler requested update
[09/05/22 15:33:05:4487726] [DEBUG  ]: Recieving packet from Spooler of len 2
[09/05/22 15:33:05:4495827] [INFO   ]: Spooler requested update
[09/05/22 15:33:05:6792597] [DEBUG  ]: Recieving packet from Spooler of len 2
[09/05/22 15:33:05:6800229] [INFO   ]: Spooler requested update
[09/05/22 15:33:05:9109676] [DEBUG  ]: Recieving packet from Spooler of len 2
[09/05/22 15:33:05:9116881] [INFO   ]: Spooler requested update
[09/05/22 15:33:06:1440836] [DEBUG  ]: Recieving packet from Spooler of len 2
[09/05/22 15:33:06:1448536] [INFO   ]: Spooler requested update
[09/05/22 15:33:06:3751764] [DEBUG  ]: Recieving packet from Spooler of len 2
[09/05/22 15:33:06:3758817] [INFO   ]: Spooler requested update
[09/05/22 15:33:06:6119927] [DEBUG  ]: Recieving packet from Spooler of len 2
[09/05/22 15:33:06:6129495] [INFO   ]: Spooler requested update
[09/05/22 15:33:06:8561219] [DEBUG  ]: Recieving packet from Spooler of len 2
[09/05/22 15:33:06:8570433] [INFO   ]: Spooler requested update
[09/05/22 15:33:07:0868166] [DEBUG  ]: Recieving packet from Spooler of len 2
[09/05/22 15:33:07:0875661] [INFO   ]: Spooler requested update
[09/05/22 15:33:07:3342320] [DEBUG  ]: Recieving packet from Spooler of len 2
[09/05/22 15:33:07:3351370] [INFO   ]: Spooler requested update
[09/05/22 15:33:07:5713822] [DEBUG  ]: Recieving packet from Spooler of len 2
[09/05/22 15:33:07:5721695] [INFO   ]: Spooler requested update
[09/05/22 15:33:07:8147979] [DEBUG  ]: Recieving packet from Spooler of len 2
[09/05/22 15:33:07:8155093] [INFO   ]: Spooler requested update
[09/05/22 15:33:08:0461754] [DEBUG  ]: Recieving packet from Spooler of len 2
[09/05/22 15:33:08:0474465] [INFO   ]: Spooler requested update
[09/05/22 15:33:08:2789203] [DEBUG  ]: Recieving packet from Spooler of len 2
[09/05/22 15:33:08:2798969] [INFO   ]: Spooler requested update
[09/05/22 15:33:08:5090798] [DEBUG  ]: Recieving packet from Spooler of len 2
[09/05/22 15:33:08:5098397] [INFO   ]: Spooler requested update
[09/05/22 15:33:08:7395979] [DEBUG  ]: Recieving packet from Spooler of len 2
[09/05/22 15:33:08:7403401] [INFO   ]: Spooler requested update
[09/05/22 15:33:08:9744006] [DEBUG  ]: Recieving packet from Spooler of len 2
[09/05/22 15:33:08:9751539] [INFO   ]: Spooler requested update
[09/05/22 15:33:09:2050920] [DEBUG  ]: Recieving packet from Spooler of len 2
[09/05/22 15:33:09:2058264] [INFO   ]: Spooler requested update
[09/05/22 15:33:09:4868939] [DEBUG  ]: Recieving packet from Spooler of len 2
[09/05/22 15:33:09:4876845] [INFO   ]: Spooler requested update
[09/05/22 15:33:09:7337013] [DEBUG  ]: Recieving packet from Spooler of len 2
[09/05/22 15:33:09:7344283] [INFO   ]: Spooler requested update
[09/05/22 15:33:09:9615891] [DEBUG  ]: Recieving packet from Spooler of len 2
[09/05/22 15:33:09:9623431] [INFO   ]: Spooler requested update
[09/05/22 15:33:10:1938655] [DEBUG  ]: Recieving packet from Spooler of len 2
[09/05/22 15:33:10:1945963] [INFO   ]: Spooler requested update
[09/05/22 15:33:10:4264645] [DEBUG  ]: Recieving packet from Spooler of len 2
[09/05/22 15:33:10:4271937] [INFO   ]: Spooler requested update
[09/05/22 15:33:10:6605174] [DEBUG  ]: Recieving packet from Spooler of len 2
[09/05/22 15:33:10:6612480] [INFO   ]: Spooler requested update
[09/05/22 15:33:10:8918995] [DEBUG  ]: Recieving packet from Spooler of len 2
[09/05/22 15:33:10:8927280] [INFO   ]: Spooler requested update
[09/05/22 15:33:11:1387170] [DEBUG  ]: Recieving packet from Spooler of len 2
[09/05/22 15:33:11:1394470] [INFO   ]: Spooler requested update
[09/05/22 15:33:11:4150225] [DEBUG  ]: Recieving packet from Spooler of len 2
[09/05/22 15:33:11:4165463] [INFO   ]: Spooler requested update
[09/05/22 15:33:11:6320311] [DEBUG  ]: Recieving packet from Spooler of len 2
[09/05/22 15:33:11:6331691] [INFO   ]: Spooler requested update
[09/05/22 15:33:11:8488171] [DEBUG  ]: Recieving packet from Spooler of len 2
[09/05/22 15:33:11:8495591] [INFO   ]: Spooler requested update
[09/05/22 15:33:12:0821736] [DEBUG  ]: Recieving packet from Spooler of len 2
[09/05/22 15:33:12:0828954] [INFO   ]: Spooler requested update
[09/05/22 15:33:12:2979227] [DEBUG  ]: Recieving packet from Spooler of len 2
[09/05/22 15:33:12:2988043] [INFO   ]: Spooler requested update
[09/05/22 15:33:12:5150302] [DEBUG  ]: Recieving packet from Spooler of len 2
[09/05/22 15:33:12:5157448] [INFO   ]: Spooler requested update
[09/05/22 15:33:12:7323199] [DEBUG  ]: Recieving packet from Spooler of len 2
[09/05/22 15:33:12:7330426] [INFO   ]: Spooler requested update
[09/05/22 15:33:12:9478063] [DEBUG  ]: Recieving packet from Spooler of len 2
[09/05/22 15:33:12:9485532] [INFO   ]: Spooler requested update
[09/05/22 15:33:13:1803365] [DEBUG  ]: Recieving packet from Spooler of len 2
[09/05/22 15:33:13:1815005] [INFO   ]: Spooler requested update
[09/05/22 15:33:13:3968362] [DEBUG  ]: Recieving packet from Spooler of len 2
[09/05/22 15:33:13:3978572] [INFO   ]: Spooler requested update
[09/05/22 15:33:13:6140259] [DEBUG  ]: Recieving packet from Spooler of len 2
[09/05/22 15:33:13:6147956] [INFO   ]: Spooler requested update
[09/05/22 15:33:13:8309730] [DEBUG  ]: Recieving packet from Spooler of len 2
[09/05/22 15:33:13:8316886] [INFO   ]: Spooler requested update
[09/05/22 15:33:14:0481416] [DEBUG  ]: Recieving packet from Spooler of len 2
[09/05/22 15:33:14:0490784] [INFO   ]: Spooler requested update
[09/05/22 15:33:14:2652530] [DEBUG  ]: Recieving packet from Spooler of len 2
[09/05/22 15:33:14:2660109] [INFO   ]: Spooler requested update
[09/05/22 15:33:14:4828876] [DEBUG  ]: Recieving packet from Spooler of len 2
[09/05/22 15:33:14:4836633] [INFO   ]: Spooler requested update
[09/05/22 15:33:14:7241905] [DEBUG  ]: Recieving packet from Spooler of len 2
[09/05/22 15:33:14:7253923] [INFO   ]: Spooler requested update
[09/05/22 15:33:14:9623144] [DEBUG  ]: Recieving packet from Spooler of len 2
[09/05/22 15:33:14:9631267] [INFO   ]: Spooler requested update
[09/05/22 15:33:15:1962823] [DEBUG  ]: Recieving packet from Spooler of