[09/05/22 15:48:02:1478123] [INFO   ]: Logging started
[09/05/22 15:48:02:1699364] [INFO   ]: Starting load balancer
[09/05/22 15:48:02:2069009] [INFO   ]: Waiting for load balancer response
[09/05/22 15:48:02:2076309] [INFO   ]: Accepting client
[09/05/22 15:48:02:2078687] [DEBUG  ]: Listener socket does not exist, creating
[09/05/22 15:48:02:2123544] [INFO   ]: Accepting connection
[09/05/22 15:48:02:3033696] [INFO   ]: Connection established
[09/05/22 15:48:02:3038666] [INFO   ]: Connected in 0ms
[09/05/22 15:48:02:3041032] [INFO   ]: Communicating with Load Balancer
[09/05/22 15:48:02:3071988] [INFO   ]: Communicating with Lobbies
[09/05/22 15:48:02:3164177] [INFO   ]: Accepting client
[09/05/22 15:48:02:3166193] [INFO   ]: Accepting connection
[09/05/22 15:48:02:4119289] [INFO   ]: Connection established
[09/05/22 15:48:02:4200164] [INFO   ]: Accepting client
[09/05/22 15:48:02:4202285] [INFO   ]: Accepting connection
[09/05/22 15:48:02:5204593] [INFO   ]: Connection established
[09/05/22 15:48:02:5283807] [INFO   ]: Accepting client
[09/05/22 15:48:02:5285562] [INFO   ]: Accepting connection
[09/05/22 15:48:02:6133720] [INFO   ]: Connection established
[09/05/22 15:48:02:6220298] [INFO   ]: Accepting client
[09/05/22 15:48:02:6222030] [INFO   ]: Accepting connection
[09/05/22 15:48:02:7062468] [INFO   ]: Connection established
[09/05/22 15:48:02:7148430] [INFO   ]: Accepting client
[09/05/22 15:48:02:7150305] [INFO   ]: Accepting connection
[09/05/22 15:48:02:8147337] [INFO   ]: Connection established
[09/05/22 15:48:02:8240819] [INFO   ]: Accepting client
[09/05/22 15:48:02:8243493] [INFO   ]: Accepting connection
[09/05/22 15:48:02:9231363] [INFO   ]: Connection established
[09/05/22 15:48:02:9313266] [INFO   ]: Accepting client
[09/05/22 15:48:02:9315705] [INFO   ]: Accepting connection
[09/05/22 15:48:03:0161466] [INFO   ]: Connection established
[09/05/22 15:48:03:0244386] [INFO   ]: Accepting client
[09/05/22 15:48:03:0246423] [INFO   ]: Accepting connection
[09/05/22 15:48:03:1086711] [INFO   ]: Connection established
[09/05/22 15:48:03:1170068] [INFO   ]: Accepting client
[09/05/22 15:48:03:1171854] [INFO   ]: Accepting connection
[09/05/22 15:48:03:2016743] [INFO   ]: Connection established
[09/05/22 15:48:03:2096292] [INFO   ]: Accepting client
[09/05/22 15:48:03:2098338] [INFO   ]: Accepting connection
[09/05/22 15:48:03:2940538] [INFO   ]: Connection established
[09/05/22 15:48:03:3019018] [INFO   ]: Accepting client
[09/05/22 15:48:03:3021149] [INFO   ]: Accepting connection
[09/05/22 15:48:03:3867498] [INFO   ]: Connection established
[09/05/22 15:48:03:3946837] [INFO   ]: Accepting client
[09/05/22 15:48:03:3948784] [INFO   ]: Accepting connection
[09/05/22 15:48:03:4794617] [INFO   ]: Connection established
[09/05/22 15:48:03:4878312] [INFO   ]: Accepting client
[09/05/22 15:48:03:4880309] [INFO   ]: Accepting connection
[09/05/22 15:48:03:5723963] [INFO   ]: Connection established
[09/05/22 15:48:03:5805259] [INFO   ]: Accepting client
[09/05/22 15:48:03:5806984] [INFO   ]: Accepting connection
[09/05/22 15:48:03:6654129] [INFO   ]: Connection established
[09/05/22 15:48:03:6732917] [INFO   ]: Accepting client
[09/05/22 15:48:03:6734713] [INFO   ]: Accepting connection
[09/05/22 15:48:03:7582027] [INFO   ]: Connection established
[09/05/22 15:48:03:7748437] [INFO   ]: Accepting client
[09/05/22 15:48:03:7750272] [INFO   ]: Accepting connection
[09/05/22 15:48:03:8667171] [INFO   ]: Connection established
[09/05/22 15:48:03:8746970] [INFO   ]: Accepting client
[09/05/22 15:48:03:8748799] [INFO   ]: Accepting connection
[09/05/22 15:48:03:9596710] [INFO   ]: Connection established
[09/05/22 15:48:03:9677175] [INFO   ]: Accepting client
[09/05/22 15:48:03:9678864] [INFO   ]: Accepting connection
[09/05/22 15:48:04:0526957] [INFO   ]: Connection established
[09/05/22 15:48:04:0609407] [INFO   ]: Accepting client
[09/05/22 15:48:04:0611023] [INFO   ]: Accepting connection
[09/05/22 15:48:04:1456874] [INFO   ]: Connection established
[09/05/22 15:48:04:1536281] [INFO   ]: Accepting client
[09/05/22 15:48:04:1537973] [INFO   ]: Accepting connection
[09/05/22 15:48:04:2386810] [INFO   ]: Connection established
[09/05/22 15:48:04:2474992] [INFO   ]: Accepting client
[09/05/22 15:48:04:2476709] [INFO   ]: Accepting connection
[09/05/22 15:48:04:3317142] [INFO   ]: Connection established
[09/05/22 15:48:04:3398699] [INFO   ]: Accepting client
[09/05/22 15:48:04:3400313] [INFO   ]: Accepting connection
[09/05/22 15:48:04:4246930] [INFO   ]: Connection established
[09/05/22 15:48:04:4328934] [INFO   ]: Accepting client
[09/05/22 15:48:04:4330592] [INFO   ]: Accepting connection
[09/05/22 15:48:04:5177055] [INFO   ]: Connection established
[09/05/22 15:48:04:5267780] [INFO   ]: Accepting client
[09/05/22 15:48:04:5269835] [INFO   ]: Accepting connection
[09/05/22 15:48:04:6107089] [INFO   ]: Connection established
[09/05/22 15:48:04:6189196] [INFO   ]: Accepting client
[09/05/22 15:48:04:6190906] [INFO   ]: Accepting connection
[09/05/22 15:48:04:7036652] [INFO   ]: Connection established
[09/05/22 15:48:04:7124055] [INFO   ]: Accepting client
[09/05/22 15:48:04:7126067] [INFO   ]: Accepting connection
[09/05/22 15:48:04:8121861] [INFO   ]: Connection established
[09/05/22 15:48:04:8205135] [INFO   ]: Accepting client
[09/05/22 15:48:04:8206863] [INFO   ]: Accepting connection
[09/05/22 15:48:04:9051834] [INFO   ]: Connection established
[09/05/22 15:48:04:9133137] [INFO   ]: Accepting client
[09/05/22 15:48:04:9134802] [INFO   ]: Accepting connection
[09/05/22 15:48:04:9981849] [INFO   ]: Connection established
[09/05/22 15:48:05:0069208] [INFO   ]: Accepting client
[09/05/22 15:48:05:0070978] [INFO   ]: Accepting connection
[09/05/22 15:48:05:1066814] [INFO   ]: Connection established
[09/05/22 15:48:05:1151270] [INFO   ]: Accepting client
[09/05/22 15:48:05:1152972] [INFO   ]: Accepting connection
[09/05/22 15:48:05:1996898] [INFO   ]: Connection established
[09/05/22 15:48:05:2076758] [INFO   ]: Accepting client
[09/05/22 15:48:05:2078237] [INFO   ]: Accepting connection
[09/05/22 15:48:05:2926891] [INFO   ]: Connection established
[09/05/22 15:48:05:3009617] [INFO   ]: Accepting client
[09/05/22 15:48:05:3011166] [INFO   ]: Accepting connection
[09/05/22 15:48:25:3206347] [INFO   ]: Accepting client
[09/05/22 15:48:25:3208172] [INFO   ]: Accepting connection
[09/05/22 15:48:45:3356701] [INFO   ]: Accepting client
[09/05/22 15:48:45:3358681] [INFO   ]: Accepting connection
[09/05/22 15:48:59:1431196] [INFO   ]: Escape key pressed
[09/05/22 15:48:59:1434144] [INFO   ]: Shutting down network
[09/05/22 15:48:59:1435870] [INFO   ]: Giving time for graceful shutdown
[09/05/22 15:49:00:1588130] [INFO   ]: Terminating processes
[09/05/22 15:49:00:1596386] [WARNING]: Shutting down logging
