[09/05/22 14:27:29:0796037] [INFO   ]: Logging started
[09/05/22 14:27:29:2005849] [INFO   ]: Starting load balancer
[09/05/22 14:27:29:3241178] [INFO   ]: Waiting for load balancer response
[09/05/22 14:27:29:3278396] [INFO   ]: Accepting client
[09/05/22 14:27:29:3286931] [DEBUG  ]: Listener socket does not exist, creating
[09/05/22 14:27:29:3449952] [INFO   ]: Accepting connection
[09/05/22 14:27:29:6275152] [INFO   ]: Connection established
[09/05/22 14:27:29:6285089] [INFO   ]: Connected in 0ms
[09/05/22 14:27:29:6290127] [INFO   ]: Press Ctrl-C to exit
[09/05/22 14:27:29:6294277] [INFO   ]: Communicating with Load Balancer
[09/05/22 14:27:29:6379769] [INFO   ]: Communicating with Lobbies
[09/05/22 14:27:29:7156505] [INFO   ]: Accepting client
[09/05/22 14:27:29:7254185] [INFO   ]: Accepting connection
[09/05/22 14:27:29:9935375] [INFO   ]: Connection established
[09/05/22 14:27:30:0198345] [INFO   ]: Accepting client
[09/05/22 14:27:30:0203052] [INFO   ]: Accepting connection
[09/05/22 14:27:30:3006241] [INFO   ]: Connection established
[09/05/22 14:27:30:3358568] [INFO   ]: Accepting client
[09/05/22 14:27:30:3366555] [INFO   ]: Accepting connection
[09/05/22 14:27:30:7037619] [INFO   ]: Connection established
[09/05/22 14:27:30:7361164] [INFO   ]: Accepting client
[09/05/22 14:27:30:7366573] [INFO   ]: Accepting connection
[09/05/22 14:27:31:0037559] [INFO   ]: Connection established
[09/05/22 14:27:31:0512435] [INFO   ]: Accepting client
[09/05/22 14:27:31:0527852] [INFO   ]: Accepting connection
[09/05/22 14:27:31:4037756] [INFO   ]: Connection established
[09/05/22 14:27:31:4109643] [INFO   ]: ----------INFO START----------
[09/05/22 14:27:31:4127119] [INFO   ]: Server Spooler:
[09/05/22 14:27:31:4133083] [INFO   ]:  | IP: 127.0.0.1:5105
[09/05/22 14:27:31:4141178] [INFO   ]: Load Balancer [0ms]:
[09/05/22 14:27:31:4146343] [INFO   ]:  | IP: 127.0.0.1:7107
[09/05/22 14:27:31:4152857] [INFO   ]:  | Queue Length: 0
[09/05/22 14:27:31:4158809] [INFO   ]: Lobby Servers [1ms]: 
[09/05/22 14:27:31:4177279] [INFO   ]:  | Lobby Server [0] [0ms]: 
[09/05/22 14:27:31:4184884] [INFO   ]:  | | IP: 127.0.0.1:10123
[09/05/22 14:27:31:4222948] [INFO   ]:  | | Fill Level: 0
[09/05/22 14:27:31:4240035] [INFO   ]:  | Lobby Server [1] [0ms]: 
[09/05/22 14:27:31:4251578] [INFO   ]:  | | IP: 127.0.0.1:10124
[09/05/22 14:27:31:4271104] [INFO   ]:  | | Fill Level: 0
[09/05/22 14:27:31:4289376] [INFO   ]:  | Lobby Server [2] [0ms]: 
[09/05/22 14:27:31:4297857] [INFO   ]:  | | IP: 127.0.0.1:10125
[09/05/22 14:27:31:4304879] [INFO   ]:  | | Fill Level: 0
[09/05/22 14:27:31:4310515] [INFO   ]:  | Lobby Server [3] [0ms]: 
[09/05/22 14:27:31:4332360] [INFO   ]:  | | IP: 127.0.0.1:10126
[09/05/22 14:27:31:4343403] [INFO   ]:  | | Fill Level: 0
[09/05/22 14:27:31:4361870] [INFO   ]:  | Lobby Server [4] [0ms]: 
[09/05/22 14:27:31:4387387] [INFO   ]:  | | IP: 127.0.0.1:10127
[09/05/22 14:27:31:4402233] [INFO   ]:  | | Fill Level: 0
[09/05/22 14:27:31:4412945] [INFO   ]: ----------INFO ENDS----------
[09/05/22 14:27:35:4469570] [INFO   ]: Communicating with Load Balancer
[09/05/22 14:27:35:4597394] [INFO   ]: Communicating with Lobbies
[09/05/22 14:27:35:4642497] [ERROR  ]: Error in main transcieve loop
[09/05/22 14:27:35:5636068] [ERROR  ]: System.Net.Sockets.SocketException (10054): An existing connection was forcibly closed by the remote host.
   at System.Net.Sockets.Socket.Send(Byte[] buffer)
   at ServerSpooler.Transciever.LobbyServersTranscieve() in C:\Users\rober\Documents\Projects\Scalable-Game-Servers\Server-Spooler\Transciever.cs:line 41
   at ServerSpooler.Program.Main(String[] args) in C:\Users\rober\Documents\Projects\Scalable-Game-Servers\Server-Spooler\Program.cs:line 73
[09/05/22 14:27:35:5677603] [INFO   ]: Shutting down network
[09/05/22 14:27:35:5705065] [INFO   ]: Giving time for graceful shutdown
[09/05/22 14:27:36:5870526] [INFO   ]: Terminating processes
[09/05/22 14:27:36:5943969] [WARNING]: Shutting down logging
